251 250 249 248 247 246 245 244 243 242 241 240 239 240 239 238 237 238 239 238 239 240 239 240 241 242 243 
250 249 248 247 246 245 244 243 242 241 240 239 238 -1 238 237 236 237 238 237 238 239 238 239 240 241 242 
249 248 247 -1 245 244 243 242 241 240 239 238 237 236 237 236 235 236 237 236 237 238 237 238 239 240 241 
248 247 246 245 244 243 242 241 240 239 238 237 236 235 236 235 234 235 236 235 236 -1 236 237 238 239 240 
247 246 245 244 243 242 241 240 239 238 237 236 -1 234 235 234 233 234 235 234 235 234 235 236 237 238 239 
246 245 244 243 242 241 240 239 238 237 236 235 234 233 234 233 232 233 234 233 234 233 -1 235 236 237 238 
245 244 243 242 241 240 239 238 237 236 235 234 233 232 233 232 231 232 233 232 233 232 233 234 235 236 237 
244 243 242 241 240 239 238 237 236 235 234 233 232 231 232 231 230 231 232 231 232 231 232 -1 234 235 236 
243 242 241 240 239 238 237 236 235 234 233 232 231 230 231 230 229 230 231 230 231 230 231 232 233 234 235 
242 241 240 239 238 237 236 235 234 233 232 231 230 229 230 229 228 229 230 229 230 229 230 231 232 233 234 
241 240 239 238 237 236 235 234 233 232 231 230 229 228 229 228 227 228 229 228 229 228 229 230 231 232 233 
240 239 238 237 236 235 234 233 232 231 230 229 228 227 228 227 226 227 228 227 228 227 228 229 -1 231 232 
239 238 237 236 235 234 233 232 231 230 229 228 227 226 227 226 225 226 227 226 227 226 227 228 229 230 231 
238 237 236 235 234 233 232 231 230 229 228 227 226 225 226 225 224 225 226 225 226 225 226 227 228 229 230 
237 236 235 234 233 232 231 230 229 228 227 226 225 224 225 224 223 224 225 224 225 224 225 226 227 228 229 
236 235 234 233 232 231 230 229 228 227 226 225 224 223 224 223 222 223 224 223 224 223 224 225 226 227 228 
235 234 233 232 231 230 229 228 227 226 225 224 223 222 -1 222 221 222 223 222 223 222 223 224 225 226 227 
234 233 232 231 230 229 228 -1 226 225 224 223 222 221 222 221 220 221 222 221 222 221 222 223 224 225 226 
233 232 231 230 229 228 227 226 225 224 -1 222 221 220 221 220 219 220 221 220 221 220 221 222 223 224 225 
232 231 230 229 228 227 226 225 224 223 222 -1 220 219 -1 219 218 219 220 219 220 219 -1 221 222 223 224 
231 230 229 228 227 226 225 224 223 222 221 220 219 218 217 218 217 -1 219 218 219 218 219 220 221 222 223 
230 229 228 227 226 225 224 223 222 221 220 219 218 217 216 217 216 217 218 217 218 217 218 219 220 221 222 
229 228 227 226 225 224 223 222 221 220 219 218 217 216 215 216 215 216 217 216 217 216 217 218 219 220 221 
228 227 226 225 224 223 222 221 220 219 218 217 216 215 214 215 214 215 216 215 216 215 216 217 218 219 220 
227 226 225 224 223 222 221 220 219 218 217 216 215 214 213 214 213 214 215 214 215 214 215 216 217 218 219 
226 225 224 223 222 221 220 219 218 217 216 -1 214 213 212 213 212 213 214 213 214 213 214 215 216 217 218 
225 224 223 222 221 220 219 218 217 216 215 214 213 212 211 212 211 212 213 212 213 212 213 214 215 216 217 
224 223 222 221 220 219 218 217 216 215 214 213 212 211 210 211 210 211 212 211 212 211 212 213 214 215 216 
223 222 221 220 219 218 217 216 215 214 213 212 211 210 209 210 209 210 211 210 211 210 211 212 213 214 215 
222 221 220 219 218 217 216 215 214 213 212 211 210 209 208 209 208 209 210 209 210 209 210 211 212 213 214 
221 220 219 218 217 216 215 214 213 -1 211 210 209 208 207 208 207 208 209 208 209 208 209 210 211 212 213 
220 219 218 -1 216 215 214 213 212 211 210 209 208 207 206 207 206 207 208 207 208 207 208 209 210 211 212 
219 218 217 216 215 214 213 212 211 210 209 208 207 206 205 -1 205 206 207 206 207 206 207 208 209 210 211 
218 217 216 215 214 213 212 211 210 -1 208 207 206 205 204 205 204 205 206 205 206 205 206 207 208 209 210 
217 216 215 214 213 212 211 210 209 208 207 206 205 204 203 204 203 204 205 204 205 204 205 206 207 208 209 
216 215 214 213 212 211 210 209 208 207 206 205 204 203 202 -1 202 203 204 203 204 203 204 205 -1 207 208 
215 214 213 212 211 210 209 208 207 206 205 204 203 202 201 -1 201 202 203 202 203 202 203 204 205 206 207 
214 213 212 211 210 209 208 207 206 205 204 203 202 201 200 199 200 201 202 201 202 201 202 203 204 205 206 
213 212 211 210 209 208 207 206 205 204 203 202 201 200 199 198 199 200 201 200 201 200 201 202 203 204 205 
212 211 210 209 208 207 206 205 204 203 202 201 200 199 198 197 198 -1 200 199 200 199 200 201 202 203 204 
211 210 209 208 207 206 205 204 203 -1 201 200 199 198 197 196 197 198 199 198 199 198 199 200 201 202 203 
210 209 208 207 206 205 204 203 202 201 200 199 198 197 196 195 196 197 198 197 198 197 198 199 200 201 202 
209 208 207 206 205 204 203 202 201 200 199 198 197 196 195 194 195 196 197 196 197 196 197 198 199 200 201 
208 207 206 205 204 203 202 201 200 199 198 197 196 195 194 193 194 195 196 195 196 195 196 197 198 199 200 
207 206 205 204 203 202 201 200 199 198 197 196 195 194 193 192 193 194 195 194 195 194 195 196 197 198 199 
206 205 204 203 202 201 200 199 198 197 196 195 194 193 -1 191 192 193 194 193 194 193 194 195 196 197 198 
205 204 203 202 201 200 199 198 197 196 195 194 193 192 191 190 191 192 193 192 193 192 193 194 195 196 197 
204 203 202 201 200 199 198 197 196 195 194 193 192 191 190 189 190 191 192 191 192 191 192 193 194 195 196 
203 202 201 200 199 198 197 196 195 194 193 192 191 190 189 188 -1 190 191 190 191 190 191 192 193 194 195 
202 201 200 199 198 197 196 195 194 193 192 191 190 189 188 187 188 189 190 189 190 189 190 191 192 193 194 
201 200 199 198 197 196 195 194 193 192 191 190 189 188 187 186 187 188 189 188 189 188 189 190 191 192 193 
200 199 198 197 196 195 194 193 192 191 190 189 188 187 186 185 186 187 -1 187 188 187 188 189 190 191 192 
199 198 197 196 195 194 193 192 191 190 189 188 187 186 185 184 185 186 187 186 187 186 187 188 189 190 191 
198 197 196 195 194 193 192 191 190 189 188 187 186 185 184 183 184 185 186 185 186 185 186 187 188 189 190 
197 196 195 194 193 192 191 190 189 188 187 186 185 184 183 182 183 184 185 184 185 184 185 186 187 188 189 
196 195 194 193 192 191 190 189 188 187 186 185 184 183 -1 181 182 183 184 183 184 183 184 185 186 187 188 
195 194 193 192 191 190 189 -1 187 186 185 184 -1 182 181 180 181 182 183 182 183 182 183 184 185 186 187 
194 193 192 191 190 189 188 187 186 185 184 183 182 181 180 179 180 181 182 181 182 181 182 183 -1 187 186 
193 192 191 190 189 188 187 186 185 184 183 182 181 180 179 178 179 180 181 180 181 180 181 182 183 -1 185 
192 191 190 189 188 187 186 185 184 183 182 181 180 179 178 177 178 179 180 179 180 179 180 -1 182 183 184 
191 190 189 188 187 186 185 184 183 182 181 180 179 178 177 176 177 178 179 178 179 178 179 180 181 182 183 
190 189 188 187 186 185 184 183 182 -1 180 179 178 177 176 175 176 177 178 177 178 177 178 179 180 181 182 
189 188 187 186 185 184 183 182 181 180 179 178 177 176 175 174 175 176 177 176 177 176 177 178 179 180 181 
188 187 186 185 184 183 182 181 180 179 178 177 -1 175 174 173 174 175 176 175 176 175 176 177 178 179 180 
187 186 185 184 183 182 181 180 179 178 177 176 175 174 173 172 173 174 175 174 175 174 175 176 177 178 179 
186 185 184 183 182 181 180 179 178 177 176 175 174 173 172 171 172 173 -1 173 174 173 174 175 176 177 178 
185 184 183 182 181 180 179 -1 177 176 175 174 173 -1 171 170 171 172 -1 172 173 172 173 174 175 176 177 
184 183 182 181 180 179 178 -1 176 175 174 173 172 171 170 169 170 -1 170 171 172 171 172 173 174 175 176 
183 182 181 180 179 178 177 176 175 174 -1 -1 171 170 169 168 169 170 169 170 171 170 171 172 173 174 175 
182 181 180 179 -1 177 176 175 174 173 172 171 170 169 168 167 168 169 168 169 170 169 170 171 172 173 174 
181 180 179 178 177 176 175 174 173 -1 171 170 169 168 -1 166 167 168 167 168 169 168 169 170 -1 172 173 
180 179 -1 177 176 175 174 173 172 -1 170 169 168 167 166 165 166 167 166 167 168 167 168 169 170 171 172 
179 178 177 176 175 174 173 -1 171 170 169 168 167 166 165 164 165 166 165 166 167 166 167 168 169 170 171 
178 177 176 175 174 173 172 171 170 169 168 167 166 165 164 163 164 165 164 165 166 165 -1 167 168 169 170 
177 176 175 174 173 172 171 170 169 168 167 166 165 164 163 162 163 164 163 164 165 164 165 166 167 168 169 
176 175 -1 173 172 171 170 169 168 167 166 165 -1 163 162 161 162 163 162 163 164 163 164 165 166 167 168 
175 174 173 172 171 170 169 168 167 166 165 164 163 162 161 160 -1 162 161 162 163 162 163 164 165 166 167 
174 173 172 171 170 169 168 167 166 165 164 163 162 161 160 159 158 -1 160 161 162 161 162 163 164 165 166 
173 172 171 170 169 168 167 166 165 164 163 162 161 160 159 158 157 158 159 160 161 160 161 162 163 164 165 
172 171 170 169 168 167 166 165 164 163 162 161 160 159 158 157 156 157 -1 159 160 159 160 161 162 163 164 
171 -1 169 168 167 -1 165 164 163 162 161 160 159 158 157 156 155 156 157 158 159 158 159 160 161 162 163 
170 169 168 167 166 165 164 163 162 161 160 159 158 157 156 155 154 155 156 157 158 157 158 159 160 161 162 
169 168 167 166 165 164 163 162 161 160 159 158 157 156 155 154 153 154 155 156 157 156 157 158 159 160 161 
168 167 166 165 164 163 162 161 160 159 158 157 156 155 154 153 152 153 154 155 156 155 156 157 158 159 160 
167 166 165 164 163 162 -1 -1 159 158 157 156 155 154 153 152 151 152 153 -1 155 154 155 156 157 158 159 
166 165 164 163 162 161 160 159 158 157 156 155 154 153 152 151 150 151 152 153 154 153 154 155 156 157 158 
165 164 163 162 161 160 159 158 157 156 155 154 153 152 151 150 149 150 151 152 153 152 153 154 155 156 157 
164 163 162 161 160 159 158 157 -1 155 154 153 152 151 150 -1 148 149 150 151 152 151 152 153 154 155 156 
163 162 161 160 159 158 157 156 155 154 153 152 151 150 149 148 147 -1 149 150 151 150 151 152 153 154 155 
162 161 160 159 158 157 156 155 154 153 152 151 150 149 148 147 146 147 148 149 150 149 150 151 152 153 154 
161 160 159 158 157 156 155 154 153 152 151 150 149 148 147 146 145 146 147 148 149 148 149 150 151 152 153 
160 159 158 157 156 155 154 153 152 151 150 149 148 147 146 145 144 145 146 147 148 147 148 149 150 151 152 
159 158 157 156 -1 154 153 152 151 150 149 148 147 146 145 144 143 144 145 146 147 146 147 148 149 150 151 
158 157 156 155 -1 153 152 151 150 149 148 147 146 145 144 143 142 143 144 145 146 145 146 147 148 149 150 
157 156 155 154 153 152 151 150 149 148 147 146 145 144 143 142 141 142 143 144 145 144 145 146 147 148 149 
156 155 154 153 152 151 150 149 148 147 146 145 144 143 142 141 140 141 142 143 144 143 144 145 146 147 148 
155 154 153 152 151 150 149 148 147 146 145 144 143 142 141 140 139 -1 141 142 143 142 143 -1 145 146 147 
154 -1 152 -1 150 149 148 147 146 145 144 143 142 141 140 139 138 139 140 141 142 141 142 143 144 145 146 
153 152 151 150 149 148 147 -1 145 144 143 -1 141 140 139 138 137 138 139 140 -1 140 141 142 143 144 145 
152 -1 150 149 148 147 146 -1 144 143 142 141 140 139 138 137 136 137 138 139 138 139 140 141 142 143 144 
151 150 149 148 147 146 145 144 143 142 141 140 139 138 137 136 135 136 137 138 137 138 139 140 141 142 143 
150 149 148 147 146 145 -1 143 142 141 140 139 138 -1 136 135 134 135 136 137 136 137 138 139 140 141 142 
149 148 147 146 -1 144 143 142 141 -1 139 138 137 136 135 134 133 134 135 136 135 136 137 138 139 140 141 
148 147 146 145 -1 143 142 141 140 139 138 137 136 135 134 133 132 133 134 135 134 135 -1 137 138 139 140 
147 146 145 144 143 142 141 140 139 138 137 136 135 134 133 132 131 132 133 -1 133 134 135 136 137 138 139 
146 145 144 143 142 141 140 139 138 -1 136 135 134 133 132 131 130 131 132 133 132 133 134 135 136 137 138 
145 144 143 142 141 140 139 138 137 136 135 134 133 132 131 130 129 130 131 132 131 132 133 134 135 136 137 
144 143 142 141 140 139 138 137 136 135 134 133 132 131 130 129 128 129 130 131 130 131 132 133 134 135 136 
143 142 141 140 139 138 137 136 135 134 133 132 131 130 129 128 127 128 129 130 129 130 131 132 133 134 135 
142 141 140 139 138 137 -1 135 134 133 132 131 130 129 128 127 126 127 128 129 128 129 130 131 132 133 134 
141 140 139 138 137 136 135 134 133 -1 131 130 129 128 127 126 125 -1 127 128 127 128 129 130 131 132 133 
140 139 138 137 136 135 134 133 132 131 130 129 128 127 126 125 124 125 126 127 126 127 128 129 130 131 132 
139 138 137 136 135 134 133 132 131 130 129 128 127 126 125 124 123 124 125 126 125 126 127 128 129 130 131 
138 137 136 135 134 133 132 131 130 -1 128 127 126 125 124 123 122 123 124 125 124 125 126 127 128 129 130 
137 136 135 134 133 132 131 130 129 128 127 126 125 124 123 122 121 122 123 124 123 124 125 126 127 128 129 
136 135 134 133 132 131 130 129 128 127 -1 125 124 123 122 121 120 121 122 123 122 123 124 125 126 127 128 
135 134 133 132 131 130 129 128 127 126 125 124 -1 -1 121 120 119 120 121 -1 121 122 123 124 125 126 127 
134 133 132 131 130 129 128 127 126 125 124 123 122 121 120 119 118 119 120 121 120 121 122 123 124 125 126 
133 132 131 130 129 128 127 126 125 124 123 122 -1 120 -1 118 117 118 119 120 119 120 121 122 123 124 125 
132 131 130 129 128 127 126 125 124 123 122 121 120 119 118 117 116 -1 118 119 118 119 120 121 122 123 124 
131 130 129 128 127 126 125 124 123 122 121 120 119 118 117 116 115 116 117 118 117 118 119 120 121 122 123 
130 129 128 127 126 125 124 123 122 121 120 119 118 117 116 115 114 115 116 117 116 117 118 119 120 121 122 
129 128 127 126 125 124 123 122 121 120 119 118 117 116 115 114 113 114 115 116 115 116 117 118 119 120 121 
128 127 126 125 124 123 122 121 120 119 118 117 116 115 114 113 112 113 114 115 114 115 116 117 118 119 120 
127 126 125 124 123 122 121 -1 119 118 117 116 115 114 113 112 111 112 113 114 113 114 115 116 117 118 119 
126 125 124 123 122 121 120 119 118 117 116 115 114 113 112 111 110 111 112 113 112 113 -1 115 116 117 118 
125 124 123 122 121 120 119 118 117 116 115 114 113 112 111 110 109 110 111 112 111 112 113 114 115 116 117 
124 123 122 121 120 119 118 -1 116 115 114 113 -1 111 110 109 108 109 110 111 110 111 112 113 114 115 116 
123 122 121 120 119 118 117 116 115 114 113 112 111 110 109 108 107 108 109 110 109 110 111 112 113 114 115 
122 121 120 119 118 117 116 115 114 -1 112 111 110 109 108 107 106 107 108 109 108 109 110 111 112 113 114 
121 120 119 118 117 116 115 114 113 112 111 110 109 108 107 106 105 106 107 108 107 108 109 110 111 112 113 
120 119 118 117 116 115 114 -1 112 111 110 109 108 107 106 105 104 105 106 107 106 107 108 109 110 111 112 
119 118 117 116 115 114 113 112 111 110 109 108 107 106 105 104 103 104 105 106 105 106 107 108 109 110 111 
118 117 116 115 114 113 112 111 110 109 108 107 106 105 104 103 102 103 104 105 104 105 106 107 108 109 110 
117 116 115 114 113 112 111 110 109 108 107 106 105 104 103 102 101 -1 103 104 103 104 105 106 107 108 109 
116 115 114 113 112 111 110 109 108 107 106 105 104 103 -1 101 100 101 102 103 102 103 104 105 106 107 108 
115 114 -1 112 111 110 109 108 107 106 105 104 103 102 101 100 99 -1 103 -1 101 102 103 104 105 106 107 
114 113 112 111 110 109 108 107 106 105 104 103 102 101 100 99 98 99 -1 99 100 101 102 103 104 105 106 
113 112 111 110 109 108 107 106 105 104 103 102 101 100 99 98 97 -1 99 98 99 100 101 102 103 104 105 
112 111 110 109 108 107 106 105 104 103 102 101 100 99 98 97 96 97 98 97 98 99 100 101 102 103 104 
111 110 -1 108 107 106 105 104 103 102 101 100 99 98 97 96 95 96 -1 96 97 98 99 100 101 102 103 
110 109 108 107 106 105 104 103 102 101 100 99 98 97 96 95 94 95 96 95 -1 97 98 99 100 101 102 
109 108 107 106 105 104 103 102 101 100 99 -1 97 96 95 94 93 94 95 94 95 96 -1 98 99 100 101 
108 107 106 105 104 103 102 101 100 -1 98 97 96 95 94 93 92 93 94 93 94 95 96 97 98 99 100 
107 106 105 104 103 102 101 100 99 98 97 96 95 94 93 92 91 92 93 92 93 94 95 96 97 98 99 
106 105 104 103 102 101 100 99 98 97 96 95 94 93 92 91 90 91 92 91 92 93 94 95 96 97 98 
105 104 103 102 -1 100 99 -1 -1 96 95 94 93 92 91 90 89 90 91 90 91 92 93 94 -1 96 97 
104 103 102 101 100 99 98 97 96 95 94 93 92 91 90 89 88 89 90 89 90 91 92 93 94 95 96 
103 -1 101 100 99 98 97 96 95 94 93 92 91 90 89 88 87 88 89 88 89 90 91 92 93 94 95 
102 101 100 99 98 97 96 95 94 93 92 91 90 89 88 87 86 87 88 87 88 89 90 91 92 93 94 
101 100 99 98 97 96 95 94 93 92 91 90 89 88 87 86 85 86 87 86 87 88 89 90 91 92 93 
100 99 98 97 96 95 94 93 92 91 90 89 88 87 86 85 84 85 86 85 -1 87 88 89 90 91 92 
99 -1 97 96 95 94 93 92 91 90 89 88 87 86 85 84 83 84 85 84 85 86 87 88 89 90 91 
98 -1 96 95 94 93 92 91 90 89 88 87 86 85 84 83 82 -1 84 83 84 85 86 87 88 89 90 
97 96 95 94 93 92 91 90 89 88 87 86 85 84 83 82 81 82 83 82 83 84 85 86 87 88 89 
96 95 94 93 92 91 90 89 88 87 86 85 84 83 82 81 80 81 82 81 82 83 84 85 86 87 88 
95 94 -1 92 91 90 89 88 87 86 85 84 83 82 81 80 79 80 -1 80 81 82 83 84 85 86 87 
94 93 92 91 90 89 88 87 86 85 84 83 82 81 80 79 78 79 80 79 80 81 82 -1 84 85 86 
93 92 91 90 89 88 87 86 85 84 83 82 81 80 79 78 77 78 79 78 79 80 81 82 83 84 85 
92 91 90 89 88 87 86 85 84 83 82 81 80 79 78 77 76 77 78 77 78 79 80 81 82 83 84 
91 90 89 88 87 86 85 84 83 82 81 80 79 78 77 76 75 76 77 76 77 78 79 80 81 82 83 
90 -1 88 87 86 85 84 83 82 81 80 79 78 77 76 75 74 75 -1 75 76 77 78 79 80 81 82 
89 88 87 86 85 84 83 82 81 80 79 78 77 76 75 74 73 74 73 74 75 76 77 78 79 -1 81 
88 87 86 85 84 83 82 81 80 79 78 77 76 75 74 73 72 73 72 73 74 75 76 77 78 79 80 
87 86 85 84 83 82 81 80 79 78 77 76 75 74 -1 72 71 72 71 72 73 74 75 76 77 78 79 
86 85 84 83 82 81 80 79 78 77 76 75 74 73 72 71 70 71 70 71 72 73 74 75 76 77 78 
85 84 83 82 81 80 79 78 77 76 75 74 73 72 71 70 69 70 69 70 71 72 73 74 75 76 77 
84 83 -1 81 80 79 78 77 76 75 74 73 72 71 70 69 68 69 68 69 70 71 72 73 74 75 76 
83 82 81 80 79 78 77 76 75 74 73 72 71 70 -1 68 67 68 67 68 69 70 71 72 73 74 75 
82 81 80 79 78 77 76 75 74 73 72 71 70 69 68 67 66 67 66 67 68 69 70 71 -1 73 74 
81 80 79 78 77 76 75 74 73 72 71 -1 69 68 67 66 65 66 65 66 67 68 69 70 71 72 73 
80 79 78 77 76 75 74 73 -1 71 70 69 68 67 66 65 64 65 64 65 66 67 68 69 70 71 72 
79 78 77 76 75 74 73 72 71 70 69 68 67 66 65 64 63 64 63 64 65 66 67 68 69 70 71 
78 77 76 75 74 73 72 71 70 69 68 -1 -1 65 64 63 62 63 62 63 64 65 66 67 -1 69 70 
77 76 75 74 73 72 71 70 69 68 67 66 65 64 63 62 61 62 61 62 63 64 65 66 67 68 69 
76 75 74 -1 72 71 70 69 68 67 66 65 64 63 62 61 60 61 60 61 62 63 64 65 66 67 68 
75 74 73 72 71 70 69 68 67 66 65 64 63 62 61 60 59 60 59 60 61 62 63 64 65 -1 67 
74 73 72 71 70 69 68 67 66 65 64 63 62 61 60 59 58 -1 58 59 60 61 62 63 64 65 66 
73 72 71 70 69 68 67 -1 -1 64 63 -1 61 60 59 58 57 56 57 58 59 60 61 62 63 64 65 
72 71 70 69 68 67 66 65 64 63 62 61 60 59 58 57 56 55 56 57 58 59 60 61 62 63 64 
71 70 69 68 67 66 65 64 63 62 61 60 59 58 57 56 55 54 55 56 57 -1 61 60 61 62 63 
70 69 68 67 66 65 64 63 62 61 60 59 58 57 56 55 54 53 54 55 -1 57 -1 59 60 61 62 
69 68 67 66 65 64 63 62 61 60 59 58 57 56 55 54 53 52 53 54 55 56 57 58 59 60 61 
68 67 66 65 64 63 62 61 60 59 58 57 56 55 54 53 52 51 52 53 -1 55 56 -1 58 59 60 
67 66 65 64 63 62 61 60 59 58 57 56 55 54 53 52 51 50 51 52 53 54 55 56 57 58 59 
66 65 64 63 62 61 60 59 58 57 56 -1 54 53 52 51 50 49 50 51 52 53 54 55 56 57 58 
65 64 63 62 61 60 59 58 57 56 55 54 53 52 51 50 49 48 49 50 51 52 53 54 55 56 57 
64 63 62 61 60 59 58 57 56 55 54 53 52 51 50 49 48 47 48 49 50 51 52 53 54 55 56 
63 62 61 60 59 58 57 56 55 54 53 52 51 50 49 48 47 46 47 48 49 50 51 52 53 54 55 
62 61 60 59 58 57 56 55 54 53 52 51 50 49 48 47 46 45 46 47 48 49 50 51 52 53 54 
61 60 59 58 57 56 55 54 53 52 51 50 49 48 47 46 45 44 -1 46 47 48 49 50 51 52 53 
60 59 58 57 56 55 54 53 52 51 50 49 48 47 46 45 44 43 44 45 46 47 48 49 50 51 52 
59 58 57 56 55 54 53 52 51 50 49 48 47 46 45 44 43 42 43 44 45 46 47 48 49 50 51 
58 57 56 55 54 53 52 51 50 49 48 47 46 45 44 43 42 41 42 -1 44 45 46 47 48 49 50 
57 56 55 54 53 52 51 50 49 48 47 -1 45 44 43 42 41 40 41 42 43 44 45 46 47 48 49 
56 55 54 53 52 51 50 49 48 47 46 45 44 43 42 41 40 39 40 41 42 43 44 45 46 47 48 
55 54 53 52 51 50 49 48 47 46 45 44 43 42 41 40 39 38 39 40 41 42 43 44 45 46 47 
54 53 52 51 50 49 48 47 46 45 44 43 42 41 40 39 38 37 38 39 40 41 42 -1 44 45 46 
53 52 51 50 49 48 47 46 45 44 43 42 41 -1 39 38 37 36 37 38 39 40 -1 42 43 44 45 
52 51 50 49 48 47 46 45 44 43 42 41 40 39 38 37 36 35 36 37 38 39 40 41 42 43 44 
51 50 49 48 47 46 -1 44 43 42 41 40 39 38 37 36 35 34 35 36 37 38 39 40 41 42 43 
50 49 48 47 46 45 44 43 42 41 -1 39 38 37 36 35 34 33 34 35 36 37 38 39 40 41 42 
49 48 47 46 45 44 43 42 41 40 39 38 37 36 35 34 33 32 33 34 35 36 37 38 39 40 41 
48 47 46 45 44 43 42 41 40 39 38 37 36 35 34 33 32 31 32 33 -1 35 36 37 38 39 40 
47 48 -1 44 43 42 41 40 -1 38 37 36 35 -1 33 32 31 30 31 32 33 34 35 36 37 38 39 
46 -1 44 43 42 41 40 39 38 -1 36 35 34 33 32 31 30 29 30 31 32 33 34 35 36 37 38 
45 44 43 -1 41 40 39 38 37 36 35 34 33 32 31 30 29 28 29 30 31 32 33 34 35 36 37 
44 43 42 41 40 39 38 37 36 35 34 33 32 31 30 29 28 27 28 29 30 31 32 33 34 35 36 
43 42 41 40 39 38 37 36 35 34 33 32 31 30 29 28 27 26 -1 28 29 30 31 32 33 34 35 
42 41 40 39 38 37 36 35 34 33 32 31 32 -1 28 27 26 25 26 27 28 29 30 31 32 33 34 
41 40 39 38 37 36 35 34 33 32 31 30 -1 28 27 26 25 24 25 -1 27 -1 29 30 -1 32 33 
40 39 38 37 36 35 34 33 32 31 30 29 28 27 26 25 24 23 24 25 26 27 28 29 30 31 32 
39 38 37 36 35 34 33 32 31 30 29 28 27 26 25 24 23 22 23 24 25 26 27 28 29 30 31 
38 37 36 35 34 33 32 31 -1 29 28 27 26 25 24 23 22 21 22 23 24 25 26 27 28 29 30 
37 36 35 34 33 32 31 30 29 28 27 26 25 24 23 22 21 20 21 22 23 24 25 26 27 28 29 
36 35 34 33 32 31 30 29 28 27 26 25 24 23 22 21 20 19 20 21 22 23 24 25 26 27 28 
35 34 33 32 31 30 29 28 27 26 25 -1 23 -1 21 20 19 18 19 20 21 22 23 24 25 26 27 
34 33 32 31 30 29 28 27 26 25 24 23 22 21 20 19 18 17 18 19 20 21 22 23 24 25 26 
33 -1 31 30 29 28 -1 26 25 24 23 22 21 20 19 18 17 16 17 18 19 20 21 22 23 24 25 
32 31 -1 29 28 27 26 25 24 23 22 21 20 19 18 17 16 15 16 17 18 19 20 21 22 23 24 
31 30 29 28 27 26 25 24 23 22 21 20 19 18 17 16 15 14 15 16 17 18 19 20 21 22 23 
30 29 28 27 26 25 24 23 22 21 20 19 18 17 16 15 14 13 14 15 16 17 18 19 20 21 22 
29 28 27 26 25 24 23 22 21 20 19 18 17 16 15 14 13 12 13 14 15 16 17 18 19 20 21 
28 27 26 25 24 23 22 21 20 19 18 17 16 15 14 13 12 11 12 13 14 15 16 17 18 19 20 
27 26 25 24 23 22 21 20 19 18 17 16 15 14 13 12 11 10 11 12 13 14 15 16 17 18 19 
26 25 24 23 22 21 20 19 18 17 16 -1 14 13 12 11 10 9 10 11 12 13 14 15 16 17 18 
25 24 23 22 21 20 19 18 17 16 15 14 13 12 11 10 9 8 9 10 11 12 13 14 15 16 17 
24 23 22 21 20 19 18 17 16 -1 14 13 12 11 10 9 8 7 8 9 10 11 12 13 14 15 16 
23 22 21 20 19 18 17 16 15 14 13 12 -1 10 9 8 7 6 7 8 9 10 11 12 13 14 15 
22 21 20 19 18 17 16 15 14 13 12 11 10 9 8 7 6 5 6 7 8 9 10 11 12 13 14 
21 20 19 18 17 16 15 14 13 12 11 10 9 8 7 6 5 4 5 6 7 8 9 10 11 12 13 
20 19 -1 17 16 15 14 13 12 11 10 9 8 7 6 5 4 3 4 5 6 7 8 9 10 11 12 
19 18 17 16 15 14 13 12 11 10 9 8 7 6 5 4 3 2 3 4 5 6 7 -1 11 10 11 
18 17 16 15 14 13 12 11 10 9 8 7 6 5 4 -1 2 1 2 3 4 5 6 7 -1 9 10 
17 16 15 14 13 12 11 10 9 8 7 6 5 4 3 2 1 0 1 2 3 4 5 6 7 8 9 
18 17 16 15 14 13 12 11 10 9 8 7 6 5 4 3 2 1 -1 3 4 5 6 7 8 9 10 
19 18 17 16 15 14 13 12 11 10 9 8 7 6 5 4 3 2 3 4 5 -1 7 8 9 10 11 
20 19 -1 17 16 15 14 13 12 11 10 9 8 7 6 5 4 3 4 5 -1 9 8 9 10 11 12 
21 20 19 18 17 16 15 14 13 12 11 10 9 8 7 6 5 4 5 6 7 8 9 10 11 12 13 
22 21 20 19 18 17 16 15 14 13 12 11 10 9 8 7 6 5 6 7 8 9 10 11 12 13 14 
23 22 21 20 19 18 17 16 15 14 13 12 11 10 9 8 7 6 7 8 -1 10 11 12 13 14 15 
24 23 22 21 20 19 18 17 16 15 14 13 12 11 10 9 8 7 8 9 10 11 12 13 14 15 16 
25 24 23 22 21 20 19 18 17 16 15 14 13 12 11 10 9 8 9 10 11 12 13 14 15 16 17 
26 25 24 23 22 21 20 19 18 17 16 15 14 13 12 11 10 9 10 11 12 13 14 15 16 17 18 
27 26 25 24 23 22 21 20 19 18 17 16 15 14 13 12 11 10 11 12 13 14 15 -1 17 18 19 
28 27 26 25 24 23 22 21 20 19 18 17 16 15 14 13 12 11 12 13 14 15 16 17 18 19 20 
29 28 27 26 25 24 23 22 21 20 19 -1 17 16 15 14 13 12 13 14 15 16 17 18 19 20 21 
30 29 28 27 26 25 -1 23 22 21 20 19 18 17 16 15 14 13 14 15 -1 17 18 19 20 21 22 
31 30 -1 28 27 26 25 24 23 22 21 20 19 18 17 16 15 14 15 16 17 18 19 20 21 22 23 
32 31 30 29 28 27 26 25 -1 23 -1 21 20 19 18 17 16 15 16 17 18 19 20 21 22 23 24 
33 32 31 30 -1 28 27 26 25 24 23 22 21 20 19 18 17 16 17 18 19 20 21 22 23 24 25 
34 33 32 31 30 29 28 27 26 25 24 23 22 21 20 19 18 17 -1 19 20 21 22 23 24 25 26 
35 34 33 32 31 30 29 28 27 26 25 24 23 22 21 20 19 18 19 20 21 22 23 24 25 26 27 
36 35 34 33 32 31 30 29 28 27 26 25 -1 23 22 21 20 19 20 21 22 23 24 25 26 27 28 
37 36 35 34 33 32 31 30 29 -1 27 26 25 24 -1 22 21 20 21 22 23 24 25 26 27 28 29 
38 37 36 35 34 33 32 31 30 29 28 27 26 25 24 23 22 21 22 23 24 25 26 27 28 29 30 
39 38 37 36 35 34 33 32 31 30 29 28 27 26 25 24 23 22 23 24 25 26 27 28 29 -1 31 
40 39 38 37 36 -1 34 33 32 31 30 29 28 27 26 25 24 23 24 25 26 -1 28 29 30 31 32 
41 40 39 38 37 36 35 34 -1 32 31 30 29 28 27 26 25 24 25 26 27 28 29 30 31 32 33 
42 41 40 39 38 37 36 35 34 33 32 31 30 29 28 27 26 25 26 27 28 -1 30 31 32 33 34 
43 42 41 40 39 38 37 36 35 34 33 32 31 30 29 28 27 26 27 28 29 30 31 32 33 -1 35 
44 43 42 41 40 39 38 37 36 35 34 33 32 -1 30 29 28 27 28 29 30 31 32 33 34 35 36 
45 44 43 42 41 40 39 38 37 36 -1 34 33 32 31 30 29 28 29 30 31 32 33 34 35 36 37 
46 45 44 43 42 41 40 39 38 37 36 35 34 -1 32 31 30 29 30 31 32 33 34 35 36 37 38 
47 46 45 44 43 42 41 40 39 38 37 36 35 34 33 32 31 30 31 32 33 34 35 36 37 38 39 
48 47 -1 45 44 43 42 41 40 39 38 37 36 35 34 33 32 31 32 33 34 35 36 37 38 39 40 
49 48 47 46 45 44 43 42 41 40 39 38 37 36 35 34 33 32 33 34 35 36 37 38 39 40 41 
50 49 48 47 46 45 44 43 42 41 40 39 38 37 36 35 34 33 34 35 36 37 38 39 40 41 42 
51 50 49 48 47 46 45 44 43 42 41 40 39 38 37 36 35 34 35 36 37 38 39 40 41 42 43 
52 51 50 49 48 47 46 45 44 43 42 41 40 39 38 37 36 35 36 37 -1 39 40 41 42 43 44 
53 52 51 50 49 48 47 46 45 44 43 42 41 40 39 38 37 36 37 38 39 40 41 42 43 44 45 
54 53 52 51 50 49 48 47 46 45 44 43 42 41 40 39 38 37 38 39 40 41 -1 43 44 45 46 
55 54 53 52 51 50 49 48 47 46 45 44 43 42 41 40 39 38 39 40 41 42 43 44 45 46 47 
56 55 54 53 52 51 50 49 48 47 46 45 44 43 42 41 40 39 40 41 42 43 44 45 46 47 48 
57 56 55 54 53 52 51 50 49 48 47 46 45 44 43 42 41 40 41 42 43 44 45 46 47 48 49 
58 57 56 55 54 53 52 51 50 49 48 47 46 45 44 43 42 41 42 43 44 -1 46 47 48 49 50 
59 58 57 56 55 54 53 52 51 50 49 -1 47 46 45 44 43 42 43 44 45 46 47 48 49 50 51 
60 59 58 57 56 55 54 53 52 51 50 49 48 47 46 45 44 43 44 45 46 47 48 49 50 51 52 
61 60 59 58 57 56 55 54 53 52 51 50 49 48 47 46 45 44 45 46 47 48 49 50 51 52 53 
62 61 60 59 58 57 56 55 -1 53 52 51 50 49 48 47 46 45 46 47 48 49 50 51 52 53 54 
63 62 61 60 59 -1 57 56 55 54 53 52 51 50 49 48 47 46 47 48 49 50 51 52 53 54 55 
64 63 62 61 60 59 58 57 56 55 54 53 52 51 50 49 48 47 48 49 50 51 52 53 54 55 56 
65 64 63 62 61 60 59 58 57 56 55 54 53 52 51 50 49 48 49 50 51 52 53 54 55 56 57 
66 65 64 63 62 61 60 59 58 57 56 55 54 53 52 51 50 49 50 51 52 53 54 55 56 57 58 
67 66 65 64 63 62 61 60 -1 58 57 56 55 54 53 52 51 50 51 52 53 54 55 56 57 58 59 
68 67 66 65 64 63 62 61 60 59 58 57 56 55 54 53 52 51 52 53 54 55 56 57 58 59 60 
69 68 67 66 65 64 63 62 61 60 59 58 57 56 55 54 53 52 53 54 55 56 57 58 59 60 61 
70 69 68 67 66 65 64 63 62 61 60 59 58 57 56 55 54 53 54 55 56 57 58 59 60 61 62 
71 70 69 68 -1 66 65 64 63 62 61 60 59 58 57 56 55 54 -1 56 57 58 59 60 61 62 63 
72 71 70 69 68 67 66 65 64 63 62 61 60 59 58 57 56 55 56 57 58 59 60 61 62 63 64 
73 72 71 70 69 68 67 66 65 64 63 62 61 60 59 58 57 56 57 58 59 60 61 62 63 64 65 
74 73 72 71 70 69 68 67 66 65 64 63 62 61 60 59 58 -1 58 59 60 61 62 63 64 65 66 
75 74 73 72 71 70 69 68 67 66 65 64 63 62 61 60 59 60 59 60 61 62 63 64 65 66 67 
76 75 74 73 72 71 70 69 68 67 66 65 64 63 62 61 60 61 60 61 62 63 64 65 66 67 68 
77 76 75 74 73 72 71 -1 69 68 67 66 65 64 63 62 61 62 61 62 63 64 65 66 67 68 69 
78 77 76 75 74 73 72 71 70 69 68 67 66 65 64 63 62 63 62 63 64 65 66 67 68 69 70 
79 78 77 76 75 74 73 72 71 70 69 68 67 66 -1 64 63 64 63 -1 65 66 67 68 69 70 71 
80 79 78 77 76 75 74 73 72 71 70 69 68 67 66 65 64 65 64 65 66 67 68 69 70 71 72 
81 80 79 78 77 76 75 74 73 72 71 70 69 68 67 66 65 66 -1 66 67 68 69 70 71 72 73 
82 81 80 79 -1 77 76 75 74 73 -1 71 70 69 68 67 66 67 68 67 68 69 70 71 72 73 74 
83 82 81 80 79 78 77 76 75 74 73 72 -1 70 69 68 67 68 69 68 69 70 71 72 73 74 75 
84 83 82 81 80 79 78 77 76 75 74 73 72 71 70 69 68 69 70 69 70 71 72 73 74 75 76 
85 84 83 82 81 80 79 78 77 76 75 74 73 72 71 70 69 70 71 70 71 72 73 74 75 76 77 
86 85 84 83 82 81 80 79 78 77 76 75 74 73 72 71 70 71 -1 71 72 73 74 75 76 77 78 
87 86 85 84 83 -1 81 80 79 78 77 76 75 74 73 72 71 72 73 72 73 74 75 76 77 78 79 
88 87 86 85 84 83 82 81 80 79 78 77 76 75 74 73 72 73 74 73 74 75 76 77 -1 79 80 
89 88 87 86 85 84 83 82 81 80 79 78 77 76 75 74 73 74 75 74 75 76 77 78 79 80 81 
90 89 88 87 86 85 84 83 82 81 80 79 78 77 76 75 74 75 76 75 76 77 78 79 80 -1 82 
91 90 89 88 87 86 85 84 83 82 81 80 79 78 77 76 75 76 77 76 77 78 79 80 81 82 83 
92 91 90 89 88 87 86 85 84 83 82 81 80 -1 78 77 76 77 78 -1 78 79 80 81 82 83 84 
93 92 91 -1 89 88 87 86 85 84 83 -1 81 80 79 78 77 78 79 80 79 -1 81 82 83 84 85 
94 93 -1 -1 90 89 88 87 86 85 84 83 82 81 80 79 78 79 80 81 80 81 82 83 84 85 86 
95 94 93 92 91 90 89 88 87 86 85 84 83 -1 81 80 79 80 81 82 81 82 83 84 85 86 87 
96 95 94 93 92 91 90 89 88 87 86 85 84 83 82 81 -1 81 82 83 82 83 84 85 86 87 88 
97 96 95 94 93 92 -1 90 89 88 87 86 85 84 83 82 83 82 83 84 83 84 85 86 87 88 89 
98 97 96 95 94 93 92 91 90 89 88 87 86 85 84 83 84 83 84 85 84 85 86 87 88 89 90 
99 98 97 96 95 94 93 92 91 90 89 88 87 86 85 84 85 84 85 86 85 -1 87 88 89 90 91 
100 99 98 -1 96 95 94 93 92 91 90 89 88 87 86 85 86 85 86 87 86 87 88 89 90 91 92 
101 100 99 98 97 96 95 94 93 92 91 90 89 88 -1 86 87 86 87 88 87 88 -1 90 91 92 93 
102 101 100 99 98 97 96 -1 94 93 92 91 90 89 88 87 88 87 88 89 88 89 -1 91 92 93 94 
103 102 101 100 99 98 97 96 95 94 93 92 91 90 89 88 89 88 89 90 89 90 91 92 93 94 95 
104 103 102 101 100 99 98 97 96 95 94 93 92 91 90 89 90 89 90 91 90 91 92 93 94 95 96 
105 104 103 102 101 100 99 98 97 96 95 94 93 92 91 90 91 90 91 92 91 92 93 94 95 96 97 
106 105 104 103 102 101 100 99 98 97 96 95 94 93 92 91 92 91 92 93 -1 93 94 95 -1 97 98 
107 106 105 104 103 102 101 100 99 98 97 96 95 94 93 92 93 92 93 94 95 94 95 96 97 98 99 
108 107 -1 105 104 103 102 -1 100 99 98 97 -1 95 94 93 94 93 94 95 96 95 96 97 98 -1 100 
109 108 107 106 105 104 103 102 101 100 99 98 97 96 95 94 95 94 95 96 97 96 97 98 99 100 101 
110 109 108 107 106 105 104 103 102 -1 100 99 98 97 96 95 96 95 96 97 98 97 98 99 100 101 102 
111 110 109 108 107 106 105 104 103 102 101 100 99 98 97 96 -1 96 97 98 99 98 99 100 101 102 103 
112 111 110 109 108 107 106 105 104 103 102 101 100 99 98 97 98 97 98 99 100 99 100 -1 102 103 104 
113 112 111 110 109 108 107 106 105 104 103 102 101 100 99 98 99 98 99 100 101 100 101 102 103 104 105 
114 113 112 111 110 109 108 107 106 105 104 103 102 101 100 99 100 99 100 101 102 101 102 103 104 105 106 
115 114 113 112 111 110 109 108 107 106 105 104 103 102 101 -1 101 100 101 102 103 102 103 104 105 106 107 
116 115 114 113 112 111 110 109 108 107 106 105 104 103 102 103 102 101 102 103 104 103 104 105 106 107 108 
117 116 115 114 113 112 111 110 109 108 107 106 105 -1 103 104 103 102 103 104 105 104 105 106 107 108 109 
118 117 116 115 114 113 112 111 110 109 108 107 106 105 104 105 104 103 104 105 106 105 106 107 108 109 110 
119 118 117 116 115 -1 113 112 111 110 109 108 107 106 105 106 105 104 105 106 107 106 107 108 109 110 111 
120 119 118 117 116 115 114 113 112 -1 110 109 108 -1 106 107 106 105 106 107 108 107 108 109 110 111 112 
121 120 119 118 117 116 115 114 113 112 111 110 109 108 107 108 107 106 107 108 109 108 109 110 111 112 113 
122 121 120 119 118 117 116 115 114 113 112 111 110 109 108 109 108 107 108 109 110 109 110 111 112 113 114 
123 122 121 120 119 118 117 -1 115 114 113 112 111 110 109 110 109 108 109 110 111 110 111 112 113 114 115 
124 123 122 121 120 119 118 117 116 115 114 113 -1 111 110 111 110 109 110 111 112 111 112 113 114 115 116 
125 124 123 122 121 -1 119 118 117 116 115 114 113 112 111 112 -1 110 111 112 113 112 113 114 115 116 117 
126 125 124 123 122 121 120 119 118 117 116 115 114 113 112 113 112 111 112 113 114 113 114 115 116 117 118 
127 126 125 124 123 122 121 120 119 118 117 116 115 114 113 114 113 112 113 114 115 114 115 116 117 118 119 
128 127 126 125 124 123 -1 121 120 119 118 117 116 115 114 115 114 113 114 115 116 115 116 117 118 119 120 
129 128 -1 126 125 124 123 122 121 120 119 118 117 116 115 116 115 114 115 116 117 116 117 118 119 -1 121 
130 129 128 127 126 125 124 123 122 121 120 119 118 117 116 117 116 115 116 117 118 117 118 119 120 121 122 
131 130 129 128 127 126 125 124 123 122 121 120 119 118 117 118 117 116 117 118 119 118 119 120 -1 122 123 
132 131 130 129 128 -1 126 125 124 123 122 121 120 119 118 119 118 117 118 119 120 119 120 121 122 123 124 
133 132 -1 130 129 128 127 126 125 124 123 122 121 120 119 120 119 118 119 120 121 120 121 122 123 124 125 
134 133 132 131 130 129 128 127 126 125 124 123 122 121 120 121 120 119 120 121 122 121 122 -1 124 125 126 
135 134 133 132 131 130 129 128 127 126 125 124 123 122 121 122 121 120 121 122 123 122 123 124 125 126 127 
136 135 -1 -1 132 131 130 129 128 127 126 125 124 123 122 123 122 121 122 123 124 123 124 125 126 127 128 
137 136 135 134 133 132 -1 130 129 128 127 126 125 124 123 124 123 122 123 124 125 124 125 126 -1 128 129 
138 137 136 135 134 133 132 131 130 129 128 127 126 125 124 125 124 123 124 125 126 125 126 127 128 129 130 
139 -1 137 136 135 134 133 132 131 130 129 128 127 126 125 126 125 124 125 126 127 126 127 128 129 130 131 
140 139 138 137 136 135 134 133 132 131 130 129 128 127 126 127 -1 125 126 127 128 127 128 129 130 131 132 
141 140 139 138 137 136 135 134 133 132 131 130 -1 128 127 128 127 126 127 128 129 128 129 130 131 132 133 
142 141 140 139 -1 137 136 135 134 133 132 131 130 129 -1 129 128 127 128 129 130 129 130 131 -1 133 134 
143 142 141 140 139 138 137 136 135 134 133 132 131 130 131 130 129 128 129 130 131 130 131 -1 135 134 135 
144 143 142 141 140 139 138 137 136 135 -1 133 132 131 132 131 130 129 130 131 132 131 132 133 134 135 136 
145 144 143 142 141 140 139 138 137 136 135 134 133 132 133 132 131 130 131 132 133 132 133 134 135 136 137 
146 145 144 143 142 141 140 -1 138 137 136 135 134 133 134 133 132 131 132 133 134 133 134 135 136 137 138 
147 146 145 144 143 142 141 140 139 138 137 136 135 134 135 134 133 132 133 134 135 134 135 136 137 138 139 
148 147 146 145 144 143 142 141 140 139 138 137 136 135 136 135 134 133 134 135 136 135 136 137 138 139 140 
149 148 147 146 145 144 143 142 141 140 139 138 137 136 137 136 135 134 135 136 137 136 137 138 139 140 141 
150 149 148 147 -1 145 144 143 142 141 140 139 138 137 138 137 136 135 136 137 138 137 138 139 140 141 142 
151 150 149 -1 147 146 145 144 143 -1 141 140 139 138 139 138 137 136 137 138 139 138 139 140 141 142 143 
152 151 150 149 148 147 146 145 144 143 142 141 140 139 140 139 138 137 138 139 140 139 140 141 142 143 144 
153 152 151 150 149 148 147 146 145 144 143 142 141 140 141 140 139 138 139 140 141 140 141 142 143 144 145 
154 -1 152 151 150 149 -1 147 146 145 144 143 142 141 -1 141 140 139 140 141 142 141 142 143 144 145 146 
155 154 153 152 -1 150 149 148 147 146 145 144 143 142 143 142 141 140 141 142 143 142 143 144 145 146 147 
156 155 154 153 152 151 150 149 148 147 146 145 144 143 144 143 142 141 142 143 144 143 144 145 146 147 148 
157 156 155 154 153 152 151 150 149 148 147 146 145 144 145 144 143 142 143 144 145 144 145 146 147 148 149 
158 157 156 155 154 153 152 151 150 149 148 147 146 145 146 145 144 143 144 145 146 145 -1 147 148 149 150 
159 158 157 156 155 154 153 152 151 150 149 148 147 146 147 146 145 144 145 146 147 146 147 148 149 150 151 
160 159 158 157 156 155 154 153 152 151 150 149 148 147 148 147 146 145 146 147 148 147 148 149 150 151 152 
161 160 159 158 157 156 155 154 153 152 151 150 149 148 149 148 147 146 147 148 149 148 149 150 -1 152 153 
162 161 160 159 158 157 156 155 154 153 152 151 150 149 150 149 148 147 148 149 150 149 150 151 -1 153 154 
163 162 161 160 159 158 157 156 155 154 153 152 151 -1 151 150 149 148 149 150 151 150 151 152 153 154 155 
164 163 162 161 160 159 158 157 156 155 154 153 152 153 152 151 150 149 150 151 152 151 152 153 154 155 156 
165 164 163 162 161 160 159 158 157 156 155 154 153 154 153 152 151 150 151 152 153 152 153 154 155 156 157 
166 165 164 163 162 161 160 159 158 157 156 155 154 155 154 153 152 151 152 153 154 153 154 -1 156 157 158 
167 166 165 164 163 162 161 160 -1 158 157 -1 155 156 155 154 153 152 153 154 -1 154 155 156 157 158 159 
168 167 166 165 164 163 162 161 160 159 158 157 156 157 156 155 154 153 154 155 156 155 156 157 158 159 160 
169 -1 167 166 165 164 163 162 161 160 159 158 157 158 157 156 155 154 155 156 157 156 157 -1 159 160 161 
170 169 168 -1 166 165 164 163 -1 161 160 159 158 159 158 157 156 155 156 157 158 -1 158 159 160 161 162 
171 170 169 -1 167 166 165 164 163 162 161 160 -1 160 159 158 157 156 157 158 159 160 159 160 161 162 163 
172 171 170 169 168 167 166 165 164 163 162 161 162 161 160 159 158 157 158 159 160 161 160 -1 162 163 164 
173 172 171 170 169 168 167 166 165 164 163 162 163 162 161 160 159 158 159 -1 161 162 161 162 163 164 165 
174 173 172 171 170 169 168 167 166 165 164 163 164 163 162 161 160 159 160 161 162 163 162 163 164 165 166 
175 174 173 172 171 170 -1 168 167 166 165 164 165 164 163 162 161 160 161 162 163 164 163 164 165 166 167 
176 175 174 173 172 171 170 169 168 167 166 165 166 165 164 163 162 161 162 163 164 165 164 165 166 167 168 
177 176 175 174 173 172 171 170 169 168 167 166 167 166 165 164 163 162 163 -1 165 166 165 166 167 168 169 
178 177 176 -1 174 173 172 171 170 169 168 167 168 167 166 165 164 163 164 165 166 167 166 167 168 169 170 
179 178 177 176 175 174 173 172 171 170 169 168 169 168 167 166 165 164 -1 166 167 168 167 168 169 170 171 
180 179 178 177 176 175 174 173 172 171 170 169 170 -1 168 167 166 165 166 167 168 169 168 -1 170 171 172 
181 180 179 178 177 176 175 174 173 172 171 170 171 170 169 168 167 166 167 168 169 170 169 170 171 172 173 
182 181 180 179 178 177 176 175 174 173 172 171 172 171 170 169 168 167 168 169 170 171 170 171 172 173 174 
183 182 181 180 179 178 177 176 175 174 173 172 173 172 171 170 169 168 169 170 171 172 171 172 173 174 175 
184 183 182 181 180 179 178 177 -1 175 174 173 174 173 172 171 170 169 170 171 172 173 172 173 174 175 176 
185 184 183 182 181 180 179 -1 177 176 175 174 175 174 173 172 171 170 171 172 173 174 173 174 175 176 177 
186 185 184 -1 182 181 180 181 -1 177 176 175 176 175 174 173 172 171 172 173 174 175 174 175 176 177 178 
187 186 185 184 183 182 181 180 179 178 177 176 177 176 175 174 173 172 173 174 175 176 175 176 177 178 179 
188 187 186 185 184 183 182 181 180 179 178 177 178 177 176 175 174 173 174 175 176 177 176 177 178 179 180 
189 188 187 186 185 184 183 182 181 180 179 178 179 178 177 -1 175 174 175 176 177 178 177 178 179 180 181 
190 189 188 187 186 185 184 183 182 181 180 179 180 179 178 179 -1 175 176 177 178 179 178 179 180 181 182 
191 190 189 188 187 186 185 184 183 182 181 180 181 180 179 178 177 176 177 178 179 180 179 180 181 182 183 
192 191 190 189 188 187 186 185 184 183 182 181 182 181 180 179 178 177 178 179 180 181 180 181 182 183 184 
193 192 191 190 189 188 187 186 185 184 183 182 183 182 181 180 179 178 179 180 181 182 181 182 183 184 185 
194 193 192 191 190 189 188 187 186 185 184 183 184 183 182 181 180 179 180 181 182 183 182 183 184 185 186 
195 194 193 192 191 190 189 188 187 186 185 184 185 184 183 182 181 180 181 182 183 184 183 184 185 186 187 
196 195 194 193 -1 191 190 189 188 187 186 185 186 185 -1 183 182 181 182 183 184 185 184 185 186 187 188 
197 196 195 194 193 192 191 190 189 188 -1 186 187 186 -1 184 183 182 183 184 185 186 185 186 187 188 189 
198 197 196 195 194 193 192 191 190 189 188 187 188 187 186 185 184 183 184 185 186 187 186 187 188 189 190 
199 198 197 196 195 194 193 192 191 190 189 188 189 188 187 186 185 184 185 186 187 188 187 188 189 190 191 
200 199 198 197 196 195 194 193 192 -1 190 -1 190 189 188 187 186 185 186 187 188 189 188 189 190 191 192 
201 200 199 198 197 196 195 194 193 194 -1 192 191 190 189 188 187 186 187 188 189 190 189 190 191 192 193 
202 201 200 199 198 197 196 195 194 195 194 193 192 191 190 189 188 187 188 189 190 191 190 191 192 193 194 
203 202 201 200 199 198 197 196 195 196 195 194 193 192 191 190 189 188 189 190 191 192 191 192 193 194 195 
204 203 202 201 200 199 198 197 196 197 196 195 -1 193 192 191 190 189 190 191 192 193 192 193 194 195 196 
205 204 203 202 201 200 199 198 197 198 197 196 -1 194 193 192 191 190 191 192 193 194 193 -1 195 196 197 
206 205 -1 203 202 201 200 199 198 199 198 197 196 195 194 193 192 191 192 193 194 195 194 195 196 197 198 
207 206 205 204 203 202 201 200 199 200 199 198 197 196 195 194 193 192 193 194 195 196 195 196 197 198 199 
208 207 206 205 204 203 202 201 200 -1 200 199 198 197 196 195 194 193 -1 195 196 197 196 197 198 199 200 
209 208 207 206 205 204 203 202 201 202 201 200 199 198 197 196 195 194 195 196 197 198 197 198 199 200 201 
210 -1 208 207 -1 205 204 203 202 203 202 201 200 199 198 197 196 195 196 197 198 199 198 199 200 201 202 
211 210 209 208 207 206 205 204 203 204 203 202 201 200 199 198 197 196 197 198 199 200 199 200 201 202 203 
212 211 210 209 208 207 206 205 204 205 204 203 202 201 200 199 198 -1 198 199 200 201 200 201 202 203 204 
213 212 211 210 209 208 207 206 205 206 205 204 203 202 201 200 199 200 199 200 201 202 201 202 203 204 205 
214 213 212 211 210 209 208 207 206 207 -1 205 204 203 202 201 200 201 200 201 202 203 202 203 204 205 206 
215 214 213 -1 211 210 209 208 207 208 207 206 205 204 203 202 201 202 201 202 203 -1 203 204 205 206 207 
216 215 214 213 212 211 210 209 208 209 208 207 206 205 204 203 202 203 202 203 204 205 204 205 -1 207 208 
217 216 215 214 213 -1 211 210 209 210 209 208 207 206 205 204 203 204 203 -1 205 206 205 -1 209 208 209 
218 217 216 215 214 213 212 211 210 211 210 209 208 207 206 205 204 205 204 205 -1 207 206 207 208 209 210 
219 218 217 216 215 214 213 212 211 212 211 210 209 208 207 206 205 206 205 206 207 208 -1 208 209 210 211 
220 219 218 217 216 215 214 213 212 213 212 211 210 209 208 207 206 207 206 207 208 209 210 209 210 211 212 
221 220 219 218 217 216 215 214 213 214 213 212 211 210 209 208 207 208 207 208 209 210 211 210 211 212 213 
222 221 220 219 218 217 216 215 214 215 -1 213 212 211 210 209 208 209 208 209 -1 211 212 211 212 213 214 
223 222 221 220 219 218 217 216 215 216 215 214 213 212 211 210 209 210 209 210 211 212 213 212 213 214 215 
224 223 222 221 220 219 218 217 216 217 216 215 214 213 212 211 210 211 210 211 212 213 214 213 214 215 216 
225 224 223 222 221 220 219 218 217 218 217 216 215 214 213 212 211 212 211 212 213 214 215 214 215 216 217 
226 225 224 223 222 221 220 219 218 219 218 217 216 215 214 213 212 213 212 213 214 215 216 215 216 217 218 
227 226 225 224 223 222 221 220 219 220 219 218 217 216 215 214 213 214 213 214 215 216 217 216 217 218 219 
228 227 226 -1 224 223 222 221 220 221 220 219 218 217 216 215 214 215 214 215 216 217 218 217 218 219 220 
229 228 -1 226 225 224 223 -1 221 222 221 220 219 218 217 216 215 216 215 216 217 218 219 218 219 220 221 
230 229 228 227 226 225 224 225 -1 -1 222 221 220 219 218 217 216 217 216 217 218 219 220 219 220 221 222 
231 230 229 228 227 226 225 226 225 224 223 222 221 220 219 218 217 218 217 218 219 220 221 220 221 222 223 
232 231 230 229 228 227 226 227 226 225 224 223 222 221 220 219 218 219 218 219 220 221 222 221 222 223 224 
233 232 231 230 229 228 227 228 227 226 225 224 223 222 221 220 219 220 -1 220 221 222 223 222 223 224 225 
234 233 232 231 230 229 228 229 228 227 226 225 -1 223 222 221 220 221 222 221 222 223 224 223 224 225 226 
235 -1 233 232 231 230 229 230 229 228 227 226 225 224 223 222 221 222 223 222 223 224 225 224 -1 226 227 
236 235 234 -1 232 231 230 231 230 229 228 227 226 225 224 223 222 223 224 223 224 225 226 225 226 227 228 
237 236 235 234 233 232 231 232 231 230 229 228 227 226 225 224 223 224 225 224 225 226 227 226 227 228 229 
238 237 236 235 234 233 232 233 232 231 230 229 228 227 226 225 224 225 226 225 226 227 228 227 228 229 230 
239 238 237 236 235 234 233 234 233 232 231 230 229 228 227 226 225 226 227 226 227 228 229 228 229 230 231 
240 239 238 237 236 235 234 235 234 233 232 231 230 229 228 227 226 227 228 227 228 229 230 229 230 231 232 
241 240 239 -1 237 236 235 236 235 234 233 232 231 230 229 228 227 228 229 228 229 230 231 230 231 232 233 
242 241 -1 239 238 237 236 237 236 235 234 233 232 231 230 229 228 229 230 229 -1 231 232 231 232 233 234 
243 242 241 240 239 238 237 238 237 236 235 234 233 232 231 230 229 230 231 230 231 232 233 -1 233 234 235 
244 243 242 241 240 239 -1 239 238 237 236 235 234 233 232 231 230 231 -1 231 232 233 234 235 234 235 236 
245 244 243 242 241 240 241 240 -1 238 237 236 235 -1 233 232 231 232 233 232 233 234 235 236 235 236 237 
246 245 244 243 242 241 242 241 240 239 238 237 236 -1 234 233 232 233 234 233 234 235 236 237 236 237 238 
247 246 245 244 243 242 243 -1 241 240 239 238 237 236 235 234 233 234 235 234 235 236 237 238 237 238 239 
248 247 246 245 244 243 244 243 242 241 -1 239 238 237 236 235 234 235 236 235 236 237 238 239 238 239 240 
249 248 247 246 245 244 245 244 243 242 241 240 239 238 237 -1 235 236 237 236 237 238 239 240 239 240 241 
250 249 248 247 246 245 246 245 244 243 242 241 240 239 238 237 236 237 238 237 238 239 240 241 240 241 242 
251 250 249 248 247 246 247 246 245 244 243 242 241 240 239 238 237 238 239 238 239 240 241 242 241 242 243 
252 251 250 249 248 247 248 247 246 245 244 243 242 -1 240 239 238 239 240 239 240 241 242 -1 242 243 244 
253 252 251 250 249 248 249 -1 247 246 245 244 243 242 241 240 239 240 241 240 241 242 243 244 243 244 245 
254 253 252 251 250 249 250 249 248 247 246 245 244 243 -1 241 240 241 242 241 242 243 244 245 244 245 246 
255 254 253 252 251 250 251 250 -1 248 247 246 -1 244 243 242 241 242 243 242 243 244 245 246 245 246 247 
256 255 254 253 252 251 252 251 250 249 248 247 246 245 244 243 242 243 244 243 244 245 246 247 246 247 248 
257 256 255 254 253 252 253 252 251 250 249 -1 247 246 245 244 243 244 245 244 245 246 247 248 247 248 249 
258 257 256 255 254 253 -1 253 252 251 250 249 248 247 246 -1 244 245 246 245 246 247 -1 249 248 249 250 
259 258 257 256 255 254 255 254 253 252 251 250 249 248 247 246 245 246 247 246 247 248 249 250 249 250 251 
260 -1 258 257 256 255 256 255 254 253 252 251 250 249 248 247 246 247 248 247 248 249 250 251 250 251 252 
261 260 259 258 257 256 257 256 -1 254 253 252 -1 250 249 248 247 248 249 248 249 250 251 252 251 252 253 
262 261 260 259 258 257 258 257 256 255 254 253 252 251 250 249 248 249 250 249 250 251 252 253 252 253 254 
263 262 261 260 259 258 259 258 257 256 255 254 253 252 251 250 249 250 251 250 251 252 253 254 253 254 255 
264 263 262 261 260 259 260 259 258 257 256 255 254 253 252 251 250 251 252 -1 252 253 254 255 254 255 256 
265 264 263 262 261 260 261 260 259 258 257 256 -1 254 253 252 251 252 253 254 -1 254 255 256 255 256 257 
266 265 264 -1 262 261 262 261 260 259 258 257 256 255 254 253 252 253 254 -1 256 255 256 -1 256 257 258 
267 266 265 264 263 262 263 262 261 260 259 258 257 256 255 254 253 -1 255 256 257 256 257 258 257 258 259 
268 267 -1 265 264 263 264 263 262 261 260 259 258 257 256 255 254 255 256 257 258 257 258 259 258 259 260 
269 268 267 266 265 264 265 264 263 262 -1 260 259 258 257 256 255 256 257 258 259 258 259 260 259 260 261 
270 269 268 267 266 265 266 265 264 263 262 261 260 259 258 257 256 257 258 259 260 259 260 261 260 261 262 
271 270 269 268 267 266 267 266 265 264 263 262 261 260 259 258 257 258 259 260 -1 260 261 262 261 262 263 
272 271 270 269 268 267 268 267 266 265 264 263 262 261 260 259 258 259 260 261 262 261 262 263 262 263 264 
273 272 271 270 269 -1 269 268 267 266 265 264 263 262 261 260 259 -1 261 262 263 262 263 264 263 264 265 
274 273 272 -1 270 271 270 269 268 267 266 265 264 263 262 261 260 261 262 263 264 263 264 265 264 265 266 
275 274 273 272 271 272 271 270 269 268 267 266 265 264 263 262 261 262 263 264 265 264 265 266 265 266 267 
276 275 274 273 -1 273 272 271 270 269 268 267 266 265 264 263 262 263 264 265 266 265 266 -1 266 267 268 
277 276 275 274 275 274 273 272 271 270 269 268 267 266 265 264 263 264 265 266 267 266 267 268 267 268 269 
278 277 276 275 276 275 274 273 272 271 270 269 268 267 266 265 264 265 266 267 268 267 268 269 268 269 270 
279 278 277 276 277 276 275 274 273 272 271 270 269 268 267 266 265 266 267 268 269 268 269 270 269 270 271 
280 279 278 277 278 277 276 275 274 273 272 271 270 269 268 267 266 267 268 269 -1 269 270 271 270 271 272 
281 280 279 278 279 278 277 276 275 274 273 272 271 270 269 268 267 268 269 270 271 -1 271 272 271 272 273 
282 281 280 279 280 279 278 277 276 275 274 273 272 271 270 269 268 269 270 271 272 273 272 273 272 273 274 
283 282 281 280 281 280 279 278 277 276 275 274 273 272 271 270 269 270 271 272 273 274 273 274 273 274 275 
284 283 282 281 282 281 280 279 278 277 -1 275 274 -1 272 271 270 271 272 273 274 275 274 275 274 275 276 
285 284 283 282 283 282 281 280 279 278 277 276 275 274 273 272 271 272 273 274 275 276 275 276 275 276 277 
286 285 284 283 284 283 282 281 -1 279 278 277 276 275 274 273 272 273 274 275 276 277 276 277 276 277 278 
287 286 285 284 285 284 283 282 281 280 279 278 277 276 275 274 273 274 275 276 277 278 277 278 277 278 279 
288 287 286 285 286 285 284 283 282 281 280 279 278 277 276 275 274 275 276 277 278 -1 278 279 278 279 280 
289 288 287 286 287 286 285 284 283 282 281 280 279 278 277 276 275 276 277 278 279 280 279 280 279 280 281 
290 289 288 -1 288 287 286 285 284 283 282 281 280 279 278 277 276 277 278 279 280 281 280 281 280 281 282 
291 290 289 290 289 288 287 286 -1 284 283 282 281 280 279 278 277 278 279 280 281 282 281 282 281 282 283 
292 291 -1 291 290 289 288 287 286 285 284 283 282 281 280 279 278 279 280 281 282 283 282 283 282 283 284 
293 292 293 292 291 290 289 288 287 286 285 284 283 282 281 280 -1 280 281 282 283 284 283 284 283 284 285 
294 293 294 293 292 291 290 289 288 287 286 285 284 283 -1 281 282 281 282 -1 284 285 284 285 284 285 286 
295 294 295 294 293 292 291 290 289 288 287 286 285 284 283 282 283 282 283 284 285 286 285 286 285 286 287 
296 295 296 295 294 293 292 291 290 289 288 287 -1 285 284 283 284 283 284 285 286 287 286 287 286 287 288 
297 296 297 296 295 294 293 292 291 290 289 288 287 286 285 284 285 284 285 -1 287 288 287 288 287 288 289 
298 297 298 297 296 295 294 293 292 291 -1 289 288 287 286 285 286 285 286 287 288 289 288 289 288 289 290 
299 298 299 298 297 296 295 294 293 292 291 290 289 288 287 286 287 286 287 288 289 290 289 290 289 290 291 
300 299 300 299 298 297 296 295 294 293 292 291 290 289 288 287 288 287 288 289 290 291 290 291 290 291 292 
301 300 301 300 299 298 297 296 295 294 293 292 291 290 289 288 289 288 289 290 291 292 291 292 291 292 293 
302 301 302 301 300 299 298 297 296 295 294 293 292 291 290 289 290 289 290 291 292 293 292 293 292 293 294 
303 302 303 -1 301 300 299 298 297 296 295 294 293 292 291 290 291 290 291 -1 293 294 293 294 293 294 295 
304 303 304 303 302 301 300 299 298 297 296 295 294 293 292 291 292 291 292 293 294 295 294 295 -1 295 296 
305 304 305 304 303 302 301 300 299 298 297 296 295 294 293 292 293 292 293 294 295 296 295 296 297 296 297 
306 305 306 305 304 303 302 301 300 299 298 297 296 295 294 293 294 293 -1 295 296 297 296 297 298 297 298 
307 306 307 -1 305 304 303 302 301 300 299 298 297 296 295 294 295 294 295 296 297 298 297 298 299 298 299 
308 307 308 307 306 305 304 303 302 301 300 299 -1 297 296 295 296 295 296 297 298 299 298 299 300 -1 300 
309 308 309 308 307 306 305 304 303 302 301 300 -1 298 297 296 297 296 297 -1 299 300 299 300 301 302 301 
310 309 310 309 308 307 306 305 304 303 302 301 300 299 298 297 298 -1 298 299 300 301 300 -1 302 303 302 
311 310 311 310 309 308 307 306 305 304 303 302 301 300 299 298 299 300 299 300 301 302 301 -1 303 304 303 
312 311 312 311 310 309 308 307 306 305 304 303 302 301 300 299 300 301 300 301 302 303 302 303 304 305 304 
313 312 313 312 311 310 309 -1 307 306 305 304 303 302 301 300 301 302 301 302 303 304 303 304 305 306 305 
314 313 314 313 312 311 310 311 -1 307 306 305 304 303 302 301 302 303 302 303 304 305 304 305 306 307 306 
315 314 315 314 313 312 311 310 309 308 307 306 305 304 303 302 303 304 303 304 305 306 305 306 307 308 307 
316 315 316 315 314 313 312 311 310 309 308 307 306 305 304 303 304 305 304 305 306 307 306 307 308 309 308 
317 316 317 316 315 314 313 312 311 310 309 308 307 306 305 304 305 306 305 306 307 308 307 308 309 310 309 
318 317 318 317 316 315 314 313 312 311 310 309 308 307 306 305 306 307 306 307 308 309 308 309 310 311 310 
319 318 319 318 317 316 315 314 313 312 311 310 309 308 307 306 307 308 307 308 309 310 -1 310 311 312 311 
320 319 320 319 318 317 316 315 314 313 312 311 310 309 308 307 308 309 -1 309 310 311 312 311 312 313 312 
321 320 321 320 319 318 317 316 315 314 313 312 311 310 309 -1 309 310 311 310 311 312 313 312 313 314 313 
322 321 322 321 320 319 318 317 316 315 314 313 312 311 310 311 310 311 312 311 312 313 314 313 314 315 314 
323 322 323 322 321 320 319 318 317 -1 315 314 313 312 311 312 311 312 313 312 313 314 315 -1 315 316 315 
324 323 324 323 322 321 320 319 318 317 316 315 314 313 312 313 312 313 314 313 314 315 316 317 316 317 316 
325 324 325 324 323 322 321 320 319 318 317 316 315 314 313 314 313 314 315 314 315 316 317 318 317 318 317 
326 325 326 325 324 323 322 321 320 319 318 317 316 315 314 315 314 315 316 315 316 317 318 319 318 319 318 
327 326 327 326 325 324 323 322 321 320 319 318 317 316 315 316 315 316 317 316 317 318 319 320 319 320 319 
328 327 328 327 326 325 324 323 322 321 320 319 318 317 316 317 316 317 318 317 318 319 320 321 320 321 320 
329 328 329 328 327 326 325 324 323 322 321 320 319 318 317 318 317 318 319 318 319 320 321 322 321 322 321 
330 329 330 329 328 327 326 325 324 323 322 321 320 319 -1 319 318 319 320 319 320 321 322 323 322 323 322 
331 330 331 330 329 328 327 326 325 324 323 322 321 320 321 320 319 320 321 320 321 322 323 324 323 324 323 
332 331 332 331 330 329 328 -1 326 325 324 323 322 321 322 321 320 321 322 321 322 323 324 325 324 325 324 
333 332 333 332 331 330 329 328 327 326 325 324 323 322 323 322 321 322 323 322 323 324 325 326 325 326 325 
334 333 334 333 332 331 330 329 328 327 326 325 324 323 324 -1 322 323 324 323 324 325 326 327 326 327 326 
335 334 335 334 333 332 331 330 329 328 327 326 325 324 325 324 323 324 325 324 325 326 327 328 327 328 327 
336 -1 336 335 334 333 332 331 330 329 328 327 326 325 326 325 324 325 326 325 326 327 328 329 328 329 328 
337 338 337 336 -1 334 333 332 331 330 329 328 327 -1 327 326 325 326 327 326 327 328 329 330 329 330 329 
338 339 338 337 336 335 334 333 332 331 330 329 328 329 328 327 326 327 328 -1 328 329 330 331 330 331 330 
339 340 339 338 337 336 335 334 333 332 331 330 329 330 329 328 -1 328 329 330 329 330 331 332 331 332 331 
340 341 340 339 338 337 336 335 334 333 332 331 330 331 330 329 330 329 330 331 -1 331 332 333 332 333 332 
341 342 341 340 339 338 337 336 335 334 333 332 331 332 331 330 331 330 331 332 333 332 333 334 333 -1 333 
342 343 342 341 340 339 338 337 336 335 334 333 332 333 332 331 332 331 332 333 334 333 334 335 334 335 334 
343 344 -1 342 341 340 339 -1 337 336 335 334 333 334 333 332 333 332 333 334 335 334 335 -1 335 336 335 
344 345 344 343 342 341 340 339 338 337 336 335 334 335 334 333 334 333 334 335 336 335 336 337 336 337 336 
345 346 345 344 343 342 341 340 339 338 337 -1 335 336 335 334 335 334 -1 336 337 336 337 338 337 338 337 
346 347 346 345 344 343 342 341 340 339 338 337 336 337 336 -1 336 335 336 337 338 337 338 339 338 339 338 
347 348 347 346 345 344 343 342 341 340 339 338 337 338 337 338 337 336 337 338 339 338 339 340 339 340 339 
348 -1 348 347 346 345 344 343 -1 341 340 339 338 339 338 339 338 337 338 339 340 339 340 341 340 341 340 
349 350 349 348 347 346 345 344 343 342 341 340 339 340 339 340 339 338 339 340 341 340 341 342 341 342 341 
350 351 350 349 348 347 346 345 344 343 342 341 340 341 340 341 340 339 340 341 342 341 342 343 342 343 342 
351 352 351 350 349 348 347 346 345 344 343 342 341 342 341 342 341 340 341 342 343 342 343 344 343 344 343 
352 353 352 351 350 349 348 347 -1 345 344 343 342 343 342 343 342 341 342 343 344 343 344 345 344 345 344 
353 354 353 352 -1 350 349 348 347 346 345 344 343 344 343 -1 343 342 343 344 345 344 345 346 345 346 345 
354 355 354 353 352 351 350 -1 348 347 346 345 344 345 344 345 344 -1 344 345 346 345 346 347 346 347 346 
355 356 355 354 353 352 351 350 349 348 347 346 345 346 345 346 345 346 345 346 347 346 347 348 347 348 347 
356 357 356 355 354 353 352 351 350 349 348 347 346 347 346 347 346 347 346 347 348 347 348 349 348 349 348 
357 358 357 -1 355 354 353 352 351 350 349 348 347 348 347 348 347 348 347 348 349 348 349 350 349 350 349 
358 359 358 357 356 355 354 353 352 351 350 349 348 349 348 349 348 349 348 349 350 349 350 351 350 351 350 
359 360 359 358 357 356 355 -1 353 352 351 350 349 350 349 350 349 350 349 350 -1 350 351 352 351 352 351 
360 361 360 359 358 357 356 355 354 353 352 351 350 351 350 351 350 351 350 351 352 351 352 353 352 353 352 
361 362 361 360 -1 358 357 356 355 354 353 352 351 352 351 352 351 352 351 352 353 352 353 354 353 354 353 
362 363 362 361 360 359 358 357 356 355 354 353 352 353 352 353 352 353 352 353 354 353 354 355 354 355 354 
363 364 363 362 361 360 359 358 357 356 355 -1 353 354 353 -1 353 354 353 354 355 354 355 356 355 356 355 
364 365 364 363 362 361 360 359 358 357 356 355 354 355 354 355 354 355 354 355 356 355 356 357 356 357 356 
365 366 365 364 363 362 361 360 359 358 357 356 355 356 355 356 355 356 355 356 357 356 357 358 357 358 357 
366 367 366 365 364 363 362 361 360 359 358 357 356 357 356 357 356 357 356 357 358 357 -1 359 358 359 358 
367 368 367 366 -1 364 363 362 361 360 359 358 357 358 357 358 357 358 357 358 359 358 359 360 359 360 359 
368 369 368 367 366 365 364 363 362 361 360 359 358 359 358 359 358 359 358 -1 -1 359 360 361 360 361 360 
369 370 369 368 367 366 365 364 363 362 361 360 359 360 359 360 359 360 359 360 361 360 361 362 361 362 361 
370 371 370 369 368 367 366 365 364 363 362 361 360 361 360 361 360 361 360 361 362 361 362 363 362 363 362 
371 372 371 370 369 368 367 366 365 364 363 362 361 362 361 362 361 362 361 362 363 362 363 364 363 364 363 
372 373 372 371 370 369 368 367 366 365 364 363 362 363 362 363 362 363 362 363 364 363 364 365 364 365 364 
373 374 373 372 371 370 369 368 367 366 365 364 363 364 363 364 363 364 363 364 365 364 365 366 365 366 365 
374 375 374 373 372 371 370 369 368 367 366 365 364 365 364 365 364 365 364 365 366 365 366 367 366 367 366 
375 376 375 374 373 372 371 370 369 368 367 366 365 366 365 366 365 366 -1 366 367 366 367 368 367 368 367 
376 377 376 375 374 373 372 371 370 369 368 367 366 367 366 367 366 367 368 367 368 367 368 369 368 369 368 
377 378 377 376 375 374 373 372 371 370 369 368 367 368 367 368 367 368 369 368 369 368 369 370 369 370 369 
378 379 378 377 376 375 374 373 372 371 370 369 368 369 368 369 368 369 370 369 370 369 370 371 370 371 370 
379 380 379 378 377 376 375 374 373 372 -1 370 369 370 369 370 369 370 371 370 371 370 371 372 371 372 371 
380 381 -1 379 378 377 376 375 374 373 372 371 370 371 370 371 370 371 372 371 372 371 372 373 372 373 372 
381 382 381 380 379 378 377 376 375 374 -1 372 371 372 371 372 371 372 373 372 373 372 373 374 373 374 373 
382 383 382 381 380 379 378 377 376 375 374 373 372 373 372 -1 372 373 374 373 374 373 374 375 374 375 374 
383 384 383 382 381 380 379 378 377 376 -1 374 373 374 373 374 373 374 375 374 375 374 -1 376 375 376 375 
384 385 384 383 382 381 380 379 378 377 376 375 374 375 374 375 374 375 376 375 376 375 376 377 376 377 376 
385 386 385 -1 383 382 381 380 379 378 377 376 375 376 375 376 375 376 377 376 377 -1 377 378 377 378 377 
386 387 386 385 384 383 382 381 380 379 378 377 376 377 376 377 376 377 378 377 378 379 378 379 378 379 378 
387 388 387 -1 385 384 383 382 381 380 379 378 377 378 377 378 377 378 379 378 379 380 379 380 379 380 379 
388 389 388 387 386 385 384 383 382 381 380 379 378 379 378 379 378 -1 380 379 380 381 380 381 380 381 380 
389 390 -1 388 387 386 385 384 383 382 381 380 379 380 379 380 379 380 381 380 381 382 381 382 381 382 381 
390 391 390 389 388 -1 386 385 384 383 382 381 380 381 380 381 380 381 382 381 382 383 382 383 382 383 382 
391 392 391 390 389 388 387 386 385 384 383 382 381 382 381 382 381 382 383 382 383 384 383 384 383 384 383 
392 393 392 391 390 389 388 387 386 385 384 383 382 383 382 383 382 383 384 383 384 385 384 385 384 385 384 
393 394 393 392 391 390 389 388 387 386 385 -1 383 384 383 384 383 384 385 384 -1 386 385 386 385 386 385 
394 395 394 393 392 391 390 389 388 387 386 -1 384 385 384 385 384 385 386 385 386 387 386 -1 386 387 386 
395 396 395 394 393 392 391 390 389 388 387 386 385 386 385 386 385 386 387 386 387 388 387 388 387 388 387 
396 397 396 395 394 393 392 391 390 389 388 387 386 387 386 387 386 387 388 387 388 389 388 389 388 389 388 
397 398 397 396 395 394 393 392 391 390 389 388 387 388 387 388 387 388 389 388 389 390 389 390 389 390 389 
398 399 398 397 396 395 394 393 392 391 390 389 388 389 388 389 388 389 390 389 390 391 390 391 390 391 390 
399 400 -1 398 397 396 395 394 393 392 391 390 389 390 389 390 389 390 391 390 391 392 391 392 391 392 391 
400 401 400 399 398 397 396 395 394 393 392 391 390 391 390 391 390 391 392 391 392 393 392 393 392 393 392 
401 402 401 400 399 398 397 396 395 394 393 392 391 392 391 392 391 392 393 392 393 394 393 394 393 394 393 
402 403 402 401 400 399 398 397 396 395 394 393 392 393 392 393 392 393 394 393 394 395 394 395 394 395 394 
403 404 403 402 401 400 399 398 397 396 395 394 393 394 -1 394 393 394 395 -1 395 396 395 396 395 396 395 
404 405 404 403 402 401 400 399 398 397 396 -1 394 395 396 395 394 395 396 397 396 397 396 397 396 397 396 
405 406 405 404 403 402 401 400 399 398 397 396 395 396 397 396 395 396 397 398 397 398 397 398 397 -1 397 
406 407 406 405 404 403 402 401 -1 399 398 397 396 397 398 397 396 397 398 399 398 399 398 399 398 399 398 
407 408 407 406 405 404 403 402 401 400 399 398 397 398 399 398 -1 398 399 400 399 400 -1 400 399 400 399 
408 409 408 407 -1 405 404 403 402 401 400 399 398 399 400 399 400 399 400 401 400 401 402 401 400 401 400 
409 410 409 408 407 406 405 404 -1 -1 401 400 399 400 -1 400 401 400 401 402 401 402 403 402 401 402 401 
410 411 410 409 408 407 406 405 404 403 402 401 400 401 402 401 402 401 402 403 402 403 404 403 402 403 402 
411 412 411 410 409 408 407 406 405 404 403 402 401 402 403 402 -1 402 403 404 403 404 405 404 403 -1 403 
412 413 412 411 410 409 408 407 406 405 404 403 402 403 404 403 404 403 404 405 404 405 406 405 404 405 404 
413 414 413 412 411 410 409 -1 407 -1 405 404 403 404 405 404 405 -1 405 406 405 406 407 406 405 -1 405 
414 415 414 413 412 411 410 409 408 407 406 405 404 405 406 405 406 407 406 407 -1 407 408 407 406 407 406 
415 416 415 414 413 412 411 410 409 408 407 406 405 406 407 406 407 408 407 -1 409 408 409 408 407 -1 407 
416 417 416 415 414 413 412 411 410 409 408 407 406 407 408 407 408 409 408 409 410 409 410 409 408 409 408 
417 418 417 416 415 414 413 412 411 410 409 408 407 408 409 408 409 410 409 410 411 410 411 410 409 410 409 
418 -1 418 417 416 415 414 413 412 411 410 409 408 409 410 409 -1 411 410 411 412 411 412 411 410 411 410 
419 420 419 418 417 416 415 414 413 412 411 410 409 410 411 410 411 412 -1 412 413 412 413 412 411 412 411 
420 421 420 419 418 417 416 415 414 413 412 411 410 411 412 411 412 413 414 413 -1 413 414 413 412 413 412 
421 422 421 420 419 418 417 416 415 414 413 412 411 412 413 412 413 414 415 414 415 414 415 414 413 414 413 
422 423 422 421 420 419 -1 417 416 415 414 413 412 413 414 413 -1 415 416 415 416 415 416 415 414 415 414 
423 424 423 422 421 420 419 418 417 416 415 414 413 414 415 414 415 416 417 416 417 416 417 416 415 416 415 
424 425 424 423 422 421 420 419 418 417 416 415 414 415 416 415 -1 -1 418 417 418 417 418 417 416 417 416 
425 426 425 424 423 422 421 420 419 418 417 416 415 416 417 416 417 418 419 418 419 418 419 418 417 418 417 
426 427 426 425 424 423 422 421 420 419 418 417 416 417 418 417 418 419 420 419 420 -1 420 419 418 419 418 
427 428 427 426 425 424 423 422 421 420 419 418 417 418 419 418 419 420 421 420 421 422 421 420 419 420 419 
428 429 428 427 426 425 424 423 422 421 420 419 418 419 420 419 420 421 422 421 422 423 422 421 420 421 420 
429 430 429 428 427 426 425 424 423 422 421 420 419 420 421 420 421 422 423 422 423 424 423 422 421 422 421 
430 431 430 429 428 427 426 425 424 423 422 421 420 421 422 421 422 423 424 423 424 425 424 423 422 423 422 
431 432 431 430 429 428 427 426 425 424 423 422 421 422 423 422 423 424 425 424 425 426 425 424 423 424 423 
432 433 432 431 430 429 428 427 426 425 424 423 422 423 424 423 424 425 426 425 426 -1 426 425 424 425 424 
433 434 433 432 431 430 429 428 427 426 425 424 423 424 425 424 425 426 427 426 427 428 427 426 425 426 425 
434 435 434 433 432 431 430 429 428 427 -1 425 424 425 426 425 426 427 428 427 428 429 428 427 426 427 426 
435 436 435 434 433 432 431 430 429 428 427 426 425 426 427 426 427 428 429 428 429 430 429 428 427 428 427 
436 437 436 435 434 433 432 431 -1 429 428 427 426 427 428 427 428 429 430 429 430 431 430 429 428 429 428 
437 438 437 436 435 434 -1 432 431 430 -1 428 427 428 429 428 -1 430 431 430 431 432 431 430 429 430 429 
438 439 438 437 436 435 434 433 432 431 430 429 428 429 430 429 430 431 432 431 432 433 432 431 430 431 430 
439 440 439 438 437 436 435 434 433 432 -1 430 429 430 431 430 431 432 433 432 433 434 433 432 431 432 431 
440 441 440 439 438 437 436 435 434 433 432 431 430 431 432 431 432 433 434 433 434 435 434 433 432 433 432 
441 442 441 440 439 438 437 436 435 434 433 432 431 432 433 432 433 434 435 434 435 436 435 434 433 434 433 
442 443 442 441 440 439 438 437 436 435 434 433 -1 433 434 433 434 435 436 435 436 437 436 435 434 435 434 
443 444 443 442 441 440 439 438 437 436 435 434 435 434 435 434 435 436 437 436 437 438 437 436 435 436 435 
444 445 444 -1 442 -1 440 439 438 437 436 435 436 435 436 435 436 437 438 437 -1 439 438 437 436 437 436 
445 446 445 444 443 442 441 440 439 438 437 436 437 436 437 436 437 438 439 438 439 440 439 -1 437 -1 437 
446 447 446 445 444 443 442 441 440 439 438 437 438 437 438 437 -1 439 440 439 440 441 440 439 438 439 438 
447 448 447 446 445 444 443 442 441 440 439 438 439 438 439 438 439 440 441 440 441 442 441 440 439 -1 439 
448 449 448 447 446 445 444 443 442 441 440 439 440 439 440 439 440 441 442 441 442 443 442 441 440 441 440 
449 450 449 448 447 446 445 444 443 442 -1 440 441 440 441 440 441 442 443 442 443 444 443 442 441 442 441 
450 451 450 449 448 447 446 445 444 -1 442 441 442 -1 442 441 442 443 444 443 444 445 444 443 442 443 442 
451 452 451 450 449 448 447 446 445 444 443 442 443 444 443 442 443 444 445 444 445 446 445 444 443 444 443 
452 453 452 451 450 449 448 447 446 445 444 443 444 445 444 443 444 445 446 445 446 447 446 445 444 445 444 
453 454 453 452 451 450 449 448 447 446 445 444 445 446 445 444 445 446 447 446 447 448 447 446 445 446 445 
454 455 454 453 452 451 450 449 -1 447 446 445 446 447 446 445 446 447 448 447 448 449 448 447 446 447 446 
455 456 455 454 453 452 451 450 451 -1 447 446 447 448 447 446 447 448 449 448 449 450 449 448 447 448 447 
456 457 456 455 454 453 452 451 450 449 448 447 448 449 448 447 448 449 450 449 450 451 450 449 448 449 448 
457 458 457 456 455 454 453 452 451 450 449 448 449 450 449 448 449 450 451 450 451 452 451 450 -1 450 449 
458 459 458 457 456 455 454 453 452 451 450 449 450 451 450 449 450 -1 452 451 452 453 452 451 452 451 450 
459 460 459 458 457 456 455 454 453 452 451 450 451 452 451 450 451 452 453 452 453 454 453 452 453 452 451 
460 461 460 459 458 -1 456 455 454 453 452 451 452 453 452 451 452 453 454 453 454 455 454 453 454 453 452 
461 462 461 460 459 458 457 456 455 454 453 452 453 454 453 452 453 454 455 454 455 456 455 454 455 454 453 
462 463 462 461 460 459 458 457 456 455 454 453 454 455 454 453 454 455 456 455 456 -1 456 455 456 455 454 
463 -1 463 462 461 460 459 458 457 456 455 -1 455 456 455 454 455 456 457 456 457 458 457 456 457 456 455 
464 465 464 463 462 461 460 459 458 457 456 457 456 457 456 455 456 457 458 457 458 459 458 457 458 457 456 
465 466 465 464 463 462 461 460 459 458 457 458 457 458 457 456 457 458 459 458 459 460 459 458 -1 458 457 
466 467 466 465 464 463 462 461 460 459 458 459 458 459 458 457 458 459 460 459 460 461 460 459 460 459 458 
467 468 467 466 465 464 -1 462 461 460 459 460 459 460 459 458 459 460 461 -1 461 462 461 460 461 460 459 
468 469 468 467 466 465 464 463 462 461 460 461 460 461 460 459 460 461 462 -1 462 463 462 461 462 461 460 
469 470 469 468 467 466 465 464 463 462 461 462 461 462 461 460 461 462 463 464 463 464 463 462 463 462 461 
470 471 470 469 468 467 466 465 464 463 462 463 462 463 462 461 -1 463 464 465 464 465 464 463 464 463 462 
471 -1 471 470 469 468 467 466 465 464 463 464 463 464 463 462 463 464 465 466 465 466 465 464 465 464 463 
472 473 472 471 470 469 468 467 466 465 464 465 464 465 464 463 464 465 466 467 466 467 466 465 466 465 464 
473 474 473 472 471 470 469 468 467 466 465 466 465 466 465 464 465 466 467 468 467 468 467 466 467 466 465 
474 475 474 473 472 471 470 469 468 467 466 467 466 467 466 465 466 467 468 469 468 469 468 467 468 467 466 
475 476 475 474 473 472 471 470 469 468 467 468 467 468 467 466 467 468 469 470 469 470 -1 468 469 468 467 
476 477 476 475 474 473 472 471 470 469 468 469 468 469 468 467 468 469 470 471 470 471 470 469 470 469 468 
477 478 477 -1 475 474 473 472 471 470 469 470 469 470 469 468 469 470 471 472 471 472 471 470 471 470 469 
478 479 478 477 476 475 474 473 472 471 470 471 470 471 470 469 470 471 472 473 472 473 472 471 472 471 470 
479 -1 479 478 477 476 475 474 473 472 471 472 471 472 471 470 471 472 473 474 473 474 473 472 473 472 471 
480 481 480 479 478 477 -1 475 474 473 472 473 472 473 472 471 472 473 474 475 474 475 474 -1 -1 473 472 
481 482 481 480 479 478 479 -1 475 474 473 474 473 474 473 472 473 474 475 -1 475 476 475 476 475 474 473 
482 483 482 481 480 479 478 477 476 475 474 475 474 475 474 473 474 475 476 477 476 477 476 477 476 475 474 
483 484 483 482 481 480 479 478 477 476 -1 476 475 476 475 474 475 476 477 478 477 478 477 478 477 476 475 
484 485 484 483 482 481 480 479 478 477 478 477 476 477 476 475 476 477 478 479 478 479 478 479 478 477 476 
485 486 485 484 483 482 481 480 479 478 479 478 477 478 477 476 477 478 479 480 479 480 479 480 479 478 477 
486 487 486 485 484 483 482 481 480 479 480 -1 478 479 478 477 478 479 -1 481 480 481 -1 481 480 479 478 
487 488 487 486 485 484 483 482 -1 480 481 480 479 480 479 478 479 480 481 482 481 482 483 482 481 480 479 
488 489 488 487 486 485 484 483 482 481 482 481 480 481 480 479 480 481 482 483 482 483 484 483 482 481 480 
489 490 489 488 487 486 485 484 483 482 483 482 481 482 481 480 481 482 483 484 483 484 485 484 483 482 481 
490 491 490 -1 488 487 486 485 484 483 484 483 482 483 482 481 482 483 484 485 484 485 486 -1 484 483 482 
491 492 491 -1 489 488 487 486 485 484 485 484 483 484 483 482 483 484 -1 486 485 486 487 486 485 484 483 
492 493 492 491 490 489 488 487 486 485 486 485 484 485 484 483 484 485 486 487 486 487 488 487 486 485 484 
493 494 493 492 491 490 489 488 487 486 487 486 485 486 485 484 485 486 487 488 487 488 489 488 487 486 485 
494 495 494 493 492 491 490 489 488 487 488 487 486 487 486 485 486 487 488 489 488 489 490 489 488 487 486 
495 496 495 494 493 492 491 490 -1 488 489 488 487 488 487 486 487 -1 -1 490 489 490 491 490 489 488 487 
496 497 496 495 494 493 492 491 490 489 490 489 488 489 488 487 488 489 490 491 490 491 492 491 490 489 488 
497 498 497 496 495 494 493 492 491 490 491 490 489 490 489 488 489 490 -1 492 491 492 493 492 491 490 489 
498 499 498 497 496 495 494 493 492 491 492 491 490 491 490 489 490 491 492 493 492 -1 494 493 492 491 490 
499 500 499 498 497 496 495 494 493 492 493 492 491 492 491 490 491 492 493 494 493 494 495 494 493 492 491 
500 501 500 499 498 497 496 495 494 493 494 493 492 493 492 491 492 493 494 495 494 -1 496 495 494 493 492 
501 502 501 500 499 498 497 496 495 494 495 494 493 494 493 492 493 494 495 496 495 496 497 496 495 494 493 
502 503 502 501 500 499 498 497 496 495 496 495 494 495 494 493 494 495 496 497 496 497 498 497 496 495 494 
503 504 503 502 501 500 499 498 497 496 497 496 495 496 495 494 495 496 497 498 497 498 499 498 497 496 495 
504 505 504 503 502 501 500 499 498 497 498 497 496 497 496 495 496 497 498 499 498 499 500 499 498 497 496 
505 506 505 504 503 502 501 500 499 498 499 498 497 498 497 496 497 498 499 500 499 500 501 500 499 498 497 
506 507 506 505 504 -1 502 501 500 499 500 499 498 499 498 497 498 499 500 501 500 501 502 501 500 499 498 
507 508 507 506 505 504 503 502 501 500 501 500 499 500 499 498 499 500 501 502 501 -1 503 502 501 500 499 
508 509 508 507 506 505 504 503 502 501 502 501 500 501 500 499 500 501 502 503 502 503 504 503 502 501 500 
509 510 509 508 507 506 505 504 503 502 503 502 501 502 501 500 501 502 503 504 503 504 505 504 503 502 501 
510 511 510 509 508 507 506 505 504 503 504 503 -1 503 502 501 502 503 504 505 504 505 506 505 504 503 502 
511 512 511 510 509 508 507 506 505 504 505 504 -1 504 503 502 503 504 505 506 505 506 507 506 505 504 503 
512 513 512 511 510 509 508 507 506 505 506 505 506 505 504 503 504 505 506 507 506 507 508 507 506 505 504 
513 514 513 512 511 510 509 508 507 506 507 506 507 506 505 504 505 506 507 508 507 508 -1 508 507 506 505 
514 515 514 513 512 511 510 509 508 507 508 507 508 507 506 505 506 507 -1 509 508 509 510 509 508 507 506 
515 516 515 514 513 512 511 510 509 508 509 508 509 508 507 506 507 508 509 510 509 510 511 510 509 508 507 
516 517 516 515 514 513 512 511 510 509 510 509 510 509 508 507 508 509 510 511 510 511 512 511 510 509 508 
517 518 517 516 -1 514 513 512 511 510 511 510 511 510 509 508 509 510 511 512 511 512 513 512 511 510 509 
518 519 518 517 516 515 514 513 512 511 512 511 512 511 510 509 510 511 512 513 512 513 514 513 512 511 510 
519 520 519 518 517 516 515 514 513 512 513 512 513 512 511 510 511 512 513 514 513 514 515 514 513 512 511 
520 521 520 519 518 517 516 515 514 513 514 513 514 513 512 511 512 513 514 515 514 515 516 515 514 513 512 
521 522 521 520 -1 518 517 516 515 514 515 514 515 514 513 512 513 514 515 516 515 516 517 516 515 514 513 
522 523 522 521 520 519 518 517 516 515 516 515 516 515 514 513 514 515 516 517 516 517 518 517 516 515 514 
523 524 523 522 521 520 519 518 517 516 517 516 517 516 515 514 515 516 517 518 517 518 519 518 517 516 515 
524 525 524 523 522 521 520 519 518 517 518 -1 518 -1 516 515 516 517 518 519 518 519 520 519 518 517 516 
525 526 525 524 523 522 521 520 519 518 519 520 519 -1 517 516 517 518 519 520 519 -1 521 520 519 518 517 
526 -1 -1 525 524 523 522 521 520 519 520 521 520 519 518 517 518 519 520 521 520 521 522 521 520 519 518 
527 528 527 526 525 524 523 522 521 520 521 522 521 520 519 518 519 520 521 522 521 522 523 522 521 520 519 
528 529 528 527 526 525 524 523 522 521 522 523 522 521 520 519 520 521 522 523 522 523 524 523 -1 521 520 
529 530 -1 528 527 526 525 524 523 522 523 524 523 522 521 520 521 522 523 524 523 524 525 524 523 522 521 
530 531 530 529 528 527 -1 525 524 523 524 525 524 523 522 521 522 523 524 525 524 525 526 525 524 523 522 
531 -1 531 530 529 528 527 526 525 524 525 526 525 524 523 522 523 524 525 526 -1 526 527 526 525 524 523 
532 533 532 531 530 529 528 527 526 525 526 527 526 525 524 523 524 525 526 527 528 527 528 527 526 525 524 
533 534 533 532 531 530 529 528 -1 526 527 528 527 526 525 524 525 -1 527 528 529 528 529 528 527 526 525 
534 535 534 533 532 531 530 529 528 527 528 529 528 527 526 525 526 527 528 529 530 529 530 -1 528 527 526 
535 536 535 534 533 532 531 530 529 528 529 530 -1 528 527 526 527 528 529 530 531 530 531 530 529 528 527 
536 537 536 535 534 533 532 531 530 529 530 531 530 529 528 527 528 529 530 531 532 531 532 531 -1 529 528 
537 538 537 536 535 534 533 532 531 530 531 532 531 530 529 528 529 530 531 532 533 532 533 532 531 530 529 
538 539 538 537 536 535 534 533 532 531 532 533 532 531 530 529 530 531 532 533 534 533 534 533 532 531 530 
539 540 539 538 537 536 -1 534 533 532 533 534 533 532 531 530 531 532 533 534 -1 534 535 534 533 532 531 
540 541 540 539 538 537 536 535 534 533 534 535 534 533 532 531 532 533 534 535 536 535 536 535 534 533 532 
541 542 541 540 539 538 537 536 535 534 535 536 535 534 533 532 533 534 535 536 537 536 537 536 535 534 533 
542 543 542 541 540 539 538 537 536 535 536 537 536 535 534 533 534 535 536 537 538 -1 538 537 536 535 534 
543 544 543 542 541 540 539 538 537 536 537 538 537 536 535 534 535 536 537 538 539 540 539 538 537 536 535 
544 545 544 543 542 -1 540 -1 538 537 538 539 538 537 536 535 536 537 538 539 540 541 540 539 538 537 536 
545 546 545 544 543 542 541 540 539 538 -1 540 539 538 537 536 537 538 539 540 541 542 541 540 539 538 537 
546 547 546 545 544 543 542 541 540 539 540 541 540 539 538 537 538 539 540 541 542 543 542 541 540 539 538 
547 548 547 546 545 544 543 542 541 540 541 -1 541 540 539 538 539 540 541 542 543 544 543 542 541 540 539 
548 549 548 547 546 545 544 543 542 541 542 543 542 541 540 539 540 541 542 543 544 545 544 543 -1 541 540 
549 550 549 548 547 546 545 544 543 542 543 544 543 542 541 540 541 542 543 544 545 546 545 544 543 542 541 
550 551 550 549 548 547 546 545 544 543 544 545 544 543 542 541 542 543 544 545 546 547 546 545 544 543 542 
551 552 551 550 549 548 547 546 545 544 545 546 545 544 543 542 543 544 545 546 547 548 -1 546 545 544 543 
552 553 552 551 550 549 548 547 546 545 546 547 546 545 544 543 544 545 546 547 548 549 548 547 546 545 544 
553 554 553 552 551 550 549 548 547 546 547 548 547 546 545 544 545 546 547 -1 549 550 549 548 547 546 545 
554 555 554 553 552 551 550 549 548 547 548 549 548 547 546 545 546 547 548 549 550 551 550 549 548 547 546 
555 556 555 -1 553 552 551 -1 549 548 549 550 549 548 547 546 547 548 549 550 551 552 551 550 549 548 547 
556 557 556 555 554 553 552 553 -1 549 550 551 550 549 548 547 548 549 550 551 552 553 552 551 550 549 548 
557 558 557 556 555 554 553 552 551 550 551 552 551 550 549 548 549 550 551 552 553 554 553 552 551 -1 549 
558 559 558 557 556 555 554 553 552 551 552 -1 552 551 550 549 550 551 552 553 554 555 554 553 552 551 550 
559 560 559 558 557 556 555 554 553 552 553 554 553 552 551 550 551 552 553 554 555 556 -1 554 553 552 551 
560 561 560 559 558 557 556 555 554 553 554 555 554 553 -1 551 552 553 -1 555 556 557 556 555 554 553 552 
561 562 561 560 559 558 557 556 555 554 555 556 555 554 553 552 553 554 555 556 557 558 557 556 555 554 553 
562 563 562 561 560 559 558 557 556 555 556 557 556 555 554 553 554 555 556 557 558 559 558 557 556 555 554 
563 564 563 562 561 560 559 558 557 556 557 558 557 556 555 554 555 556 557 558 559 560 559 558 557 556 555 
564 565 564 563 562 561 560 559 558 557 558 559 558 557 556 555 556 557 558 559 560 561 560 559 558 557 556 
565 566 565 564 563 562 561 560 559 558 559 560 559 558 557 556 557 558 559 560 561 562 561 560 559 558 557 
566 567 566 565 564 563 562 561 560 559 560 561 560 559 558 557 558 559 560 561 562 563 562 561 560 559 558 
567 568 567 566 565 564 563 562 561 560 561 562 561 560 559 558 559 560 561 562 563 564 563 -1 561 560 559 
568 569 568 567 566 565 564 563 562 561 562 563 562 561 560 559 560 561 562 563 564 565 564 563 562 561 560 
569 570 569 568 567 566 565 564 563 562 563 564 563 562 561 560 561 562 563 564 565 566 565 564 563 562 561 
570 571 570 569 568 567 566 565 564 563 564 565 564 563 562 561 562 563 564 565 566 -1 566 565 564 563 562 
571 572 571 570 569 568 567 566 565 564 565 566 565 564 563 562 563 564 565 566 567 -1 567 566 565 564 563 
572 573 572 571 570 569 568 567 566 565 566 567 566 565 -1 563 564 565 566 567 568 569 568 567 566 565 564 
573 574 573 572 571 570 569 568 567 566 567 568 567 566 565 564 565 566 567 568 569 570 569 568 567 566 565 
574 575 574 573 572 571 570 569 568 567 568 569 568 567 566 565 566 567 568 569 570 571 570 569 568 567 566 
575 -1 575 574 573 572 571 570 569 568 569 570 569 568 567 566 -1 568 569 570 -1 572 571 570 569 568 567 
576 577 576 575 574 573 -1 571 570 569 570 571 570 569 568 567 568 569 570 571 572 573 572 571 570 569 568 
577 578 577 -1 575 574 573 572 571 570 571 572 571 570 569 568 569 570 571 572 573 574 573 572 571 570 569 
578 579 578 577 576 575 574 573 572 571 572 573 572 571 570 569 570 571 572 573 574 575 574 573 572 571 570 
579 580 579 578 577 576 575 574 573 572 573 574 573 572 571 570 571 572 573 574 575 576 575 574 573 572 571 
580 581 580 579 578 577 576 575 574 573 574 575 574 573 572 571 -1 573 574 575 576 577 576 575 574 573 572 
581 582 581 580 579 578 577 576 575 574 575 576 575 574 573 572 573 574 575 576 577 578 577 576 575 574 573 
582 583 582 581 580 579 578 577 576 575 576 577 576 575 574 573 574 575 576 577 578 579 578 577 576 575 574 
583 584 583 582 581 580 579 578 577 576 577 578 577 576 575 574 575 576 577 578 579 580 579 578 577 576 575 
584 585 -1 583 582 581 580 579 578 577 578 579 578 577 576 575 576 577 578 579 580 581 580 579 578 577 576 
585 586 585 584 583 582 581 580 579 578 579 580 579 578 577 576 577 578 579 580 581 582 581 580 579 578 577 
586 587 586 585 584 583 582 581 580 579 580 581 580 579 578 577 578 579 580 581 582 583 582 581 580 579 578 
587 588 587 586 585 584 583 582 581 580 581 582 581 580 579 578 579 580 581 582 583 584 583 582 581 580 579 
588 589 588 587 586 585 584 583 582 581 582 583 582 581 580 579 580 581 582 583 584 585 584 583 582 581 580 
589 590 589 588 587 586 585 584 583 582 583 -1 583 582 581 580 581 582 583 584 585 586 585 584 583 582 581 
590 591 590 589 588 587 586 585 584 583 584 585 584 583 582 581 582 583 584 585 586 587 586 585 584 583 582 
591 592 591 590 589 588 587 586 585 584 585 586 585 584 583 582 583 584 585 586 587 588 587 586 -1 -1 583 
592 593 592 591 -1 589 588 587 586 585 586 -1 586 585 584 583 584 585 586 587 588 589 588 587 586 585 584 
593 594 593 592 591 590 589 588 587 586 -1 588 587 586 585 584 585 586 587 588 589 590 589 588 587 586 585 
594 595 594 593 592 591 590 -1 588 587 588 589 588 587 586 585 586 587 588 589 590 591 590 589 588 587 586 
595 596 595 594 593 592 591 590 589 588 589 -1 589 588 587 586 -1 588 589 590 591 592 591 590 589 588 587 
596 597 596 595 594 593 -1 591 590 589 590 591 590 589 588 587 588 589 590 591 592 593 592 591 590 -1 588 
597 598 597 596 595 594 593 592 591 590 591 -1 591 590 589 588 589 590 591 592 593 594 593 592 591 590 589 
598 599 598 597 596 595 594 593 592 591 -1 593 592 591 590 589 590 591 592 593 594 595 594 593 592 591 590 
599 600 599 598 597 596 595 594 -1 592 593 594 593 592 591 590 591 592 593 594 595 596 595 594 593 592 591 
600 601 600 599 598 597 596 595 594 593 594 595 594 593 592 591 592 593 594 595 596 597 596 595 594 593 592 
601 602 601 600 599 -1 597 596 595 594 595 596 595 594 593 592 593 594 595 596 597 598 597 596 595 594 593 
602 603 602 601 600 599 598 597 596 595 596 597 596 595 594 593 594 595 596 597 598 599 598 597 596 595 594 
603 604 603 602 601 600 599 598 597 596 597 598 597 596 595 594 595 596 597 598 599 600 599 598 597 596 595 
604 605 604 603 602 601 600 599 598 597 598 599 598 597 596 595 596 597 598 599 600 601 600 599 598 597 596 
605 606 605 604 603 602 601 600 599 598 599 600 599 598 597 596 597 598 599 600 601 602 601 600 599 598 597 
606 607 606 605 604 -1 602 601 600 599 600 601 600 599 598 597 598 599 600 601 602 603 602 601 600 599 598 
607 608 607 606 605 604 603 602 601 600 -1 602 601 600 599 598 599 600 601 602 603 604 603 602 -1 600 599 
608 609 608 607 606 605 604 603 602 601 602 603 602 601 600 599 600 601 602 603 604 605 604 603 602 601 600 
609 610 609 608 607 606 605 604 603 602 603 604 603 602 601 600 601 602 603 604 605 606 605 604 603 -1 601 
610 611 610 609 608 -1 606 605 604 603 604 605 604 603 602 601 602 603 604 605 606 607 606 -1 604 603 602 
611 612 611 610 609 608 607 606 605 604 605 606 605 604 603 602 603 604 605 606 607 608 607 606 605 604 603 
612 613 612 611 610 609 608 607 606 605 606 607 606 605 604 603 604 605 606 607 608 609 -1 607 606 605 604 
613 614 613 612 611 610 609 608 607 606 607 608 607 606 -1 604 605 606 607 608 609 610 -1 608 607 606 605 
614 615 614 613 612 611 610 609 608 607 608 609 608 607 606 605 606 607 608 609 610 611 610 609 608 607 606 
615 616 615 614 613 612 611 610 609 608 609 610 609 608 607 606 607 608 609 610 611 612 611 610 609 608 607 
616 617 616 615 614 613 612 611 610 609 610 611 610 609 608 -1 608 609 610 611 612 613 612 611 610 609 608 
617 618 617 616 615 614 613 612 611 610 611 612 611 610 609 610 609 610 611 612 613 614 613 612 611 610 609 
618 -1 618 617 616 615 614 613 612 611 612 613 612 611 -1 611 610 611 612 613 614 615 614 613 612 611 610 
619 620 619 618 617 616 615 614 613 612 613 614 613 612 613 612 611 -1 613 614 615 616 -1 614 613 612 611 
620 621 620 619 618 617 616 615 614 613 614 615 614 613 614 613 612 613 614 615 616 617 616 615 614 613 612 
621 622 621 620 619 618 617 616 615 614 615 616 615 614 615 614 613 614 615 616 617 618 617 616 615 614 613 
622 623 622 621 620 619 618 617 616 615 616 617 616 615 616 615 614 615 616 617 618 619 618 617 -1 615 614 
623 624 623 622 621 620 619 618 617 616 617 618 617 616 617 616 615 -1 617 618 619 620 619 618 617 616 615 
624 625 -1 623 622 621 620 619 618 617 618 619 618 617 618 617 616 -1 618 619 620 621 620 619 618 617 616 
625 626 625 624 623 622 621 620 619 618 619 620 619 618 619 618 617 618 619 620 621 622 621 620 619 618 617 
626 627 626 625 624 623 622 621 620 619 620 621 620 619 620 619 618 619 620 621 622 623 622 621 620 619 618 
627 628 -1 626 625 624 623 622 621 620 621 622 621 620 621 620 619 620 621 622 623 624 623 622 621 620 619 
628 629 -1 627 626 625 624 623 622 621 622 623 622 621 622 621 620 621 622 623 624 625 624 623 622 621 620 
629 630 629 628 627 626 625 624 623 -1 623 624 623 622 623 622 621 622 623 624 625 626 625 624 623 622 621 
630 631 630 629 628 627 626 625 624 625 624 625 624 623 624 623 622 623 624 625 626 627 626 625 624 623 622 
631 632 631 630 629 628 627 626 625 626 625 626 625 624 625 624 623 624 625 626 627 628 627 626 625 624 623 
632 633 632 631 630 629 628 627 626 627 626 627 626 625 626 625 624 625 626 627 628 629 628 627 626 625 624 
633 634 633 632 631 630 629 628 627 628 627 628 627 626 627 626 625 626 627 628 629 630 629 628 627 626 625 
634 635 634 633 632 631 630 629 628 629 628 629 628 -1 628 627 626 627 628 629 630 631 630 629 628 627 626 
635 636 635 634 633 632 631 630 629 630 629 630 629 630 629 628 627 628 629 630 631 632 631 630 629 628 627 
636 637 636 635 634 633 632 631 630 631 630 631 630 631 630 629 628 629 630 631 632 633 632 631 630 629 628 
637 638 637 636 635 634 633 632 631 632 631 632 631 632 631 630 629 630 631 632 633 634 633 632 631 630 629 
638 639 638 637 636 635 634 633 -1 633 632 633 632 633 632 631 630 631 632 633 634 635 634 633 632 631 630 
639 640 639 638 637 636 635 634 635 634 633 634 633 634 633 632 631 632 633 634 635 636 635 634 633 632 631 
640 641 640 639 638 637 636 635 636 635 634 635 634 635 634 633 632 633 634 635 636 637 636 635 634 633 632 
641 642 641 640 639 638 637 636 637 636 635 636 635 636 635 634 633 634 635 636 637 638 637 636 635 634 633 
642 643 642 641 640 639 638 637 638 637 636 637 636 637 636 635 634 635 636 637 638 639 638 637 636 635 634 
643 644 643 642 641 640 639 638 639 638 637 638 637 638 637 636 635 636 637 638 639 640 639 638 637 636 635 
644 645 644 643 642 641 640 639 640 639 638 639 638 639 638 637 636 637 638 639 640 -1 640 639 638 637 636 
645 646 645 644 643 642 641 640 641 640 639 640 639 640 639 -1 637 638 639 640 641 642 641 640 -1 638 637 
646 647 646 645 644 643 642 641 642 641 640 641 640 641 640 639 638 639 640 641 642 643 -1 641 640 639 638 
647 648 647 646 645 644 643 642 643 642 641 -1 641 642 641 640 639 640 641 642 643 644 643 642 641 640 639 
648 -1 648 647 646 645 644 643 644 643 642 643 642 643 642 641 640 641 642 643 644 645 644 643 642 641 640 
649 650 649 648 647 646 645 644 645 644 643 644 643 644 643 642 641 642 643 644 645 646 645 644 643 642 641 
650 651 650 649 648 647 646 645 646 645 644 645 644 645 644 643 642 643 644 645 646 647 646 645 644 643 642 
651 652 651 650 649 648 647 646 647 646 645 -1 645 646 645 644 643 -1 645 646 647 -1 647 646 645 644 643 
652 653 652 651 650 649 648 647 648 647 646 647 -1 647 646 645 644 645 646 647 648 649 648 647 646 645 644 
653 654 653 -1 651 650 649 648 649 648 647 648 649 648 647 646 645 646 647 648 649 650 649 648 647 646 645 
654 655 654 653 652 651 650 649 650 -1 648 649 650 649 648 647 646 647 648 649 650 651 650 649 648 647 646 
655 656 655 654 653 652 651 650 651 650 649 650 651 650 649 648 647 648 649 650 651 652 651 650 649 648 647 
656 657 656 655 654 653 652 651 652 -1 650 651 652 651 650 649 648 649 650 651 652 653 652 651 650 649 648 
657 658 657 656 655 654 -1 652 653 652 651 652 653 652 651 650 649 650 651 652 653 654 653 652 651 650 649 
658 659 658 657 656 655 654 653 654 653 652 653 654 653 -1 651 650 651 652 653 654 655 654 653 652 651 650 
659 660 659 658 657 656 655 654 655 654 653 654 655 654 653 652 651 652 653 654 655 656 655 654 653 -1 651 
660 661 660 659 658 657 -1 655 656 655 654 655 656 -1 654 653 652 653 654 655 656 657 656 655 654 653 652 
661 662 661 660 659 658 657 656 657 656 655 656 -1 656 655 654 653 654 655 656 657 658 657 656 655 654 653 
662 663 662 661 660 659 658 657 658 657 656 657 658 657 656 655 654 655 656 657 658 659 658 657 656 655 654 
663 664 663 662 661 660 659 658 659 658 657 658 659 658 657 656 655 656 657 658 659 660 659 658 657 656 655 
664 665 664 663 662 661 660 659 660 659 658 659 660 659 658 657 656 657 658 659 660 661 660 659 658 657 656 
665 666 665 664 663 662 661 660 661 660 659 660 661 660 659 658 -1 658 659 660 661 662 661 660 659 658 657 
666 667 666 -1 664 663 662 661 662 661 660 661 -1 661 660 659 660 659 660 661 662 663 662 661 660 659 658 
667 668 667 666 665 664 663 662 663 662 661 662 663 662 661 660 661 660 661 662 663 664 663 662 661 660 659 
668 669 668 667 666 665 664 -1 664 663 662 663 664 663 -1 661 662 661 662 663 664 665 664 -1 662 661 660 
669 670 669 668 667 666 665 -1 665 664 663 664 665 664 663 662 663 662 663 664 665 666 665 664 663 662 661 
670 671 670 669 668 667 666 667 666 665 664 665 666 665 664 663 664 663 664 665 666 667 666 665 664 663 662 
671 672 671 670 669 668 667 668 667 666 665 666 667 666 665 664 665 664 665 666 667 668 667 666 665 664 663 
672 673 672 671 670 669 668 669 668 -1 -1 667 -1 667 -1 665 666 665 666 667 668 669 668 667 666 665 664 
673 674 673 672 671 670 669 670 669 670 669 668 669 668 667 666 667 666 667 668 669 670 -1 668 667 666 665 
674 675 674 673 672 671 670 671 670 671 670 669 670 669 668 667 668 667 668 669 670 671 670 669 668 667 666 
675 676 675 674 673 672 671 672 -1 672 671 670 671 670 669 668 669 668 669 670 671 672 671 670 669 668 667 
676 677 676 675 674 673 672 673 674 673 672 671 672 671 670 669 670 669 670 671 672 673 672 671 670 669 668 
677 678 677 676 675 674 673 674 675 674 673 672 673 672 671 670 671 670 671 -1 673 674 673 672 671 670 669 
678 679 678 677 676 675 -1 675 676 675 674 673 674 673 672 671 672 671 672 673 674 675 674 673 672 671 670 
679 680 679 678 677 676 677 676 677 676 675 674 675 674 673 672 673 672 673 674 675 676 675 674 673 672 671 
680 681 680 -1 678 -1 678 677 678 677 676 675 676 675 674 673 -1 673 674 675 676 677 676 675 674 673 672 
681 682 681 680 679 -1 679 678 679 678 677 676 677 676 -1 674 675 674 675 676 677 678 677 676 675 674 673 
682 683 682 681 680 681 680 679 680 679 678 677 678 677 676 675 676 675 676 677 678 679 678 677 676 675 674 
683 684 683 682 681 682 681 680 681 680 679 678 679 678 677 676 677 676 677 678 679 680 679 678 677 676 675 
684 685 684 683 682 683 682 681 682 681 680 -1 680 679 678 677 678 677 678 679 680 681 680 679 678 677 676 
685 686 685 684 683 684 683 682 683 -1 681 682 681 680 -1 678 679 678 679 680 681 682 681 680 679 678 677 
686 687 686 685 684 685 684 683 684 683 682 683 682 681 680 679 680 679 680 681 682 683 682 681 680 679 678 
687 688 687 686 685 686 685 684 685 684 683 684 683 682 681 680 681 680 681 682 683 684 683 682 681 680 679 
688 689 688 687 686 687 686 685 686 685 684 685 684 683 682 681 682 681 682 683 684 685 684 683 682 681 680 
689 690 689 688 687 688 687 686 687 686 685 686 685 684 683 682 683 682 683 684 685 686 685 684 683 682 681 
690 691 690 689 688 689 688 687 688 687 686 687 686 685 684 683 684 683 684 685 686 687 686 685 684 683 682 
691 692 691 690 689 690 689 688 689 688 687 688 -1 686 685 684 685 684 685 686 687 688 687 686 685 684 683 
692 693 692 691 690 691 690 689 -1 689 688 689 688 687 686 685 686 685 686 687 688 689 688 687 686 685 684 
693 694 -1 692 691 692 691 690 691 690 689 690 689 688 687 686 687 686 687 688 689 690 689 688 687 686 685 
694 695 694 693 692 693 692 691 692 691 690 691 690 689 688 687 688 687 688 689 690 691 690 689 688 687 686 
695 696 695 -1 693 694 693 692 693 692 691 692 691 690 689 688 689 688 689 690 691 692 691 690 689 688 687 
696 697 696 695 694 695 694 693 694 693 692 693 692 -1 690 689 690 689 690 691 692 693 692 691 690 689 688 
697 698 697 696 695 696 695 694 695 694 693 694 693 692 691 690 691 -1 691 692 693 694 693 692 691 690 689 
698 699 698 697 696 697 696 695 696 695 694 695 694 693 692 691 692 693 692 693 694 695 694 693 692 691 690 
699 700 699 698 697 698 697 696 697 696 -1 696 695 694 693 692 693 694 693 694 695 696 695 694 693 692 691 
700 701 700 699 698 699 698 697 698 697 698 697 696 695 694 693 694 695 694 695 696 -1 696 695 694 693 692 
701 702 701 700 699 -1 699 698 -1 698 699 698 697 696 695 694 695 696 695 696 697 698 697 696 695 -1 693 
702 703 702 701 -1 701 700 699 700 699 700 699 698 697 696 695 696 697 696 697 698 699 698 697 696 -1 694 
703 704 703 702 703 702 701 700 701 700 701 700 699 698 697 696 697 698 697 698 699 700 699 698 697 696 695 
704 705 704 703 -1 703 702 701 702 701 702 701 -1 699 698 697 698 699 698 699 700 701 700 699 698 697 696 
705 706 705 704 705 704 703 702 703 702 703 702 701 700 699 698 699 700 699 700 701 702 701 700 699 698 697 
706 707 706 705 706 705 704 703 704 703 704 703 702 -1 700 699 700 701 700 701 702 703 702 701 700 699 698 
707 708 707 706 707 706 705 704 705 704 705 704 703 702 701 700 701 702 -1 702 703 704 703 702 701 700 699 
708 709 708 707 708 707 706 705 706 705 706 -1 704 703 702 701 702 703 704 703 704 705 704 703 702 701 700 
709 710 709 708 709 708 707 706 707 706 707 706 705 704 703 702 703 704 705 704 705 706 705 704 703 702 701 
710 711 710 709 710 709 708 707 708 707 708 707 706 705 704 703 704 705 706 705 706 707 706 705 704 703 702 
711 712 711 710 711 710 709 708 709 708 709 708 707 706 705 704 705 706 707 706 707 -1 707 706 705 704 703 
712 713 712 711 712 711 710 709 710 709 710 709 708 707 706 705 706 707 -1 -1 708 709 708 707 706 705 704 
713 -1 713 712 713 712 711 710 711 710 711 710 709 708 707 706 707 708 709 710 709 710 709 708 707 706 705 
714 -1 714 713 714 713 712 711 712 711 712 711 710 709 708 707 708 709 710 711 710 711 710 709 708 707 706 
715 716 715 714 715 714 713 712 713 712 713 712 711 710 709 708 709 710 711 712 711 712 711 710 709 708 707 
716 717 716 715 716 715 714 713 714 713 714 713 712 711 710 709 710 711 712 713 712 713 712 711 710 709 708 
717 718 717 -1 717 716 715 714 715 714 715 714 713 712 711 710 711 712 713 714 713 714 713 712 711 710 709 
718 719 718 719 718 717 716 715 -1 715 716 715 714 713 712 711 712 713 -1 715 714 715 714 -1 712 711 710 
719 720 719 720 -1 718 717 716 717 716 717 716 715 714 713 712 713 714 715 716 715 716 715 -1 713 712 711 
720 721 720 721 720 719 718 717 718 717 718 717 716 715 714 713 714 715 716 717 716 717 716 715 714 713 712 
721 722 -1 722 721 720 719 718 719 718 719 718 717 716 715 714 715 716 717 718 717 718 717 716 715 714 713 
722 723 724 723 722 721 720 719 720 719 720 719 718 717 716 715 716 717 718 719 718 719 718 717 716 715 714 
723 724 725 724 723 722 721 720 721 720 721 720 719 718 -1 -1 717 718 719 720 719 720 719 718 717 716 715 
724 725 726 725 724 723 722 721 722 721 722 721 720 719 720 719 718 719 720 721 720 721 720 719 718 717 716 
725 726 727 726 725 724 723 722 723 722 723 722 721 720 721 720 719 720 721 722 721 722 721 720 719 718 717 
726 727 728 727 726 725 724 723 724 723 724 723 722 721 722 721 720 721 722 723 722 723 722 721 720 719 718 
727 728 729 728 727 726 725 724 725 724 725 724 723 722 723 -1 721 722 723 724 723 724 723 722 721 720 719 
728 729 730 729 728 727 726 725 -1 725 726 -1 724 723 724 723 722 723 724 725 -1 725 724 723 722 721 720 
729 730 -1 730 729 728 727 726 727 726 727 726 725 724 725 724 723 724 725 726 727 726 725 -1 723 722 721 
730 731 732 731 730 729 728 727 728 727 728 727 726 725 726 725 724 725 726 727 728 727 726 725 724 723 722 
731 732 733 732 731 730 729 728 729 728 729 728 727 726 727 726 725 726 727 728 729 728 727 726 725 -1 723 
732 733 734 733 732 731 -1 729 730 729 730 729 728 727 728 727 726 727 728 729 730 729 728 727 726 725 724 
733 734 735 734 733 732 731 730 731 730 731 730 729 728 729 728 727 728 729 730 731 730 729 728 727 726 725 
