2 3 4 4 6 7 7 7 7 8 9 10 
2 3 4 4 6 7 7 7 7 8 9 14 
2 3 4 4 6 7 7 7 7 8 9 16 
2 3 4 4 6 7 7 7 7 8 9 17 
2 3 4 4 6 7 7 7 7 8 10 14 
2 3 4 4 6 7 7 7 7 8 10 16 
2 3 4 4 6 7 7 7 7 8 10 17 
2 3 4 4 6 7 7 7 7 8 14 14 
2 3 4 4 6 7 7 7 7 8 14 16 
2 3 4 4 6 7 7 7 7 8 14 17 
2 3 4 4 6 7 7 7 7 8 16 16 
2 3 4 4 6 7 7 7 7 8 16 17 
2 3 4 4 6 7 7 7 7 9 10 14 
2 3 4 4 6 7 7 7 7 9 10 16 
2 3 4 4 6 7 7 7 7 9 10 17 
2 3 4 4 6 7 7 7 7 9 14 14 
2 3 4 4 6 7 7 7 7 9 14 16 
2 3 4 4 6 7 7 7 7 9 14 17 
2 3 4 4 6 7 7 7 7 9 16 16 
2 3 4 4 6 7 7 7 7 9 16 17 
2 3 4 4 6 7 7 7 7 10 14 14 
2 3 4 4 6 7 7 7 7 10 14 16 
2 3 4 4 6 7 7 7 7 10 14 17 
2 3 4 4 6 7 7 7 7 10 16 16 
2 3 4 4 6 7 7 7 7 10 16 17 
2 3 4 4 6 7 7 7 7 14 14 14 
2 3 4 4 6 7 7 7 7 14 14 16 
2 3 4 4 6 7 7 7 7 14 14 17 
2 3 4 4 6 7 7 7 7 14 16 16 
2 3 4 4 6 7 7 7 7 14 16 17 
2 3 4 4 6 7 7 7 7 16 16 17 
2 3 4 4 6 7 7 7 8 9 10 14 
2 3 4 4 6 7 7 7 8 9 10 16 
2 3 4 4 6 7 7 7 8 9 10 17 
2 3 4 4 6 7 7 7 8 9 14 14 
2 3 4 4 6 7 7 7 8 9 14 16 
2 3 4 4 6 7 7 7 8 9 14 17 
2 3 4 4 6 7 7 7 8 9 16 16 
2 3 4 4 6 7 7 7 8 9 16 17 
2 3 4 4 6 7 7 7 8 10 14 14 
2 3 4 4 6 7 7 7 8 10 14 16 
2 3 4 4 6 7 7 7 8 10 14 17 
2 3 4 4 6 7 7 7 8 10 16 16 
2 3 4 4 6 7 7 7 8 10 16 17 
2 3 4 4 6 7 7 7 8 14 14 14 
2 3 4 4 6 7 7 7 8 14 14 16 
2 3 4 4 6 7 7 7 8 14 14 17 
2 3 4 4 6 7 7 7 8 14 16 16 
2 3 4 4 6 7 7 7 8 14 16 17 
2 3 4 4 6 7 7 7 8 16 16 17 
2 3 4 4 6 7 7 7 9 10 14 14 
2 3 4 4 6 7 7 7 9 10 14 16 
2 3 4 4 6 7 7 7 9 10 14 17 
2 3 4 4 6 7 7 7 9 10 16 16 
2 3 4 4 6 7 7 7 9 10 16 17 
2 3 4 4 6 7 7 7 9 14 14 14 
2 3 4 4 6 7 7 7 9 14 14 16 
2 3 4 4 6 7 7 7 9 14 14 17 
2 3 4 4 6 7 7 7 9 14 16 16 
2 3 4 4 6 7 7 7 9 14 16 17 
2 3 4 4 6 7 7 7 9 16 16 17 
2 3 4 4 6 7 7 7 10 14 14 14 
2 3 4 4 6 7 7 7 10 14 14 16 
2 3 4 4 6 7 7 7 10 14 14 17 
2 3 4 4 6 7 7 7 10 14 16 16 
2 3 4 4 6 7 7 7 10 14 16 17 
2 3 4 4 6 7 7 7 10 16 16 17 
2 3 4 4 6 7 7 7 14 14 14 16 
2 3 4 4 6 7 7 7 14 14 14 17 
2 3 4 4 6 7 7 7 14 14 16 16 
2 3 4 4 6 7 7 7 14 14 16 17 
2 3 4 4 6 7 7 7 14 16 16 17 
2 3 4 4 6 7 7 8 9 10 14 14 
2 3 4 4 6 7 7 8 9 10 14 16 
2 3 4 4 6 7 7 8 9 10 14 17 
2 3 4 4 6 7 7 8 9 10 16 16 
2 3 4 4 6 7 7 8 9 10 16 17 
2 3 4 4 6 7 7 8 9 14 14 14 
2 3 4 4 6 7 7 8 9 14 14 16 
2 3 4 4 6 7 7 8 9 14 14 17 
2 3 4 4 6 7 7 8 9 14 16 16 
2 3 4 4 6 7 7 8 9 14 16 17 
2 3 4 4 6 7 7 8 9 16 16 17 
2 3 4 4 6 7 7 8 10 14 14 14 
2 3 4 4 6 7 7 8 10 14 14 16 
2 3 4 4 6 7 7 8 10 14 14 17 
2 3 4 4 6 7 7 8 10 14 16 16 
2 3 4 4 6 7 7 8 10 14 16 17 
2 3 4 4 6 7 7 8 10 16 16 17 
2 3 4 4 6 7 7 8 14 14 14 16 
2 3 4 4 6 7 7 8 14 14 14 17 
2 3 4 4 6 7 7 8 14 14 16 16 
2 3 4 4 6 7 7 8 14 14 16 17 
2 3 4 4 6 7 7 8 14 16 16 17 
2 3 4 4 6 7 7 9 10 14 14 14 
2 3 4 4 6 7 7 9 10 14 14 16 
2 3 4 4 6 7 7 9 10 14 14 17 
2 3 4 4 6 7 7 9 10 14 16 16 
2 3 4 4 6 7 7 9 10 14 16 17 
2 3 4 4 6 7 7 9 10 16 16 17 
2 3 4 4 6 7 7 9 14 14 14 16 
2 3 4 4 6 7 7 9 14 14 14 17 
2 3 4 4 6 7 7 9 14 14 16 16 
2 3 4 4 6 7 7 9 14 14 16 17 
2 3 4 4 6 7 7 9 14 16 16 17 
2 3 4 4 6 7 7 10 14 14 14 16 
2 3 4 4 6 7 7 10 14 14 14 17 
2 3 4 4 6 7 7 10 14 14 16 16 
2 3 4 4 6 7 7 10 14 14 16 17 
2 3 4 4 6 7 7 10 14 16 16 17 
2 3 4 4 6 7 7 14 14 14 16 16 
2 3 4 4 6 7 7 14 14 14 16 17 
2 3 4 4 6 7 7 14 14 16 16 17 
2 3 4 4 6 7 8 9 10 14 14 14 
2 3 4 4 6 7 8 9 10 14 14 16 
2 3 4 4 6 7 8 9 10 14 14 17 
2 3 4 4 6 7 8 9 10 14 16 16 
2 3 4 4 6 7 8 9 10 14 16 17 
2 3 4 4 6 7 8 9 10 16 16 17 
2 3 4 4 6 7 8 9 14 14 14 16 
2 3 4 4 6 7 8 9 14 14 14 17 
2 3 4 4 6 7 8 9 14 14 16 16 
2 3 4 4 6 7 8 9 14 14 16 17 
2 3 4 4 6 7 8 9 14 16 16 17 
2 3 4 4 6 7 8 10 14 14 14 16 
2 3 4 4 6 7 8 10 14 14 14 17 
2 3 4 4 6 7 8 10 14 14 16 16 
2 3 4 4 6 7 8 10 14 14 16 17 
2 3 4 4 6 7 8 10 14 16 16 17 
2 3 4 4 6 7 8 14 14 14 16 16 
2 3 4 4 6 7 8 14 14 14 16 17 
2 3 4 4 6 7 8 14 14 16 16 17 
2 3 4 4 6 7 9 10 14 14 14 16 
2 3 4 4 6 7 9 10 14 14 14 17 
2 3 4 4 6 7 9 10 14 14 16 16 
2 3 4 4 6 7 9 10 14 14 16 17 
2 3 4 4 6 7 9 10 14 16 16 17 
2 3 4 4 6 7 9 14 14 14 16 16 
2 3 4 4 6 7 9 14 14 14 16 17 
2 3 4 4 6 7 9 14 14 16 16 17 
2 3 4 4 6 7 10 14 14 14 16 16 
2 3 4 4 6 7 10 14 14 14 16 17 
2 3 4 4 6 7 10 14 14 16 16 17 
2 3 4 4 6 7 14 14 14 16 16 17 
2 3 4 4 6 8 9 10 14 14 14 16 
2 3 4 4 6 8 9 10 14 14 14 17 
2 3 4 4 6 8 9 10 14 14 16 16 
2 3 4 4 6 8 9 10 14 14 16 17 
2 3 4 4 6 8 9 10 14 16 16 17 
2 3 4 4 6 8 9 14 14 14 16 16 
2 3 4 4 6 8 9 14 14 14 16 17 
2 3 4 4 6 8 9 14 14 16 16 17 
2 3 4 4 6 8 10 14 14 14 16 16 
2 3 4 4 6 8 10 14 14 14 16 17 
2 3 4 4 6 8 10 14 14 16 16 17 
2 3 4 4 6 8 14 14 14 16 16 17 
2 3 4 4 6 9 10 14 14 14 16 16 
2 3 4 4 6 9 10 14 14 14 16 17 
2 3 4 4 6 9 10 14 14 16 16 17 
2 3 4 4 6 9 14 14 14 16 16 17 
2 3 4 4 6 10 14 14 14 16 16 17 
2 3 4 4 7 7 7 7 8 9 10 14 
2 3 4 4 7 7 7 7 8 9 10 16 
2 3 4 4 7 7 7 7 8 9 10 17 
2 3 4 4 7 7 7 7 8 9 14 14 
2 3 4 4 7 7 7 7 8 9 14 16 
2 3 4 4 7 7 7 7 8 9 14 17 
2 3 4 4 7 7 7 7 8 9 16 16 
2 3 4 4 7 7 7 7 8 9 16 17 
2 3 4 4 7 7 7 7 8 10 14 14 
2 3 4 4 7 7 7 7 8 10 14 16 
2 3 4 4 7 7 7 7 8 10 14 17 
2 3 4 4 7 7 7 7 8 10 16 16 
2 3 4 4 7 7 7 7 8 10 16 17 
2 3 4 4 7 7 7 7 8 14 14 14 
2 3 4 4 7 7 7 7 8 14 14 16 
2 3 4 4 7 7 7 7 8 14 14 17 
2 3 4 4 7 7 7 7 8 14 16 16 
2 3 4 4 7 7 7 7 8 14 16 17 
2 3 4 4 7 7 7 7 8 16 16 17 
2 3 4 4 7 7 7 7 9 10 14 14 
2 3 4 4 7 7 7 7 9 10 14 16 
2 3 4 4 7 7 7 7 9 10 14 17 
2 3 4 4 7 7 7 7 9 10 16 16 
2 3 4 4 7 7 7 7 9 10 16 17 
2 3 4 4 7 7 7 7 9 14 14 14 
2 3 4 4 7 7 7 7 9 14 14 16 
2 3 4 4 7 7 7 7 9 14 14 17 
2 3 4 4 7 7 7 7 9 14 16 16 
2 3 4 4 7 7 7 7 9 14 16 17 
2 3 4 4 7 7 7 7 9 16 16 17 
2 3 4 4 7 7 7 7 10 14 14 14 
2 3 4 4 7 7 7 7 10 14 14 16 
2 3 4 4 7 7 7 7 10 14 14 17 
2 3 4 4 7 7 7 7 10 14 16 16 
2 3 4 4 7 7 7 7 10 14 16 17 
2 3 4 4 7 7 7 7 10 16 16 17 
2 3 4 4 7 7 7 7 14 14 14 16 
2 3 4 4 7 7 7 7 14 14 14 17 
2 3 4 4 7 7 7 7 14 14 16 16 
2 3 4 4 7 7 7 7 14 14 16 17 
2 3 4 4 7 7 7 7 14 16 16 17 
2 3 4 4 7 7 7 8 9 10 14 14 
2 3 4 4 7 7 7 8 9 10 14 16 
2 3 4 4 7 7 7 8 9 10 14 17 
2 3 4 4 7 7 7 8 9 10 16 16 
2 3 4 4 7 7 7 8 9 10 16 17 
2 3 4 4 7 7 7 8 9 14 14 14 
2 3 4 4 7 7 7 8 9 14 14 16 
2 3 4 4 7 7 7 8 9 14 14 17 
2 3 4 4 7 7 7 8 9 14 16 16 
2 3 4 4 7 7 7 8 9 14 16 17 
2 3 4 4 7 7 7 8 9 16 16 17 
2 3 4 4 7 7 7 8 10 14 14 14 
2 3 4 4 7 7 7 8 10 14 14 16 
2 3 4 4 7 7 7 8 10 14 14 17 
2 3 4 4 7 7 7 8 10 14 16 16 
2 3 4 4 7 7 7 8 10 14 16 17 
2 3 4 4 7 7 7 8 10 16 16 17 
2 3 4 4 7 7 7 8 14 14 14 16 
2 3 4 4 7 7 7 8 14 14 14 17 
2 3 4 4 7 7 7 8 14 14 16 16 
2 3 4 4 7 7 7 8 14 14 16 17 
2 3 4 4 7 7 7 8 14 16 16 17 
2 3 4 4 7 7 7 9 10 14 14 14 
2 3 4 4 7 7 7 9 10 14 14 16 
2 3 4 4 7 7 7 9 10 14 14 17 
2 3 4 4 7 7 7 9 10 14 16 16 
2 3 4 4 7 7 7 9 10 14 16 17 
2 3 4 4 7 7 7 9 10 16 16 17 
2 3 4 4 7 7 7 9 14 14 14 16 
2 3 4 4 7 7 7 9 14 14 14 17 
2 3 4 4 7 7 7 9 14 14 16 16 
2 3 4 4 7 7 7 9 14 14 16 17 
2 3 4 4 7 7 7 9 14 16 16 17 
2 3 4 4 7 7 7 10 14 14 14 16 
2 3 4 4 7 7 7 10 14 14 14 17 
2 3 4 4 7 7 7 10 14 14 16 16 
2 3 4 4 7 7 7 10 14 14 16 17 
2 3 4 4 7 7 7 10 14 16 16 17 
2 3 4 4 7 7 7 14 14 14 16 16 
2 3 4 4 7 7 7 14 14 14 16 17 
2 3 4 4 7 7 7 14 14 16 16 17 
2 3 4 4 7 7 8 9 10 14 14 14 
2 3 4 4 7 7 8 9 10 14 14 16 
2 3 4 4 7 7 8 9 10 14 14 17 
2 3 4 4 7 7 8 9 10 14 16 16 
2 3 4 4 7 7 8 9 10 14 16 17 
2 3 4 4 7 7 8 9 10 16 16 17 
2 3 4 4 7 7 8 9 14 14 14 16 
2 3 4 4 7 7 8 9 14 14 14 17 
2 3 4 4 7 7 8 9 14 14 16 16 
2 3 4 4 7 7 8 9 14 14 16 17 
2 3 4 4 7 7 8 9 14 16 16 17 
2 3 4 4 7 7 8 10 14 14 14 16 
2 3 4 4 7 7 8 10 14 14 14 17 
2 3 4 4 7 7 8 10 14 14 16 16 
2 3 4 4 7 7 8 10 14 14 16 17 
2 3 4 4 7 7 8 10 14 16 16 17 
2 3 4 4 7 7 8 14 14 14 16 16 
2 3 4 4 7 7 8 14 14 14 16 17 
2 3 4 4 7 7 8 14 14 16 16 17 
2 3 4 4 7 7 9 10 14 14 14 16 
2 3 4 4 7 7 9 10 14 14 14 17 
2 3 4 4 7 7 9 10 14 14 16 16 
2 3 4 4 7 7 9 10 14 14 16 17 
2 3 4 4 7 7 9 10 14 16 16 17 
2 3 4 4 7 7 9 14 14 14 16 16 
2 3 4 4 7 7 9 14 14 14 16 17 
2 3 4 4 7 7 9 14 14 16 16 17 
2 3 4 4 7 7 10 14 14 14 16 16 
2 3 4 4 7 7 10 14 14 14 16 17 
2 3 4 4 7 7 10 14 14 16 16 17 
2 3 4 4 7 7 14 14 14 16 16 17 
2 3 4 4 7 8 9 10 14 14 14 16 
2 3 4 4 7 8 9 10 14 14 14 17 
2 3 4 4 7 8 9 10 14 14 16 16 
2 3 4 4 7 8 9 10 14 14 16 17 
2 3 4 4 7 8 9 10 14 16 16 17 
2 3 4 4 7 8 9 14 14 14 16 16 
2 3 4 4 7 8 9 14 14 14 16 17 
2 3 4 4 7 8 9 14 14 16 16 17 
2 3 4 4 7 8 10 14 14 14 16 16 
2 3 4 4 7 8 10 14 14 14 16 17 
2 3 4 4 7 8 10 14 14 16 16 17 
2 3 4 4 7 8 14 14 14 16 16 17 
2 3 4 4 7 9 10 14 14 14 16 16 
2 3 4 4 7 9 10 14 14 14 16 17 
2 3 4 4 7 9 10 14 14 16 16 17 
2 3 4 4 7 9 14 14 14 16 16 17 
2 3 4 4 7 10 14 14 14 16 16 17 
2 3 4 4 8 9 10 14 14 14 16 16 
2 3 4 4 8 9 10 14 14 14 16 17 
2 3 4 4 8 9 10 14 14 16 16 17 
2 3 4 4 8 9 14 14 14 16 16 17 
2 3 4 4 8 10 14 14 14 16 16 17 
2 3 4 4 9 10 14 14 14 16 16 17 
2 3 4 6 7 7 7 7 8 9 10 14 
2 3 4 6 7 7 7 7 8 9 10 16 
2 3 4 6 7 7 7 7 8 9 10 17 
2 3 4 6 7 7 7 7 8 9 14 14 
2 3 4 6 7 7 7 7 8 9 14 16 
2 3 4 6 7 7 7 7 8 9 14 17 
2 3 4 6 7 7 7 7 8 9 16 16 
2 3 4 6 7 7 7 7 8 9 16 17 
2 3 4 6 7 7 7 7 8 10 14 14 
2 3 4 6 7 7 7 7 8 10 14 16 
2 3 4 6 7 7 7 7 8 10 14 17 
2 3 4 6 7 7 7 7 8 10 16 16 
2 3 4 6 7 7 7 7 8 10 16 17 
2 3 4 6 7 7 7 7 8 14 14 14 
2 3 4 6 7 7 7 7 8 14 14 16 
2 3 4 6 7 7 7 7 8 14 14 17 
2 3 4 6 7 7 7 7 8 14 16 16 
2 3 4 6 7 7 7 7 8 14 16 17 
2 3 4 6 7 7 7 7 8 16 16 17 
2 3 4 6 7 7 7 7 9 10 14 14 
2 3 4 6 7 7 7 7 9 10 14 16 
2 3 4 6 7 7 7 7 9 10 14 17 
2 3 4 6 7 7 7 7 9 10 16 16 
2 3 4 6 7 7 7 7 9 10 16 17 
2 3 4 6 7 7 7 7 9 14 14 14 
2 3 4 6 7 7 7 7 9 14 14 16 
2 3 4 6 7 7 7 7 9 14 14 17 
2 3 4 6 7 7 7 7 9 14 16 16 
2 3 4 6 7 7 7 7 9 14 16 17 
2 3 4 6 7 7 7 7 9 16 16 17 
2 3 4 6 7 7 7 7 10 14 14 14 
2 3 4 6 7 7 7 7 10 14 14 16 
2 3 4 6 7 7 7 7 10 14 14 17 
2 3 4 6 7 7 7 7 10 14 16 16 
2 3 4 6 7 7 7 7 10 14 16 17 
2 3 4 6 7 7 7 7 10 16 16 17 
2 3 4 6 7 7 7 7 14 14 14 16 
2 3 4 6 7 7 7 7 14 14 14 17 
2 3 4 6 7 7 7 7 14 14 16 16 
2 3 4 6 7 7 7 7 14 14 16 17 
2 3 4 6 7 7 7 7 14 16 16 17 
2 3 4 6 7 7 7 8 9 10 14 14 
2 3 4 6 7 7 7 8 9 10 14 16 
2 3 4 6 7 7 7 8 9 10 14 17 
2 3 4 6 7 7 7 8 9 10 16 16 
2 3 4 6 7 7 7 8 9 10 16 17 
2 3 4 6 7 7 7 8 9 14 14 14 
2 3 4 6 7 7 7 8 9 14 14 16 
2 3 4 6 7 7 7 8 9 14 14 17 
2 3 4 6 7 7 7 8 9 14 16 16 
2 3 4 6 7 7 7 8 9 14 16 17 
2 3 4 6 7 7 7 8 9 16 16 17 
2 3 4 6 7 7 7 8 10 14 14 14 
2 3 4 6 7 7 7 8 10 14 14 16 
2 3 4 6 7 7 7 8 10 14 14 17 
2 3 4 6 7 7 7 8 10 14 16 16 
2 3 4 6 7 7 7 8 10 14 16 17 
2 3 4 6 7 7 7 8 10 16 16 17 
2 3 4 6 7 7 7 8 14 14 14 16 
2 3 4 6 7 7 7 8 14 14 14 17 
2 3 4 6 7 7 7 8 14 14 16 16 
2 3 4 6 7 7 7 8 14 14 16 17 
2 3 4 6 7 7 7 8 14 16 16 17 
2 3 4 6 7 7 7 9 10 14 14 14 
2 3 4 6 7 7 7 9 10 14 14 16 
2 3 4 6 7 7 7 9 10 14 14 17 
2 3 4 6 7 7 7 9 10 14 16 16 
2 3 4 6 7 7 7 9 10 14 16 17 
2 3 4 6 7 7 7 9 10 16 16 17 
2 3 4 6 7 7 7 9 14 14 14 16 
2 3 4 6 7 7 7 9 14 14 14 17 
2 3 4 6 7 7 7 9 14 14 16 16 
2 3 4 6 7 7 7 9 14 14 16 17 
2 3 4 6 7 7 7 9 14 16 16 17 
2 3 4 6 7 7 7 10 14 14 14 16 
2 3 4 6 7 7 7 10 14 14 14 17 
2 3 4 6 7 7 7 10 14 14 16 16 
2 3 4 6 7 7 7 10 14 14 16 17 
2 3 4 6 7 7 7 10 14 16 16 17 
2 3 4 6 7 7 7 14 14 14 16 16 
2 3 4 6 7 7 7 14 14 14 16 17 
2 3 4 6 7 7 7 14 14 16 16 17 
2 3 4 6 7 7 8 9 10 14 14 14 
2 3 4 6 7 7 8 9 10 14 14 16 
2 3 4 6 7 7 8 9 10 14 14 17 
2 3 4 6 7 7 8 9 10 14 16 16 
2 3 4 6 7 7 8 9 10 14 16 17 
2 3 4 6 7 7 8 9 10 16 16 17 
2 3 4 6 7 7 8 9 14 14 14 16 
2 3 4 6 7 7 8 9 14 14 14 17 
2 3 4 6 7 7 8 9 14 14 16 16 
2 3 4 6 7 7 8 9 14 14 16 17 
2 3 4 6 7 7 8 9 14 16 16 17 
2 3 4 6 7 7 8 10 14 14 14 16 
2 3 4 6 7 7 8 10 14 14 14 17 
2 3 4 6 7 7 8 10 14 14 16 16 
2 3 4 6 7 7 8 10 14 14 16 17 
2 3 4 6 7 7 8 10 14 16 16 17 
2 3 4 6 7 7 8 14 14 14 16 16 
2 3 4 6 7 7 8 14 14 14 16 17 
2 3 4 6 7 7 8 14 14 16 16 17 
2 3 4 6 7 7 9 10 14 14 14 16 
2 3 4 6 7 7 9 10 14 14 14 17 
2 3 4 6 7 7 9 10 14 14 16 16 
2 3 4 6 7 7 9 10 14 14 16 17 
2 3 4 6 7 7 9 10 14 16 16 17 
2 3 4 6 7 7 9 14 14 14 16 16 
2 3 4 6 7 7 9 14 14 14 16 17 
2 3 4 6 7 7 9 14 14 16 16 17 
2 3 4 6 7 7 10 14 14 14 16 16 
2 3 4 6 7 7 10 14 14 14 16 17 
2 3 4 6 7 7 10 14 14 16 16 17 
2 3 4 6 7 7 14 14 14 16 16 17 
2 3 4 6 7 8 9 10 14 14 14 16 
2 3 4 6 7 8 9 10 14 14 14 17 
2 3 4 6 7 8 9 10 14 14 16 16 
2 3 4 6 7 8 9 10 14 14 16 17 
2 3 4 6 7 8 9 10 14 16 16 17 
2 3 4 6 7 8 9 14 14 14 16 16 
2 3 4 6 7 8 9 14 14 14 16 17 
2 3 4 6 7 8 9 14 14 16 16 17 
2 3 4 6 7 8 10 14 14 14 16 16 
2 3 4 6 7 8 10 14 14 14 16 17 
2 3 4 6 7 8 10 14 14 16 16 17 
2 3 4 6 7 8 14 14 14 16 16 17 
2 3 4 6 7 9 10 14 14 14 16 16 
2 3 4 6 7 9 10 14 14 14 16 17 
2 3 4 6 7 9 10 14 14 16 16 17 
2 3 4 6 7 9 14 14 14 16 16 17 
2 3 4 6 7 10 14 14 14 16 16 17 
2 3 4 6 8 9 10 14 14 14 16 16 
2 3 4 6 8 9 10 14 14 14 16 17 
2 3 4 6 8 9 10 14 14 16 16 17 
2 3 4 6 8 9 14 14 14 16 16 17 
2 3 4 6 8 10 14 14 14 16 16 17 
2 3 4 6 9 10 14 14 14 16 16 17 
2 3 4 7 7 7 7 8 9 10 14 14 
2 3 4 7 7 7 7 8 9 10 14 16 
2 3 4 7 7 7 7 8 9 10 14 17 
2 3 4 7 7 7 7 8 9 10 16 16 
2 3 4 7 7 7 7 8 9 10 16 17 
2 3 4 7 7 7 7 8 9 14 14 14 
2 3 4 7 7 7 7 8 9 14 14 16 
2 3 4 7 7 7 7 8 9 14 14 17 
2 3 4 7 7 7 7 8 9 14 16 16 
2 3 4 7 7 7 7 8 9 14 16 17 
2 3 4 7 7 7 7 8 9 16 16 17 
2 3 4 7 7 7 7 8 10 14 14 14 
2 3 4 7 7 7 7 8 10 14 14 16 
2 3 4 7 7 7 7 8 10 14 14 17 
2 3 4 7 7 7 7 8 10 14 16 16 
2 3 4 7 7 7 7 8 10 14 16 17 
2 3 4 7 7 7 7 8 10 16 16 17 
2 3 4 7 7 7 7 8 14 14 14 16 
2 3 4 7 7 7 7 8 14 14 14 17 
2 3 4 7 7 7 7 8 14 14 16 16 
2 3 4 7 7 7 7 8 14 14 16 17 
2 3 4 7 7 7 7 8 14 16 16 17 
2 3 4 7 7 7 7 9 10 14 14 14 
2 3 4 7 7 7 7 9 10 14 14 16 
2 3 4 7 7 7 7 9 10 14 14 17 
2 3 4 7 7 7 7 9 10 14 16 16 
2 3 4 7 7 7 7 9 10 14 16 17 
2 3 4 7 7 7 7 9 10 16 16 17 
2 3 4 7 7 7 7 9 14 14 14 16 
2 3 4 7 7 7 7 9 14 14 14 17 
2 3 4 7 7 7 7 9 14 14 16 16 
2 3 4 7 7 7 7 9 14 14 16 17 
2 3 4 7 7 7 7 9 14 16 16 17 
2 3 4 7 7 7 7 10 14 14 14 16 
2 3 4 7 7 7 7 10 14 14 14 17 
2 3 4 7 7 7 7 10 14 14 16 16 
2 3 4 7 7 7 7 10 14 14 16 17 
2 3 4 7 7 7 7 10 14 16 16 17 
2 3 4 7 7 7 7 14 14 14 16 16 
2 3 4 7 7 7 7 14 14 14 16 17 
2 3 4 7 7 7 7 14 14 16 16 17 
2 3 4 7 7 7 8 9 10 14 14 14 
2 3 4 7 7 7 8 9 10 14 14 16 
2 3 4 7 7 7 8 9 10 14 14 17 
2 3 4 7 7 7 8 9 10 14 16 16 
2 3 4 7 7 7 8 9 10 14 16 17 
2 3 4 7 7 7 8 9 10 16 16 17 
2 3 4 7 7 7 8 9 14 14 14 16 
2 3 4 7 7 7 8 9 14 14 14 17 
2 3 4 7 7 7 8 9 14 14 16 16 
2 3 4 7 7 7 8 9 14 14 16 17 
2 3 4 7 7 7 8 9 14 16 16 17 
2 3 4 7 7 7 8 10 14 14 14 16 
2 3 4 7 7 7 8 10 14 14 14 17 
2 3 4 7 7 7 8 10 14 14 16 16 
2 3 4 7 7 7 8 10 14 14 16 17 
2 3 4 7 7 7 8 10 14 16 16 17 
2 3 4 7 7 7 8 14 14 14 16 16 
2 3 4 7 7 7 8 14 14 14 16 17 
2 3 4 7 7 7 8 14 14 16 16 17 
2 3 4 7 7 7 9 10 14 14 14 16 
2 3 4 7 7 7 9 10 14 14 14 17 
2 3 4 7 7 7 9 10 14 14 16 16 
2 3 4 7 7 7 9 10 14 14 16 17 
2 3 4 7 7 7 9 10 14 16 16 17 
2 3 4 7 7 7 9 14 14 14 16 16 
2 3 4 7 7 7 9 14 14 14 16 17 
2 3 4 7 7 7 9 14 14 16 16 17 
2 3 4 7 7 7 10 14 14 14 16 16 
2 3 4 7 7 7 10 14 14 14 16 17 
2 3 4 7 7 7 10 14 14 16 16 17 
2 3 4 7 7 7 14 14 14 16 16 17 
2 3 4 7 7 8 9 10 14 14 14 16 
2 3 4 7 7 8 9 10 14 14 14 17 
2 3 4 7 7 8 9 10 14 14 16 16 
2 3 4 7 7 8 9 10 14 14 16 17 
2 3 4 7 7 8 9 10 14 16 16 17 
2 3 4 7 7 8 9 14 14 14 16 16 
2 3 4 7 7 8 9 14 14 14 16 17 
2 3 4 7 7 8 9 14 14 16 16 17 
2 3 4 7 7 8 10 14 14 14 16 16 
2 3 4 7 7 8 10 14 14 14 16 17 
2 3 4 7 7 8 10 14 14 16 16 17 
2 3 4 7 7 8 14 14 14 16 16 17 
2 3 4 7 7 9 10 14 14 14 16 16 
2 3 4 7 7 9 10 14 14 14 16 17 
2 3 4 7 7 9 10 14 14 16 16 17 
2 3 4 7 7 9 14 14 14 16 16 17 
2 3 4 7 7 10 14 14 14 16 16 17 
2 3 4 7 8 9 10 14 14 14 16 16 
2 3 4 7 8 9 10 14 14 14 16 17 
2 3 4 7 8 9 10 14 14 16 16 17 
2 3 4 7 8 9 14 14 14 16 16 17 
2 3 4 7 8 10 14 14 14 16 16 17 
2 3 4 7 9 10 14 14 14 16 16 17 
2 3 4 8 9 10 14 14 14 16 16 17 
2 3 6 7 7 7 7 8 9 10 14 14 
2 3 6 7 7 7 7 8 9 10 14 16 
2 3 6 7 7 7 7 8 9 10 14 17 
2 3 6 7 7 7 7 8 9 10 16 16 
2 3 6 7 7 7 7 8 9 10 16 17 
2 3 6 7 7 7 7 8 9 14 14 14 
2 3 6 7 7 7 7 8 9 14 14 16 
2 3 6 7 7 7 7 8 9 14 14 17 
2 3 6 7 7 7 7 8 9 14 16 16 
2 3 6 7 7 7 7 8 9 14 16 17 
2 3 6 7 7 7 7 8 9 16 16 17 
2 3 6 7 7 7 7 8 10 14 14 14 
2 3 6 7 7 7 7 8 10 14 14 16 
2 3 6 7 7 7 7 8 10 14 14 17 
2 3 6 7 7 7 7 8 10 14 16 16 
2 3 6 7 7 7 7 8 10 14 16 17 
2 3 6 7 7 7 7 8 10 16 16 17 
2 3 6 7 7 7 7 8 14 14 14 16 
2 3 6 7 7 7 7 8 14 14 14 17 
2 3 6 7 7 7 7 8 14 14 16 16 
2 3 6 7 7 7 7 8 14 14 16 17 
2 3 6 7 7 7 7 8 14 16 16 17 
2 3 6 7 7 7 7 9 10 14 14 14 
2 3 6 7 7 7 7 9 10 14 14 16 
2 3 6 7 7 7 7 9 10 14 14 17 
2 3 6 7 7 7 7 9 10 14 16 16 
2 3 6 7 7 7 7 9 10 14 16 17 
2 3 6 7 7 7 7 9 10 16 16 17 
2 3 6 7 7 7 7 9 14 14 14 16 
2 3 6 7 7 7 7 9 14 14 14 17 
2 3 6 7 7 7 7 9 14 14 16 16 
2 3 6 7 7 7 7 9 14 14 16 17 
2 3 6 7 7 7 7 9 14 16 16 17 
2 3 6 7 7 7 7 10 14 14 14 16 
2 3 6 7 7 7 7 10 14 14 14 17 
2 3 6 7 7 7 7 10 14 14 16 16 
2 3 6 7 7 7 7 10 14 14 16 17 
2 3 6 7 7 7 7 10 14 16 16 17 
2 3 6 7 7 7 7 14 14 14 16 16 
2 3 6 7 7 7 7 14 14 14 16 17 
2 3 6 7 7 7 7 14 14 16 16 17 
2 3 6 7 7 7 8 9 10 14 14 14 
2 3 6 7 7 7 8 9 10 14 14 16 
2 3 6 7 7 7 8 9 10 14 14 17 
2 3 6 7 7 7 8 9 10 14 16 16 
2 3 6 7 7 7 8 9 10 14 16 17 
2 3 6 7 7 7 8 9 10 16 16 17 
2 3 6 7 7 7 8 9 14 14 14 16 
2 3 6 7 7 7 8 9 14 14 14 17 
2 3 6 7 7 7 8 9 14 14 16 16 
2 3 6 7 7 7 8 9 14 14 16 17 
2 3 6 7 7 7 8 9 14 16 16 17 
2 3 6 7 7 7 8 10 14 14 14 16 
2 3 6 7 7 7 8 10 14 14 14 17 
2 3 6 7 7 7 8 10 14 14 16 16 
2 3 6 7 7 7 8 10 14 14 16 17 
2 3 6 7 7 7 8 10 14 16 16 17 
2 3 6 7 7 7 8 14 14 14 16 16 
2 3 6 7 7 7 8 14 14 14 16 17 
2 3 6 7 7 7 8 14 14 16 16 17 
2 3 6 7 7 7 9 10 14 14 14 16 
2 3 6 7 7 7 9 10 14 14 14 17 
2 3 6 7 7 7 9 10 14 14 16 16 
2 3 6 7 7 7 9 10 14 14 16 17 
2 3 6 7 7 7 9 10 14 16 16 17 
2 3 6 7 7 7 9 14 14 14 16 16 
2 3 6 7 7 7 9 14 14 14 16 17 
2 3 6 7 7 7 9 14 14 16 16 17 
2 3 6 7 7 7 10 14 14 14 16 16 
2 3 6 7 7 7 10 14 14 14 16 17 
2 3 6 7 7 7 10 14 14 16 16 17 
2 3 6 7 7 7 14 14 14 16 16 17 
2 3 6 7 7 8 9 10 14 14 14 16 
2 3 6 7 7 8 9 10 14 14 14 17 
2 3 6 7 7 8 9 10 14 14 16 16 
2 3 6 7 7 8 9 10 14 14 16 17 
2 3 6 7 7 8 9 10 14 16 16 17 
2 3 6 7 7 8 9 14 14 14 16 16 
2 3 6 7 7 8 9 14 14 14 16 17 
2 3 6 7 7 8 9 14 14 16 16 17 
2 3 6 7 7 8 10 14 14 14 16 16 
2 3 6 7 7 8 10 14 14 14 16 17 
2 3 6 7 7 8 10 14 14 16 16 17 
2 3 6 7 7 8 14 14 14 16 16 17 
2 3 6 7 7 9 10 14 14 14 16 16 
2 3 6 7 7 9 10 14 14 14 16 17 
2 3 6 7 7 9 10 14 14 16 16 17 
2 3 6 7 7 9 14 14 14 16 16 17 
2 3 6 7 7 10 14 14 14 16 16 17 
2 3 6 7 8 9 10 14 14 14 16 16 
2 3 6 7 8 9 10 14 14 14 16 17 
2 3 6 7 8 9 10 14 14 16 16 17 
2 3 6 7 8 9 14 14 14 16 16 17 
2 3 6 7 8 10 14 14 14 16 16 17 
2 3 6 7 9 10 14 14 14 16 16 17 
2 3 6 8 9 10 14 14 14 16 16 17 
2 3 7 7 7 7 8 9 10 14 14 14 
2 3 7 7 7 7 8 9 10 14 14 16 
2 3 7 7 7 7 8 9 10 14 14 17 
2 3 7 7 7 7 8 9 10 14 16 16 
2 3 7 7 7 7 8 9 10 14 16 17 
2 3 7 7 7 7 8 9 10 16 16 17 
2 3 7 7 7 7 8 9 14 14 14 16 
2 3 7 7 7 7 8 9 14 14 14 17 
2 3 7 7 7 7 8 9 14 14 16 16 
2 3 7 7 7 7 8 9 14 14 16 17 
2 3 7 7 7 7 8 9 14 16 16 17 
2 3 7 7 7 7 8 10 14 14 14 16 
2 3 7 7 7 7 8 10 14 14 14 17 
2 3 7 7 7 7 8 10 14 14 16 16 
2 3 7 7 7 7 8 10 14 14 16 17 
2 3 7 7 7 7 8 10 14 16 16 17 
2 3 7 7 7 7 8 14 14 14 16 16 
2 3 7 7 7 7 8 14 14 14 16 17 
2 3 7 7 7 7 8 14 14 16 16 17 
2 3 7 7 7 7 9 10 14 14 14 16 
2 3 7 7 7 7 9 10 14 14 14 17 
2 3 7 7 7 7 9 10 14 14 16 16 
2 3 7 7 7 7 9 10 14 14 16 17 
2 3 7 7 7 7 9 10 14 16 16 17 
2 3 7 7 7 7 9 14 14 14 16 16 
2 3 7 7 7 7 9 14 14 14 16 17 
2 3 7 7 7 7 9 14 14 16 16 17 
2 3 7 7 7 7 10 14 14 14 16 16 
2 3 7 7 7 7 10 14 14 14 16 17 
2 3 7 7 7 7 10 14 14 16 16 17 
2 3 7 7 7 7 14 14 14 16 16 17 
2 3 7 7 7 8 9 10 14 14 14 16 
2 3 7 7 7 8 9 10 14 14 14 17 
2 3 7 7 7 8 9 10 14 14 16 16 
2 3 7 7 7 8 9 10 14 14 16 17 
2 3 7 7 7 8 9 10 14 16 16 17 
2 3 7 7 7 8 9 14 14 14 16 16 
2 3 7 7 7 8 9 14 14 14 16 17 
2 3 7 7 7 8 9 14 14 16 16 17 
2 3 7 7 7 8 10 14 14 14 16 16 
2 3 7 7 7 8 10 14 14 14 16 17 
2 3 7 7 7 8 10 14 14 16 16 17 
2 3 7 7 7 8 14 14 14 16 16 17 
2 3 7 7 7 9 10 14 14 14 16 16 
2 3 7 7 7 9 10 14 14 14 16 17 
2 3 7 7 7 9 10 14 14 16 16 17 
2 3 7 7 7 9 14 14 14 16 16 17 
2 3 7 7 7 10 14 14 14 16 16 17 
2 3 7 7 8 9 10 14 14 14 16 16 
2 3 7 7 8 9 10 14 14 14 16 17 
2 3 7 7 8 9 10 14 14 16 16 17 
2 3 7 7 8 9 14 14 14 16 16 17 
2 3 7 7 8 10 14 14 14 16 16 17 
2 3 7 7 9 10 14 14 14 16 16 17 
2 3 7 8 9 10 14 14 14 16 16 17 
2 4 4 6 7 7 7 7 8 9 10 14 
2 4 4 6 7 7 7 7 8 9 10 16 
2 4 4 6 7 7 7 7 8 9 10 17 
2 4 4 6 7 7 7 7 8 9 14 14 
2 4 4 6 7 7 7 7 8 9 14 16 
2 4 4 6 7 7 7 7 8 9 14 17 
2 4 4 6 7 7 7 7 8 9 16 16 
2 4 4 6 7 7 7 7 8 9 16 17 
2 4 4 6 7 7 7 7 8 10 14 14 
2 4 4 6 7 7 7 7 8 10 14 16 
2 4 4 6 7 7 7 7 8 10 14 17 
2 4 4 6 7 7 7 7 8 10 16 16 
2 4 4 6 7 7 7 7 8 10 16 17 
2 4 4 6 7 7 7 7 8 14 14 14 
2 4 4 6 7 7 7 7 8 14 14 16 
2 4 4 6 7 7 7 7 8 14 14 17 
2 4 4 6 7 7 7 7 8 14 16 16 
2 4 4 6 7 7 7 7 8 14 16 17 
2 4 4 6 7 7 7 7 8 16 16 17 
2 4 4 6 7 7 7 7 9 10 14 14 
2 4 4 6 7 7 7 7 9 10 14 16 
2 4 4 6 7 7 7 7 9 10 14 17 
2 4 4 6 7 7 7 7 9 10 16 16 
2 4 4 6 7 7 7 7 9 10 16 17 
2 4 4 6 7 7 7 7 9 14 14 14 
2 4 4 6 7 7 7 7 9 14 14 16 
2 4 4 6 7 7 7 7 9 14 14 17 
2 4 4 6 7 7 7 7 9 14 16 16 
2 4 4 6 7 7 7 7 9 14 16 17 
2 4 4 6 7 7 7 7 9 16 16 17 
2 4 4 6 7 7 7 7 10 14 14 14 
2 4 4 6 7 7 7 7 10 14 14 16 
2 4 4 6 7 7 7 7 10 14 14 17 
2 4 4 6 7 7 7 7 10 14 16 16 
2 4 4 6 7 7 7 7 10 14 16 17 
2 4 4 6 7 7 7 7 10 16 16 17 
2 4 4 6 7 7 7 7 14 14 14 16 
2 4 4 6 7 7 7 7 14 14 14 17 
2 4 4 6 7 7 7 7 14 14 16 16 
2 4 4 6 7 7 7 7 14 14 16 17 
2 4 4 6 7 7 7 7 14 16 16 17 
2 4 4 6 7 7 7 8 9 10 14 14 
2 4 4 6 7 7 7 8 9 10 14 16 
2 4 4 6 7 7 7 8 9 10 14 17 
2 4 4 6 7 7 7 8 9 10 16 16 
2 4 4 6 7 7 7 8 9 10 16 17 
2 4 4 6 7 7 7 8 9 14 14 14 
2 4 4 6 7 7 7 8 9 14 14 16 
2 4 4 6 7 7 7 8 9 14 14 17 
2 4 4 6 7 7 7 8 9 14 16 16 
2 4 4 6 7 7 7 8 9 14 16 17 
2 4 4 6 7 7 7 8 9 16 16 17 
2 4 4 6 7 7 7 8 10 14 14 14 
2 4 4 6 7 7 7 8 10 14 14 16 
2 4 4 6 7 7 7 8 10 14 14 17 
2 4 4 6 7 7 7 8 10 14 16 16 
2 4 4 6 7 7 7 8 10 14 16 17 
2 4 4 6 7 7 7 8 10 16 16 17 
2 4 4 6 7 7 7 8 14 14 14 16 
2 4 4 6 7 7 7 8 14 14 14 17 
2 4 4 6 7 7 7 8 14 14 16 16 
2 4 4 6 7 7 7 8 14 14 16 17 
2 4 4 6 7 7 7 8 14 16 16 17 
2 4 4 6 7 7 7 9 10 14 14 14 
2 4 4 6 7 7 7 9 10 14 14 16 
2 4 4 6 7 7 7 9 10 14 14 17 
2 4 4 6 7 7 7 9 10 14 16 16 
2 4 4 6 7 7 7 9 10 14 16 17 
2 4 4 6 7 7 7 9 10 16 16 17 
2 4 4 6 7 7 7 9 14 14 14 16 
2 4 4 6 7 7 7 9 14 14 14 17 
2 4 4 6 7 7 7 9 14 14 16 16 
2 4 4 6 7 7 7 9 14 14 16 17 
2 4 4 6 7 7 7 9 14 16 16 17 
2 4 4 6 7 7 7 10 14 14 14 16 
2 4 4 6 7 7 7 10 14 14 14 17 
2 4 4 6 7 7 7 10 14 14 16 16 
2 4 4 6 7 7 7 10 14 14 16 17 
2 4 4 6 7 7 7 10 14 16 16 17 
2 4 4 6 7 7 7 14 14 14 16 16 
2 4 4 6 7 7 7 14 14 14 16 17 
2 4 4 6 7 7 7 14 14 16 16 17 
2 4 4 6 7 7 8 9 10 14 14 14 
2 4 4 6 7 7 8 9 10 14 14 16 
2 4 4 6 7 7 8 9 10 14 14 17 
2 4 4 6 7 7 8 9 10 14 16 16 
2 4 4 6 7 7 8 9 10 14 16 17 
2 4 4 6 7 7 8 9 10 16 16 17 
2 4 4 6 7 7 8 9 14 14 14 16 
2 4 4 6 7 7 8 9 14 14 14 17 
2 4 4 6 7 7 8 9 14 14 16 16 
2 4 4 6 7 7 8 9 14 14 16 17 
2 4 4 6 7 7 8 9 14 16 16 17 
2 4 4 6 7 7 8 10 14 14 14 16 
2 4 4 6 7 7 8 10 14 14 14 17 
2 4 4 6 7 7 8 10 14 14 16 16 
2 4 4 6 7 7 8 10 14 14 16 17 
2 4 4 6 7 7 8 10 14 16 16 17 
2 4 4 6 7 7 8 14 14 14 16 16 
2 4 4 6 7 7 8 14 14 14 16 17 
2 4 4 6 7 7 8 14 14 16 16 17 
2 4 4 6 7 7 9 10 14 14 14 16 
2 4 4 6 7 7 9 10 14 14 14 17 
2 4 4 6 7 7 9 10 14 14 16 16 
2 4 4 6 7 7 9 10 14 14 16 17 
2 4 4 6 7 7 9 10 14 16 16 17 
2 4 4 6 7 7 9 14 14 14 16 16 
2 4 4 6 7 7 9 14 14 14 16 17 
2 4 4 6 7 7 9 14 14 16 16 17 
2 4 4 6 7 7 10 14 14 14 16 16 
2 4 4 6 7 7 10 14 14 14 16 17 
2 4 4 6 7 7 10 14 14 16 16 17 
2 4 4 6 7 7 14 14 14 16 16 17 
2 4 4 6 7 8 9 10 14 14 14 16 
2 4 4 6 7 8 9 10 14 14 14 17 
2 4 4 6 7 8 9 10 14 14 16 16 
2 4 4 6 7 8 9 10 14 14 16 17 
2 4 4 6 7 8 9 10 14 16 16 17 
2 4 4 6 7 8 9 14 14 14 16 16 
2 4 4 6 7 8 9 14 14 14 16 17 
2 4 4 6 7 8 9 14 14 16 16 17 
2 4 4 6 7 8 10 14 14 14 16 16 
2 4 4 6 7 8 10 14 14 14 16 17 
2 4 4 6 7 8 10 14 14 16 16 17 
2 4 4 6 7 8 14 14 14 16 16 17 
2 4 4 6 7 9 10 14 14 14 16 16 
2 4 4 6 7 9 10 14 14 14 16 17 
2 4 4 6 7 9 10 14 14 16 16 17 
2 4 4 6 7 9 14 14 14 16 16 17 
2 4 4 6 7 10 14 14 14 16 16 17 
2 4 4 6 8 9 10 14 14 14 16 16 
2 4 4 6 8 9 10 14 14 14 16 17 
2 4 4 6 8 9 10 14 14 16 16 17 
2 4 4 6 8 9 14 14 14 16 16 17 
2 4 4 6 8 10 14 14 14 16 16 17 
2 4 4 6 9 10 14 14 14 16 16 17 
2 4 4 7 7 7 7 8 9 10 14 14 
2 4 4 7 7 7 7 8 9 10 14 16 
2 4 4 7 7 7 7 8 9 10 14 17 
2 4 4 7 7 7 7 8 9 10 16 16 
2 4 4 7 7 7 7 8 9 10 16 17 
2 4 4 7 7 7 7 8 9 14 14 14 
2 4 4 7 7 7 7 8 9 14 14 16 
2 4 4 7 7 7 7 8 9 14 14 17 
2 4 4 7 7 7 7 8 9 14 16 16 
2 4 4 7 7 7 7 8 9 14 16 17 
2 4 4 7 7 7 7 8 9 16 16 17 
2 4 4 7 7 7 7 8 10 14 14 14 
2 4 4 7 7 7 7 8 10 14 14 16 
2 4 4 7 7 7 7 8 10 14 14 17 
2 4 4 7 7 7 7 8 10 14 16 16 
2 4 4 7 7 7 7 8 10 14 16 17 
2 4 4 7 7 7 7 8 10 16 16 17 
2 4 4 7 7 7 7 8 14 14 14 16 
2 4 4 7 7 7 7 8 14 14 14 17 
2 4 4 7 7 7 7 8 14 14 16 16 
2 4 4 7 7 7 7 8 14 14 16 17 
2 4 4 7 7 7 7 8 14 16 16 17 
2 4 4 7 7 7 7 9 10 14 14 14 
2 4 4 7 7 7 7 9 10 14 14 16 
2 4 4 7 7 7 7 9 10 14 14 17 
2 4 4 7 7 7 7 9 10 14 16 16 
2 4 4 7 7 7 7 9 10 14 16 17 
2 4 4 7 7 7 7 9 10 16 16 17 
2 4 4 7 7 7 7 9 14 14 14 16 
2 4 4 7 7 7 7 9 14 14 14 17 
2 4 4 7 7 7 7 9 14 14 16 16 
2 4 4 7 7 7 7 9 14 14 16 17 
2 4 4 7 7 7 7 9 14 16 16 17 
2 4 4 7 7 7 7 10 14 14 14 16 
2 4 4 7 7 7 7 10 14 14 14 17 
2 4 4 7 7 7 7 10 14 14 16 16 
2 4 4 7 7 7 7 10 14 14 16 17 
2 4 4 7 7 7 7 10 14 16 16 17 
2 4 4 7 7 7 7 14 14 14 16 16 
2 4 4 7 7 7 7 14 14 14 16 17 
2 4 4 7 7 7 7 14 14 16 16 17 
2 4 4 7 7 7 8 9 10 14 14 14 
2 4 4 7 7 7 8 9 10 14 14 16 
2 4 4 7 7 7 8 9 10 14 14 17 
2 4 4 7 7 7 8 9 10 14 16 16 
2 4 4 7 7 7 8 9 10 14 16 17 
2 4 4 7 7 7 8 9 10 16 16 17 
2 4 4 7 7 7 8 9 14 14 14 16 
2 4 4 7 7 7 8 9 14 14 14 17 
2 4 4 7 7 7 8 9 14 14 16 16 
2 4 4 7 7 7 8 9 14 14 16 17 
2 4 4 7 7 7 8 9 14 16 16 17 
2 4 4 7 7 7 8 10 14 14 14 16 
2 4 4 7 7 7 8 10 14 14 14 17 
2 4 4 7 7 7 8 10 14 14 16 16 
2 4 4 7 7 7 8 10 14 14 16 17 
2 4 4 7 7 7 8 10 14 16 16 17 
2 4 4 7 7 7 8 14 14 14 16 16 
2 4 4 7 7 7 8 14 14 14 16 17 
2 4 4 7 7 7 8 14 14 16 16 17 
2 4 4 7 7 7 9 10 14 14 14 16 
2 4 4 7 7 7 9 10 14 14 14 17 
2 4 4 7 7 7 9 10 14 14 16 16 
2 4 4 7 7 7 9 10 14 14 16 17 
2 4 4 7 7 7 9 10 14 16 16 17 
2 4 4 7 7 7 9 14 14 14 16 16 
2 4 4 7 7 7 9 14 14 14 16 17 
2 4 4 7 7 7 9 14 14 16 16 17 
2 4 4 7 7 7 10 14 14 14 16 16 
2 4 4 7 7 7 10 14 14 14 16 17 
2 4 4 7 7 7 10 14 14 16 16 17 
2 4 4 7 7 7 14 14 14 16 16 17 
2 4 4 7 7 8 9 10 14 14 14 16 
2 4 4 7 7 8 9 10 14 14 14 17 
2 4 4 7 7 8 9 10 14 14 16 16 
2 4 4 7 7 8 9 10 14 14 16 17 
2 4 4 7 7 8 9 10 14 16 16 17 
2 4 4 7 7 8 9 14 14 14 16 16 
2 4 4 7 7 8 9 14 14 14 16 17 
2 4 4 7 7 8 9 14 14 16 16 17 
2 4 4 7 7 8 10 14 14 14 16 16 
2 4 4 7 7 8 10 14 14 14 16 17 
2 4 4 7 7 8 10 14 14 16 16 17 
2 4 4 7 7 8 14 14 14 16 16 17 
2 4 4 7 7 9 10 14 14 14 16 16 
2 4 4 7 7 9 10 14 14 14 16 17 
2 4 4 7 7 9 10 14 14 16 16 17 
2 4 4 7 7 9 14 14 14 16 16 17 
2 4 4 7 7 10 14 14 14 16 16 17 
2 4 4 7 8 9 10 14 14 14 16 16 
2 4 4 7 8 9 10 14 14 14 16 17 
2 4 4 7 8 9 10 14 14 16 16 17 
2 4 4 7 8 9 14 14 14 16 16 17 
2 4 4 7 8 10 14 14 14 16 16 17 
2 4 4 7 9 10 14 14 14 16 16 17 
2 4 4 8 9 10 14 14 14 16 16 17 
2 4 6 7 7 7 7 8 9 10 14 14 
2 4 6 7 7 7 7 8 9 10 14 16 
2 4 6 7 7 7 7 8 9 10 14 17 
2 4 6 7 7 7 7 8 9 10 16 16 
2 4 6 7 7 7 7 8 9 10 16 17 
2 4 6 7 7 7 7 8 9 14 14 14 
2 4 6 7 7 7 7 8 9 14 14 16 
2 4 6 7 7 7 7 8 9 14 14 17 
2 4 6 7 7 7 7 8 9 14 16 16 
2 4 6 7 7 7 7 8 9 14 16 17 
2 4 6 7 7 7 7 8 9 16 16 17 
2 4 6 7 7 7 7 8 10 14 14 14 
2 4 6 7 7 7 7 8 10 14 14 16 
2 4 6 7 7 7 7 8 10 14 14 17 
2 4 6 7 7 7 7 8 10 14 16 16 
2 4 6 7 7 7 7 8 10 14 16 17 
2 4 6 7 7 7 7 8 10 16 16 17 
2 4 6 7 7 7 7 8 14 14 14 16 
2 4 6 7 7 7 7 8 14 14 14 17 
2 4 6 7 7 7 7 8 14 14 16 16 
2 4 6 7 7 7 7 8 14 14 16 17 
2 4 6 7 7 7 7 8 14 16 16 17 
2 4 6 7 7 7 7 9 10 14 14 14 
2 4 6 7 7 7 7 9 10 14 14 16 
2 4 6 7 7 7 7 9 10 14 14 17 
2 4 6 7 7 7 7 9 10 14 16 16 
2 4 6 7 7 7 7 9 10 14 16 17 
2 4 6 7 7 7 7 9 10 16 16 17 
2 4 6 7 7 7 7 9 14 14 14 16 
2 4 6 7 7 7 7 9 14 14 14 17 
2 4 6 7 7 7 7 9 14 14 16 16 
2 4 6 7 7 7 7 9 14 14 16 17 
2 4 6 7 7 7 7 9 14 16 16 17 
2 4 6 7 7 7 7 10 14 14 14 16 
2 4 6 7 7 7 7 10 14 14 14 17 
2 4 6 7 7 7 7 10 14 14 16 16 
2 4 6 7 7 7 7 10 14 14 16 17 
2 4 6 7 7 7 7 10 14 16 16 17 
2 4 6 7 7 7 7 14 14 14 16 16 
2 4 6 7 7 7 7 14 14 14 16 17 
2 4 6 7 7 7 7 14 14 16 16 17 
2 4 6 7 7 7 8 9 10 14 14 14 
2 4 6 7 7 7 8 9 10 14 14 16 
2 4 6 7 7 7 8 9 10 14 14 17 
2 4 6 7 7 7 8 9 10 14 16 16 
2 4 6 7 7 7 8 9 10 14 16 17 
2 4 6 7 7 7 8 9 10 16 16 17 
2 4 6 7 7 7 8 9 14 14 14 16 
2 4 6 7 7 7 8 9 14 14 14 17 
2 4 6 7 7 7 8 9 14 14 16 16 
2 4 6 7 7 7 8 9 14 14 16 17 
2 4 6 7 7 7 8 9 14 16 16 17 
2 4 6 7 7 7 8 10 14 14 14 16 
2 4 6 7 7 7 8 10 14 14 14 17 
2 4 6 7 7 7 8 10 14 14 16 16 
2 4 6 7 7 7 8 10 14 14 16 17 
2 4 6 7 7 7 8 10 14 16 16 17 
2 4 6 7 7 7 8 14 14 14 16 16 
2 4 6 7 7 7 8 14 14 14 16 17 
2 4 6 7 7 7 8 14 14 16 16 17 
2 4 6 7 7 7 9 10 14 14 14 16 
2 4 6 7 7 7 9 10 14 14 14 17 
2 4 6 7 7 7 9 10 14 14 16 16 
2 4 6 7 7 7 9 10 14 14 16 17 
2 4 6 7 7 7 9 10 14 16 16 17 
2 4 6 7 7 7 9 14 14 14 16 16 
2 4 6 7 7 7 9 14 14 14 16 17 
2 4 6 7 7 7 9 14 14 16 16 17 
2 4 6 7 7 7 10 14 14 14 16 16 
2 4 6 7 7 7 10 14 14 14 16 17 
2 4 6 7 7 7 10 14 14 16 16 17 
2 4 6 7 7 7 14 14 14 16 16 17 
2 4 6 7 7 8 9 10 14 14 14 16 
2 4 6 7 7 8 9 10 14 14 14 17 
2 4 6 7 7 8 9 10 14 14 16 16 
2 4 6 7 7 8 9 10 14 14 16 17 
2 4 6 7 7 8 9 10 14 16 16 17 
2 4 6 7 7 8 9 14 14 14 16 16 
2 4 6 7 7 8 9 14 14 14 16 17 
2 4 6 7 7 8 9 14 14 16 16 17 
2 4 6 7 7 8 10 14 14 14 16 16 
2 4 6 7 7 8 10 14 14 14 16 17 
2 4 6 7 7 8 10 14 14 16 16 17 
2 4 6 7 7 8 14 14 14 16 16 17 
2 4 6 7 7 9 10 14 14 14 16 16 
2 4 6 7 7 9 10 14 14 14 16 17 
2 4 6 7 7 9 10 14 14 16 16 17 
2 4 6 7 7 9 14 14 14 16 16 17 
2 4 6 7 7 10 14 14 14 16 16 17 
2 4 6 7 8 9 10 14 14 14 16 16 
2 4 6 7 8 9 10 14 14 14 16 17 
2 4 6 7 8 9 10 14 14 16 16 17 
2 4 6 7 8 9 14 14 14 16 16 17 
2 4 6 7 8 10 14 14 14 16 16 17 
2 4 6 7 9 10 14 14 14 16 16 17 
2 4 6 8 9 10 14 14 14 16 16 17 
2 4 7 7 7 7 8 9 10 14 14 14 
2 4 7 7 7 7 8 9 10 14 14 16 
2 4 7 7 7 7 8 9 10 14 14 17 
2 4 7 7 7 7 8 9 10 14 16 16 
2 4 7 7 7 7 8 9 10 14 16 17 
2 4 7 7 7 7 8 9 10 16 16 17 
2 4 7 7 7 7 8 9 14 14 14 16 
2 4 7 7 7 7 8 9 14 14 14 17 
2 4 7 7 7 7 8 9 14 14 16 16 
2 4 7 7 7 7 8 9 14 14 16 17 
2 4 7 7 7 7 8 9 14 16 16 17 
2 4 7 7 7 7 8 10 14 14 14 16 
2 4 7 7 7 7 8 10 14 14 14 17 
2 4 7 7 7 7 8 10 14 14 16 16 
2 4 7 7 7 7 8 10 14 14 16 17 
2 4 7 7 7 7 8 10 14 16 16 17 
2 4 7 7 7 7 8 14 14 14 16 16 
2 4 7 7 7 7 8 14 14 14 16 17 
2 4 7 7 7 7 8 14 14 16 16 17 
2 4 7 7 7 7 9 10 14 14 14 16 
2 4 7 7 7 7 9 10 14 14 14 17 
2 4 7 7 7 7 9 10 14 14 16 16 
2 4 7 7 7 7 9 10 14 14 16 17 
2 4 7 7 7 7 9 10 14 16 16 17 
2 4 7 7 7 7 9 14 14 14 16 16 
2 4 7 7 7 7 9 14 14 14 16 17 
2 4 7 7 7 7 9 14 14 16 16 17 
2 4 7 7 7 7 10 14 14 14 16 16 
2 4 7 7 7 7 10 14 14 14 16 17 
2 4 7 7 7 7 10 14 14 16 16 17 
2 4 7 7 7 7 14 14 14 16 16 17 
2 4 7 7 7 8 9 10 14 14 14 16 
2 4 7 7 7 8 9 10 14 14 14 17 
2 4 7 7 7 8 9 10 14 14 16 16 
2 4 7 7 7 8 9 10 14 14 16 17 
2 4 7 7 7 8 9 10 14 16 16 17 
2 4 7 7 7 8 9 14 14 14 16 16 
2 4 7 7 7 8 9 14 14 14 16 17 
2 4 7 7 7 8 9 14 14 16 16 17 
2 4 7 7 7 8 10 14 14 14 16 16 
2 4 7 7 7 8 10 14 14 14 16 17 
2 4 7 7 7 8 10 14 14 16 16 17 
2 4 7 7 7 8 14 14 14 16 16 17 
2 4 7 7 7 9 10 14 14 14 16 16 
2 4 7 7 7 9 10 14 14 14 16 17 
2 4 7 7 7 9 10 14 14 16 16 17 
2 4 7 7 7 9 14 14 14 16 16 17 
2 4 7 7 7 10 14 14 14 16 16 17 
2 4 7 7 8 9 10 14 14 14 16 16 
2 4 7 7 8 9 10 14 14 14 16 17 
2 4 7 7 8 9 10 14 14 16 16 17 
2 4 7 7 8 9 14 14 14 16 16 17 
2 4 7 7 8 10 14 14 14 16 16 17 
2 4 7 7 9 10 14 14 14 16 16 17 
2 4 7 8 9 10 14 14 14 16 16 17 
2 6 7 7 7 7 8 9 10 14 14 14 
2 6 7 7 7 7 8 9 10 14 14 16 
2 6 7 7 7 7 8 9 10 14 14 17 
2 6 7 7 7 7 8 9 10 14 16 16 
2 6 7 7 7 7 8 9 10 14 16 17 
2 6 7 7 7 7 8 9 10 16 16 17 
2 6 7 7 7 7 8 9 14 14 14 16 
2 6 7 7 7 7 8 9 14 14 14 17 
2 6 7 7 7 7 8 9 14 14 16 16 
2 6 7 7 7 7 8 9 14 14 16 17 
2 6 7 7 7 7 8 9 14 16 16 17 
2 6 7 7 7 7 8 10 14 14 14 16 
2 6 7 7 7 7 8 10 14 14 14 17 
2 6 7 7 7 7 8 10 14 14 16 16 
2 6 7 7 7 7 8 10 14 14 16 17 
2 6 7 7 7 7 8 10 14 16 16 17 
2 6 7 7 7 7 8 14 14 14 16 16 
2 6 7 7 7 7 8 14 14 14 16 17 
2 6 7 7 7 7 8 14 14 16 16 17 
2 6 7 7 7 7 9 10 14 14 14 16 
2 6 7 7 7 7 9 10 14 14 14 17 
2 6 7 7 7 7 9 10 14 14 16 16 
2 6 7 7 7 7 9 10 14 14 16 17 
2 6 7 7 7 7 9 10 14 16 16 17 
2 6 7 7 7 7 9 14 14 14 16 16 
2 6 7 7 7 7 9 14 14 14 16 17 
2 6 7 7 7 7 9 14 14 16 16 17 
2 6 7 7 7 7 10 14 14 14 16 16 
2 6 7 7 7 7 10 14 14 14 16 17 
2 6 7 7 7 7 10 14 14 16 16 17 
2 6 7 7 7 7 14 14 14 16 16 17 
2 6 7 7 7 8 9 10 14 14 14 16 
2 6 7 7 7 8 9 10 14 14 14 17 
2 6 7 7 7 8 9 10 14 14 16 16 
2 6 7 7 7 8 9 10 14 14 16 17 
2 6 7 7 7 8 9 10 14 16 16 17 
2 6 7 7 7 8 9 14 14 14 16 16 
2 6 7 7 7 8 9 14 14 14 16 17 
2 6 7 7 7 8 9 14 14 16 16 17 
2 6 7 7 7 8 10 14 14 14 16 16 
2 6 7 7 7 8 10 14 14 14 16 17 
2 6 7 7 7 8 10 14 14 16 16 17 
2 6 7 7 7 8 14 14 14 16 16 17 
2 6 7 7 7 9 10 14 14 14 16 16 
2 6 7 7 7 9 10 14 14 14 16 17 
2 6 7 7 7 9 10 14 14 16 16 17 
2 6 7 7 7 9 14 14 14 16 16 17 
2 6 7 7 7 10 14 14 14 16 16 17 
2 6 7 7 8 9 10 14 14 14 16 16 
2 6 7 7 8 9 10 14 14 14 16 17 
2 6 7 7 8 9 10 14 14 16 16 17 
2 6 7 7 8 9 14 14 14 16 16 17 
2 6 7 7 8 10 14 14 14 16 16 17 
2 6 7 7 9 10 14 14 14 16 16 17 
2 6 7 8 9 10 14 14 14 16 16 17 
2 7 7 7 7 8 9 10 14 14 14 16 
2 7 7 7 7 8 9 10 14 14 14 17 
2 7 7 7 7 8 9 10 14 14 16 16 
2 7 7 7 7 8 9 10 14 14 16 17 
2 7 7 7 7 8 9 10 14 16 16 17 
2 7 7 7 7 8 9 14 14 14 16 16 
2 7 7 7 7 8 9 14 14 14 16 17 
2 7 7 7 7 8 9 14 14 16 16 17 
2 7 7 7 7 8 10 14 14 14 16 16 
2 7 7 7 7 8 10 14 14 14 16 17 
2 7 7 7 7 8 10 14 14 16 16 17 
2 7 7 7 7 8 14 14 14 16 16 17 
2 7 7 7 7 9 10 14 14 14 16 16 
2 7 7 7 7 9 10 14 14 14 16 17 
2 7 7 7 7 9 10 14 14 16 16 17 
2 7 7 7 7 9 14 14 14 16 16 17 
2 7 7 7 7 10 14 14 14 16 16 17 
2 7 7 7 8 9 10 14 14 14 16 16 
2 7 7 7 8 9 10 14 14 14 16 17 
2 7 7 7 8 9 10 14 14 16 16 17 
2 7 7 7 8 9 14 14 14 16 16 17 
2 7 7 7 8 10 14 14 14 16 16 17 
2 7 7 7 9 10 14 14 14 16 16 17 
2 7 7 8 9 10 14 14 14 16 16 17 
3 4 4 6 7 7 7 7 8 9 10 14 
3 4 4 6 7 7 7 7 8 9 10 16 
3 4 4 6 7 7 7 7 8 9 10 17 
3 4 4 6 7 7 7 7 8 9 14 14 
3 4 4 6 7 7 7 7 8 9 14 16 
3 4 4 6 7 7 7 7 8 9 14 17 
3 4 4 6 7 7 7 7 8 9 16 16 
3 4 4 6 7 7 7 7 8 9 16 17 
3 4 4 6 7 7 7 7 8 10 14 14 
3 4 4 6 7 7 7 7 8 10 14 16 
3 4 4 6 7 7 7 7 8 10 14 17 
3 4 4 6 7 7 7 7 8 10 16 16 
3 4 4 6 7 7 7 7 8 10 16 17 
3 4 4 6 7 7 7 7 8 14 14 14 
3 4 4 6 7 7 7 7 8 14 14 16 
3 4 4 6 7 7 7 7 8 14 14 17 
3 4 4 6 7 7 7 7 8 14 16 16 
3 4 4 6 7 7 7 7 8 14 16 17 
3 4 4 6 7 7 7 7 8 16 16 17 
3 4 4 6 7 7 7 7 9 10 14 14 
3 4 4 6 7 7 7 7 9 10 14 16 
3 4 4 6 7 7 7 7 9 10 14 17 
3 4 4 6 7 7 7 7 9 10 16 16 
3 4 4 6 7 7 7 7 9 10 16 17 
3 4 4 6 7 7 7 7 9 14 14 14 
3 4 4 6 7 7 7 7 9 14 14 16 
3 4 4 6 7 7 7 7 9 14 14 17 
3 4 4 6 7 7 7 7 9 14 16 16 
3 4 4 6 7 7 7 7 9 14 16 17 
3 4 4 6 7 7 7 7 9 16 16 17 
3 4 4 6 7 7 7 7 10 14 14 14 
3 4 4 6 7 7 7 7 10 14 14 16 
3 4 4 6 7 7 7 7 10 14 14 17 
3 4 4 6 7 7 7 7 10 14 16 16 
3 4 4 6 7 7 7 7 10 14 16 17 
3 4 4 6 7 7 7 7 10 16 16 17 
3 4 4 6 7 7 7 7 14 14 14 16 
3 4 4 6 7 7 7 7 14 14 14 17 
3 4 4 6 7 7 7 7 14 14 16 16 
3 4 4 6 7 7 7 7 14 14 16 17 
3 4 4 6 7 7 7 7 14 16 16 17 
3 4 4 6 7 7 7 8 9 10 14 14 
3 4 4 6 7 7 7 8 9 10 14 16 
3 4 4 6 7 7 7 8 9 10 14 17 
3 4 4 6 7 7 7 8 9 10 16 16 
3 4 4 6 7 7 7 8 9 10 16 17 
3 4 4 6 7 7 7 8 9 14 14 14 
3 4 4 6 7 7 7 8 9 14 14 16 
3 4 4 6 7 7 7 8 9 14 14 17 
3 4 4 6 7 7 7 8 9 14 16 16 
3 4 4 6 7 7 7 8 9 14 16 17 
3 4 4 6 7 7 7 8 9 16 16 17 
3 4 4 6 7 7 7 8 10 14 14 14 
3 4 4 6 7 7 7 8 10 14 14 16 
3 4 4 6 7 7 7 8 10 14 14 17 
3 4 4 6 7 7 7 8 10 14 16 16 
3 4 4 6 7 7 7 8 10 14 16 17 
3 4 4 6 7 7 7 8 10 16 16 17 
3 4 4 6 7 7 7 8 14 14 14 16 
3 4 4 6 7 7 7 8 14 14 14 17 
3 4 4 6 7 7 7 8 14 14 16 16 
3 4 4 6 7 7 7 8 14 14 16 17 
3 4 4 6 7 7 7 8 14 16 16 17 
3 4 4 6 7 7 7 9 10 14 14 14 
3 4 4 6 7 7 7 9 10 14 14 16 
3 4 4 6 7 7 7 9 10 14 14 17 
3 4 4 6 7 7 7 9 10 14 16 16 
3 4 4 6 7 7 7 9 10 14 16 17 
3 4 4 6 7 7 7 9 10 16 16 17 
3 4 4 6 7 7 7 9 14 14 14 16 
3 4 4 6 7 7 7 9 14 14 14 17 
3 4 4 6 7 7 7 9 14 14 16 16 
3 4 4 6 7 7 7 9 14 14 16 17 
3 4 4 6 7 7 7 9 14 16 16 17 
3 4 4 6 7 7 7 10 14 14 14 16 
3 4 4 6 7 7 7 10 14 14 14 17 
3 4 4 6 7 7 7 10 14 14 16 16 
3 4 4 6 7 7 7 10 14 14 16 17 
3 4 4 6 7 7 7 10 14 16 16 17 
3 4 4 6 7 7 7 14 14 14 16 16 
3 4 4 6 7 7 7 14 14 14 16 17 
3 4 4 6 7 7 7 14 14 16 16 17 
3 4 4 6 7 7 8 9 10 14 14 14 
3 4 4 6 7 7 8 9 10 14 14 16 
3 4 4 6 7 7 8 9 10 14 14 17 
3 4 4 6 7 7 8 9 10 14 16 16 
3 4 4 6 7 7 8 9 10 14 16 17 
3 4 4 6 7 7 8 9 10 16 16 17 
3 4 4 6 7 7 8 9 14 14 14 16 
3 4 4 6 7 7 8 9 14 14 14 17 
3 4 4 6 7 7 8 9 14 14 16 16 
3 4 4 6 7 7 8 9 14 14 16 17 
3 4 4 6 7 7 8 9 14 16 16 17 
3 4 4 6 7 7 8 10 14 14 14 16 
3 4 4 6 7 7 8 10 14 14 14 17 
3 4 4 6 7 7 8 10 14 14 16 16 
3 4 4 6 7 7 8 10 14 14 16 17 
3 4 4 6 7 7 8 10 14 16 16 17 
3 4 4 6 7 7 8 14 14 14 16 16 
3 4 4 6 7 7 8 14 14 14 16 17 
3 4 4 6 7 7 8 14 14 16 16 17 
3 4 4 6 7 7 9 10 14 14 14 16 
3 4 4 6 7 7 9 10 14 14 14 17 
3 4 4 6 7 7 9 10 14 14 16 16 
3 4 4 6 7 7 9 10 14 14 16 17 
3 4 4 6 7 7 9 10 14 16 16 17 
3 4 4 6 7 7 9 14 14 14 16 16 
3 4 4 6 7 7 9 14 14 14 16 17 
3 4 4 6 7 7 9 14 14 16 16 17 
3 4 4 6 7 7 10 14 14 14 16 16 
3 4 4 6 7 7 10 14 14 14 16 17 
3 4 4 6 7 7 10 14 14 16 16 17 
3 4 4 6 7 7 14 14 14 16 16 17 
3 4 4 6 7 8 9 10 14 14 14 16 
3 4 4 6 7 8 9 10 14 14 14 17 
3 4 4 6 7 8 9 10 14 14 16 16 
3 4 4 6 7 8 9 10 14 14 16 17 
3 4 4 6 7 8 9 10 14 16 16 17 
3 4 4 6 7 8 9 14 14 14 16 16 
3 4 4 6 7 8 9 14 14 14 16 17 
3 4 4 6 7 8 9 14 14 16 16 17 
3 4 4 6 7 8 10 14 14 14 16 16 
3 4 4 6 7 8 10 14 14 14 16 17 
3 4 4 6 7 8 10 14 14 16 16 17 
3 4 4 6 7 8 14 14 14 16 16 17 
3 4 4 6 7 9 10 14 14 14 16 16 
3 4 4 6 7 9 10 14 14 14 16 17 
3 4 4 6 7 9 10 14 14 16 16 17 
3 4 4 6 7 9 14 14 14 16 16 17 
3 4 4 6 7 10 14 14 14 16 16 17 
3 4 4 6 8 9 10 14 14 14 16 16 
3 4 4 6 8 9 10 14 14 14 16 17 
3 4 4 6 8 9 10 14 14 16 16 17 
3 4 4 6 8 9 14 14 14 16 16 17 
3 4 4 6 8 10 14 14 14 16 16 17 
3 4 4 6 9 10 14 14 14 16 16 17 
3 4 4 7 7 7 7 8 9 10 14 14 
3 4 4 7 7 7 7 8 9 10 14 16 
3 4 4 7 7 7 7 8 9 10 14 17 
3 4 4 7 7 7 7 8 9 10 16 16 
3 4 4 7 7 7 7 8 9 10 16 17 
3 4 4 7 7 7 7 8 9 14 14 14 
3 4 4 7 7 7 7 8 9 14 14 16 
3 4 4 7 7 7 7 8 9 14 14 17 
3 4 4 7 7 7 7 8 9 14 16 16 
3 4 4 7 7 7 7 8 9 14 16 17 
3 4 4 7 7 7 7 8 9 16 16 17 
3 4 4 7 7 7 7 8 10 14 14 14 
3 4 4 7 7 7 7 8 10 14 14 16 
3 4 4 7 7 7 7 8 10 14 14 17 
3 4 4 7 7 7 7 8 10 14 16 16 
3 4 4 7 7 7 7 8 10 14 16 17 
3 4 4 7 7 7 7 8 10 16 16 17 
3 4 4 7 7 7 7 8 14 14 14 16 
3 4 4 7 7 7 7 8 14 14 14 17 
3 4 4 7 7 7 7 8 14 14 16 16 
3 4 4 7 7 7 7 8 14 14 16 17 
3 4 4 7 7 7 7 8 14 16 16 17 
3 4 4 7 7 7 7 9 10 14 14 14 
3 4 4 7 7 7 7 9 10 14 14 16 
3 4 4 7 7 7 7 9 10 14 14 17 
3 4 4 7 7 7 7 9 10 14 16 16 
3 4 4 7 7 7 7 9 10 14 16 17 
3 4 4 7 7 7 7 9 10 16 16 17 
3 4 4 7 7 7 7 9 14 14 14 16 
3 4 4 7 7 7 7 9 14 14 14 17 
3 4 4 7 7 7 7 9 14 14 16 16 
3 4 4 7 7 7 7 9 14 14 16 17 
3 4 4 7 7 7 7 9 14 16 16 17 
3 4 4 7 7 7 7 10 14 14 14 16 
3 4 4 7 7 7 7 10 14 14 14 17 
3 4 4 7 7 7 7 10 14 14 16 16 
3 4 4 7 7 7 7 10 14 14 16 17 
3 4 4 7 7 7 7 10 14 16 16 17 
3 4 4 7 7 7 7 14 14 14 16 16 
3 4 4 7 7 7 7 14 14 14 16 17 
3 4 4 7 7 7 7 14 14 16 16 17 
3 4 4 7 7 7 8 9 10 14 14 14 
3 4 4 7 7 7 8 9 10 14 14 16 
3 4 4 7 7 7 8 9 10 14 14 17 
3 4 4 7 7 7 8 9 10 14 16 16 
3 4 4 7 7 7 8 9 10 14 16 17 
3 4 4 7 7 7 8 9 10 16 16 17 
3 4 4 7 7 7 8 9 14 14 14 16 
3 4 4 7 7 7 8 9 14 14 14 17 
3 4 4 7 7 7 8 9 14 14 16 16 
3 4 4 7 7 7 8 9 14 14 16 17 
3 4 4 7 7 7 8 9 14 16 16 17 
3 4 4 7 7 7 8 10 14 14 14 16 
3 4 4 7 7 7 8 10 14 14 14 17 
3 4 4 7 7 7 8 10 14 14 16 16 
3 4 4 7 7 7 8 10 14 14 16 17 
3 4 4 7 7 7 8 10 14 16 16 17 
3 4 4 7 7 7 8 14 14 14 16 16 
3 4 4 7 7 7 8 14 14 14 16 17 
3 4 4 7 7 7 8 14 14 16 16 17 
3 4 4 7 7 7 9 10 14 14 14 16 
3 4 4 7 7 7 9 10 14 14 14 17 
3 4 4 7 7 7 9 10 14 14 16 16 
3 4 4 7 7 7 9 10 14 14 16 17 
3 4 4 7 7 7 9 10 14 16 16 17 
3 4 4 7 7 7 9 14 14 14 16 16 
3 4 4 7 7 7 9 14 14 14 16 17 
3 4 4 7 7 7 9 14 14 16 16 17 
3 4 4 7 7 7 10 14 14 14 16 16 
3 4 4 7 7 7 10 14 14 14 16 17 
3 4 4 7 7 7 10 14 14 16 16 17 
3 4 4 7 7 7 14 14 14 16 16 17 
3 4 4 7 7 8 9 10 14 14 14 16 
3 4 4 7 7 8 9 10 14 14 14 17 
3 4 4 7 7 8 9 10 14 14 16 16 
3 4 4 7 7 8 9 10 14 14 16 17 
3 4 4 7 7 8 9 10 14 16 16 17 
3 4 4 7 7 8 9 14 14 14 16 16 
3 4 4 7 7 8 9 14 14 14 16 17 
3 4 4 7 7 8 9 14 14 16 16 17 
3 4 4 7 7 8 10 14 14 14 16 16 
3 4 4 7 7 8 10 14 14 14 16 17 
3 4 4 7 7 8 10 14 14 16 16 17 
3 4 4 7 7 8 14 14 14 16 16 17 
3 4 4 7 7 9 10 14 14 14 16 16 
3 4 4 7 7 9 10 14 14 14 16 17 
3 4 4 7 7 9 10 14 14 16 16 17 
3 4 4 7 7 9 14 14 14 16 16 17 
3 4 4 7 7 10 14 14 14 16 16 17 
3 4 4 7 8 9 10 14 14 14 16 16 
3 4 4 7 8 9 10 14 14 14 16 17 
3 4 4 7 8 9 10 14 14 16 16 17 
3 4 4 7 8 9 14 14 14 16 16 17 
3 4 4 7 8 10 14 14 14 16 16 17 
3 4 4 7 9 10 14 14 14 16 16 17 
3 4 4 8 9 10 14 14 14 16 16 17 
3 4 6 7 7 7 7 8 9 10 14 14 
3 4 6 7 7 7 7 8 9 10 14 16 
3 4 6 7 7 7 7 8 9 10 14 17 
3 4 6 7 7 7 7 8 9 10 16 16 
3 4 6 7 7 7 7 8 9 10 16 17 
3 4 6 7 7 7 7 8 9 14 14 14 
3 4 6 7 7 7 7 8 9 14 14 16 
3 4 6 7 7 7 7 8 9 14 14 17 
3 4 6 7 7 7 7 8 9 14 16 16 
3 4 6 7 7 7 7 8 9 14 16 17 
3 4 6 7 7 7 7 8 9 16 16 17 
3 4 6 7 7 7 7 8 10 14 14 14 
3 4 6 7 7 7 7 8 10 14 14 16 
3 4 6 7 7 7 7 8 10 14 14 17 
3 4 6 7 7 7 7 8 10 14 16 16 
3 4 6 7 7 7 7 8 10 14 16 17 
3 4 6 7 7 7 7 8 10 16 16 17 
3 4 6 7 7 7 7 8 14 14 14 16 
3 4 6 7 7 7 7 8 14 14 14 17 
3 4 6 7 7 7 7 8 14 14 16 16 
3 4 6 7 7 7 7 8 14 14 16 17 
3 4 6 7 7 7 7 8 14 16 16 17 
3 4 6 7 7 7 7 9 10 14 14 14 
3 4 6 7 7 7 7 9 10 14 14 16 
3 4 6 7 7 7 7 9 10 14 14 17 
3 4 6 7 7 7 7 9 10 14 16 16 
3 4 6 7 7 7 7 9 10 14 16 17 
3 4 6 7 7 7 7 9 10 16 16 17 
3 4 6 7 7 7 7 9 14 14 14 16 
3 4 6 7 7 7 7 9 14 14 14 17 
3 4 6 7 7 7 7 9 14 14 16 16 
3 4 6 7 7 7 7 9 14 14 16 17 
3 4 6 7 7 7 7 9 14 16 16 17 
3 4 6 7 7 7 7 10 14 14 14 16 
3 4 6 7 7 7 7 10 14 14 14 17 
3 4 6 7 7 7 7 10 14 14 16 16 
3 4 6 7 7 7 7 10 14 14 16 17 
3 4 6 7 7 7 7 10 14 16 16 17 
3 4 6 7 7 7 7 14 14 14 16 16 
3 4 6 7 7 7 7 14 14 14 16 17 
3 4 6 7 7 7 7 14 14 16 16 17 
3 4 6 7 7 7 8 9 10 14 14 14 
3 4 6 7 7 7 8 9 10 14 14 16 
3 4 6 7 7 7 8 9 10 14 14 17 
3 4 6 7 7 7 8 9 10 14 16 16 
3 4 6 7 7 7 8 9 10 14 16 17 
3 4 6 7 7 7 8 9 10 16 16 17 
3 4 6 7 7 7 8 9 14 14 14 16 
3 4 6 7 7 7 8 9 14 14 14 17 
3 4 6 7 7 7 8 9 14 14 16 16 
3 4 6 7 7 7 8 9 14 14 16 17 
3 4 6 7 7 7 8 9 14 16 16 17 
3 4 6 7 7 7 8 10 14 14 14 16 
3 4 6 7 7 7 8 10 14 14 14 17 
3 4 6 7 7 7 8 10 14 14 16 16 
3 4 6 7 7 7 8 10 14 14 16 17 
3 4 6 7 7 7 8 10 14 16 16 17 
3 4 6 7 7 7 8 14 14 14 16 16 
3 4 6 7 7 7 8 14 14 14 16 17 
3 4 6 7 7 7 8 14 14 16 16 17 
3 4 6 7 7 7 9 10 14 14 14 16 
3 4 6 7 7 7 9 10 14 14 14 17 
3 4 6 7 7 7 9 10 14 14 16 16 
3 4 6 7 7 7 9 10 14 14 16 17 
3 4 6 7 7 7 9 10 14 16 16 17 
3 4 6 7 7 7 9 14 14 14 16 16 
3 4 6 7 7 7 9 14 14 14 16 17 
3 4 6 7 7 7 9 14 14 16 16 17 
3 4 6 7 7 7 10 14 14 14 16 16 
3 4 6 7 7 7 10 14 14 14 16 17 
3 4 6 7 7 7 10 14 14 16 16 17 
3 4 6 7 7 7 14 14 14 16 16 17 
3 4 6 7 7 8 9 10 14 14 14 16 
3 4 6 7 7 8 9 10 14 14 14 17 
3 4 6 7 7 8 9 10 14 14 16 16 
3 4 6 7 7 8 9 10 14 14 16 17 
3 4 6 7 7 8 9 10 14 16 16 17 
3 4 6 7 7 8 9 14 14 14 16 16 
3 4 6 7 7 8 9 14 14 14 16 17 
3 4 6 7 7 8 9 14 14 16 16 17 
3 4 6 7 7 8 10 14 14 14 16 16 
3 4 6 7 7 8 10 14 14 14 16 17 
3 4 6 7 7 8 10 14 14 16 16 17 
3 4 6 7 7 8 14 14 14 16 16 17 
3 4 6 7 7 9 10 14 14 14 16 16 
3 4 6 7 7 9 10 14 14 14 16 17 
3 4 6 7 7 9 10 14 14 16 16 17 
3 4 6 7 7 9 14 14 14 16 16 17 
3 4 6 7 7 10 14 14 14 16 16 17 
3 4 6 7 8 9 10 14 14 14 16 16 
3 4 6 7 8 9 10 14 14 14 16 17 
3 4 6 7 8 9 10 14 14 16 16 17 
3 4 6 7 8 9 14 14 14 16 16 17 
3 4 6 7 8 10 14 14 14 16 16 17 
3 4 6 7 9 10 14 14 14 16 16 17 
3 4 6 8 9 10 14 14 14 16 16 17 
3 4 7 7 7 7 8 9 10 14 14 14 
3 4 7 7 7 7 8 9 10 14 14 16 
3 4 7 7 7 7 8 9 10 14 14 17 
3 4 7 7 7 7 8 9 10 14 16 16 
3 4 7 7 7 7 8 9 10 14 16 17 
3 4 7 7 7 7 8 9 10 16 16 17 
3 4 7 7 7 7 8 9 14 14 14 16 
3 4 7 7 7 7 8 9 14 14 14 17 
3 4 7 7 7 7 8 9 14 14 16 16 
3 4 7 7 7 7 8 9 14 14 16 17 
3 4 7 7 7 7 8 9 14 16 16 17 
3 4 7 7 7 7 8 10 14 14 14 16 
3 4 7 7 7 7 8 10 14 14 14 17 
3 4 7 7 7 7 8 10 14 14 16 16 
3 4 7 7 7 7 8 10 14 14 16 17 
3 4 7 7 7 7 8 10 14 16 16 17 
3 4 7 7 7 7 8 14 14 14 16 16 
3 4 7 7 7 7 8 14 14 14 16 17 
3 4 7 7 7 7 8 14 14 16 16 17 
3 4 7 7 7 7 9 10 14 14 14 16 
3 4 7 7 7 7 9 10 14 14 14 17 
3 4 7 7 7 7 9 10 14 14 16 16 
3 4 7 7 7 7 9 10 14 14 16 17 
3 4 7 7 7 7 9 10 14 16 16 17 
3 4 7 7 7 7 9 14 14 14 16 16 
3 4 7 7 7 7 9 14 14 14 16 17 
3 4 7 7 7 7 9 14 14 16 16 17 
3 4 7 7 7 7 10 14 14 14 16 16 
3 4 7 7 7 7 10 14 14 14 16 17 
3 4 7 7 7 7 10 14 14 16 16 17 
3 4 7 7 7 7 14 14 14 16 16 17 
3 4 7 7 7 8 9 10 14 14 14 16 
3 4 7 7 7 8 9 10 14 14 14 17 
3 4 7 7 7 8 9 10 14 14 16 16 
3 4 7 7 7 8 9 10 14 14 16 17 
3 4 7 7 7 8 9 10 14 16 16 17 
3 4 7 7 7 8 9 14 14 14 16 16 
3 4 7 7 7 8 9 14 14 14 16 17 
3 4 7 7 7 8 9 14 14 16 16 17 
3 4 7 7 7 8 10 14 14 14 16 16 
3 4 7 7 7 8 10 14 14 14 16 17 
3 4 7 7 7 8 10 14 14 16 16 17 
3 4 7 7 7 8 14 14 14 16 16 17 
3 4 7 7 7 9 10 14 14 14 16 16 
3 4 7 7 7 9 10 14 14 14 16 17 
3 4 7 7 7 9 10 14 14 16 16 17 
3 4 7 7 7 9 14 14 14 16 16 17 
3 4 7 7 7 10 14 14 14 16 16 17 
3 4 7 7 8 9 10 14 14 14 16 16 
3 4 7 7 8 9 10 14 14 14 16 17 
3 4 7 7 8 9 10 14 14 16 16 17 
3 4 7 7 8 9 14 14 14 16 16 17 
3 4 7 7 8 10 14 14 14 16 16 17 
3 4 7 7 9 10 14 14 14 16 16 17 
3 4 7 8 9 10 14 14 14 16 16 17 
3 6 7 7 7 7 8 9 10 14 14 14 
3 6 7 7 7 7 8 9 10 14 14 16 
3 6 7 7 7 7 8 9 10 14 14 17 
3 6 7 7 7 7 8 9 10 14 16 16 
3 6 7 7 7 7 8 9 10 14 16 17 
3 6 7 7 7 7 8 9 10 16 16 17 
3 6 7 7 7 7 8 9 14 14 14 16 
3 6 7 7 7 7 8 9 14 14 14 17 
3 6 7 7 7 7 8 9 14 14 16 16 
3 6 7 7 7 7 8 9 14 14 16 17 
3 6 7 7 7 7 8 9 14 16 16 17 
3 6 7 7 7 7 8 10 14 14 14 16 
3 6 7 7 7 7 8 10 14 14 14 17 
3 6 7 7 7 7 8 10 14 14 16 16 
3 6 7 7 7 7 8 10 14 14 16 17 
3 6 7 7 7 7 8 10 14 16 16 17 
3 6 7 7 7 7 8 14 14 14 16 16 
3 6 7 7 7 7 8 14 14 14 16 17 
3 6 7 7 7 7 8 14 14 16 16 17 
3 6 7 7 7 7 9 10 14 14 14 16 
3 6 7 7 7 7 9 10 14 14 14 17 
3 6 7 7 7 7 9 10 14 14 16 16 
3 6 7 7 7 7 9 10 14 14 16 17 
3 6 7 7 7 7 9 10 14 16 16 17 
3 6 7 7 7 7 9 14 14 14 16 16 
3 6 7 7 7 7 9 14 14 14 16 17 
3 6 7 7 7 7 9 14 14 16 16 17 
3 6 7 7 7 7 10 14 14 14 16 16 
3 6 7 7 7 7 10 14 14 14 16 17 
3 6 7 7 7 7 10 14 14 16 16 17 
3 6 7 7 7 7 14 14 14 16 16 17 
3 6 7 7 7 8 9 10 14 14 14 16 
3 6 7 7 7 8 9 10 14 14 14 17 
3 6 7 7 7 8 9 10 14 14 16 16 
3 6 7 7 7 8 9 10 14 14 16 17 
3 6 7 7 7 8 9 10 14 16 16 17 
3 6 7 7 7 8 9 14 14 14 16 16 
3 6 7 7 7 8 9 14 14 14 16 17 
3 6 7 7 7 8 9 14 14 16 16 17 
3 6 7 7 7 8 10 14 14 14 16 16 
3 6 7 7 7 8 10 14 14 14 16 17 
3 6 7 7 7 8 10 14 14 16 16 17 
3 6 7 7 7 8 14 14 14 16 16 17 
3 6 7 7 7 9 10 14 14 14 16 16 
3 6 7 7 7 9 10 14 14 14 16 17 
3 6 7 7 7 9 10 14 14 16 16 17 
3 6 7 7 7 9 14 14 14 16 16 17 
3 6 7 7 7 10 14 14 14 16 16 17 
3 6 7 7 8 9 10 14 14 14 16 16 
3 6 7 7 8 9 10 14 14 14 16 17 
3 6 7 7 8 9 10 14 14 16 16 17 
3 6 7 7 8 9 14 14 14 16 16 17 
3 6 7 7 8 10 14 14 14 16 16 17 
3 6 7 7 9 10 14 14 14 16 16 17 
3 6 7 8 9 10 14 14 14 16 16 17 
3 7 7 7 7 8 9 10 14 14 14 16 
3 7 7 7 7 8 9 10 14 14 14 17 
3 7 7 7 7 8 9 10 14 14 16 16 
3 7 7 7 7 8 9 10 14 14 16 17 
3 7 7 7 7 8 9 10 14 16 16 17 
3 7 7 7 7 8 9 14 14 14 16 16 
3 7 7 7 7 8 9 14 14 14 16 17 
3 7 7 7 7 8 9 14 14 16 16 17 
3 7 7 7 7 8 10 14 14 14 16 16 
3 7 7 7 7 8 10 14 14 14 16 17 
3 7 7 7 7 8 10 14 14 16 16 17 
3 7 7 7 7 8 14 14 14 16 16 17 
3 7 7 7 7 9 10 14 14 14 16 16 
3 7 7 7 7 9 10 14 14 14 16 17 
3 7 7 7 7 9 10 14 14 16 16 17 
3 7 7 7 7 9 14 14 14 16 16 17 
3 7 7 7 7 10 14 14 14 16 16 17 
3 7 7 7 8 9 10 14 14 14 16 16 
3 7 7 7 8 9 10 14 14 14 16 17 
3 7 7 7 8 9 10 14 14 16 16 17 
3 7 7 7 8 9 14 14 14 16 16 17 
3 7 7 7 8 10 14 14 14 16 16 17 
3 7 7 7 9 10 14 14 14 16 16 17 
3 7 7 8 9 10 14 14 14 16 16 17 
4 4 6 7 7 7 7 8 9 10 14 14 
4 4 6 7 7 7 7 8 9 10 14 16 
4 4 6 7 7 7 7 8 9 10 14 17 
4 4 6 7 7 7 7 8 9 10 16 16 
4 4 6 7 7 7 7 8 9 10 16 17 
4 4 6 7 7 7 7 8 9 14 14 14 
4 4 6 7 7 7 7 8 9 14 14 16 
4 4 6 7 7 7 7 8 9 14 14 17 
4 4 6 7 7 7 7 8 9 14 16 16 
4 4 6 7 7 7 7 8 9 14 16 17 
4 4 6 7 7 7 7 8 9 16 16 17 
4 4 6 7 7 7 7 8 10 14 14 14 
4 4 6 7 7 7 7 8 10 14 14 16 
4 4 6 7 7 7 7 8 10 14 14 17 
4 4 6 7 7 7 7 8 10 14 16 16 
4 4 6 7 7 7 7 8 10 14 16 17 
4 4 6 7 7 7 7 8 10 16 16 17 
4 4 6 7 7 7 7 8 14 14 14 16 
4 4 6 7 7 7 7 8 14 14 14 17 
4 4 6 7 7 7 7 8 14 14 16 16 
4 4 6 7 7 7 7 8 14 14 16 17 
4 4 6 7 7 7 7 8 14 16 16 17 
4 4 6 7 7 7 7 9 10 14 14 14 
4 4 6 7 7 7 7 9 10 14 14 16 
4 4 6 7 7 7 7 9 10 14 14 17 
4 4 6 7 7 7 7 9 10 14 16 16 
4 4 6 7 7 7 7 9 10 14 16 17 
4 4 6 7 7 7 7 9 10 16 16 17 
4 4 6 7 7 7 7 9 14 14 14 16 
4 4 6 7 7 7 7 9 14 14 14 17 
4 4 6 7 7 7 7 9 14 14 16 16 
4 4 6 7 7 7 7 9 14 14 16 17 
4 4 6 7 7 7 7 9 14 16 16 17 
4 4 6 7 7 7 7 10 14 14 14 16 
4 4 6 7 7 7 7 10 14 14 14 17 
4 4 6 7 7 7 7 10 14 14 16 16 
4 4 6 7 7 7 7 10 14 14 16 17 
4 4 6 7 7 7 7 10 14 16 16 17 
4 4 6 7 7 7 7 14 14 14 16 16 
4 4 6 7 7 7 7 14 14 14 16 17 
4 4 6 7 7 7 7 14 14 16 16 17 
4 4 6 7 7 7 8 9 10 14 14 14 
4 4 6 7 7 7 8 9 10 14 14 16 
4 4 6 7 7 7 8 9 10 14 14 17 
4 4 6 7 7 7 8 9 10 14 16 16 
4 4 6 7 7 7 8 9 10 14 16 17 
4 4 6 7 7 7 8 9 10 16 16 17 
4 4 6 7 7 7 8 9 14 14 14 16 
4 4 6 7 7 7 8 9 14 14 14 17 
4 4 6 7 7 7 8 9 14 14 16 16 
4 4 6 7 7 7 8 9 14 14 16 17 
4 4 6 7 7 7 8 9 14 16 16 17 
4 4 6 7 7 7 8 10 14 14 14 16 
4 4 6 7 7 7 8 10 14 14 14 17 
4 4 6 7 7 7 8 10 14 14 16 16 
4 4 6 7 7 7 8 10 14 14 16 17 
4 4 6 7 7 7 8 10 14 16 16 17 
4 4 6 7 7 7 8 14 14 14 16 16 
4 4 6 7 7 7 8 14 14 14 16 17 
4 4 6 7 7 7 8 14 14 16 16 17 
4 4 6 7 7 7 9 10 14 14 14 16 
4 4 6 7 7 7 9 10 14 14 14 17 
4 4 6 7 7 7 9 10 14 14 16 16 
4 4 6 7 7 7 9 10 14 14 16 17 
4 4 6 7 7 7 9 10 14 16 16 17 
4 4 6 7 7 7 9 14 14 14 16 16 
4 4 6 7 7 7 9 14 14 14 16 17 
4 4 6 7 7 7 9 14 14 16 16 17 
4 4 6 7 7 7 10 14 14 14 16 16 
4 4 6 7 7 7 10 14 14 14 16 17 
4 4 6 7 7 7 10 14 14 16 16 17 
4 4 6 7 7 7 14 14 14 16 16 17 
4 4 6 7 7 8 9 10 14 14 14 16 
4 4 6 7 7 8 9 10 14 14 14 17 
4 4 6 7 7 8 9 10 14 14 16 16 
4 4 6 7 7 8 9 10 14 14 16 17 
4 4 6 7 7 8 9 10 14 16 16 17 
4 4 6 7 7 8 9 14 14 14 16 16 
4 4 6 7 7 8 9 14 14 14 16 17 
4 4 6 7 7 8 9 14 14 16 16 17 
4 4 6 7 7 8 10 14 14 14 16 16 
4 4 6 7 7 8 10 14 14 14 16 17 
4 4 6 7 7 8 10 14 14 16 16 17 
4 4 6 7 7 8 14 14 14 16 16 17 
4 4 6 7 7 9 10 14 14 14 16 16 
4 4 6 7 7 9 10 14 14 14 16 17 
4 4 6 7 7 9 10 14 14 16 16 17 
4 4 6 7 7 9 14 14 14 16 16 17 
4 4 6 7 7 10 14 14 14 16 16 17 
4 4 6 7 8 9 10 14 14 14 16 16 
4 4 6 7 8 9 10 14 14 14 16 17 
4 4 6 7 8 9 10 14 14 16 16 17 
4 4 6 7 8 9 14 14 14 16 16 17 
4 4 6 7 8 10 14 14 14 16 16 17 
4 4 6 7 9 10 14 14 14 16 16 17 
4 4 6 8 9 10 14 14 14 16 16 17 
4 4 7 7 7 7 8 9 10 14 14 14 
4 4 7 7 7 7 8 9 10 14 14 16 
4 4 7 7 7 7 8 9 10 14 14 17 
4 4 7 7 7 7 8 9 10 14 16 16 
4 4 7 7 7 7 8 9 10 14 16 17 
4 4 7 7 7 7 8 9 10 16 16 17 
4 4 7 7 7 7 8 9 14 14 14 16 
4 4 7 7 7 7 8 9 14 14 14 17 
4 4 7 7 7 7 8 9 14 14 16 16 
4 4 7 7 7 7 8 9 14 14 16 17 
4 4 7 7 7 7 8 9 14 16 16 17 
4 4 7 7 7 7 8 10 14 14 14 16 
4 4 7 7 7 7 8 10 14 14 14 17 
4 4 7 7 7 7 8 10 14 14 16 16 
4 4 7 7 7 7 8 10 14 14 16 17 
4 4 7 7 7 7 8 10 14 16 16 17 
4 4 7 7 7 7 8 14 14 14 16 16 
4 4 7 7 7 7 8 14 14 14 16 17 
4 4 7 7 7 7 8 14 14 16 16 17 
4 4 7 7 7 7 9 10 14 14 14 16 
4 4 7 7 7 7 9 10 14 14 14 17 
4 4 7 7 7 7 9 10 14 14 16 16 
4 4 7 7 7 7 9 10 14 14 16 17 
4 4 7 7 7 7 9 10 14 16 16 17 
4 4 7 7 7 7 9 14 14 14 16 16 
4 4 7 7 7 7 9 14 14 14 16 17 
4 4 7 7 7 7 9 14 14 16 16 17 
4 4 7 7 7 7 10 14 14 14 16 16 
4 4 7 7 7 7 10 14 14 14 16 17 
4 4 7 7 7 7 10 14 14 16 16 17 
4 4 7 7 7 7 14 14 14 16 16 17 
4 4 7 7 7 8 9 10 14 14 14 16 
4 4 7 7 7 8 9 10 14 14 14 17 
4 4 7 7 7 8 9 10 14 14 16 16 
4 4 7 7 7 8 9 10 14 14 16 17 
4 4 7 7 7 8 9 10 14 16 16 17 
4 4 7 7 7 8 9 14 14 14 16 16 
4 4 7 7 7 8 9 14 14 14 16 17 
4 4 7 7 7 8 9 14 14 16 16 17 
4 4 7 7 7 8 10 14 14 14 16 16 
4 4 7 7 7 8 10 14 14 14 16 17 
4 4 7 7 7 8 10 14 14 16 16 17 
4 4 7 7 7 8 14 14 14 16 16 17 
4 4 7 7 7 9 10 14 14 14 16 16 
4 4 7 7 7 9 10 14 14 14 16 17 
4 4 7 7 7 9 10 14 14 16 16 17 
4 4 7 7 7 9 14 14 14 16 16 17 
4 4 7 7 7 10 14 14 14 16 16 17 
4 4 7 7 8 9 10 14 14 14 16 16 
4 4 7 7 8 9 10 14 14 14 16 17 
4 4 7 7 8 9 10 14 14 16 16 17 
4 4 7 7 8 9 14 14 14 16 16 17 
4 4 7 7 8 10 14 14 14 16 16 17 
4 4 7 7 9 10 14 14 14 16 16 17 
4 4 7 8 9 10 14 14 14 16 16 17 
4 6 7 7 7 7 8 9 10 14 14 14 
4 6 7 7 7 7 8 9 10 14 14 16 
4 6 7 7 7 7 8 9 10 14 14 17 
4 6 7 7 7 7 8 9 10 14 16 16 
4 6 7 7 7 7 8 9 10 14 16 17 
4 6 7 7 7 7 8 9 10 16 16 17 
4 6 7 7 7 7 8 9 14 14 14 16 
4 6 7 7 7 7 8 9 14 14 14 17 
4 6 7 7 7 7 8 9 14 14 16 16 
4 6 7 7 7 7 8 9 14 14 16 17 
4 6 7 7 7 7 8 9 14 16 16 17 
4 6 7 7 7 7 8 10 14 14 14 16 
4 6 7 7 7 7 8 10 14 14 14 17 
4 6 7 7 7 7 8 10 14 14 16 16 
4 6 7 7 7 7 8 10 14 14 16 17 
4 6 7 7 7 7 8 10 14 16 16 17 
4 6 7 7 7 7 8 14 14 14 16 16 
4 6 7 7 7 7 8 14 14 14 16 17 
4 6 7 7 7 7 8 14 14 16 16 17 
4 6 7 7 7 7 9 10 14 14 14 16 
4 6 7 7 7 7 9 10 14 14 14 17 
4 6 7 7 7 7 9 10 14 14 16 16 
4 6 7 7 7 7 9 10 14 14 16 17 
4 6 7 7 7 7 9 10 14 16 16 17 
4 6 7 7 7 7 9 14 14 14 16 16 
4 6 7 7 7 7 9 14 14 14 16 17 
4 6 7 7 7 7 9 14 14 16 16 17 
4 6 7 7 7 7 10 14 14 14 16 16 
4 6 7 7 7 7 10 14 14 14 16 17 
4 6 7 7 7 7 10 14 14 16 16 17 
4 6 7 7 7 7 14 14 14 16 16 17 
4 6 7 7 7 8 9 10 14 14 14 16 
4 6 7 7 7 8 9 10 14 14 14 17 
4 6 7 7 7 8 9 10 14 14 16 16 
4 6 7 7 7 8 9 10 14 14 16 17 
4 6 7 7 7 8 9 10 14 16 16 17 
4 6 7 7 7 8 9 14 14 14 16 16 
4 6 7 7 7 8 9 14 14 14 16 17 
4 6 7 7 7 8 9 14 14 16 16 17 
4 6 7 7 7 8 10 14 14 14 16 16 
4 6 7 7 7 8 10 14 14 14 16 17 
4 6 7 7 7 8 10 14 14 16 16 17 
4 6 7 7 7 8 14 14 14 16 16 17 
4 6 7 7 7 9 10 14 14 14 16 16 
4 6 7 7 7 9 10 14 14 14 16 17 
4 6 7 7 7 9 10 14 14 16 16 17 
4 6 7 7 7 9 14 14 14 16 16 17 
4 6 7 7 7 10 14 14 14 16 16 17 
4 6 7 7 8 9 10 14 14 14 16 16 
4 6 7 7 8 9 10 14 14 14 16 17 
4 6 7 7 8 9 10 14 14 16 16 17 
4 6 7 7 8 9 14 14 14 16 16 17 
4 6 7 7 8 10 14 14 14 16 16 17 
4 6 7 7 9 10 14 14 14 16 16 17 
4 6 7 8 9 10 14 14 14 16 16 17 
4 7 7 7 7 8 9 10 14 14 14 16 
4 7 7 7 7 8 9 10 14 14 14 17 
4 7 7 7 7 8 9 10 14 14 16 16 
4 7 7 7 7 8 9 10 14 14 16 17 
4 7 7 7 7 8 9 10 14 16 16 17 
4 7 7 7 7 8 9 14 14 14 16 16 
4 7 7 7 7 8 9 14 14 14 16 17 
4 7 7 7 7 8 9 14 14 16 16 17 
4 7 7 7 7 8 10 14 14 14 16 16 
4 7 7 7 7 8 10 14 14 14 16 17 
4 7 7 7 7 8 10 14 14 16 16 17 
4 7 7 7 7 8 14 14 14 16 16 17 
4 7 7 7 7 9 10 14 14 14 16 16 
4 7 7 7 7 9 10 14 14 14 16 17 
4 7 7 7 7 9 10 14 14 16 16 17 
4 7 7 7 7 9 14 14 14 16 16 17 
4 7 7 7 7 10 14 14 14 16 16 17 
4 7 7 7 8 9 10 14 14 14 16 16 
4 7 7 7 8 9 10 14 14 14 16 17 
4 7 7 7 8 9 10 14 14 16 16 17 
4 7 7 7 8 9 14 14 14 16 16 17 
4 7 7 7 8 10 14 14 14 16 16 17 
4 7 7 7 9 10 14 14 14 16 16 17 
4 7 7 8 9 10 14 14 14 16 16 17 
6 7 7 7 7 8 9 10 14 14 14 16 
6 7 7 7 7 8 9 10 14 14 14 17 
6 7 7 7 7 8 9 10 14 14 16 16 
6 7 7 7 7 8 9 10 14 14 16 17 
6 7 7 7 7 8 9 10 14 16 16 17 
6 7 7 7 7 8 9 14 14 14 16 16 
6 7 7 7 7 8 9 14 14 14 16 17 
6 7 7 7 7 8 9 14 14 16 16 17 
6 7 7 7 7 8 10 14 14 14 16 16 
6 7 7 7 7 8 10 14 14 14 16 17 
6 7 7 7 7 8 10 14 14 16 16 17 
6 7 7 7 7 8 14 14 14 16 16 17 
6 7 7 7 7 9 10 14 14 14 16 16 
6 7 7 7 7 9 10 14 14 14 16 17 
6 7 7 7 7 9 10 14 14 16 16 17 
6 7 7 7 7 9 14 14 14 16 16 17 
6 7 7 7 7 10 14 14 14 16 16 17 
6 7 7 7 8 9 10 14 14 14 16 16 
6 7 7 7 8 9 10 14 14 14 16 17 
6 7 7 7 8 9 10 14 14 16 16 17 
6 7 7 7 8 9 14 14 14 16 16 17 
6 7 7 7 8 10 14 14 14 16 16 17 
6 7 7 7 9 10 14 14 14 16 16 17 
6 7 7 8 9 10 14 14 14 16 16 17 
7 7 7 7 8 9 10 14 14 14 16 16 
7 7 7 7 8 9 10 14 14 14 16 17 
7 7 7 7 8 9 10 14 14 16 16 17 
7 7 7 7 8 9 14 14 14 16 16 17 
7 7 7 7 8 10 14 14 14 16 16 17 
7 7 7 7 9 10 14 14 14 16 16 17 
7 7 7 8 9 10 14 14 14 16 16 17 
