1 1 2 2 3 5 5 5 6 7 7 7 8 
1 1 2 2 3 5 5 5 6 7 7 7 9 
1 1 2 2 3 5 5 5 6 7 7 7 13 
1 1 2 2 3 5 5 5 6 7 7 7 16 
1 1 2 2 3 5 5 5 6 7 7 7 17 
1 1 2 2 3 5 5 5 6 7 7 8 8 
1 1 2 2 3 5 5 5 6 7 7 8 9 
1 1 2 2 3 5 5 5 6 7 7 8 13 
1 1 2 2 3 5 5 5 6 7 7 8 16 
1 1 2 2 3 5 5 5 6 7 7 8 17 
1 1 2 2 3 5 5 5 6 7 7 9 9 
1 1 2 2 3 5 5 5 6 7 7 9 13 
1 1 2 2 3 5 5 5 6 7 7 9 16 
1 1 2 2 3 5 5 5 6 7 7 9 17 
1 1 2 2 3 5 5 5 6 7 7 13 16 
1 1 2 2 3 5 5 5 6 7 7 13 17 
1 1 2 2 3 5 5 5 6 7 7 16 17 
1 1 2 2 3 5 5 5 6 7 8 8 9 
1 1 2 2 3 5 5 5 6 7 8 8 13 
1 1 2 2 3 5 5 5 6 7 8 8 16 
1 1 2 2 3 5 5 5 6 7 8 8 17 
1 1 2 2 3 5 5 5 6 7 8 9 9 
1 1 2 2 3 5 5 5 6 7 8 9 13 
1 1 2 2 3 5 5 5 6 7 8 9 16 
1 1 2 2 3 5 5 5 6 7 8 9 17 
1 1 2 2 3 5 5 5 6 7 8 13 16 
1 1 2 2 3 5 5 5 6 7 8 13 17 
1 1 2 2 3 5 5 5 6 7 8 16 17 
1 1 2 2 3 5 5 5 6 7 9 9 13 
1 1 2 2 3 5 5 5 6 7 9 9 16 
1 1 2 2 3 5 5 5 6 7 9 9 17 
1 1 2 2 3 5 5 5 6 7 9 13 16 
1 1 2 2 3 5 5 5 6 7 9 13 17 
1 1 2 2 3 5 5 5 6 7 9 16 17 
1 1 2 2 3 5 5 5 6 7 13 16 17 
1 1 2 2 3 5 5 5 6 8 8 9 9 
1 1 2 2 3 5 5 5 6 8 8 9 13 
1 1 2 2 3 5 5 5 6 8 8 9 16 
1 1 2 2 3 5 5 5 6 8 8 9 17 
1 1 2 2 3 5 5 5 6 8 8 13 16 
1 1 2 2 3 5 5 5 6 8 8 13 17 
1 1 2 2 3 5 5 5 6 8 8 16 17 
1 1 2 2 3 5 5 5 6 8 9 9 13 
1 1 2 2 3 5 5 5 6 8 9 9 16 
1 1 2 2 3 5 5 5 6 8 9 9 17 
1 1 2 2 3 5 5 5 6 8 9 13 16 
1 1 2 2 3 5 5 5 6 8 9 13 17 
1 1 2 2 3 5 5 5 6 8 9 16 17 
1 1 2 2 3 5 5 5 6 8 13 16 17 
1 1 2 2 3 5 5 5 6 9 9 13 16 
1 1 2 2 3 5 5 5 6 9 9 13 17 
1 1 2 2 3 5 5 5 6 9 9 16 17 
1 1 2 2 3 5 5 5 6 9 13 16 17 
1 1 2 2 3 5 5 5 7 7 7 8 8 
1 1 2 2 3 5 5 5 7 7 7 8 9 
1 1 2 2 3 5 5 5 7 7 7 8 13 
1 1 2 2 3 5 5 5 7 7 7 8 16 
1 1 2 2 3 5 5 5 7 7 7 8 17 
1 1 2 2 3 5 5 5 7 7 7 9 9 
1 1 2 2 3 5 5 5 7 7 7 9 13 
1 1 2 2 3 5 5 5 7 7 7 9 16 
1 1 2 2 3 5 5 5 7 7 7 9 17 
1 1 2 2 3 5 5 5 7 7 7 13 16 
1 1 2 2 3 5 5 5 7 7 7 13 17 
1 1 2 2 3 5 5 5 7 7 7 16 17 
1 1 2 2 3 5 5 5 7 7 8 8 9 
1 1 2 2 3 5 5 5 7 7 8 8 13 
1 1 2 2 3 5 5 5 7 7 8 8 16 
1 1 2 2 3 5 5 5 7 7 8 8 17 
1 1 2 2 3 5 5 5 7 7 8 9 9 
1 1 2 2 3 5 5 5 7 7 8 9 13 
1 1 2 2 3 5 5 5 7 7 8 9 16 
1 1 2 2 3 5 5 5 7 7 8 9 17 
1 1 2 2 3 5 5 5 7 7 8 13 16 
1 1 2 2 3 5 5 5 7 7 8 13 17 
1 1 2 2 3 5 5 5 7 7 8 16 17 
1 1 2 2 3 5 5 5 7 7 9 9 13 
1 1 2 2 3 5 5 5 7 7 9 9 16 
1 1 2 2 3 5 5 5 7 7 9 9 17 
1 1 2 2 3 5 5 5 7 7 9 13 16 
1 1 2 2 3 5 5 5 7 7 9 13 17 
1 1 2 2 3 5 5 5 7 7 9 16 17 
1 1 2 2 3 5 5 5 7 7 13 16 17 
1 1 2 2 3 5 5 5 7 8 8 9 9 
1 1 2 2 3 5 5 5 7 8 8 9 13 
1 1 2 2 3 5 5 5 7 8 8 9 16 
1 1 2 2 3 5 5 5 7 8 8 9 17 
1 1 2 2 3 5 5 5 7 8 8 13 16 
1 1 2 2 3 5 5 5 7 8 8 13 17 
1 1 2 2 3 5 5 5 7 8 8 16 17 
1 1 2 2 3 5 5 5 7 8 9 9 13 
1 1 2 2 3 5 5 5 7 8 9 9 16 
1 1 2 2 3 5 5 5 7 8 9 9 17 
1 1 2 2 3 5 5 5 7 8 9 13 16 
1 1 2 2 3 5 5 5 7 8 9 13 17 
1 1 2 2 3 5 5 5 7 8 9 16 17 
1 1 2 2 3 5 5 5 7 8 13 16 17 
1 1 2 2 3 5 5 5 7 9 9 13 16 
1 1 2 2 3 5 5 5 7 9 9 13 17 
1 1 2 2 3 5 5 5 7 9 9 16 17 
1 1 2 2 3 5 5 5 7 9 13 16 17 
1 1 2 2 3 5 5 5 8 8 9 9 13 
1 1 2 2 3 5 5 5 8 8 9 9 16 
1 1 2 2 3 5 5 5 8 8 9 9 17 
1 1 2 2 3 5 5 5 8 8 9 13 16 
1 1 2 2 3 5 5 5 8 8 9 13 17 
1 1 2 2 3 5 5 5 8 8 9 16 17 
1 1 2 2 3 5 5 5 8 8 13 16 17 
1 1 2 2 3 5 5 5 8 9 9 13 16 
1 1 2 2 3 5 5 5 8 9 9 13 17 
1 1 2 2 3 5 5 5 8 9 9 16 17 
1 1 2 2 3 5 5 5 8 9 13 16 17 
1 1 2 2 3 5 5 5 9 9 13 16 17 
1 1 2 2 3 5 5 6 7 7 7 8 8 
1 1 2 2 3 5 5 6 7 7 7 8 9 
1 1 2 2 3 5 5 6 7 7 7 8 13 
1 1 2 2 3 5 5 6 7 7 7 8 16 
1 1 2 2 3 5 5 6 7 7 7 8 17 
1 1 2 2 3 5 5 6 7 7 7 9 9 
1 1 2 2 3 5 5 6 7 7 7 9 13 
1 1 2 2 3 5 5 6 7 7 7 9 16 
1 1 2 2 3 5 5 6 7 7 7 9 17 
1 1 2 2 3 5 5 6 7 7 7 13 16 
1 1 2 2 3 5 5 6 7 7 7 13 17 
1 1 2 2 3 5 5 6 7 7 7 16 17 
1 1 2 2 3 5 5 6 7 7 8 8 9 
1 1 2 2 3 5 5 6 7 7 8 8 13 
1 1 2 2 3 5 5 6 7 7 8 8 16 
1 1 2 2 3 5 5 6 7 7 8 8 17 
1 1 2 2 3 5 5 6 7 7 8 9 9 
1 1 2 2 3 5 5 6 7 7 8 9 13 
1 1 2 2 3 5 5 6 7 7 8 9 16 
1 1 2 2 3 5 5 6 7 7 8 9 17 
1 1 2 2 3 5 5 6 7 7 8 13 16 
1 1 2 2 3 5 5 6 7 7 8 13 17 
1 1 2 2 3 5 5 6 7 7 8 16 17 
1 1 2 2 3 5 5 6 7 7 9 9 13 
1 1 2 2 3 5 5 6 7 7 9 9 16 
1 1 2 2 3 5 5 6 7 7 9 9 17 
1 1 2 2 3 5 5 6 7 7 9 13 16 
1 1 2 2 3 5 5 6 7 7 9 13 17 
1 1 2 2 3 5 5 6 7 7 9 16 17 
1 1 2 2 3 5 5 6 7 7 13 16 17 
1 1 2 2 3 5 5 6 7 8 8 9 9 
1 1 2 2 3 5 5 6 7 8 8 9 13 
1 1 2 2 3 5 5 6 7 8 8 9 16 
1 1 2 2 3 5 5 6 7 8 8 9 17 
1 1 2 2 3 5 5 6 7 8 8 13 16 
1 1 2 2 3 5 5 6 7 8 8 13 17 
1 1 2 2 3 5 5 6 7 8 8 16 17 
1 1 2 2 3 5 5 6 7 8 9 9 13 
1 1 2 2 3 5 5 6 7 8 9 9 16 
1 1 2 2 3 5 5 6 7 8 9 9 17 
1 1 2 2 3 5 5 6 7 8 9 13 16 
1 1 2 2 3 5 5 6 7 8 9 13 17 
1 1 2 2 3 5 5 6 7 8 9 16 17 
1 1 2 2 3 5 5 6 7 8 13 16 17 
1 1 2 2 3 5 5 6 7 9 9 13 16 
1 1 2 2 3 5 5 6 7 9 9 13 17 
1 1 2 2 3 5 5 6 7 9 9 16 17 
1 1 2 2 3 5 5 6 7 9 13 16 17 
1 1 2 2 3 5 5 6 8 8 9 9 13 
1 1 2 2 3 5 5 6 8 8 9 9 16 
1 1 2 2 3 5 5 6 8 8 9 9 17 
1 1 2 2 3 5 5 6 8 8 9 13 16 
1 1 2 2 3 5 5 6 8 8 9 13 17 
1 1 2 2 3 5 5 6 8 8 9 16 17 
1 1 2 2 3 5 5 6 8 8 13 16 17 
1 1 2 2 3 5 5 6 8 9 9 13 16 
1 1 2 2 3 5 5 6 8 9 9 13 17 
1 1 2 2 3 5 5 6 8 9 9 16 17 
1 1 2 2 3 5 5 6 8 9 13 16 17 
1 1 2 2 3 5 5 6 9 9 13 16 17 
1 1 2 2 3 5 5 7 7 7 8 8 9 
1 1 2 2 3 5 5 7 7 7 8 8 13 
1 1 2 2 3 5 5 7 7 7 8 8 16 
1 1 2 2 3 5 5 7 7 7 8 8 17 
1 1 2 2 3 5 5 7 7 7 8 9 9 
1 1 2 2 3 5 5 7 7 7 8 9 13 
1 1 2 2 3 5 5 7 7 7 8 9 16 
1 1 2 2 3 5 5 7 7 7 8 9 17 
1 1 2 2 3 5 5 7 7 7 8 13 16 
1 1 2 2 3 5 5 7 7 7 8 13 17 
1 1 2 2 3 5 5 7 7 7 8 16 17 
1 1 2 2 3 5 5 7 7 7 9 9 13 
1 1 2 2 3 5 5 7 7 7 9 9 16 
1 1 2 2 3 5 5 7 7 7 9 9 17 
1 1 2 2 3 5 5 7 7 7 9 13 16 
1 1 2 2 3 5 5 7 7 7 9 13 17 
1 1 2 2 3 5 5 7 7 7 9 16 17 
1 1 2 2 3 5 5 7 7 7 13 16 17 
1 1 2 2 3 5 5 7 7 8 8 9 9 
1 1 2 2 3 5 5 7 7 8 8 9 13 
1 1 2 2 3 5 5 7 7 8 8 9 16 
1 1 2 2 3 5 5 7 7 8 8 9 17 
1 1 2 2 3 5 5 7 7 8 8 13 16 
1 1 2 2 3 5 5 7 7 8 8 13 17 
1 1 2 2 3 5 5 7 7 8 8 16 17 
1 1 2 2 3 5 5 7 7 8 9 9 13 
1 1 2 2 3 5 5 7 7 8 9 9 16 
1 1 2 2 3 5 5 7 7 8 9 9 17 
1 1 2 2 3 5 5 7 7 8 9 13 16 
1 1 2 2 3 5 5 7 7 8 9 13 17 
1 1 2 2 3 5 5 7 7 8 9 16 17 
1 1 2 2 3 5 5 7 7 8 13 16 17 
1 1 2 2 3 5 5 7 7 9 9 13 16 
1 1 2 2 3 5 5 7 7 9 9 13 17 
1 1 2 2 3 5 5 7 7 9 9 16 17 
1 1 2 2 3 5 5 7 7 9 13 16 17 
1 1 2 2 3 5 5 7 8 8 9 9 13 
1 1 2 2 3 5 5 7 8 8 9 9 16 
1 1 2 2 3 5 5 7 8 8 9 9 17 
1 1 2 2 3 5 5 7 8 8 9 13 16 
1 1 2 2 3 5 5 7 8 8 9 13 17 
1 1 2 2 3 5 5 7 8 8 9 16 17 
1 1 2 2 3 5 5 7 8 8 13 16 17 
1 1 2 2 3 5 5 7 8 9 9 13 16 
1 1 2 2 3 5 5 7 8 9 9 13 17 
1 1 2 2 3 5 5 7 8 9 9 16 17 
1 1 2 2 3 5 5 7 8 9 13 16 17 
1 1 2 2 3 5 5 7 9 9 13 16 17 
1 1 2 2 3 5 5 8 8 9 9 13 16 
1 1 2 2 3 5 5 8 8 9 9 13 17 
1 1 2 2 3 5 5 8 8 9 9 16 17 
1 1 2 2 3 5 5 8 8 9 13 16 17 
1 1 2 2 3 5 5 8 9 9 13 16 17 
1 1 2 2 3 5 6 7 7 7 8 8 9 
1 1 2 2 3 5 6 7 7 7 8 8 13 
1 1 2 2 3 5 6 7 7 7 8 8 16 
1 1 2 2 3 5 6 7 7 7 8 8 17 
1 1 2 2 3 5 6 7 7 7 8 9 9 
1 1 2 2 3 5 6 7 7 7 8 9 13 
1 1 2 2 3 5 6 7 7 7 8 9 16 
1 1 2 2 3 5 6 7 7 7 8 9 17 
1 1 2 2 3 5 6 7 7 7 8 13 16 
1 1 2 2 3 5 6 7 7 7 8 13 17 
1 1 2 2 3 5 6 7 7 7 8 16 17 
1 1 2 2 3 5 6 7 7 7 9 9 13 
1 1 2 2 3 5 6 7 7 7 9 9 16 
1 1 2 2 3 5 6 7 7 7 9 9 17 
1 1 2 2 3 5 6 7 7 7 9 13 16 
1 1 2 2 3 5 6 7 7 7 9 13 17 
1 1 2 2 3 5 6 7 7 7 9 16 17 
1 1 2 2 3 5 6 7 7 7 13 16 17 
1 1 2 2 3 5 6 7 7 8 8 9 9 
1 1 2 2 3 5 6 7 7 8 8 9 13 
1 1 2 2 3 5 6 7 7 8 8 9 16 
1 1 2 2 3 5 6 7 7 8 8 9 17 
1 1 2 2 3 5 6 7 7 8 8 13 16 
1 1 2 2 3 5 6 7 7 8 8 13 17 
1 1 2 2 3 5 6 7 7 8 8 16 17 
1 1 2 2 3 5 6 7 7 8 9 9 13 
1 1 2 2 3 5 6 7 7 8 9 9 16 
1 1 2 2 3 5 6 7 7 8 9 9 17 
1 1 2 2 3 5 6 7 7 8 9 13 16 
1 1 2 2 3 5 6 7 7 8 9 13 17 
1 1 2 2 3 5 6 7 7 8 9 16 17 
1 1 2 2 3 5 6 7 7 8 13 16 17 
1 1 2 2 3 5 6 7 7 9 9 13 16 
1 1 2 2 3 5 6 7 7 9 9 13 17 
1 1 2 2 3 5 6 7 7 9 9 16 17 
1 1 2 2 3 5 6 7 7 9 13 16 17 
1 1 2 2 3 5 6 7 8 8 9 9 13 
1 1 2 2 3 5 6 7 8 8 9 9 16 
1 1 2 2 3 5 6 7 8 8 9 9 17 
1 1 2 2 3 5 6 7 8 8 9 13 16 
1 1 2 2 3 5 6 7 8 8 9 13 17 
1 1 2 2 3 5 6 7 8 8 9 16 17 
1 1 2 2 3 5 6 7 8 8 13 16 17 
1 1 2 2 3 5 6 7 8 9 9 13 16 
1 1 2 2 3 5 6 7 8 9 9 13 17 
1 1 2 2 3 5 6 7 8 9 9 16 17 
1 1 2 2 3 5 6 7 8 9 13 16 17 
1 1 2 2 3 5 6 7 9 9 13 16 17 
1 1 2 2 3 5 6 8 8 9 9 13 16 
1 1 2 2 3 5 6 8 8 9 9 13 17 
1 1 2 2 3 5 6 8 8 9 9 16 17 
1 1 2 2 3 5 6 8 8 9 13 16 17 
1 1 2 2 3 5 6 8 9 9 13 16 17 
1 1 2 2 3 5 7 7 7 8 8 9 9 
1 1 2 2 3 5 7 7 7 8 8 9 13 
1 1 2 2 3 5 7 7 7 8 8 9 16 
1 1 2 2 3 5 7 7 7 8 8 9 17 
1 1 2 2 3 5 7 7 7 8 8 13 16 
1 1 2 2 3 5 7 7 7 8 8 13 17 
1 1 2 2 3 5 7 7 7 8 8 16 17 
1 1 2 2 3 5 7 7 7 8 9 9 13 
1 1 2 2 3 5 7 7 7 8 9 9 16 
1 1 2 2 3 5 7 7 7 8 9 9 17 
1 1 2 2 3 5 7 7 7 8 9 13 16 
1 1 2 2 3 5 7 7 7 8 9 13 17 
1 1 2 2 3 5 7 7 7 8 9 16 17 
1 1 2 2 3 5 7 7 7 8 13 16 17 
1 1 2 2 3 5 7 7 7 9 9 13 16 
1 1 2 2 3 5 7 7 7 9 9 13 17 
1 1 2 2 3 5 7 7 7 9 9 16 17 
1 1 2 2 3 5 7 7 7 9 13 16 17 
1 1 2 2 3 5 7 7 8 8 9 9 13 
1 1 2 2 3 5 7 7 8 8 9 9 16 
1 1 2 2 3 5 7 7 8 8 9 9 17 
1 1 2 2 3 5 7 7 8 8 9 13 16 
1 1 2 2 3 5 7 7 8 8 9 13 17 
1 1 2 2 3 5 7 7 8 8 9 16 17 
1 1 2 2 3 5 7 7 8 8 13 16 17 
1 1 2 2 3 5 7 7 8 9 9 13 16 
1 1 2 2 3 5 7 7 8 9 9 13 17 
1 1 2 2 3 5 7 7 8 9 9 16 17 
1 1 2 2 3 5 7 7 8 9 13 16 17 
1 1 2 2 3 5 7 7 9 9 13 16 17 
1 1 2 2 3 5 7 8 8 9 9 13 16 
1 1 2 2 3 5 7 8 8 9 9 13 17 
1 1 2 2 3 5 7 8 8 9 9 16 17 
1 1 2 2 3 5 7 8 8 9 13 16 17 
1 1 2 2 3 5 7 8 9 9 13 16 17 
1 1 2 2 3 5 8 8 9 9 13 16 17 
1 1 2 2 3 6 7 7 7 8 8 9 9 
1 1 2 2 3 6 7 7 7 8 8 9 13 
1 1 2 2 3 6 7 7 7 8 8 9 16 
1 1 2 2 3 6 7 7 7 8 8 9 17 
1 1 2 2 3 6 7 7 7 8 8 13 16 
1 1 2 2 3 6 7 7 7 8 8 13 17 
1 1 2 2 3 6 7 7 7 8 8 16 17 
1 1 2 2 3 6 7 7 7 8 9 9 13 
1 1 2 2 3 6 7 7 7 8 9 9 16 
1 1 2 2 3 6 7 7 7 8 9 9 17 
1 1 2 2 3 6 7 7 7 8 9 13 16 
1 1 2 2 3 6 7 7 7 8 9 13 17 
1 1 2 2 3 6 7 7 7 8 9 16 17 
1 1 2 2 3 6 7 7 7 8 13 16 17 
1 1 2 2 3 6 7 7 7 9 9 13 16 
1 1 2 2 3 6 7 7 7 9 9 13 17 
1 1 2 2 3 6 7 7 7 9 9 16 17 
1 1 2 2 3 6 7 7 7 9 13 16 17 
1 1 2 2 3 6 7 7 8 8 9 9 13 
1 1 2 2 3 6 7 7 8 8 9 9 16 
1 1 2 2 3 6 7 7 8 8 9 9 17 
1 1 2 2 3 6 7 7 8 8 9 13 16 
1 1 2 2 3 6 7 7 8 8 9 13 17 
1 1 2 2 3 6 7 7 8 8 9 16 17 
1 1 2 2 3 6 7 7 8 8 13 16 17 
1 1 2 2 3 6 7 7 8 9 9 13 16 
1 1 2 2 3 6 7 7 8 9 9 13 17 
1 1 2 2 3 6 7 7 8 9 9 16 17 
1 1 2 2 3 6 7 7 8 9 13 16 17 
1 1 2 2 3 6 7 7 9 9 13 16 17 
1 1 2 2 3 6 7 8 8 9 9 13 16 
1 1 2 2 3 6 7 8 8 9 9 13 17 
1 1 2 2 3 6 7 8 8 9 9 16 17 
1 1 2 2 3 6 7 8 8 9 13 16 17 
1 1 2 2 3 6 7 8 9 9 13 16 17 
1 1 2 2 3 6 8 8 9 9 13 16 17 
1 1 2 2 3 7 7 7 8 8 9 9 13 
1 1 2 2 3 7 7 7 8 8 9 9 16 
1 1 2 2 3 7 7 7 8 8 9 9 17 
1 1 2 2 3 7 7 7 8 8 9 13 16 
1 1 2 2 3 7 7 7 8 8 9 13 17 
1 1 2 2 3 7 7 7 8 8 9 16 17 
1 1 2 2 3 7 7 7 8 8 13 16 17 
1 1 2 2 3 7 7 7 8 9 9 13 16 
1 1 2 2 3 7 7 7 8 9 9 13 17 
1 1 2 2 3 7 7 7 8 9 9 16 17 
1 1 2 2 3 7 7 7 8 9 13 16 17 
1 1 2 2 3 7 7 7 9 9 13 16 17 
1 1 2 2 3 7 7 8 8 9 9 13 16 
1 1 2 2 3 7 7 8 8 9 9 13 17 
1 1 2 2 3 7 7 8 8 9 9 16 17 
1 1 2 2 3 7 7 8 8 9 13 16 17 
1 1 2 2 3 7 7 8 9 9 13 16 17 
1 1 2 2 3 7 8 8 9 9 13 16 17 
1 1 2 2 5 5 5 6 7 7 7 8 8 
1 1 2 2 5 5 5 6 7 7 7 8 9 
1 1 2 2 5 5 5 6 7 7 7 8 13 
1 1 2 2 5 5 5 6 7 7 7 8 16 
1 1 2 2 5 5 5 6 7 7 7 8 17 
1 1 2 2 5 5 5 6 7 7 7 9 9 
1 1 2 2 5 5 5 6 7 7 7 9 13 
1 1 2 2 5 5 5 6 7 7 7 9 16 
1 1 2 2 5 5 5 6 7 7 7 9 17 
1 1 2 2 5 5 5 6 7 7 7 13 16 
1 1 2 2 5 5 5 6 7 7 7 13 17 
1 1 2 2 5 5 5 6 7 7 7 16 17 
1 1 2 2 5 5 5 6 7 7 8 8 9 
1 1 2 2 5 5 5 6 7 7 8 8 13 
1 1 2 2 5 5 5 6 7 7 8 8 16 
1 1 2 2 5 5 5 6 7 7 8 8 17 
1 1 2 2 5 5 5 6 7 7 8 9 9 
1 1 2 2 5 5 5 6 7 7 8 9 13 
1 1 2 2 5 5 5 6 7 7 8 9 16 
1 1 2 2 5 5 5 6 7 7 8 9 17 
1 1 2 2 5 5 5 6 7 7 8 13 16 
1 1 2 2 5 5 5 6 7 7 8 13 17 
1 1 2 2 5 5 5 6 7 7 8 16 17 
1 1 2 2 5 5 5 6 7 7 9 9 13 
1 1 2 2 5 5 5 6 7 7 9 9 16 
1 1 2 2 5 5 5 6 7 7 9 9 17 
1 1 2 2 5 5 5 6 7 7 9 13 16 
1 1 2 2 5 5 5 6 7 7 9 13 17 
1 1 2 2 5 5 5 6 7 7 9 16 17 
1 1 2 2 5 5 5 6 7 7 13 16 17 
1 1 2 2 5 5 5 6 7 8 8 9 9 
1 1 2 2 5 5 5 6 7 8 8 9 13 
1 1 2 2 5 5 5 6 7 8 8 9 16 
1 1 2 2 5 5 5 6 7 8 8 9 17 
1 1 2 2 5 5 5 6 7 8 8 13 16 
1 1 2 2 5 5 5 6 7 8 8 13 17 
1 1 2 2 5 5 5 6 7 8 8 16 17 
1 1 2 2 5 5 5 6 7 8 9 9 13 
1 1 2 2 5 5 5 6 7 8 9 9 16 
1 1 2 2 5 5 5 6 7 8 9 9 17 
1 1 2 2 5 5 5 6 7 8 9 13 16 
1 1 2 2 5 5 5 6 7 8 9 13 17 
1 1 2 2 5 5 5 6 7 8 9 16 17 
1 1 2 2 5 5 5 6 7 8 13 16 17 
1 1 2 2 5 5 5 6 7 9 9 13 16 
1 1 2 2 5 5 5 6 7 9 9 13 17 
1 1 2 2 5 5 5 6 7 9 9 16 17 
1 1 2 2 5 5 5 6 7 9 13 16 17 
1 1 2 2 5 5 5 6 8 8 9 9 13 
1 1 2 2 5 5 5 6 8 8 9 9 16 
1 1 2 2 5 5 5 6 8 8 9 9 17 
1 1 2 2 5 5 5 6 8 8 9 13 16 
1 1 2 2 5 5 5 6 8 8 9 13 17 
1 1 2 2 5 5 5 6 8 8 9 16 17 
1 1 2 2 5 5 5 6 8 8 13 16 17 
1 1 2 2 5 5 5 6 8 9 9 13 16 
1 1 2 2 5 5 5 6 8 9 9 13 17 
1 1 2 2 5 5 5 6 8 9 9 16 17 
1 1 2 2 5 5 5 6 8 9 13 16 17 
1 1 2 2 5 5 5 6 9 9 13 16 17 
1 1 2 2 5 5 5 7 7 7 8 8 9 
1 1 2 2 5 5 5 7 7 7 8 8 13 
1 1 2 2 5 5 5 7 7 7 8 8 16 
1 1 2 2 5 5 5 7 7 7 8 8 17 
1 1 2 2 5 5 5 7 7 7 8 9 9 
1 1 2 2 5 5 5 7 7 7 8 9 13 
1 1 2 2 5 5 5 7 7 7 8 9 16 
1 1 2 2 5 5 5 7 7 7 8 9 17 
1 1 2 2 5 5 5 7 7 7 8 13 16 
1 1 2 2 5 5 5 7 7 7 8 13 17 
1 1 2 2 5 5 5 7 7 7 8 16 17 
1 1 2 2 5 5 5 7 7 7 9 9 13 
1 1 2 2 5 5 5 7 7 7 9 9 16 
1 1 2 2 5 5 5 7 7 7 9 9 17 
1 1 2 2 5 5 5 7 7 7 9 13 16 
1 1 2 2 5 5 5 7 7 7 9 13 17 
1 1 2 2 5 5 5 7 7 7 9 16 17 
1 1 2 2 5 5 5 7 7 7 13 16 17 
1 1 2 2 5 5 5 7 7 8 8 9 9 
1 1 2 2 5 5 5 7 7 8 8 9 13 
1 1 2 2 5 5 5 7 7 8 8 9 16 
1 1 2 2 5 5 5 7 7 8 8 9 17 
1 1 2 2 5 5 5 7 7 8 8 13 16 
1 1 2 2 5 5 5 7 7 8 8 13 17 
1 1 2 2 5 5 5 7 7 8 8 16 17 
1 1 2 2 5 5 5 7 7 8 9 9 13 
1 1 2 2 5 5 5 7 7 8 9 9 16 
1 1 2 2 5 5 5 7 7 8 9 9 17 
1 1 2 2 5 5 5 7 7 8 9 13 16 
1 1 2 2 5 5 5 7 7 8 9 13 17 
1 1 2 2 5 5 5 7 7 8 9 16 17 
1 1 2 2 5 5 5 7 7 8 13 16 17 
1 1 2 2 5 5 5 7 7 9 9 13 16 
1 1 2 2 5 5 5 7 7 9 9 13 17 
1 1 2 2 5 5 5 7 7 9 9 16 17 
1 1 2 2 5 5 5 7 7 9 13 16 17 
1 1 2 2 5 5 5 7 8 8 9 9 13 
1 1 2 2 5 5 5 7 8 8 9 9 16 
1 1 2 2 5 5 5 7 8 8 9 9 17 
1 1 2 2 5 5 5 7 8 8 9 13 16 
1 1 2 2 5 5 5 7 8 8 9 13 17 
1 1 2 2 5 5 5 7 8 8 9 16 17 
1 1 2 2 5 5 5 7 8 8 13 16 17 
1 1 2 2 5 5 5 7 8 9 9 13 16 
1 1 2 2 5 5 5 7 8 9 9 13 17 
1 1 2 2 5 5 5 7 8 9 9 16 17 
1 1 2 2 5 5 5 7 8 9 13 16 17 
1 1 2 2 5 5 5 7 9 9 13 16 17 
1 1 2 2 5 5 5 8 8 9 9 13 16 
1 1 2 2 5 5 5 8 8 9 9 13 17 
1 1 2 2 5 5 5 8 8 9 9 16 17 
1 1 2 2 5 5 5 8 8 9 13 16 17 
1 1 2 2 5 5 5 8 9 9 13 16 17 
1 1 2 2 5 5 6 7 7 7 8 8 9 
1 1 2 2 5 5 6 7 7 7 8 8 13 
1 1 2 2 5 5 6 7 7 7 8 8 16 
1 1 2 2 5 5 6 7 7 7 8 8 17 
1 1 2 2 5 5 6 7 7 7 8 9 9 
1 1 2 2 5 5 6 7 7 7 8 9 13 
1 1 2 2 5 5 6 7 7 7 8 9 16 
1 1 2 2 5 5 6 7 7 7 8 9 17 
1 1 2 2 5 5 6 7 7 7 8 13 16 
1 1 2 2 5 5 6 7 7 7 8 13 17 
1 1 2 2 5 5 6 7 7 7 8 16 17 
1 1 2 2 5 5 6 7 7 7 9 9 13 
1 1 2 2 5 5 6 7 7 7 9 9 16 
1 1 2 2 5 5 6 7 7 7 9 9 17 
1 1 2 2 5 5 6 7 7 7 9 13 16 
1 1 2 2 5 5 6 7 7 7 9 13 17 
1 1 2 2 5 5 6 7 7 7 9 16 17 
1 1 2 2 5 5 6 7 7 7 13 16 17 
1 1 2 2 5 5 6 7 7 8 8 9 9 
1 1 2 2 5 5 6 7 7 8 8 9 13 
1 1 2 2 5 5 6 7 7 8 8 9 16 
1 1 2 2 5 5 6 7 7 8 8 9 17 
1 1 2 2 5 5 6 7 7 8 8 13 16 
1 1 2 2 5 5 6 7 7 8 8 13 17 
1 1 2 2 5 5 6 7 7 8 8 16 17 
1 1 2 2 5 5 6 7 7 8 9 9 13 
1 1 2 2 5 5 6 7 7 8 9 9 16 
1 1 2 2 5 5 6 7 7 8 9 9 17 
1 1 2 2 5 5 6 7 7 8 9 13 16 
1 1 2 2 5 5 6 7 7 8 9 13 17 
1 1 2 2 5 5 6 7 7 8 9 16 17 
1 1 2 2 5 5 6 7 7 8 13 16 17 
1 1 2 2 5 5 6 7 7 9 9 13 16 
1 1 2 2 5 5 6 7 7 9 9 13 17 
1 1 2 2 5 5 6 7 7 9 9 16 17 
1 1 2 2 5 5 6 7 7 9 13 16 17 
1 1 2 2 5 5 6 7 8 8 9 9 13 
1 1 2 2 5 5 6 7 8 8 9 9 16 
1 1 2 2 5 5 6 7 8 8 9 9 17 
1 1 2 2 5 5 6 7 8 8 9 13 16 
1 1 2 2 5 5 6 7 8 8 9 13 17 
1 1 2 2 5 5 6 7 8 8 9 16 17 
1 1 2 2 5 5 6 7 8 8 13 16 17 
1 1 2 2 5 5 6 7 8 9 9 13 16 
1 1 2 2 5 5 6 7 8 9 9 13 17 
1 1 2 2 5 5 6 7 8 9 9 16 17 
1 1 2 2 5 5 6 7 8 9 13 16 17 
1 1 2 2 5 5 6 7 9 9 13 16 17 
1 1 2 2 5 5 6 8 8 9 9 13 16 
1 1 2 2 5 5 6 8 8 9 9 13 17 
1 1 2 2 5 5 6 8 8 9 9 16 17 
1 1 2 2 5 5 6 8 8 9 13 16 17 
1 1 2 2 5 5 6 8 9 9 13 16 17 
1 1 2 2 5 5 7 7 7 8 8 9 9 
1 1 2 2 5 5 7 7 7 8 8 9 13 
1 1 2 2 5 5 7 7 7 8 8 9 16 
1 1 2 2 5 5 7 7 7 8 8 9 17 
1 1 2 2 5 5 7 7 7 8 8 13 16 
1 1 2 2 5 5 7 7 7 8 8 13 17 
1 1 2 2 5 5 7 7 7 8 8 16 17 
1 1 2 2 5 5 7 7 7 8 9 9 13 
1 1 2 2 5 5 7 7 7 8 9 9 16 
1 1 2 2 5 5 7 7 7 8 9 9 17 
1 1 2 2 5 5 7 7 7 8 9 13 16 
1 1 2 2 5 5 7 7 7 8 9 13 17 
1 1 2 2 5 5 7 7 7 8 9 16 17 
1 1 2 2 5 5 7 7 7 8 13 16 17 
1 1 2 2 5 5 7 7 7 9 9 13 16 
1 1 2 2 5 5 7 7 7 9 9 13 17 
1 1 2 2 5 5 7 7 7 9 9 16 17 
1 1 2 2 5 5 7 7 7 9 13 16 17 
1 1 2 2 5 5 7 7 8 8 9 9 13 
1 1 2 2 5 5 7 7 8 8 9 9 16 
1 1 2 2 5 5 7 7 8 8 9 9 17 
1 1 2 2 5 5 7 7 8 8 9 13 16 
1 1 2 2 5 5 7 7 8 8 9 13 17 
1 1 2 2 5 5 7 7 8 8 9 16 17 
1 1 2 2 5 5 7 7 8 8 13 16 17 
1 1 2 2 5 5 7 7 8 9 9 13 16 
1 1 2 2 5 5 7 7 8 9 9 13 17 
1 1 2 2 5 5 7 7 8 9 9 16 17 
1 1 2 2 5 5 7 7 8 9 13 16 17 
1 1 2 2 5 5 7 7 9 9 13 16 17 
1 1 2 2 5 5 7 8 8 9 9 13 16 
1 1 2 2 5 5 7 8 8 9 9 13 17 
1 1 2 2 5 5 7 8 8 9 9 16 17 
1 1 2 2 5 5 7 8 8 9 13 16 17 
1 1 2 2 5 5 7 8 9 9 13 16 17 
1 1 2 2 5 5 8 8 9 9 13 16 17 
1 1 2 2 5 6 7 7 7 8 8 9 9 
1 1 2 2 5 6 7 7 7 8 8 9 13 
1 1 2 2 5 6 7 7 7 8 8 9 16 
1 1 2 2 5 6 7 7 7 8 8 9 17 
1 1 2 2 5 6 7 7 7 8 8 13 16 
1 1 2 2 5 6 7 7 7 8 8 13 17 
1 1 2 2 5 6 7 7 7 8 8 16 17 
1 1 2 2 5 6 7 7 7 8 9 9 13 
1 1 2 2 5 6 7 7 7 8 9 9 16 
1 1 2 2 5 6 7 7 7 8 9 9 17 
1 1 2 2 5 6 7 7 7 8 9 13 16 
1 1 2 2 5 6 7 7 7 8 9 13 17 
1 1 2 2 5 6 7 7 7 8 9 16 17 
1 1 2 2 5 6 7 7 7 8 13 16 17 
1 1 2 2 5 6 7 7 7 9 9 13 16 
1 1 2 2 5 6 7 7 7 9 9 13 17 
1 1 2 2 5 6 7 7 7 9 9 16 17 
1 1 2 2 5 6 7 7 7 9 13 16 17 
1 1 2 2 5 6 7 7 8 8 9 9 13 
1 1 2 2 5 6 7 7 8 8 9 9 16 
1 1 2 2 5 6 7 7 8 8 9 9 17 
1 1 2 2 5 6 7 7 8 8 9 13 16 
1 1 2 2 5 6 7 7 8 8 9 13 17 
1 1 2 2 5 6 7 7 8 8 9 16 17 
1 1 2 2 5 6 7 7 8 8 13 16 17 
1 1 2 2 5 6 7 7 8 9 9 13 16 
1 1 2 2 5 6 7 7 8 9 9 13 17 
1 1 2 2 5 6 7 7 8 9 9 16 17 
1 1 2 2 5 6 7 7 8 9 13 16 17 
1 1 2 2 5 6 7 7 9 9 13 16 17 
1 1 2 2 5 6 7 8 8 9 9 13 16 
1 1 2 2 5 6 7 8 8 9 9 13 17 
1 1 2 2 5 6 7 8 8 9 9 16 17 
1 1 2 2 5 6 7 8 8 9 13 16 17 
1 1 2 2 5 6 7 8 9 9 13 16 17 
1 1 2 2 5 6 8 8 9 9 13 16 17 
1 1 2 2 5 7 7 7 8 8 9 9 13 
1 1 2 2 5 7 7 7 8 8 9 9 16 
1 1 2 2 5 7 7 7 8 8 9 9 17 
1 1 2 2 5 7 7 7 8 8 9 13 16 
1 1 2 2 5 7 7 7 8 8 9 13 17 
1 1 2 2 5 7 7 7 8 8 9 16 17 
1 1 2 2 5 7 7 7 8 8 13 16 17 
1 1 2 2 5 7 7 7 8 9 9 13 16 
1 1 2 2 5 7 7 7 8 9 9 13 17 
1 1 2 2 5 7 7 7 8 9 9 16 17 
1 1 2 2 5 7 7 7 8 9 13 16 17 
1 1 2 2 5 7 7 7 9 9 13 16 17 
1 1 2 2 5 7 7 8 8 9 9 13 16 
1 1 2 2 5 7 7 8 8 9 9 13 17 
1 1 2 2 5 7 7 8 8 9 9 16 17 
1 1 2 2 5 7 7 8 8 9 13 16 17 
1 1 2 2 5 7 7 8 9 9 13 16 17 
1 1 2 2 5 7 8 8 9 9 13 16 17 
1 1 2 2 6 7 7 7 8 8 9 9 13 
1 1 2 2 6 7 7 7 8 8 9 9 16 
1 1 2 2 6 7 7 7 8 8 9 9 17 
1 1 2 2 6 7 7 7 8 8 9 13 16 
1 1 2 2 6 7 7 7 8 8 9 13 17 
1 1 2 2 6 7 7 7 8 8 9 16 17 
1 1 2 2 6 7 7 7 8 8 13 16 17 
1 1 2 2 6 7 7 7 8 9 9 13 16 
1 1 2 2 6 7 7 7 8 9 9 13 17 
1 1 2 2 6 7 7 7 8 9 9 16 17 
1 1 2 2 6 7 7 7 8 9 13 16 17 
1 1 2 2 6 7 7 7 9 9 13 16 17 
1 1 2 2 6 7 7 8 8 9 9 13 16 
1 1 2 2 6 7 7 8 8 9 9 13 17 
1 1 2 2 6 7 7 8 8 9 9 16 17 
1 1 2 2 6 7 7 8 8 9 13 16 17 
1 1 2 2 6 7 7 8 9 9 13 16 17 
1 1 2 2 6 7 8 8 9 9 13 16 17 
1 1 2 2 7 7 7 8 8 9 9 13 16 
1 1 2 2 7 7 7 8 8 9 9 13 17 
1 1 2 2 7 7 7 8 8 9 9 16 17 
1 1 2 2 7 7 7 8 8 9 13 16 17 
1 1 2 2 7 7 7 8 9 9 13 16 17 
1 1 2 2 7 7 8 8 9 9 13 16 17 
1 1 2 3 5 5 5 6 7 7 7 8 8 
1 1 2 3 5 5 5 6 7 7 7 8 9 
1 1 2 3 5 5 5 6 7 7 7 8 13 
1 1 2 3 5 5 5 6 7 7 7 8 16 
1 1 2 3 5 5 5 6 7 7 7 8 17 
1 1 2 3 5 5 5 6 7 7 7 9 9 
1 1 2 3 5 5 5 6 7 7 7 9 13 
1 1 2 3 5 5 5 6 7 7 7 9 16 
1 1 2 3 5 5 5 6 7 7 7 9 17 
1 1 2 3 5 5 5 6 7 7 7 13 16 
1 1 2 3 5 5 5 6 7 7 7 13 17 
1 1 2 3 5 5 5 6 7 7 7 16 17 
1 1 2 3 5 5 5 6 7 7 8 8 9 
1 1 2 3 5 5 5 6 7 7 8 8 13 
1 1 2 3 5 5 5 6 7 7 8 8 16 
1 1 2 3 5 5 5 6 7 7 8 8 17 
1 1 2 3 5 5 5 6 7 7 8 9 9 
1 1 2 3 5 5 5 6 7 7 8 9 13 
1 1 2 3 5 5 5 6 7 7 8 9 16 
1 1 2 3 5 5 5 6 7 7 8 9 17 
1 1 2 3 5 5 5 6 7 7 8 13 16 
1 1 2 3 5 5 5 6 7 7 8 13 17 
1 1 2 3 5 5 5 6 7 7 8 16 17 
1 1 2 3 5 5 5 6 7 7 9 9 13 
1 1 2 3 5 5 5 6 7 7 9 9 16 
1 1 2 3 5 5 5 6 7 7 9 9 17 
1 1 2 3 5 5 5 6 7 7 9 13 16 
1 1 2 3 5 5 5 6 7 7 9 13 17 
1 1 2 3 5 5 5 6 7 7 9 16 17 
1 1 2 3 5 5 5 6 7 7 13 16 17 
1 1 2 3 5 5 5 6 7 8 8 9 9 
1 1 2 3 5 5 5 6 7 8 8 9 13 
1 1 2 3 5 5 5 6 7 8 8 9 16 
1 1 2 3 5 5 5 6 7 8 8 9 17 
1 1 2 3 5 5 5 6 7 8 8 13 16 
1 1 2 3 5 5 5 6 7 8 8 13 17 
1 1 2 3 5 5 5 6 7 8 8 16 17 
1 1 2 3 5 5 5 6 7 8 9 9 13 
1 1 2 3 5 5 5 6 7 8 9 9 16 
1 1 2 3 5 5 5 6 7 8 9 9 17 
1 1 2 3 5 5 5 6 7 8 9 13 16 
1 1 2 3 5 5 5 6 7 8 9 13 17 
1 1 2 3 5 5 5 6 7 8 9 16 17 
1 1 2 3 5 5 5 6 7 8 13 16 17 
1 1 2 3 5 5 5 6 7 9 9 13 16 
1 1 2 3 5 5 5 6 7 9 9 13 17 
1 1 2 3 5 5 5 6 7 9 9 16 17 
1 1 2 3 5 5 5 6 7 9 13 16 17 
1 1 2 3 5 5 5 6 8 8 9 9 13 
1 1 2 3 5 5 5 6 8 8 9 9 16 
1 1 2 3 5 5 5 6 8 8 9 9 17 
1 1 2 3 5 5 5 6 8 8 9 13 16 
1 1 2 3 5 5 5 6 8 8 9 13 17 
1 1 2 3 5 5 5 6 8 8 9 16 17 
1 1 2 3 5 5 5 6 8 8 13 16 17 
1 1 2 3 5 5 5 6 8 9 9 13 16 
1 1 2 3 5 5 5 6 8 9 9 13 17 
1 1 2 3 5 5 5 6 8 9 9 16 17 
1 1 2 3 5 5 5 6 8 9 13 16 17 
1 1 2 3 5 5 5 6 9 9 13 16 17 
1 1 2 3 5 5 5 7 7 7 8 8 9 
1 1 2 3 5 5 5 7 7 7 8 8 13 
1 1 2 3 5 5 5 7 7 7 8 8 16 
1 1 2 3 5 5 5 7 7 7 8 8 17 
1 1 2 3 5 5 5 7 7 7 8 9 9 
1 1 2 3 5 5 5 7 7 7 8 9 13 
1 1 2 3 5 5 5 7 7 7 8 9 16 
1 1 2 3 5 5 5 7 7 7 8 9 17 
1 1 2 3 5 5 5 7 7 7 8 13 16 
1 1 2 3 5 5 5 7 7 7 8 13 17 
1 1 2 3 5 5 5 7 7 7 8 16 17 
1 1 2 3 5 5 5 7 7 7 9 9 13 
1 1 2 3 5 5 5 7 7 7 9 9 16 
1 1 2 3 5 5 5 7 7 7 9 9 17 
1 1 2 3 5 5 5 7 7 7 9 13 16 
1 1 2 3 5 5 5 7 7 7 9 13 17 
1 1 2 3 5 5 5 7 7 7 9 16 17 
1 1 2 3 5 5 5 7 7 7 13 16 17 
1 1 2 3 5 5 5 7 7 8 8 9 9 
1 1 2 3 5 5 5 7 7 8 8 9 13 
1 1 2 3 5 5 5 7 7 8 8 9 16 
1 1 2 3 5 5 5 7 7 8 8 9 17 
1 1 2 3 5 5 5 7 7 8 8 13 16 
1 1 2 3 5 5 5 7 7 8 8 13 17 
1 1 2 3 5 5 5 7 7 8 8 16 17 
1 1 2 3 5 5 5 7 7 8 9 9 13 
1 1 2 3 5 5 5 7 7 8 9 9 16 
1 1 2 3 5 5 5 7 7 8 9 9 17 
1 1 2 3 5 5 5 7 7 8 9 13 16 
1 1 2 3 5 5 5 7 7 8 9 13 17 
1 1 2 3 5 5 5 7 7 8 9 16 17 
1 1 2 3 5 5 5 7 7 8 13 16 17 
1 1 2 3 5 5 5 7 7 9 9 13 16 
1 1 2 3 5 5 5 7 7 9 9 13 17 
1 1 2 3 5 5 5 7 7 9 9 16 17 
1 1 2 3 5 5 5 7 7 9 13 16 17 
1 1 2 3 5 5 5 7 8 8 9 9 13 
1 1 2 3 5 5 5 7 8 8 9 9 16 
1 1 2 3 5 5 5 7 8 8 9 9 17 
1 1 2 3 5 5 5 7 8 8 9 13 16 
1 1 2 3 5 5 5 7 8 8 9 13 17 
1 1 2 3 5 5 5 7 8 8 9 16 17 
1 1 2 3 5 5 5 7 8 8 13 16 17 
1 1 2 3 5 5 5 7 8 9 9 13 16 
1 1 2 3 5 5 5 7 8 9 9 13 17 
1 1 2 3 5 5 5 7 8 9 9 16 17 
1 1 2 3 5 5 5 7 8 9 13 16 17 
1 1 2 3 5 5 5 7 9 9 13 16 17 
1 1 2 3 5 5 5 8 8 9 9 13 16 
1 1 2 3 5 5 5 8 8 9 9 13 17 
1 1 2 3 5 5 5 8 8 9 9 16 17 
1 1 2 3 5 5 5 8 8 9 13 16 17 
1 1 2 3 5 5 5 8 9 9 13 16 17 
1 1 2 3 5 5 6 7 7 7 8 8 9 
1 1 2 3 5 5 6 7 7 7 8 8 13 
1 1 2 3 5 5 6 7 7 7 8 8 16 
1 1 2 3 5 5 6 7 7 7 8 8 17 
1 1 2 3 5 5 6 7 7 7 8 9 9 
1 1 2 3 5 5 6 7 7 7 8 9 13 
1 1 2 3 5 5 6 7 7 7 8 9 16 
1 1 2 3 5 5 6 7 7 7 8 9 17 
1 1 2 3 5 5 6 7 7 7 8 13 16 
1 1 2 3 5 5 6 7 7 7 8 13 17 
1 1 2 3 5 5 6 7 7 7 8 16 17 
1 1 2 3 5 5 6 7 7 7 9 9 13 
1 1 2 3 5 5 6 7 7 7 9 9 16 
1 1 2 3 5 5 6 7 7 7 9 9 17 
1 1 2 3 5 5 6 7 7 7 9 13 16 
1 1 2 3 5 5 6 7 7 7 9 13 17 
1 1 2 3 5 5 6 7 7 7 9 16 17 
1 1 2 3 5 5 6 7 7 7 13 16 17 
1 1 2 3 5 5 6 7 7 8 8 9 9 
1 1 2 3 5 5 6 7 7 8 8 9 13 
1 1 2 3 5 5 6 7 7 8 8 9 16 
1 1 2 3 5 5 6 7 7 8 8 9 17 
1 1 2 3 5 5 6 7 7 8 8 13 16 
1 1 2 3 5 5 6 7 7 8 8 13 17 
1 1 2 3 5 5 6 7 7 8 8 16 17 
1 1 2 3 5 5 6 7 7 8 9 9 13 
1 1 2 3 5 5 6 7 7 8 9 9 16 
1 1 2 3 5 5 6 7 7 8 9 9 17 
1 1 2 3 5 5 6 7 7 8 9 13 16 
1 1 2 3 5 5 6 7 7 8 9 13 17 
1 1 2 3 5 5 6 7 7 8 9 16 17 
1 1 2 3 5 5 6 7 7 8 13 16 17 
1 1 2 3 5 5 6 7 7 9 9 13 16 
1 1 2 3 5 5 6 7 7 9 9 13 17 
1 1 2 3 5 5 6 7 7 9 9 16 17 
1 1 2 3 5 5 6 7 7 9 13 16 17 
1 1 2 3 5 5 6 7 8 8 9 9 13 
1 1 2 3 5 5 6 7 8 8 9 9 16 
1 1 2 3 5 5 6 7 8 8 9 9 17 
1 1 2 3 5 5 6 7 8 8 9 13 16 
1 1 2 3 5 5 6 7 8 8 9 13 17 
1 1 2 3 5 5 6 7 8 8 9 16 17 
1 1 2 3 5 5 6 7 8 8 13 16 17 
1 1 2 3 5 5 6 7 8 9 9 13 16 
1 1 2 3 5 5 6 7 8 9 9 13 17 
1 1 2 3 5 5 6 7 8 9 9 16 17 
1 1 2 3 5 5 6 7 8 9 13 16 17 
1 1 2 3 5 5 6 7 9 9 13 16 17 
1 1 2 3 5 5 6 8 8 9 9 13 16 
1 1 2 3 5 5 6 8 8 9 9 13 17 
1 1 2 3 5 5 6 8 8 9 9 16 17 
1 1 2 3 5 5 6 8 8 9 13 16 17 
1 1 2 3 5 5 6 8 9 9 13 16 17 
1 1 2 3 5 5 7 7 7 8 8 9 9 
1 1 2 3 5 5 7 7 7 8 8 9 13 
1 1 2 3 5 5 7 7 7 8 8 9 16 
1 1 2 3 5 5 7 7 7 8 8 9 17 
1 1 2 3 5 5 7 7 7 8 8 13 16 
1 1 2 3 5 5 7 7 7 8 8 13 17 
1 1 2 3 5 5 7 7 7 8 8 16 17 
1 1 2 3 5 5 7 7 7 8 9 9 13 
1 1 2 3 5 5 7 7 7 8 9 9 16 
1 1 2 3 5 5 7 7 7 8 9 9 17 
1 1 2 3 5 5 7 7 7 8 9 13 16 
1 1 2 3 5 5 7 7 7 8 9 13 17 
1 1 2 3 5 5 7 7 7 8 9 16 17 
1 1 2 3 5 5 7 7 7 8 13 16 17 
1 1 2 3 5 5 7 7 7 9 9 13 16 
1 1 2 3 5 5 7 7 7 9 9 13 17 
1 1 2 3 5 5 7 7 7 9 9 16 17 
1 1 2 3 5 5 7 7 7 9 13 16 17 
1 1 2 3 5 5 7 7 8 8 9 9 13 
1 1 2 3 5 5 7 7 8 8 9 9 16 
1 1 2 3 5 5 7 7 8 8 9 9 17 
1 1 2 3 5 5 7 7 8 8 9 13 16 
1 1 2 3 5 5 7 7 8 8 9 13 17 
1 1 2 3 5 5 7 7 8 8 9 16 17 
1 1 2 3 5 5 7 7 8 8 13 16 17 
1 1 2 3 5 5 7 7 8 9 9 13 16 
1 1 2 3 5 5 7 7 8 9 9 13 17 
1 1 2 3 5 5 7 7 8 9 9 16 17 
1 1 2 3 5 5 7 7 8 9 13 16 17 
1 1 2 3 5 5 7 7 9 9 13 16 17 
1 1 2 3 5 5 7 8 8 9 9 13 16 
1 1 2 3 5 5 7 8 8 9 9 13 17 
1 1 2 3 5 5 7 8 8 9 9 16 17 
1 1 2 3 5 5 7 8 8 9 13 16 17 
1 1 2 3 5 5 7 8 9 9 13 16 17 
1 1 2 3 5 5 8 8 9 9 13 16 17 
1 1 2 3 5 6 7 7 7 8 8 9 9 
1 1 2 3 5 6 7 7 7 8 8 9 13 
1 1 2 3 5 6 7 7 7 8 8 9 16 
1 1 2 3 5 6 7 7 7 8 8 9 17 
1 1 2 3 5 6 7 7 7 8 8 13 16 
1 1 2 3 5 6 7 7 7 8 8 13 17 
1 1 2 3 5 6 7 7 7 8 8 16 17 
1 1 2 3 5 6 7 7 7 8 9 9 13 
1 1 2 3 5 6 7 7 7 8 9 9 16 
1 1 2 3 5 6 7 7 7 8 9 9 17 
1 1 2 3 5 6 7 7 7 8 9 13 16 
1 1 2 3 5 6 7 7 7 8 9 13 17 
1 1 2 3 5 6 7 7 7 8 9 16 17 
1 1 2 3 5 6 7 7 7 8 13 16 17 
1 1 2 3 5 6 7 7 7 9 9 13 16 
1 1 2 3 5 6 7 7 7 9 9 13 17 
1 1 2 3 5 6 7 7 7 9 9 16 17 
1 1 2 3 5 6 7 7 7 9 13 16 17 
1 1 2 3 5 6 7 7 8 8 9 9 13 
1 1 2 3 5 6 7 7 8 8 9 9 16 
1 1 2 3 5 6 7 7 8 8 9 9 17 
1 1 2 3 5 6 7 7 8 8 9 13 16 
1 1 2 3 5 6 7 7 8 8 9 13 17 
1 1 2 3 5 6 7 7 8 8 9 16 17 
1 1 2 3 5 6 7 7 8 8 13 16 17 
1 1 2 3 5 6 7 7 8 9 9 13 16 
1 1 2 3 5 6 7 7 8 9 9 13 17 
1 1 2 3 5 6 7 7 8 9 9 16 17 
1 1 2 3 5 6 7 7 8 9 13 16 17 
1 1 2 3 5 6 7 7 9 9 13 16 17 
1 1 2 3 5 6 7 8 8 9 9 13 16 
1 1 2 3 5 6 7 8 8 9 9 13 17 
1 1 2 3 5 6 7 8 8 9 9 16 17 
1 1 2 3 5 6 7 8 8 9 13 16 17 
1 1 2 3 5 6 7 8 9 9 13 16 17 
1 1 2 3 5 6 8 8 9 9 13 16 17 
1 1 2 3 5 7 7 7 8 8 9 9 13 
1 1 2 3 5 7 7 7 8 8 9 9 16 
1 1 2 3 5 7 7 7 8 8 9 9 17 
1 1 2 3 5 7 7 7 8 8 9 13 16 
1 1 2 3 5 7 7 7 8 8 9 13 17 
1 1 2 3 5 7 7 7 8 8 9 16 17 
1 1 2 3 5 7 7 7 8 8 13 16 17 
1 1 2 3 5 7 7 7 8 9 9 13 16 
1 1 2 3 5 7 7 7 8 9 9 13 17 
1 1 2 3 5 7 7 7 8 9 9 16 17 
1 1 2 3 5 7 7 7 8 9 13 16 17 
1 1 2 3 5 7 7 7 9 9 13 16 17 
1 1 2 3 5 7 7 8 8 9 9 13 16 
1 1 2 3 5 7 7 8 8 9 9 13 17 
1 1 2 3 5 7 7 8 8 9 9 16 17 
1 1 2 3 5 7 7 8 8 9 13 16 17 
1 1 2 3 5 7 7 8 9 9 13 16 17 
1 1 2 3 5 7 8 8 9 9 13 16 17 
1 1 2 3 6 7 7 7 8 8 9 9 13 
1 1 2 3 6 7 7 7 8 8 9 9 16 
1 1 2 3 6 7 7 7 8 8 9 9 17 
1 1 2 3 6 7 7 7 8 8 9 13 16 
1 1 2 3 6 7 7 7 8 8 9 13 17 
1 1 2 3 6 7 7 7 8 8 9 16 17 
1 1 2 3 6 7 7 7 8 8 13 16 17 
1 1 2 3 6 7 7 7 8 9 9 13 16 
1 1 2 3 6 7 7 7 8 9 9 13 17 
1 1 2 3 6 7 7 7 8 9 9 16 17 
1 1 2 3 6 7 7 7 8 9 13 16 17 
1 1 2 3 6 7 7 7 9 9 13 16 17 
1 1 2 3 6 7 7 8 8 9 9 13 16 
1 1 2 3 6 7 7 8 8 9 9 13 17 
1 1 2 3 6 7 7 8 8 9 9 16 17 
1 1 2 3 6 7 7 8 8 9 13 16 17 
1 1 2 3 6 7 7 8 9 9 13 16 17 
1 1 2 3 6 7 8 8 9 9 13 16 17 
1 1 2 3 7 7 7 8 8 9 9 13 16 
1 1 2 3 7 7 7 8 8 9 9 13 17 
1 1 2 3 7 7 7 8 8 9 9 16 17 
1 1 2 3 7 7 7 8 8 9 13 16 17 
1 1 2 3 7 7 7 8 9 9 13 16 17 
1 1 2 3 7 7 8 8 9 9 13 16 17 
1 1 2 5 5 5 6 7 7 7 8 8 9 
1 1 2 5 5 5 6 7 7 7 8 8 13 
1 1 2 5 5 5 6 7 7 7 8 8 16 
1 1 2 5 5 5 6 7 7 7 8 8 17 
1 1 2 5 5 5 6 7 7 7 8 9 9 
1 1 2 5 5 5 6 7 7 7 8 9 13 
1 1 2 5 5 5 6 7 7 7 8 9 16 
1 1 2 5 5 5 6 7 7 7 8 9 17 
1 1 2 5 5 5 6 7 7 7 8 13 16 
1 1 2 5 5 5 6 7 7 7 8 13 17 
1 1 2 5 5 5 6 7 7 7 8 16 17 
1 1 2 5 5 5 6 7 7 7 9 9 13 
1 1 2 5 5 5 6 7 7 7 9 9 16 
1 1 2 5 5 5 6 7 7 7 9 9 17 
1 1 2 5 5 5 6 7 7 7 9 13 16 
1 1 2 5 5 5 6 7 7 7 9 13 17 
1 1 2 5 5 5 6 7 7 7 9 16 17 
1 1 2 5 5 5 6 7 7 7 13 16 17 
1 1 2 5 5 5 6 7 7 8 8 9 9 
1 1 2 5 5 5 6 7 7 8 8 9 13 
1 1 2 5 5 5 6 7 7 8 8 9 16 
1 1 2 5 5 5 6 7 7 8 8 9 17 
1 1 2 5 5 5 6 7 7 8 8 13 16 
1 1 2 5 5 5 6 7 7 8 8 13 17 
1 1 2 5 5 5 6 7 7 8 8 16 17 
1 1 2 5 5 5 6 7 7 8 9 9 13 
1 1 2 5 5 5 6 7 7 8 9 9 16 
1 1 2 5 5 5 6 7 7 8 9 9 17 
1 1 2 5 5 5 6 7 7 8 9 13 16 
1 1 2 5 5 5 6 7 7 8 9 13 17 
1 1 2 5 5 5 6 7 7 8 9 16 17 
1 1 2 5 5 5 6 7 7 8 13 16 17 
1 1 2 5 5 5 6 7 7 9 9 13 16 
1 1 2 5 5 5 6 7 7 9 9 13 17 
1 1 2 5 5 5 6 7 7 9 9 16 17 
1 1 2 5 5 5 6 7 7 9 13 16 17 
1 1 2 5 5 5 6 7 8 8 9 9 13 
1 1 2 5 5 5 6 7 8 8 9 9 16 
1 1 2 5 5 5 6 7 8 8 9 9 17 
1 1 2 5 5 5 6 7 8 8 9 13 16 
1 1 2 5 5 5 6 7 8 8 9 13 17 
1 1 2 5 5 5 6 7 8 8 9 16 17 
1 1 2 5 5 5 6 7 8 8 13 16 17 
1 1 2 5 5 5 6 7 8 9 9 13 16 
1 1 2 5 5 5 6 7 8 9 9 13 17 
1 1 2 5 5 5 6 7 8 9 9 16 17 
1 1 2 5 5 5 6 7 8 9 13 16 17 
1 1 2 5 5 5 6 7 9 9 13 16 17 
1 1 2 5 5 5 6 8 8 9 9 13 16 
1 1 2 5 5 5 6 8 8 9 9 13 17 
1 1 2 5 5 5 6 8 8 9 9 16 17 
1 1 2 5 5 5 6 8 8 9 13 16 17 
1 1 2 5 5 5 6 8 9 9 13 16 17 
1 1 2 5 5 5 7 7 7 8 8 9 9 
1 1 2 5 5 5 7 7 7 8 8 9 13 
1 1 2 5 5 5 7 7 7 8 8 9 16 
1 1 2 5 5 5 7 7 7 8 8 9 17 
1 1 2 5 5 5 7 7 7 8 8 13 16 
1 1 2 5 5 5 7 7 7 8 8 13 17 
1 1 2 5 5 5 7 7 7 8 8 16 17 
1 1 2 5 5 5 7 7 7 8 9 9 13 
1 1 2 5 5 5 7 7 7 8 9 9 16 
1 1 2 5 5 5 7 7 7 8 9 9 17 
1 1 2 5 5 5 7 7 7 8 9 13 16 
1 1 2 5 5 5 7 7 7 8 9 13 17 
1 1 2 5 5 5 7 7 7 8 9 16 17 
1 1 2 5 5 5 7 7 7 8 13 16 17 
1 1 2 5 5 5 7 7 7 9 9 13 16 
1 1 2 5 5 5 7 7 7 9 9 13 17 
1 1 2 5 5 5 7 7 7 9 9 16 17 
1 1 2 5 5 5 7 7 7 9 13 16 17 
1 1 2 5 5 5 7 7 8 8 9 9 13 
1 1 2 5 5 5 7 7 8 8 9 9 16 
1 1 2 5 5 5 7 7 8 8 9 9 17 
1 1 2 5 5 5 7 7 8 8 9 13 16 
1 1 2 5 5 5 7 7 8 8 9 13 17 
1 1 2 5 5 5 7 7 8 8 9 16 17 
1 1 2 5 5 5 7 7 8 8 13 16 17 
1 1 2 5 5 5 7 7 8 9 9 13 16 
1 1 2 5 5 5 7 7 8 9 9 13 17 
1 1 2 5 5 5 7 7 8 9 9 16 17 
1 1 2 5 5 5 7 7 8 9 13 16 17 
1 1 2 5 5 5 7 7 9 9 13 16 17 
1 1 2 5 5 5 7 8 8 9 9 13 16 
1 1 2 5 5 5 7 8 8 9 9 13 17 
1 1 2 5 5 5 7 8 8 9 9 16 17 
1 1 2 5 5 5 7 8 8 9 13 16 17 
1 1 2 5 5 5 7 8 9 9 13 16 17 
1 1 2 5 5 5 8 8 9 9 13 16 17 
1 1 2 5 5 6 7 7 7 8 8 9 9 
1 1 2 5 5 6 7 7 7 8 8 9 13 
1 1 2 5 5 6 7 7 7 8 8 9 16 
1 1 2 5 5 6 7 7 7 8 8 9 17 
1 1 2 5 5 6 7 7 7 8 8 13 16 
1 1 2 5 5 6 7 7 7 8 8 13 17 
1 1 2 5 5 6 7 7 7 8 8 16 17 
1 1 2 5 5 6 7 7 7 8 9 9 13 
1 1 2 5 5 6 7 7 7 8 9 9 16 
1 1 2 5 5 6 7 7 7 8 9 9 17 
1 1 2 5 5 6 7 7 7 8 9 13 16 
1 1 2 5 5 6 7 7 7 8 9 13 17 
1 1 2 5 5 6 7 7 7 8 9 16 17 
1 1 2 5 5 6 7 7 7 8 13 16 17 
1 1 2 5 5 6 7 7 7 9 9 13 16 
1 1 2 5 5 6 7 7 7 9 9 13 17 
1 1 2 5 5 6 7 7 7 9 9 16 17 
1 1 2 5 5 6 7 7 7 9 13 16 17 
1 1 2 5 5 6 7 7 8 8 9 9 13 
1 1 2 5 5 6 7 7 8 8 9 9 16 
1 1 2 5 5 6 7 7 8 8 9 9 17 
1 1 2 5 5 6 7 7 8 8 9 13 16 
1 1 2 5 5 6 7 7 8 8 9 13 17 
1 1 2 5 5 6 7 7 8 8 9 16 17 
1 1 2 5 5 6 7 7 8 8 13 16 17 
1 1 2 5 5 6 7 7 8 9 9 13 16 
1 1 2 5 5 6 7 7 8 9 9 13 17 
1 1 2 5 5 6 7 7 8 9 9 16 17 
1 1 2 5 5 6 7 7 8 9 13 16 17 
1 1 2 5 5 6 7 7 9 9 13 16 17 
1 1 2 5 5 6 7 8 8 9 9 13 16 
1 1 2 5 5 6 7 8 8 9 9 13 17 
1 1 2 5 5 6 7 8 8 9 9 16 17 
1 1 2 5 5 6 7 8 8 9 13 16 17 
1 1 2 5 5 6 7 8 9 9 13 16 17 
1 1 2 5 5 6 8 8 9 9 13 16 17 
1 1 2 5 5 7 7 7 8 8 9 9 13 
1 1 2 5 5 7 7 7 8 8 9 9 16 
1 1 2 5 5 7 7 7 8 8 9 9 17 
1 1 2 5 5 7 7 7 8 8 9 13 16 
1 1 2 5 5 7 7 7 8 8 9 13 17 
1 1 2 5 5 7 7 7 8 8 9 16 17 
1 1 2 5 5 7 7 7 8 8 13 16 17 
1 1 2 5 5 7 7 7 8 9 9 13 16 
1 1 2 5 5 7 7 7 8 9 9 13 17 
1 1 2 5 5 7 7 7 8 9 9 16 17 
1 1 2 5 5 7 7 7 8 9 13 16 17 
1 1 2 5 5 7 7 7 9 9 13 16 17 
1 1 2 5 5 7 7 8 8 9 9 13 16 
1 1 2 5 5 7 7 8 8 9 9 13 17 
1 1 2 5 5 7 7 8 8 9 9 16 17 
1 1 2 5 5 7 7 8 8 9 13 16 17 
1 1 2 5 5 7 7 8 9 9 13 16 17 
1 1 2 5 5 7 8 8 9 9 13 16 17 
1 1 2 5 6 7 7 7 8 8 9 9 13 
1 1 2 5 6 7 7 7 8 8 9 9 16 
1 1 2 5 6 7 7 7 8 8 9 9 17 
1 1 2 5 6 7 7 7 8 8 9 13 16 
1 1 2 5 6 7 7 7 8 8 9 13 17 
1 1 2 5 6 7 7 7 8 8 9 16 17 
1 1 2 5 6 7 7 7 8 8 13 16 17 
1 1 2 5 6 7 7 7 8 9 9 13 16 
1 1 2 5 6 7 7 7 8 9 9 13 17 
1 1 2 5 6 7 7 7 8 9 9 16 17 
1 1 2 5 6 7 7 7 8 9 13 16 17 
1 1 2 5 6 7 7 7 9 9 13 16 17 
1 1 2 5 6 7 7 8 8 9 9 13 16 
1 1 2 5 6 7 7 8 8 9 9 13 17 
1 1 2 5 6 7 7 8 8 9 9 16 17 
1 1 2 5 6 7 7 8 8 9 13 16 17 
1 1 2 5 6 7 7 8 9 9 13 16 17 
1 1 2 5 6 7 8 8 9 9 13 16 17 
1 1 2 5 7 7 7 8 8 9 9 13 16 
1 1 2 5 7 7 7 8 8 9 9 13 17 
1 1 2 5 7 7 7 8 8 9 9 16 17 
1 1 2 5 7 7 7 8 8 9 13 16 17 
1 1 2 5 7 7 7 8 9 9 13 16 17 
1 1 2 5 7 7 8 8 9 9 13 16 17 
1 1 2 6 7 7 7 8 8 9 9 13 16 
1 1 2 6 7 7 7 8 8 9 9 13 17 
1 1 2 6 7 7 7 8 8 9 9 16 17 
1 1 2 6 7 7 7 8 8 9 13 16 17 
1 1 2 6 7 7 7 8 9 9 13 16 17 
1 1 2 6 7 7 8 8 9 9 13 16 17 
1 1 2 7 7 7 8 8 9 9 13 16 17 
1 1 3 5 5 5 6 7 7 7 8 8 9 
1 1 3 5 5 5 6 7 7 7 8 8 13 
1 1 3 5 5 5 6 7 7 7 8 8 16 
1 1 3 5 5 5 6 7 7 7 8 8 17 
1 1 3 5 5 5 6 7 7 7 8 9 9 
1 1 3 5 5 5 6 7 7 7 8 9 13 
1 1 3 5 5 5 6 7 7 7 8 9 16 
1 1 3 5 5 5 6 7 7 7 8 9 17 
1 1 3 5 5 5 6 7 7 7 8 13 16 
1 1 3 5 5 5 6 7 7 7 8 13 17 
1 1 3 5 5 5 6 7 7 7 8 16 17 
1 1 3 5 5 5 6 7 7 7 9 9 13 
1 1 3 5 5 5 6 7 7 7 9 9 16 
1 1 3 5 5 5 6 7 7 7 9 9 17 
1 1 3 5 5 5 6 7 7 7 9 13 16 
1 1 3 5 5 5 6 7 7 7 9 13 17 
1 1 3 5 5 5 6 7 7 7 9 16 17 
1 1 3 5 5 5 6 7 7 7 13 16 17 
1 1 3 5 5 5 6 7 7 8 8 9 9 
1 1 3 5 5 5 6 7 7 8 8 9 13 
1 1 3 5 5 5 6 7 7 8 8 9 16 
1 1 3 5 5 5 6 7 7 8 8 9 17 
1 1 3 5 5 5 6 7 7 8 8 13 16 
1 1 3 5 5 5 6 7 7 8 8 13 17 
1 1 3 5 5 5 6 7 7 8 8 16 17 
1 1 3 5 5 5 6 7 7 8 9 9 13 
1 1 3 5 5 5 6 7 7 8 9 9 16 
1 1 3 5 5 5 6 7 7 8 9 9 17 
1 1 3 5 5 5 6 7 7 8 9 13 16 
1 1 3 5 5 5 6 7 7 8 9 13 17 
1 1 3 5 5 5 6 7 7 8 9 16 17 
1 1 3 5 5 5 6 7 7 8 13 16 17 
1 1 3 5 5 5 6 7 7 9 9 13 16 
1 1 3 5 5 5 6 7 7 9 9 13 17 
1 1 3 5 5 5 6 7 7 9 9 16 17 
1 1 3 5 5 5 6 7 7 9 13 16 17 
1 1 3 5 5 5 6 7 8 8 9 9 13 
1 1 3 5 5 5 6 7 8 8 9 9 16 
1 1 3 5 5 5 6 7 8 8 9 9 17 
1 1 3 5 5 5 6 7 8 8 9 13 16 
1 1 3 5 5 5 6 7 8 8 9 13 17 
1 1 3 5 5 5 6 7 8 8 9 16 17 
1 1 3 5 5 5 6 7 8 8 13 16 17 
1 1 3 5 5 5 6 7 8 9 9 13 16 
1 1 3 5 5 5 6 7 8 9 9 13 17 
1 1 3 5 5 5 6 7 8 9 9 16 17 
1 1 3 5 5 5 6 7 8 9 13 16 17 
1 1 3 5 5 5 6 7 9 9 13 16 17 
1 1 3 5 5 5 6 8 8 9 9 13 16 
1 1 3 5 5 5 6 8 8 9 9 13 17 
1 1 3 5 5 5 6 8 8 9 9 16 17 
1 1 3 5 5 5 6 8 8 9 13 16 17 
1 1 3 5 5 5 6 8 9 9 13 16 17 
1 1 3 5 5 5 7 7 7 8 8 9 9 
1 1 3 5 5 5 7 7 7 8 8 9 13 
1 1 3 5 5 5 7 7 7 8 8 9 16 
1 1 3 5 5 5 7 7 7 8 8 9 17 
1 1 3 5 5 5 7 7 7 8 8 13 16 
1 1 3 5 5 5 7 7 7 8 8 13 17 
1 1 3 5 5 5 7 7 7 8 8 16 17 
1 1 3 5 5 5 7 7 7 8 9 9 13 
1 1 3 5 5 5 7 7 7 8 9 9 16 
1 1 3 5 5 5 7 7 7 8 9 9 17 
1 1 3 5 5 5 7 7 7 8 9 13 16 
1 1 3 5 5 5 7 7 7 8 9 13 17 
1 1 3 5 5 5 7 7 7 8 9 16 17 
1 1 3 5 5 5 7 7 7 8 13 16 17 
1 1 3 5 5 5 7 7 7 9 9 13 16 
1 1 3 5 5 5 7 7 7 9 9 13 17 
1 1 3 5 5 5 7 7 7 9 9 16 17 
1 1 3 5 5 5 7 7 7 9 13 16 17 
1 1 3 5 5 5 7 7 8 8 9 9 13 
1 1 3 5 5 5 7 7 8 8 9 9 16 
1 1 3 5 5 5 7 7 8 8 9 9 17 
1 1 3 5 5 5 7 7 8 8 9 13 16 
1 1 3 5 5 5 7 7 8 8 9 13 17 
1 1 3 5 5 5 7 7 8 8 9 16 17 
1 1 3 5 5 5 7 7 8 8 13 16 17 
1 1 3 5 5 5 7 7 8 9 9 13 16 
1 1 3 5 5 5 7 7 8 9 9 13 17 
1 1 3 5 5 5 7 7 8 9 9 16 17 
1 1 3 5 5 5 7 7 8 9 13 16 17 
1 1 3 5 5 5 7 7 9 9 13 16 17 
1 1 3 5 5 5 7 8 8 9 9 13 16 
1 1 3 5 5 5 7 8 8 9 9 13 17 
1 1 3 5 5 5 7 8 8 9 9 16 17 
1 1 3 5 5 5 7 8 8 9 13 16 17 
1 1 3 5 5 5 7 8 9 9 13 16 17 
1 1 3 5 5 5 8 8 9 9 13 16 17 
1 1 3 5 5 6 7 7 7 8 8 9 9 
1 1 3 5 5 6 7 7 7 8 8 9 13 
1 1 3 5 5 6 7 7 7 8 8 9 16 
1 1 3 5 5 6 7 7 7 8 8 9 17 
1 1 3 5 5 6 7 7 7 8 8 13 16 
1 1 3 5 5 6 7 7 7 8 8 13 17 
1 1 3 5 5 6 7 7 7 8 8 16 17 
1 1 3 5 5 6 7 7 7 8 9 9 13 
1 1 3 5 5 6 7 7 7 8 9 9 16 
1 1 3 5 5 6 7 7 7 8 9 9 17 
1 1 3 5 5 6 7 7 7 8 9 13 16 
1 1 3 5 5 6 7 7 7 8 9 13 17 
1 1 3 5 5 6 7 7 7 8 9 16 17 
1 1 3 5 5 6 7 7 7 8 13 16 17 
1 1 3 5 5 6 7 7 7 9 9 13 16 
1 1 3 5 5 6 7 7 7 9 9 13 17 
1 1 3 5 5 6 7 7 7 9 9 16 17 
1 1 3 5 5 6 7 7 7 9 13 16 17 
1 1 3 5 5 6 7 7 8 8 9 9 13 
1 1 3 5 5 6 7 7 8 8 9 9 16 
1 1 3 5 5 6 7 7 8 8 9 9 17 
1 1 3 5 5 6 7 7 8 8 9 13 16 
1 1 3 5 5 6 7 7 8 8 9 13 17 
1 1 3 5 5 6 7 7 8 8 9 16 17 
1 1 3 5 5 6 7 7 8 8 13 16 17 
1 1 3 5 5 6 7 7 8 9 9 13 16 
1 1 3 5 5 6 7 7 8 9 9 13 17 
1 1 3 5 5 6 7 7 8 9 9 16 17 
1 1 3 5 5 6 7 7 8 9 13 16 17 
1 1 3 5 5 6 7 7 9 9 13 16 17 
1 1 3 5 5 6 7 8 8 9 9 13 16 
1 1 3 5 5 6 7 8 8 9 9 13 17 
1 1 3 5 5 6 7 8 8 9 9 16 17 
1 1 3 5 5 6 7 8 8 9 13 16 17 
1 1 3 5 5 6 7 8 9 9 13 16 17 
1 1 3 5 5 6 8 8 9 9 13 16 17 
1 1 3 5 5 7 7 7 8 8 9 9 13 
1 1 3 5 5 7 7 7 8 8 9 9 16 
1 1 3 5 5 7 7 7 8 8 9 9 17 
1 1 3 5 5 7 7 7 8 8 9 13 16 
1 1 3 5 5 7 7 7 8 8 9 13 17 
1 1 3 5 5 7 7 7 8 8 9 16 17 
1 1 3 5 5 7 7 7 8 8 13 16 17 
1 1 3 5 5 7 7 7 8 9 9 13 16 
1 1 3 5 5 7 7 7 8 9 9 13 17 
1 1 3 5 5 7 7 7 8 9 9 16 17 
1 1 3 5 5 7 7 7 8 9 13 16 17 
1 1 3 5 5 7 7 7 9 9 13 16 17 
1 1 3 5 5 7 7 8 8 9 9 13 16 
1 1 3 5 5 7 7 8 8 9 9 13 17 
1 1 3 5 5 7 7 8 8 9 9 16 17 
1 1 3 5 5 7 7 8 8 9 13 16 17 
1 1 3 5 5 7 7 8 9 9 13 16 17 
1 1 3 5 5 7 8 8 9 9 13 16 17 
1 1 3 5 6 7 7 7 8 8 9 9 13 
1 1 3 5 6 7 7 7 8 8 9 9 16 
1 1 3 5 6 7 7 7 8 8 9 9 17 
1 1 3 5 6 7 7 7 8 8 9 13 16 
1 1 3 5 6 7 7 7 8 8 9 13 17 
1 1 3 5 6 7 7 7 8 8 9 16 17 
1 1 3 5 6 7 7 7 8 8 13 16 17 
1 1 3 5 6 7 7 7 8 9 9 13 16 
1 1 3 5 6 7 7 7 8 9 9 13 17 
1 1 3 5 6 7 7 7 8 9 9 16 17 
1 1 3 5 6 7 7 7 8 9 13 16 17 
1 1 3 5 6 7 7 7 9 9 13 16 17 
1 1 3 5 6 7 7 8 8 9 9 13 16 
1 1 3 5 6 7 7 8 8 9 9 13 17 
1 1 3 5 6 7 7 8 8 9 9 16 17 
1 1 3 5 6 7 7 8 8 9 13 16 17 
1 1 3 5 6 7 7 8 9 9 13 16 17 
1 1 3 5 6 7 8 8 9 9 13 16 17 
1 1 3 5 7 7 7 8 8 9 9 13 16 
1 1 3 5 7 7 7 8 8 9 9 13 17 
1 1 3 5 7 7 7 8 8 9 9 16 17 
1 1 3 5 7 7 7 8 8 9 13 16 17 
1 1 3 5 7 7 7 8 9 9 13 16 17 
1 1 3 5 7 7 8 8 9 9 13 16 17 
1 1 3 6 7 7 7 8 8 9 9 13 16 
1 1 3 6 7 7 7 8 8 9 9 13 17 
1 1 3 6 7 7 7 8 8 9 9 16 17 
1 1 3 6 7 7 7 8 8 9 13 16 17 
1 1 3 6 7 7 7 8 9 9 13 16 17 
1 1 3 6 7 7 8 8 9 9 13 16 17 
1 1 3 7 7 7 8 8 9 9 13 16 17 
1 1 5 5 5 6 7 7 7 8 8 9 9 
1 1 5 5 5 6 7 7 7 8 8 9 13 
1 1 5 5 5 6 7 7 7 8 8 9 16 
1 1 5 5 5 6 7 7 7 8 8 9 17 
1 1 5 5 5 6 7 7 7 8 8 13 16 
1 1 5 5 5 6 7 7 7 8 8 13 17 
1 1 5 5 5 6 7 7 7 8 8 16 17 
1 1 5 5 5 6 7 7 7 8 9 9 13 
1 1 5 5 5 6 7 7 7 8 9 9 16 
1 1 5 5 5 6 7 7 7 8 9 9 17 
1 1 5 5 5 6 7 7 7 8 9 13 16 
1 1 5 5 5 6 7 7 7 8 9 13 17 
1 1 5 5 5 6 7 7 7 8 9 16 17 
1 1 5 5 5 6 7 7 7 8 13 16 17 
1 1 5 5 5 6 7 7 7 9 9 13 16 
1 1 5 5 5 6 7 7 7 9 9 13 17 
1 1 5 5 5 6 7 7 7 9 9 16 17 
1 1 5 5 5 6 7 7 7 9 13 16 17 
1 1 5 5 5 6 7 7 8 8 9 9 13 
1 1 5 5 5 6 7 7 8 8 9 9 16 
1 1 5 5 5 6 7 7 8 8 9 9 17 
1 1 5 5 5 6 7 7 8 8 9 13 16 
1 1 5 5 5 6 7 7 8 8 9 13 17 
1 1 5 5 5 6 7 7 8 8 9 16 17 
1 1 5 5 5 6 7 7 8 8 13 16 17 
1 1 5 5 5 6 7 7 8 9 9 13 16 
1 1 5 5 5 6 7 7 8 9 9 13 17 
1 1 5 5 5 6 7 7 8 9 9 16 17 
1 1 5 5 5 6 7 7 8 9 13 16 17 
1 1 5 5 5 6 7 7 9 9 13 16 17 
1 1 5 5 5 6 7 8 8 9 9 13 16 
1 1 5 5 5 6 7 8 8 9 9 13 17 
1 1 5 5 5 6 7 8 8 9 9 16 17 
1 1 5 5 5 6 7 8 8 9 13 16 17 
1 1 5 5 5 6 7 8 9 9 13 16 17 
1 1 5 5 5 6 8 8 9 9 13 16 17 
1 1 5 5 5 7 7 7 8 8 9 9 13 
1 1 5 5 5 7 7 7 8 8 9 9 16 
1 1 5 5 5 7 7 7 8 8 9 9 17 
1 1 5 5 5 7 7 7 8 8 9 13 16 
1 1 5 5 5 7 7 7 8 8 9 13 17 
1 1 5 5 5 7 7 7 8 8 9 16 17 
1 1 5 5 5 7 7 7 8 8 13 16 17 
1 1 5 5 5 7 7 7 8 9 9 13 16 
1 1 5 5 5 7 7 7 8 9 9 13 17 
1 1 5 5 5 7 7 7 8 9 9 16 17 
1 1 5 5 5 7 7 7 8 9 13 16 17 
1 1 5 5 5 7 7 7 9 9 13 16 17 
1 1 5 5 5 7 7 8 8 9 9 13 16 
1 1 5 5 5 7 7 8 8 9 9 13 17 
1 1 5 5 5 7 7 8 8 9 9 16 17 
1 1 5 5 5 7 7 8 8 9 13 16 17 
1 1 5 5 5 7 7 8 9 9 13 16 17 
1 1 5 5 5 7 8 8 9 9 13 16 17 
1 1 5 5 6 7 7 7 8 8 9 9 13 
1 1 5 5 6 7 7 7 8 8 9 9 16 
1 1 5 5 6 7 7 7 8 8 9 9 17 
1 1 5 5 6 7 7 7 8 8 9 13 16 
1 1 5 5 6 7 7 7 8 8 9 13 17 
1 1 5 5 6 7 7 7 8 8 9 16 17 
1 1 5 5 6 7 7 7 8 8 13 16 17 
1 1 5 5 6 7 7 7 8 9 9 13 16 
1 1 5 5 6 7 7 7 8 9 9 13 17 
1 1 5 5 6 7 7 7 8 9 9 16 17 
1 1 5 5 6 7 7 7 8 9 13 16 17 
1 1 5 5 6 7 7 7 9 9 13 16 17 
1 1 5 5 6 7 7 8 8 9 9 13 16 
1 1 5 5 6 7 7 8 8 9 9 13 17 
1 1 5 5 6 7 7 8 8 9 9 16 17 
1 1 5 5 6 7 7 8 8 9 13 16 17 
1 1 5 5 6 7 7 8 9 9 13 16 17 
1 1 5 5 6 7 8 8 9 9 13 16 17 
1 1 5 5 7 7 7 8 8 9 9 13 16 
1 1 5 5 7 7 7 8 8 9 9 13 17 
1 1 5 5 7 7 7 8 8 9 9 16 17 
1 1 5 5 7 7 7 8 8 9 13 16 17 
1 1 5 5 7 7 7 8 9 9 13 16 17 
1 1 5 5 7 7 8 8 9 9 13 16 17 
1 1 5 6 7 7 7 8 8 9 9 13 16 
1 1 5 6 7 7 7 8 8 9 9 13 17 
1 1 5 6 7 7 7 8 8 9 9 16 17 
1 1 5 6 7 7 7 8 8 9 13 16 17 
1 1 5 6 7 7 7 8 9 9 13 16 17 
1 1 5 6 7 7 8 8 9 9 13 16 17 
1 1 5 7 7 7 8 8 9 9 13 16 17 
1 1 6 7 7 7 8 8 9 9 13 16 17 
1 2 2 3 5 5 5 6 7 7 7 8 8 
1 2 2 3 5 5 5 6 7 7 7 8 9 
1 2 2 3 5 5 5 6 7 7 7 8 13 
1 2 2 3 5 5 5 6 7 7 7 8 16 
1 2 2 3 5 5 5 6 7 7 7 8 17 
1 2 2 3 5 5 5 6 7 7 7 9 9 
1 2 2 3 5 5 5 6 7 7 7 9 13 
1 2 2 3 5 5 5 6 7 7 7 9 16 
1 2 2 3 5 5 5 6 7 7 7 9 17 
1 2 2 3 5 5 5 6 7 7 7 13 16 
1 2 2 3 5 5 5 6 7 7 7 13 17 
1 2 2 3 5 5 5 6 7 7 7 16 17 
1 2 2 3 5 5 5 6 7 7 8 8 9 
1 2 2 3 5 5 5 6 7 7 8 8 13 
1 2 2 3 5 5 5 6 7 7 8 8 16 
1 2 2 3 5 5 5 6 7 7 8 8 17 
1 2 2 3 5 5 5 6 7 7 8 9 9 
1 2 2 3 5 5 5 6 7 7 8 9 13 
1 2 2 3 5 5 5 6 7 7 8 9 16 
1 2 2 3 5 5 5 6 7 7 8 9 17 
1 2 2 3 5 5 5 6 7 7 8 13 16 
1 2 2 3 5 5 5 6 7 7 8 13 17 
1 2 2 3 5 5 5 6 7 7 8 16 17 
1 2 2 3 5 5 5 6 7 7 9 9 13 
1 2 2 3 5 5 5 6 7 7 9 9 16 
1 2 2 3 5 5 5 6 7 7 9 9 17 
1 2 2 3 5 5 5 6 7 7 9 13 16 
1 2 2 3 5 5 5 6 7 7 9 13 17 
1 2 2 3 5 5 5 6 7 7 9 16 17 
1 2 2 3 5 5 5 6 7 7 13 16 17 
1 2 2 3 5 5 5 6 7 8 8 9 9 
1 2 2 3 5 5 5 6 7 8 8 9 13 
1 2 2 3 5 5 5 6 7 8 8 9 16 
1 2 2 3 5 5 5 6 7 8 8 9 17 
1 2 2 3 5 5 5 6 7 8 8 13 16 
1 2 2 3 5 5 5 6 7 8 8 13 17 
1 2 2 3 5 5 5 6 7 8 8 16 17 
1 2 2 3 5 5 5 6 7 8 9 9 13 
1 2 2 3 5 5 5 6 7 8 9 9 16 
1 2 2 3 5 5 5 6 7 8 9 9 17 
1 2 2 3 5 5 5 6 7 8 9 13 16 
1 2 2 3 5 5 5 6 7 8 9 13 17 
1 2 2 3 5 5 5 6 7 8 9 16 17 
1 2 2 3 5 5 5 6 7 8 13 16 17 
1 2 2 3 5 5 5 6 7 9 9 13 16 
1 2 2 3 5 5 5 6 7 9 9 13 17 
1 2 2 3 5 5 5 6 7 9 9 16 17 
1 2 2 3 5 5 5 6 7 9 13 16 17 
1 2 2 3 5 5 5 6 8 8 9 9 13 
1 2 2 3 5 5 5 6 8 8 9 9 16 
1 2 2 3 5 5 5 6 8 8 9 9 17 
1 2 2 3 5 5 5 6 8 8 9 13 16 
1 2 2 3 5 5 5 6 8 8 9 13 17 
1 2 2 3 5 5 5 6 8 8 9 16 17 
1 2 2 3 5 5 5 6 8 8 13 16 17 
1 2 2 3 5 5 5 6 8 9 9 13 16 
1 2 2 3 5 5 5 6 8 9 9 13 17 
1 2 2 3 5 5 5 6 8 9 9 16 17 
1 2 2 3 5 5 5 6 8 9 13 16 17 
1 2 2 3 5 5 5 6 9 9 13 16 17 
1 2 2 3 5 5 5 7 7 7 8 8 9 
1 2 2 3 5 5 5 7 7 7 8 8 13 
1 2 2 3 5 5 5 7 7 7 8 8 16 
1 2 2 3 5 5 5 7 7 7 8 8 17 
1 2 2 3 5 5 5 7 7 7 8 9 9 
1 2 2 3 5 5 5 7 7 7 8 9 13 
1 2 2 3 5 5 5 7 7 7 8 9 16 
1 2 2 3 5 5 5 7 7 7 8 9 17 
1 2 2 3 5 5 5 7 7 7 8 13 16 
1 2 2 3 5 5 5 7 7 7 8 13 17 
1 2 2 3 5 5 5 7 7 7 8 16 17 
1 2 2 3 5 5 5 7 7 7 9 9 13 
1 2 2 3 5 5 5 7 7 7 9 9 16 
1 2 2 3 5 5 5 7 7 7 9 9 17 
1 2 2 3 5 5 5 7 7 7 9 13 16 
1 2 2 3 5 5 5 7 7 7 9 13 17 
1 2 2 3 5 5 5 7 7 7 9 16 17 
1 2 2 3 5 5 5 7 7 7 13 16 17 
1 2 2 3 5 5 5 7 7 8 8 9 9 
1 2 2 3 5 5 5 7 7 8 8 9 13 
1 2 2 3 5 5 5 7 7 8 8 9 16 
1 2 2 3 5 5 5 7 7 8 8 9 17 
1 2 2 3 5 5 5 7 7 8 8 13 16 
1 2 2 3 5 5 5 7 7 8 8 13 17 
1 2 2 3 5 5 5 7 7 8 8 16 17 
1 2 2 3 5 5 5 7 7 8 9 9 13 
1 2 2 3 5 5 5 7 7 8 9 9 16 
1 2 2 3 5 5 5 7 7 8 9 9 17 
1 2 2 3 5 5 5 7 7 8 9 13 16 
1 2 2 3 5 5 5 7 7 8 9 13 17 
1 2 2 3 5 5 5 7 7 8 9 16 17 
1 2 2 3 5 5 5 7 7 8 13 16 17 
1 2 2 3 5 5 5 7 7 9 9 13 16 
1 2 2 3 5 5 5 7 7 9 9 13 17 
1 2 2 3 5 5 5 7 7 9 9 16 17 
1 2 2 3 5 5 5 7 7 9 13 16 17 
1 2 2 3 5 5 5 7 8 8 9 9 13 
1 2 2 3 5 5 5 7 8 8 9 9 16 
1 2 2 3 5 5 5 7 8 8 9 9 17 
1 2 2 3 5 5 5 7 8 8 9 13 16 
1 2 2 3 5 5 5 7 8 8 9 13 17 
1 2 2 3 5 5 5 7 8 8 9 16 17 
1 2 2 3 5 5 5 7 8 8 13 16 17 
1 2 2 3 5 5 5 7 8 9 9 13 16 
1 2 2 3 5 5 5 7 8 9 9 13 17 
1 2 2 3 5 5 5 7 8 9 9 16 17 
1 2 2 3 5 5 5 7 8 9 13 16 17 
1 2 2 3 5 5 5 7 9 9 13 16 17 
1 2 2 3 5 5 5 8 8 9 9 13 16 
1 2 2 3 5 5 5 8 8 9 9 13 17 
1 2 2 3 5 5 5 8 8 9 9 16 17 
1 2 2 3 5 5 5 8 8 9 13 16 17 
1 2 2 3 5 5 5 8 9 9 13 16 17 
1 2 2 3 5 5 6 7 7 7 8 8 9 
1 2 2 3 5 5 6 7 7 7 8 8 13 
1 2 2 3 5 5 6 7 7 7 8 8 16 
1 2 2 3 5 5 6 7 7 7 8 8 17 
1 2 2 3 5 5 6 7 7 7 8 9 9 
1 2 2 3 5 5 6 7 7 7 8 9 13 
1 2 2 3 5 5 6 7 7 7 8 9 16 
1 2 2 3 5 5 6 7 7 7 8 9 17 
1 2 2 3 5 5 6 7 7 7 8 13 16 
1 2 2 3 5 5 6 7 7 7 8 13 17 
1 2 2 3 5 5 6 7 7 7 8 16 17 
1 2 2 3 5 5 6 7 7 7 9 9 13 
1 2 2 3 5 5 6 7 7 7 9 9 16 
1 2 2 3 5 5 6 7 7 7 9 9 17 
1 2 2 3 5 5 6 7 7 7 9 13 16 
1 2 2 3 5 5 6 7 7 7 9 13 17 
1 2 2 3 5 5 6 7 7 7 9 16 17 
1 2 2 3 5 5 6 7 7 7 13 16 17 
1 2 2 3 5 5 6 7 7 8 8 9 9 
1 2 2 3 5 5 6 7 7 8 8 9 13 
1 2 2 3 5 5 6 7 7 8 8 9 16 
1 2 2 3 5 5 6 7 7 8 8 9 17 
1 2 2 3 5 5 6 7 7 8 8 13 16 
1 2 2 3 5 5 6 7 7 8 8 13 17 
1 2 2 3 5 5 6 7 7 8 8 16 17 
1 2 2 3 5 5 6 7 7 8 9 9 13 
1 2 2 3 5 5 6 7 7 8 9 9 16 
1 2 2 3 5 5 6 7 7 8 9 9 17 
1 2 2 3 5 5 6 7 7 8 9 13 16 
1 2 2 3 5 5 6 7 7 8 9 13 17 
1 2 2 3 5 5 6 7 7 8 9 16 17 
1 2 2 3 5 5 6 7 7 8 13 16 17 
1 2 2 3 5 5 6 7 7 9 9 13 16 
1 2 2 3 5 5 6 7 7 9 9 13 17 
1 2 2 3 5 5 6 7 7 9 9 16 17 
1 2 2 3 5 5 6 7 7 9 13 16 17 
1 2 2 3 5 5 6 7 8 8 9 9 13 
1 2 2 3 5 5 6 7 8 8 9 9 16 
1 2 2 3 5 5 6 7 8 8 9 9 17 
1 2 2 3 5 5 6 7 8 8 9 13 16 
1 2 2 3 5 5 6 7 8 8 9 13 17 
1 2 2 3 5 5 6 7 8 8 9 16 17 
1 2 2 3 5 5 6 7 8 8 13 16 17 
1 2 2 3 5 5 6 7 8 9 9 13 16 
1 2 2 3 5 5 6 7 8 9 9 13 17 
1 2 2 3 5 5 6 7 8 9 9 16 17 
1 2 2 3 5 5 6 7 8 9 13 16 17 
1 2 2 3 5 5 6 7 9 9 13 16 17 
1 2 2 3 5 5 6 8 8 9 9 13 16 
1 2 2 3 5 5 6 8 8 9 9 13 17 
1 2 2 3 5 5 6 8 8 9 9 16 17 
1 2 2 3 5 5 6 8 8 9 13 16 17 
1 2 2 3 5 5 6 8 9 9 13 16 17 
1 2 2 3 5 5 7 7 7 8 8 9 9 
1 2 2 3 5 5 7 7 7 8 8 9 13 
1 2 2 3 5 5 7 7 7 8 8 9 16 
1 2 2 3 5 5 7 7 7 8 8 9 17 
1 2 2 3 5 5 7 7 7 8 8 13 16 
1 2 2 3 5 5 7 7 7 8 8 13 17 
1 2 2 3 5 5 7 7 7 8 8 16 17 
1 2 2 3 5 5 7 7 7 8 9 9 13 
1 2 2 3 5 5 7 7 7 8 9 9 16 
1 2 2 3 5 5 7 7 7 8 9 9 17 
1 2 2 3 5 5 7 7 7 8 9 13 16 
1 2 2 3 5 5 7 7 7 8 9 13 17 
1 2 2 3 5 5 7 7 7 8 9 16 17 
1 2 2 3 5 5 7 7 7 8 13 16 17 
1 2 2 3 5 5 7 7 7 9 9 13 16 
1 2 2 3 5 5 7 7 7 9 9 13 17 
1 2 2 3 5 5 7 7 7 9 9 16 17 
1 2 2 3 5 5 7 7 7 9 13 16 17 
1 2 2 3 5 5 7 7 8 8 9 9 13 
1 2 2 3 5 5 7 7 8 8 9 9 16 
1 2 2 3 5 5 7 7 8 8 9 9 17 
1 2 2 3 5 5 7 7 8 8 9 13 16 
1 2 2 3 5 5 7 7 8 8 9 13 17 
1 2 2 3 5 5 7 7 8 8 9 16 17 
1 2 2 3 5 5 7 7 8 8 13 16 17 
1 2 2 3 5 5 7 7 8 9 9 13 16 
1 2 2 3 5 5 7 7 8 9 9 13 17 
1 2 2 3 5 5 7 7 8 9 9 16 17 
1 2 2 3 5 5 7 7 8 9 13 16 17 
1 2 2 3 5 5 7 7 9 9 13 16 17 
1 2 2 3 5 5 7 8 8 9 9 13 16 
1 2 2 3 5 5 7 8 8 9 9 13 17 
1 2 2 3 5 5 7 8 8 9 9 16 17 
1 2 2 3 5 5 7 8 8 9 13 16 17 
1 2 2 3 5 5 7 8 9 9 13 16 17 
1 2 2 3 5 5 8 8 9 9 13 16 17 
1 2 2 3 5 6 7 7 7 8 8 9 9 
1 2 2 3 5 6 7 7 7 8 8 9 13 
1 2 2 3 5 6 7 7 7 8 8 9 16 
1 2 2 3 5 6 7 7 7 8 8 9 17 
1 2 2 3 5 6 7 7 7 8 8 13 16 
1 2 2 3 5 6 7 7 7 8 8 13 17 
1 2 2 3 5 6 7 7 7 8 8 16 17 
1 2 2 3 5 6 7 7 7 8 9 9 13 
1 2 2 3 5 6 7 7 7 8 9 9 16 
1 2 2 3 5 6 7 7 7 8 9 9 17 
1 2 2 3 5 6 7 7 7 8 9 13 16 
1 2 2 3 5 6 7 7 7 8 9 13 17 
1 2 2 3 5 6 7 7 7 8 9 16 17 
1 2 2 3 5 6 7 7 7 8 13 16 17 
1 2 2 3 5 6 7 7 7 9 9 13 16 
1 2 2 3 5 6 7 7 7 9 9 13 17 
1 2 2 3 5 6 7 7 7 9 9 16 17 
1 2 2 3 5 6 7 7 7 9 13 16 17 
1 2 2 3 5 6 7 7 8 8 9 9 13 
1 2 2 3 5 6 7 7 8 8 9 9 16 
1 2 2 3 5 6 7 7 8 8 9 9 17 
1 2 2 3 5 6 7 7 8 8 9 13 16 
1 2 2 3 5 6 7 7 8 8 9 13 17 
1 2 2 3 5 6 7 7 8 8 9 16 17 
1 2 2 3 5 6 7 7 8 8 13 16 17 
1 2 2 3 5 6 7 7 8 9 9 13 16 
1 2 2 3 5 6 7 7 8 9 9 13 17 
1 2 2 3 5 6 7 7 8 9 9 16 17 
1 2 2 3 5 6 7 7 8 9 13 16 17 
1 2 2 3 5 6 7 7 9 9 13 16 17 
1 2 2 3 5 6 7 8 8 9 9 13 16 
1 2 2 3 5 6 7 8 8 9 9 13 17 
1 2 2 3 5 6 7 8 8 9 9 16 17 
1 2 2 3 5 6 7 8 8 9 13 16 17 
1 2 2 3 5 6 7 8 9 9 13 16 17 
1 2 2 3 5 6 8 8 9 9 13 16 17 
1 2 2 3 5 7 7 7 8 8 9 9 13 
1 2 2 3 5 7 7 7 8 8 9 9 16 
1 2 2 3 5 7 7 7 8 8 9 9 17 
1 2 2 3 5 7 7 7 8 8 9 13 16 
1 2 2 3 5 7 7 7 8 8 9 13 17 
1 2 2 3 5 7 7 7 8 8 9 16 17 
1 2 2 3 5 7 7 7 8 8 13 16 17 
1 2 2 3 5 7 7 7 8 9 9 13 16 
1 2 2 3 5 7 7 7 8 9 9 13 17 
1 2 2 3 5 7 7 7 8 9 9 16 17 
1 2 2 3 5 7 7 7 8 9 13 16 17 
1 2 2 3 5 7 7 7 9 9 13 16 17 
1 2 2 3 5 7 7 8 8 9 9 13 16 
1 2 2 3 5 7 7 8 8 9 9 13 17 
1 2 2 3 5 7 7 8 8 9 9 16 17 
1 2 2 3 5 7 7 8 8 9 13 16 17 
1 2 2 3 5 7 7 8 9 9 13 16 17 
1 2 2 3 5 7 8 8 9 9 13 16 17 
1 2 2 3 6 7 7 7 8 8 9 9 13 
1 2 2 3 6 7 7 7 8 8 9 9 16 
1 2 2 3 6 7 7 7 8 8 9 9 17 
1 2 2 3 6 7 7 7 8 8 9 13 16 
1 2 2 3 6 7 7 7 8 8 9 13 17 
1 2 2 3 6 7 7 7 8 8 9 16 17 
1 2 2 3 6 7 7 7 8 8 13 16 17 
1 2 2 3 6 7 7 7 8 9 9 13 16 
1 2 2 3 6 7 7 7 8 9 9 13 17 
1 2 2 3 6 7 7 7 8 9 9 16 17 
1 2 2 3 6 7 7 7 8 9 13 16 17 
1 2 2 3 6 7 7 7 9 9 13 16 17 
1 2 2 3 6 7 7 8 8 9 9 13 16 
1 2 2 3 6 7 7 8 8 9 9 13 17 
1 2 2 3 6 7 7 8 8 9 9 16 17 
1 2 2 3 6 7 7 8 8 9 13 16 17 
1 2 2 3 6 7 7 8 9 9 13 16 17 
1 2 2 3 6 7 8 8 9 9 13 16 17 
1 2 2 3 7 7 7 8 8 9 9 13 16 
1 2 2 3 7 7 7 8 8 9 9 13 17 
1 2 2 3 7 7 7 8 8 9 9 16 17 
1 2 2 3 7 7 7 8 8 9 13 16 17 
1 2 2 3 7 7 7 8 9 9 13 16 17 
1 2 2 3 7 7 8 8 9 9 13 16 17 
1 2 2 5 5 5 6 7 7 7 8 8 9 
1 2 2 5 5 5 6 7 7 7 8 8 13 
1 2 2 5 5 5 6 7 7 7 8 8 16 
1 2 2 5 5 5 6 7 7 7 8 8 17 
1 2 2 5 5 5 6 7 7 7 8 9 9 
1 2 2 5 5 5 6 7 7 7 8 9 13 
1 2 2 5 5 5 6 7 7 7 8 9 16 
1 2 2 5 5 5 6 7 7 7 8 9 17 
1 2 2 5 5 5 6 7 7 7 8 13 16 
1 2 2 5 5 5 6 7 7 7 8 13 17 
1 2 2 5 5 5 6 7 7 7 8 16 17 
1 2 2 5 5 5 6 7 7 7 9 9 13 
1 2 2 5 5 5 6 7 7 7 9 9 16 
1 2 2 5 5 5 6 7 7 7 9 9 17 
1 2 2 5 5 5 6 7 7 7 9 13 16 
1 2 2 5 5 5 6 7 7 7 9 13 17 
1 2 2 5 5 5 6 7 7 7 9 16 17 
1 2 2 5 5 5 6 7 7 7 13 16 17 
1 2 2 5 5 5 6 7 7 8 8 9 9 
1 2 2 5 5 5 6 7 7 8 8 9 13 
1 2 2 5 5 5 6 7 7 8 8 9 16 
1 2 2 5 5 5 6 7 7 8 8 9 17 
1 2 2 5 5 5 6 7 7 8 8 13 16 
1 2 2 5 5 5 6 7 7 8 8 13 17 
1 2 2 5 5 5 6 7 7 8 8 16 17 
1 2 2 5 5 5 6 7 7 8 9 9 13 
1 2 2 5 5 5 6 7 7 8 9 9 16 
1 2 2 5 5 5 6 7 7 8 9 9 17 
1 2 2 5 5 5 6 7 7 8 9 13 16 
1 2 2 5 5 5 6 7 7 8 9 13 17 
1 2 2 5 5 5 6 7 7 8 9 16 17 
1 2 2 5 5 5 6 7 7 8 13 16 17 
1 2 2 5 5 5 6 7 7 9 9 13 16 
1 2 2 5 5 5 6 7 7 9 9 13 17 
1 2 2 5 5 5 6 7 7 9 9 16 17 
1 2 2 5 5 5 6 7 7 9 13 16 17 
1 2 2 5 5 5 6 7 8 8 9 9 13 
1 2 2 5 5 5 6 7 8 8 9 9 16 
1 2 2 5 5 5 6 7 8 8 9 9 17 
1 2 2 5 5 5 6 7 8 8 9 13 16 
1 2 2 5 5 5 6 7 8 8 9 13 17 
1 2 2 5 5 5 6 7 8 8 9 16 17 
1 2 2 5 5 5 6 7 8 8 13 16 17 
1 2 2 5 5 5 6 7 8 9 9 13 16 
1 2 2 5 5 5 6 7 8 9 9 13 17 
1 2 2 5 5 5 6 7 8 9 9 16 17 
1 2 2 5 5 5 6 7 8 9 13 16 17 
1 2 2 5 5 5 6 7 9 9 13 16 17 
1 2 2 5 5 5 6 8 8 9 9 13 16 
1 2 2 5 5 5 6 8 8 9 9 13 17 
1 2 2 5 5 5 6 8 8 9 9 16 17 
1 2 2 5 5 5 6 8 8 9 13 16 17 
1 2 2 5 5 5 6 8 9 9 13 16 17 
1 2 2 5 5 5 7 7 7 8 8 9 9 
1 2 2 5 5 5 7 7 7 8 8 9 13 
1 2 2 5 5 5 7 7 7 8 8 9 16 
1 2 2 5 5 5 7 7 7 8 8 9 17 
1 2 2 5 5 5 7 7 7 8 8 13 16 
1 2 2 5 5 5 7 7 7 8 8 13 17 
1 2 2 5 5 5 7 7 7 8 8 16 17 
1 2 2 5 5 5 7 7 7 8 9 9 13 
1 2 2 5 5 5 7 7 7 8 9 9 16 
1 2 2 5 5 5 7 7 7 8 9 9 17 
1 2 2 5 5 5 7 7 7 8 9 13 16 
1 2 2 5 5 5 7 7 7 8 9 13 17 
1 2 2 5 5 5 7 7 7 8 9 16 17 
1 2 2 5 5 5 7 7 7 8 13 16 17 
1 2 2 5 5 5 7 7 7 9 9 13 16 
1 2 2 5 5 5 7 7 7 9 9 13 17 
1 2 2 5 5 5 7 7 7 9 9 16 17 
1 2 2 5 5 5 7 7 7 9 13 16 17 
1 2 2 5 5 5 7 7 8 8 9 9 13 
1 2 2 5 5 5 7 7 8 8 9 9 16 
1 2 2 5 5 5 7 7 8 8 9 9 17 
1 2 2 5 5 5 7 7 8 8 9 13 16 
1 2 2 5 5 5 7 7 8 8 9 13 17 
1 2 2 5 5 5 7 7 8 8 9 16 17 
1 2 2 5 5 5 7 7 8 8 13 16 17 
1 2 2 5 5 5 7 7 8 9 9 13 16 
1 2 2 5 5 5 7 7 8 9 9 13 17 
1 2 2 5 5 5 7 7 8 9 9 16 17 
1 2 2 5 5 5 7 7 8 9 13 16 17 
1 2 2 5 5 5 7 7 9 9 13 16 17 
1 2 2 5 5 5 7 8 8 9 9 13 16 
1 2 2 5 5 5 7 8 8 9 9 13 17 
1 2 2 5 5 5 7 8 8 9 9 16 17 
1 2 2 5 5 5 7 8 8 9 13 16 17 
1 2 2 5 5 5 7 8 9 9 13 16 17 
1 2 2 5 5 5 8 8 9 9 13 16 17 
1 2 2 5 5 6 7 7 7 8 8 9 9 
1 2 2 5 5 6 7 7 7 8 8 9 13 
1 2 2 5 5 6 7 7 7 8 8 9 16 
1 2 2 5 5 6 7 7 7 8 8 9 17 
1 2 2 5 5 6 7 7 7 8 8 13 16 
1 2 2 5 5 6 7 7 7 8 8 13 17 
1 2 2 5 5 6 7 7 7 8 8 16 17 
1 2 2 5 5 6 7 7 7 8 9 9 13 
1 2 2 5 5 6 7 7 7 8 9 9 16 
1 2 2 5 5 6 7 7 7 8 9 9 17 
1 2 2 5 5 6 7 7 7 8 9 13 16 
1 2 2 5 5 6 7 7 7 8 9 13 17 
1 2 2 5 5 6 7 7 7 8 9 16 17 
1 2 2 5 5 6 7 7 7 8 13 16 17 
1 2 2 5 5 6 7 7 7 9 9 13 16 
1 2 2 5 5 6 7 7 7 9 9 13 17 
1 2 2 5 5 6 7 7 7 9 9 16 17 
1 2 2 5 5 6 7 7 7 9 13 16 17 
1 2 2 5 5 6 7 7 8 8 9 9 13 
1 2 2 5 5 6 7 7 8 8 9 9 16 
1 2 2 5 5 6 7 7 8 8 9 9 17 
1 2 2 5 5 6 7 7 8 8 9 13 16 
1 2 2 5 5 6 7 7 8 8 9 13 17 
1 2 2 5 5 6 7 7 8 8 9 16 17 
1 2 2 5 5 6 7 7 8 8 13 16 17 
1 2 2 5 5 6 7 7 8 9 9 13 16 
1 2 2 5 5 6 7 7 8 9 9 13 17 
1 2 2 5 5 6 7 7 8 9 9 16 17 
1 2 2 5 5 6 7 7 8 9 13 16 17 
1 2 2 5 5 6 7 7 9 9 13 16 17 
1 2 2 5 5 6 7 8 8 9 9 13 16 
1 2 2 5 5 6 7 8 8 9 9 13 17 
1 2 2 5 5 6 7 8 8 9 9 16 17 
1 2 2 5 5 6 7 8 8 9 13 16 17 
1 2 2 5 5 6 7 8 9 9 13 16 17 
1 2 2 5 5 6 8 8 9 9 13 16 17 
1 2 2 5 5 7 7 7 8 8 9 9 13 
1 2 2 5 5 7 7 7 8 8 9 9 16 
1 2 2 5 5 7 7 7 8 8 9 9 17 
1 2 2 5 5 7 7 7 8 8 9 13 16 
1 2 2 5 5 7 7 7 8 8 9 13 17 
1 2 2 5 5 7 7 7 8 8 9 16 17 
1 2 2 5 5 7 7 7 8 8 13 16 17 
1 2 2 5 5 7 7 7 8 9 9 13 16 
1 2 2 5 5 7 7 7 8 9 9 13 17 
1 2 2 5 5 7 7 7 8 9 9 16 17 
1 2 2 5 5 7 7 7 8 9 13 16 17 
1 2 2 5 5 7 7 7 9 9 13 16 17 
1 2 2 5 5 7 7 8 8 9 9 13 16 
1 2 2 5 5 7 7 8 8 9 9 13 17 
1 2 2 5 5 7 7 8 8 9 9 16 17 
1 2 2 5 5 7 7 8 8 9 13 16 17 
1 2 2 5 5 7 7 8 9 9 13 16 17 
1 2 2 5 5 7 8 8 9 9 13 16 17 
1 2 2 5 6 7 7 7 8 8 9 9 13 
1 2 2 5 6 7 7 7 8 8 9 9 16 
1 2 2 5 6 7 7 7 8 8 9 9 17 
1 2 2 5 6 7 7 7 8 8 9 13 16 
1 2 2 5 6 7 7 7 8 8 9 13 17 
1 2 2 5 6 7 7 7 8 8 9 16 17 
1 2 2 5 6 7 7 7 8 8 13 16 17 
1 2 2 5 6 7 7 7 8 9 9 13 16 
1 2 2 5 6 7 7 7 8 9 9 13 17 
1 2 2 5 6 7 7 7 8 9 9 16 17 
1 2 2 5 6 7 7 7 8 9 13 16 17 
1 2 2 5 6 7 7 7 9 9 13 16 17 
1 2 2 5 6 7 7 8 8 9 9 13 16 
1 2 2 5 6 7 7 8 8 9 9 13 17 
1 2 2 5 6 7 7 8 8 9 9 16 17 
1 2 2 5 6 7 7 8 8 9 13 16 17 
1 2 2 5 6 7 7 8 9 9 13 16 17 
1 2 2 5 6 7 8 8 9 9 13 16 17 
1 2 2 5 7 7 7 8 8 9 9 13 16 
1 2 2 5 7 7 7 8 8 9 9 13 17 
1 2 2 5 7 7 7 8 8 9 9 16 17 
1 2 2 5 7 7 7 8 8 9 13 16 17 
1 2 2 5 7 7 7 8 9 9 13 16 17 
1 2 2 5 7 7 8 8 9 9 13 16 17 
1 2 2 6 7 7 7 8 8 9 9 13 16 
1 2 2 6 7 7 7 8 8 9 9 13 17 
1 2 2 6 7 7 7 8 8 9 9 16 17 
1 2 2 6 7 7 7 8 8 9 13 16 17 
1 2 2 6 7 7 7 8 9 9 13 16 17 
1 2 2 6 7 7 8 8 9 9 13 16 17 
1 2 2 7 7 7 8 8 9 9 13 16 17 
1 2 3 5 5 5 6 7 7 7 8 8 9 
1 2 3 5 5 5 6 7 7 7 8 8 13 
1 2 3 5 5 5 6 7 7 7 8 8 16 
1 2 3 5 5 5 6 7 7 7 8 8 17 
1 2 3 5 5 5 6 7 7 7 8 9 9 
1 2 3 5 5 5 6 7 7 7 8 9 13 
1 2 3 5 5 5 6 7 7 7 8 9 16 
1 2 3 5 5 5 6 7 7 7 8 9 17 
1 2 3 5 5 5 6 7 7 7 8 13 16 
1 2 3 5 5 5 6 7 7 7 8 13 17 
1 2 3 5 5 5 6 7 7 7 8 16 17 
1 2 3 5 5 5 6 7 7 7 9 9 13 
1 2 3 5 5 5 6 7 7 7 9 9 16 
1 2 3 5 5 5 6 7 7 7 9 9 17 
1 2 3 5 5 5 6 7 7 7 9 13 16 
1 2 3 5 5 5 6 7 7 7 9 13 17 
1 2 3 5 5 5 6 7 7 7 9 16 17 
1 2 3 5 5 5 6 7 7 7 13 16 17 
1 2 3 5 5 5 6 7 7 8 8 9 9 
1 2 3 5 5 5 6 7 7 8 8 9 13 
1 2 3 5 5 5 6 7 7 8 8 9 16 
1 2 3 5 5 5 6 7 7 8 8 9 17 
1 2 3 5 5 5 6 7 7 8 8 13 16 
1 2 3 5 5 5 6 7 7 8 8 13 17 
1 2 3 5 5 5 6 7 7 8 8 16 17 
1 2 3 5 5 5 6 7 7 8 9 9 13 
1 2 3 5 5 5 6 7 7 8 9 9 16 
1 2 3 5 5 5 6 7 7 8 9 9 17 
1 2 3 5 5 5 6 7 7 8 9 13 16 
1 2 3 5 5 5 6 7 7 8 9 13 17 
1 2 3 5 5 5 6 7 7 8 9 16 17 
1 2 3 5 5 5 6 7 7 8 13 16 17 
1 2 3 5 5 5 6 7 7 9 9 13 16 
1 2 3 5 5 5 6 7 7 9 9 13 17 
1 2 3 5 5 5 6 7 7 9 9 16 17 
1 2 3 5 5 5 6 7 7 9 13 16 17 
1 2 3 5 5 5 6 7 8 8 9 9 13 
1 2 3 5 5 5 6 7 8 8 9 9 16 
1 2 3 5 5 5 6 7 8 8 9 9 17 
1 2 3 5 5 5 6 7 8 8 9 13 16 
1 2 3 5 5 5 6 7 8 8 9 13 17 
1 2 3 5 5 5 6 7 8 8 9 16 17 
1 2 3 5 5 5 6 7 8 8 13 16 17 
1 2 3 5 5 5 6 7 8 9 9 13 16 
1 2 3 5 5 5 6 7 8 9 9 13 17 
1 2 3 5 5 5 6 7 8 9 9 16 17 
1 2 3 5 5 5 6 7 8 9 13 16 17 
1 2 3 5 5 5 6 7 9 9 13 16 17 
1 2 3 5 5 5 6 8 8 9 9 13 16 
1 2 3 5 5 5 6 8 8 9 9 13 17 
1 2 3 5 5 5 6 8 8 9 9 16 17 
1 2 3 5 5 5 6 8 8 9 13 16 17 
1 2 3 5 5 5 6 8 9 9 13 16 17 
1 2 3 5 5 5 7 7 7 8 8 9 9 
1 2 3 5 5 5 7 7 7 8 8 9 13 
1 2 3 5 5 5 7 7 7 8 8 9 16 
1 2 3 5 5 5 7 7 7 8 8 9 17 
1 2 3 5 5 5 7 7 7 8 8 13 16 
1 2 3 5 5 5 7 7 7 8 8 13 17 
1 2 3 5 5 5 7 7 7 8 8 16 17 
1 2 3 5 5 5 7 7 7 8 9 9 13 
1 2 3 5 5 5 7 7 7 8 9 9 16 
1 2 3 5 5 5 7 7 7 8 9 9 17 
1 2 3 5 5 5 7 7 7 8 9 13 16 
1 2 3 5 5 5 7 7 7 8 9 13 17 
1 2 3 5 5 5 7 7 7 8 9 16 17 
1 2 3 5 5 5 7 7 7 8 13 16 17 
1 2 3 5 5 5 7 7 7 9 9 13 16 
1 2 3 5 5 5 7 7 7 9 9 13 17 
1 2 3 5 5 5 7 7 7 9 9 16 17 
1 2 3 5 5 5 7 7 7 9 13 16 17 
1 2 3 5 5 5 7 7 8 8 9 9 13 
1 2 3 5 5 5 7 7 8 8 9 9 16 
1 2 3 5 5 5 7 7 8 8 9 9 17 
1 2 3 5 5 5 7 7 8 8 9 13 16 
1 2 3 5 5 5 7 7 8 8 9 13 17 
1 2 3 5 5 5 7 7 8 8 9 16 17 
1 2 3 5 5 5 7 7 8 8 13 16 17 
1 2 3 5 5 5 7 7 8 9 9 13 16 
1 2 3 5 5 5 7 7 8 9 9 13 17 
1 2 3 5 5 5 7 7 8 9 9 16 17 
1 2 3 5 5 5 7 7 8 9 13 16 17 
1 2 3 5 5 5 7 7 9 9 13 16 17 
1 2 3 5 5 5 7 8 8 9 9 13 16 
1 2 3 5 5 5 7 8 8 9 9 13 17 
1 2 3 5 5 5 7 8 8 9 9 16 17 
1 2 3 5 5 5 7 8 8 9 13 16 17 
1 2 3 5 5 5 7 8 9 9 13 16 17 
1 2 3 5 5 5 8 8 9 9 13 16 17 
1 2 3 5 5 6 7 7 7 8 8 9 9 
1 2 3 5 5 6 7 7 7 8 8 9 13 
1 2 3 5 5 6 7 7 7 8 8 9 16 
1 2 3 5 5 6 7 7 7 8 8 9 17 
1 2 3 5 5 6 7 7 7 8 8 13 16 
1 2 3 5 5 6 7 7 7 8 8 13 17 
1 2 3 5 5 6 7 7 7 8 8 16 17 
1 2 3 5 5 6 7 7 7 8 9 9 13 
1 2 3 5 5 6 7 7 7 8 9 9 16 
1 2 3 5 5 6 7 7 7 8 9 9 17 
1 2 3 5 5 6 7 7 7 8 9 13 16 
1 2 3 5 5 6 7 7 7 8 9 13 17 
1 2 3 5 5 6 7 7 7 8 9 16 17 
1 2 3 5 5 6 7 7 7 8 13 16 17 
1 2 3 5 5 6 7 7 7 9 9 13 16 
1 2 3 5 5 6 7 7 7 9 9 13 17 
1 2 3 5 5 6 7 7 7 9 9 16 17 
1 2 3 5 5 6 7 7 7 9 13 16 17 
1 2 3 5 5 6 7 7 8 8 9 9 13 
1 2 3 5 5 6 7 7 8 8 9 9 16 
1 2 3 5 5 6 7 7 8 8 9 9 17 
1 2 3 5 5 6 7 7 8 8 9 13 16 
1 2 3 5 5 6 7 7 8 8 9 13 17 
1 2 3 5 5 6 7 7 8 8 9 16 17 
1 2 3 5 5 6 7 7 8 8 13 16 17 
1 2 3 5 5 6 7 7 8 9 9 13 16 
1 2 3 5 5 6 7 7 8 9 9 13 17 
1 2 3 5 5 6 7 7 8 9 9 16 17 
1 2 3 5 5 6 7 7 8 9 13 16 17 
1 2 3 5 5 6 7 7 9 9 13 16 17 
1 2 3 5 5 6 7 8 8 9 9 13 16 
1 2 3 5 5 6 7 8 8 9 9 13 17 
1 2 3 5 5 6 7 8 8 9 9 16 17 
1 2 3 5 5 6 7 8 8 9 13 16 17 
1 2 3 5 5 6 7 8 9 9 13 16 17 
1 2 3 5 5 6 8 8 9 9 13 16 17 
1 2 3 5 5 7 7 7 8 8 9 9 13 
1 2 3 5 5 7 7 7 8 8 9 9 16 
1 2 3 5 5 7 7 7 8 8 9 9 17 
1 2 3 5 5 7 7 7 8 8 9 13 16 
1 2 3 5 5 7 7 7 8 8 9 13 17 
1 2 3 5 5 7 7 7 8 8 9 16 17 
1 2 3 5 5 7 7 7 8 8 13 16 17 
1 2 3 5 5 7 7 7 8 9 9 13 16 
1 2 3 5 5 7 7 7 8 9 9 13 17 
1 2 3 5 5 7 7 7 8 9 9 16 17 
1 2 3 5 5 7 7 7 8 9 13 16 17 
1 2 3 5 5 7 7 7 9 9 13 16 17 
1 2 3 5 5 7 7 8 8 9 9 13 16 
1 2 3 5 5 7 7 8 8 9 9 13 17 
1 2 3 5 5 7 7 8 8 9 9 16 17 
1 2 3 5 5 7 7 8 8 9 13 16 17 
1 2 3 5 5 7 7 8 9 9 13 16 17 
1 2 3 5 5 7 8 8 9 9 13 16 17 
1 2 3 5 6 7 7 7 8 8 9 9 13 
1 2 3 5 6 7 7 7 8 8 9 9 16 
1 2 3 5 6 7 7 7 8 8 9 9 17 
1 2 3 5 6 7 7 7 8 8 9 13 16 
1 2 3 5 6 7 7 7 8 8 9 13 17 
1 2 3 5 6 7 7 7 8 8 9 16 17 
1 2 3 5 6 7 7 7 8 8 13 16 17 
1 2 3 5 6 7 7 7 8 9 9 13 16 
1 2 3 5 6 7 7 7 8 9 9 13 17 
1 2 3 5 6 7 7 7 8 9 9 16 17 
1 2 3 5 6 7 7 7 8 9 13 16 17 
1 2 3 5 6 7 7 7 9 9 13 16 17 
1 2 3 5 6 7 7 8 8 9 9 13 16 
1 2 3 5 6 7 7 8 8 9 9 13 17 
1 2 3 5 6 7 7 8 8 9 9 16 17 
1 2 3 5 6 7 7 8 8 9 13 16 17 
1 2 3 5 6 7 7 8 9 9 13 16 17 
1 2 3 5 6 7 8 8 9 9 13 16 17 
1 2 3 5 7 7 7 8 8 9 9 13 16 
1 2 3 5 7 7 7 8 8 9 9 13 17 
1 2 3 5 7 7 7 8 8 9 9 16 17 
1 2 3 5 7 7 7 8 8 9 13 16 17 
1 2 3 5 7 7 7 8 9 9 13 16 17 
1 2 3 5 7 7 8 8 9 9 13 16 17 
1 2 3 6 7 7 7 8 8 9 9 13 16 
1 2 3 6 7 7 7 8 8 9 9 13 17 
1 2 3 6 7 7 7 8 8 9 9 16 17 
1 2 3 6 7 7 7 8 8 9 13 16 17 
1 2 3 6 7 7 7 8 9 9 13 16 17 
1 2 3 6 7 7 8 8 9 9 13 16 17 
1 2 3 7 7 7 8 8 9 9 13 16 17 
1 2 5 5 5 6 7 7 7 8 8 9 9 
1 2 5 5 5 6 7 7 7 8 8 9 13 
1 2 5 5 5 6 7 7 7 8 8 9 16 
1 2 5 5 5 6 7 7 7 8 8 9 17 
1 2 5 5 5 6 7 7 7 8 8 13 16 
1 2 5 5 5 6 7 7 7 8 8 13 17 
1 2 5 5 5 6 7 7 7 8 8 16 17 
1 2 5 5 5 6 7 7 7 8 9 9 13 
1 2 5 5 5 6 7 7 7 8 9 9 16 
1 2 5 5 5 6 7 7 7 8 9 9 17 
1 2 5 5 5 6 7 7 7 8 9 13 16 
1 2 5 5 5 6 7 7 7 8 9 13 17 
1 2 5 5 5 6 7 7 7 8 9 16 17 
1 2 5 5 5 6 7 7 7 8 13 16 17 
1 2 5 5 5 6 7 7 7 9 9 13 16 
1 2 5 5 5 6 7 7 7 9 9 13 17 
1 2 5 5 5 6 7 7 7 9 9 16 17 
1 2 5 5 5 6 7 7 7 9 13 16 17 
1 2 5 5 5 6 7 7 8 8 9 9 13 
1 2 5 5 5 6 7 7 8 8 9 9 16 
1 2 5 5 5 6 7 7 8 8 9 9 17 
1 2 5 5 5 6 7 7 8 8 9 13 16 
1 2 5 5 5 6 7 7 8 8 9 13 17 
1 2 5 5 5 6 7 7 8 8 9 16 17 
1 2 5 5 5 6 7 7 8 8 13 16 17 
1 2 5 5 5 6 7 7 8 9 9 13 16 
1 2 5 5 5 6 7 7 8 9 9 13 17 
1 2 5 5 5 6 7 7 8 9 9 16 17 
1 2 5 5 5 6 7 7 8 9 13 16 17 
1 2 5 5 5 6 7 7 9 9 13 16 17 
1 2 5 5 5 6 7 8 8 9 9 13 16 
1 2 5 5 5 6 7 8 8 9 9 13 17 
1 2 5 5 5 6 7 8 8 9 9 16 17 
1 2 5 5 5 6 7 8 8 9 13 16 17 
1 2 5 5 5 6 7 8 9 9 13 16 17 
1 2 5 5 5 6 8 8 9 9 13 16 17 
1 2 5 5 5 7 7 7 8 8 9 9 13 
1 2 5 5 5 7 7 7 8 8 9 9 16 
1 2 5 5 5 7 7 7 8 8 9 9 17 
1 2 5 5 5 7 7 7 8 8 9 13 16 
1 2 5 5 5 7 7 7 8 8 9 13 17 
1 2 5 5 5 7 7 7 8 8 9 16 17 
1 2 5 5 5 7 7 7 8 8 13 16 17 
1 2 5 5 5 7 7 7 8 9 9 13 16 
1 2 5 5 5 7 7 7 8 9 9 13 17 
1 2 5 5 5 7 7 7 8 9 9 16 17 
1 2 5 5 5 7 7 7 8 9 13 16 17 
1 2 5 5 5 7 7 7 9 9 13 16 17 
1 2 5 5 5 7 7 8 8 9 9 13 16 
1 2 5 5 5 7 7 8 8 9 9 13 17 
1 2 5 5 5 7 7 8 8 9 9 16 17 
1 2 5 5 5 7 7 8 8 9 13 16 17 
1 2 5 5 5 7 7 8 9 9 13 16 17 
1 2 5 5 5 7 8 8 9 9 13 16 17 
1 2 5 5 6 7 7 7 8 8 9 9 13 
1 2 5 5 6 7 7 7 8 8 9 9 16 
1 2 5 5 6 7 7 7 8 8 9 9 17 
1 2 5 5 6 7 7 7 8 8 9 13 16 
1 2 5 5 6 7 7 7 8 8 9 13 17 
1 2 5 5 6 7 7 7 8 8 9 16 17 
1 2 5 5 6 7 7 7 8 8 13 16 17 
1 2 5 5 6 7 7 7 8 9 9 13 16 
1 2 5 5 6 7 7 7 8 9 9 13 17 
1 2 5 5 6 7 7 7 8 9 9 16 17 
1 2 5 5 6 7 7 7 8 9 13 16 17 
1 2 5 5 6 7 7 7 9 9 13 16 17 
1 2 5 5 6 7 7 8 8 9 9 13 16 
1 2 5 5 6 7 7 8 8 9 9 13 17 
1 2 5 5 6 7 7 8 8 9 9 16 17 
1 2 5 5 6 7 7 8 8 9 13 16 17 
1 2 5 5 6 7 7 8 9 9 13 16 17 
1 2 5 5 6 7 8 8 9 9 13 16 17 
1 2 5 5 7 7 7 8 8 9 9 13 16 
1 2 5 5 7 7 7 8 8 9 9 13 17 
1 2 5 5 7 7 7 8 8 9 9 16 17 
1 2 5 5 7 7 7 8 8 9 13 16 17 
1 2 5 5 7 7 7 8 9 9 13 16 17 
1 2 5 5 7 7 8 8 9 9 13 16 17 
1 2 5 6 7 7 7 8 8 9 9 13 16 
1 2 5 6 7 7 7 8 8 9 9 13 17 
1 2 5 6 7 7 7 8 8 9 9 16 17 
1 2 5 6 7 7 7 8 8 9 13 16 17 
1 2 5 6 7 7 7 8 9 9 13 16 17 
1 2 5 6 7 7 8 8 9 9 13 16 17 
1 2 5 7 7 7 8 8 9 9 13 16 17 
1 2 6 7 7 7 8 8 9 9 13 16 17 
1 3 5 5 5 6 7 7 7 8 8 9 9 
1 3 5 5 5 6 7 7 7 8 8 9 13 
1 3 5 5 5 6 7 7 7 8 8 9 16 
1 3 5 5 5 6 7 7 7 8 8 9 17 
1 3 5 5 5 6 7 7 7 8 8 13 16 
1 3 5 5 5 6 7 7 7 8 8 13 17 
1 3 5 5 5 6 7 7 7 8 8 16 17 
1 3 5 5 5 6 7 7 7 8 9 9 13 
1 3 5 5 5 6 7 7 7 8 9 9 16 
1 3 5 5 5 6 7 7 7 8 9 9 17 
1 3 5 5 5 6 7 7 7 8 9 13 16 
1 3 5 5 5 6 7 7 7 8 9 13 17 
1 3 5 5 5 6 7 7 7 8 9 16 17 
1 3 5 5 5 6 7 7 7 8 13 16 17 
1 3 5 5 5 6 7 7 7 9 9 13 16 
1 3 5 5 5 6 7 7 7 9 9 13 17 
1 3 5 5 5 6 7 7 7 9 9 16 17 
1 3 5 5 5 6 7 7 7 9 13 16 17 
1 3 5 5 5 6 7 7 8 8 9 9 13 
1 3 5 5 5 6 7 7 8 8 9 9 16 
1 3 5 5 5 6 7 7 8 8 9 9 17 
1 3 5 5 5 6 7 7 8 8 9 13 16 
1 3 5 5 5 6 7 7 8 8 9 13 17 
1 3 5 5 5 6 7 7 8 8 9 16 17 
1 3 5 5 5 6 7 7 8 8 13 16 17 
1 3 5 5 5 6 7 7 8 9 9 13 16 
1 3 5 5 5 6 7 7 8 9 9 13 17 
1 3 5 5 5 6 7 7 8 9 9 16 17 
1 3 5 5 5 6 7 7 8 9 13 16 17 
1 3 5 5 5 6 7 7 9 9 13 16 17 
1 3 5 5 5 6 7 8 8 9 9 13 16 
1 3 5 5 5 6 7 8 8 9 9 13 17 
1 3 5 5 5 6 7 8 8 9 9 16 17 
1 3 5 5 5 6 7 8 8 9 13 16 17 
1 3 5 5 5 6 7 8 9 9 13 16 17 
1 3 5 5 5 6 8 8 9 9 13 16 17 
1 3 5 5 5 7 7 7 8 8 9 9 13 
1 3 5 5 5 7 7 7 8 8 9 9 16 
1 3 5 5 5 7 7 7 8 8 9 9 17 
1 3 5 5 5 7 7 7 8 8 9 13 16 
1 3 5 5 5 7 7 7 8 8 9 13 17 
1 3 5 5 5 7 7 7 8 8 9 16 17 
1 3 5 5 5 7 7 7 8 8 13 16 17 
1 3 5 5 5 7 7 7 8 9 9 13 16 
1 3 5 5 5 7 7 7 8 9 9 13 17 
1 3 5 5 5 7 7 7 8 9 9 16 17 
1 3 5 5 5 7 7 7 8 9 13 16 17 
1 3 5 5 5 7 7 7 9 9 13 16 17 
1 3 5 5 5 7 7 8 8 9 9 13 16 
1 3 5 5 5 7 7 8 8 9 9 13 17 
1 3 5 5 5 7 7 8 8 9 9 16 17 
1 3 5 5 5 7 7 8 8 9 13 16 17 
1 3 5 5 5 7 7 8 9 9 13 16 17 
1 3 5 5 5 7 8 8 9 9 13 16 17 
1 3 5 5 6 7 7 7 8 8 9 9 13 
1 3 5 5 6 7 7 7 8 8 9 9 16 
1 3 5 5 6 7 7 7 8 8 9 9 17 
1 3 5 5 6 7 7 7 8 8 9 13 16 
1 3 5 5 6 7 7 7 8 8 9 13 17 
1 3 5 5 6 7 7 7 8 8 9 16 17 
1 3 5 5 6 7 7 7 8 8 13 16 17 
1 3 5 5 6 7 7 7 8 9 9 13 16 
1 3 5 5 6 7 7 7 8 9 9 13 17 
1 3 5 5 6 7 7 7 8 9 9 16 17 
1 3 5 5 6 7 7 7 8 9 13 16 17 
1 3 5 5 6 7 7 7 9 9 13 16 17 
1 3 5 5 6 7 7 8 8 9 9 13 16 
1 3 5 5 6 7 7 8 8 9 9 13 17 
1 3 5 5 6 7 7 8 8 9 9 16 17 
1 3 5 5 6 7 7 8 8 9 13 16 17 
1 3 5 5 6 7 7 8 9 9 13 16 17 
1 3 5 5 6 7 8 8 9 9 13 16 17 
1 3 5 5 7 7 7 8 8 9 9 13 16 
1 3 5 5 7 7 7 8 8 9 9 13 17 
1 3 5 5 7 7 7 8 8 9 9 16 17 
1 3 5 5 7 7 7 8 8 9 13 16 17 
1 3 5 5 7 7 7 8 9 9 13 16 17 
1 3 5 5 7 7 8 8 9 9 13 16 17 
1 3 5 6 7 7 7 8 8 9 9 13 16 
1 3 5 6 7 7 7 8 8 9 9 13 17 
1 3 5 6 7 7 7 8 8 9 9 16 17 
1 3 5 6 7 7 7 8 8 9 13 16 17 
1 3 5 6 7 7 7 8 9 9 13 16 17 
1 3 5 6 7 7 8 8 9 9 13 16 17 
1 3 5 7 7 7 8 8 9 9 13 16 17 
1 3 6 7 7 7 8 8 9 9 13 16 17 
1 5 5 5 6 7 7 7 8 8 9 9 13 
1 5 5 5 6 7 7 7 8 8 9 9 16 
1 5 5 5 6 7 7 7 8 8 9 9 17 
1 5 5 5 6 7 7 7 8 8 9 13 16 
1 5 5 5 6 7 7 7 8 8 9 13 17 
1 5 5 5 6 7 7 7 8 8 9 16 17 
1 5 5 5 6 7 7 7 8 8 13 16 17 
1 5 5 5 6 7 7 7 8 9 9 13 16 
1 5 5 5 6 7 7 7 8 9 9 13 17 
1 5 5 5 6 7 7 7 8 9 9 16 17 
1 5 5 5 6 7 7 7 8 9 13 16 17 
1 5 5 5 6 7 7 7 9 9 13 16 17 
1 5 5 5 6 7 7 8 8 9 9 13 16 
1 5 5 5 6 7 7 8 8 9 9 13 17 
1 5 5 5 6 7 7 8 8 9 9 16 17 
1 5 5 5 6 7 7 8 8 9 13 16 17 
1 5 5 5 6 7 7 8 9 9 13 16 17 
1 5 5 5 6 7 8 8 9 9 13 16 17 
1 5 5 5 7 7 7 8 8 9 9 13 16 
1 5 5 5 7 7 7 8 8 9 9 13 17 
1 5 5 5 7 7 7 8 8 9 9 16 17 
1 5 5 5 7 7 7 8 8 9 13 16 17 
1 5 5 5 7 7 7 8 9 9 13 16 17 
1 5 5 5 7 7 8 8 9 9 13 16 17 
1 5 5 6 7 7 7 8 8 9 9 13 16 
1 5 5 6 7 7 7 8 8 9 9 13 17 
1 5 5 6 7 7 7 8 8 9 9 16 17 
1 5 5 6 7 7 7 8 8 9 13 16 17 
1 5 5 6 7 7 7 8 9 9 13 16 17 
1 5 5 6 7 7 8 8 9 9 13 16 17 
1 5 5 7 7 7 8 8 9 9 13 16 17 
1 5 6 7 7 7 8 8 9 9 13 16 17 
2 2 3 5 5 5 6 7 7 7 8 8 9 
2 2 3 5 5 5 6 7 7 7 8 8 13 
2 2 3 5 5 5 6 7 7 7 8 8 16 
2 2 3 5 5 5 6 7 7 7 8 8 17 
2 2 3 5 5 5 6 7 7 7 8 9 9 
2 2 3 5 5 5 6 7 7 7 8 9 13 
2 2 3 5 5 5 6 7 7 7 8 9 16 
2 2 3 5 5 5 6 7 7 7 8 9 17 
2 2 3 5 5 5 6 7 7 7 8 13 16 
2 2 3 5 5 5 6 7 7 7 8 13 17 
2 2 3 5 5 5 6 7 7 7 8 16 17 
2 2 3 5 5 5 6 7 7 7 9 9 13 
2 2 3 5 5 5 6 7 7 7 9 9 16 
2 2 3 5 5 5 6 7 7 7 9 9 17 
2 2 3 5 5 5 6 7 7 7 9 13 16 
2 2 3 5 5 5 6 7 7 7 9 13 17 
2 2 3 5 5 5 6 7 7 7 9 16 17 
2 2 3 5 5 5 6 7 7 7 13 16 17 
2 2 3 5 5 5 6 7 7 8 8 9 9 
2 2 3 5 5 5 6 7 7 8 8 9 13 
2 2 3 5 5 5 6 7 7 8 8 9 16 
2 2 3 5 5 5 6 7 7 8 8 9 17 
2 2 3 5 5 5 6 7 7 8 8 13 16 
2 2 3 5 5 5 6 7 7 8 8 13 17 
2 2 3 5 5 5 6 7 7 8 8 16 17 
2 2 3 5 5 5 6 7 7 8 9 9 13 
2 2 3 5 5 5 6 7 7 8 9 9 16 
2 2 3 5 5 5 6 7 7 8 9 9 17 
2 2 3 5 5 5 6 7 7 8 9 13 16 
2 2 3 5 5 5 6 7 7 8 9 13 17 
2 2 3 5 5 5 6 7 7 8 9 16 17 
2 2 3 5 5 5 6 7 7 8 13 16 17 
2 2 3 5 5 5 6 7 7 9 9 13 16 
2 2 3 5 5 5 6 7 7 9 9 13 17 
2 2 3 5 5 5 6 7 7 9 9 16 17 
2 2 3 5 5 5 6 7 7 9 13 16 17 
2 2 3 5 5 5 6 7 8 8 9 9 13 
2 2 3 5 5 5 6 7 8 8 9 9 16 
2 2 3 5 5 5 6 7 8 8 9 9 17 
2 2 3 5 5 5 6 7 8 8 9 13 16 
2 2 3 5 5 5 6 7 8 8 9 13 17 
2 2 3 5 5 5 6 7 8 8 9 16 17 
2 2 3 5 5 5 6 7 8 8 13 16 17 
2 2 3 5 5 5 6 7 8 9 9 13 16 
2 2 3 5 5 5 6 7 8 9 9 13 17 
2 2 3 5 5 5 6 7 8 9 9 16 17 
2 2 3 5 5 5 6 7 8 9 13 16 17 
2 2 3 5 5 5 6 7 9 9 13 16 17 
2 2 3 5 5 5 6 8 8 9 9 13 16 
2 2 3 5 5 5 6 8 8 9 9 13 17 
2 2 3 5 5 5 6 8 8 9 9 16 17 
2 2 3 5 5 5 6 8 8 9 13 16 17 
2 2 3 5 5 5 6 8 9 9 13 16 17 
2 2 3 5 5 5 7 7 7 8 8 9 9 
2 2 3 5 5 5 7 7 7 8 8 9 13 
2 2 3 5 5 5 7 7 7 8 8 9 16 
2 2 3 5 5 5 7 7 7 8 8 9 17 
2 2 3 5 5 5 7 7 7 8 8 13 16 
2 2 3 5 5 5 7 7 7 8 8 13 17 
2 2 3 5 5 5 7 7 7 8 8 16 17 
2 2 3 5 5 5 7 7 7 8 9 9 13 
2 2 3 5 5 5 7 7 7 8 9 9 16 
2 2 3 5 5 5 7 7 7 8 9 9 17 
2 2 3 5 5 5 7 7 7 8 9 13 16 
2 2 3 5 5 5 7 7 7 8 9 13 17 
2 2 3 5 5 5 7 7 7 8 9 16 17 
2 2 3 5 5 5 7 7 7 8 13 16 17 
2 2 3 5 5 5 7 7 7 9 9 13 16 
2 2 3 5 5 5 7 7 7 9 9 13 17 
2 2 3 5 5 5 7 7 7 9 9 16 17 
2 2 3 5 5 5 7 7 7 9 13 16 17 
2 2 3 5 5 5 7 7 8 8 9 9 13 
2 2 3 5 5 5 7 7 8 8 9 9 16 
2 2 3 5 5 5 7 7 8 8 9 9 17 
2 2 3 5 5 5 7 7 8 8 9 13 16 
2 2 3 5 5 5 7 7 8 8 9 13 17 
2 2 3 5 5 5 7 7 8 8 9 16 17 
2 2 3 5 5 5 7 7 8 8 13 16 17 
2 2 3 5 5 5 7 7 8 9 9 13 16 
2 2 3 5 5 5 7 7 8 9 9 13 17 
2 2 3 5 5 5 7 7 8 9 9 16 17 
2 2 3 5 5 5 7 7 8 9 13 16 17 
2 2 3 5 5 5 7 7 9 9 13 16 17 
2 2 3 5 5 5 7 8 8 9 9 13 16 
2 2 3 5 5 5 7 8 8 9 9 13 17 
2 2 3 5 5 5 7 8 8 9 9 16 17 
2 2 3 5 5 5 7 8 8 9 13 16 17 
2 2 3 5 5 5 7 8 9 9 13 16 17 
2 2 3 5 5 5 8 8 9 9 13 16 17 
2 2 3 5 5 6 7 7 7 8 8 9 9 
2 2 3 5 5 6 7 7 7 8 8 9 13 
2 2 3 5 5 6 7 7 7 8 8 9 16 
2 2 3 5 5 6 7 7 7 8 8 9 17 
2 2 3 5 5 6 7 7 7 8 8 13 16 
2 2 3 5 5 6 7 7 7 8 8 13 17 
2 2 3 5 5 6 7 7 7 8 8 16 17 
2 2 3 5 5 6 7 7 7 8 9 9 13 
2 2 3 5 5 6 7 7 7 8 9 9 16 
2 2 3 5 5 6 7 7 7 8 9 9 17 
2 2 3 5 5 6 7 7 7 8 9 13 16 
2 2 3 5 5 6 7 7 7 8 9 13 17 
2 2 3 5 5 6 7 7 7 8 9 16 17 
2 2 3 5 5 6 7 7 7 8 13 16 17 
2 2 3 5 5 6 7 7 7 9 9 13 16 
2 2 3 5 5 6 7 7 7 9 9 13 17 
2 2 3 5 5 6 7 7 7 9 9 16 17 
2 2 3 5 5 6 7 7 7 9 13 16 17 
2 2 3 5 5 6 7 7 8 8 9 9 13 
2 2 3 5 5 6 7 7 8 8 9 9 16 
2 2 3 5 5 6 7 7 8 8 9 9 17 
2 2 3 5 5 6 7 7 8 8 9 13 16 
2 2 3 5 5 6 7 7 8 8 9 13 17 
2 2 3 5 5 6 7 7 8 8 9 16 17 
2 2 3 5 5 6 7 7 8 8 13 16 17 
2 2 3 5 5 6 7 7 8 9 9 13 16 
2 2 3 5 5 6 7 7 8 9 9 13 17 
2 2 3 5 5 6 7 7 8 9 9 16 17 
2 2 3 5 5 6 7 7 8 9 13 16 17 
2 2 3 5 5 6 7 7 9 9 13 16 17 
2 2 3 5 5 6 7 8 8 9 9 13 16 
2 2 3 5 5 6 7 8 8 9 9 13 17 
2 2 3 5 5 6 7 8 8 9 9 16 17 
2 2 3 5 5 6 7 8 8 9 13 16 17 
2 2 3 5 5 6 7 8 9 9 13 16 17 
2 2 3 5 5 6 8 8 9 9 13 16 17 
2 2 3 5 5 7 7 7 8 8 9 9 13 
2 2 3 5 5 7 7 7 8 8 9 9 16 
2 2 3 5 5 7 7 7 8 8 9 9 17 
2 2 3 5 5 7 7 7 8 8 9 13 16 
2 2 3 5 5 7 7 7 8 8 9 13 17 
2 2 3 5 5 7 7 7 8 8 9 16 17 
2 2 3 5 5 7 7 7 8 8 13 16 17 
2 2 3 5 5 7 7 7 8 9 9 13 16 
2 2 3 5 5 7 7 7 8 9 9 13 17 
2 2 3 5 5 7 7 7 8 9 9 16 17 
2 2 3 5 5 7 7 7 8 9 13 16 17 
2 2 3 5 5 7 7 7 9 9 13 16 17 
2 2 3 5 5 7 7 8 8 9 9 13 16 
2 2 3 5 5 7 7 8 8 9 9 13 17 
2 2 3 5 5 7 7 8 8 9 9 16 17 
2 2 3 5 5 7 7 8 8 9 13 16 17 
2 2 3 5 5 7 7 8 9 9 13 16 17 
2 2 3 5 5 7 8 8 9 9 13 16 17 
2 2 3 5 6 7 7 7 8 8 9 9 13 
2 2 3 5 6 7 7 7 8 8 9 9 16 
2 2 3 5 6 7 7 7 8 8 9 9 17 
2 2 3 5 6 7 7 7 8 8 9 13 16 
2 2 3 5 6 7 7 7 8 8 9 13 17 
2 2 3 5 6 7 7 7 8 8 9 16 17 
2 2 3 5 6 7 7 7 8 8 13 16 17 
2 2 3 5 6 7 7 7 8 9 9 13 16 
2 2 3 5 6 7 7 7 8 9 9 13 17 
2 2 3 5 6 7 7 7 8 9 9 16 17 
2 2 3 5 6 7 7 7 8 9 13 16 17 
2 2 3 5 6 7 7 7 9 9 13 16 17 
2 2 3 5 6 7 7 8 8 9 9 13 16 
2 2 3 5 6 7 7 8 8 9 9 13 17 
2 2 3 5 6 7 7 8 8 9 9 16 17 
2 2 3 5 6 7 7 8 8 9 13 16 17 
2 2 3 5 6 7 7 8 9 9 13 16 17 
2 2 3 5 6 7 8 8 9 9 13 16 17 
2 2 3 5 7 7 7 8 8 9 9 13 16 
2 2 3 5 7 7 7 8 8 9 9 13 17 
2 2 3 5 7 7 7 8 8 9 9 16 17 
2 2 3 5 7 7 7 8 8 9 13 16 17 
2 2 3 5 7 7 7 8 9 9 13 16 17 
2 2 3 5 7 7 8 8 9 9 13 16 17 
2 2 3 6 7 7 7 8 8 9 9 13 16 
2 2 3 6 7 7 7 8 8 9 9 13 17 
2 2 3 6 7 7 7 8 8 9 9 16 17 
2 2 3 6 7 7 7 8 8 9 13 16 17 
2 2 3 6 7 7 7 8 9 9 13 16 17 
2 2 3 6 7 7 8 8 9 9 13 16 17 
2 2 3 7 7 7 8 8 9 9 13 16 17 
2 2 5 5 5 6 7 7 7 8 8 9 9 
2 2 5 5 5 6 7 7 7 8 8 9 13 
2 2 5 5 5 6 7 7 7 8 8 9 16 
2 2 5 5 5 6 7 7 7 8 8 9 17 
2 2 5 5 5 6 7 7 7 8 8 13 16 
2 2 5 5 5 6 7 7 7 8 8 13 17 
2 2 5 5 5 6 7 7 7 8 8 16 17 
2 2 5 5 5 6 7 7 7 8 9 9 13 
2 2 5 5 5 6 7 7 7 8 9 9 16 
2 2 5 5 5 6 7 7 7 8 9 9 17 
2 2 5 5 5 6 7 7 7 8 9 13 16 
2 2 5 5 5 6 7 7 7 8 9 13 17 
2 2 5 5 5 6 7 7 7 8 9 16 17 
2 2 5 5 5 6 7 7 7 8 13 16 17 
2 2 5 5 5 6 7 7 7 9 9 13 16 
2 2 5 5 5 6 7 7 7 9 9 13 17 
2 2 5 5 5 6 7 7 7 9 9 16 17 
2 2 5 5 5 6 7 7 7 9 13 16 17 
2 2 5 5 5 6 7 7 8 8 9 9 13 
2 2 5 5 5 6 7 7 8 8 9 9 16 
2 2 5 5 5 6 7 7 8 8 9 9 17 
2 2 5 5 5 6 7 7 8 8 9 13 16 
2 2 5 5 5 6 7 7 8 8 9 13 17 
2 2 5 5 5 6 7 7 8 8 9 16 17 
2 2 5 5 5 6 7 7 8 8 13 16 17 
2 2 5 5 5 6 7 7 8 9 9 13 16 
2 2 5 5 5 6 7 7 8 9 9 13 17 
2 2 5 5 5 6 7 7 8 9 9 16 17 
2 2 5 5 5 6 7 7 8 9 13 16 17 
2 2 5 5 5 6 7 7 9 9 13 16 17 
2 2 5 5 5 6 7 8 8 9 9 13 16 
2 2 5 5 5 6 7 8 8 9 9 13 17 
2 2 5 5 5 6 7 8 8 9 9 16 17 
2 2 5 5 5 6 7 8 8 9 13 16 17 
2 2 5 5 5 6 7 8 9 9 13 16 17 
2 2 5 5 5 6 8 8 9 9 13 16 17 
2 2 5 5 5 7 7 7 8 8 9 9 13 
2 2 5 5 5 7 7 7 8 8 9 9 16 
2 2 5 5 5 7 7 7 8 8 9 9 17 
2 2 5 5 5 7 7 7 8 8 9 13 16 
2 2 5 5 5 7 7 7 8 8 9 13 17 
2 2 5 5 5 7 7 7 8 8 9 16 17 
2 2 5 5 5 7 7 7 8 8 13 16 17 
2 2 5 5 5 7 7 7 8 9 9 13 16 
2 2 5 5 5 7 7 7 8 9 9 13 17 
2 2 5 5 5 7 7 7 8 9 9 16 17 
2 2 5 5 5 7 7 7 8 9 13 16 17 
2 2 5 5 5 7 7 7 9 9 13 16 17 
2 2 5 5 5 7 7 8 8 9 9 13 16 
2 2 5 5 5 7 7 8 8 9 9 13 17 
2 2 5 5 5 7 7 8 8 9 9 16 17 
2 2 5 5 5 7 7 8 8 9 13 16 17 
2 2 5 5 5 7 7 8 9 9 13 16 17 
2 2 5 5 5 7 8 8 9 9 13 16 17 
2 2 5 5 6 7 7 7 8 8 9 9 13 
2 2 5 5 6 7 7 7 8 8 9 9 16 
2 2 5 5 6 7 7 7 8 8 9 9 17 
2 2 5 5 6 7 7 7 8 8 9 13 16 
2 2 5 5 6 7 7 7 8 8 9 13 17 
2 2 5 5 6 7 7 7 8 8 9 16 17 
2 2 5 5 6 7 7 7 8 8 13 16 17 
2 2 5 5 6 7 7 7 8 9 9 13 16 
2 2 5 5 6 7 7 7 8 9 9 13 17 
2 2 5 5 6 7 7 7 8 9 9 16 17 
2 2 5 5 6 7 7 7 8 9 13 16 17 
2 2 5 5 6 7 7 7 9 9 13 16 17 
2 2 5 5 6 7 7 8 8 9 9 13 16 
2 2 5 5 6 7 7 8 8 9 9 13 17 
2 2 5 5 6 7 7 8 8 9 9 16 17 
2 2 5 5 6 7 7 8 8 9 13 16 17 
2 2 5 5 6 7 7 8 9 9 13 16 17 
2 2 5 5 6 7 8 8 9 9 13 16 17 
2 2 5 5 7 7 7 8 8 9 9 13 16 
2 2 5 5 7 7 7 8 8 9 9 13 17 
2 2 5 5 7 7 7 8 8 9 9 16 17 
2 2 5 5 7 7 7 8 8 9 13 16 17 
2 2 5 5 7 7 7 8 9 9 13 16 17 
2 2 5 5 7 7 8 8 9 9 13 16 17 
2 2 5 6 7 7 7 8 8 9 9 13 16 
2 2 5 6 7 7 7 8 8 9 9 13 17 
2 2 5 6 7 7 7 8 8 9 9 16 17 
2 2 5 6 7 7 7 8 8 9 13 16 17 
2 2 5 6 7 7 7 8 9 9 13 16 17 
2 2 5 6 7 7 8 8 9 9 13 16 17 
2 2 5 7 7 7 8 8 9 9 13 16 17 
2 2 6 7 7 7 8 8 9 9 13 16 17 
2 3 5 5 5 6 7 7 7 8 8 9 9 
2 3 5 5 5 6 7 7 7 8 8 9 13 
2 3 5 5 5 6 7 7 7 8 8 9 16 
2 3 5 5 5 6 7 7 7 8 8 9 17 
2 3 5 5 5 6 7 7 7 8 8 13 16 
2 3 5 5 5 6 7 7 7 8 8 13 17 
2 3 5 5 5 6 7 7 7 8 8 16 17 
2 3 5 5 5 6 7 7 7 8 9 9 13 
2 3 5 5 5 6 7 7 7 8 9 9 16 
2 3 5 5 5 6 7 7 7 8 9 9 17 
2 3 5 5 5 6 7 7 7 8 9 13 16 
2 3 5 5 5 6 7 7 7 8 9 13 17 
2 3 5 5 5 6 7 7 7 8 9 16 17 
2 3 5 5 5 6 7 7 7 8 13 16 17 
2 3 5 5 5 6 7 7 7 9 9 13 16 
2 3 5 5 5 6 7 7 7 9 9 13 17 
2 3 5 5 5 6 7 7 7 9 9 16 17 
2 3 5 5 5 6 7 7 7 9 13 16 17 
2 3 5 5 5 6 7 7 8 8 9 9 13 
2 3 5 5 5 6 7 7 8 8 9 9 16 
2 3 5 5 5 6 7 7 8 8 9 9 17 
2 3 5 5 5 6 7 7 8 8 9 13 16 
2 3 5 5 5 6 7 7 8 8 9 13 17 
2 3 5 5 5 6 7 7 8 8 9 16 17 
2 3 5 5 5 6 7 7 8 8 13 16 17 
2 3 5 5 5 6 7 7 8 9 9 13 16 
2 3 5 5 5 6 7 7 8 9 9 13 17 
2 3 5 5 5 6 7 7 8 9 9 16 17 
2 3 5 5 5 6 7 7 8 9 13 16 17 
2 3 5 5 5 6 7 7 9 9 13 16 17 
2 3 5 5 5 6 7 8 8 9 9 13 16 
2 3 5 5 5 6 7 8 8 9 9 13 17 
2 3 5 5 5 6 7 8 8 9 9 16 17 
2 3 5 5 5 6 7 8 8 9 13 16 17 
2 3 5 5 5 6 7 8 9 9 13 16 17 
2 3 5 5 5 6 8 8 9 9 13 16 17 
2 3 5 5 5 7 7 7 8 8 9 9 13 
2 3 5 5 5 7 7 7 8 8 9 9 16 
2 3 5 5 5 7 7 7 8 8 9 9 17 
2 3 5 5 5 7 7 7 8 8 9 13 16 
2 3 5 5 5 7 7 7 8 8 9 13 17 
2 3 5 5 5 7 7 7 8 8 9 16 17 
2 3 5 5 5 7 7 7 8 8 13 16 17 
2 3 5 5 5 7 7 7 8 9 9 13 16 
2 3 5 5 5 7 7 7 8 9 9 13 17 
2 3 5 5 5 7 7 7 8 9 9 16 17 
2 3 5 5 5 7 7 7 8 9 13 16 17 
2 3 5 5 5 7 7 7 9 9 13 16 17 
2 3 5 5 5 7 7 8 8 9 9 13 16 
2 3 5 5 5 7 7 8 8 9 9 13 17 
2 3 5 5 5 7 7 8 8 9 9 16 17 
2 3 5 5 5 7 7 8 8 9 13 16 17 
2 3 5 5 5 7 7 8 9 9 13 16 17 
2 3 5 5 5 7 8 8 9 9 13 16 17 
2 3 5 5 6 7 7 7 8 8 9 9 13 
2 3 5 5 6 7 7 7 8 8 9 9 16 
2 3 5 5 6 7 7 7 8 8 9 9 17 
2 3 5 5 6 7 7 7 8 8 9 13 16 
2 3 5 5 6 7 7 7 8 8 9 13 17 
2 3 5 5 6 7 7 7 8 8 9 16 17 
2 3 5 5 6 7 7 7 8 8 13 16 17 
2 3 5 5 6 7 7 7 8 9 9 13 16 
2 3 5 5 6 7 7 7 8 9 9 13 17 
2 3 5 5 6 7 7 7 8 9 9 16 17 
2 3 5 5 6 7 7 7 8 9 13 16 17 
2 3 5 5 6 7 7 7 9 9 13 16 17 
2 3 5 5 6 7 7 8 8 9 9 13 16 
2 3 5 5 6 7 7 8 8 9 9 13 17 
2 3 5 5 6 7 7 8 8 9 9 16 17 
2 3 5 5 6 7 7 8 8 9 13 16 17 
2 3 5 5 6 7 7 8 9 9 13 16 17 
2 3 5 5 6 7 8 8 9 9 13 16 17 
2 3 5 5 7 7 7 8 8 9 9 13 16 
2 3 5 5 7 7 7 8 8 9 9 13 17 
2 3 5 5 7 7 7 8 8 9 9 16 17 
2 3 5 5 7 7 7 8 8 9 13 16 17 
2 3 5 5 7 7 7 8 9 9 13 16 17 
2 3 5 5 7 7 8 8 9 9 13 16 17 
2 3 5 6 7 7 7 8 8 9 9 13 16 
2 3 5 6 7 7 7 8 8 9 9 13 17 
2 3 5 6 7 7 7 8 8 9 9 16 17 
2 3 5 6 7 7 7 8 8 9 13 16 17 
2 3 5 6 7 7 7 8 9 9 13 16 17 
2 3 5 6 7 7 8 8 9 9 13 16 17 
2 3 5 7 7 7 8 8 9 9 13 16 17 
2 3 6 7 7 7 8 8 9 9 13 16 17 
2 5 5 5 6 7 7 7 8 8 9 9 13 
2 5 5 5 6 7 7 7 8 8 9 9 16 
2 5 5 5 6 7 7 7 8 8 9 9 17 
2 5 5 5 6 7 7 7 8 8 9 13 16 
2 5 5 5 6 7 7 7 8 8 9 13 17 
2 5 5 5 6 7 7 7 8 8 9 16 17 
2 5 5 5 6 7 7 7 8 8 13 16 17 
2 5 5 5 6 7 7 7 8 9 9 13 16 
2 5 5 5 6 7 7 7 8 9 9 13 17 
2 5 5 5 6 7 7 7 8 9 9 16 17 
2 5 5 5 6 7 7 7 8 9 13 16 17 
2 5 5 5 6 7 7 7 9 9 13 16 17 
2 5 5 5 6 7 7 8 8 9 9 13 16 
2 5 5 5 6 7 7 8 8 9 9 13 17 
2 5 5 5 6 7 7 8 8 9 9 16 17 
2 5 5 5 6 7 7 8 8 9 13 16 17 
2 5 5 5 6 7 7 8 9 9 13 16 17 
2 5 5 5 6 7 8 8 9 9 13 16 17 
2 5 5 5 7 7 7 8 8 9 9 13 16 
2 5 5 5 7 7 7 8 8 9 9 13 17 
2 5 5 5 7 7 7 8 8 9 9 16 17 
2 5 5 5 7 7 7 8 8 9 13 16 17 
2 5 5 5 7 7 7 8 9 9 13 16 17 
2 5 5 5 7 7 8 8 9 9 13 16 17 
2 5 5 6 7 7 7 8 8 9 9 13 16 
2 5 5 6 7 7 7 8 8 9 9 13 17 
2 5 5 6 7 7 7 8 8 9 9 16 17 
2 5 5 6 7 7 7 8 8 9 13 16 17 
2 5 5 6 7 7 7 8 9 9 13 16 17 
2 5 5 6 7 7 8 8 9 9 13 16 17 
2 5 5 7 7 7 8 8 9 9 13 16 17 
2 5 6 7 7 7 8 8 9 9 13 16 17 
3 5 5 5 6 7 7 7 8 8 9 9 13 
3 5 5 5 6 7 7 7 8 8 9 9 16 
3 5 5 5 6 7 7 7 8 8 9 9 17 
3 5 5 5 6 7 7 7 8 8 9 13 16 
3 5 5 5 6 7 7 7 8 8 9 13 17 
3 5 5 5 6 7 7 7 8 8 9 16 17 
3 5 5 5 6 7 7 7 8 8 13 16 17 
3 5 5 5 6 7 7 7 8 9 9 13 16 
3 5 5 5 6 7 7 7 8 9 9 13 17 
3 5 5 5 6 7 7 7 8 9 9 16 17 
3 5 5 5 6 7 7 7 8 9 13 16 17 
3 5 5 5 6 7 7 7 9 9 13 16 17 
3 5 5 5 6 7 7 8 8 9 9 13 16 
3 5 5 5 6 7 7 8 8 9 9 13 17 
3 5 5 5 6 7 7 8 8 9 9 16 17 
3 5 5 5 6 7 7 8 8 9 13 16 17 
3 5 5 5 6 7 7 8 9 9 13 16 17 
3 5 5 5 6 7 8 8 9 9 13 16 17 
3 5 5 5 7 7 7 8 8 9 9 13 16 
3 5 5 5 7 7 7 8 8 9 9 13 17 
3 5 5 5 7 7 7 8 8 9 9 16 17 
3 5 5 5 7 7 7 8 8 9 13 16 17 
3 5 5 5 7 7 7 8 9 9 13 16 17 
3 5 5 5 7 7 8 8 9 9 13 16 17 
3 5 5 6 7 7 7 8 8 9 9 13 16 
3 5 5 6 7 7 7 8 8 9 9 13 17 
3 5 5 6 7 7 7 8 8 9 9 16 17 
3 5 5 6 7 7 7 8 8 9 13 16 17 
3 5 5 6 7 7 7 8 9 9 13 16 17 
3 5 5 6 7 7 8 8 9 9 13 16 17 
3 5 5 7 7 7 8 8 9 9 13 16 17 
3 5 6 7 7 7 8 8 9 9 13 16 17 
5 5 5 6 7 7 7 8 8 9 9 13 16 
5 5 5 6 7 7 7 8 8 9 9 13 17 
5 5 5 6 7 7 7 8 8 9 9 16 17 
5 5 5 6 7 7 7 8 8 9 13 16 17 
5 5 5 6 7 7 7 8 9 9 13 16 17 
5 5 5 6 7 7 8 8 9 9 13 16 17 
5 5 5 7 7 7 8 8 9 9 13 16 17 
5 5 6 7 7 7 8 8 9 9 13 16 17 
