1 2 3 3 3 3 4 5 8 10 11 
1 2 3 3 3 3 4 5 8 10 12 
1 2 3 3 3 3 4 5 8 11 12 
1 2 3 3 3 3 4 5 8 12 12 
1 2 3 3 3 3 4 5 10 11 12 
1 2 3 3 3 3 4 5 10 12 12 
1 2 3 3 3 3 4 5 11 12 12 
1 2 3 3 3 3 4 8 10 11 12 
1 2 3 3 3 3 4 8 10 12 12 
1 2 3 3 3 3 4 8 11 12 12 
1 2 3 3 3 3 4 10 11 12 12 
1 2 3 3 3 3 5 8 10 11 12 
1 2 3 3 3 3 5 8 10 12 12 
1 2 3 3 3 3 5 8 11 12 12 
1 2 3 3 3 3 5 10 11 12 12 
1 2 3 3 3 3 8 10 11 12 12 
1 2 3 3 3 4 5 8 10 11 12 
1 2 3 3 3 4 5 8 10 12 12 
1 2 3 3 3 4 5 8 11 12 12 
1 2 3 3 3 4 5 10 11 12 12 
1 2 3 3 3 4 8 10 11 12 12 
1 2 3 3 3 5 8 10 11 12 12 
1 2 3 3 4 5 8 10 11 12 12 
1 3 3 3 3 4 5 8 10 11 12 
1 3 3 3 3 4 5 8 10 12 12 
1 3 3 3 3 4 5 8 11 12 12 
1 3 3 3 3 4 5 10 11 12 12 
1 3 3 3 3 4 8 10 11 12 12 
1 3 3 3 3 5 8 10 11 12 12 
1 3 3 3 4 5 8 10 11 12 12 
2 3 3 3 3 4 5 8 10 11 12 
2 3 3 3 3 4 5 8 10 12 12 
2 3 3 3 3 4 5 8 11 12 12 
2 3 3 3 3 4 5 10 11 12 12 
2 3 3 3 3 4 8 10 11 12 12 
2 3 3 3 3 5 8 10 11 12 12 
2 3 3 3 4 5 8 10 11 12 12 
3 3 3 3 4 5 8 10 11 12 12 
