2 3 3 4 
2 3 3 5 
2 3 3 6 
2 3 3 8 
2 3 3 9 
2 3 3 10 
2 3 3 11 
2 3 3 12 
2 3 3 15 
2 3 4 5 
2 3 4 6 
2 3 4 8 
2 3 4 9 
2 3 4 10 
2 3 4 11 
2 3 4 12 
2 3 4 15 
2 3 5 5 
2 3 5 6 
2 3 5 8 
2 3 5 9 
2 3 5 10 
2 3 5 11 
2 3 5 12 
2 3 5 15 
2 3 6 8 
2 3 6 9 
2 3 6 10 
2 3 6 11 
2 3 6 12 
2 3 6 15 
2 3 8 9 
2 3 8 10 
2 3 8 11 
2 3 8 12 
2 3 8 15 
2 3 9 10 
2 3 9 11 
2 3 9 12 
2 3 9 15 
2 3 10 10 
2 3 10 11 
2 3 10 12 
2 3 10 15 
2 3 11 11 
2 3 11 12 
2 3 11 15 
2 3 12 12 
2 3 12 15 
2 4 5 5 
2 4 5 6 
2 4 5 8 
2 4 5 9 
2 4 5 10 
2 4 5 11 
2 4 5 12 
2 4 5 15 
2 4 6 8 
2 4 6 9 
2 4 6 10 
2 4 6 11 
2 4 6 12 
2 4 6 15 
2 4 8 9 
2 4 8 10 
2 4 8 11 
2 4 8 12 
2 4 8 15 
2 4 9 10 
2 4 9 11 
2 4 9 12 
2 4 9 15 
2 4 10 10 
2 4 10 11 
2 4 10 12 
2 4 10 15 
2 4 11 11 
2 4 11 12 
2 4 11 15 
2 4 12 12 
2 4 12 15 
2 5 5 6 
2 5 5 8 
2 5 5 9 
2 5 5 10 
2 5 5 11 
2 5 5 12 
2 5 5 15 
2 5 6 8 
2 5 6 9 
2 5 6 10 
2 5 6 11 
2 5 6 12 
2 5 6 15 
2 5 8 9 
2 5 8 10 
2 5 8 11 
2 5 8 12 
2 5 8 15 
2 5 9 10 
2 5 9 11 
2 5 9 12 
2 5 9 15 
2 5 10 10 
2 5 10 11 
2 5 10 12 
2 5 10 15 
2 5 11 11 
2 5 11 12 
2 5 11 15 
2 5 12 12 
2 5 12 15 
2 6 8 9 
2 6 8 10 
2 6 8 11 
2 6 8 12 
2 6 8 15 
2 6 9 10 
2 6 9 11 
2 6 9 12 
2 6 9 15 
2 6 10 10 
2 6 10 11 
2 6 10 12 
2 6 10 15 
2 6 11 11 
2 6 11 12 
2 6 11 15 
2 6 12 12 
2 6 12 15 
2 8 9 10 
2 8 9 11 
2 8 9 12 
2 8 9 15 
2 8 10 10 
2 8 10 11 
2 8 10 12 
2 8 10 15 
2 8 11 11 
2 8 11 12 
2 8 11 15 
2 8 12 12 
2 8 12 15 
2 9 10 10 
2 9 10 11 
2 9 10 12 
2 9 10 15 
2 9 11 11 
2 9 11 12 
2 9 11 15 
2 9 12 12 
2 9 12 15 
2 10 10 11 
2 10 10 12 
2 10 10 15 
2 10 11 11 
2 10 11 12 
2 10 11 15 
2 10 12 12 
2 10 12 15 
2 11 11 12 
2 11 11 15 
2 11 12 12 
2 11 12 15 
2 12 12 15 
3 3 4 5 
3 3 4 6 
3 3 4 8 
3 3 4 9 
3 3 4 10 
3 3 4 11 
3 3 4 12 
3 3 4 15 
3 3 5 5 
3 3 5 6 
3 3 5 8 
3 3 5 9 
3 3 5 10 
3 3 5 11 
3 3 5 12 
3 3 5 15 
3 3 6 8 
3 3 6 9 
3 3 6 10 
3 3 6 11 
3 3 6 12 
3 3 6 15 
3 3 8 9 
3 3 8 10 
3 3 8 11 
3 3 8 12 
3 3 8 15 
3 3 9 10 
3 3 9 11 
3 3 9 12 
3 3 9 15 
3 3 10 10 
3 3 10 11 
3 3 10 12 
3 3 10 15 
3 3 11 11 
3 3 11 12 
3 3 11 15 
3 3 12 12 
3 3 12 15 
3 4 5 5 
3 4 5 6 
3 4 5 8 
3 4 5 9 
3 4 5 10 
3 4 5 11 
3 4 5 12 
3 4 5 15 
3 4 6 8 
3 4 6 9 
3 4 6 10 
3 4 6 11 
3 4 6 12 
3 4 6 15 
3 4 8 9 
3 4 8 10 
3 4 8 11 
3 4 8 12 
3 4 8 15 
3 4 9 10 
3 4 9 11 
3 4 9 12 
3 4 9 15 
3 4 10 10 
3 4 10 11 
3 4 10 12 
3 4 10 15 
3 4 11 11 
3 4 11 12 
3 4 11 15 
3 4 12 12 
3 4 12 15 
3 5 5 6 
3 5 5 8 
3 5 5 9 
3 5 5 10 
3 5 5 11 
3 5 5 12 
3 5 5 15 
3 5 6 8 
3 5 6 9 
3 5 6 10 
3 5 6 11 
3 5 6 12 
3 5 6 15 
3 5 8 9 
3 5 8 10 
3 5 8 11 
3 5 8 12 
3 5 8 15 
3 5 9 10 
3 5 9 11 
3 5 9 12 
3 5 9 15 
3 5 10 10 
3 5 10 11 
3 5 10 12 
3 5 10 15 
3 5 11 11 
3 5 11 12 
3 5 11 15 
3 5 12 12 
3 5 12 15 
3 6 8 9 
3 6 8 10 
3 6 8 11 
3 6 8 12 
3 6 8 15 
3 6 9 10 
3 6 9 11 
3 6 9 12 
3 6 9 15 
3 6 10 10 
3 6 10 11 
3 6 10 12 
3 6 10 15 
3 6 11 11 
3 6 11 12 
3 6 11 15 
3 6 12 12 
3 6 12 15 
3 8 9 10 
3 8 9 11 
3 8 9 12 
3 8 9 15 
3 8 10 10 
3 8 10 11 
3 8 10 12 
3 8 10 15 
3 8 11 11 
3 8 11 12 
3 8 11 15 
3 8 12 12 
3 8 12 15 
3 9 10 10 
3 9 10 11 
3 9 10 12 
3 9 10 15 
3 9 11 11 
3 9 11 12 
3 9 11 15 
3 9 12 12 
3 9 12 15 
3 10 10 11 
3 10 10 12 
3 10 10 15 
3 10 11 11 
3 10 11 12 
3 10 11 15 
3 10 12 12 
3 10 12 15 
3 11 11 12 
3 11 11 15 
3 11 12 12 
3 11 12 15 
3 12 12 15 
4 5 5 6 
4 5 5 8 
4 5 5 9 
4 5 5 10 
4 5 5 11 
4 5 5 12 
4 5 5 15 
4 5 6 8 
4 5 6 9 
4 5 6 10 
4 5 6 11 
4 5 6 12 
4 5 6 15 
4 5 8 9 
4 5 8 10 
4 5 8 11 
4 5 8 12 
4 5 8 15 
4 5 9 10 
4 5 9 11 
4 5 9 12 
4 5 9 15 
4 5 10 10 
4 5 10 11 
4 5 10 12 
4 5 10 15 
4 5 11 11 
4 5 11 12 
4 5 11 15 
4 5 12 12 
4 5 12 15 
4 6 8 9 
4 6 8 10 
4 6 8 11 
4 6 8 12 
4 6 8 15 
4 6 9 10 
4 6 9 11 
4 6 9 12 
4 6 9 15 
4 6 10 10 
4 6 10 11 
4 6 10 12 
4 6 10 15 
4 6 11 11 
4 6 11 12 
4 6 11 15 
4 6 12 12 
4 6 12 15 
4 8 9 10 
4 8 9 11 
4 8 9 12 
4 8 9 15 
4 8 10 10 
4 8 10 11 
4 8 10 12 
4 8 10 15 
4 8 11 11 
4 8 11 12 
4 8 11 15 
4 8 12 12 
4 8 12 15 
4 9 10 10 
4 9 10 11 
4 9 10 12 
4 9 10 15 
4 9 11 11 
4 9 11 12 
4 9 11 15 
4 9 12 12 
4 9 12 15 
4 10 10 11 
4 10 10 12 
4 10 10 15 
4 10 11 11 
4 10 11 12 
4 10 11 15 
4 10 12 12 
4 10 12 15 
4 11 11 12 
4 11 11 15 
4 11 12 12 
4 11 12 15 
4 12 12 15 
5 5 6 8 
5 5 6 9 
5 5 6 10 
5 5 6 11 
5 5 6 12 
5 5 6 15 
5 5 8 9 
5 5 8 10 
5 5 8 11 
5 5 8 12 
5 5 8 15 
5 5 9 10 
5 5 9 11 
5 5 9 12 
5 5 9 15 
5 5 10 10 
5 5 10 11 
5 5 10 12 
5 5 10 15 
5 5 11 11 
5 5 11 12 
5 5 11 15 
5 5 12 12 
5 5 12 15 
5 6 8 9 
5 6 8 10 
5 6 8 11 
5 6 8 12 
5 6 8 15 
5 6 9 10 
5 6 9 11 
5 6 9 12 
5 6 9 15 
5 6 10 10 
5 6 10 11 
5 6 10 12 
5 6 10 15 
5 6 11 11 
5 6 11 12 
5 6 11 15 
5 6 12 12 
5 6 12 15 
5 8 9 10 
5 8 9 11 
5 8 9 12 
5 8 9 15 
5 8 10 10 
5 8 10 11 
5 8 10 12 
5 8 10 15 
5 8 11 11 
5 8 11 12 
5 8 11 15 
5 8 12 12 
5 8 12 15 
5 9 10 10 
5 9 10 11 
5 9 10 12 
5 9 10 15 
5 9 11 11 
5 9 11 12 
5 9 11 15 
5 9 12 12 
5 9 12 15 
5 10 10 11 
5 10 10 12 
5 10 10 15 
5 10 11 11 
5 10 11 12 
5 10 11 15 
5 10 12 12 
5 10 12 15 
5 11 11 12 
5 11 11 15 
5 11 12 12 
5 11 12 15 
5 12 12 15 
6 8 9 10 
6 8 9 11 
6 8 9 12 
6 8 9 15 
6 8 10 10 
6 8 10 11 
6 8 10 12 
6 8 10 15 
6 8 11 11 
6 8 11 12 
6 8 11 15 
6 8 12 12 
6 8 12 15 
6 9 10 10 
6 9 10 11 
6 9 10 12 
6 9 10 15 
6 9 11 11 
6 9 11 12 
6 9 11 15 
6 9 12 12 
6 9 12 15 
6 10 10 11 
6 10 10 12 
6 10 10 15 
6 10 11 11 
6 10 11 12 
6 10 11 15 
6 10 12 12 
6 10 12 15 
6 11 11 12 
6 11 11 15 
6 11 12 12 
6 11 12 15 
6 12 12 15 
8 9 10 10 
8 9 10 11 
8 9 10 12 
8 9 10 15 
8 9 11 11 
8 9 11 12 
8 9 11 15 
8 9 12 12 
8 9 12 15 
8 10 10 11 
8 10 10 12 
8 10 10 15 
8 10 11 11 
8 10 11 12 
8 10 11 15 
8 10 12 12 
8 10 12 15 
8 11 11 12 
8 11 11 15 
8 11 12 12 
8 11 12 15 
8 12 12 15 
9 10 10 11 
9 10 10 12 
9 10 10 15 
9 10 11 11 
9 10 11 12 
9 10 11 15 
9 10 12 12 
9 10 12 15 
9 11 11 12 
9 11 11 15 
9 11 12 12 
9 11 12 15 
9 12 12 15 
10 10 11 11 
10 10 11 12 
10 10 11 15 
10 10 12 12 
10 10 12 15 
10 11 11 12 
10 11 11 15 
10 11 12 12 
10 11 12 15 
10 12 12 15 
11 11 12 12 
11 11 12 15 
11 12 12 15 
