665805193
690055451
310155728
319387996
494234858
348809293
943768379
39438497
328955377
192617268
105620228
82092980
282157506
854324728
675922417
947315991
61272687
663067173
446041500
56824599
740357780
105210268
328508917
131423518
807969590
132000424
761885598
85553742
875305021
594265590
663043389
669800211
774500285
642140627
283737307
537422519
635072656
610624651
243234386
59535856
366032643
681098363
80450018
140514278
610093191
571440389
283317145
355666590
730295286
400626085
59218220
201083976
866645932
992023005
535168939
197579060
82685801
532884796
190119422
736533905
167261642
145343418
583987709
899867097
885137797
668748353
560814422
350207306
299299580
275115708
650496330
492844211
132535610
253677226
676609598
96915395
276483074
112825559
358427732
120308881
808017962
498210802
859328129
29941292
913933668
833963269
557520593
749437765
288253173
27825999
977934954
21353962
15303564
560895148
29960797
70402909
947866173
603120964
294634601
103164046
963847016
545650719
778878204
19128305
877362345
179038458
714810713
313248983
468907982
919286692
293528408
341104690
68251594
473458470
81221319
396879511
874194422
171593185
779909269
586414516
735651573
637015674
412100740
537639769
834734569
805521097
308502044
552688869
44498270
611266868
494009572
431055294
224210901
400981638
585128364
309029023
730972106
864013148
892317822
115175397
672536900
996797690
656769513
392378333
487339658
23432696
743393226
563088936
204061794
221316145
611110776
362512744
582622184
581506749
826617090
99357945
750857594
305625610
938788749
339273466
852143616
825596127
428020852
546794530
284911383
803158959
906900594
827073448
236966363
220208174
251721774
594405683
271516787
340536416
545412268
352925808
499155721
220896777
933169715
287897990
365175817
580378665
866334504
322822875
570773958
477980699
460064379
90345580
650327837
66190434
125220225
424753543
197496279
380389698
759893823
556944005
781682075
889823112
993120626
632932463
812922456
505855443
584248912
568818050
408099912
607914326
920250776
94771827
587201209
233781817
420147340
528710817
836192773
695651124
458276883
997740168
361151779
610009739
475308814
384134859
319808625
452973127
124852184
156260731
882599014
758816725
512985827
570939540
668458653
757887535
749436341
927265695
976256388
852520711
676191459
324576118
708359820
963631860
682402649
705289939
214311019
127374481
735783307
474205299
130788545
259400432
418858487
587804695
739002440
550699527
478895922
729889453
398927981
24879527
556602296
49561615
309221236
100632950
337517052
365087754
338330013
138829329
712466476
792070644
832514257
253207654
878927166
469378297
826580417
287592891
795292240
969227113
216258592
349402912
294966248
463665015
264567243
519960995
789234003
543539999
358427864
738209616
580626252
965349354
578394888
644999346
127902778
351239710
295807827
322161412
5821515
622759632
277166393
661765888
101374484
746558968
609798905
341334745
918962670
525573809
716166857
915374843
171721023
829606306
347682057
244234554
337065602
553901041
767173728
998244362
181972354
356199852
462080388
409021294
91009746
44120504
133287160
742088037
989351849
99550612
812995823
995405678
59427059
172190549
66670223
785434057
194355007
132902785
541935964
819392804
639761963
989189225
855843905
671319600
702559776
870163175
526295957
283214067
295753809
825337048
306341619
795592686
252249257
978621223
666772564
773944511
7898490
162882830
612629540
240517846
710204615
239334339
57298473
737963305
525161057
177910702
854377298
337735294
103416747
154655366
811582169
589492202
860068216
532592079
563898613
566661295
212368184
785284373
179762070
468536280
477572823
200781340
703485513
207074462
213675619
869635712
79962802
951296124
660852148
235769137
85319385
265021335
629716729
562181489
150254709
958984079
778414060
894007532
103629962
862716427
987996246
933127251
182117671
894711270
518283564
218089642
803908474
310626215
501941236
396333394
51092224
228794519
756719642
579656772
75330214
786631885
585095574
648483068
738714782
592269238
954284970
146551187
722855277
113269299
777375898
375474729
192117844
66686715
498270717
418170451
908718577
939114447
777196117
74552419
799600404
100110416
68106487
966843887
908309110
583432572
24138804
211777459
321781584
185082966
149722666
121860954
357021071
145569548
696811737
519853698
635323169
319352063
475457220
656432040
991658819
355159981
381351225
820534926
134072395
11051314
142287018
574894893
660566602
165029443
968460778
55708759
439396517
303231539
230975848
727031135
404043010
283196365
487155601
772762711
800871628
8609746
999519406
299581596
810340367
15237045
784140839
23097617
484073932
386737728
684888182
157568797
477489290
141106986
601949959
507189667
888906624
796403299
428876204
163938404
290874178
588612200
542407944
52840102
767494673
638235019
248178067
529762344
238840945
966691447
131854476
124592168
13079852
944425390
965149157
929060944
861034524
338785413
937032410
974614319
738449348
442733016
936638263
115179022
702789718
600482900
719867918
297236546
703704317
916275484
379750176
119169687
313726770
492222533
25100817
711059159
643681254
688636811
820831507
303038805
107914637
687198622
368683480
622740269
722508416
629198559
945974115
960862632
277289213
498633127
889565278
907919521
299498780
679558547
322595413
339225220
610703236
934232832
732140621
485854140
703274422
258793963
328109903
802951826
129187107
576238718
804740478
224738720
882571971
913210691
36861171
444578991
499729698
701495543
635193562
589303180
722810119
448430875
866096458
301184917
770086841
857512735
694883050
251573112
217940447
941570051
326598667
379775122
959642691
926209230
630063268
484126888
33589912
249664874
977421797
319949970
402940055
564947791
338959860
375800025
528715499
731450724
26186522
325950824
644337851
67289210
402112572
555203644
599343092
148465012
810046509
752637487
966511772
399538519
643619787
989239028
989311641
6516918
233946159
791440833
668679470
118937174
159138894
795670212
476202750
426862919
750745762
786360806
68413367
529847931
259702160
456394950
826375056
504970167
299328360
656928535
573958091
692217822
730824334
220754870
718137793
430176532
120725813
809836566
814157341
194431866
213461520
556119182
14552186
11028049
43100372
998274519
465403674
246136727
657694728
189826525
15013180
375826016
546900784
261305406
936128191
197575539
870508128
327677762
874202432
344765448
859042211
290186355
996508399
765167897
97030633
717652850
876641122
673480400
610046912
364475970
990205273
507656085
182326034
850720254
112423535
480208455
604029657
348986372
948942783
967537851
211326830
735528880
324248265
970216637
220943272
85302293
832924882
431416292
667154035
295371098
654349260
994243609
261919532
235761977
15323052
132290962
341303577
316238968
498400264
344156058
162821435
366810038
121763306
385633285
126489019
755945352
472611880
439074580
940211166
887045748
319044987
290499961
562052146
250820109
288624558
214427698
449270329
828414669
283145408
951594401
133020609
638298407
754684145
600835491
312424094
906829669
382809810
562664908
620792964
103225300
708846040
166685993
952007917
931995208
465342235
891656817
473402761
635768092
961990043
9730065
977586332
97169813
190275467
15581924
434609519
844617880
781972661
161875683
584408572
671808186
215778533
232306677
125164681
317720422
625761913
502252867
789881749
186873589
134928491
906848521
920913723
716455233
976984091
605879989
41890671
377253882
559713020
797372306
341465662
687550469
284722937
926651581
699618208
759382421
837067158
722186197
103127097
869385986
232322036
305450507
941402992
117442841
420252947
474823404
121208334
302589002
72815098
424381072
227315825
153321206
573805672
130425722
392287828
14695866
814368359
73253314
146879295
578717722
494281379
662621351
663179374
746300917
197167330
367688656
852875949
520993754
500165693
651562825
79889840
502124294
361586313
125541689
378409168
59474561
540014540
13199114
637700133
828181785
637417269
233256269
862726225
277946397
407624117
199214704
802800894
140740477
629959567
193603764
145967652
977946461
244365129
919343501
149423704
333824632
450712270
324084787
571303188
354577368
76162288
724991028
678171435
749806745
108000024
195589123
901512793
289531707
88868194
998732570
38931464
19097917
515546089
43472589
110586971
291765288
396220971
538110830
18541888
964191124
93918424
631962748
931116411
12772450
733574433
764245865
837319318
500433275
259399782
910250619
228799715
126532537
875986741
411966346
245997066
912525468
980576358
456583962
699426585
921789061
521175119
421960153
205994045
154142294
259386995
970459906
244736096
39189691
848502177
723625616
709100183
811936653
887791593
731109561
242865813
472652510
807866080
82833137
354925703
527775683
827309662
293811269
540366773
312632910
267907576
87725696
341727019
667617242
331723566
947747577
956518030
990649114
838911172
53115696
814106822
988911245
927827554
682672226
790501661
75674894
160722912
42945293
786802246
757031672
289683569
187383080
624041135
585467545
265190862
728462547
936499357
237519666
887771755
124747247
140522277
873846095
711575735
177645982
926636531
542306515
759017917
771771851
918760630
296037082
621855766
354530249
648383449
356642668
27438296
301712101
933623129
745839669
602504568
856927854
438471161
685538286
42268917
930064123
203287021
186751829
758851440
517534428
73949106
29894671
207651934
310623141
40530996
418859452
659476222
827707353
446360871
506259862
500682853
261224162
274491839
701242744
233397357
645352679
513750358
293553134
187086546
157768753
970882770
919284666
69681654
94352190
829780043
60982130
487725147
752700431
922959843
793432977
935112128
487968318
156178689
799480409
705154323
865483974
360897653
363027719
24758545
682236072
121120888
763529143
131048433
10993659
259475900
88665662
646148685
433168297
481885854
555459283
732762464
346594224
111167774
619554458
453547494
22157161
662609938
425147682
119676953
498861945
668338138
309470794
738890944
428603782
366633703
164822527
342513513
571641960
9355076
207487840
775688126
295417865
623912245
734068115
680485852
311690825
833000533
220443175
27746247
266707031
971583869
139883649
744931588
85490732
897601388
910870053
235938682
894890772
525392397
487308581
86473650
668198546
248792258
55132900
948532745
553391732
718814089
756971527
286731546
64477746
24498471
738879254
430737754
913988073
138108115
128086068
664602341
229248864
327858191
383007996
909145105
399303196
504002037
732285200
206606291
101207853
508633779
33569634
662011420
669315511
451433281
491899423
528414580
670008286
109326433
652461865
931631167
993803095
468515420
353495042
699238245
500216609
553148075
17313939
154734141
57863449
35460252
37150384
802368723
176143623
746870081
967053291
974587978
52698186
843234920
235885018
626016232
944932747
833579823
209136804
753969892
250467151
485928292
483348025
222643225
389586101
602233579
810285429
535937208
525077344
174720528
432247815
882631664
686804011
998307561
590939643
31198176
853776696
470141576
766853016
815090649
847667538
786539126
42931906
45306932
96002288
362251339
828274574
289809944
964842492
462584427
226693393
942761418
939302824
589184597
998268743
750877879
121497181
482826335
360341394
259155794
794621201
344209430
965327544
542522761
400096264
181843396
955878333
205855526
605828048
750443455
521845791
349111018
622016151
665537433
424359900
416774767
990899081
274532735
558430596
840056309
678292507
479592125
660039898
112346577
875042778
106653301
305165649
655010755
925401152
586410411
465238644
420751014
955798561
729654342
947420889
599805399
473811133
349556558
152874201
497094963
426575438
99873008
447417144
836780829
93561037
50474907
504509348
593599861
72411436
549166023
659210736
687458067
985402944
300916141
248633480
881023019
99739372
64463095
733896580
437231364
308876105
415145260
442070132
781718039
802795709
902343260
65121465
272468137
787947153
905999845
894770992
737431823
269085500
730285676
240792934
460013113
62557364
402284223
697172972
521895100
252038020
597096961
249559350
752051588
453176381
379397056
222761194
808416593
434362507
566581614
864457986
389596849
675016618
75918142
529204669
690275811
616448675
197801340
798583819
515036201
873251813
645055764
506964692
179649618
622917882
103190999
574372831
221132144
920693207
714037814
382540318
761610155
686529077
183340504
439612479
245206682
328499662
907052018
857382108
265623323
983434034
251285907
968708683
710613168
966154212
369441082
259154533
173159595
605464591
482623759
598921539
367619607
775548683
497211850
512561509
673262561
835172424
91763859
757704867
950692393
376463626
435139424
837409294
538372781
437061965
417089100
654197694
28478651
958911714
485108738
469251551
597698405
253996835
432832222
302386458
952430040
260293721
663294735
608853659
979633461
343347313
108149082
359731768
311871755
523827010
594213262
849946836
791149363
406712220
500705195
760832118
391542931
128602677
267271378
216224184
368795349
206829034
384946735
642449532
865143673
731172029
726057049
399185354
344060050
869474588
571356501
948259616
520792895
145470367
813094877
745705098
124716437
884873819
226087870
208018469
683771371
270635367
26546615
904615409
970633244
490262570
64160813
655245404
521980452
474709715
235964965
637881561
307419789
452583291
527747939
327709969
665415812
712919113
353904812
832217943
560769261
363206791
247048635
768868995
503354343
252593061
669678502
120597282
619707615
476706882
35370338
808908240
674280421
882869914
287694381
568644324
979225370
173051623
955474739
889766822
869606499
116517719
870325093
836240251
505175819
961346646
927071368
331798723
666159063
317127040
637781686
190065755
866288549
573844967
349517665
550891351
817289290
987441607
564149292
109563943
202517458
817695952
13962274
610015881
800628604
354397839
80900392
492924000
77032278
753564542
41958334
771111506
341169800
312146496
952586424
990461060
246702535
433175615
349834143
890277437
343713428
607929237
557670875
262308030
298114607
251021319
424857121
948721768
746589916
303437672
642066616
548452804
483170093
276355385
873074387
137287066
247111755
181266621
408301745
577966437
409103136
965861402
538815190
545923981
261940359
603953360
988976072
946243214
333507418
12904357
662500906
827833961
727528238
851802341
97343946
493636308
508845593
787103197
713518320
839144089
31122978
290865517
313122017
65060934
553829484
907592560
443631116
878420010
794456288
764595444
633696929
680721790
694527369
126682836
7339092
162733544
623536706
965784236
432617771
778723051
747807888
440855687
662069845
851645968
725239737
95976683
59509599
444143380
59805098
260947517
241508103
904730782
274623904
784669367
950025828
730280686
156925415
663542799
647298436
641545174
12055615
279796612
864731376
913102669
289347309
203780206
45719003
210481437
764443307
783609019
300003496
714150710
185152064
152014871
378477492
383669956
409883342
971913669
107442300
666727559
707133562
709411117
357580207
785705963
874188871
394162311
342573947
589664134
66623858
620524468
743946919
403251609
975416999
237095885
211550842
147336389
390695665
435251993
198748308
396805253
572716835
715790052
595978198
125888864
869698801
788705405
920127988
416904752
75216857
545478120
828295144
711978042
261657920
849301218
618229882
400124709
794106508
396527089
787771759
19071432
470845001
763534859
218365359
803660556
987273340
734960204
721391472
736694036
800608291
576461557
262726976
583930765
608435943
956907639
969701541
828435110
393596167
560336686
627629678
718108419
535682965
457679468
643485846
347248720
993368953
706739537
615673749
69444391
102420534
698987243
335871514
587824868
756338141
724600647
790553358
759218421
853446753
602191735
49434195
913942138
374767342
664851346
796590374
646862389
663923690
205124534
681305794
716706188
634694478
55003712
725525580
339827392
796633168
167866596
242206157
655585126
347166826
435587343
271200924
270163927
681750156
11494480
230826643
335186718
726960670
328126074
989224640
218360748
980797379
342294780
32224313
454707784
531253164
976307550
91594722
84077247
961065565
569113649
479875750
201406617
934758024
182051787
224095872
785003043
760939897
922983756
92899396
859606535
254374656
181652434
795271889
898447513
396085457
165515014
709248708
968875090
468015011
342461395
928470212
372298663
700980554
274705092
76364275
803079339
4417590
650885248
550126433
538309399
745080797
885311911
515284962
383186750
906700980
818335720
590580727
453560727
964702350
804053295
636555987
358684018
485447548
562372762
664977983
11636981
717503416
765443455
537773935
215051144
911405847
822372218
982144071
444355441
863263761
688523570
733922335
968473267
407230098
130512529
833391519
990376754
952783664
556855173
673134506
266955587
953637797
668388274
451981248
365973563
489675626
873012870
191642491
191306579
264915447
445935552
810952246
818844042
151196976
68674425
277672435
666311134
548940348
574956822
609671730
813460928
762678085
684203006
920501022
487212382
272017933
222581802
325228610
480519382
780767703
91059707
873832247
9802889
599916776
896854354
711592028
677164122
862894406
762389434
537684494
901735662
11474305
965632842
103903912
563734702
599707223
144133989
458934563
237213569
674997557
310483193
702161083
170784303
552510231
795990895
253643851
90827687
152704214
889424902
49361383
397905490
924961084
162701190
500143757
651217847
433161533
33103918
73637402
888355135
571772602
465815006
113014549
25657012
48603614
121093904
438743481
165579507
343534755
882006688
402420195
214721615
603556001
919680596
872815601
849669114
684599095
506201684
698997126
297541298
623609383
996808362
530252514
887408126
499401946
988333652
96887807
943465908
429155788
922282482
412583247
100870908
872955402
885321226
297400693
369669388
897540759
179041882
731347354
142667688
642677782
542367373
949128242
544296643
24720949
479201572
829541586
397483242
176426566
324293539
30284110
200648840
578168491
750779372
666262807
203446658
637206436
294555637
305253397
679712954
66335644
884777115
765625325
128302707
337365408
946147578
522239223
815101626
636310062
973415098
716226273
442814768
892774008
633010890
299297927
435813522
47067652
921034087
318001476
203611408
147973165
698357043
668449873
990932109
705096195
78564692
618270420
59527623
521524373
903930626
644828080
827984475
532288440
212974047
260532687
274115862
296721763
6562462
862746046
918435364
307710981
92303797
718414044
531951652
276384303
353846213
959139975
631963650
779457678
532222897
382425327
628077836
592533860
724719748
65001069
846230057
63428386
64170765
571335826
847605922
656797373
736892725
879294407
739900357
324577004
366099003
292868270
247916068
539840424
753636061
280303804
21997370
821754362
239291332
10717918
598938625
719380268
597092165
139460592
193440122
481821652
416689579
865470639
241876496
837540817
173021074
307755665
140197478
80340665
319447496
820939563
320251781
305896417
450048065
978063483
333506724
369623639
387739946
658211300
112295737
320606396
16819918
985870508
270544100
747693054
103211329
718749970
908423213
187139610
839183647
177326430
226389353
437435175
969612445
84998207
69156820
107184454
954086046
670040469
706186348
709129411
676090912
355419912
396372628
234269407
35238574
798814681
223979521
68363798
360202703
48194987
327089792
497779211
51356839
268201227
986251996
720971558
311184924
890293615
758840217
777982867
844545972
964735980
287027861
495515390
644438986
71299843
737882776
455276152
596789040
108435652
729010371
7834273
346996149
102919629
167084475
20200259
986896107
884422053
784159679
313263856
860516137
552844056
858800643
399999547
745852920
677503711
273574781
842887229
183995923
400237180
114144933
615244759
860118910
194575905
823472601
942954033
425084233
595129314
931209919
658173919
773936130
444973816
670158397
698555966
311528660
734228359
387600601
871426160
324197250
632529044
79401646
41873336
608717607
746042118
403890093
198648272
504176070
425444383
790877430
648924929
306542424
800245872
563680520
195321089
517078983
293180025
88243861
479674298
574726372
90305051
405211069
707624142
918954100
278920390
254212477
761121065
583450175
896399809
559794457
561759922
588850964
615624905
71155829
211721342
51747101
767854625
439703470
949017296
577714110
371554453
406207838
641783448
29451075
198355671
256326319
667820660
404051166
41175615
132301816
990347735
865933252
459393275
957941757
905898424
735221248
974764618
842292885
933696428
651327774
532854114
564474149
81515435
691319161
66527450
569299651
376528212
288295082
259568175
320310847
371854317
90856190
535192308
222315213
37326645
743743716
68360167
687025525
689402664
564636349
784178389
676349875
86272929
654426088
784554548
944856789
119817870
556372765
51950201
569096130
598598338
926310754
378787685
556976040
637617797
392168364
443914787
622051015
688222870
879502391
673853430
890078577
404023132
605098378
324512032
889659895
538927571
779445899
504341137
113257380
395112791
894991708
427898859
152080391
794873555
304496424
820667224
673888866
817833381
136642581
752299122
244919731
859194439
434033279
441714122
297759454
422188948
422407245
814251989
729287634
919158331
942691689
236635187
714903791
309127238
943636593
138614170
760104511
914931080
123714942
345855796
59766764
430148064
410492416
647573056
204193705
706784574
906182210
937533312
449970667
335072697
80791544
339091926
135038012
984585259
254846856
651513329
785942609
531733752
320178141
658050561
269872553
820703315
881464757
986740134
884346442
644387275
846298713
599418485
687291755
466728652
637647885
93060876
372115882
568983093
845887442
432205016
401254598
357799627
394691563
883180999
624214445
818281366
962218855
578830302
973433665
108729451
743369686
771235342
766231827
863118547
19978236
401052118
36225191
220735712
256476880
151996559
765216424
435269483
824943483
875949650
116990656
130220599
406340656
475610045
739296988
378976265
324871298
5604585
356838275
453284822
251465069
492302880
425241458
738273368
847202445
898972950
766069095
687639545
908165574
988621450
75711650
534400941
9285128
134279026
416121080
688044686
189977899
174492377
930191711
709790260
172383389
64044325
84589105
412824719
491528347
780608293
787175799
959173726
504792372
603764393
859282180
816235608
354869280
220939429
335777676
984887256
374883956
544185012
495440655
887857131
904917552
486149746
957713461
728653169
761824768
142457807
47218186
497931408
320946736
431392375
871635196
927848359
459849048
920582460
176617309
535312604
124690579
699867681
165955111
279659363
356929810
636451911
547112834
17529432
206137602
690221377
456243270
706479607
878981876
602029055
712110319
940334206
182888456
363154261
547951587
476702135
50157587
377636692
815101142
847225500
68522963
371174368
312118708
813102735
486733756
274961281
562612384
950273193
553214972
722843486
759554386
457737059
137047843
808094176
795285967
597895864
860269278
452751270
673920766
155230081
321758884
849832705
996951266
323029174
551614949
121738564
653929405
245919558
633030467
594218058
761777228
87238775
633417540
559015851
448311908
25612545
914446171
492654206
976764621
7649622
757163355
48732419
694922830
646903630
752960133
786508848
913155796
425151927
714169144
257729154
902881152
929015789
715762202
33682342
64052941
562467934
70687508
293284251
123082161
709660059
746929925
908611136
160355492
34546133
281715994
833927407
37267753
640969662
872806828
4666747
611707113
679293453
384077300
401376300
328698886
250640459
359941337
528403964
546235582
869476006
456689725
518912161
888370233
746153760
894246199
533589733
72328546
122063645
188657085
847209746
910478810
519127649
32080787
751333125
331604369
152986428
247859174
192103893
958648819
786878416
556125330
394145618
567331661
867734965
904880994
218310590
584791954
333321409
141435240
85641291
143799027
280856612
142246772
112283086
695595839
686848345
431376846
786331239
917751984
213321680
109669733
159459778
386652909
328390837
128060415
489432367
126279487
31230269
406030076
950763777
81718173
11758845
395460457
627608310
678273784
923631795
746318985
750083259
156300341
79309668
221860595
64549467
618731871
205537662
364729877
921536104
603670425
225048799
92732926
364607885
576073390
839309248
259735019
322931601
504633803
73477802
571938848
370989175
994417889
233303469
211888824
156854154
396917729
13928342
595295508
242660584
299655834
140400941
124887224
682185336
60331364
743617862
208285469
346042384
87226311
406903431
155392057
530972452
226943119
633302298
355309653
32954977
961588320
263813146
494490205
366110493
758378740
360789670
854861685
439772770
436817870
595966113
869536390
443351052
620917959
73912418
308926280
212522172
996438921
165471628
92809985
767260904
627731930
692195290
950280544
564556728
527740242
433521481
503479850
686251334
40841073
241869178
847760493
509553277
754678050
644321524
563870116
831353824
482420065
480038868
841031382
798619917
760085827
300607014
809445669
49176818
940125920
763607220
273882654
830972797
139992212
445998685
31247421
505498788
575513907
991632889
42329861
588733177
36058635
625927581
467228059
226847100
584943526
432350932
573575637
160996101
491113047
541194242
570371439
32090592
117488433
153590283
176325335
458634911
166088852
105002487
840180057
322065143
883807282
120960164
820913668
76874925
300119108
146002242
76314184
549769399
716770248
348670894
207198985
336322107
529390617
12349330
973030263
202936551
97794713
970401452
434650214
447821775
18554783
331625436
964441575
728777388
86691922
32716291
435068945
548537301
944004496
814971992
960823591
111128450
594281562
781764194
351386418
793312532
408624681
137870642
239223290
412217730
204853593
240511705
562314948
530735580
984008112
899356708
166235077
675558394
247421176
661994328
876956819
577533532
25083218
143837266
490804679
714588219
572924768
227013633
145008690
314460974
280537681
160475696
54119570
299860339
470975105
976642661
302531607
194444442
285429813
36149452
374374241
527157440
531294140
904784278
878374507
645840815
610157661
185272422
746715915
507264520
524056989
197326605
254832280
619578375
902735219
321040642
246269822
580907011
307940323
286185460
745488020
89548301
744838092
330152620
511330737
846899868
614475137
659430443
126681159
96674533
340634885
186482027
530555962
965883580
411830719
729763869
909930173
31128539
189158663
758582026
600664850
75357726
47282198
378595840
700197015
104129623
676830290
363122093
407861359
418012292
229147151
900078963
704631471
969578599
122133202
543828223
608729423
8594621
62953650
508389676
921390768
221814862
60454635
622449251
42276122
946014915
296973570
58656927
114791396
179541338
175893609
692609841
743918332
826698587
928875867
520323920
84283937
293828024
656566228
226357994
683777427
308672183
530841614
942356193
672304614
208067347
566176839
793755497
284197874
812006820
171287760
464788700
513532670
726353176
267059488
296542149
692170264
428194973
436909402
839008376
957469300
917508976
58689964
494195180
828974567
447657809
727936534
376461791
746331195
491326561
279613361
352324134
421306726
245974809
974712585
249016337
942413642
24459285
575797855
811760191
29861109
79556499
673579680
678876020
218006495
266035921
83733795
23469073
41776527
540312678
806691212
582544770
65374787
248609997
138893356
224080490
935854986
241078176
175057187
633040066
670373206
162105232
282857573
715384674
879501983
323336301
969739464
924180242
565141243
199771734
790840464
150398917
377143486
542527837
593087603
295731144
186919686
107057390
795594354
206310286
733686475
736130182
851790212
845878789
521237221
399131402
425831775
645935143
142654841
777705846
550221173
393891209
848954691
162463378
197483485
197799453
43212304
694395203
653051589
991088003
124193331
866422375
636974996
113391773
28051496
266947874
921131079
163603777
800596984
697112345
678538299
882602503
569390296
31540977
134372438
951938511
210619981
994541764
579478124
207161181
283873431
806777445
85739610
808614017
251502828
242431806
458490159
666570471
461807697
484635970
858006610
980707923
166307076
685111777
769792910
952651175
885011695
378486759
967690626
828610784
764233454
28868577
655686569
83761876
610395992
863836757
454814399
537302332
646415153
795472258
993671247
550075424
740322776
897264060
221637226
216339825
922338674
151372847
441066732
925343992
433013857
763767880
622049511
909671383
868010421
735725417
711966419
315513606
740567533
461396445
40225209
627085867
972918198
976525567
656805266
470798951
375756850
335557001
865517157
541392496
948633795
932863149
766912340
31806492
336398295
652861651
759811704
89313632
255310003
909782846
990724973
516544795
242034623
694424666
644419016
300474537
846175181
340240081
470402326
844253592
939408923
466856760
26645100
622726651
80016354
591651994
202002837
505371722
680368249
924563743
433214885
456605093
176809149
660216767
103869792
215877279
522236729
154948202
145945729
224559290
625835164
347558019
387946920
867985342
965143261
182981568
799557659
955603781
477278214
526640700
377226170
381825961
998182330
877955807
867831196
686784587
592922209
869696772
857452018
792757694
668913928
332839610
502110156
483115841
850670870
680976000
698231321
131278699
568696809
479146342
177476837
309790479
543139632
11114792
298066694
526933507
641629343
635036577
166126867
641267937
426120851
165602663
922380765
862407962
222758161
533117970
464631609
671458592
13735757
372263614
534244957
283567715
746661789
455848197
563702386
944339461
865298219
864902773
5974161
636030718
134727325
992962665
507568865
757614804
615841291
891843109
111613282
832099499
447423177
792277358
469445634
8597780
101532908
815311058
321372118
198284306
472095859
943621422
172142110
728329117
652887909
139322971
371474885
406437821
955933273
526001213
95545934
312048421
910747943
816844802
44363136
171035427
37311160
31335222
903618764
94650763
172816813
345078936
870179203
494155736
700628510
509057216
58205953
980073873
579804988
272958484
810631875
300645565
69884748
748902178
985410317
407729430
332784844
821759010
365851554
175014234
754435774
809716021
665964900
462342120
32323882
850785813
131502623
709947164
651717525
260796398
23307919
235543476
716283806
964487437
117017106
849695805
209967026
22518708
31822135
521692865
467677085
882858431
145706628
445580356
518033585
771271693
306351112
490786668
591309612
596528106
191305852
832819454
274242419
578255831
568260573
96770031
342462868
721677484
253606183
372755619
943137758
549575047
70049413
416597052
507952850
82275649
319313112
387962500
718795872
111875972
18464941
853351702
913319121
303266160
612108353
105218904
535743630
791660334
918820408
248631146
922023916
576632762
242120123
868613959
813491843
46711117
715946346
18562844
924644657
677595766
75342674
41660255
568861790
747124739
203177837
600298506
573211852
519592144
335944668
390578438
273917009
226566653
382285698
497584969
94145206
493570354
347703726
281182321
468947353
417790206
38975715
46836687
582874113
368580673
854906556
609056720
849350151
294684533
409009475
441200328
650096836
929040070
187020033
965681377
757736054
324465234
924719119
235190917
312001804
315023136
744404709
362682890
695630467
819215961
944745825
324315460
305247722
898290506
25946776
524234208
774262275
245451810
502243699
990661132
274720327
189025512
871935430
759913830
674897681
862564998
600631490
36221746
88097756
628044154
262737125
105927556
169648801
712959867
916540772
382790532
157283299
802425515
229143724
820799313
738018094
361697575
13715074
156563209
581489669
520933032
885584083
909465215
103235979
770796672
936461224
44622688
267949705
591470612
903405280
846815903
446641002
364666998
961189072
364317330
347551564
730146446
605676460
75147310
430993548
302458581
929551750
229754878
308861661
372029722
530757965
826111827
987823040
405940150
532598153
801960828
208981219
489516443
161382030
330158264
909428264
272948045
491973132
344158226
597399121
244394685
227137117
571525809
556151053
467467496
156295379
438332465
385386305
624106729
252574650
951475246
561652235
698680763
358265359
761000652
813948658
24455727
579465390
880397760
774471061
216808762
671969603
614622137
779528570
452160373
566654033
455129372
312734078
850177358
303454643
959833501
74981282
548341691
254618800
428794610
229186058
772736650
976671202
573227423
709832994
476548950
703904152
181238752
514309862
913123017
39150146
724827272
697638692
792304359
396021784
219300604
191181840
969373808
476760603
773153442
663610786
578210884
426979037
927540533
971232475
269116036
104257791
307214796
971777332
486775899
579273866
885295292
291813201
165923401
90213664
221539928
314344778
552047097
534816748
91533287
235913872
196510412
566299857
322574135
676104561
976051080
440094663
890408211
236003199
917216225
999332385
741196138
240134956
620037770
6448322
116979904
984226131
568192724
893908907
992347259
412101874
391696295
361260616
22794544
637990653
138043872
878567892
390674476
675650733
91317169
821557608
26157063
711208466
935860778
834216982
520926840
634968236
843429364
939408831
426038795
105448258
380317885
377090960
482570876
529713317
707004064
618724837
703692175
949186660
863111216
883979269
403943973
266937534
852324672
349765503
702547649
417414876
667597024
837822138
620456345
473096715
243752978
83947096
313440817
458305358
744573954
302682526
607627655
673522993
327711100
651402092
569459557
554873250
859200647
855358430
517362400
255753494
510445537
743513698
528115001
668702179
351568348
735975838
767172773
893425876
362666183
830260132
593026847
623980766
565470783
396953675
130492019
136411463
644391772
876220110
162654082
166797006
826607973
609525058
103820094
906458633
511290473
268876328
811596101
989312458
895503441
967532190
381251223
758943225
437713836
278511841
198955624
854929190
319676438
256247466
316597574
245852572
98415528
369610843
864616564
123886861
444587672
659676713
431837624
509528774
862689991
233637348
475826233
672639446
482604729
270046174
827054096
668049206
571086331
815444720
536209853
504237963
252115340
711327972
649170071
287476152
61782215
158606745
523720952
79791073
472622610
713061570
859311723
875530322
587047242
609064124
576360715
961999700
982759176
694745290
477836597
666957907
651839861
585629416
100895994
775145618
611685130
436382361
36556658
694730113
802532636
741096431
358944467
220265421
790032708
204344979
876772334
34561197
410574462
365147445
781323230
99963355
698429801
767140795
329918105
942489890
736775431
400117747
624628169
683382516
735387372
254505604
659112372
174691696
826750067
341286890
128539707
208677135
140988251
928743957
61742065
398681972
745416244
118182559
851645613
876352990
150792892
765347103
228695813
841914521
731116522
623211496
439013116
143364397
71399724
190213152
509013083
931379767
564569447
940340703
609441954
742097094
208555396
624589937
770621981
320732384
254965609
506328537
542923393
886513706
199048995
662151271
819590419
139113916
651557843
986411150
276163516
203177620
569116996
188113550
487978567
769269787
889161797
211956671
106138666
779032112
282357296
332154449
331803556
696231253
117134872
509853861
890360777
733176549
502198585
342352484
495357318
418532236
845152203
639239554
937378134
956515217
259459405
636803943
519304685
196538580
734861728
505282053
422842709
294105532
241660789
529180451
303100078
718611816
263523897
515346365
754919310
791703773
638162059
421853627
168309961
256509121
622360659
278681596
228789548
185513735
309043613
499063477
466531841
58890304
646035274
892972831
475451021
211453522
874541444
99402691
245014635
284607096
795870453
316242908
823181503
250288401
710583174
315764372
556650432
59390417
920877247
908169034
303744375
387557680
739921558
598459317
756067512
436424232
322554951
184257340
383765842
662737410
628009585
757133025
500302718
659765373
594409194
130164635
395254313
359440166
334957290
122809144
276618617
233044198
869003167
488791797
827865289
896178274
581438062
299484418
47668035
250684263
116160224
794667675
994610797
679356093
621149509
837628111
222444872
447065477
625503348
324352936
277450223
868079060
500630870
555740496
738589726
361710585
25603949
597051086
674521804
430005201
517477561
796198655
347121462
645677314
184269426
242677955
328884430
10429172
567551375
932364175
497512973
863130848
747345466
764923697
480582336
382813257
315828785
982606000
620916959
270522843
719325811
327024613
998735411
541268080
620571819
900379056
150098905
962801169
219305972
283732895
189696238
487125834
854450769
379924719
829057957
449021009
406753921
558317539
642673176
660388920
643137800
748071584
619251499
786979990
103305024
624210068
530862673
52774414
620011454
27075748
159895046
469571923
128693713
153498705
633424970
833038247
921007523
770934887
599313097
507943299
825954264
357529826
318991534
208521664
166093343
924784486
592493394
765471134
317490445
623591513
862524076
925438339
945763720
814284187
170696825
85790035
457706485
6928886
934655474
144788355
424871816
309531527
521263723
20707704
835320847
728183666
686220055
498815171
736849832
733017498
649656532
307319264
599360551
32570098
436881491
220045855
276930082
865506667
636257776
31551199
242268423
784634454
839816874
677552233
140656945
918811452
620739464
104181223
427793220
463144844
771548381
26774538
538061505
245940404
76855834
902561517
218175099
411869830
210635111
822887627
148062510
83894570
863052971
357524176
493769941
405809492
385770429
726294801
236230672
938888090
243268992
543571785
65270352
624676486
777468996
537173975
624021565
179328088
284519335
942954138
132521596
568675445
851118597
792327531
868582659
806140238
293623751
929638702
727640110
128846756
994515399
547846934
178947186
657187407
229620830
111129904
404834902
860283470
962392394
66374781
878843937
164741135
114799103
563348975
534703423
614869606
407903694
442742144
711399123
529612684
316579210
732978318
687414034
539101810
536069059
631643235
368849957
517030736
469257994
52768390
342486559
915317025
618046403
248977341
143265761
18750854
283396085
483942268
291874790
333000778
11652736
843449576
41942055
515392796
594918347
249774556
466726584
30840280
666782093
274141168
25260664
673991597
665381204
729069886
136139242
862111838
730175722
6031046
58475113
712939263
274881389
180105904
56354314
887053554
563412165
664801576
208025487
190923641
592470277
618631344
884281198
334990039
477573213
331933460
308871377
282034959
790261967
518754453
316229840
288826600
634558406
953475504
660355861
215070002
55864835
504788740
243518810
996491101
606177203
273900254
331843541
300671594
960294485
152440506
762809576
675312683
572260177
996735442
64899440
158765872
873868926
924471817
410776678
807566586
713193044
216292596
376266104
230175412
524771110
658102804
776223278
961429014
545310033
664935863
265159586
582378261
23658126
668956517
389429632
530423251
946322045
598781624
242340419
846678132
574023527
524877755
166597478
63953349
905382383
724891316
272445179
113237314
335483837
630262961
548115387
389763257
874454640
133643985
231129632
812191172
912458479
799112161
683930354
58319971
549562021
667387257
723349827
724126472
178812070
392729094
537371238
257761503
791348908
863069970
154922803
250724140
794375994
522982231
918438110
214826122
895239880
41539191
671360439
33453177
336465177
121725375
688502264
633660868
58558895
578310075
128938157
996979471
6549927
53586958
395795624
29164387
346709134
166020071
781131856
703466251
181088234
178989065
1239505
967508522
880543139
558815938
964282736
249438509
842184754
103347820
649687703
345578147
914641849
106862518
571474536
955473263
528398518
722919295
479345686
478240992
122635365
838833014
895683906
403795928
779058431
232220291
572552752
787557336
803949084
339432067
885800893
478562797
905335436
720741223
690699979
781807824
346792045
831075924
315242737
707545866
439279270
117096490
666674612
905206220
674523851
961052419
734687574
922824136
727955229
440561312
277928711
571953112
750870684
454114097
342071150
610238775
916606992
816144553
922532894
998331406
179865205
430496011
92584501
159709626
522169784
234351791
532248473
909260466
974670551
16578822
371014013
129752819
511292198
850483217
904972638
23200716
313933313
29938783
581512032
425497258
75646592
207248463
763734540
416645837
126120359
812443213
389567313
127296039
760173283
367420561
48831927
119265905
541872117
899074611
965813703
406138496
971606094
135842132
543839550
506496694
835721404
608870988
51183392
70129953
615568647
974904099
605386686
678893716
541237974
820804875
188085452
961023518
157332565
992224990
103994629
302069263
405764616
268692622
674898268
834853049
278918049
51266817
440306389
562304126
227111099
919696719
749825667
75439944
112485811
335337457
420462113
827542677
436522673
289757531
411013392
637551357
613819487
430397450
498841296
627661345
352365955
768600843
820182555
417728169
900441744
884475414
57899600
694243729
737245373
24603173
706579734
826180041
266670084
823992274
683652316
398281539
14494771
217738897
457772038
135439370
812610378
741085131
38457795
506955400
205380569
788179025
501140803
160851589
525622580
807810039
604792867
763772491
251277901
413279264
744778883
780259036
154302795
373160377
143685809
563699872
929987773
154079461
995391511
989981296
150596285
894752405
87557912
521076826
13054973
577777632
504759862
675151337
522489764
886776239
419195029
229286328
979464559
252964552
891901101
420247333
835399096
946946094
155045542
480541769
121899885
139272898
45980061
834001500
579996256
236615082
386359527
758958881
475800578
582022245
655816371
429649759
754594253
114379332
479080743
399666074
979040962
700638517
212240251
468988026
488837903
910917817
408481200
189940825
451441894
257904662
850233979
626462284
601725469
14132571
684781115
959855233
673774998
126761436
938073223
700472001
92148732
42002160
650367223
804894595
596358194
965379414
951451937
96463953
190835917
786572566
789153100
194605124
541944172
896939219
357791087
279163303
135370701
85494105
544896983
499940121
617417549
952542561
190069586
527277986
731491240
731205591
104801989
670383344
792379823
228743581
772908944
859376390
257793441
945797879
345265620
151962869
612353090
5664667
906070248
288629675
191521895
780889519
191952851
380347349
899473178
919746912
547316512
448297738
37885265
303537416
391998932
962361877
283914500
473896631
48486992
894736528
155362233
570670622
221640693
546273276
170385758
685981483
737981676
724849951
759353379
365256553
446505650
72120009
783009091
533346791
881030664
836696897
7397109
992674366
448176561
166398954
909399959
493229028
397493553
974580482
582717309
451591341
591899754
402836998
407256331
316418695
268897649
5562927
649996472
831790425
484236137
191295669
329188623
172595014
600445017
65679788
255792745
561813044
903167667
79346756
343538920
916529176
736058128
680158607
842842062
437873284
203452304
889143972
686120182
984074762
416156621
511807319
549696363
19988235
715849498
842502197
396840859
892474323
383194257
173326749
417577283
705506472
546893547
167157213
838753434
619985003
647677713
726121973
974037810
353357148
84349955
142244893
144800636
780686777
431018923
161635851
888811027
258210361
142380306
20634976
54379397
716345117
658507852
674150796
496408206
319120652
255713129
523103333
399534620
303486009
461479999
572458166
120951253
877765129
912875011
785548321
32112552
218267248
186870343
368941503
426750324
875173052
419151636
935225855
537894285
1125604
594392175
363371938
945737583
261801008
151370452
553348311
473916419
519814008
664183081
749598221
227405486
585076554
933702073
576609863
402892734
118205093
538379318
87159196
243900949
401044277
241399368
438540233
112707798
63190297
736447263
422695895
793285693
440560669
848995117
384211891
172791438
924138737
175697485
240154388
280142847
852759149
741056397
632350843
850811872
418297619
268792098
531832886
594434712
314405671
7896711
879447586
44818590
941458666
484589287
878457881
238438716
442349085
310427342
968552412
714114830
868335948
270480479
772235606
245875793
720787544
141203780
289078803
477552792
503012766
231481172
817327447
968380768
564710764
220821430
493184900
712594281
753675277
520105593
203746569
681582338
660344436
264547239
225990648
505227625
993745227
333654004
309279246
480391940
252294445
319313732
887654376
70070141
729634764
457340910
413932497
53495165
645524162
688362877
896894406
275320540
247985988
951255675
106189315
511946487
674764399
943804503
49631034
218934754
373981116
757934332
216542928
14264018
289440778
311258938
280109311
138028165
226978739
277424911
149708455
680006479
842142423
346999325
307952563
298427192
292944019
341211274
94930282
42947518
57113731
570284281
856222798
100929607
254530767
245679912
17925553
31726743
151956495
390240630
963976258
920743467
649863284
652818099
381953494
835423197
140938273
863902300
307482344
697948130
442022916
125918451
975505712
147863912
535812055
620207206
16264199
767452458
386172460
179116614
738096772
976932036
889575540
579309601
216620473
983878854
549131605
904900051
9464133
761561264
441605623
610948758
228053809
187227941
404874613
550563638
805278389
434623062
598414461
365505162
211012636
563637062
449044353
76491681
66446912
351982896
217764001
930858347
664224312
639582287
667076885
230076794
413646696
408405592
977678408
120499667
616591859
155926357
683812004
498668675
27241521
230921861
19705523
560119570
544872808
719591966
829815027
398984562
420916505
305538147
225969788
152543533
393315219
960130176
850052348
645060128
518356392
419354136
6551725
590935749
750060313
871885452
83390434
795789229
920224549
446537603
340332336
865625815
421105680
101853006
764947751
348730679
730182818
143155718
472097394
338510766
65923409
316292864
252140034
945816578
827570714
864707973
441337059
193923360
232455980
458565598
498414995
608508047
331835451
884174110
692926270
585660314
724139952
644549626
568017875
48247261
142405922
847299045
410515608
88862396
985624324
815059901
7542564
409342244
80855853
270790012
502911136
26720123
630180858
149542038
678318050
520308117
889402298
77819344
559981767
641148422
115356461
790305377
825933760
315870064
371549873
347115831
143738222
482082508
809547587
72152481
159682930
696648241
685701728
797902070
797756317
755145479
924130662
958527998
6849289
517536280
741387146
80190924
468899994
968987263
906218631
401468641
182057859
171393499
983121882
616742919
394371881
320943135
837646233
777799152
349101489
605328640
946744660
373388556
772547652
883776432
182443996
125838100
265646422
208051959
321464506
26970648
715781457
332804194
960899228
236453282
781248628
115943101
60385629
941199381
715517281
581821768
544869242
83138303
179867338
11685580
444413489
150253433
423972027
271425771
23886470
134353533
808466099
198421298
810909196
493145658
917286226
781497551
39086164
415225076
737614243
644482948
561410414
627536265
467758050
265285084
768297015
261763575
849805372
192659020
884335192
80178956
301324874
397521676
970056944
977589520
422973961
229857511
288533477
101929613
373798765
901897958
140838739
340140807
755053157
855694024
194326316
86540299
81316753
590668557
707116408
452844629
409961815
321308560
480126464
564341997
420130901
340835673
200112756
227325362
389027521
366286379
339989589
108683297
878048733
568505471
22572415
373168975
613089822
652576631
981620061
784040549
980551460
61085376
116376586
116129677
502846316
176014701
186486564
290797967
651248320
313215649
456885717
264890254
455891314
768250449
260225414
663363745
562686949
380015779
578802744
920393119
535893992
211893531
809225764
853818336
673314960
692094157
981444043
352718951
737121360
534421150
769430121
782134896
598020204
536033334
976158750
355547348
879195778
412090247
913418565
189589314
616169485
64416132
992012790
344783025
868513942
36266416
508166297
127473820
417649999
242688439
788174075
667281041
63081909
640606271
992870344
932503123
262348830
690842652
912773683
644999777
314085999
503206012
235105211
294063069
183308312
94063609
482649836
136885106
507215022
108538843
78753692
193948989
957601768
53298938
643436626
31021643
366314118
718585329
69652757
654662252
508074236
160158605
450159341
956699168
453453760
590612037
177794346
469910798
989188432
634505658
733417601
276094694
679978249
325808725
637641502
612890405
743630872
969213341
708882260
893759194
538600175
565621790
95442699
128784708
263675948
463878420
566298034
673637345
639352364
632272796
717618947
745904333
107442723
705630985
884029707
642587642
113549419
510931750
985029190
734250811
216551932
156771847
476404839
651653752
918603060
557332759
911528540
414740691
767670113
619912538
273351978
102152717
945493831
423114783
754640108
71351071
754547096
704857236
708223089
619584494
930093178
966304318
72038652
835234732
548954876
259085857
286391964
193514510
698904054
17533731
415674217
577388206
816461784
334157428
519786937
270681618
502654839
119825502
776493841
629192575
311072281
680452374
43767925
28722312
632338190
192377153
585013304
544597005
529722029
645573895
824881788
562936356
219038378
286303791
360498804
46582541
506989893
628472629
127727637
67786652
537822476
71159713
128462349
440085451
914504364
107991328
366564348
664458444
986411610
507032942
564266520
739229490
269721104
562692733
144741554
460362305
782629605
846171117
980935631
709197271
143553535
131185061
284701665
255936107
221807836
836345714
523423499
871660679
829333251
297784846
865406663
358811331
194514040
754272783
935435342
834044387
719424006
26567106
672121177
714502870
551959716
310428417
640575911
520264169
80115944
117206008
246722596
989617704
102267309
144006266
205591487
878666080
140150715
905211368
289141919
163932919
934921606
893630921
300356211
777888572
936779506
461169592
310938070
361894781
132363280
860896512
270898479
213387921
140486862
256339827
164265749
343252392
81703037
460010582
731242496
558588187
758644093
211347728
859361098
131811439
269594479
882872400
893083431
454323017
368511990
910096579
886546458
210793005
677115930
396428618
271974565
633373590
752494465
39878176
322128442
620025524
508342936
457806497
599756633
345749549
152856749
213335452
938331214
946540350
141075024
671047703
765901757
873798403
934213010
917030831
126047802
159501855
452209141
961263671
711257235
896610243
407885936
30532890
651205675
274091497
905730310
554873327
866221005
533772734
355881944
395868708
853262376
501592028
48852703
117319125
922000763
933387626
951047385
391642420
787154819
504572115
330650861
148471748
247379842
511948964
160469916
223692446
127069121
230747081
855080289
231257944
718526547
429283989
260809576
873774745
192791031
133023486
651200634
371483617
647610919
961813454
142965521
439898248
184800458
607483778
131078320
801399525
581414096
527934316
878762805
994567734
781651169
254745837
190368447
59184925
552826161
376796289
438583203
748147630
87186461
80104300
959500383
27042321
295424778
568206839
626374596
22695462
524153257
613046389
29059299
214724077
467931406
422325551
209176726
962439746
330700004
509550121
376755655
90451158
183651924
35521531
181292520
847167463
78146502
838803324
93538708
492962682
820580033
902311219
896755528
163012645
579174061
846722548
851512414
681327879
755992144
317749365
659810914
41888051
349810339
588093603
568237588
591483979
311592210
48206786
254693451
716015375
471070790
837301212
106415034
527866024
547379675
407597996
154762585
246932837
104507224
949640046
494844184
416435656
576133389
766876280
405106735
984981290
444134454
558868297
50696039
141332834
547739388
980202707
753286317
168130726
343754038
609675432
670690844
748164610
727868969
27192467
894788735
108444803
402266938
260248038
829453155
281417209
421278037
909476035
99645176
678971647
245935647
49448502
207211900
314677190
491178765
363790743
736507689
271262759
346552937
402649810
885307760
565506511
135172984
330432310
117945757
55488835
439200236
378510810
573800754
227644986
22498425
142739661
646242131
532228536
117516455
89989407
257899484
783846526
512482162
558081068
780863705
262572948
631740239
630721346
418292572
31393875
733520477
215112494
416422787
911589399
503418999
38644205
771827284
81899010
335090497
948863936
909630682
48159304
587075087
548967841
666934122
954836304
705732759
491847809
542849097
838023818
174123461
239712728
84635067
985271401
345397525
113592932
757905709
423542767
902060627
304818512
118046516
268824255
450374271
893954687
541776528
572114668
257340865
836620450
291036612
672176069
703200344
363253378
699200816
990557619
492087167
206683074
541311896
317702022
709161183
588954266
837214030
874592114
641957204
449757608
840175117
771704439
163186482
646372483
581316404
388337648
251551172
742305834
912916389
432310477
63511742
111650405
458671359
909926086
723968190
371163093
690333318
485141430
633882721
377313311
199281801
774262566
27915691
169950355
739537707
953676899
181135037
657611123
295272754
88534565
631317979
410908294
813794656
203643853
829783284
560461991
477106146
567263612
924032388
287584642
571876153
952430492
680608240
787952622
976452924
669385040
605176967
747535342
393927445
704267468
871683952
252020534
220146798
635494020
437275590
571589227
815922812
624599598
841015809
240726575
74615335
504293147
631873518
300326079
840216657
853748937
326453731
718321604
659152032
526467498
69632555
699068563
565720782
387597861
97372530
813911669
707806703
859785764
307411371
970489288
121314666
390378001
130316231
960989393
164583499
394022296
760455916
395160051
749963632
542743122
578600523
234778517
669240560
87152921
276043616
407244455
557420063
565296200
22509383
66516270
108072562
117770584
168088815
235260204
527147638
946987178
822570387
49597409
15828653
970514956
246904791
25526908
162411876
197480681
225453755
28432098
912718107
95037231
618496219
66211659
362947939
122349953
339244986
835821347
706769831
784945285
297077799
182248923
207005103
390840278
36392541
328948201
626653160
436494616
330912953
989123326
933360042
464423519
808367399
686012582
311952143
818408838
736915789
923416164
904624050
851068274
282983161
677803103
728500947
827787307
311342716
482979998
499511924
918946637
597239504
972209547
772408915
641332421
576141247
507236172
907319608
889586661
626579538
899243317
447868218
559498380
263757918
992292855
219827013
170259924
829148793
899465466
345548697
980806101
824803356
932511730
392699154
72658514
545567213
177224542
111770408
199338441
707984793
414053564
563216915
537791786
776616924
183519511
731073738
509242763
574317359
159549182
536064447
145147974
435177511
461995868
325852529
517529688
874450001
544113296
645193085
436991978
137243277
737540586
941243744
87257946
174505461
357098478
820746080
370792267
759143063
561719528
759751763
759129247
783089496
895437366
565250507
139633035
60921131
80428579
398513378
400080782
264038302
930904902
204480611
123790309
200029337
265532883
399626975
525912641
343746066
653328090
61923991
69931515
705590757
638220318
940519085
886869661
605734726
185597013
89473544
291952595
801617508
470257206
444060060
130037842
558065798
810099304
341854986
473387598
981534710
579338098
401171933
439911309
314741519
524575699
552283911
338924409
724965057
321116739
605781159
908911140
502082007
200021680
383700700
360198830
999057425
545707160
109188215
24430556
804547367
292618184
310744234
195431465
582063418
189607190
73136090
429072135
756476340
636189665
115433018
365590023
22832906
212325310
940569330
325909981
635731954
422788607
468577208
392960115
340820807
531373000
12275177
629314182
301145212
985908413
317125543
346369140
361173050
499830845
903603180
161750256
486051716
937819247
395728280
969378297
745041816
966489725
840393512
939660957
926112736
825728364
702453439
841802897
273946525
850234016
55202996
845177628
932265823
244487784
748053534
118798662
489024080
932230595
941016050
329668910
181700476
236155739
923923426
213743391
404602706
197834792
635054041
602705634
991025491
191425582
80513922
236087755
871958122
118716604
219178748
951062147
352590384
560357311
49072935
489046968
288260130
918584773
593588748
124200198
657908202
107471396
801372076
75817893
462069883
828036562
971312716
79323195
343724410
172839711
807659855
268018624
978444723
832580179
37283315
795528372
48854123
608818468
301042728
294780059
858771708
785702188
935616418
652544899
479856097
296866756
414678207
708245056
892282171
869447193
827569833
859214361
858357809
321668626
28995706
370445616
381539799
231118710
222007201
427020898
428967827
952301792
221392156
53965804
802642702
792923959
57003333
231168851
221575846
525526339
371887365
787244860
502318205
392096171
181238566
620755153
778319122
72099738
877986646
186046160
12228484
363183968
227415258
764086131
391389118
300739418
175999906
856879177
939841619
97252182
240600721
681648228
357119061
853508288
507621585
128545073
356923326
259624983
248135964
403149492
651362897
105950975
70245019
615128549
479635648
613829191
85708087
996739880
965067075
364368375
500692687
771151681
853040382
957046425
785528844
90643110
35319851
571033315
85781938
427652529
233394023
383175986
485983134
603239788
209777365
544578626
34300800
630635820
225598004
821935920
548012709
974433124
977311356
629657985
527567200
678435260
382903996
27966638
382055345
328806809
477220983
696289782
105496965
468098653
735368091
533446101
738330497
338885880
872118879
45548298
126075086
809140111
958295583
582646357
382439253
731724299
821293545
60262287
42951359
14439227
627870102
992486992
559793863
201139045
88281481
172975934
671077221
605974618
912630489
707631489
721450699
384529602
494809444
278327850
849824608
222267312
742797086
752260265
701598224
832495450
267818234
890623409
864388654
917233401
709688229
41861719
450984592
560667542
598735116
151228492
504350528
719746744
190304837
402547415
207357441
741517937
353415527
744303646
100774192
57175338
792377074
833943576
100252234
609360207
142278120
153721312
513847359
450623859
401576817
86454356
37120847
817014231
883359365
922054300
940715181
104823221
319360655
744620588
585131425
702734052
977070196
773068316
737824945
265594754
731274188
420354356
178613881
542097125
169891481
916947383
700232309
123707228
884862598
764776888
820304773
905098699
56210319
463707580
105369261
135150093
860258919
324377032
18710701
329006362
306522941
104304640
472394464
697496344
119991120
608219371
887926061
294498132
890587154
302805938
508728265
256420973
761624141
35798718
480136577
543439349
729508300
971936394
68651098
493902170
254786705
116462708
302381026
160712545
243351656
623945030
117954174
552972882
660166216
808504251
988564796
687631002
976408882
706212875
184284044
822602223
874289347
480799172
820304475
786367420
705556325
458055462
45314797
591517291
389481514
17805610
716299872
904493086
243864093
723125127
76796986
709013180
442371843
496805250
681089418
905816909
642523482
340444622
174747161
589457145
893095585
726264175
931524372
56755596
779034208
271725243
92116614
652683365
60134645
423625975
353136311
453104183
822233267
968313177
952304860
181147048
760309206
397726854
700500345
96881556
896293098
273262245
739029236
826087118
932863790
184303886
619789360
118071472
91372110
321513841
189842304
767064918
182023830
693944325
759593286
784366032
396980287
562170134
934810005
811564029
643997400
95669648
221785605
193614467
938306834
810796848
193229389
576840615
795240788
143043141
40547982
492285900
290538583
495298785
692759297
771950833
160058476
707075221
258228821
693841308
62860108
239940804
950009851
985016947
930311989
48153944
623304553
759543401
536486037
471034321
682773126
730944525
307711946
552957647
28917077
387952955
677280878
877316242
378189729
164733581
823104328
885797210
719764608
141024542
541237145
415876086
57707536
198703055
260962003
82188923
700134142
258081342
416773219
222170596
861374371
166272423
277286006
396597447
376588975
191767290
437070888
483324234
564293286
493735114
743524810
612221854
692089490
927009308
634645884
290097135
515448144
856805953
194698288
860088493
488388219
253003366
219600325
65416599
219568360
694886306
590460839
840219434
445418332
512505143
493394940
489696332
385254932
370554528
605456932
262443008
762751444
962135511
356703221
422206157
445017124
539057542
996714253
290702900
822537443
883717803
886116632
148050199
676348520
699242831
417921864
725990332
405686825
297178627
881676892
799617957
814602303
408858260
674166263
568936235
657838682
753140632
587032332
619554015
836013522
195290402
336736461
285182633
898387726
127091847
753221047
664254990
647080138
336765276
603816130
224084836
103239883
10517970
588608007
542815111
942574897
634308992
887880466
994951309
5934784
146233415
111389804
66012883
844179008
847451628
251372743
383843608
824353014
622220301
889173649
124291518
961690220
987784590
451934012
88993416
467019471
66820200
508371416
79807822
803062938
896076782
610345325
615809934
980702849
855105056
260804829
393808423
52694125
458070219
900111053
664175988
177605279
802628905
199445477
237946098
725393547
572890645
192285387
514897761
598855133
740330905
531666224
911547320
962264779
856583511
250204792
533623912
453225505
170704402
871156704
516759261
172342677
622098200
723286891
237325778
174144112
19365935
109272995
233997488
314622985
891469424
416454339
150276923
625397977
866755610
207488699
458343854
27148280
654628543
787157708
534810052
760109731
703155543
515967275
993433484
585522585
748108556
395963995
597079760
156958053
383466686
813696810
884021163
155176456
740010985
677192858
35774427
685676587
89324088
483281169
987038673
753985339
33431367
324012329
904698518
736564102
229782261
115808395
826742132
444404025
690458819
371361934
80918431
185784320
906238192
760006105
632772875
929346942
789160778
124627212
185631117
130116336
973675616
73147482
510697629
691818378
735888113
289218826
272901893
967183554
867325103
63556689
957467079
940942912
672067430
677843741
623488754
528086469
469207344
611215133
538422715
476161476
98405234
637470600
393439645
937140573
173317603
126052424
412053520
173573536
641409652
483846278
265507582
896403610
446826796
65394629
356272132
910409698
605451125
970926647
415640933
42312420
232609736
516139779
914689085
13057134
451298560
640323119
361070282
401077586
907221439
125301715
590853738
733114349
259839483
189958151
655614188
993819666
354053362
837572552
855509307
333859826
304201496
588385975
299097628
904303046
745160589
292110070
869231295
662685929
852187257
153731462
532051234
843118730
882048678
397648602
452628194
707530963
577456945
323227729
288779064
12634192
199393521
455885255
783037775
715023672
703994226
799390651
281855171
844785867
262949279
505863842
619532993
231513439
972256156
511027231
381198467
115662224
594858877
714484730
686148031
50095693
518863010
13545326
42360814
353795286
673530523
530551180
867307866
351902419
26092333
821437803
797113375
937335246
444044702
421664726
722048422
79802753
679855169
597054546
971637603
331600529
879795502
414518923
805648862
103117840
382915316
62977479
961697242
898361689
875679058
324064395
700056278
931086987
390103692
341098723
74951626
98741335
114190399
593334347
237306439
78646729
158343437
792290596
865028225
222061159
331216062
330895118
4945741
295520455
516872831
412504590
678974512
394570652
801075872
196229670
558923381
837907633
188228642
914197179
894996106
84402413
943082926
123033069
258415571
347028496
673054467
971529905
712115683
449820224
537452752
641029773
149012149
476866254
346384483
141882462
422493424
592765080
130961995
894318571
625374944
103223186
571498028
554401409
898033669
733736183
830048910
739106947
598831370
837341236
495190161
609157133
807114669
984610420
214732534
744062163
577936136
250935407
127677572
748413390
680342258
779859597
259843038
662045230
180537612
786988827
960338043
351715738
108627262
998573261
205707237
968414918
405555059
640965264
318687368
594460086
769603903
707930977
795183627
667546006
843033086
4577584
648072572
419016784
585106127
432898762
409672276
175821057
336512433
552673745
606580596
77468373
726213351
460707011
295191908
26467268
829799899
45672016
909820849
135596787
304810801
460649263
595488712
896417317
773358531
938691586
866768512
833245306
202170631
542762461
604896302
929873456
621175986
673317552
752294626
295320218
779830157
277094392
175514381
773130325
500611121
549539896
599154117
962936196
556305480
311301844
465886324
222871904
538200917
294210377
497575191
95292604
20648286
910597597
649417331
997783555
730152873
162493685
308121842
888171197
23408588
451632211
247812330
254994332
516431402
979295040
154417383
984914037
28490715
317684734
464536818
181537433
407584693
305508856
270125319
776643199
692209780
910414060
827182585
616729831
262280637
173816997
597004512
851747436
876227598
142809745
615711987
854609838
465068019
947504947
399277055
459533707
967042633
204515727
530466772
706933320
555161266
179790153
348107709
61486360
198274719
110812288
232960728
332223027
191242753
851690775
17089406
446992179
722765868
814598137
349142999
112869884
825478289
678005795
537288380
285865617
669458456
494959390
684993561
800494819
594971521
431640853
459072994
924564382
494794874
330568926
78499685
184831912
46086897
378471586
95143234
802841138
975253351
296650812
406608705
981186393
246237599
155857943
946121227
477865258
900747010
561407736
957277309
15024799
367341259
614430677
86358777
981139986
676939142
620829219
294067759
569743723
688792409
283231489
861212893
294138833
803925529
995422102
320002134
36435429
640572975
768642420
354486760
589802662
526369879
537389426
128168710
932129501
321631135
233489503
429668380
494239977
546143992
773841958
626305982
677273699
311020092
241436657
9784164
614042946
615274588
416083436
602240583
565426345
564376278
27886713
32409346
126549851
328859738
55788044
974793923
664578057
667818178
190509358
848863292
157053794
745380227
406173015
81962728
20868912
548522441
598390351
523986701
389852047
194644415
933611102
912609719
899878564
153596534
993976999
410606510
189880643
874190744
912153992
422061523
672876427
60027979
284875689
722655738
558458284
770550922
603314540
182705346
204966403
396020897
48747430
271120352
704845290
334646085
737068026
375520564
532714092
539297368
68998035
683258879
366917642
920742532
447322682
341373254
962879191
219885967
143181535
278800976
451206056
315962183
555158574
898232240
804541788
567466647
308770797
929361443
706093476
893912088
147244948
372703810
243925284
467629588
643134255
459052298
24129801
911381547
357871966
917600783
584227386
31221464
921738432
763004102
727648384
311643882
806555675
930334998
755915506
722824493
133960140
98422753
719107273
156715511
997339101
320945354
178061980
790952862
449937610
947575371
579850854
638774086
547597371
152669585
585073246
728949426
360252619
632591475
742987497
971148414
351948302
929613393
158656273
918258040
259846533
398469915
379970309
356630584
740583544
20717851
107667500
501094070
886314713
472244887
600249485
282530008
374776067
48100105
156103344
174175618
346558856
790846010
899369608
590579611
213850260
781007847
347711641
707119485
690535332
336531515
618205767
64281768
822314996
38081976
70897510
918062012
839109832
626309335
796909659
189647273
479200952
399465445
547300201
881978165
939529711
296172173
253612853
79729215
697186856
800280867
175360730
521423121
342661705
488081467
352646158
957143493
686696074
962546043
852491123
391338753
445820985
319249844
809751968
809454169
784391946
743752736
21551005
572650488
500820257
286931173
671109431
168667678
569744535
175501681
45463867
824075467
882719453
911433398
455173754
724238766
857466336
238952888
614028896
721552673
957604812
760288621
280959957
750339183
978097082
886121258
17451599
784784021
297070625
21091510
304868825
884411518
224282930
347145216
254044059
754208338
692354757
547563828
708738951
233930663
472393293
506135758
725833220
819458593
397357244
135486998
650406971
442892032
324283224
573971070
531762996
282441150
165602418
55873636
918603230
297372630
749286650
148399685
462809630
197099402
214162634
882128197
140527335
445026808
591258466
979075939
791797591
191121937
445279840
819624274
746572448
222650471
903508846
916184093
654212530
853704386
900291325
582579097
179190352
230659537
177903008
852586069
572451175
505869949
283368088
137841505
788254188
193391181
544770846
99054108
516389167
557503693
869151468
487715700
23902771
290602687
154479547
209009196
744796146
632349347
714611582
969263095
555146439
75725116
65041535
153677484
593443938
105613804
412724089
461171818
108034030
752663883
151176215
443833615
968320858
301393966
389368446
198860394
855718232
879674588
908574810
719768959
37679447
405986511
71887728
664066056
654005699
438442349
154035762
222110012
696748531
622073887
971148724
511928979
675360646
473329265
265406674
519176718
184679572
67406702
493945354
623972890
640879345
758806974
380854021
763850813
895538444
69341445
415453927
699207606
81993277
402744029
144988731
898820060
313515926
337986984
77171222
799823061
684085354
759309804
853343597
723713453
47473172
236646988
21128530
194425514
317751538
942928558
88976052
457708098
43474516
871267598
539686528
984664187
599374194
284806242
704525411
29481432
838283874
344281911
99613265
689325783
714875197
209994516
154785843
94649123
442600585
393581626
253972178
511027906
158048627
94814591
601680547
260506413
869115025
157282466
969967264
481486232
799189439
422840855
606127132
604810373
408460908
341663715
78573832
103512723
619382717
676276587
349086091
411629803
918141247
259994815
112216610
148881245
147826606
970355934
381264040
323881236
290651425
269232072
693409595
689239187
438796377
53252094
297746245
866913264
42858173
826980069
266678621
493284123
947521819
400108398
823971934
690630415
364314996
450741667
496053243
516828523
388507205
682896937
560745822
674866876
247922612
562398353
562747639
385490260
477497771
15563151
749427967
89354583
623069396
207340330
821649936
347088481
499241571
991272805
470627269
704313668
683949257
474231928
34368453
887270460
486764049
362433437
242087932
707804851
183261332
348459940
46611901
828266017
24875880
963406085
29586655
790981033
695856273
962089950
921161846
650603423
956801579
194337798
309371148
113329288
156489752
6703306
51963433
192318354
309651366
696836519
527739003
805265370
522843274
186032643
366985316
978544727
453085906
221596820
205875419
338364295
847532835
448962471
346784447
66605650
837560783
308193417
855075193
864954999
258838200
232867019
462797300
357686593
505931326
189248903
353175920
960735693
466202317
237898977
324152099
66225258
772776921
457086842
406272424
50804196
184340419
934961748
842316846
956240957
311760042
25069733
474883632
721806387
664361222
318831811
142361162
674320988
995131816
892385410
278677819
117099358
169317368
70782410
947227591
366962131
105716318
821780546
83346524
966417674
547578438
793459374
445994601
996302119
388128389
720612174
208544741
247011156
671535228
575430668
284226356
676645149
378365991
632477793
495482571
243074693
635867047
463555311
892987897
325718671
21826703
476834150
596471616
562406417
721755976
963983922
538513368
368576954
571644191
536833362
103477003
833118625
330405185
648127160
957524077
414995471
970374947
769378137
96864909
68371616
71499404
927503908
886228922
234937196
760473450
756705241
337050989
968508145
157300667
601048002
451994256
745948447
649973724
861995051
520973612
405269220
294409890
328081184
132040271
449107701
958706739
573201166
301220038
258808623
278302049
619944346
107138118
680090466
504188398
942492521
950927863
750459634
32456391
93351929
129565744
333477312
663853561
9385322
49011838
357177361
781105997
725119247
106440070
527503533
893788513
897017433
783787155
98034133
950853515
485087397
220505393
210324504
950064428
207213393
666771796
823654201
284484956
701686465
871467587
655206829
968686983
533581892
491478341
564289893
899346348
457052752
43151446
93857276
72192993
658808831
231369180
305297458
381156754
886032738
712698856
211952535
235562358
399130352
943788828
67053292
262961470
177013267
597822590
867063806
358310610
551402239
873950054
149926225
613837045
950286589
437382556
730950987
644566868
408435366
921480788
310635382
589630299
976362987
751110461
253442274
864012267
139598181
233968058
238481267
813788100
87662295
921854854
85611993
896605018
34844647
112182336
384905081
494373724
867251581
540488429
336957428
602808346
469595721
223211112
121096590
233504693
531618234
184486476
694004687
76613770
55662864
502762406
295470767
889158179
126806836
287228740
949079621
504724985
209801711
685891876
681196801
631219528
245480199
55600566
490646761
817448699
850660667
428824140
216375865
50554956
84757738
129111684
313075317
369381763
41631891
711817907
781001661
16880571
176625569
947104688
419038312
204476881
670974305
571012894
712686842
475763121
909000872
721619682
225798885
301866573
454312287
667762127
512955410
208713720
797537905
696355316
29454482
286061721
230359423
152535361
903426419
584525895
77126966
735013409
42953082
813728962
325895994
54175562
546122192
580314511
305794503
959556823
740903475
684391036
684824401
27370871
348862606
400255886
177761579
549672043
306730911
547478506
393011040
159965072
790975115
866516111
538591985
686506648
29645252
955867122
432524059
970976493
6847211
658328325
543241033
530836881
739335641
535463445
434479222
348558558
407461317
732275478
568337743
317382123
375246282
32698450
749002477
64916970
481519883
616091559
954264490
963926661
236477944
233218182
44849498
878077598
199684439
898487465
144225468
737053983
666225857
586328261
863626114
70441243
382102390
675533397
13982521
25335392
484841710
925622889
863483909
682954969
338515326
842176346
909423676
733835328
208572235
674366806
585614322
266558542
413915773
362427836
240254950
449288405
183878036
584039143
67531632
635296464
646819362
217871981
153359549
143718609
547678919
478690478
897448380
275136314
579293316
417610251
70923825
983671388
555969518
294360403
811215368
615532860
621179194
476913010
956509470
589160216
150289360
480288694
973102286
768106838
97014144
100312260
737293367
28447508
131907445
742724340
236384577
255583511
757570732
343941967
976938880
859286391
477660847
907582788
387496898
280054272
875575150
297201114
46711252
394090026
400046641
747730876
104410983
295601939
29281221
543437532
902147561
59325541
704110691
854622798
673544052
680537612
366581157
823011094
434678891
758294114
101960472
652577716
612383057
265455593
60348289
468819424
448228234
95801053
191425574
457077176
501324303
492051115
612169745
667479286
439823850
804091904
296420859
404680690
478118288
787810826
402110406
76818283
56085451
301352270
202253906
28703612
135698014
563407174
541298741
237187275
680516335
284437182
89676621
800789221
406503926
613661473
813916760
609554826
711859139
482048179
195701589
82611290
172349338
975353909
505844235
146902586
234235333
503883160
241194714
490522404
165959285
145218936
929735375
829504811
615765426
44091815
929076306
249973858
693037490
400054361
912063036
17387642
918786384
961735397
862495190
595035620
522221067
912901238
146385823
905792360
218610773
646276902
748298952
868472412
649306578
518330779
778827288
189397604
50822232
518298852
876818342
803148772
255878808
255555879
276382746
258957417
26540687
215231481
808153370
16215249
30946265
918458405
58313819
529613700
513998132
576875904
647063794
322528345
993081711
286120824
112793340
702264326
214196102
404024309
70688328
555299107
38903741
215168746
383114850
402987547
325388096
737247691
514968605
239108358
79098260
719610336
40007802
348467303
775141976
585321510
650923278
325911988
818999924
916675439
54160424
450514307
636708669
313849530
161085795
97245939
282228580
518325241
694251361
236887740
810958098
772919176
804025269
315568233
253191010
724042107
233739147
316497776
111148577
367161170
587698699
396166965
925831484
973950620
475948699
590945163
981937075
531149121
447854355
426559294
988054774
715023599
451086861
938752008
166329221
927683862
846778363
511011004
697325133
279629888
816061270
276116904
69159220
947642042
530638001
386515800
745835007
424602995
940736251
204576947
476023240
615665711
299166124
36257192
169508171
399397909
370231025
682875077
413467892
308503141
366077013
167951996
521669878
868918007
886975042
657513936
16454009
790951339
141551452
841225842
402583211
355165142
898870792
270581576
803188341
981750026
376442528
400943861
993150767
160653603
138683606
296906244
806262098
263223629
315794818
992188692
189087319
235744740
528822017
38988941
748121740
217666703
75473594
729882469
642035205
251325721
29378482
38469856
214875387
145277285
705806827
236446026
439450649
787951142
34658424
470370527
432926336
584644764
345209936
905787572
447969440
143304473
330630464
21582983
686955994
230306941
524325160
383440699
131419901
33425918
143327811
206687791
738366646
378062823
954437998
533169775
51055830
111557618
493029672
941215188
155335885
672060255
438239542
665725854
259806657
666566612
243646454
764739898
643587556
729313581
799684734
511178627
527373117
523834362
806322966
932774690
884573136
725846270
572415148
62731919
239661779
343602801
538666488
104039712
39540223
274411978
571863271
368895266
980633813
179183390
396645986
551931626
245974290
763375139
512849576
842482030
924498923
429021136
236292826
284689252
767461064
711168903
184577348
165287698
999836512
523934061
907287822
847711335
846319673
507021817
186925710
117317406
299734460
722337369
81381871
608050973
512727070
334539683
659609514
608830080
605129197
892972259
56027169
133986475
14115228
801026613
571377768
489422804
487470217
68271719
805103814
625474542
217740875
672731009
233600753
492289558
859261162
68700538
723946139
637116127
540775692
469717805
825483632
540903628
678133501
444387983
374534273
733855779
602621316
825085410
267319731
268471280
803412198
17396021
74304567
536220615
12315690
851444905
143102402
107528673
520328673
286526821
539105554
442723747
922304979
190057020
763589464
386087674
273921905
446344009
429193490
690537436
60465856
873304872
553075378
845190312
245164835
922858854
334973176
512369676
697724542
829329712
491732218
863817185
707928868
408166954
288123467
213673001
161906873
167931894
861989543
626805309
756157061
554496220
250118414
199375419
707763538
