888988257
62471138
660064730
500971495
691197674
905457887
536743562
922525373
335870779
285440686
176315787
124421656
552054416
121707848
420872389
875056792
602700070
434913195
977368940
654801866
602638328
288597675
226703075
118310828
597656675
704657408
170850126
710440074
2184204
489294341
120908636
984848211
442452372
110283306
440021303
945783715
382780331
422670719
156662089
386783665
532611158
141104096
648500072
177907275
911526503
355334690
534169969
739701824
197670813
858545243
180818120
70041477
735532298
781187570
160619934
171998598
989971902
601316820
137727912
744953396
703895557
807586508
154641512
668596958
362554024
875421709
42301958
180129610
266982511
208885832
915353858
597485409
889591615
832277451
298984340
491341441
939086359
631387096
481842755
573898727
976585512
974972267
737684934
921746962
118653472
705701767
873451704
599244844
873580931
738843121
991286428
658051828
238397159
381372683
431499321
562089409
245236836
344315176
588951225
892774506
642661713
360132357
964604200
904064161
599134000
174812212
471922648
743616265
938160464
302744616
78612004
418782435
343025624
879005912
200114474
779974406
702218826
160604991
116208690
800115960
12325175
697891705
415123793
470116507
100086637
351390572
937216020
21931532
430534550
34653934
17664145
810607283
831768441
128728367
918401338
812123383
67995789
652413085
393071567
434829868
602882980
608171021
673427588
996732497
519578139
281141850
971059856
418575413
483486368
797665226
691665217
126247801
314587998
164161756
872895931
117090866
826695662
33228063
30688204
742567978
976200435
871086409
664959543
211872273
669495345
484359009
147114028
180615027
131431578
130998484
327376774
42110136
816831999
258073590
87916810
4017804
474491288
962141017
449661667
993495585
490899444
860856924
992032262
767793279
392134609
96863612
41156967
999235571
531361231
372861776
276839793
221404271
971675819
653750240
128143971
526766191
147264947
235903305
181025383
157814684
636014770
643010341
457586923
134458371
967890651
599905661
921719402
285247744
92068438
180083761
519713515
368444210
180790029
499036583
637233024
550330789
791670265
503398098
318002445
740273533
502069846
938923177
398819047
977611813
160826993
151268764
98885680
906009156
652846992
140069815
180668303
878786918
128969434
793057345
133697054
161021943
883603566
505232780
622523567
845955300
702574862
940872643
145402840
299407162
465927703
593660297
383687816
310134017
934261907
509295610
921134411
67529108
950703754
524416007
262016302
798109938
892129873
69632397
649720645
299014272
954564403
638540208
377098331
304003252
56229189
104321837
214427288
484527413
792654638
264208081
648467086
879139635
220068630
590524449
170578291
307794085
119005477
543849846
968407606
125314303
221189826
64779582
700382369
328864082
426905672
283663657
847571444
500190914
745157830
402547017
648210437
270484875
354466463
255298966
556330380
68186679
469374927
619602406
984548268
328579079
911351877
884055667
647761180
356289809
63111223
692141850
692033580
382411679
290171083
826373841
273132991
948258605
505619373
580748451
584916886
828653725
242461895
972273637
577051584
831971711
668025330
551546815
559469279
734965894
85279154
615825580
9843240
322319892
200925385
361816592
224060003
69982275
105281601
409951715
175731487
699417190
576091942
114848292
402924654
790887422
987017963
731650635
929273111
165913631
716982648
113488612
156731288
370748170
918956210
66176982
67752248
72833763
346092735
987112453
122274430
826577896
669518619
658034547
326057811
932070354
953964206
608225315
986629434
49484699
305290847
92728971
617007311
543696352
181909342
863507209
55743976
472843718
831967982
78183496
839190370
68832603
26867403
611597817
567326935
685825452
56711922
364079600
652275433
329366538
732928898
483490344
300271849
822357944
129740032
277014399
498465961
631861871
557579282
678227816
905983860
565920306
181687004
836862559
43101698
904370158
707892016
322815049
165215278
336946437
12218335
780630882
856962704
449973485
61704753
551038257
601689297
614448975
211995619
399939695
284106725
72219686
453035686
167824418
540060598
80501451
850846994
310690291
793221918
473436835
908401303
746037681
804610879
571344648
756997633
16208576
982333871
864257824
885279032
772186203
839705642
539440518
653108913
925653435
485735580
366516893
380484651
292869467
127054311
940358787
801011329
277060448
208645576
328402593
72939765
903893155
571855284
245146949
230753727
578965033
192520250
666623617
811465446
712903093
533106493
645142303
203294423
128269623
98589743
899827507
873894135
826092818
553136026
857732749
469906649
286420505
539690720
612770439
957588241
299708034
502616085
269038491
834489711
590682936
630460361
590596344
39223782
738863033
801456786
954928603
943274645
727971113
945351198
490439295
605484518
20542492
51549599
433170954
846572600
680412534
781126655
843928006
767931131
372913098
809109928
208817007
811938750
357930095
410812230
14328266
518322606
115396350
30548414
661300774
964976758
209449784
989949259
26689095
955632092
400605330
816513755
330252658
884617536
946355261
104463182
726345299
54102583
322095004
85129801
328554918
537812623
632503359
947704365
368443860
128528851
946279293
271975666
710864862
362422397
544319874
495128471
450671745
252967194
202138193
861722695
283729099
538600974
865401106
753874832
685840403
821212331
512954579
775279787
143376271
773567453
447588948
169659476
526703615
444666520
15471752
763422301
777490588
420874096
893102457
113787160
583958388
903772233
587532634
89258363
192245659
581486239
409806511
553036174
797076648
892638608
564215291
163123225
519954574
896245637
851901346
930115715
148022584
186839439
906876098
612624763
101142469
78067059
419768241
311780008
922468530
969242450
226307857
12742011
961621631
457213664
442133373
841301274
759234917
477474890
709833964
969483323
949648587
702437412
861893954
204537077
430542927
210020272
261231614
711804796
384023043
928650374
122201338
183507655
472689887
863452188
333390776
214737353
486509505
899237970
890941105
314427537
643204324
250760149
676250967
14692827
464686356
508494531
547595048
206952459
792040156
34222648
486940282
534310381
546198821
679032148
403369278
144625974
538051802
478620887
616171835
964582809
970222140
195084778
806559300
313794945
32091537
935120043
659490736
979452031
951921405
166757857
145675181
114300402
525380515
528011982
457954875
702465746
692794522
738098167
655783441
591610445
265949678
254323724
871971084
426533341
817148501
747855583
474691988
642779037
276484452
645424437
392694390
935422637
125130136
981395261
725665790
675092349
17882244
168711388
87012258
326192189
874009097
763738972
883336462
274136858
939693666
850645109
519145973
415316822
565684395
527480469
479856703
846634878
278658513
199842671
288776549
151860620
983098430
405069745
486924039
309858084
911254033
981892172
954448715
352884901
190385309
34026166
735958089
776113332
531965111
40203030
263130045
779165436
58047013
577700957
407227314
795425255
713525395
469488441
31523731
383417578
66626798
469615278
948214431
417603330
80927921
77695234
850261114
919666522
217071275
788923561
744431910
165385240
706490071
154661259
506810978
145136367
21026965
405977449
503238195
16266102
465994534
227228255
455511275
351149459
307762944
931417559
319792557
398002176
259125215
556255225
198105363
336542242
722804139
428827354
979525700
365045944
805921458
172227836
210317979
516024979
721913436
116106596
768218522
276729037
857869481
381636008
237517801
704514246
32532597
198438139
29721114
932120589
111835537
759506880
350464361
538402555
488680221
709505947
560049488
394412665
979573117
960216839
655936028
816588566
514384176
621061980
845076694
457448017
673667310
938757367
388483244
154921595
755875058
532342338
512135057
82904525
321462709
95179635
856090348
658933751
112235555
754217238
959876931
451826631
611164962
761340915
59072473
429288137
516658080
332945358
938994435
500880331
437797531
248610490
160529268
836160968
967748922
319084402
433690001
187909289
859152455
485329795
645204779
24979756
797511600
742094981
586571307
249033929
178185907
569480714
364013928
771574190
931348121
813549046
971170398
531155627
547124574
447665391
170470407
607114838
838078065
639075804
703928190
484595190
956296626
144559039
69779671
209335311
542285121
765868376
576588063
850158064
410179997
534237608
939486299
179887481
441434777
416977832
79438015
452891283
754318988
162215588
517178853
665147798
387367983
361866813
667063043
841692867
775906719
106053612
661438782
977580741
284446771
203685757
232343909
886879185
112926484
730829523
610840517
924144623
269783874
395283974
782797870
590686103
247210277
153349670
262298385
59777184
7840743
500767600
983074931
689046644
410052108
84728255
734328544
10447011
678958700
966922544
292164863
960045216
495182452
10923449
113744015
574850683
952874095
784343313
904035102
864412477
882068672
61841705
225456444
950311356
795895755
68978574
450246731
411227163
803912960
572384825
51784808
326152435
842104903
877721349
282158098
358466358
369392844
363691034
750016388
718998306
583140119
604884411
306672857
940257578
59378662
540522148
267527643
887928449
323437127
789325720
843262608
291769503
921268114
993215585
651362118
495995360
989544227
182797551
785514122
935222690
274133492
798493031
259893760
603328746
414755891
690206738
608300907
81826558
37829100
534285583
801765996
606705619
594286306
397209724
771598958
34385415
546495253
412707418
449519614
28485793
746886322
719303570
835202042
428172169
331544688
343312914
450816527
104398992
978721965
573332520
401224623
770167912
828963353
618798348
594523154
182983089
622340951
992064448
744228148
717644859
988940891
259685825
713180135
623181239
800249011
100882220
49199358
487007152
427699382
598989263
168442325
500026237
169795725
298514600
476963084
691486919
401264910
310199452
720896433
72667277
429641003
202955349
868921918
44794750
927198875
620035791
923060745
267415292
587161612
681413681
598394202
426758669
832037286
140105649
377558286
271327225
838216422
471946747
394399791
674566416
745315286
768419504
147217159
200466637
449752266
136433337
845003611
452034305
624677163
319478871
954619293
641992007
385092788
939204645
78054210
531691878
599258969
37626098
320449681
897441269
329820690
856556853
196535043
744656256
409604384
865404983
256649509
937875284
587776187
868590004
110052905
308447787
586787487
459760584
633584715
111779841
518739182
422653659
205702930
550397791
940491244
900411509
416442411
546503813
849315803
423137237
304790269
375296400
954313430
581358930
627806261
944315425
418259479
805858280
25856287
983292258
95774183
936758563
300121999
646676416
568395692
490045574
229785014
437679865
196645714
623188608
546541451
235235249
59498224
518201416
905822571
132975155
121762075
749298466
126089835
359021933
614456168
332541431
589172022
153889860
384683923
77416747
643556491
876562886
413866820
965935162
888802589
820247463
87145635
538470853
831529475
54053363
736538315
85411675
767577757
235924496
375871030
430175565
459012212
906592035
629413085
612116175
55355953
481908005
954104710
695394960
847150879
665552613
120276482
403246974
10759172
997535687
536578810
509988179
661315604
192810929
46397658
747128998
507345268
848504974
793346062
402039179
541951786
424670451
627126580
708406789
86129376
721965676
433586472
280092969
395622594
888361812
445246039
599187818
128192217
7643001
73361622
802493792
345914851
904649993
740817981
852324091
476008740
592449080
966495590
286755738
451401831
195373164
12954128
498929361
667222077
442387421
901290605
372826420
899622545
770802007
627748308
181269498
627160593
959602148
882532778
134164100
700398117
513921248
512177834
814549036
141984200
819537207
164559104
213691811
691109968
418668739
943821544
177821162
802217400
592062510
231598550
652777444
321398824
460517930
634071382
986265638
228846798
226003003
375926972
804804117
219552384
271589185
579553172
217812516
837680237
62805197
532630927
532801270
234063575
312850072
26469140
853031504
754640144
69712633
608340534
288669824
547369430
63394230
457518343
356621498
803932900
602097709
699045601
912218516
103390241
299091999
415642384
365940686
751490749
810563693
803800424
609336071
641522742
244676864
965149756
875786897
229466195
767193231
18826577
521855738
901561280
353641968
397023418
686137706
462759042
140767812
507197245
329083952
112470100
890614731
13461423
255840367
926380343
236712576
148653711
800074720
421532845
30982156
810957963
894513329
676131264
964163831
310572426
335722269
265113137
82449619
823240509
429880067
936970482
633396452
827867261
183577134
731159021
67422387
850593203
926628738
606007984
746787519
39532325
473909773
664879945
302520639
114175385
281844003
40271639
317529973
452003062
475946817
582105630
448500396
127093808
769373339
888928729
756539374
871402797
383383066
773451521
370385988
580938119
98883975
226784784
380281213
566529391
687781381
866927939
124517739
253315158
696181009
287161779
539970437
118914262
386085872
238901073
496263492
403194289
27783052
867579657
696196990
243901720
52875027
341301168
343174820
45821296
746136484
308253737
209467982
853387781
141169851
192258538
137257988
701851470
700823456
926743849
490815221
592899665
919246214
71223971
122043556
213670702
262085884
500721563
100086819
895807676
604239257
924649720
881797112
746850638
785503704
221656373
962205900
333344746
192103895
617834390
262855977
440666797
777552859
697220288
71047938
443406029
439316331
825853721
722013681
842592794
577543187
105679628
340872202
435500908
402367144
634096723
695022690
357176185
618815841
62563128
282997520
681439919
993265719
707902338
15608994
768936329
998443207
535845298
332159059
745190779
286517677
182385622
698904564
477136622
754832673
815591211
968796113
403672575
785015976
630218693
392651687
677479396
411103140
710418192
498592417
321678449
397549984
88768319
556887080
746583534
41291545
756805032
800542273
84283022
441868382
827679768
875912649
993987748
431092985
64472139
368706576
641180947
375698477
297123472
654868614
224537593
210200483
478067491
997408542
491829188
623837135
97446992
762914784
406957656
952619417
677961280
472652190
542266533
258812799
248944340
767973971
548348720
715850372
308628330
984767649
6852568
157220912
726647542
466490181
155513210
894983135
199364462
483273123
135566139
638506388
602591015
736636158
84202052
827063844
514757768
405168309
63174689
598813308
374369794
905606594
44223421
315261891
295624205
190455566
566468666
813650095
733855520
113695871
504156389
625716576
414365716
970103292
664185741
534421430
169284630
854514736
991583347
974712152
956040103
357317460
3285623
935691168
953179941
577271013
594079095
519918661
771083460
781684875
885586888
857494243
784435174
595013281
862695550
814162899
422047299
548765941
416220087
851203977
719175937
98342755
597365796
450393270
332705779
608612532
719186466
146640004
398664342
449137711
764078272
788746273
769912773
375600449
737651495
488930357
828417056
704431651
675152217
396250531
827860637
721762833
774524391
278081564
764713723
844795145
30773742
717512532
540255609
387970339
406644769
672832880
684982422
583421723
270627409
566685453
806354118
511667694
407791989
621405317
347988587
699984024
131248364
780411427
419185671
309889906
596177718
714839416
813304584
110687125
260421988
408500430
72207099
437898695
118020749
616532424
705292370
324178698
630835081
872890185
589430224
939806945
793557524
657928766
465949878
698679066
296038708
334005201
222233208
383914241
761747679
947658835
886295637
387484118
516373839
189526587
834555545
345521782
354219873
157367466
250504697
932207658
103221251
447384734
167624808
210721844
779921335
784695010
202096286
505204337
287886851
988701837
126502165
902406805
281935571
891587354
867424469
730181740
110994776
889121078
573234804
944236468
761389608
906598999
33793539
585023257
833977192
255791018
140083532
242705702
452623178
932232009
37387195
587393015
26981745
414865328
576195547
599495149
261665887
304187031
677496642
869467190
143761388
271286880
431063616
710526161
366522907
491420197
129556333
217342489
781338745
147117707
271836302
107677157
247953790
416007789
935003161
841206810
415388694
858381435
615662450
310895128
631680625
636998175
92734199
691860585
856491213
761845193
262664676
950366416
538949224
236812899
162867656
887445358
874773697
911545527
931243131
794856461
461908488
28537364
632980979
446983495
224632377
732241985
807336836
429992103
104167309
54586997
909508862
784528425
43315224
854884530
681485784
624695516
431108742
347757482
388124590
551994124
264889956
99246462
188221115
136880391
165778014
80194394
700113142
317934088
110095155
993167772
85743818
434471023
979037879
986716321
397299483
795057419
988105864
378027757
897356636
843685456
828861912
764970680
380842191
708337946
795525598
435957421
477122704
176345788
54970666
416244302
953757197
835051316
765153847
146592910
31417018
11637747
500326288
855714381
100354987
880908980
676538822
568030467
20644546
809177929
817551717
518673375
19730180
273519520
758748378
550672160
276666721
442006757
594260949
744363424
845984695
767473264
874135151
939066898
404419269
439150730
81693913
383906566
961046382
71244857
256413067
801776888
103301423
669177098
232912648
653455636
164984215
588167385
401635951
543839097
435094103
217104500
984198788
830222650
65167554
607518339
239371833
429951970
615490600
937497855
75743279
798142973
468942292
128960389
991868986
519930802
988316675
485990696
654949574
214548214
930615444
855953726
595912369
742491606
496783991
427598228
948181144
291903278
250113383
183240947
812563528
596736573
917788938
540439944
884159579
104153155
957100465
749411253
638014138
712356434
984471483
773547608
803353368
24603051
946904921
41847023
584251566
900111755
199362152
195406482
581386269
788407624
854444586
673022554
107855656
540810669
886912369
931245560
20821594
723324293
46840484
575254001
540240683
444330918
41126165
121779270
557815996
69333703
803517674
828260887
532355410
602414553
852437843
233898768
805674437
253537143
196853768
323941326
524037689
657946549
680933967
105252448
33825484
289045920
418858372
807441449
690480359
295819196
389432261
537157072
167074341
867951339
481480529
901076242
156178085
927908011
469524276
146672552
746625500
35334742
789802729
159673917
336421961
40722657
864150385
54926004
981486883
703563367
661253803
885947633
790660478
394091558
901966390
591402223
275243032
971329252
688797767
218501852
845078864
776387705
890025199
478582771
937065903
686597745
78014640
57622869
805040008
192774789
741419201
234980783
148266443
716962807
856130369
373017092
891451514
888139661
572497456
623833010
321301698
68320936
354731972
892912809
922811349
37522779
164495998
252381951
324973149
613496064
705322933
410106323
502837027
778102527
389851773
925048415
981631039
262224261
477752233
999707849
914784786
398067194
315674098
784791838
312220294
260913128
910747128
574116395
991483163
647408352
719015084
126344468
498575948
734776355
750621228
729557234
924102377
672626477
192628752
203034054
838066558
167929746
716020325
73819626
917554546
371223239
111187859
871028241
971246850
386747541
688575888
388564032
271753253
716191150
766555617
709895783
87228466
281180200
819332301
184901412
167581499
847656223
513115971
910163186
602889285
151367450
672335211
142729880
694728547
496584657
146198532
178732316
552039656
913807873
91970811
807573812
529533670
640864212
567287574
516771520
47784652
747110043
315895926
600440689
310579379
674777285
271548061
6266148
184602892
811907540
497684083
216410765
94653057
282012416
471987771
763957749
691217072
325283772
834365949
903028095
894946968
307590325
739022156
956609530
937720544
481210690
27164253
35879653
335471570
236602575
459739442
303356128
444424188
974654997
755107037
14921142
432153927
874622553
256011721
248317473
527477442
882567372
564476682
418559306
807817333
859432445
12826025
306642233
534274095
468411632
927493728
81649361
470261991
960920140
221333915
485622953
863707195
359478339
586330627
921072187
803105746
588444595
382584446
328868614
152983080
771190179
104513268
532505679
909937187
777346649
918190141
740215348
962256068
320616707
329528552
406836093
348610178
380946099
123580299
563967374
215378646
858470683
237283428
586627534
952527423
725701313
610427578
491459299
480854239
139678743
746778974
743297652
835726432
972080877
348284281
629097443
254229866
317163668
261803424
528114698
920720400
579448999
631170046
879153433
648399107
451537944
826854036
216638729
535550586
276805281
928710244
892820319
164197935
593249105
741073739
235461805
277389663
876123908
733874737
270194897
740628516
959678542
186216918
41823345
851833740
662942663
354129078
434611636
177864551
576346427
813521379
691980754
233403469
124975679
475166809
452863424
517742883
243146828
212138595
384583396
979324071
139052078
82272830
31171324
527855329
143884166
920132739
738883094
244577894
788465073
523424852
883543771
71503798
766376542
136482219
22697701
4310837
983722699
448184602
759973315
821602445
860166460
544751856
403302724
365560764
379011686
150314886
624588898
441189020
45295774
835128908
76516993
978434403
806691524
475371209
651500365
762430530
688500129
295416760
633851627
462731809
623171367
284632684
174503368
119210284
341417693
561957322
416465638
520697620
832828248
280753367
102668602
763672933
432842945
505488999
384512986
855221728
774060753
958776547
678991957
856305250
545937001
676345363
803738560
705315224
975731637
618317831
97608085
585985769
910636977
623632174
654084411
418749985
917568845
259012567
121666493
559597057
224351574
672206648
331563003
419618775
54974116
409238757
514322077
867172681
486799835
582495288
31521267
314202819
960700662
972105131
123051800
285035035
680994818
469332407
709762796
257291856
411187489
888772852
191470191
671677450
892911745
513972809
550117694
6722202
426806297
43445120
425542066
650382058
682992671
75271810
718936726
505190222
809309871
626369391
271542887
617005626
325101481
332142579
627433934
360428028
444261361
387237369
969133634
964927645
488126081
19612516
395720656
568462260
587423398
179679383
167874997
914433094
476593961
184858866
584547651
858290567
986636816
758965915
284604289
161457971
46348888
437488021
108897024
24629047
664841151
575044673
787145375
285570586
343137766
285762758
140203073
93938655
318240321
381177677
77006838
804126768
23227149
35921987
455779425
792516758
64244424
572713439
168662493
439381145
41035979
416380878
752351994
705926045
869502531
60255275
519079718
437242386
777249560
985130595
896185262
227642943
427684505
735357285
562519492
782651315
796106420
54968417
755751493
681523143
754847592
450078449
291249518
84417352
452423202
583305191
401822410
88229124
992121139
529307691
212788533
419982345
82295359
187600515
149937421
873582272
471715132
992448560
878564657
648870837
738143397
47502466
201659246
918408745
462885876
599260870
165600035
706617385
623798175
14442011
627957634
813598068
634116148
510045117
697759259
832460914
865649778
921858785
656629182
937424966
952225445
920972450
470895760
998521443
357618138
161166889
276729132
660149651
5903106
482628697
287111155
345935614
282112496
216959053
231500120
379226779
364891659
454719951
509720376
472711668
143359478
642247353
84746871
510437917
546457780
202911389
534224486
402914321
604826743
869785015
656580105
759407765
750513104
235949352
556139657
657704050
295944848
176963656
299485350
488885315
787358703
51206876
534353148
926920341
949688822
113127272
894052959
456413234
711568863
678765713
645381194
240234085
238391462
231804666
567617320
152053870
977811653
546163418
570418618
156139871
837967369
623941500
137587631
870818611
832482997
920541432
545427145
78539054
901718501
289545426
100085372
980495525
572379189
102269248
387335674
322207587
739748403
278103760
959532784
362388152
420304182
249503184
546686719
121630482
303465287
288015332
345486943
760155702
545131594
171135518
496948236
408320334
863823414
149834265
14981939
307597492
65215169
993140279
472416393
191266588
451943559
817651587
270267550
300163749
428402395
169223091
617725747
465934509
793799214
709113784
795618236
699581297
276137066
778378571
372142307
34531756
759059752
394052041
200434033
231448102
570396512
625689516
604262893
422036110
169357833
802509751
900415934
946321007
467147449
768006637
509912411
63891061
761949516
756530068
284410053
108121377
963782467
172111564
303041981
133542849
540659677
500598771
857187976
642250503
291358965
290244813
48558805
579721048
790129491
958631378
958020915
588070776
257066617
584763198
994271659
704849241
112425316
879890225
673817520
638529586
560085118
564951618
797219507
278261655
583357886
59095417
202563957
590805554
141890713
72624585
623724146
494018078
920516193
641229008
472742027
818597573
310344263
604380315
204018479
393898117
900720795
138152782
876897571
195449494
965781232
873393725
108695394
146952079
44371828
833881937
435327326
663935457
381885388
19640375
274779982
135701729
177461022
493344801
615909633
463339873
352089248
375078277
818670614
551880016
130450033
755701094
540625449
287594000
171214997
790452748
104239821
860568235
447225090
850653277
674929044
444133270
560999130
45278009
61154847
919383523
977900690
292332161
842305534
166196328
484306274
574137495
122705560
716765583
765598944
785005596
645536711
314955266
644661283
642230346
945561271
651721056
973081255
627696472
449550331
304510748
587969325
224170359
65054077
951203948
613392893
711234519
322435629
751965971
206628169
993507258
248851638
463336013
431550211
590029663
245102079
509857654
975758138
605970508
875459695
329900177
931786575
742415722
897989541
465126494
799073176
744148301
217898575
597445306
752715097
125641249
455514320
125915524
64701478
595120104
411121996
178608352
925177560
737349522
285940522
786805942
767266969
537811846
445447322
26919242
959161343
639820124
965250073
329693973
85789041
52823570
113722819
278311753
974061531
18484175
254678860
355600157
712561840
926550469
22015820
141240397
952755971
287086715
798788433
414795512
81572695
577765823
506170291
509314552
447272037
735700646
831968056
545860486
964463221
57168026
495512414
844241044
788339192
362566483
196463232
247317974
718930013
235288184
224413969
322922732
459819354
179450852
292723988
158013931
865461677
41880242
883975020
104866923
901387733
18790862
892886940
114194061
213712424
927943572
919693191
152134527
436508260
518504838
581082156
831218874
201729215
627694837
122326525
694734875
708274736
112677275
700023917
228730357
859116210
321342717
209102380
538845879
196176766
543502937
328748775
631606452
3348701
591167099
690332376
928755542
712981461
665813707
694043355
435294850
888963314
698064247
428952025
342398676
457706525
106963250
542112917
274150237
835184131
763128637
121378735
687176428
572709095
559845650
829849383
992780524
946887469
209988288
529828589
840946282
595515377
77880748
551498949
648071595
243939767
563297401
328323045
471739853
988824354
653924740
346939476
762344071
944507959
293508459
961332052
435473228
808545208
519869678
677772964
340628954
887722711
752546015
713341526
370992516
525301831
343997842
950793044
13761461
378580283
271509476
562174172
272937585
862464544
435850257
433839772
176142485
239807663
435408587
12091662
922464466
4074403
283544223
610659004
899332296
135291231
436556040
873804841
818059258
398553939
891900557
509304856
313049306
142997200
425618963
903468867
215461178
602792047
297219991
729983797
855047348
151026225
282836983
681649726
769903441
809845488
340798723
820494261
652703466
995172674
491933813
865336585
90153769
466889206
722144273
429226694
847528130
702888397
753207735
177748173
801019250
169488573
519387995
209440874
842288311
624829750
46477492
281316111
338950559
456087015
727320995
747859813
834531417
670940523
667100177
906804632
996580141
682525319
30554666
915554402
238636256
381886891
173724363
963070582
257510483
13873501
315447089
131242235
166558180
713917277
718873443
124429874
328729827
157842676
927783848
252831783
251116052
270397045
228379993
21564613
418668917
823137814
78609152
427460740
328905168
471295720
421713040
754508060
340997022
160271852
947146789
322403530
35070638
344055731
151864408
795812190
121158074
680259444
976873250
919333213
284869342
692134234
961882670
809490826
443134351
402431814
112771805
153440568
82057692
959301502
198566065
106295076
445730821
417566435
224919605
618207134
860518039
34064041
59304518
113772960
897185986
614089215
163841053
541611628
501551066
199749916
855851844
204452933
476336028
364098529
492697507
474443742
628848619
218577965
922597239
402406857
724665604
801274143
11023375
889346636
836424243
546700784
431642697
175643010
685333855
761514960
275450516
394969785
981272446
994087612
501765912
233376839
115559722
428808932
337238104
42341122
648978805
257024561
26085824
594330573
496746199
305049691
786866798
369792973
858538495
583412264
722820997
52886209
173046483
428021933
773480191
250408948
290235186
695741630
416821692
131607808
741707799
679166366
617013108
269169233
536491735
360768346
538789001
772711364
301766490
702566343
390278159
358891727
237700194
437725082
818127890
84953320
43024073
116602185
335153785
22359505
745616218
870259135
449394316
90542436
914597677
905354645
353081851
618885108
771557324
758741919
282801533
724381462
955581213
686002893
822843603
470006906
300622970
756717955
639897197
336868488
531336805
466914999
353978059
443926769
285842750
911590516
47816766
704668627
593862001
777924560
648442833
139972209
922600320
4917417
817146600
884635596
158620904
395136111
605434650
309189603
326009098
245597347
308275772
133554628
518002789
706576251
789975995
490769360
589062812
751019427
54074279
675308549
156199493
767606241
127671993
828270628
619419611
518623471
330153019
105860464
98708748
605356185
886364720
325438257
738872659
422947482
456531933
130329809
952866203
993233784
2187109
347959743
299640873
690388976
950486439
417111771
523089407
370829329
88265778
957715448
717090824
236787528
160889794
893380075
949757982
295978242
818260609
891092043
501033049
804159173
456758851
974674495
419536630
174234014
611401804
553650368
253914983
546854233
305079764
219522654
46428723
748762745
597995847
172077757
172951472
706667232
299640571
173987237
430148971
116922012
970595216
676820481
532061384
135233364
50539283
299585935
534413194
568875977
494216864
634223027
618252324
645622141
708671027
88992506
589780850
633807594
74781524
353969852
896687027
383608944
978682877
366217930
9432232
872713359
502318334
350532662
136331851
717422809
718981849
636936767
621637600
843318465
228297678
525119713
922239708
203295126
777402507
48514918
648435869
847822672
930142388
135618345
415240160
874162277
50199283
390988721
932512841
838530960
589605002
590522615
361272063
680445879
374775137
205652188
867360259
360702446
879682251
359506259
433385275
392395678
943838551
366749294
938692468
547590398
771490041
90480064
350923038
206068223
571105048
515731268
130630148
481735379
30752872
464521725
29557270
280672754
168230479
591323384
939716434
107402743
510302491
249320267
737579317
615347737
894045069
339405464
780204739
306915258
729875940
716114208
814282126
708663171
125198154
602546061
96171387
385874574
87890788
885309189
12979768
358486554
411686725
754030609
191384394
103955755
522048315
19164923
910718906
685908887
398422165
484666018
857184825
679859212
659342065
64927649
597266262
458862912
265987358
420552896
753390592
925345624
101422798
341524639
230071450
916078258
571395612
977544704
909663189
783592952
269932170
49087303
416765186
104666236
129060217
59261577
314155298
504078955
97295318
232324306
604252259
551468244
48355967
275824990
334477185
336073093
508609718
776674085
387781869
66737758
519426794
554251352
111223997
459535313
103860301
834943332
953335689
327830233
109963400
93554553
451160701
923191821
203624307
862646519
177051770
904305741
564586961
823062823
899247398
654302326
828233339
197946122
413545721
681417574
884972352
391201452
844707830
848146028
676088010
55468200
845251631
383320068
927609867
691039021
204113560
595658335
158645840
40809411
884066058
89576864
601387061
826350896
366054530
116598353
64674789
878572621
666709853
906179176
300947102
77509917
599393175
208603793
25930686
94913351
820099185
482313323
887424121
5594390
655961611
738655364
484830821
204552565
223223577
400235416
511233051
430275454
272661418
946493105
323686982
22472996
837000436
259136193
380218927
487186516
280929034
960703684
384943981
719578875
59058612
567406038
159940667
835180828
611776653
689331385
680932339
697137081
999501254
286237795
473863892
841578839
376385148
190403135
462664336
239799023
76901033
118332633
765947192
539194785
530043579
466722355
676160549
145792462
62152962
82085420
367164959
638888667
862840003
897383064
512941091
704586129
871498947
712230602
16812471
631011436
430661915
59925182
220875115
850586667
55698442
180478193
232704469
201246810
917690907
161424973
619801915
129589514
478129624
720782142
531502106
492260879
399431037
815872914
345861044
826014127
127521401
478170394
12743211
377566564
382013338
399700937
903729029
43918940
729079002
420890507
773216283
493507571
561593030
892177992
871455799
701268429
109520751
964910253
203115930
610538749
987367180
565289457
88940147
682104277
851249057
578728950
957892626
908067171
115001622
87819265
643664384
514548550
607130840
377934506
935755081
85904599
225245727
724779835
973311304
496398100
572812155
410943547
387701547
498983272
290335720
990374621
957940447
595126801
607165622
846131014
934665285
353561327
265277099
390714419
160973451
40428347
403460856
253982314
510877626
543315412
178400175
625503632
497405302
514940547
9355267
530604848
783022592
652289800
626899051
850934480
872596447
520418816
890152225
672358202
693735142
633738395
767660558
72711746
862855120
595528918
919536436
95105637
176825296
10787779
99705874
856162390
717405011
77915706
635037006
424073231
660154897
381658408
482136697
785564351
451584128
454422876
871797384
26320149
299916707
296433141
977546906
780510112
375872285
554297796
467539704
306462569
557291307
548163760
963462790
415269446
839114401
964593370
93671668
75135983
855295392
882079562
415715863
529050644
901359449
973704110
772798070
224627652
861293466
73049484
819663363
134873575
252598292
461091454
985446076
851606870
644347876
625107296
254988401
245082278
498129320
616482038
727466059
535959516
157699598
625917028
116242719
767644603
233932363
390520634
294679745
883278335
27302884
679028041
781151809
730388287
593666669
113248330
202871718
119386796
602593168
538852038
389183544
56438936
576963550
967697276
634161079
622124548
226521716
844601891
595018491
682312820
68503127
654476140
353879989
736929739
393637327
112028379
75296869
36253570
483269023
107306365
971963732
40629034
748274770
474145490
507751035
233083543
222786247
817166055
6829508
50817610
601763015
153900226
309555563
523663837
476647276
645276695
155974800
194823054
140444650
253771900
528353060
191733380
422953510
508858373
713409555
117749267
133032830
277120983
891041157
469073124
194978113
919910935
142181920
877023329
361399422
644693870
786053476
829929754
501537808
563414427
708741175
635699577
753647528
892410726
455144276
309394309
662060846
75144110
218992927
958562622
300912922
191901433
15990887
359328425
968458131
953155185
524444757
732144766
451599357
68077611
12371488
587770275
931289998
11960268
851876658
173288472
565878543
390723102
959595067
643243291
339845801
479691291
783742738
737222547
312844359
288831196
665717097
590613798
463872395
177339249
713163750
315644435
387285121
277780485
460791458
643374297
433590980
915117828
899204083
651821743
611666158
445287519
473501621
635592799
542151725
884484957
355529333
890263469
825329277
902662421
612143052
758973247
904316577
729749150
872181818
577527235
143310486
883054888
987637836
581880256
107918907
771131780
6232462
665274498
498119505
488913498
434377304
343400275
775730687
145442923
861113873
902587191
484724745
362513950
122071127
262171112
218522213
292556578
402615293
634444026
50311514
912807500
538084074
849472827
346825558
996917291
184659493
56636971
833114642
222612495
954102381
426749524
114244748
451031770
168527476
582046991
109905658
242960777
714873544
907342617
417398683
857578855
501502212
208456447
715833871
101123011
12216774
348009182
288138131
523378055
657133894
637799297
320851947
750895106
442431903
384569932
813277247
536925849
15166575
740127518
394174503
167929060
30038707
592629803
280941668
264654848
110713364
444246266
312724215
892944423
188929265
130319872
525827635
986822136
45769265
448703804
259555037
496495532
44493314
189021174
526990798
277080700
148776721
799965851
506571664
874445761
82945992
40195894
910153296
115421781
210650707
654716211
722517873
500464642
509709594
549417065
219146759
101400335
274536141
869281674
490140532
100111027
705996251
856720253
28041069
705438228
291529766
548444160
144494872
565852780
902806806
201332712
250893451
468526697
323532386
633564989
558621703
304174482
12012967
983174549
230955659
866499723
50163935
52050109
906869994
390642134
22119369
259612445
544507897
731597978
963595310
747166195
431618170
698680769
268324487
519958763
876540869
328883469
874088784
988116802
156892951
635748841
29425203
833400082
595902073
837326109
457873212
185815761
201421518
639210522
789217709
491657575
704549173
735750325
645307826
573726329
962662258
983018438
394367719
736685800
482035251
536007904
948703277
718854473
222906147
95303492
23323564
813635640
433363795
551245541
701715716
161956044
231504103
607389858
259636289
969683171
667294215
91024339
374095061
336780019
865519448
166252171
990376621
28571454
146579013
615867694
364337355
650667552
734322621
764498928
145880924
317803691
362338441
179602679
40413985
252383214
476744980
531071327
307616256
690200960
526337404
661333702
904782399
878025731
424850972
338013278
675439188
718039945
990172511
820955175
879842063
976251126
310147908
933958662
882339330
733813114
754378104
853005958
261788151
312515629
119821653
875923688
643702942
153043454
345738079
767894044
950611169
90978474
939279698
752077592
744280160
76063247
259795344
200187218
471189704
906274180
508870282
455485877
681857963
677457231
775839073
884255714
559905593
746643360
997385083
675978814
169544761
491223287
146204750
54781416
268086841
609524958
206561389
660558683
32358808
709966677
905924889
574473743
603907863
71505950
106141611
292203145
227972904
930105599
346282807
217269618
116136931
44458466
475316945
55981483
541984390
365747287
176555482
173753504
47028733
734630159
42364188
486556056
85348819
410663648
836527740
527504339
691323873
510130121
225420070
121399471
375777868
211574348
965359556
505632112
752670209
231104270
927811145
913660690
113548340
202613809
792616261
941143950
914020922
592587833
517131657
28715012
119986122
26567933
732382493
905290191
174246140
520610385
773135495
889530085
490238111
665362714
395984424
923217950
568565209
508881289
279497789
212492677
542202323
197819275
787977474
939829847
297557086
937773985
164725270
919139370
307398947
794530773
450526043
155696004
698131422
539678136
358561557
564520217
65501776
574310806
211913970
491246450
686215973
966773571
504403596
537576064
363990138
394659476
422382485
746208309
630114439
493460918
15155603
753133614
198551640
370845110
615016251
684778903
580997692
446216021
108309788
327732479
949341612
837734735
451697384
354612262
955671120
178188859
121425284
247419681
159759782
41441319
447586604
356813218
532802563
860519121
86570418
837071666
825796415
735803726
429266939
66825222
674026714
406376430
834618515
37092886
936794576
105362093
742894772
302351418
21266047
290520119
492450534
620732132
516435681
452191629
80544836
852213663
154909206
561218935
602051707
355849073
318813583
890021994
608157378
413149416
448638829
81482544
15938119
796995662
572089334
546622853
453305076
867978575
490325340
640498659
578329320
116762350
852683939
392871077
822953189
258331141
990619802
488750352
151363922
621522296
485453708
926575144
716505922
174877514
46973835
778886610
149727818
207094003
484267344
402372704
678743552
999555132
448955800
146374193
215838187
290399644
869639759
546687654
783319883
357867327
366182213
206735217
171101729
596897427
303118330
93368798
31972971
295388147
811834626
917936575
543657365
47017597
482182487
116044152
724289358
853402933
487550736
720734495
237181026
113465358
774729635
626370556
916569209
21329292
185087861
88603090
215511649
204134115
362867545
348386346
937492920
220272744
244117388
217309879
1513311
104833710
596951040
184345039
985936611
802566039
308431363
780599313
952675844
819473718
70237578
677306438
776246720
205448123
876372911
222526281
898496872
909492917
32591372
831028179
367813817
125313745
682407277
306523300
431814031
112868489
981358281
125760360
74406375
98684761
579338372
894414992
981925012
601731034
5232296
697469393
765370489
460392219
336842463
76930633
222279968
399718085
440898875
523510283
334142496
361270208
135949728
28535892
812630924
714665827
9572212
439626171
911299025
784582942
967358261
391289993
528779280
429660381
752637093
511619727
770135920
534882313
328799426
927618040
549795940
754632052
141341899
193560708
477851400
147149999
264629696
792554555
584178395
20883776
763064272
507830721
732631591
780603994
96222839
643607756
518847600
805627707
343912636
568311264
985710241
535733576
692085710
237663636
544277057
318311195
861388857
983457909
603285083
64164363
886202012
981331281
112746653
555541891
324305583
670710397
900759506
666649475
680916992
485708322
493662427
403536366
249452431
639454315
481920144
441558314
39151130
537027366
45959784
407454026
517373222
127089699
685849233
725218700
590841667
158890295
601583877
667833069
349956405
251643016
296377696
655789401
592974633
554615604
922991556
12322021
797888762
242980477
783934607
69706773
621430809
710143266
428366037
601107402
932644956
284420693
265575144
554747390
792223335
538902009
130721370
474375898
795675739
200890319
301701691
774029663
480474895
693042808
441844207
157059973
228830062
609387984
984220601
626120424
391863245
595546404
7468307
736198795
627638098
413433343
454720767
858320914
366539096
242429277
632302812
234905327
125121825
485973200
267492967
816315797
282245947
709060910
923792913
456372219
225727608
557236027
842891661
623541345
279249072
597956630
133039910
629288114
237203746
680943831
95662572
52599132
788734695
570552781
917068702
176661304
159816096
179278754
508032901
366182343
205645240
443855177
113832025
937872332
437390248
499335708
606547794
35007684
458195125
287434541
911161661
856266497
104386430
196160526
600427372
384321338
170890905
101984257
224147876
913715188
79874375
427833690
165169980
562518635
892954884
861862311
451191093
282042352
76306159
176997020
435557410
976395013
802669277
918737499
755264781
557238912
754334720
801963313
585245837
754550721
427235665
695040552
819021720
999522133
643221378
771397080
581371422
100726343
24591683
117289539
372332187
830561691
142280582
15466485
663560457
244001304
953940364
687433686
558967576
190889437
499544816
398656823
596460713
276230968
195699605
451113151
73956678
609280142
359202749
58920405
183799075
356667494
576736477
589978162
578170524
898000353
283209768
619568522
717945896
61297023
668472120
299497265
561614687
922669216
455277855
507953940
891824939
332207233
995595004
485646378
277435776
899713982
112881018
909055687
227964930
992736228
921580349
289247882
735331025
866331776
455950463
335166085
386563442
992150513
394246253
367199267
633155585
965734498
342987603
98192638
576182852
372093134
300421776
411501969
267625669
514087800
335964248
154650873
59615965
201944065
903644202
866489714
938029271
604137883
660738989
801490513
201450550
201137246
352257865
173271006
297570050
455164478
536508276
457465860
684219209
346107137
158455009
80972992
446741931
442354885
651168705
502139142
664966685
416079088
225909010
326647302
531045792
482101386
164787943
467539035
613948772
933477531
433326216
671193219
978244904
584877282
200738496
575820407
318097371
330228076
251497436
425040969
786674557
633079172
571164321
572473381
682382146
464811933
794775618
455551352
332311029
525028747
954361878
301489435
519742732
946799192
194019734
121182647
529923121
701287584
404755184
321562044
372469564
284256205
104270990
609202849
652023214
8860349
652768123
210994192
875540108
243854005
189716998
631875756
263393641
852986354
576604526
526513871
530919717
509816872
629287133
420974209
103930541
690766057
547117736
796781476
527755126
530027894
45729012
540047210
596267090
801620640
467855546
59114867
168355015
307784799
626681235
717290734
922258865
598762833
285528670
278671692
348157875
5524177
844788900
991923849
957122178
477346340
56458918
789786985
789501360
72372134
564798331
140239501
519730402
762291402
790129318
101157074
165889940
189136506
888520920
415967727
73398158
370484491
984632940
156445588
665087118
115054849
769872757
181136943
842129213
876267185
893034707
18129747
915569865
949675557
896175846
131346717
327296253
461918569
98173266
28209847
349352106
521663495
415140532
135932235
96462994
606620258
23680750
646872377
860180296
968034012
19820675
404406709
691263436
491438664
525731868
392001725
556886073
678328311
549113803
537939964
197164875
131583513
617918678
265831967
501931385
479844542
876531826
907831378
54906993
432217577
73092205
696473133
952091404
269782455
833718669
601778667
59715977
161256718
926910444
238643267
424215613
321862583
33757874
881995270
259850846
846998392
974468015
143311221
323677430
298278110
862431900
401127111
266638799
335056976
197998017
19076235
870728597
836374880
26679643
852141178
953675901
767305288
735761532
948601621
844441868
695806723
594091671
964133492
702430286
939377299
617194340
333034524
461607444
190138210
592377432
734823737
627374230
781534200
468665238
697566642
906279584
765683804
444688232
136603759
768935992
120263271
892784237
520259279
338829405
238700580
848214940
643117935
509166422
708057396
972827245
52990345
268493873
276602893
755514595
206866671
345401242
442267461
953889948
723052092
901955956
40622404
694110025
863592069
550788458
366910298
484799337
85769371
811328314
965692455
763591214
6599731
585914948
953744905
354593608
172436697
245231875
785069043
86327337
769080550
654706487
596910428
440888692
663393545
755055732
947441416
216494627
428698426
644201751
331188688
895678861
451118990
308336924
357509848
421335995
275889087
758322808
830577386
685996310
132715228
712584140
39883467
717992518
847547366
240872632
828087714
317512411
444430146
725070943
78155477
904245226
992344297
879722611
637228275
707401145
476509559
492638410
46089411
342016945
750742065
533933240
400741332
373948218
406964686
825384341
540160018
304672384
741310389
212816739
567186419
537009090
428768004
114118794
254957716
645151949
605006723
151060047
176997659
81793661
196106642
608338414
634086972
858113079
199539157
270422238
265073327
423710493
923194153
428512817
849491770
619830872
503616820
530991367
514493585
828361858
621570859
48192784
603321692
172599771
169036736
269500626
286528491
115092047
669816669
290758857
369884205
854639085
304468076
526209694
416678722
557771530
623643192
346631745
93320418
843150364
432837535
803277198
227907786
720093073
204426221
575176992
59634455
113087281
394738128
533088155
446918952
392370367
194255386
396559863
243748986
489254554
722519108
574119794
930563042
557454067
384470502
344172872
961829853
675457485
613924540
276804004
516933679
806994808
826826165
904261774
885924683
22481852
416001966
433363203
315812946
422711847
430650663
979955783
49162291
759647580
216354446
348670218
190191840
723320937
742880653
325774004
559787271
13344592
293119001
883441372
636339173
440107484
145688473
153218107
46256762
540118384
655652408
847740307
256511794
538952814
235469944
806954331
627660768
54267161
204236294
184203805
267786044
135292400
310113412
945814403
762728066
586483893
732002278
459072038
57357995
593085621
947325021
847316379
863267840
310348507
415943435
430547976
278748408
814961265
562457230
101466480
513762277
736344906
713792997
791837866
676776668
550108548
545236867
684614458
853785834
705809872
636217367
733935316
387163951
655744935
876485009
821627594
509065416
634622625
453277525
336735700
393448724
480939834
870456249
85541394
856893107
861794989
654887507
603348762
357401169
866665854
514983265
709343037
77478029
28145754
921141321
718315639
872743346
372019686
548690653
249468441
648386354
712988554
475458155
912243274
551118744
62682817
466121560
860540142
429735968
207800964
764608293
648138421
32958414
383146465
981411806
664577001
597140093
936285392
547502466
662181673
387267685
379999615
382280760
495609203
335774338
905351244
58726538
487712683
392263666
395403403
304697268
445209809
422086170
663184534
140958314
313385334
636343233
985617122
823248388
648209064
252526031
726954947
538740339
950482929
105053934
624393060
884434388
989091851
109414763
629784749
412325808
731700165
324620979
344818193
312232802
418553523
391205158
535314907
764010553
512420975
301965822
506407390
988486935
448352829
983506156
708859379
868231485
996349188
967778691
465542667
149414734
349455428
479919500
614277940
888817824
510359476
626117329
968504383
164645499
317730011
10239056
391225771
699290306
179846306
456239230
698219962
343368178
614111082
339328644
111110930
250716674
541766342
71167620
214656506
825359438
616809052
70319801
783901786
331176453
352886338
680834308
781437425
325429726
31788941
126556450
196395342
738445997
184939917
528258953
267119656
591499184
623231296
996858219
356718873
434968559
94289671
302961226
132430117
186764843
579069277
545352192
513802199
717658665
860864443
401362288
190721175
911526174
203803989
55294585
92763646
682990547
533872388
888138159
42397594
93101994
955643929
419546883
372664076
743804205
202640904
796323943
799668916
627531197
873686102
762554150
593731883
320952348
17882178
826084322
987475414
40385118
141958930
386158361
717382970
402765901
397490557
403116137
754917826
234695010
638326678
313964291
829077241
619096811
421769270
337932050
39648574
327543185
608413951
766029784
699065762
606010153
925354392
779641644
534750304
630218395
141233207
512445682
111128550
596198995
376324089
279929601
810571419
930309238
371916975
622065737
28656337
471903310
695819103
518076570
999339313
435013697
6213382
163659965
953972992
940711151
367416488
845497566
58296037
471509736
66078207
592842879
458413723
106728122
184858231
343202602
178941959
156132691
307984930
997026016
592479518
469526821
568621402
136037585
493968415
1835666
280988477
690286697
94299074
531018109
111887881
140610046
952958522
386302667
208075904
86880265
925888508
254050561
661531529
118229401
233317020
494488717
999227335
713333985
353007731
883737153
815128170
252424417
816522856
695216080
511311402
607111008
947234257
187386935
209194968
779602606
72302381
164688656
718139015
390661837
892777606
203935733
189515473
704155236
228997863
575489331
393008916
930680488
908445407
293810375
174886396
478955944
724683095
599825832
863012971
555801384
993739869
521455229
433824879
645450918
995530566
474326301
325538666
828493791
935333370
623542710
852477156
810058787
110851715
77321093
738858232
892368947
933240425
69831013
970524493
311603273
586443795
181201898
577796052
391056378
651886146
566045032
417383494
987874549
352682727
882019697
824531226
218523913
57166718
67536545
198508663
618913449
679652579
392955770
474745706
539132742
255699706
956899861
302280704
258078759
563422356
788464812
535662918
452700282
777175600
792296206
332048635
636529796
768508495
439116794
890267755
124379905
336890521
615616975
120168515
8100251
292647629
745638869
865989445
259917910
439403132
674305267
309047180
900481179
580520111
536578145
474182958
820477537
959609868
935932422
316457943
855819093
927304255
86297499
988652564
163385160
877462935
976901432
337621923
552086889
923271371
768945354
968351287
783090688
764757644
421187318
628093133
538827962
994536940
41452320
495585015
712373753
513589382
122165639
461123751
289244832
889672549
122961290
76304633
413943211
406598403
43533089
944016339
627664150
138576635
26287854
953429706
910522978
493400891
687799751
925536662
10035369
12972472
853804695
760029323
383030710
442819109
554209726
237339618
561527203
255114301
742826887
113313024
585139943
895919368
929176448
240593854
210737033
781539635
702306121
605082999
823049159
150910609
769926774
280023522
723066301
73622077
458439010
619453929
380186243
76811781
63968434
946477466
223828972
910629566
656996479
547735347
950622566
533048224
210408177
374168931
973356834
569253178
325233898
910472390
161755833
837575358
421122407
867292873
505683407
12937251
98738684
757086510
919146665
249932024
604894975
553270346
304643786
977559398
715144144
672162803
271648411
712059924
379066846
522543954
84736645
686791643
375701357
910437199
294955261
843167915
111643582
979369963
804615585
557567115
578797781
417823570
975434026
988121073
55830813
620364112
259820700
546949842
751847868
320088876
929820388
464576488
744008178
636238996
38566729
884494891
441055984
743268434
105131245
988259259
226821492
157848654
374972663
480271014
455014167
574183884
208958021
698548914
434478793
980558689
980848160
805616617
415297083
974282978
801396643
728482753
834107892
370181379
715628666
52786857
416822797
513388307
255292354
446927770
232533700
189486017
629048737
144915740
551110525
923551174
53922637
25812708
643696466
107105572
921625261
763725245
448413352
560478292
128621231
875797540
305400435
36906562
392241088
265894303
996404583
483107347
994401743
177061359
610126502
96642741
56235254
92412260
859752328
668698669
132192167
115700431
705892708
597777236
877370673
600671749
842397684
571973676
902085347
448957922
688364013
74786490
535686061
902243474
295268652
251540020
592997701
633099212
349301705
360023163
140423015
244719574
500914393
864501364
183004853
478887075
863024728
769198597
892812280
45675428
927766811
928181760
669647519
958499832
369896740
333403725
49815304
212926985
818026141
130211100
259010022
514541282
494594497
13716287
138179378
419956316
218463663
301185854
936365017
732519389
503917138
430353677
739307390
162194341
551155904
112102755
303892268
89485166
601393817
900812462
850503662
621453888
976800396
40243533
653934939
899955240
805528571
612753787
158236389
242277231
362237300
688613357
196851880
758576394
69658474
887082147
181129291
771656764
125890837
48840780
218228206
440087045
718140634
854142880
182094949
243972918
35013057
374523831
776499031
290533216
103851786
839928156
469700460
255608250
346927065
775750961
925832942
351502987
165409456
236893176
176332136
692633320
463052632
314595874
704589472
517981496
283383849
588840746
559023439
62916714
707364563
304396445
760107853
109442817
912904739
792712850
990468155
926942224
719341647
577584258
547532891
109659004
263740652
197479408
964982291
143792856
776372110
635087775
761981626
274491738
87516067
124334196
900877174
573778861
755454350
852647577
9870574
555058507
22341849
722598762
549986365
609020363
505841745
464647454
660320322
893261382
920578690
693573510
817058086
751562802
745063520
286730235
304975100
474845662
55020157
573939952
250661041
44156724
651174250
388086083
246452362
43600303
151045740
267823300
679250908
311509150
289184251
168495308
530688398
938045653
788415041
680288243
848203735
52805573
429261284
687429879
618361934
357964822
346982506
64911474
923501268
642764800
356466872
147650589
27404618
28899086
788514954
654889533
235730732
107604731
525876377
567412788
408563126
591024339
66151780
647413273
589344482
607440194
342120591
702187658
147112745
845528420
293553302
156903689
655600241
303141476
115022509
554261902
396739414
620659998
680264862
912569303
912698179
484996869
522249549
235099795
213350083
522878460
997391344
594839064
347715766
174736790
124964441
687869127
178451699
198583009
278643397
251041967
147239413
546752471
454824378
510430548
250040998
535507293
369498832
215834210
60893595
874034769
492322389
68488251
653706436
471421669
290545786
318672767
761581493
898139418
354973607
87602107
419082780
67898399
604826925
916093434
555026229
169736249
465821202
862501080
436303583
432666630
215939414
743437440
540970317
442096699
469053192
605305529
302505027
45161067
114981851
735578377
17898657
181956983
465390486
97690917
612203604
214814515
995137720
661522018
735488320
886654542
605216196
732225865
668086238
996305913
124096106
808857487
799713779
301440027
934982651
21286732
50848887
452002117
628720388
353033300
755550584
55123538
216045757
585801152
90166414
726206005
34541299
507545244
480329800
534374551
629557933
134824070
824106033
68882300
322775741
670033857
981261754
616486064
890006577
5549062
245995360
910807940
724030016
722742956
253351807
691139550
702550543
326743978
410825861
885209763
402202821
464305818
4568320
73621122
30316311
100660242
156892987
363235442
682751186
742888527
902521401
680874229
147931509
190621470
981980740
22035455
486965814
40144898
957999212
607006242
349247629
930357069
529036352
249064815
516336380
184593971
899305219
965680833
817338452
192245789
673375301
198392908
77077735
51221925
422321278
519941383
175396947
62196355
911900752
707842634
822194089
739220860
885545643
808126864
98074555
948320303
746211373
370355849
561162764
656476381
323075701
636231952
598179439
179590400
380722953
502240840
314261148
787059304
644311272
13057467
157123922
194251911
165196604
679117134
508786585
166388923
250280471
308602690
531968887
340164597
342865928
816746190
407666937
531994293
598829426
493084802
580228602
246861289
374620350
697059698
691739022
174168058
338359623
556273347
548357605
696297653
418044739
719167692
516555814
918447011
779490987
668007213
243060233
924994271
163167272
13093015
118487992
883192052
675161597
352517359
11720121
889651210
729878604
289313812
689614109
210395664
402747913
507638042
136380921
821196953
818896795
8034186
381603645
735278295
324198120
905105032
788647034
627197142
150166307
912384492
709197656
315815268
825226296
485873936
542819938
818681441
427611472
803641749
252911242
764757447
960550196
701954705
367188298
911182439
325522723
522313593
817622360
593252115
278017129
588548581
16347226
350655164
696136270
420902979
711378308
323484603
450292898
61079308
873644279
972481615
196361537
403690852
351761607
551733471
229915084
510541590
381251607
99437934
517801233
130699303
960548421
694735153
425220502
473312988
397339003
482748746
630270273
304522964
994840511
243557745
219574768
859240936
752396318
354909897
589108756
195659696
981203859
161171897
920546453
900200610
419247998
973580906
429322321
537501045
594072968
574143956
848954561
553181881
284534280
894151616
724251979
540803510
922816142
670017291
642226481
91904793
917154921
913308566
359286875
209890311
480045668
654594853
867033334
937511334
460022416
964909848
433874856
867401110
705702232
338693028
530633638
305339736
533957720
583179324
73835893
473085459
109504172
197109011
586001822
882921029
566542081
807907263
375281314
556620762
477109864
8319675
781747445
358381879
882170178
567573083
874048030
767219369
610213154
586519160
456243703
440472841
922211569
275942576
693826663
155141002
95389354
836255007
41233082
552282980
799779047
694047395
429260583
159392675
761296055
577765527
614069034
524592156
188088057
743543158
240481342
445528899
539640315
293391585
921012410
167123037
162419298
955883218
754159155
794496377
118495608
736725057
882997524
684631629
622923859
617949788
283919208
276088513
903655259
4615788
901077915
20111086
393344418
306342732
916021240
505465652
605042998
612264636
242065822
493380039
871540214
86081524
207291204
645531149
374440802
386811711
141373778
3880514
406244566
822828476
350437674
456835982
63635839
315436055
987838120
499078189
170960125
940192624
320502128
436798701
854870562
15332995
54670836
770999280
208296979
973326589
338997747
463715946
761548750
583746414
397079550
469561594
79992810
182219712
146544784
717467360
851239564
666286401
708321665
58448067
457616324
318775774
372420692
372792118
122678977
940619340
181523783
401570879
828661600
924047479
793151782
644513830
511200918
474386883
221658500
118396498
539707471
943327717
411824368
378285908
813203611
467250647
468863841
119877676
847023150
225997423
318075787
589497716
676501040
183148814
121276265
766398469
102999633
607387229
890931304
498551043
195596663
571622410
23434821
975720512
413692557
215536143
461233704
246776606
694709560
576659318
903780464
309919802
994048076
565891906
952821761
401980877
402730606
911031737
918195493
839448295
556525352
867122938
929441122
941716683
927389298
301166839
988902684
319547125
369536612
322005878
529440941
927706253
643219890
506967169
474042168
834970285
179762139
383450811
369571826
270507802
143686550
401744280
156144848
639678394
585146700
391328751
858298390
478342177
63504136
161201849
488015402
836158658
167870610
412824796
45145894
951406773
40643882
240696768
737221011
543976305
133700376
785082029
845313542
490513912
194778917
227157380
456287117
396263262
535204085
75564167
12677522
35610831
781856138
897619675
390462269
717004342
173916893
521496134
155221465
744668983
544022122
213605342
744733712
864981271
61887245
254857695
711908200
867136402
432167115
847643438
883199017
625802631
998063831
741313702
794089384
527167011
132070629
941065050
142164639
940357253
532296154
556588229
514419132
487246753
278894920
423377655
651740410
628457389
522914331
562521776
66120358
816692579
15604625
899560802
203827630
802867597
416174902
541789484
332679323
28105650
443708342
870684786
503739537
585595066
659354185
952762086
473480520
663700216
399292873
164138275
313436131
919166761
367820694
37417032
288825080
770952988
245836515
921490357
761047142
898960420
246892302
17497065
741102637
374892932
378442074
695166121
290556044
978327739
741818564
69116869
845256446
625013478
750984262
994508966
962190088
91384384
229917741
426261281
700077278
823845065
34590678
737762564
697072756
987529407
277289344
337650097
963898455
649538555
11546120
856311646
358885985
820805434
337716209
836371653
371636682
160391506
133635114
767368708
851379379
374842171
230980467
694035535
936245540
465169246
354201795
321501763
802912508
303109393
125192798
661939461
473827233
247581832
207692019
24924099
890459688
78455217
107525745
647900293
35386076
289230906
189447855
12606836
912957773
264423460
564108738
353612115
801255844
734387527
178038112
342050927
975430873
153456496
375067390
725815361
236339420
235265149
500810692
265505621
441165622
879455425
517415617
655499400
155535387
467402250
907377400
530338333
876488741
486841482
324400551
69600415
345297364
708842028
692742898
601068337
700309979
150363310
508983789
215902884
395951523
429717243
886531416
62444049
893878329
390686045
731570523
609618846
958535323
572872575
328058587
572855131
503347322
58941977
353349359
49234888
835125091
53048798
543758178
977272988
447289175
729168953
811449706
256629068
528951911
343033069
449501310
602425357
86941612
704580759
977165547
237259234
319150507
806250099
423264281
195651095
460953469
292452868
275841359
722737290
648585303
527340968
701426934
897967079
925897639
279739543
825790033
287176243
715465541
528728811
654484068
357509584
276371983
25510425
928932506
771209251
694033582
471343918
803851343
779013477
421193280
328931940
437404660
112686039
359516023
69241866
335859351
96171002
930627921
605914390
777424995
908107875
453219051
546187097
763099506
802523259
929989044
423457499
905264905
64893145
829371182
971664790
732576017
517977305
700382315
191855695
190172994
149368631
14151911
849409577
305764854
966820448
382807615
279866444
588659402
470339231
143367125
928073153
316886435
89235393
478104274
94133384
342954649
666761456
727834259
488036602
410561650
53344579
398202035
190305379
345926512
749593771
554311126
105229444
64010646
590008274
201668365
451033680
382343085
642665227
934648165
996418254
742921494
575814743
308849630
121995658
174101826
987612736
354581052
881971755
433397854
430999996
232334979
555090161
485676614
297451648
802021570
878197772
118702586
319254952
431123710
887514205
326085027
922375410
107381958
28219684
808459046
64948303
733281359
368858269
914801266
729826820
701186100
749950786
195988370
80006118
60837900
223574626
997726341
284694222
762944571
155283541
859798180
492756633
838705326
354819017
910428566
322732363
544543022
545061108
865280108
79313205
981973498
394418126
620357544
809367343
51348875
787676500
528250620
548158462
955245291
430102901
829633707
549026589
864051270
181925337
469376511
968130810
275530334
32603023
607028484
541142781
901432241
143703770
450867902
350211652
926735260
184790586
533140146
391737282
790948409
683555433
813735166
126743053
412553312
927380946
125852630
299162084
121207919
570265062
970501516
739690507
952266081
865176012
632757928
876477199
364397723
650793801
938770171
620087573
361690418
647544450
137656016
65359342
556426461
429211691
500570698
693999306
448074314
212636163
844785861
474763368
758819632
857829507
685294736
185396107
611898965
616113115
809752410
32875763
997469678
345152834
620360724
979155931
426558053
33568120
88479727
824925960
742361614
380733351
100312651
136247940
931348573
408360312
586917446
994165188
229104096
581152853
313939421
777124773
527078864
430491710
711229316
817562499
490015246
237114744
617525960
578232912
792274891
743321500
302772097
234725867
993274742
873104908
155188495
926415348
221641083
656624107
252147455
606431685
992269730
709626792
143424004
876707450
58302035
56064234
673249443
240089165
379598434
917066143
114573367
804981264
450480980
568681807
642980024
613673576
848467210
488682516
510254821
429345383
42446249
129700758
234522154
280912062
524005424
630023180
51836975
223857131
71149639
742513691
500675768
193315814
104760041
46712359
486403435
155532498
631860645
893699980
430194737
780151972
385755405
266384766
252955940
553339820
950120112
164850232
459721870
637572431
197867341
430366579
377489175
847434647
853281100
77366590
90458532
973465951
998803417
929984666
831145438
446869920
514236306
504165153
616491715
94610421
76787760
119462385
931232102
71554989
123196340
769790345
958444065
96225412
104042804
652051243
454203425
652977947
384474174
533532519
264841713
233262670
57299304
548203800
927784762
702502729
351548950
757080776
604707567
51752741
121439093
732530024
297666553
937827479
43135893
862282064
201825724
350437308
109175711
224744399
813409169
183059490
250923241
595397569
424748575
463321087
850474448
182833463
628510150
398549376
946212889
818893866
874621396
361712419
909493807
310358672
680246406
831944443
592385250
852979331
95254412
324387522
643169761
47619782
228818092
349947883
414442992
413314195
819063262
457946779
106876707
167307582
488282864
428346130
233283293
713687740
222750959
506405790
688983585
122405392
436962000
146721431
197230941
160508383
958143655
164501699
314137762
749659888
355417412
736377113
459508921
980008215
419888124
44670820
901324196
515174747
593524521
289765159
990153483
650566353
631330938
920922485
721554201
34973509
289160011
112324167
644734850
28859972
622952793
436604521
198704263
320443509
854507627
755693355
807097157
506263627
604640047
301942742
382667428
155015248
705977680
152318621
711780188
674674849
584251404
802440839
236230086
842656004
606820206
293042863
253610537
144620385
486130757
138618227
536724241
975202450
342112575
582392509
11623996
426995439
186102895
283916872
217601457
281320858
82003746
924637850
915921178
833825751
174885720
400782499
711768398
518688061
981730544
832805884
647871312
901641638
311404367
753949593
907573062
213572885
515663901
953568016
206207058
458802456
80594156
204154881
578051712
309558273
605511702
227400798
931538622
314863453
221665651
761030032
977611282
76238511
117783548
379789416
357834373
769952625
652661727
727036471
299736214
558504308
917121589
669947847
516063114
934454131
111946801
989717860
26352862
28398097
234949761
640177397
262702609
960880462
641169598
480725627
914466736
241844224
675979668
432387488
722900722
544448994
269657882
548985805
868930268
808758718
265695139
959873815
686642806
847236359
472724754
967008166
41102788
35912405
919683144
749068606
90911216
927943983
112295850
87531536
199556238
116204445
138138449
320762271
496589498
742485410
645609939
204790196
715171433
532680865
821852270
247216423
208478942
307034907
8584690
478610613
458274765
793117472
353830928
605967382
539131787
63953099
195949423
143382237
761358943
982750077
791977961
751137187
153413371
190070927
389198641
447617059
834685201
281803827
302142679
592018444
640249617
601777132
496198294
160562817
980387737
315225792
712425572
946589720
63668993
424422057
791123352
342897133
214941689
493029278
563197539
380801314
988748479
794083603
70963949
309628778
693864041
6118428
703572640
143522460
956053126
89614714
73002687
904827864
729962183
532856591
400540206
478999071
204514332
850436008
232495432
791537232
857600944
16873591
736221821
198291044
982389129
841108910
622234824
653000282
726394950
12928543
307841647
893433452
413498152
624347753
682467223
920805271
803319571
25495976
164324331
964928183
889307593
511593709
867053264
660270760
503290658
226457313
493270048
457900016
145247782
166019260
79121648
714597345
275769160
67161172
595837076
413912915
451795007
67148585
798735997
536515106
973227156
656696873
194002973
105336744
715221511
88562963
138924270
889329525
451939343
865796723
492566854
924348590
835449436
166382098
852832704
924338742
358830141
691268219
58628667
484755494
342207130
164982317
420286232
611914275
484942353
853294749
132264202
997187754
556701909
769158697
834196686
381474433
819632192
237419167
444374527
978018958
277232399
551909903
226084157
473119949
157230158
773935108
718480956
530147148
495295638
872290199
878908602
306715100
720197303
170200360
312534526
561066968
174289237
496833403
524465074
14248274
209588757
312579267
244309315
846348651
437744028
94111448
566201293
229296399
39059072
684358907
381255728
979239594
702935396
865807308
219128532
733373307
517595132
853104525
31729191
124847153
699140601
46814134
697753021
374424719
397561407
503782281
770082153
723876805
181478739
526128086
497677465
423882185
534390652
309894284
872666335
525705126
83330150
875183836
929552138
148981317
734606447
559615038
334959635
111500926
71593813
296659296
240787416
878966671
99411541
710727939
383890170
38227054
962162248
222982846
103877569
772741121
852558993
185374902
152959838
846957216
543881904
559601028
637146876
214550733
629677975
29425634
219479733
861292244
673476892
363270514
338353320
430189938
171936388
454386694
975222060
225056469
192866054
185580736
870063452
807098524
579892784
984366359
208621981
491362866
495178616
315160028
992195464
650068571
530932599
66909181
653222347
471710537
767160744
165542698
976625238
931150620
906572397
420768050
258425637
175347923
678784887
818427890
303879708
759367089
210073070
529364643
400140951
766447519
548420840
525160480
976719654
674481722
279176529
131853278
161359721
401434418
895656989
44983386
817521143
338648090
295303871
841480802
794119059
880938364
627332819
580827639
162727130
285569607
442679684
227978360
35619807
502207902
642245938
317801497
7160746
35099696
102179867
147328954
462120493
919793725
86238423
73025019
174700119
985749383
172618449
637615160
627848869
150321597
843766682
830457961
772162242
742141631
407701408
646969435
639410482
755967852
337634931
639009683
773810174
669485593
800634326
427451943
986087752
772839304
845019612
802935666
735743790
522857049
616023735
761894352
133527478
890246232
99952437
469009982
672671588
854670725
17380171
466707207
256741730
880414263
677279358
494699834
914402317
828162056
536959601
291803195
598458751
642193068
707318609
409638137
289430291
151701387
783272450
159700539
641907321
23180165
194342787
792132146
910839595
267261718
906709393
170253972
541059221
366722825
910779620
368834573
920002622
815965592
458538172
899990878
961121456
842107475
386496388
285063606
481110521
536217903
593340185
67939950
851016214
692296929
228875195
536183532
443229944
791075567
62483633
798063431
6446325
524961275
201964382
700782740
159570289
748634966
204975703
68363496
200689396
701477722
562156251
973827621
511504881
680817542
74175988
311861398
402706994
495105254
750458379
733837034
844345178
40701855
965165360
293366443
909478440
801306379
981698622
474542668
75823691
924646078
666658855
473972623
226180268
355190829
141029565
166335889
615608427
36289976
782314824
572730205
569177214
39526335
592992313
516478974
351236494
768764163
665653604
266504691
360145678
614277844
704906203
653209941
706393881
886714570
105087584
442911633
183350924
904807484
532019460
240051960
976015294
135448538
526679993
137722484
431146258
179894718
465642294
408068367
64357388
629672146
316369819
973178472
401837815
637243333
881607138
440655363
399321417
2185487
670090000
9959870
555968192
642569429
660309502
613966557
820906909
40548018
645170978
119836769
384612265
409359960
856433477
476375035
510687565
307317929
736919256
776802879
266141195
695485167
820266769
321247280
464814212
188581684
912622206
285814609
12792333
443238557
740882300
234168537
112051262
757105045
65796293
742662617
896267452
316475303
440316268
877882410
613720348
735227926
338062255
577596922
128671030
22750116
111846077
666223870
38560178
207198175
919285850
42019517
832804810
195072605
197310357
922380974
734143460
574869284
540724511
644474903
184897755
922398372
959704823
954336640
319167204
960669637
373978023
180263609
543730735
637990373
509782839
327638404
26199402
362974391
982580696
52095385
275468056
768514666
584323555
224743207
390079155
541648844
179483543
735987685
413351846
249138083
187783434
760310364
813329139
134846117
133800191
6168810
551684236
494924271
958951688
521910497
731349140
791058829
334182893
731755017
316601280
58079101
361637035
966666287
929164915
321659048
912046959
32089476
479900732
413633699
375868008
467051023
491042807
47796298
376909009
842476049
845634081
327665981
295795616
568765623
78203562
476218053
31164835
847726630
149678572
149322546
607340008
444970695
243442083
51409185
922637737
454225755
439965244
180882788
589820449
868566697
276033901
704366842
324567962
798249481
956755332
75867022
447498507
928042262
720719282
184742183
57218814
754110650
314739665
681638670
305343817
944314850
950350839
979948303
804309357
617245793
205352313
297992750
643176855
497327032
866171254
225873860
870141689
548598822
641801533
463508635
686606764
115165279
24476143
407806471
269852352
633394802
885714033
209181563
229462961
936853914
732285271
707948642
236884427
50453458
98103070
590498975
76353780
40291270
668281409
316791209
701047378
157063493
449005108
958915716
420136153
366645629
447416955
238622792
914407166
370357965
801408297
528369314
546628761
812472557
911389779
503651842
519060428
467022036
121107622
290958672
337035536
718683065
651301916
800234574
12203958
958515469
401020067
59457653
720413236
585398742
138833624
697083212
823349284
344652827
808897993
535690391
676213934
309459676
338903265
441757873
459341393
19503363
491078635
42911657
147415473
957637674
928904663
816177650
735469435
454312763
755475857
740438753
112805963
7742517
136936631
420927419
416090830
440610720
70146258
193534379
403378929
328565063
707159265
965056331
948369277
425424019
376592733
605042880
748923160
951407432
540268824
529651058
515334543
202555214
850126795
508814243
468067646
232866155
80293746
856971827
784865752
898769279
970818114
182374711
722583978
114486742
434862724
471009924
87530671
679554725
698708256
433926861
304293151
111640730
649303542
724288793
161132891
586558174
631843653
959838239
63450298
297326543
660491980
304068929
333407490
693414273
424265138
164801152
521556803
879078091
496480986
842979903
157659714
650352900
988236246
496284238
738907721
520968647
490263828
927270525
920954658
56004815
314204295
775707912
421952342
592276777
527009461
812834847
802257422
735035785
500310597
281165132
325611639
326285369
577306599
162569117
640147587
652123952
567076260
37991527
554288799
478355479
412840645
944326550
899560085
162118364
631926640
445326342
392063107
761882713
24224428
860393486
748244871
692489354
942948085
350143474
538007347
477676276
56339727
87974673
470551277
948599769
887800444
112886472
761101072
590616373
394884063
541442914
509869434
287020088
969527783
652468716
168062432
64348553
369439768
250795006
281833520
95056883
891212100
127617398
612818106
222949032
293191978
334777750
864832080
417339872
627502158
469123332
234406413
419158379
59578153
554557799
570780723
508759809
102522707
599245245
99228284
97806252
102409814
701887299
140998834
687394347
837209105
383611108
191213837
631911436
896717887
982747212
305826469
635028155
901332850
802878974
425209541
778935912
636528512
319041961
372560464
863449683
562834719
573465887
532004939
841834953
524242355
241175255
908025868
820251946
690237652
471772121
425482522
23715020
191781824
525090133
694746778
657639950
949880810
193906147
48197818
298711132
860121891
456027035
428205230
668888288
918367577
739754124
597745370
859696338
166733388
607806260
568989435
509176478
575826173
820425279
520272966
338788956
657764706
549005379
887750389
743834973
984664181
224340067
225763159
846059641
501203765
189126065
746815550
489058504
665422978
105317369
662966965
754951354
737151770
76174624
342066018
186197817
213183700
443261013
178865610
623653480
332245036
361668541
820486765
848679522
107602336
706149542
287556924
741270949
659780384
428288181
716249672
531108879
306639745
376328665
333982523
538043424
84595234
473839256
516086973
785125593
678186882
453038219
326231593
593716315
610297681
589317416
773816292
567369336
375606763
483488677
691501943
478460817
131076540
282509183
284315174
794502226
485632980
852210753
339745865
599267627
437076836
991422958
402273979
583072174
99000865
596692487
954194055
195639197
515780018
574060326
529382057
895782423
786544327
150714521
171195609
245734918
79139372
749411187
950263351
685853754
762148387
873501248
504531928
689742311
622345612
277037791
613247178
802715024
300686521
80868450
544010362
946207861
327462318
78988928
263114074
682639119
321150006
721104175
393270952
957992249
630412451
836305771
34516748
208098588
301395135
144663830
718236813
559644070
60592490
832963010
650984046
767098800
800624136
421294016
502478188
775168953
653600036
691286275
184752052
658862117
229484802
524280134
546674349
529111412
461469310
892963860
681925323
187698976
740611202
161895213
664568888
423110758
108617040
517726499
87569088
665275747
32250936
780177201
930459251
560981106
819525840
872696179
575689472
809672842
712002431
114518291
280574324
86897502
80914224
355068538
511661705
935631636
685032916
970234235
985678404
844366032
269380318
327191660
199001212
903649298
551292037
317218276
66493298
960390537
747271427
99992497
276930702
229799663
357541971
251350591
442675120
104723228
982811500
937572676
244090814
274028469
811304731
405991282
727272341
168831438
567027683
660457493
476278733
472214503
6955111
922096426
990530012
295712873
471766319
14171632
77655493
286183634
918132834
779980357
633020286
754471079
755608366
258354900
477176774
423120471
836793572
964306650
510159926
943215019
339219343
219896751
599385489
536804094
715355907
378371870
378209343
332376746
327274226
963482528
55373066
303603960
259715759
283052060
872742699
748990769
716098249
148101654
893344579
91700464
172824535
832205578
679679853
563263426
979664085
521508938
554802627
375802569
696362590
96500751
76734527
505285863
813836365
874277964
43029087
558839238
35053294
113490897
523569463
762830725
350086572
268621731
369586383
317668291
378023341
956432310
967112568
233169043
267096607
520298952
747986766
777303882
803037031
260009652
237083007
295898995
704245378
916899842
678286376
580868930
136576836
752419025
174708359
525188214
368559432
982703453
662426351
388431469
436721982
104640760
919392180
184261378
86433850
787292651
172783578
601009054
457481785
508793951
432209579
864676508
757987174
410481796
934559584
559502090
990464232
423321394
109458778
849651350
720080502
401053857
10177278
781105271
522201286
370152111
955890441
75334859
772043118
839702579
341343821
156141435
775299929
962661126
649189886
650379919
603442269
141276868
472130300
579834362
634308349
311795469
843178216
707354364
747722115
950780702
596492456
570432258
963320987
387602223
405319380
245042150
298067016
626457274
448488494
933476569
934802273
571276427
562324759
105460021
699841608
891372372
458128412
573268788
445798921
347630664
81791349
431454238
714195002
145326863
933510746
523061273
303157883
558037126
824154118
102076090
792232751
961373512
826563116
399755623
66404853
328370208
488499757
678227922
779594228
910298275
47209831
341038624
655208488
53279699
696849076
833602929
635892646
843833856
630114040
205318947
493636752
238213203
472873104
67796661
200740274
988180496
13964223
326913932
969245914
45670026
625993474
296449444
712125108
16063750
478970767
675236922
854418483
410222531
506781838
459885230
885812768
125016600
621022324
777879200
507842072
926982236
672963921
463015123
473455637
88249994
640491849
248204693
859195745
368087448
278537737
691799632
571902208
237037480
991753830
123798448
471817584
165392958
368977036
286906464
256486281
385661525
347508086
576208403
710458308
29230049
962907947
48700080
612142705
738762879
224168709
940990750
791133861
490869993
97832674
448705741
524875693
185839231
973416789
38982643
562836834
635816470
492143781
207476684
550867387
64640495
63130793
294616037
542480452
63080270
314023154
599883869
709336242
611025245
25787965
692043802
531898392
319226524
597644482
906666683
725981655
689164728
33973949
135949210
381491081
390796278
698096695
550990198
966720211
562839670
441987269
744951225
533420165
967719800
668346529
292432173
54871903
599705868
886564660
70526757
781880270
548238105
853525681
965178989
504648112
753728795
714561427
266042221
409883119
325382175
971154276
946553348
499268890
839057867
963846069
855210780
835151344
393753860
572789631
544648571
381674882
139586226
993180432
762011498
223020588
111725682
131770370
949768259
540986995
522890056
151883964
648249909
229031674
936569190
944113217
518087640
601079617
262686546
669038611
955381820
105287840
155645579
763222829
35862662
115656033
279118933
581295612
176301940
369955848
658751623
802089011
322162498
359109043
925571383
488601409
510255843
771394935
968301913
788213570
823758995
418621492
525726964
801474294
644409825
377522126
855887860
372511029
169058496
884292539
984234522
828643103
160924871
490712818
708819409
728271395
90189096
407396759
607032229
10388844
948871069
665509530
971278980
404955894
57211834
174714047
135803963
76577131
684866106
59567583
849985441
282023811
248938615
924892161
358324076
106943018
339108976
719065317
841389279
203386011
34125226
444036045
894071844
964354216
253684167
557909359
265814343
723208196
490982785
224202019
480191019
521222649
791861350
335241018
328434964
586120169
83325842
506441218
308926015
11329904
875728161
303037064
395825879
558723945
627144785
27268764
31899828
712749753
484676581
291961534
594961416
449459375
648757914
851116280
661976129
690183038
709523799
393391687
240776733
932612848
462318918
137817639
383894252
495203245
576471723
850059816
397188749
996330020
519984027
736997913
698012728
885368987
104374137
446017856
950539075
746815392
770696296
195070027
140080655
682048465
844241077
96711549
305304067
818333135
780921167
397213277
547345442
67013290
565973180
349126273
17745011
803369177
856164763
924945496
922461504
35166623
442292309
330099566
859868706
883265851
34245582
280669536
379314706
824080591
606118572
704624901
928431786
958069752
182543073
180066959
402415331
964685599
855481218
978929768
336689251
873441011
892551875
537534061
950783045
124010448
183259657
405369241
616579891
781724305
122534555
251274093
504010046
354946015
958557957
280643096
268432036
327364087
559906204
333093664
111188299
159383823
298807105
368685572
891592673
458985598
535048366
499097700
339038552
554252228
183609148
38360652
152531083
81748272
288282084
895682294
113109440
608169596
278793920
681413491
393366679
595891039
188471671
293274897
673264292
475104773
539756391
979004415
446912612
406935902
402218679
748234827
668240266
669989335
974976551
307556559
928090520
288843631
184424294
970525844
42601455
563222077
680634878
806292252
713025602
360285015
222527221
685772946
576286978
751177000
573838826
305314662
288082870
628926589
447684700
665312713
793718447
507553114
323031802
44532063
876379964
112049854
365855449
359886742
835507096
485513171
196603225
124438198
578196177
159617586
770860037
549933189
222294093
748298149
152614978
500972797
994502945
648737988
771476909
402160439
301488067
113432941
298118897
224470632
744045715
814441896
563081370
230736028
254357529
64743243
643991324
539533131
56676840
362851665
732696324
106710774
224293843
120694273
609110225
433544566
601897390
293440805
840760455
363886183
926916372
791188173
448293213
639012732
567081872
775656032
635596272
755808225
399008557
527353852
53336300
952545968
348129488
424937925
120829386
214473710
126152889
835328035
119445211
635992818
482451342
241799388
919389210
834269504
789806543
829615874
634957225
594751126
128265790
271885176
935884181
749315777
652693556
828862759
839076246
759679314
903526387
826520879
645813470
285278124
237511627
545408514
562200922
70516532
739067711
18098061
987964693
152288694
221775458
699016374
270432817
681425735
123671530
258696179
328068071
549430235
653788394
622772289
682610017
553718216
42902028
330315652
962388164
858133834
22534200
106969029
269091139
985425443
55128825
84428331
435826879
101065894
196615697
856995680
984627843
951975017
416763351
704591277
549379866
965514023
45788514
949058577
875582589
256574294
588961169
629927575
251160073
750115172
564036541
994542736
467945009
742615968
874226035
350101251
659430294
267341036
992445068
394953274
273896008
729655433
294410007
103976624
97727061
526401095
898650638
894374306
212957396
21722669
39011468
414890180
956652417
929247999
476198794
296922682
274760474
712897657
16018402
429793093
230975961
710148829
589881393
236512284
386283555
572454591
174745539
835695486
806666340
768142955
427675220
268774567
67291865
730695643
462128834
300218491
96073145
899736716
740340720
666067017
297215081
145688217
443042942
521998474
845033452
920337958
227086942
185886127
862016617
258991454
306732347
147381428
137659889
384124184
533488038
397286657
896834011
367391455
484925943
466694511
66817109
343298894
59305933
236237093
779721015
636970810
165308454
404091560
615218953
264083267
516430290
525976777
303257316
140353213
810053052
64477829
400147005
535734055
987253657
598057512
526633250
380921298
609081496
49924682
528537408
72506835
884515760
604459004
835519157
529872989
895427738
430696867
16793911
561083773
874653199
108522695
344423043
172476641
823730249
826725992
159401945
599704765
813676400
750987819
649478149
544185887
770501670
840568871
943998672
994840370
56688424
297448960
57703658
941645265
349736543
397928511
161532066
831219650
377591319
29368127
319100984
587037302
399256179
77173087
583973658
259680663
72733177
304964063
130881676
624269813
32949793
300058775
434349804
528382526
588032608
284587380
107760730
394284301
322323713
312912422
289105255
992720761
660287127
559708663
490212850
439919281
623572151
866645313
455903435
452646454
312406303
843232525
746240094
87338923
907293649
823649259
516453152
952779484
282866942
814598440
478287951
554766660
441847607
308406076
550522551
464801754
671104584
146313801
866775257
481728804
990142351
52208603
705154820
878591984
53206050
169893692
803043974
314935670
812519593
686483740
339834303
704349443
978364696
695785932
668605278
144178971
353491081
666150798
86285871
268478101
125252635
838220170
8696079
156385053
511475989
324143152
466653694
720888287
589286523
473498643
163456712
107877373
79434048
938392689
795003721
708682013
492257574
837579538
655001593
930397812
324851466
89539514
985953560
68092268
683509939
552187376
160143560
499724523
757796046
342593859
470255151
694662081
928588483
677194713
811112022
684188125
888194087
994303203
277133053
332939035
525182065
997455837
713862254
560880304
197663802
225773620
520929989
26758143
897539983
37797548
718067043
695722482
551627288
613985484
455175904
847109164
884121221
355388680
323015147
663557852
54095655
129902592
867215475
885848676
189461657
262421574
549669834
122824617
81049240
10654770
704084186
139632484
838421897
987238693
42590266
377513067
338620248
627418374
145281650
494484597
537569650
384557241
725091617
593248439
609444823
902405848
290318604
664214657
437002351
541663145
991413188
767776229
234039248
872226791
866881450
162028935
5589979
169536116
159446870
273756125
415119702
875367262
627223605
23542559
734458974
913318359
666330026
924677286
643687902
542404891
949085518
697922939
934472940
176851015
426864112
453316461
3943042
592961632
175244327
27364002
560861116
178782497
417557466
68841611
427230131
256088060
815573890
818701989
132896754
44894412
546517918
267849816
971652493
719284117
75099286
559139593
556139122
825094063
384736822
653853853
747590614
769269679
33555636
529832355
810706694
445526301
113593047
517167798
971561429
755434800
476040942
994905247
973876729
755695248
577064701
510308694
93005356
184160523
549930142
690040622
335663402
408016149
215707567
111263058
643664289
765444675
946832319
62554488
700804149
527950050
913413800
947071489
100563231
173331464
883736355
303684061
218302247
399573198
401447130
775726473
570471467
247846139
133636165
646708901
828763670
976331399
735354404
120915294
689787755
240660673
280575574
533520871
667028156
358738138
739110431
261322740
494507604
529079113
558557239
109059399
92876179
805359114
362517571
460610658
898696786
139641245
167514050
971903056
160593727
550265093
388753303
811010109
166811194
