42697617
37146500
328937235
280078322
4428613
818097539
588171062
310237277
415241315
61218370
10318149
11937763
763668876
388081424
721797709
13007700
978449506
307879440
308415639
575611389
826716962
805275459
399017027
239878201
177734620
740125043
891658305
889391352
257395684
312928788
229861010
928817156
834350661
206267561
164051669
132017525
254572397
899299733
824710835
260287515
923425762
966843807
263954494
984057818
734095717
19185565
433647953
948730222
589290147
59907364
401207383
334967873
130477716
738373618
356109107
718272169
550544948
496337295
640044445
483405548
381850104
128760463
61982770
376283024
162152130
364863135
854738837
522797126
982922823
120556872
416910511
128673457
522478061
526415332
853994148
489584089
186576801
872627887
574216134
405866071
351897825
292119310
260489501
431047849
228444914
904433044
10657816
507344317
335678509
896027966
578643909
283817858
296466443
916127754
653726713
443965881
942078836
229429069
581146516
277529795
272970796
238219789
986546070
20686888
299357180
629265046
293046764
432207712
718741047
954915862
730236871
312810009
954954974
878119570
7149863
293491935
951104273
858240210
384573499
529699400
579506520
382607851
109045246
971270288
160368805
283483389
698092817
380192592
21574942
119396670
944182511
763182297
85698996
290175603
124309170
603962184
79055365
909012965
569442228
985473238
904433471
649380862
20479304
350108230
301604552
977570850
860120698
86899324
257807596
422173308
650811960
399521989
203771932
448053168
645955974
879938066
654911990
110022787
531507328
387637771
202629694
980215191
256662424
881053860
430089768
544462999
499217042
529907116
129084397
431218614
609327532
931054040
519100630
978624496
772518477
799254464
631644641
876812647
695918377
408978810
982832091
60884949
267192432
589038577
601796253
435188441
737033300
664790032
979860173
188755420
270149048
978723557
624189169
358506921
85234559
211754100
54868010
420808761
989316469
786456298
634711490
514589137
780038252
32274857
332460549
380684417
644699626
978096145
129159509
494016571
183522851
849540464
408662146
333553026
469250384
327235981
208332988
200241771
540378419
864619945
75790317
38086599
357168498
215139416
703869188
914862270
894872988
904110467
774292107
292202351
689869655
584864077
364978090
813083397
454183909
539160384
511043639
131145790
470411498
672750580
178260803
804143285
294866324
969859088
134821812
262262828
162915438
258684293
800684058
707358741
634820533
595490794
751946581
651674961
695879110
567055435
996351259
679494703
728282658
317674425
622975603
614126338
580492478
968559822
774748033
466896086
612236433
687221253
356858184
221528961
509306631
672108084
932164793
174175534
575587411
464438059
899975929
755035408
811316645
792269374
406543870
95535913
397709878
887885738
95747774
772167044
473990668
699922164
328904267
408503023
866682376
224271576
483930501
618335729
10191450
188494135
157254973
411222539
932318066
762636898
254228553
288521391
325949128
491117939
739950553
932382197
599523091
162989503
400628984
303418602
626053496
415461956
637094644
441717833
744811738
795614931
577063796
800584050
831001260
992856147
528916520
228170594
21039217
238009936
827116814
573644841
470081393
758978741
558419610
922778989
973174261
360933682
901847201
821092257
358819667
302972047
598541819
883300331
875551302
13981608
74684630
510295549
340758176
994679248
82147568
574881371
504645483
42134637
85994590
363464531
121963832
424132592
116797052
462625715
776135788
480273972
563650104
583706617
214905432
174602174
31889927
649697659
278590241
945840318
846862235
843266952
437734384
638258265
374369265
651521997
775603958
751111768
785307690
569787753
286966954
325801000
959402473
672634939
624628336
38214408
452841176
447158670
464714947
581904623
903602263
997829562
330354036
856971029
215196074
264949354
467781167
387839837
686877401
183421487
771631243
974915798
105529965
808984955
748690602
764447967
350980885
602635823
201391523
268330746
113798364
620283691
884548065
307531353
122645940
313339626
424481143
220137931
600720683
372630579
22427652
634488821
148761233
851197624
47066921
285074556
256367823
801980953
715683233
13602683
232403092
206029656
365172118
903978870
719828822
862056498
770172897
499240069
420497388
301520807
996419424
738108664
534630651
556052277
664591487
192612271
240696239
422620937
252628894
303159123
222790612
586056736
4824393
848083880
27361712
994816916
566502522
265834344
825358912
976457858
536449839
292499153
395487753
300668872
426004481
388663127
192852648
411137999
53524090
701971502
825394311
54637462
269119056
775831915
798794690
582610197
977676153
957847611
424754683
944395839
428537584
764239181
528445077
770896184
735595722
335812095
896125314
346225254
839783138
906140914
889636315
946891283
262644582
737401093
935564119
518381718
219065700
275972990
504958303
720876006
178370335
883672878
938202272
166037412
795401186
751203488
447883883
608907978
614304797
527166991
688595712
348849971
113427818
871116147
707613956
46637330
620393774
779543531
941123242
461772907
882224878
755485111
765519790
513687944
432692647
300008155
820371901
236104565
800082794
817926829
673853945
318692410
793436858
870135126
139216171
145462780
552524740
551067376
162571785
631852343
566585880
844171574
820529973
94939409
965548026
197151576
143192185
130135529
708904374
809148806
92561201
953386971
488867933
784940853
329945070
469300850
621955634
220293335
384663585
950430503
733313307
969732340
496592714
662211720
758949329
377636848
712515624
858409689
700773473
220830397
323694875
397385468
969862403
743692253
221282982
263219174
775446966
138878600
72305465
589832095
78234845
989610556
548897544
429291048
381209548
616721307
574410904
710091944
715665487
617688220
452118533
145271515
832665927
297937720
450420996
922077425
667632778
369500011
47810882
549838563
927505375
18412764
905607141
300890330
314886645
480985250
185848153
128977629
189434479
780061997
62248837
719351719
825754221
414260676
827617175
377768037
777116500
177914792
554624364
861588604
207900505
109080976
33018940
693770379
566389289
608844768
175000008
957024269
617093750
293320285
328749290
287144825
242506229
103444959
925752768
783575499
89832570
244469050
51989769
543864649
250733736
688253966
525459206
254597544
920852265
568961628
465223874
551836162
107656971
551832337
499156052
304393511
770638515
406212877
20580405
469382409
526719534
177284557
615180583
458824437
707047974
407406113
623392217
667605187
186527856
170714058
880171198
86284236
58652051
982675572
66453614
480134825
289060315
987832715
593538022
692510461
338628464
227695803
801966082
808379546
606795153
128977049
51647430
17887321
544746863
276415544
693328340
880528711
231723149
858971656
184203817
305293584
215688915
546447215
561454527
906495588
996179783
6030914
466494419
796199538
728795145
363292815
832256724
528606251
795499308
783852520
882900916
278661356
879942096
39020904
130615975
667354013
269198126
971536821
969674429
356519799
461583479
798448567
496233252
659936181
337137399
203074024
234703980
371418019
385023424
271662256
165308108
175156872
523718092
720227140
738209374
607739647
713842349
361054150
682803191
954110001
757348500
635588365
81140651
346076925
984150099
950466556
613862598
608828096
294175888
236411706
227657331
685259168
436952161
245369393
547474455
445119616
532241480
165465784
744029513
665215627
679470911
800601863
852525015
895459373
675619205
911873522
203163935
99426034
480735353
264387328
233256861
539418354
139226947
18405314
867431838
680991888
896244427
332144519
186912910
250177649
138103012
728313224
870637446
434920239
847763239
538982638
729265491
436963813
543502889
496561429
817461908
205511585
770177916
472867521
42967188
552547366
132476651
773225736
149136621
230605195
638435570
978671542
889541649
474778119
767667538
781865695
816130662
931282079
999207884
166307928
123857288
467227636
766993863
996994437
578657851
589262631
50997493
729574797
195600918
483815812
713007194
846402784
120882212
16538239
207681964
648971757
771318625
305962427
972193595
602101761
744437989
404575702
733609758
826498410
251148019
69849148
203635476
176389131
404228243
661852253
624270273
478042576
223202021
284621286
21030142
762211725
822208218
482615412
960300854
481885581
554582430
990915506
21233758
579886571
333730714
388791974
260407473
471656507
158018449
252825288
407492621
455019903
15378247
222861640
621432714
951934195
701003464
553602049
729178921
769172560
582598450
680068954
900267934
702668013
888507647
857004685
90520959
220949855
760931845
32971708
573371429
281508455
263054919
993693611
634266485
169901079
712716995
894804579
557827271
73065507
198388317
840601395
297506274
936721983
234078182
867672560
750654317
203902077
840043887
299819401
533159200
639498335
830908356
100965266
267293923
132412106
397904936
426091506
131158006
86453050
98924921
880275155
352688265
142813371
214868593
184819295
549088834
791925115
984345864
534614747
326514044
993710939
821124692
910414944
912646015
104465626
481604146
174618903
985054261
957820338
344128819
385585144
826785865
872620841
906193307
50904290
136549550
752933881
641842145
581090383
634641095
686717595
986587876
87760878
134941273
339535625
561628035
99571002
683571866
644373789
846235255
667678017
490846334
400324223
935835959
364846329
127601493
82978819
428603962
946088572
133554209
733738046
382299405
498033477
780177000
434239857
786802107
673907599
726231211
720703423
100802478
306980061
87232678
387324553
110527478
149053989
977884326
201103225
248103715
80319529
149522241
78839891
827025318
783706211
313787143
226905269
200170227
632525165
549460168
838072024
892808947
992894581
309637052
116239408
997711390
181808740
320803759
253205871
158000782
673241676
565911806
132271766
751786903
518698456
430530914
280172678
626065776
217449022
392307902
679247095
172418459
569762188
434839573
238066357
298280583
578592910
836024340
727425667
154763131
66773865
711964427
830221534
414707590
219117043
325771829
800777976
189257342
225436519
714708955
521016023
212847943
486313198
86090961
639363495
230260214
534587465
27979095
540618036
444469565
369707395
323946268
285658339
298816241
555381664
516248549
889122523
713499533
428465746
136334636
801140945
288410800
391836404
212839937
147565258
120105444
262103192
961377989
178561848
318596301
931547368
163786149
377676542
57564392
545096020
643139102
837483844
159332044
294367645
32824044
197160516
887798014
922943704
752659897
535703369
443077137
286713927
619562128
536423077
562579839
882544656
820823698
708395153
802497998
623772670
264437384
392223202
728217999
435580979
120014038
11466049
772267833
576234758
594365732
319220444
259367340
119081341
222565328
445839279
913416619
945669995
468447851
591508012
582087722
19381729
860493549
97618993
193379411
827547926
65639137
155297497
370672958
224252721
238759443
595507898
472881674
759860089
479691490
538621848
506581192
359651394
298559259
398511101
268844646
584168144
616077066
309321691
863010447
327059112
269668759
578868072
267394732
356865282
618175001
67954771
285379748
911292053
449741746
337968185
634815989
864850134
88189566
896763166
812070379
590024825
943798842
375942642
545668778
701458430
281259683
445997192
738954006
828970012
619333070
918041076
441400284
353753436
221047068
550380626
813675525
722238812
643536088
105922189
612831969
557445326
183033121
643822488
886740908
740637847
186222026
310227440
683392285
217038635
803421065
551630270
123303744
624082621
730948133
376794951
270019802
567710865
243637730
49012222
123964088
107937934
203741863
338730481
823384398
481462820
265079813
105378007
112156732
712132415
939158270
996688300
778058164
721208418
726067963
740225464
928935584
827602786
97998223
29275806
441901586
431626254
94597844
531590409
380363599
222484403
172322379
781306012
772342905
522056047
505373086
899424539
751099976
193937611
146184194
261879489
554273978
169086324
719455644
607941872
589090230
257929703
571094308
574942776
254066209
834844281
991127027
128828644
70158119
814454279
891214375
534127849
169848532
334640446
314687523
657883439
493281579
416882715
191750332
151233940
685869414
615301909
625006184
44731024
660603220
523060122
12324987
958605031
120082089
885313581
400300807
752664565
410899456
103291631
855792613
235270992
364930452
280851230
653528223
758830968
498263878
13549593
440727257
111190789
451087873
537347722
594795862
444633920
996821897
736662735
936849806
283410196
136922356
199162953
13095167
64273765
80166624
203717168
142846563
699942222
572937348
281496316
319709444
924868852
24646293
823608426
55021497
19577834
625931097
468159794
5141332
234952450
660158142
274883782
938531345
9699458
594544453
641206952
210440425
941657040
168423650
191740126
561214341
649810132
745221346
349546267
518010957
552588406
942315201
227363359
703085592
730796467
955615045
585825444
427906690
18160481
106225229
499919512
25967908
232734315
733089931
499822897
600777935
686883520
556982008
320464282
572273133
489951090
952805363
219056599
975464337
427565597
262948509
984352004
974232426
247109284
254327353
985115883
289352987
383510532
701819106
445918829
60888751
444241324
779012118
849529360
611212642
536722971
226713827
836048342
365406061
639903948
175188722
776964835
550084130
772828915
771653263
583826983
339573650
809317987
179744901
100647335
65405794
707537788
125243369
454252326
793338127
868247985
749083322
838705662
869432084
612809989
250278502
285237708
732850921
391191045
603515192
447319328
97681492
568398686
287992106
640634926
968787908
838049295
955409333
612472197
728775569
960503552
263818496
294306451
87762643
879906525
491719035
513083773
668827996
833494273
775948747
957987320
725421246
58023092
816305837
501200615
617082456
488339444
249082010
704085045
438896638
130429010
66044879
359089675
877184539
422691635
833196757
286672101
744124644
454257654
670410101
856781264
304498963
280541337
878835653
669406109
593779719
407952360
925227824
749709276
366462188
855632584
12520201
858636217
589660500
926469188
685339465
116362159
29726562
721652249
974763203
348831479
798933391
296185019
139722745
848625215
877198326
628890566
619958537
300484303
426567700
681303050
387828937
512905465
148041232
181956119
158556422
139597345
804844748
712560953
946957893
208157614
449247693
320609035
139083025
939549010
687529341
426005506
601616284
843633947
460428179
503891433
938517802
197408363
544151070
57219123
666312403
424156086
794718895
129955628
452647790
496068471
291734043
850331976
788190374
650974147
385448831
483769411
891845216
34332614
152294499
620352195
77217683
587606376
182796115
559466394
178977889
559840298
446064787
141371095
160544991
899646449
622993743
845542822
780344217
223073039
101541205
202854411
118422888
768991520
471884448
870592608
288440805
910648471
860204222
366196599
991878273
103316038
509668627
529851522
127585780
567007348
486263600
89869330
285291113
50317942
211546415
52627533
338182628
178508975
749336185
263192026
520251480
930236663
685079502
262782153
334401575
932772283
661576674
83235331
127678947
44240395
13868610
234137533
256093156
676465723
910629929
605663699
765286403
413189066
113678778
419113848
942479016
122730370
360114685
198502956
482213838
767045900
589410916
696929910
751530335
475031179
27388109
915292015
746711068
335638474
289331255
947262747
280431485
583910029
774773067
42342538
697696168
857128819
871194899
62524798
890776350
45385532
566788431
185534817
347027555
689332316
683918788
300190765
301583220
654489506
630010589
667111935
996527859
647259897
238598170
774101853
70143105
419279260
139101729
521989941
450999017
373707565
308863226
859496959
210217747
454296237
774396429
430767498
226034313
255065172
63804619
660247938
153021741
775494404
994429367
115997871
247940179
572273857
541238517
876242476
165527344
444638141
58048855
565508213
520240860
516645582
753911455
599276703
338055916
781830037
900539353
890200304
609997963
179034877
308930209
705385776
318519221
30000696
158016964
273184528
179795966
210737359
85282886
429051099
957711430
116766215
241766203
432603576
846961711
577525300
235335121
425878873
507583837
995475973
24627116
920707542
689705219
595386661
79437099
903608456
847915926
138893050
807965954
224701401
729278287
798192085
608534661
273921378
508734325
78560885
487303845
858370992
705795864
489990089
92958705
783286023
960533408
693039287
691798159
855546009
270623240
541417131
199987405
695447888
520821779
992002576
481437983
461662452
812135113
158294147
761086267
965322414
768066077
737054667
489372201
775720618
269229504
825280091
812098928
840243916
827489241
666559894
227057518
990839746
580636225
848307358
703551463
150169817
515126908
525168936
891631630
459522974
308025031
257279447
270613226
298096585
721916316
314650461
383325953
34689009
356246684
768323470
971982112
474904841
326391692
586799795
325984735
633377656
738383548
151681855
964189177
93866377
933152388
204041726
832677509
992461851
209852779
799802393
72196060
349173963
974211948
211326312
973539537
241507497
998352725
542783265
540532418
508846645
863572036
219701611
106700971
475249162
615032512
527183089
605918146
603569296
681745451
540266761
96314723
166080102
683554932
264411365
197927242
908598010
764548314
880453165
395094754
688463409
193109966
271349243
717518860
985882725
219142634
268407382
202381106
803772893
887989757
732142390
749558542
64405798
586090796
996050754
179120106
533732206
345046897
299910779
914215495
826270697
986671011
212863058
580256094
829947828
301648386
509291270
652934911
200103486
837737623
248141500
85270249
215900155
980464436
867002356
532038968
17808254
643794260
616020360
486634630
158402795
735161890
486181938
940301988
520304578
509106762
734166286
737148191
462997757
662159519
377885150
958232932
159823612
984020369
253355037
884100335
461725645
415973516
469914909
707652895
445105239
941052345
621770467
191867398
16637316
963473090
349574607
552814445
951540437
287343616
445016815
375647459
361442068
779781957
290652082
746267538
451209657
154652095
793804085
822526458
253491026
66241347
296326968
836727542
345898260
147730873
713030674
681875181
136829205
601821987
396121580
324985727
100900301
515633889
892111346
954272426
960102917
745820718
588680349
795574008
863761499
772305413
661194153
479795294
908509517
698585653
232602434
389403006
918515110
434595725
416551404
819482784
831434958
677399441
308517717
120676877
375767339
910464802
790258042
981444177
312873088
11372541
738909690
306921124
483241427
740622520
382224009
901082772
326898478
502554588
513930393
667382574
669104987
174084544
241910830
466267808
153784560
849871918
571643421
562327003
116376578
697902156
525995606
28439138
153886605
825639166
341205761
585389412
396402217
510049748
319927080
551663073
824945061
793627570
686367900
740598300
958345288
470888219
935962667
951314028
39814360
83038463
279284030
485898931
881268139
189972135
811040835
663522955
869983179
172261497
133771521
72349666
178125603
687658810
674036004
481850696
118893241
858781625
113002778
653647398
226392596
540370690
274134748
346711953
8958216
269240189
297435311
657453776
322117931
655160445
585223937
366344669
910155804
535371122
221490941
702359481
623046689
706775758
311251439
405408167
825788619
246859265
188197880
31085028
929184092
603229410
817237346
9576879
764842113
537485044
998365339
459661780
203989537
94201541
29414473
701772017
860571827
396359299
8356851
475627731
181502052
501624801
837933612
777853157
781380886
676791192
330993549
89807590
408593964
39677408
809916155
699231426
407063761
81183275
858737202
729856058
579357898
266591231
506668493
71127362
454252356
832586383
508000136
242263424
190405583
45832837
526529072
768862473
916190847
660653811
729663807
20489026
142035703
195994922
680602429
926089110
817866482
797426032
867170984
737473694
909151133
177884403
46351839
261480285
204983513
58619020
489543170
238529585
179793818
364679743
128259479
221673810
691673640
53260906
863786972
436509861
641549135
741109978
58970198
812504756
847965108
618396400
547020167
69564123
994655950
962983874
306281938
932229918
738594823
616248500
760181230
998116817
74029847
7931617
212241318
231420440
640817183
80363923
897125167
82580299
186382823
521930852
208548026
554066256
809764252
619775022
694281762
676198206
546863030
545438328
230159282
251821079
836141978
219758077
715931882
918585493
863356605
51429779
519571656
385446571
335592479
512320309
764267099
458231217
593693822
800834930
822990093
607088117
650776421
902303239
751742845
470732513
437025730
878376331
703232570
664504837
906146014
296494728
422225254
53592840
293867502
651213742
825508853
356531863
706297464
380369654
885369322
939873113
232108554
781822314
270320528
320033459
986418621
613929226
211728898
129679820
224171375
784725235
115874636
535452875
194437599
100735612
878654076
18258701
796177751
651231477
450060583
83471101
230662373
28911996
899528748
478610056
114795664
17921219
447535724
186625396
287667580
204198467
142400857
774713908
176217277
389149105
835162898
344086224
523615417
736176188
468751946
260392604
79279641
800161338
564061218
269643146
989087914
913539430
691586130
909001420
865886830
974804539
567087963
190768780
265067664
937158046
633731663
432272036
985655382
662174486
918954197
284926580
524684235
211900414
556790892
324430166
490752682
815032054
996128003
108493858
466764841
209397760
89656652
77207034
839746168
191171540
216633464
373798445
793914807
310910148
351121606
335904113
175976686
513047361
975505585
723402246
946963513
681293416
339608699
956738189
96045569
837495102
890874790
38584564
20092957
924884423
594800069
624497213
593493383
376967849
385017519
575620033
222734697
341629643
52158366
971347654
991095491
689948801
500858092
358572041
42426440
739712356
551283341
933466917
923579544
994720879
58533710
237626898
691041138
858771843
47564765
456089644
611950516
789138572
289115303
949432499
926052342
234410902
361147414
323260583
37897793
690674833
31239012
313424536
64714118
570322962
426161426
439810194
872333506
845058779
294886647
905121975
131574245
875666557
62828393
478607567
12088817
390927242
543204364
426957248
185442483
894621954
142780279
288317563
221042394
732652406
277889250
951210833
900496826
158189648
374700674
969910466
680124551
171213826
728329020
851821620
536822491
551545797
421377184
529476521
520270071
999449918
646961318
679623378
458526803
807995298
104153999
459443909
30964088
397094924
814269844
406875262
472620953
670078710
525981060
854894897
469588754
478677029
921528023
206992921
700353522
801048759
928948929
967004795
324428038
513073830
351487138
965710471
81190394
626011581
363089546
415454608
849436422
93203354
469080922
111152941
300769193
272688693
144863196
519500982
48861559
168298913
419419019
611770522
496060709
26055002
805034095
87167199
712268858
798767847
445166966
363059496
536453263
355722545
782193857
41173762
821748905
516574590
118987926
391637399
200882370
493046383
333455929
619253077
846122367
723554307
261547261
826081487
962355664
367807743
491509351
484305025
691204000
25998693
472499687
590810506
355977906
365783209
368305164
711267292
482193135
199600846
974875491
770691237
652871164
846843657
591457068
389906354
397450560
965756162
41248496
480378402
881063502
215676437
830512163
769888506
101884272
530099718
431532765
264795246
986266753
573639403
568051781
831194406
134938385
831504221
645259966
587370347
804600133
906091449
291477990
664524143
727306439
581255552
105210209
498901730
551444034
980181196
584813584
92905613
280884603
332388905
420904278
924306
949521563
450759481
962043860
644133884
464340571
565982436
619648187
992813303
692285341
883570453
279088505
403694374
886850007
469961518
501092739
977236527
51635453
815732536
880641833
420610070
342373151
800863094
543512149
203747725
523332453
199640614
273812594
78968951
465555238
125492619
235719895
265568779
955687235
527721933
196603787
363568304
200555686
859789193
918692791
880794238
687859133
231056026
519115143
538156136
196099353
235489301
12226708
822251162
253249407
126405231
413338935
599862510
543091697
663123384
525430691
395879043
383321932
633016408
49414251
486020597
652897754
180013706
441420585
278324555
511492163
318129413
539049136
653219697
291258420
534975620
656316046
95424655
499317270
665121878
785778141
791494305
6236057
791713098
508979310
768287604
352343834
645479004
864238711
970018020
836344789
706142246
232610575
917650975
44092154
591197774
261493273
50160574
929885390
427895541
621614698
445882434
556301453
788720405
523714232
652960531
163542211
942124630
405994810
726631905
865452714
448640108
638573652
809281933
371019662
446032739
350965513
105615887
756823848
60455710
775139135
538356654
636325658
768173217
146533197
870084792
746480757
705462990
53009798
349880633
165443654
666196528
330144404
962393290
693319095
357020621
513109232
368240129
448349925
976268765
133496949
389508498
12727775
856473547
823395946
982804590
720463686
911484244
253767089
75393139
409817015
354661545
175478817
847329358
899525692
871773088
937426047
361667004
491499844
255790787
603631801
104244729
713824949
523720679
87202915
778733887
699014960
575552341
726456077
588310084
660724137
524652189
114944052
722709678
235641142
722822003
339626101
395853789
499855880
684295899
410158998
644942452
199403333
502732007
703019414
661912166
313862234
23500528
677134997
866078128
39410884
995077135
608661282
382862555
280835718
623208843
690873778
373738036
766924826
166757405
393329156
429269579
459598672
877223409
242414815
51528594
914138919
106908379
843036559
310718580
181947903
680435700
742320125
326490879
738478190
936482435
37234110
255013461
433315085
723443441
778820340
782757436
575507444
476742451
790055791
610787270
64231968
914074234
705459455
355077751
459650497
763395173
662346984
664003260
66266414
943920610
276305468
928270794
386422869
776744692
509516398
748977008
707552969
466333251
719516057
801372041
957270183
258267109
187429438
337702296
989515094
319505258
850899741
478450254
611056970
599810639
55797462
287964466
17055747
368804990
635427533
573006742
694637245
65355008
478702623
116941885
388906057
882958021
865424148
797705686
396271389
691111235
590640770
747236364
224346041
551119069
752643330
738420959
703505196
276993325
724307494
812584503
272944273
169230817
452759482
945448001
601997259
939168692
214282405
364001095
610521192
143868382
133008415
709745167
396085541
598646227
572714484
396386847
253112964
409107150
352718896
430400468
362908479
624711054
580995714
356436703
636178141
525606612
281344223
847047290
732921513
390305324
716694086
643085620
513899521
453815830
569872131
256745996
350961357
706886733
454171092
491640084
816170638
557895697
690211693
195305273
229118886
403584549
766799760
833280730
943776017
860277777
162864776
759063926
704650335
55118850
12484704
203382249
711643013
936314295
264136719
512153158
753945621
75423522
674276915
703208792
485380041
797399944
448854670
326588837
692103748
223432851
41781180
246294015
213057003
989674927
230898775
175182138
285631813
956148740
716229825
627385455
740583066
455001630
775636888
756554399
321387938
128532022
77323881
62278041
470646022
513790101
687358560
531620699
992289326
947852181
452488048
375370759
488246935
968104063
180408277
645654516
418445415
527741555
657744769
8636695
593092146
136598234
845953970
197579129
819453110
47972636
875485591
377471563
838048075
521214023
98622431
55213522
603407829
755859213
220240531
647993274
753274585
534670734
984554252
655988652
640885187
111480323
667533077
578633593
103688699
446205920
508740253
703776945
764279751
186305195
519451174
405887195
528187321
655010222
502590887
565119997
112712631
604042188
804951823
361664255
877804648
246593057
455198376
774117499
280831543
839549767
656885540
232117653
282513589
903919783
416596369
482261126
160012098
943563469
3910059
5527216
439794741
297563894
964281706
858262228
476831479
117995068
392815448
560946140
269231787
942212924
172865880
905858279
185204005
186107943
807896952
575407547
570289300
231393776
473118794
331840158
892349910
745602177
677410759
85929600
157835683
998118184
928884291
437216175
221598579
260519442
146508411
319391260
699633027
344579187
416249429
904430817
500480572
307530967
872676538
332534819
134517975
691307190
86999447
690456005
57832623
597345315
738320257
891195097
33497271
363758914
503362477
105173127
68841059
163718416
819952390
978100914
614434218
877829372
598404946
742135773
126126143
544575536
68389844
75235670
785525168
104378497
642968279
797075071
815585433
926699826
90847281
681918584
101495760
557486910
25163416
151692406
759434591
956918376
400711112
18543897
64128312
415887093
30572596
18446076
880942201
225004972
717660521
236427457
745869950
875877180
41294432
909514453
648375248
630393823
566453408
899048945
811154300
380316149
438806314
761227193
413763548
452394866
155186671
864015949
641331523
319346565
274501738
51943593
998169059
349973675
608231000
40507316
173964977
416115587
773624641
31203645
699444390
838494665
389274854
832132850
71259363
322313552
528784877
377794328
364731357
741900819
332028135
808835454
647289078
943004712
502962255
133580990
242993854
570526475
230612707
880415500
845664511
498883746
365800260
493403759
921225537
677358340
754082040
465148853
513592755
828995670
110692521
811888187
152699974
215582897
288595588
396137865
970490127
180107991
467616283
711858839
757835381
55124883
768196112
83310171
514916649
6564740
804853004
842221636
327308282
930917329
603100753
827848100
449062478
447886545
496874142
373459341
527538343
686893838
260718424
422848666
734939470
445562556
872589676
803052264
466251346
62126679
875188260
341936293
704521438
348920838
493357417
421645322
504311871
343851474
682013380
68444437
426902189
325033298
243542577
855175161
686232453
790843159
52897801
780737658
631278510
599790442
594769519
921168631
61044540
429641973
811976171
116413835
957301586
318242769
431876920
923454476
95196375
889390607
619287346
961905840
445733318
247401568
310470369
829741412
913713492
500215407
919212735
476087830
400537268
48629661
900298735
10562189
693336755
173094483
222873353
479801624
348005629
833707982
83599962
317551197
362774717
158861914
731279224
515923118
277309518
989474997
137546073
353075925
205020907
215832590
894715736
741318899
122193316
848212764
361928661
114186156
104271619
21341140
209361141
187859821
157429409
321182100
180326254
582833437
641409152
986100795
863819115
192201748
581183263
347913221
255128292
353836436
342848020
700929981
626609186
988140367
464628291
994083766
309153525
919249040
674867932
204627955
186872925
793797511
456992550
888205209
389604441
458625946
488118046
695366221
121724248
144549957
264058257
177770662
373867402
883781339
882573905
384196207
772466478
367837192
157678874
973069281
218658045
311395894
717019131
940401323
914137345
860424132
893441621
417579306
409398119
679035299
501729688
549772166
436135940
829269737
279264727
50054582
944974829
666600090
912202309
56272659
138177323
8363270
698588747
743474218
381595394
217739232
614131212
219057117
15805549
849079712
291698799
209326742
605055293
830121664
907788248
454328176
991799861
469901119
524246606
447556052
836057808
469844002
137538976
625580400
109423254
456407868
608642856
816450800
827143187
739033884
708800559
275853099
162197382
896924463
155256483
834891771
630814453
374574038
551199632
116614813
259949767
699303506
849965556
840033470
526657877
59549072
244165440
351255839
444499764
822521392
940525599
777476660
114359251
938935288
587882516
923433761
544841404
160994227
195548691
770161788
781248317
771183252
758717677
717041589
739242103
601562154
824593329
27637471
340806230
191787379
418661764
735967842
952459500
406898811
307047336
72733422
878320915
404034922
968864315
462384355
962107304
448815426
994789022
541213017
370139136
941650448
451240699
503608134
479521756
683303783
440729247
364493750
725556938
849074509
241180271
968237109
553668533
431197808
918710649
121173335
320518242
850599175
394803751
653636396
197579802
767472078
559680547
413035932
576857566
147445706
14373650
354278539
195701996
572875268
787239736
977192964
178273006
978646486
299206478
141355020
192674645
70332759
36867588
746364802
17886299
915619226
876017164
361085762
972581651
444456679
799574339
701083330
337792767
95145132
562931754
66407469
246928799
730429628
721829857
516246972
764729511
701407577
959463209
431270287
475937730
814173939
590664347
691031172
670475035
560734005
169360371
286337107
33233208
736918825
753449219
48418922
585258981
997862191
897456032
820935037
524266900
301361582
321232007
353102554
594671384
804012543
566895713
477530334
694782373
184828039
215868102
227520173
595230209
719709715
409708050
451559567
235537955
534940007
638631425
587594929
628055674
512171404
418827776
389899056
428888304
800124356
802786999
306559060
219520685
904837283
28776860
108319514
623886590
170044564
41204466
520609490
610083626
847198394
991405981
227376729
266642754
7342170
216414467
293186452
181139188
787516797
788798032
220148066
65278333
197610904
745361393
395093001
92364069
502945516
61799367
592284883
628971776
203885546
505189790
404144416
625062628
186591737
696622528
702992852
416184843
77862974
605494142
159661085
991136459
133856385
887509208
535414270
7478921
73195280
634574034
742785278
301593930
75595543
227607325
960380238
165773622
483699399
880854122
410112036
926979886
536093356
725784181
381509658
915435045
253362691
201709296
525232458
839028789
120470555
789732669
840052791
690291492
544616076
369059060
205543298
967400231
111503222
844970842
573982507
82466058
993309673
71823494
397471494
565864095
881653648
678373938
287692684
765727779
495062307
478922642
236311904
641441241
367609696
853026846
758694731
9614007
858617493
920864464
710354138
366270193
616525853
924403814
514372599
260133815
301995549
490769874
809525986
205148101
810806950
278534210
366577034
125390023
220885317
181732585
466137438
413597591
339373601
540944822
353245703
825401240
180413800
714287037
426391422
240061638
803298980
907068241
276948452
478478302
653062495
253741941
225842782
207936262
340412201
244279938
795578501
448441292
381578384
722653459
695097436
355326388
36268749
183616576
464435508
183810754
126713927
851332163
338345634
160207699
545712510
138143898
269472610
453917280
971510676
680440119
141451694
429426948
7960509
183455251
544341243
870127206
512457746
724340820
219762097
780008202
945935055
607083642
911475573
187177459
756634065
955454942
348496945
638578871
579127884
494219434
731083532
357531950
147415192
801689629
921396206
13385028
603071596
966258407
603551799
102843771
877518788
406254259
667831392
579746279
388239782
207608830
147563982
451667649
706255803
514124723
722710053
546082519
974458350
881533399
307481140
177365265
701904359
594656578
433013394
391189987
335932428
254574625
99905856
427513035
231113995
587498745
940813771
489402254
803870670
953692886
654989873
209786177
629238070
968323952
53877661
378543202
148939105
483363139
39717707
505760096
17057654
764165688
193353378
153129845
784521198
706826445
301215070
87413678
261684057
826454727
680842405
836745991
593712848
60655548
272077980
62271519
571228099
105176529
320587722
985921950
786358468
271013758
611361711
376620981
698546294
304473709
6153757
202823086
276674275
421313203
191791005
609508257
86200361
726578311
279411642
473256471
481331132
914740574
119331337
53679106
191275514
317159028
676765309
410059566
501356570
249127698
105694396
802177004
60351402
346286039
141794089
384323547
817883917
52000243
778081477
172688505
142494277
184571689
379822255
179414892
806679899
110638863
464131762
258567259
856802113
153063414
11492168
796970728
949935120
186449170
760487886
808887920
202954170
12382958
352200238
572107461
412603530
173525159
19753931
749862875
141287844
914207730
805648576
835585492
120492716
52042263
537715524
913116621
223652002
81863146
103199324
135383817
941885416
220838774
229849294
562231752
113001030
339521836
407348889
841141074
216911661
575295425
219997038
27249008
58319407
861709487
396599921
188823862
622975531
130605599
506394147
804259765
614065667
959166391
654001334
293076651
675255412
901811759
77140994
776080599
967644948
936101302
650750421
79950960
971465198
560628252
339641911
52090424
519681708
820683535
869724105
11577843
200873685
556912872
903831413
554662659
709332204
161756049
524696056
872273151
65848312
935656431
507748747
450034615
867948338
510274186
449829792
52162077
466216309
681488249
85737610
810055992
439850589
661114556
522047610
454762773
200336459
547611331
894980102
788418167
344497902
451431352
194130169
251781553
198617719
165486765
614062252
583750041
16883863
807400078
699956524
280383467
478557529
107506730
198814410
912125297
176992950
491304045
604604536
949858437
387792869
692431392
946261473
136870700
158594584
472886471
854356702
622761896
791895935
673810743
260099377
752353317
694369874
162069392
402286918
599240012
255873761
664213406
46069504
762606467
913736194
392108115
773240326
174054803
643579326
679748154
548649313
258639200
691181317
482120323
992723377
75246837
845323014
90516651
784204512
681282165
759313241
491632751
349198222
85575227
918256318
806760242
448555147
121922795
575413336
982966278
740161101
233578915
621815444
175326713
561723255
170940742
955717054
498679179
668648769
441651463
127963778
739123482
181125450
774454381
616787948
574072176
966523907
921583057
578390958
716248494
816278779
204468475
12286160
924313506
680047438
721195007
535967597
761012930
153430297
398810203
205106564
589990426
370380860
74162565
914014172
175606554
834779442
526531606
685560372
408771833
348460713
857433740
31064537
926528244
28446149
94315814
105183287
917869814
851775394
385351311
746883791
112608365
865478448
618868315
601571386
561150761
867368551
524922070
291170125
785984010
697119865
185776886
582989089
636180958
836073627
369359148
46305856
702086649
665812491
810914385
15409508
611546240
719942092
961368752
608470883
382676854
68970884
210594315
330032863
314282669
854596209
857803719
591280825
421787338
152837241
771121179
23732362
843653454
322490055
316430278
545501809
972260053
731624273
681011652
457558152
464805804
400882996
956392460
194298435
785259376
753761799
896621951
208354954
740262699
740253506
869271617
532926604
653237656
158068737
323769073
654086367
239567574
413920487
46615072
190302245
67102557
324737160
180487430
462462095
893520625
368797800
133076133
808467743
778439347
85488395
30492099
107107027
44139605
177724158
859233389
204512795
363119304
922407357
407576697
765062419
981505328
388810676
342985214
653256634
308268295
70311956
410427205
23679482
520989266
274981231
431695704
339751348
624255171
907658733
316318267
608865308
741932668
630308205
583148554
44729381
352335111
803871131
137262695
724485433
662065918
635575704
387809860
808654624
739219764
219590850
937347241
451650306
258589434
827423813
334251440
78276019
272809619
45107953
928201843
605034830
713759149
344971406
655493204
400920699
345926030
359865855
729738929
687526038
108966921
890052054
509957373
31971660
852779806
357732651
980793368
478642891
519347347
824785264
155426119
943284469
600618658
776541554
885232027
621393414
921326161
115810590
789785642
706203967
930780134
664928212
669355755
321161356
620281911
583009254
724424751
523474548
75056841
729157360
191742679
355901813
616652366
914773425
492390412
455161440
629027760
834543266
161024123
199908013
324692782
11689835
670194448
844185935
408916704
585058002
413120010
773471282
286293222
515854763
470119262
769753591
560642325
614559379
168802905
222862257
722500078
107229570
845430595
673219864
670242045
20922760
217912466
323975346
669308116
183298324
836262760
229689007
113162194
410233527
955434624
299644268
457831683
550432539
495483986
804146845
135994409
521169341
920255709
423575589
19147203
480078652
542795848
524230528
80778154
598278788
848566505
972132918
716380474
721015654
924699391
513605011
66632033
78066013
142427306
30605523
376533273
67550301
142730457
116443786
280622598
352220717
865111746
335618861
11180134
233307744
763696292
237217442
440643974
540916915
637815210
586260135
18152881
782890361
135086138
876211511
261753287
442234249
636702675
392422267
791519862
969499133
55695460
18467295
469676854
677992433
825583060
760134586
147547662
875659491
165934941
126098463
868160843
610299413
535779125
486872604
503032927
684190820
784701221
414674743
699655214
764428044
269416733
536053444
296002234
543693466
472788350
274218656
385280133
35063165
167530827
701409531
681350072
309514086
330554418
280162489
444421472
788523373
135953201
371858012
986486099
683438392
897961777
755085960
404001953
586634187
594821757
114416506
424081944
38735764
819411233
95094338
438928680
118127646
753339932
278530499
695702012
876714575
604092191
978261495
240897363
175698631
620238639
753824189
41830915
138371442
726323990
116353278
60306058
745773894
9011005
737427312
373726517
132861682
395426611
897183358
799547602
815718382
192698251
941292795
9950751
917233531
509875691
719049201
630705232
48478763
654705829
286110397
314886449
651204481
191024668
367252652
634551244
889536077
666620346
551807743
369693925
771147234
725415482
892732801
234243382
347879034
387472653
376029381
371322355
680206658
661741366
202606761
341325703
553302778
845452595
162881274
982492175
593739946
686472057
450870966
598878644
510307359
199905849
134072323
38331884
385253446
835323137
452904917
610612903
211148935
442580640
839496811
857857820
846819187
346775611
452471362
227491550
618910386
237016099
799065738
101953477
964206294
675707147
615936655
288881729
173309278
8901853
667970406
817671803
808152758
733065438
275329163
505985827
904215838
787092286
4086079
923684831
576909814
953583965
615925231
122348002
889071426
821323444
777942466
765152973
141199389
482019468
530372232
397410756
494398191
894508726
307785684
179316833
681061327
483427254
980175644
695599909
962836005
139526823
316349352
512999545
860793097
587316044
26174757
892261140
727362950
400235592
144032563
436770851
761791363
986363954
107056991
765927805
396587839
347662352
98565255
144971258
921292166
362716395
863152146
655813222
386666314
606857125
465378615
287827375
107454739
886139128
405457329
693063032
752508429
154748151
652741595
109415981
233736753
226217358
329754793
570294989
191644740
710764674
976206893
614988452
843772324
202260213
862595756
597636608
373362500
580924868
364338108
934040621
877206253
688344629
820961988
517921143
746072009
478289920
56379185
158857148
807053311
968044626
856768946
64572776
374022209
841824576
62467841
742267837
95787890
382664521
795735864
729309876
838112611
277416510
964907512
483336457
11639150
228920449
324749844
982264186
179459246
932427403
627868226
201616343
850103684
809540939
233042499
6154083
479065909
513099887
246235670
643316553
830466981
372874941
566435600
722355376
321503009
238627053
181832366
752015856
948817985
430301929
175098564
328743062
695489274
639717786
542668946
149832051
184514750
403950342
108384480
895490674
104018649
687313546
783553046
950482891
518868298
667435582
652132761
376042754
274789399
706571682
599612841
927773343
211973494
131944577
949379536
857132907
154862801
51728238
733786854
73571108
580943365
877606485
790183773
11835331
603772762
716267862
48814189
287697255
722946381
378732918
922209712
471495927
726873841
972822934
844902047
913510
948910860
949818524
278491230
780982841
936725884
606495544
832540756
112593330
929736495
750995239
561815754
397754489
423590382
543123568
23102312
502204956
828217850
817036504
346585482
299830644
589921831
991133167
171223638
888396793
377514082
106928976
379179163
89649471
791926163
595870602
905945132
980659905
334170868
815644512
341695806
702573016
422299113
417710249
433852463
652592327
314664037
256297948
934057975
586861997
654652464
801161194
739695974
373199362
945527841
533733851
869894703
12815376
907648837
331048300
86116755
352624237
873486301
879929140
812861057
129565094
990539138
252511289
879276576
836112076
165970543
835053029
832111143
105332464
621127486
985143082
495695858
664967054
383029582
933201536
517296159
626259200
637139309
892119837
132270730
352302650
88540330
30772442
873330022
948218429
128261054
717337964
249606345
895169787
812685426
652254088
917066149
459978163
23572967
23646027
58026616
101981080
759591838
828390631
524019742
344924473
58567828
881709344
924174982
628380579
17474745
49856196
676436260
765495576
453985231
684738225
566464829
460275888
265683526
721479496
955030757
194837554
676199698
970347776
619095806
416839790
827522527
614859480
252462323
449032925
605529471
314557501
475334708
588584954
677368346
98125670
684856663
380420977
752477333
512415332
372894939
4276701
439320431
100325891
890481085
166843358
460138478
462763759
545942696
472289718
472780522
669104222
314265349
326118633
229570462
394467966
834677152
844810355
331498360
749216364
584167948
716653022
132713380
93034156
361383124
66064849
61598015
211996544
881404620
284343608
654043362
291328618
99891387
924790903
750375651
953308060
621717433
101444441
18278091
924937418
461432173
993637475
391281588
580444345
783077441
401322276
123055489
278664847
846714428
492366105
485691610
22979946
185206877
793908406
291211926
521597405
581358250
659126989
110586500
833742148
508145803
160439820
475336653
328477293
232108117
631628314
9718974
637254168
375958226
598914311
760350152
643943142
228881179
229194155
717910669
42955179
594772089
456273575
70504387
699790026
637355840
218439633
968954085
24142072
871856285
456455806
984588041
847784827
31198264
748047268
813787264
824414230
448224587
350135539
972788613
551611628
217630900
455176788
872208550
411186548
859009160
102567769
900376759
949241558
172595789
691053453
358445432
795136845
215095122
304246105
471604020
706549516
333903702
464195547
554805800
810028438
514771913
137086963
723080235
398541993
909584614
181524486
550908534
922751808
993452143
905947298
626907484
349379181
935381635
748357748
520411629
168283605
181616869
562547475
869421200
95501235
553879959
913340395
384265018
660808542
187708734
869434969
483226418
799801360
975113117
924107712
107907542
177342415
495772609
275978068
307177699
500478308
202850424
189179297
74838782
822308187
976302727
822767476
200835440
759446675
836845314
657892827
758782100
296769796
290660135
314687133
576469892
975202526
16197439
964451553
768956287
383747887
632645401
274355779
382992776
443123662
986192554
782582186
787700655
356819402
901484870
920465751
128318328
389686769
473878253
461714082
635556082
629161445
739966709
795329405
500550258
472365414
934467740
91325826
242105155
526672317
333747491
833743922
509536418
511734562
219644039
901205639
990149543
875429217
720654200
673784409
805092595
714425357
377921532
889484785
997945984
170486458
529243995
40211815
832000932
395799540
421620436
300424498
599589078
269138635
729327609
611928000
685213779
174220811
562274742
727563817
636435719
982975741
496787787
220172045
211610208
345983578
285993843
423123577
786269931
83817573
680130807
451147612
249382555
357610242
659838070
237487561
95917531
800939278
19603155
291098656
343668969
984197017
509312959
188757471
308935636
920651587
99712523
819440762
563155725
78829988
6370068
174997165
339399674
382055447
387438629
774423624
536911559
513774504
725419246
851476654
812232646
88145008
592076115
710303618
886360103
822122191
625000129
181792332
634761845
651106637
607331202
929751958
311231477
184378262
789218953
238214400
266592218
641217979
987470110
467437803
233984028
785146516
777140767
517777644
625945286
63488979
68176815
164556523
238716849
167276565
921339837
426500875
897185982
795122936
176818953
763174681
13881305
466673781
732237092
787601442
358972606
416260950
638819750
67729475
926763324
952197029
589746699
337144347
893693366
761054077
814377056
279978784
94760563
551792296
19180956
289267010
134800736
650566332
198030058
995973088
396774274
807112737
498763611
754345010
763549012
76688566
131426772
27498179
602172292
75708677
456490753
313741410
837457383
414872332
966987327
250047804
304128391
374955815
390120323
791412663
477198650
258526882
767295486
955186970
505151954
647599191
778902400
817349230
627682320
565456871
887263355
373026586
95762341
452873916
290681053
165973177
206771913
93859537
252666033
235495886
283300162
261843587
465341506
481157465
110867185
169254808
673319438
982094422
666490902
883396598
936248629
114203088
327688241
77771151
380694760
729038775
530459027
773660262
645123332
365167390
27884811
121017635
854430489
873433371
914857659
44849895
421819929
50233632
318698111
425686299
771504754
512414070
548960145
909295550
182227382
644619054
228155476
243109774
829186467
889205657
240873880
197472014
707171822
118394640
200484294
474743391
797267369
33957654
444861831
757378681
442291545
55515873
700693420
344456434
373794146
381659880
951625176
463401482
224407661
92176737
94637651
222227732
733715074
91392408
869570367
656337394
965305143
646221809
615664307
338538019
906793191
439710192
595441520
189353101
445577442
149011449
654969266
300531558
696447742
762898041
872374738
648608073
451526508
220362831
335925487
387223828
318494055
669954761
369057326
240048830
543129354
393590104
222542899
844471701
676707148
695856886
254404823
557754641
402398470
815510602
425720267
483339599
974637021
347088888
474945652
402865684
442909590
726601104
74011441
994283151
457123054
175258819
370364404
385889354
975599747
121020934
324248343
753834929
285426140
198848468
414517297
228244547
713170164
867450243
514986063
984554519
424263396
227891414
777418563
697174669
955718543
832344326
65433464
993484377
156169173
773942988
744531521
913331418
782050545
773554215
189985767
254975864
486764980
49754179
207898663
689113822
202551066
97684259
316460046
243977357
260296831
440456615
788921895
299812817
122736744
504428097
938573808
369131671
517604917
941912213
994143320
446522742
832777796
297149511
117920073
884328390
139522742
664173776
470565294
385920570
183129772
757828040
318331076
195441237
952197260
867456257
730251705
544881681
776438730
684970138
535207388
427880764
902806508
152161045
678565306
342371778
641336501
336268441
63172264
653776118
898313401
295777722
759650242
226930593
773363682
766153748
90115323
168861478
758626531
59229616
299818371
142240639
13672853
854747428
501685333
524122624
420007205
915106052
640537105
524957954
212222058
726146154
223655942
863047905
135264083
783287649
319334752
875795805
810046644
890308112
712926261
326465969
797725046
221175222
504054070
171300666
9319923
713633356
120453949
901587333
681995995
130775712
789254596
861897669
250387085
49483484
163193317
706789362
268705236
51834373
916140446
178307601
634266486
741866999
593620943
266709350
966210354
86847509
999691410
155053624
208302956
827199098
72053084
353868983
65474285
343226645
954027642
244108936
320662536
371449504
320111501
192445628
77115970
291385947
20140893
379718674
879402204
458183880
913002504
736932700
950594337
257822894
500938597
543011274
787293888
216828606
377370171
514850612
118466449
666810764
932432824
125508704
884271146
195869042
364489621
58752815
621545827
963079647
642180081
763437427
148512554
136971119
51818076
591796463
119135558
655523017
153199678
96468371
834224958
918676099
178423580
639773479
951567369
108051125
870697023
435552779
90158046
418283355
198540539
110824746
164231228
371169607
753187786
625211122
477021946
978683568
369459596
330784261
904365842
495750310
638713377
352315985
542487451
148617753
444757193
596683224
494441472
523407513
805974142
518335865
642328113
91514715
23104272
895414776
230669785
827088261
148793291
692776336
52702043
455850196
197913564
248365224
395140435
143273166
530743318
427243879
153882507
638524331
686149623
167634261
522992564
925300021
916116192
639732168
252205594
302805588
554614937
11405291
556183413
82900816
547107321
214359777
336620931
236434676
825167856
805622312
670776616
559065415
610513617
501093181
921843596
688152265
330313804
610157208
41120207
744461469
11845181
981327755
789116074
500991297
238209752
372928458
215011057
567006632
487802138
358452206
62179565
557648110
67208266
390768863
971016064
232950746
628576878
689626627
202286751
449934263
99295854
897185863
737239104
811251768
773204757
125162217
830010129
584633797
789746711
745869335
506264731
304590663
341530275
976234026
742458170
532893648
894597864
958415169
771427902
62289736
301564071
582092698
552523299
989359282
320044742
773856174
724333258
842874892
518934242
368219137
482328688
397424141
56052820
423607265
306025677
956240332
239420298
21772583
318432502
225425821
706247501
507506075
815413133
416968669
115092373
181180742
560929453
41624709
285711794
907199240
724700616
246338170
919811518
64285162
268868302
335830427
985527789
428453681
504538672
53829857
524513330
730846772
763894793
949512516
788422688
932819836
186003344
108912888
456215914
284476862
300998354
689949082
339197613
835766800
22734373
343342933
62013981
751816153
280521689
311080414
930970046
955027382
952562014
717276984
227767167
768467603
994179360
487789195
335478734
185111632
815941318
621942407
839790358
6159938
587592725
234550957
883814522
924210812
552044330
558907480
213491299
610715886
648426602
925106418
776707626
413837002
651758919
709294724
679399412
29680994
62343899
904692794
932417083
697914968
696081941
821873694
984162317
780205205
102623384
85515659
300791090
880475573
742969738
712265264
755714382
116578371
798364842
190293467
895640305
467782652
137465146
545257543
749952401
869335836
222872893
275858360
276065546
984029308
265316738
313178131
759997418
898701318
794810256
625153846
559211201
898847761
682802105
746110501
541198918
103018030
559938695
840440140
450501331
61984852
197481119
99648447
984337814
369408806
421126641
360045133
971915552
745877320
307489556
358897257
152347549
871686651
989391460
337639450
502278376
980046716
875452972
944724605
607855067
437767429
320168748
568610799
628426052
18399127
744122170
841400976
824374963
882660246
305085539
969331381
607926388
224015961
28946885
