304070605
866195542
494462203
654262865
646140924
411460666
677031261
552617909
51963393
71339407
123911347
959079910
605955385
63811777
569615815
53311378
682320173
367434810
163800190
941923405
795078625
220583696
827087146
112185249
817540401
241068981
388288508
995535522
471102710
680203662
63465260
288253157
129348947
196477570
491914908
251352288
409024675
983818328
927508896
385733689
210893753
479086693
346200445
716150225
808677628
510630527
934950799
832557068
384397212
387454492
118029879
240773725
74352388
233538229
875234199
52517616
833931452
397849069
482872193
537672020
382257126
258238989
710563773
176290280
719483304
562749710
367072116
348821838
879678169
239621889
565090288
422697283
239748652
378489619
622620334
272077316
57542766
722831603
649564918
519395168
469306738
774322259
700179253
605232321
953494004
785567422
956038534
32408515
378263797
122738077
487529656
362128300
147643832
811904671
198001023
301787794
198778830
794870341
66239358
694744227
431450746
951972088
474129439
809867388
509764811
257146876
100121035
191263588
764881932
636457305
176350852
233588134
478167521
394230962
697124792
764729033
77222012
412473136
461336846
62903173
614155940
970388732
550348536
309397350
405538574
485455174
985497696
209242215
589600983
815628946
766362764
713959357
496075458
281501403
35980856
269045882
372158137
70717193
591585327
52322899
803360961
414798638
936497700
753206394
924847826
343298294
508545404
663853611
657858504
144639743
579700585
341533511
676072117
758558463
304913716
242344294
157145543
192232200
923194197
847420296
233598750
661917296
222816806
797834972
947833588
33404983
983266694
618952550
116397573
945184486
503908626
291911057
921781087
761113888
113266848
163810281
368969971
943848879
531646236
397067242
215887642
481120811
76216700
295134746
319314881
905156856
774985282
582969120
694425619
331737954
645338896
217931941
516052947
616449466
489155610
530294789
154214176
340531661
816782727
293154553
940169845
666442351
54114540
20912632
457703056
503675928
515829290
190051465
690306115
417569274
338978682
301671662
548488172
274109630
210471760
927859275
514460545
887149951
411433903
888743302
723080340
715899612
848680678
107868134
871726270
572511849
611365060
616590095
257304422
308751488
967796986
977739639
994831284
230021401
105207288
427707298
178939786
458174014
390788541
534133003
835919849
152528192
69169936
945241403
525687473
838509442
634414619
669113348
414984539
221382464
920487658
801156442
393341967
669113555
347619779
194857547
120890417
339130918
705363441
840016356
86928995
362891022
431444364
255674586
804029778
989643654
320475947
168753353
411412918
439868908
146386216
201579678
801194671
802781513
786081844
273024156
233170782
561941706
147272209
215140238
948959581
373966154
459773626
908576289
284201514
677154224
191670727
111814032
913011692
154155346
891079295
730090332
419635309
52536010
483358968
718436488
865702194
933883223
977711608
498372984
341402081
384956850
623464717
991388067
668029100
718557674
908353824
502674816
632829163
918860505
41173754
878439509
963338890
260050121
108545324
485959487
19403193
316531595
824580209
831161225
575842662
854440814
260962173
120651763
320756106
870348644
224464205
288677047
746859190
427257295
71769713
766997307
461450648
572757602
150056279
522673594
768824507
811465194
415221458
966277356
475302597
192952379
380864305
56622944
57659596
261228467
924740373
31868754
738044286
511520293
756026117
795133283
665059439
268440827
29140491
579805583
43535901
748644750
26677498
652094018
222986488
967136215
488498290
665407167
392036317
588217792
149256905
782874086
691071760
762061818
285201585
727272669
361558957
108403628
482168595
410091723
15798552
745304671
898658162
853146340
827191865
968666869
467707132
864662843
573145675
188978705
694546601
592203612
113382694
292698811
634049270
52205195
738027708
678038890
541999400
650908715
336149703
691909325
392226351
636230875
597604994
581653345
43039615
202995993
459721268
310472592
46716061
349542629
633228367
958677631
240955387
529008454
439782944
404525021
414071277
431982923
90311419
16880244
862562833
144959284
111084487
10594557
251472143
61958254
13437699
388166576
121586736
900861324
340329282
698948330
289408913
483735872
579604437
208202430
146688167
186587402
935252285
284627231
135268757
725446893
320159984
101319440
523157860
81589481
610527365
655595493
529297195
843614967
738549713
223726949
960218965
704006200
261928771
536660210
268618667
22203837
122796376
260156708
86559178
73835590
640374374
517598345
961875539
886252982
661644234
368004642
871688100
969424510
563508629
604455496
646421664
545137482
848554391
129359451
976104851
4230493
400027408
9731373
302302605
639142522
209247324
209252676
4164079
262373091
532287715
409617124
762178927
242397699
881153702
187468721
720679368
531484598
327715272
33507328
967629629
24444601
167200677
202052148
779515518
28124357
23130362
351037974
357384637
644776647
258077926
243982476
927813715
532770816
482876555
738852367
341578006
313266391
553762901
751687542
914285838
414241370
392846249
801443816
567054299
506634067
112016665
595913272
520604667
229125857
615860190
972659614
992533498
560754288
225884537
814288849
486271896
607806380
589728424
183808251
96067026
278823140
854830908
910631198
60583464
580352251
299824584
771462772
428114682
457932701
56760233
443078639
552972882
490845233
616968362
8950624
485114276
517555004
398789822
849938076
577937778
520718115
746947039
457343728
608435972
673849172
510151903
289487772
290213543
518017131
750983657
904640010
543012837
957547192
627341191
791351063
47416655
980685503
466265087
41360948
103685031
775050356
320670193
29718027
661707680
899461166
597521479
174948439
795330442
555972894
383941285
561777346
993817175
657325539
413275270
780079422
813065421
680060763
443879801
982573393
229935526
600731011
555934406
561337662
491333240
742861570
141651783
318460247
257499237
164927406
167919482
42019710
327284500
136914024
79638633
430279669
348302701
494795234
374188061
971403095
861047322
663021352
374871019
51749651
908574895
607868338
627224773
949659230
490338361
314487841
566455311
96922268
531533890
957370676
836437865
85931993
510310866
647435300
154436120
527772291
901930616
968778954
577160513
50420792
347240645
363271413
799386928
887135331
213292301
287651926
228167921
499487056
89513797
929871183
224636055
283022203
853788447
112998230
117070441
333372777
450841030
290530078
360214574
701628409
532164455
460644298
256379222
521119876
239033300
872470808
897581838
49657970
715610112
548771271
374904547
227492114
592821072
420327999
931414344
23477772
201610871
176525318
641252634
443682581
57834026
135745333
567386695
532410235
157903115
42575987
109540380
198156280
16074835
25818683
885465615
647093149
517882993
453253909
173999274
532704707
781569767
307787187
818812531
835799091
819064717
268239974
813059846
328926324
280287437
781901128
825748888
671432882
18334138
814877742
349984271
926416782
579673739
91534996
813963143
88619617
997613074
962801418
426365534
52599905
337591428
212630687
899193367
352717372
379545247
655266126
957447090
385471505
885485002
117356038
219583176
493490386
678644553
274100790
99171563
79563952
322521980
751965015
490183796
345128295
865402861
428733130
118608488
33544060
881224629
350255080
974811186
233206872
736345502
426473756
192483599
414191076
59272708
292258262
394401649
167065036
289312535
409133367
711430887
377537612
131369915
505619492
13601242
645050718
870286457
209316221
369716484
721807912
674652788
431504883
790696199
370924259
308748736
668420898
77514805
401616409
450702098
506412508
540304273
898424900
671654286
407305107
860293403
896153238
977145111
918138422
722714839
982139690
87902501
209518374
868933570
538291554
522834976
255323211
176557003
346070599
147330267
761629894
108070955
772503578
924351834
969353688
845866302
424098295
599847376
211001513
13982651
568575618
424793641
888568677
569735997
555464021
446114023
156663283
212477963
799210751
707267849
935032966
716768790
301608931
323215692
377955520
580944748
912734247
721220777
629819542
104674099
902152081
784315566
613903773
762088503
136740433
626036580
869442480
747891584
525438327
342253257
511851363
703834999
78895040
676215716
86175232
850870679
322701073
377002038
699931694
58334417
130623874
672196908
394644882
228113933
126763787
562688128
559066987
370918521
100548965
989814144
563571977
821314457
456664906
242417500
394577706
658437496
367370291
379405284
626826318
635257672
697882422
930487185
972231651
479106035
171882855
538104554
871431810
368727631
387409459
17835528
503175412
150768217
220073672
454440417
456248118
614110113
280604267
976962467
379375361
433344873
390800336
19645362
604167347
458398238
295267699
970381165
74110485
518018511
50462254
772426184
362515125
858466944
245176083
838928018
875325074
598909596
8749011
202646614
384865805
532462090
110117888
538567571
451519200
395909811
71209912
730481054
948835711
898603780
877556066
845582856
685460925
180591165
672051895
543493856
762048776
858358474
386353373
100639683
91869547
522205550
197527421
461098684
12700405
83679824
81419553
684361267
718121532
285162304
201020490
337113423
339542681
739832057
373126902
706166893
180624084
693999806
680136092
570202097
555653269
336731340
414628854
750981000
342482728
382577835
343776672
94732801
80008024
672293033
263512062
288786058
58057566
836546203
438693063
243671220
901076179
900825221
654721774
69138265
289685981
789256208
846191930
287073612
954206157
232608575
200638805
601087615
752544458
435680746
41826421
921527352
73800326
338445486
557951105
362968971
85342587
570644306
265999122
340359876
821034500
834239417
296119136
574737027
390000320
17916096
509647585
671671366
396463341
96190052
456615119
944978523
859626191
431333410
461128851
738826304
392298396
767812574
519511462
177535847
321426725
301291426
627895728
353829079
340801531
27322262
678486080
943740093
962898810
844138449
613038408
980305389
606857854
488947388
913266293
704496070
162241907
793789612
766534581
265687327
54731897
132073705
793211327
850275431
576226121
24179128
186013476
679565372
529306684
242772647
308139065
488942381
885280027
18934954
264962172
453801299
252824925
567756803
725252293
474531000
537580786
170165031
119233677
667316551
769591121
34188108
423698607
958875483
742356278
877273947
252348462
26445547
518859305
156641400
803023312
376279258
139627478
896367622
382403270
721249209
52659801
892041391
759399405
485761698
737018859
929153333
332257528
36632015
714118181
321068578
35755478
557284847
904764346
135981461
783180298
122662005
668008034
490794895
451403507
296316951
988211394
905963453
784085184
797661570
892238963
186817736
972729338
182790406
881957831
746768605
38174521
974683099
248911207
120621579
801267829
569780933
566305312
188085934
754240230
210454004
198378256
454320451
124169613
677931589
170163382
935751714
202424450
652632663
946628362
943863589
615564108
155371904
102633381
497267329
952435047
815048835
25468955
818565858
165847109
806857805
624371789
55887602
791959600
446078185
597728134
680693129
200517194
962570021
755611846
948710257
723566221
788547372
765169675
611756401
61482180
84867734
766641182
436439739
378188320
836175112
32663830
584055909
177931800
150131127
718699827
74098647
807366615
886999164
430076145
557302716
563280375
739614524
595472891
556806872
910086910
54216719
664231912
48258446
589359828
520013443
7082492
389303284
705806553
135085974
458006907
387819763
489106340
313728453
809089468
971431311
417957783
999559333
541314955
121422799
769465074
62389441
514750752
610803019
59218410
719466472
166566057
248240413
844615319
918644013
436168036
689743056
167847192
964393074
239940587
588578247
585370064
448517840
275887132
620610021
216675070
503249455
509398147
155139828
228124533
476797353
69291226
673823077
948405452
441644660
500759269
143045958
950202515
979471085
467033540
939108489
622925263
82250512
920640691
749049526
996494323
664659079
981804199
734278065
88575371
113545659
809050278
20167819
21035962
665898107
696646234
225186227
782354914
655059598
862589760
754810962
549138643
236530394
134113967
134942563
990179847
520551851
960217786
690041337
34463486
607939519
568993942
491295930
553242693
843739977
328243157
52629352
658418258
307562487
965270803
998052522
565632659
312523178
99606086
234485812
164995063
425453110
294120004
445675731
445113075
680110653
599416884
244901387
635765981
758171351
676298686
337032616
100962083
331671757
514920797
407955857
535775508
119780403
124526277
66525309
578030126
745124166
378707342
667065594
159462643
134788734
67110935
112771727
676682592
770859553
388317944
94460056
380845849
40833068
379028842
834507730
732355905
11056080
204437652
876349332
83811965
525255847
74040762
93768706
457814444
216177046
437873065
737716495
720775112
229474252
604893514
285115476
566258638
248911494
953168943
710963334
967558052
19826932
599527722
664861924
753293097
218087999
865122660
974222588
164522823
137367788
678890759
406848702
579329717
211955925
828891396
337286681
727010943
59267640
64247196
931125870
369548285
697568592
57349784
169491516
705060039
927046074
428126015
179335715
712297510
748900696
798829978
506956508
321885568
911507270
80360889
826239301
229399303
680957455
991077364
631771726
923590559
342441378
343711153
128176358
561734482
135876484
547387095
5250832
884445178
685957043
906247998
520142269
111330787
105059579
376149442
917285805
856483083
480384210
95027011
40993206
389955864
207158535
453119876
350516031
178054751
731308925
774954848
450950830
966079053
849573826
417821121
720382653
602637278
141552943
846638563
849284343
283491857
886823489
281103451
605660760
656377527
241822573
490932972
841394334
588208151
41832928
259738095
794423707
310537894
869465033
815885860
321393338
534915708
929510902
390261590
172133511
620251897
662883780
343093853
131813292
976099770
437125699
527680113
377130613
257994081
162129613
171734346
759090216
290475328
161750879
872825827
450579721
953965234
796893878
962168268
604005895
292556882
113648217
401145652
679112665
689298234
277952860
885982802
260974716
30576904
403145666
840653773
912651725
304066330
292081993
92938111
137544976
163270004
374658850
369639945
837367065
585780383
335737810
42082997
207105499
93430400
140890008
571900205
832497571
833479766
837915857
568419442
179212817
217749576
774047975
91410975
93668720
441889186
445522758
316913637
554383204
695312385
689352971
372639203
147220668
708931003
740949530
881740078
493907800
157207846
55221158
405957250
585208185
464029976
366223292
450431721
70040749
50210040
112817979
277743713
895512919
91824921
442588455
520249584
264884933
388715936
766305026
302909760
266003209
965811077
648025946
313285905
616771789
239175976
72623200
139560907
775732181
642600806
494113445
398106925
941687122
771367289
891034110
559562558
367375993
996566773
687105402
164391675
960476801
706066108
617603468
379652279
520087182
487502142
661161747
259231674
809634018
932154234
20380057
449493562
171420822
811814976
893998938
589496166
296187029
224199934
11297194
404830983
775569862
449752480
142404658
15792663
871390646
523865988
542215019
31781841
729136207
739988688
763486967
848413034
471193555
402662706
798497053
326899020
106475508
55760043
998088919
909740775
813194175
378067848
274494594
312385824
125661209
30879355
185002833
214444880
397138712
749571360
388144643
958685850
638928209
114935850
845825661
836032465
902338491
936827789
639680431
92203725
41147878
388418519
718643707
951021794
594067336
198450858
434257768
775759679
460346689
164879634
587218525
790205514
714852509
197706729
413042288
444194070
660066012
632623380
294118927
990625131
17676907
65136742
938648666
124299817
77494287
356493739
860374474
848373454
951015951
843704223
50290560
391139080
727622595
355917543
360347871
112062432
549216340
877690407
896627399
396509507
722623480
742628995
322171201
907046132
90940071
563821246
357600162
450380561
715675226
98466798
353496991
325668447
499792164
674914085
214877578
887247421
20309155
838051004
732103909
873390546
674798657
850917902
595168570
387737248
273595757
559481159
507363006
302000476
862361443
740888984
339251928
156392166
699890118
546843004
25506724
18906946
153361527
16225248
208254048
110154490
56440180
557948748
87199767
249884970
749778169
886596673
213789437
129160374
369986712
260065672
18984244
373914931
516197956
830634369
200757883
871356207
474254427
232929608
82663893
573621518
302976503
269342513
422499086
249115507
890967629
384050362
453327700
814257008
65654229
71950526
718065541
33297970
709386510
738336643
833478326
185200012
711081345
901407708
221061504
802086280
615521709
282881464
475782683
632883502
243088868
476710368
158113999
325789106
228616191
214866447
540261676
814985451
553515927
805733441
265308927
604933956
298652891
616770177
236436234
247994434
29036995
70749624
221951084
41154975
272645348
765144953
523625533
725910487
602017568
31961214
863222626
853918806
548408629
573303439
718259734
476958268
371966885
371933958
624152539
368762392
782866103
708487169
254476717
286121662
584622351
714432601
364450992
94695151
267330099
964570791
244739162
199397943
197898391
434869333
805362757
649183925
609278800
403902556
546857397
389005996
820460249
945901414
987224792
112056033
74289415
778067855
992261870
727802567
836425538
941571276
23693853
556620999
712931869
837218911
148047050
554430477
804751504
81066719
771269562
290696082
944451335
564813769
493708990
517133458
338908513
579815817
457471093
123273141
951944245
21400102
542294742
917715761
414663216
413868276
817180925
747595789
198190087
241958091
610434499
272088367
986016508
977689909
666904849
108114957
569946689
925451796
944241822
601140970
57130139
97674049
100628535
548542311
297388089
330884672
388696466
212591881
67330393
700155940
861502169
802649073
351485044
853667836
138712652
566646046
905112685
826450887
35962369
658975212
194733277
64706782
681214719
449511489
832100915
381689592
325954995
897037211
921437771
284762784
90200591
45245384
913227681
701483760
338305832
504764777
592470108
43235347
721131455
984290333
407065927
97156360
747846193
317873549
300874570
649984043
351740840
790131164
29228357
184366784
366375542
40405923
61323227
677148351
429885695
708337541
453726532
745166283
814994603
682533165
315646824
700212075
961826714
315434371
960834183
946438848
51685954
503501777
315838226
654188640
109449523
860771053
352690619
631227811
117818387
908399827
499099500
188833025
121753951
656734085
684281436
76136636
168787450
76115224
742378894
179875467
758287603
190643641
85336608
973046457
409159457
340329522
443452791
354116769
393438721
248441612
840086109
5524700
821218982
912365739
324382301
674766107
342363549
837563868
813847781
724028619
939430719
233908819
91311820
161804034
625933841
341559278
941061175
130386998
191504507
547055269
470822372
442770296
393615572
561203500
988166323
348066802
690674969
839197753
853648904
594278344
224696449
961550250
679779464
5115402
61865425
417244440
549739532
218719224
569367932
676902886
690589726
777007713
873360550
315166776
955180620
350559783
920798277
389778364
212075756
225903593
602791727
657637584
11044046
637350030
270020991
720310766
463606278
334220418
145780292
403088200
219452312
955429115
773361399
521895268
742165675
800391133
984563305
497093093
99515492
910421629
22588192
992155248
111513011
458220606
562239252
856524983
288032319
272089380
317716558
655923251
789953458
585056214
110491320
532813472
774817086
654429660
129461301
879065969
155764505
823517680
709314194
854537211
667894406
418337798
376562595
237677986
365956431
476972524
233607128
816724582
372369302
438331163
918951878
633145612
298689314
706257179
712138163
369553580
672258505
754458814
597167084
411954912
690027250
819049693
189055281
998012760
902540565
544012422
27469300
625691525
226878697
223190857
180323513
89413632
782577230
40215870
601012777
309088232
330623495
670758663
897752353
228191365
700542860
860336059
322439293
632774216
894224616
689030328
229532985
419848716
774662829
385887234
547225218
949994645
772405060
851296735
238438567
334963345
484062202
294759592
709221685
283332799
528397781
310545167
309499091
649652963
52370915
458000335
60778449
608752899
275443696
913562948
349944569
892858687
947129650
621398650
522930031
357588178
81887934
104254657
64530495
183896328
513750849
834922791
387353254
447900454
576077101
924428042
804558922
328423236
551265131
139563107
873593673
142209770
701042564
52577559
659940381
481506723
678224791
66417716
662557963
336539825
112586744
747594721
842272382
993501339
154029728
743203933
150947176
722375327
127930399
715413673
541794569
912104581
142516544
90743739
273560142
75663070
169535483
144902518
446949021
133376600
943313474
203173798
799228516
968081586
377803739
96707714
598536033
930872091
222313820
554959580
435437390
443112759
207466080
624141779
114785876
691100256
856270036
39832965
800557670
436980611
851577873
592392333
961717427
848095565
672404354
902813655
347473131
79754323
319530972
343223254
792972970
982447606
516924157
914275139
531106437
372731402
344411159
958862915
379477149
359990726
805504412
168296774
390139045
138285364
295556882
469368178
844146063
23796129
848034543
16813145
746452920
206515976
672943330
342743258
760976758
61750150
605729599
219071674
549928825
732018501
599367114
406166559
618806092
580611443
836162778
274878746
396089546
918892092
991816020
779113730
291143404
634779218
504901366
940245830
710607355
807135166
204614475
684020767
612930197
776878509
464435491
497353765
664295637
65153792
196196602
769633040
240041756
211724834
573525728
996277249
967106106
799571504
699409717
574584281
393266500
520496363
735366962
978844033
711319010
825738603
240491300
518501339
685519299
301438959
372548908
513635352
625575320
169481665
585790300
643217034
41108602
344119259
685338002
628487939
344022965
284755063
895355147
378625730
463955941
363340028
286160334
942166303
786659973
225104067
86569138
891672830
513611467
273199249
217837024
301961146
335105933
224990593
546282522
385791489
659180416
976475800
910897149
315686979
837821330
490008352
803025867
790343229
880255934
262040838
761421177
952637339
467369460
874703577
749662889
779581049
815403827
144638879
349378240
284698955
40615866
665844286
139872138
799984222
550515581
749495522
912712896
402392221
457139258
565392718
770321847
583238666
43085665
27251158
647489200
259396952
954626056
14824802
850759062
775174497
930882461
20138386
819430446
409557520
499540266
251727524
807697342
301815689
572120345
844214994
89679561
223098989
292998354
553478321
866539268
539144680
201163600
265458975
130547199
317448781
385110272
15176911
856204161
710670611
428578932
186547358
737978154
435138882
831915487
575472657
419732286
47185287
500059591
791134057
979447628
138776753
445231695
664148181
303130265
80224399
734839784
339818600
84875324
83751101
292465344
7678527
398904127
892546864
149111223
867865753
658709529
909159332
503892981
580475847
164188280
318193583
783558257
856349101
413389727
114883217
774652658
309847004
111592300
636403909
644985016
416163448
615980915
776147276
173046514
609347416
474954716
35038978
185524643
482674258
13401893
749962219
313531409
992366340
429101633
30588153
304449505
271128742
347062189
700087874
126403258
196658765
154546291
124056009
436553205
830161218
213675139
535272757
306507714
798509845
642805462
182370386
738479085
301510574
246639925
555237188
843025343
49055828
618020198
168234733
318433701
410161916
433594581
663154139
620311104
641273880
608595594
554083275
737233102
958860762
547278664
993050314
176771002
750279794
850741411
846519307
541703117
675686514
857690472
897561333
812275750
809625644
654454259
453174034
876875819
635339125
296034109
334753290
302246858
860043260
334679760
325875235
653809197
226943221
803486710
53489586
718079197
11727747
542996129
466810534
563205850
34677294
812645823
756181184
371541840
762772123
855238705
831251457
805218473
452647446
98859016
133888308
895452239
430688591
284341027
139030600
704486441
278497808
209204579
944583357
866652393
412333763
765393674
52593965
797545951
640585357
220301626
403120797
495471870
307888028
964804403
868639114
792950250
837465266
28485341
831644875
20348887
381201002
307399711
84127851
936049023
978580502
956826414
672912350
878740971
264549756
479184466
305744468
955939533
602966324
111737289
97077908
102150986
969039759
977676452
741882232
656887567
925674960
963080159
226580084
441864257
525525592
760275015
393125091
441272732
845048943
727310991
350302917
70809869
819815278
214344563
38694480
818496213
651183746
655913073
57761062
370114712
119343708
228685369
788677569
901387249
901493434
82970051
901077388
386844352
663299434
35770079
341347998
761669816
546095209
867349167
640036770
188041863
876377762
825261585
487070672
148422828
51330458
551253826
742763045
568628722
356829895
609874024
144771980
462698414
549615433
177435490
4429949
52003539
655394298
961012749
856624512
46310004
659399849
276216492
678155647
264827299
828191012
467679436
548532470
72265231
451514872
328907022
614159086
57966112
463476960
207653148
567020144
157475606
623474833
730318788
193604652
115980783
44884861
681785453
134869572
647583561
470032176
777515183
538136885
83702080
800305323
425346983
307908187
542335758
987917791
167611071
659301121
694904585
734460428
192230702
560196079
422427272
483325510
721383849
705475792
769854545
115228842
897694935
793076848
685963748
427149021
171811789
241978365
97690341
663436228
338010195
411974291
198460297
688804007
165802053
635259566
712159562
184428946
139173778
302424912
816877491
410697467
840161061
353450358
842799328
897374071
561338380
788230307
907992660
796948392
261093201
531043318
87055865
332520989
901936997
884332105
367572852
847512483
655806816
893601271
52822710
341208469
546124181
547851827
230170243
593136482
890762462
926442654
480989218
874047767
430288223
11280307
121977234
375107170
843471683
508094107
334131270
102695814
401009411
355369427
687558260
849091331
734297083
726529992
337055235
802590277
360584553
280092239
343257314
890507729
13818942
10761611
539822565
343841932
586336401
712174363
362712391
339500451
425203049
783550958
233895374
917104251
381855577
521529026
328740644
724329016
845764985
495519807
775024669
242129221
837230355
411061330
389486264
350464166
451535859
925259908
172392532
262851917
771161437
528038376
821805460
635792695
953253978
393005003
605505809
746352526
814178857
912173452
912362103
445245614
365189129
462244917
312748334
434155713
439264231
714638513
234468478
811882144
90790386
25170238
599369949
100138978
721771147
705154087
776682210
783030840
40539321
533456045
14000745
105724034
335404699
670538373
799888364
396533370
382997827
434653214
685129874
27329782
647443345
201272831
310500701
398315861
395508912
456849685
828909453
951935063
633867757
627641906
158283810
41233460
628454010
587236107
993056255
773119536
463375026
890628690
653601072
621585336
765000530
280856233
56359003
938671448
928775029
683751123
90997274
872373090
375868132
581200738
132192886
154622086
794771417
100525008
188047199
190167929
31469236
808336465
379756328
438382551
315912337
68168129
608321655
98990557
48174540
450949008
452076667
788532438
761192706
811216584
750729427
36783588
349282729
531480486
487734802
41190200
181716397
620266582
753310455
801068205
703093821
662217367
518736825
833045450
997464591
22074112
113828168
979671156
940562707
97193621
706566625
396111016
179266443
456763156
539025976
326342317
985545762
392393072
69512918
393244704
756650865
172396560
278205185
837102400
277859705
112248372
298340068
544505079
579562341
474696318
358598812
194406344
327809724
347090738
113505841
773276168
709667949
701875964
432622470
985771466
648604296
913866538
311815671
277720251
511949498
629937239
393295386
148897956
200251426
440682087
480449517
935149141
65178420
706563690
103982605
941468139
314286050
320402314
70249403
74603108
958580453
89373511
985478103
374836985
900223907
917118144
817765984
950504289
817214145
310310464
130185181
924782506
220891353
866132417
252956963
972739235
425534758
840522284
435690033
730096816
174901249
2473737
640084330
80635019
902805823
997478966
49809680
371097689
439696643
889461935
460229008
934714475
459926465
96099224
332360849
616143374
244867375
380876623
883341319
916433541
951376608
728559379
286230965
529685341
558620289
319043072
186242192
402079056
581954366
660005154
590707355
135940373
81568665
469817694
454226642
558011063
883519593
124840207
860728896
945658337
15495257
996435837
497360724
288184635
214450123
342614961
244663521
211483898
422522961
350962367
685276762
130774591
762168115
517794158
250479446
565480323
202738287
768116946
810894184
221293955
742866728
61325358
391910778
906781392
54190087
125848363
587945349
216994836
692991457
111069731
363669187
553355511
353328178
280264615
862256264
612807260
752611848
44712856
590444102
18841811
93842578
295622843
57961619
800186111
563806379
373105877
303555270
547726437
566186049
13711192
303732781
845090947
267979942
16118680
833949632
812038091
522347122
939670045
630112481
840430094
179008534
159332408
654539647
901397462
145649334
16999656
746892777
534349100
650861548
738678450
988120895
797413960
953066177
50786805
963444715
972798184
560687783
323601121
523468962
604352365
830608813
789530448
553108567
594832883
678264331
32360142
31351820
773260847
205929899
118769046
454594555
482479809
840487445
101895738
136676190
45394866
775289650
632962783
250306215
108178005
987592074
620998808
749250718
46582984
597774945
840333620
594611536
525462562
9977102
240486664
638616193
283467703
214026938
796145148
893603465
770141989
382709643
907102999
398678647
622999740
209292518
281088289
239173872
213755151
359904193
901572449
832245354
332501652
632850368
760469968
442512548
211977293
676011340
957844590
827512347
614674359
228416132
981207789
161745074
224100308
921202031
583558718
135389744
92974296
811424155
590384142
228648928
663757761
519208091
976550751
292548239
104658944
399269664
309086871
152131920
722902804
903190093
475119968
947402695
343914659
487195809
209941239
54549396
465199844
729811326
844569285
262744206
36068527
731358638
855942295
296748074
362169894
731562130
914593047
144804742
981109580
23928089
393158681
980339563
156935849
765712504
409834513
864931730
388683469
104231208
359417229
352964860
94959387
892483321
219546983
41002851
47433979
168382559
836094748
807249199
178922909
289145886
26502836
27178977
949838360
263445180
363886864
848988249
832762348
886370540
170068143
960469930
677403981
254116381
800193764
510700068
21542970
423815733
171951597
183764132
520777007
228584624
958901804
984778402
601948746
159448934
931202125
583189399
129797286
320729184
204748119
987525470
234940812
264774122
473278103
410397276
954709796
576385943
98840480
923596588
165334859
648191320
200817308
955008146
886744511
650693847
251755057
568403211
846224604
760888862
368310416
453332072
178906895
765197784
779439136
123670821
235371765
494362941
602519458
572953261
8497718
627256002
616637196
372732006
546941179
845244819
554305047
970972730
237134457
441997674
297838834
832930752
804647500
905924412
154054677
930086746
844186711
327116433
17879793
414351159
963744426
577139357
698556329
261964047
742149618
425044345
320665701
858037142
196303730
949615735
794479727
676299106
892632075
432462785
143550500
922931439
564383855
198538181
89965421
314086733
140966617
336644553
886575706
300131392
641153504
471551458
243681334
976763967
189926813
878049932
77791036
666677391
69850035
625405109
578119176
567547987
748699436
160060459
103023760
835412312
85956646
314993135
41376680
394972675
31421083
340051182
390868672
44487581
287033854
667357432
211747853
873551568
213487508
704483067
811567602
994027870
829787648
441241624
390055501
720283160
404849379
630644103
789070367
200837867
595065201
291687021
212031772
248326802
317533249
452015831
520993066
638132267
588884631
178581175
618960685
137781726
302790538
990588965
933791608
324905984
262955147
451666087
604480499
939256881
171316469
692538090
850979397
782946415
842945604
841918906
570270805
260478787
965446937
558435917
650679923
919090492
257841278
485811039
711430473
696205768
900668047
10741855
780292459
18048361
330255202
265769272
446917004
274427182
976409445
906828647
535792662
707601729
679157488
816405560
837338436
733831316
772601432
805970078
304518801
624440607
500285740
596590724
672248203
676581201
982376495
899119219
382904481
93719393
264828118
122804122
318865029
194482758
289273786
463717608
380356173
315722702
528284076
928451078
177945583
345163604
622244985
590745126
968204707
250656993
182034483
814937469
327908327
726166483
700637047
266253510
689155390
395103867
685566727
593747232
534971219
870984874
283585669
121060536
596056315
607854084
798321426
936772991
773614214
246079798
332169836
704773470
229343992
127070790
865668135
487795358
893838058
330682865
391911052
915195467
526421017
326268251
569118234
304434856
17060607
497096183
169758653
335391846
885683340
829118681
110010994
958019166
7050250
756216140
331160549
323326764
817346963
677264329
756714662
133237797
174782721
859877004
934053131
347225952
728496027
108338270
129337695
684762492
624436373
641771013
720231667
49605188
72063261
872772838
943042108
949906335
831143510
485080641
651315216
489651121
143918906
308059451
481382188
973116416
245315414
641752821
446754425
417876428
757233968
453752203
423608398
792822285
679705183
453274737
15410822
236745064
393850299
720594096
861537464
882369229
390391489
950866419
511691530
323519627
893981710
401817836
467910296
502042471
90948120
313581218
985640124
351148774
327951398
434465778
408999419
837744702
898445756
678137946
444026594
657572847
600798255
466673315
404953339
254788975
765078897
587946000
243921679
101674474
344073450
945799775
254410437
935264973
783137087
728802860
963917771
463740307
621452396
939810835
794713997
319951787
560542159
879980366
465595566
847064898
604401961
340927504
201402821
224882933
980504587
378311074
120122924
894246009
499687076
722018680
700927566
208385098
789030418
912569947
735427691
855835121
751125006
262327346
528573836
109693979
539209942
347259276
44570510
140924313
607900475
833434799
222172123
208147476
660610263
523235253
806125825
484560419
370038783
419048609
206752958
452333043
482598768
884726841
852149611
358913567
942229491
585707754
777840409
196350636
69427166
531052077
438031104
487573606
597775799
865595015
304001810
200872042
302057416
601392172
444288670
84620299
846573515
647059146
924626967
32508544
821517610
82932584
678417684
559668059
330268028
802128080
840456733
844340644
705373164
637011601
413584417
892624343
93471167
632747513
175177406
897964130
238981164
239128787
544090476
688381469
654523190
507078206
563311050
691501183
369376883
60777865
97348046
533794239
338132680
702680339
456563157
187590670
858330325
553822894
476528506
842997242
239944668
929012338
624170331
358774859
698827046
514767963
824851422
871548232
74879006
356200202
923494976
693189516
56398026
91923673
150768998
195592067
843685046
415834748
322728929
641748921
570963611
398598243
845248959
388929767
616953380
398315036
422573488
904102095
959608689
816588089
837311237
174250934
179887448
988111190
330042073
587790101
896131543
242477344
169060511
304560072
840179649
939894844
536556851
332850284
419845162
614895617
312455295
608437781
171835708
405995798
634594372
325400483
268849139
671831026
683239381
958073819
704736817
904994195
508944187
588068793
681718024
990655941
107573295
320804055
921059935
884667708
339157767
321298728
368536969
901685608
627820123
40568856
919269656
802454562
485083532
57387830
960006484
801957368
742223698
158262836
531113464
787157846
110936499
299202841
616078536
784468771
947935892
379469626
163471839
268799047
565167651
917675040
467246351
69494171
814205972
22092860
325189634
362572687
164447256
376336822
457684776
707038105
430618270
707688529
698292381
231086787
762796163
129972123
472184988
971176524
254717688
223274425
436126490
632182923
375853287
477372622
310925303
939804284
495806621
696632881
167493861
990500884
472225230
939128922
490752854
596978246
278276163
531432615
317566534
871942315
920286491
95892197
502447730
984409131
708178345
613697907
167985486
117541523
104938161
136014604
739131507
427616494
117893141
612347134
142403149
940064376
458946559
984819883
853648384
359176855
213212663
98036092
41558118
253675963
906573370
454714163
159606027
82844513
354153181
827918581
730637999
621206667
948122043
53297458
332058123
45787352
367714126
799384946
78302324
33625309
549266195
795978478
395905366
363461438
362522275
606676195
441331958
372334814
962734643
19306495
493080644
533267983
430403781
69976133
744106014
74823736
921196302
692874840
861507484
57014269
612650912
100370586
833044422
222383636
329015253
279367016
191417348
830735973
641030550
194384305
551848443
43443979
262401373
13101524
1360129
897997752
639142824
863316682
32273827
972086895
530642649
414641034
742092347
89664189
304592673
68774676
190312328
210981725
999330743
903555446
384581437
161765808
975948725
740583641
89653424
732582448
652785940
16260088
981048573
964894460
737992356
806420920
569963077
366594311
39279022
483260536
610372382
888224160
608248311
313387965
644693725
354672237
546229895
597783498
840323791
49735627
800380339
135706966
471153721
524853796
713704254
319297895
423320911
990839036
930448891
441196631
533263106
764865643
566418577
260392792
195055328
99743684
477529840
74901518
101904585
942188801
551584018
619062592
281240341
728047682
587554222
786938400
707984557
983355336
633934403
836339037
114508871
618636746
356176384
972311041
104823763
309443969
845827274
428681741
140848806
577441641
397114522
729605132
297058941
191473220
779461384
763147354
321535391
705406902
229401260
344559937
64219263
635050530
188176995
620212059
200960675
156040969
989770812
798844802
315227708
956456860
292812347
538852932
334079102
533935840
967782721
259752549
479079019
808224899
595766845
775102469
583796769
118962412
674927825
645101276
518611754
375430876
779987082
755460622
208161674
257424182
381761260
168250114
327823780
930149631
839850596
49922077
729397666
776475979
400638746
699481147
155535401
380828628
219557382
373019361
37205198
864489083
705996789
365776495
872222953
114645993
395354901
649495938
558521755
907862509
347700108
192629557
52963042
680262713
127473018
469790347
251980401
331790698
439278856
169254381
644723049
507689609
473458238
598917767
576646816
880998103
893952007
724236709
707290475
591372926
145561572
56998542
383712569
656371263
17867076
425604994
596454878
55709352
669132549
939445969
365105507
382141065
683593828
399884193
519856171
519778525
700232599
607094292
348512663
903540641
781847481
744566695
122958042
317562631
379815347
485641519
312351078
72970459
483927462
153651419
436166631
87168895
861715126
813481006
217931695
944271176
922861375
688100964
978347461
619154746
134782222
824868350
180730667
582882922
644592076
650707522
358260704
44915863
950185210
444492423
676783629
406838552
34423706
803410091
845719303
602901670
218548563
385279800
500744417
214494541
909136416
964972816
283102818
534552251
165437573
855566313
991698657
945051945
890166268
41573801
696724987
706200933
998216358
713025617
180085694
708492640
74512994
54270565
121806753
716575882
748013589
707710404
995776601
456034633
599694396
667312274
856648370
187890941
940633785
328876089
501157073
624109543
51563925
500127620
866214372
827951213
760080021
344239359
464097109
93396759
606174557
899526947
7836422
806284377
235528255
771153013
289991396
107683799
920125450
675445200
644268954
321412424
104105332
898086998
92514197
764709067
708698427
145837254
613786323
661902552
158134754
621771354
430185829
811838388
410988561
301587676
612989046
53774575
465809115
90783716
146529599
788181149
788665651
528139047
969554548
940950063
766834063
752162445
767637118
113669950
84618956
224750081
421936985
280424842
964233023
31230349
172622043
738992444
649006168
11297406
186757266
404372202
574888710
281120934
43774652
393301949
367292446
890652821
296050149
492416858
813251947
944335040
956182713
865908913
605859881
169870890
305501229
672531431
242611633
399158427
787975889
625210770
478409268
729429352
792425572
616077193
606482884
245831959
603540799
86728925
149641255
891744203
460562011
724931225
902602488
394754989
650649837
434249236
990982734
701225542
932608973
969865936
420724446
482991041
930594306
277633630
429650161
172645478
78332527
227441564
602975496
374540583
570960005
853466792
420654847
860465516
761005435
144728463
189148865
78613939
575135784
384282036
864369845
760543901
144030160
180053540
817978203
645974796
949188957
290770662
514607883
694906187
163549560
80840016
340681218
38617147
61651493
437314605
996672602
136316296
703996526
811186169
751073770
444702429
26761266
335519026
96270438
138846673
973721359
531909798
237117452
220299367
27399279
492393077
840764311
763589279
903972740
542843250
477798031
916696577
723961273
675325970
876719345
373515297
477133966
924067877
122247073
872148414
237227626
454391210
361539151
213474708
399511994
228623103
728127638
984093958
50592999
728240607
457100928
889124894
27902249
63872989
986024698
327894901
714916019
441708336
458495530
569404942
385827264
467802022
955682411
606980686
543926760
581126790
86176392
315258272
618795407
46802046
110704279
368609421
613163278
901083847
494770310
435116675
509332495
96031159
836827848
17272883
859562504
51525550
611621517
273362838
73849072
115060200
329597040
789999947
501538937
12749738
374337826
397866978
407267186
345301245
654661075
951457345
223760019
618814259
890655339
420783477
730619405
230114910
998920945
404157616
770546546
628178597
536578208
694394598
235429826
402195080
960340771
707835362
946121109
863650914
336670627
683215539
361292846
669162654
797974182
209227548
762504351
756764201
415509862
796477421
389650548
559122254
915658888
175154492
161211408
562792451
323524702
650466252
290712419
164919612
201458436
720569663
338530733
891885246
583923351
459848846
45128697
214238766
904238959
385477402
865709926
336573887
479222714
707990200
672347959
491639383
372950625
322868381
209426808
73490196
640503641
332229353
52059884
179290666
788179533
304569967
681802415
637750152
616524556
330415642
467696967
10914563
241420210
867590513
841466351
316267275
757846049
922879996
137122201
831957979
411230172
88598043
937618596
735045278
633227220
299371751
533946736
639382254
188951798
248104846
168634677
986655949
744356481
504124522
983358439
495343355
393988946
47209283
770911806
247477970
542401518
285871818
437438308
396410732
666504436
333069863
554867570
867168692
155608884
290123990
353348127
285773522
656821585
437425272
271158010
155183814
900048767
481885427
375896241
542337530
846841460
36189393
191599639
414665966
587671089
457942438
409929753
862537280
820363268
275667690
532921830
6872467
781150899
714921160
868263041
172393283
718211083
669879796
204098094
240571794
699171756
675270056
190308941
334403948
87868950
954714636
54398031
986646164
886741612
977468031
673190995
444847686
708563989
842932700
350854129
654342650
345631539
659687826
249620072
686327792
856455913
156108926
664316952
876515602
19069207
302718113
308416225
570414186
140525444
291775378
902573814
757415151
921951045
516787560
818857592
988289695
538553246
242770114
499974292
209314572
606047883
976724789
706062795
938003888
363397264
842159236
68335373
230314006
835936898
567221218
21436758
743654717
753811817
619763768
530558411
620674105
484393903
478876586
960945229
147875220
813822832
677826240
327111598
315843260
435052578
276640285
437460397
798214389
873106711
399628748
869418547
583003990
272316982
140459195
337160284
687843333
90846113
195631961
126383544
24379771
916678030
759028922
464055111
377775540
223781058
9820148
379483142
778292442
823385563
208677990
25955773
531097738
512854108
731335170
994196932
660964422
979779771
880205454
913520095
284189482
389309612
633087208
603272073
848962571
653300080
25386499
292830784
854739710
670547616
11782265
430894935
312132979
32531365
894708474
78591724
468324176
518642359
415019302
455188444
576202131
735971978
876645964
201843853
336928470
514943755
303635531
132700774
671547188
601031053
10314548
867148964
425630808
617451662
802463349
138698640
117412924
424200368
515988756
291873303
257561143
512818186
801289281
301201392
899679431
558229380
250699782
82486439
345261380
204932085
847130951
552697987
789427748
427570579
670927825
8853516
387004477
263025823
684961349
270600160
313060995
911638581
367585024
952271340
966955831
601775653
336165938
581612815
298314255
126446724
930552794
895730915
224009967
649036908
528536170
233665668
92087431
524560375
186806522
60790585
646401353
392793072
60590316
266682204
563248950
96263437
343677973
231402936
223149015
29666960
950324112
414544572
106397728
291173234
177520465
58315079
844343770
184398066
939450122
36788503
16343804
333467412
790853106
839523286
231516269
791780016
611382302
772923930
332339958
998831059
177798706
308200026
992486642
97771115
999551331
521197757
479744460
129277014
283609634
628231086
992957930
806802303
67861025
664740768
503421012
206023338
231684515
392877579
426543446
345087504
560197266
671241577
966487067
584380332
237174719
897523704
315249137
927659920
810788964
120549185
261217287
295110428
23142437
306209449
947851277
381702610
990042671
358803868
290728523
68936106
179515756
855937928
705987086
20777043
579768193
865438276
697882816
626008111
99509346
454225134
799480774
15854894
590744215
488370256
520050858
638820348
365538548
835390560
180925948
199040111
228486917
522032261
907760321
202292669
191109439
374035902
925487348
5368562
944534338
434717584
139881648
156149447
345096551
757015833
793337011
87056845
405007676
183784626
524679828
236743465
798609971
27568654
806743156
487231970
327190480
198833954
197383372
357454674
806960806
328643538
499467936
537504524
279738937
988297883
432953810
600981374
812132658
374241451
681838653
396702921
290384330
483502292
405966837
343192082
832739037
36935907
349275472
320911744
247973125
223891074
598355756
820897847
83894632
736951647
547726119
108290541
781560004
572713494
924636173
24041886
40337249
555501933
115565485
799907117
796713765
557725812
411410071
660084606
976576233
602388018
204671322
714975458
714245255
425637011
812117497
948930487
223890760
614026687
695068733
224458486
532423385
179285057
743784047
686764785
216245291
294052028
238050237
290667605
725424441
478491920
650418845
952560386
353910650
650356636
401322443
895216020
746044101
541941268
591349319
973437100
332597842
423927091
735366637
703635893
364672417
727705924
95502844
334215345
890962708
226566711
417456626
285238944
750983313
552887666
742079591
573704606
302236759
300360434
437470862
339420252
567026670
694599692
492616051
430316333
288199586
13962160
705155393
843803876
364455591
42755311
731383094
175496545
112528924
189832887
19365710
985108108
247919121
673704665
398513526
232023727
635670240
166595479
178218363
193963711
336063847
141441091
53885785
498549329
258515269
813096032
582609627
938651626
571022308
324457181
916348720
971031026
486340658
259835543
181178547
297258154
267433119
372189905
513727977
364520294
50397215
568513713
538481352
860904947
503686026
190499343
794091551
919712328
375745831
516076094
946994856
116778941
671095880
721448822
742774817
944915316
870249687
195935029
221293370
857385678
369523298
962808709
28136784
513035087
498998523
947743449
122662610
785274381
769060011
40067829
953512774
760226217
486580461
347462281
926191968
725774495
859991377
508405489
644845914
587465500
108172173
153600169
758877134
829239892
479873733
459354899
587924781
853577923
569183496
132951339
17792734
113879665
214324840
936317816
483333459
830974292
767202518
314587377
18620655
814334812
902248629
655976798
769013350
471379399
650831388
975819554
880525311
908803859
185262345
921263350
897746781
257017354
345892291
472232921
446323764
450655592
656979541
59653236
755179195
428126193
49267053
440933415
580715710
501834556
48303411
787021449
247183596
155975361
787985172
727586771
535072091
68817862
717997989
716839125
307012413
154797302
651703653
211888334
997645138
163669546
279986448
942495418
901500609
652029454
802211716
906608640
634827979
544445298
830026437
257178000
597023978
747989659
502063638
699269291
804405787
854426498
80891938
475840805
687003878
346576311
532003111
420757658
744014245
374896601
215197018
741892791
757492822
181614748
257200195
499729617
717496695
831318205
270924854
279086887
995897023
368884097
614237885
126370345
66495816
796886553
662532383
635553977
78492356
259940665
982801682
766495216
328305633
587062028
40970120
136131637
992743351
308445559
157757082
352284019
154820261
717136295
18521466
326383917
290290560
653604860
616452386
958595179
783900595
644873026
835263388
88853745
817765815
452249762
677487888
215997769
443647705
849637641
578144989
395877274
734204071
395772694
822277750
376185374
76533528
377353866
594725173
339611498
741612875
31256872
528354607
331941103
55835758
123744919
140556829
385039589
902759800
317152263
273929163
430605102
220216369
899059997
875176636
291217158
510801140
810168986
447952659
462538648
383438485
556534914
188526887
330582619
505846350
972807411
380825213
538410951
454544299
25509740
957444009
33991847
606258821
488574260
194924017
242798953
158805844
681943058
668978605
204001154
660739385
223532868
739469096
871399280
360622182
721128006
168490816
615316617
873883030
929336392
847394782
953978164
848218471
311949679
472757281
169035651
849313943
166619797
946558043
435378101
471206608
295035894
902202478
150740635
811332379
260322017
342797733
559019491
423973036
779739667
966251755
679303905
137320540
370040280
479871187
819418885
46732637
129689688
633172529
965137449
468563841
457557737
361925546
839122483
699375719
184899960
150367763
92144126
886364317
625304363
173539481
15657757
736021638
538379713
443783912
337484834
750487759
436759146
583819804
561126372
694527572
718863591
442077413
588431244
669043789
495251812
789571278
266551285
272524156
730468657
804882020
418057658
234817536
343961059
628361275
969823567
535598665
151974623
695918930
382948246
10046580
83739995
663123774
990895659
714789160
534088774
231810820
447872043
505272296
714813026
860763266
110820206
859235136
228825603
164867554
130590641
738638563
50247388
204296971
751694949
657242126
231099748
763666631
222198228
152654561
225310022
664790286
955832243
774674459
805786898
359808672
605580019
49056239
274799733
239784056
697707885
474218450
511086267
606352074
786832149
242209945
906778859
458531835
231682291
858883997
964613731
312930814
406715638
82404400
896035560
891657068
247180553
951370405
696353889
497263042
353234018
368481470
396822169
718790230
34375047
173645730
743245827
552973902
589651426
425909722
916760792
683766929
366255045
199587634
884299680
101187335
91854315
398957685
243089076
815599761
230272576
843065781
418853194
397191865
299346999
138353283
40639053
570913356
451282047
337478331
505845496
270425794
299836509
441763050
211253456
360696701
823565974
25290333
487113807
464981335
303652891
164363464
544408282
326401714
670645576
549405845
178749257
707171420
196590759
181657000
740231338
491465551
688652617
134692182
74166028
825530722
400094630
106846515
584896823
861441757
736716649
78676071
247706286
186278031
82971140
981412814
48539660
340450065
580354990
490141289
936260809
726036505
786031464
395636697
159246594
85247973
380160828
204403437
682702419
426082870
568605895
139289642
843113906
952507263
807824304
779209437
97462021
739105132
856504684
866136803
237806581
68751120
193699706
432894251
16098149
540841337
149713492
367014562
99982650
501740866
102732209
666300226
377809793
76386079
232734151
713762086
993951706
12571157
682501241
149656082
170464061
222838908
535604083
700044616
743415186
96336806
613971864
8873071
935685252
355611815
229926077
300219543
235008008
815643668
330899341
376860718
704865358
915105446
536075472
91741015
890885909
840016596
281296104
930144835
613334666
548135117
822032895
703460330
306900669
829070345
359315639
141125985
467575663
809257113
392789806
286976380
791580624
105417613
732821560
52441621
729951432
862847660
268137105
345328749
872210338
780624253
387349922
403395753
9861222
409253691
78750070
110362705
71973460
604731336
826331975
938391104
768923989
104059573
883701746
384060216
26794853
334338415
599118469
695140721
154981801
576828425
22568647
750563101
629088329
696000168
711614247
857566395
661086796
781238059
633799710
471686920
269363452
942808228
834205361
964671411
450663116
862640784
61902982
933353848
606339865
476080257
31219950
270244620
566845191
819506547
982753762
336518595
21566418
14523803
296752619
433223008
207516564
721259979
630405093
55626074
833984658
556801115
372079104
438500630
846578675
273753097
567942060
620055054
567649560
634644445
961925274
681755242
365999807
130458001
23518630
642563481
77211474
620371413
692337529
894873798
600256137
38822547
508837814
5138015
119661183
269655677
5004351
80807291
643528756
848601523
962503359
565970609
909815717
816453133
897039928
403165741
68300557
72616133
795376931
242840352
641166256
862504479
170513274
215013799
880033835
133220004
892908815
978512075
936891293
103197993
950218192
843671745
413576457
49239657
301462990
710988215
272491564
592868163
711518219
325483446
618966385
507576929
972158876
271160516
227951944
877385907
590371183
569194601
801215006
366776724
673519335
91152017
896728025
613993832
865331784
682797270
83712663
585519801
877069167
136837275
385557648
367581249
311375714
390650550
530815153
953924570
358653363
109597570
51217082
756715643
901007270
592855211
598540408
504579998
232016187
115670202
182648363
387848595
180070088
198255173
139444953
517505180
432516985
604036783
807779009
818103155
673485083
18746647
454924867
707705921
542468777
844936359
151438585
355300052
223510133
672844947
632289474
636349070
831954901
433854727
76524389
817505336
617965153
428085384
969930512
171514654
888650190
672701007
854819855
379096492
996245003
676686224
423885377
475507934
628109644
341995722
374376059
312038561
996956607
512550594
706598495
427210347
896982884
908599676
69991126
219675208
688596902
814604916
504071610
637240591
967794276
165561641
993341315
963296476
438029423
282258244
527721136
126744837
838170907
951888218
449494201
175132025
71033934
877423070
122475497
48667713
358733416
985253806
521227356
733799213
541578094
518698369
331618997
952801959
370336823
448711211
79792005
612283916
974165585
748039158
269220770
937291957
789146953
636264424
394341151
633068426
673641745
586270239
402104892
40283220
16664731
511055776
23836075
813450017
538869744
516477812
447436823
444544760
862696425
120876654
945786169
624236231
760309185
82481389
476310475
668356011
736153050
289294553
641973745
472000657
408905667
535782258
927737573
820605140
723409568
512370527
848573441
572767976
258282785
349645599
638604933
385771481
894199658
436237334
622451684
455976353
147004476
624429531
421482270
336500832
74173206
433233232
398115273
69729644
317645082
114114797
13028406
358890461
866811868
66499584
667951780
119532475
65092254
590997299
984331786
843815024
504348688
553338246
755297256
968199237
902935334
690141638
249535076
546702444
461229390
291548297
903867079
174346035
996797966
594448313
682054807
158978255
317149677
666368470
692873502
511056936
590201415
272702474
589388047
859092948
332688660
963896955
833945446
959982488
455539753
20469036
334123684
186989126
925714773
351631927
164955704
272407696
870125774
199615467
114499253
82200610
120091365
465433795
388981133
289076936
528766254
552434556
629927484
596110470
682715259
734906357
652937888
984538909
49228562
391770564
130988778
19474960
452331075
446765425
842833432
550949812
539332053
833592340
289244178
545310002
342130614
864238893
526605923
648608710
5949743
45900372
863416045
855140786
508441045
26252736
432728874
793398772
989876158
433520778
508510172
628056853
933445547
402739713
200376504
819430204
96305751
106103994
309374485
825878785
104980770
587205666
570715726
294679501
384459430
39167284
309135851
895002460
657464591
152911027
115711291
908245028
216884434
333463761
865993207
126927516
595683642
628443852
359008929
349460486
669393355
774914164
845594777
488239281
21490375
457329740
269825813
732949984
500611576
744365991
787593129
940873039
998437976
337504326
675301443
319157242
542480040
691684267
804184329
156007023
294905337
174820159
528706979
4091141
860554892
888453428
625198792
636667820
44200509
678260859
275476352
731497678
306596635
494292556
119947204
652955998
387043212
641240120
415510369
646289653
846148958
28537490
258246665
681230614
723959972
551596273
287733558
546716750
238977165
262321748
942942064
366999449
620719879
832207612
882412222
454953978
832913598
160636048
962844363
264626086
192245307
565291054
443258162
791344750
271571561
81249351
890320756
883874435
535431147
152524969
962429995
804180576
5597286
47152855
333970039
890066390
40787704
900249547
65269731
951286767
139202451
229935873
356092778
197845539
938055283
959040297
819786465
272378348
261468627
834878482
551230235
979292389
286203745
750624662
144519591
692847117
98425125
26964099
612688377
746389186
726012021
608462901
948688898
348234152
518260898
666013024
711212342
487309232
664266411
87669429
141287098
712047461
91573351
558645464
76050968
617387606
689434644
846978531
771941959
768328617
285780740
188781244
345075892
653746865
472742135
266067191
674096690
69712593
770101399
311429261
752521333
674342853
402221829
266511034
164722634
581750397
767663899
41220983
116266100
352029619
311995939
270392898
896429702
516996557
596104095
756745602
697279114
593857993
546954075
537944530
975643838
404611938
385369435
841521778
993920347
393717650
7146687
408803542
604712835
795077630
670342537
964610591
574840468
30654347
149372677
992492444
991405869
360396878
682235212
351455922
814331993
297732079
780145468
446070405
623866073
396696720
510014925
132512595
404000980
690213454
218578509
355114670
494526658
471800923
74194399
481901505
319658785
916361693
587454509
426720283
671601270
980603553
23500313
545807671
207415368
635439854
641334635
74504158
633456817
402750497
884783807
477382022
326044609
303287739
333142055
326145279
280797571
832312092
980639601
581641854
182674441
612576759
755365646
832182182
632859620
751720712
476296316
892064531
820610112
259596455
693553362
756503156
568381265
579408268
241416641
753892788
605917655
964492494
116016645
661232125
51888017
279950108
882880991
953019851
288348552
549293208
470145050
67278737
785819636
135341962
688499815
839524796
61798295
243605812
504990900
151913205
31645794
774267672
855126674
135185173
202744403
475893294
9071086
899969598
171253732
569301652
488904753
106710613
922116734
452761105
543301146
616234992
362450732
862813293
996428366
308899954
406842113
836493298
861609069
182857395
706545119
732585728
669048541
720094862
126725529
561154868
743725186
678715103
293103427
478138174
472440968
423320967
978209999
201489191
490202267
689451337
241978176
866181623
480822453
698613448
482839992
194404196
207992829
58861275
428283689
471150190
140682824
943059845
953958073
113531045
92369333
103611224
194475983
130503709
13228181
317783803
361248805
864989436
797075573
743647725
658314475
904576254
100960940
933813710
458959816
220244126
468044937
947770935
512378591
903094715
878635957
362334160
499888884
266698302
393626594
547612637
541768120
665738491
412502092
472879500
150712263
677177128
908670299
655167894
219847575
479427131
608034314
347428217
181913169
18124841
603121455
457251174
945986681
587402905
890217672
595754888
815818047
904867116
772924253
553349455
149791654
147320604
44796378
160636089
727392881
170400156
994717375
618247773
40845785
946100045
587102259
575633908
433654058
573582135
867154803
133114979
373671009
599491984
999053469
533457659
442816820
104123981
403276168
325034301
197337391
493993936
797261642
632035778
680356623
670578623
550754721
541000807
204617749
539358810
176787620
99332834
934487258
944399850
484359762
850070752
362245010
919129006
682990051
75918827
225120116
407416757
737916852
246582024
467876120
488902359
394083353
996176602
409232600
918001229
997454192
125631220
771185803
258150612
483059766
198542153
173707748
541954870
308127206
838914078
611926861
365142099
936833338
257464381
818950172
646020707
559221181
786702238
19251222
160319004
7798224
203399357
36417429
481282148
141570590
759652472
214775373
821589722
486917951
665577942
540910721
331604390
912939094
854408713
15591502
227641501
172015751
999927387
94222304
994117642
726728824
637501402
802216932
961151252
446886990
142527240
125265522
505713942
557142306
475767011
663676418
651693426
481284421
436909337
570400735
585266247
799543240
471113596
554602577
510645437
657743132
743335509
155709579
755913839
131317147
105373717
699116180
653972014
176835628
233800446
946481758
919323175
54216043
188641460
562916723
767294051
614041039
653169486
798363150
335954970
681373198
343275877
162860281
145609961
824807819
222663099
992320476
266822666
158786449
939513375
161647140
855811313
661139746
994548936
379389785
310265599
664050178
948706576
58340476
268416872
920299972
58948022
825231083
171109827
482472274
289025786
484447138
99861789
65009434
951085916
494590497
489419265
81340770
438706260
792318776
388621117
4402359
268180795
362432104
870937615
612623416
607924997
622074681
745267847
539517105
329063481
285920485
138685889
782771632
71971369
97906159
605908603
258705583
244146242
130939718
971104839
848468158
667532541
973445692
214049474
373906960
325687900
481775480
569102402
56018079
859316166
885663363
442269326
781602423
760137953
345371510
775913690
441873848
638886886
873735409
304374295
418815975
176937107
243070043
835153992
39236196
733239351
352006949
698916665
482806012
333889845
778829995
391577133
952656248
696506514
368745318
202817145
258056635
285032030
405798824
241194481
530435604
727673778
596774070
348644752
568842614
814006843
521749530
647286458
551665656
853264187
587466209
757580987
452177777
835605313
841539903
834845804
210556842
304706036
691091619
407210782
566508727
601990172
504705756
776974913
79366930
478889787
752721029
708716379
614285534
859750309
298262579
202230077
333810174
809392070
426157201
41675927
23431593
817435571
406370943
470838017
955196386
455115024
418985765
888802248
785281579
390043911
212144297
520845781
15783498
83450876
751322826
958461440
884369717
196194284
44713449
484727463
386104907
566224646
65340032
794252565
451829864
166081037
94954149
143721474
349415976
59197538
358327243
709378394
507474781
420266959
601291827
110201687
802231447
148895291
644079323
18959706
529284781
907268496
822792716
419951666
942661373
460874413
506983568
68369689
663723472
988709958
873021519
848153902
537843076
233693287
602423687
876998233
377327374
24499717
192787941
306095949
130873502
537150631
985422125
190801944
528352270
791887288
263305901
557987529
227441841
185659861
369250824
15786224
967579779
994485174
291889870
7912022
382917774
427659635
861481863
831214182
666524317
957225282
13519830
348841189
316394331
225038871
841514116
78299648
678246596
760180806
279770653
178248235
125803618
144045087
174204840
561247061
213547279
838723935
227695712
209248880
995621403
411945191
71572812
87824633
552208429
675720738
927097877
712413908
306280421
303994904
383378780
698134614
851977901
655949790
146284451
372425701
703363189
331595688
981147438
751216603
108348768
672061313
638931912
395196568
138848241
667624598
955272585
135895099
992885234
378965642
234401760
302490355
160913841
432902136
204798320
648221135
648057847
599894185
833446939
908866067
297212252
630463430
456612657
743616953
4466697
185593329
398231218
863255381
163775466
20804428
500436025
614031714
119194743
355823766
783568236
39377736
344231228
254907211
146199450
576949285
264403360
291186514
374334257
675998351
604345126
680094418
780698065
75203624
295733170
362555112
360528767
238205345
958996428
580206541
996160475
197363710
915366795
863179117
329935432
956980427
549157279
237619855
749924524
341875614
392215336
955719614
167090751
363389307
121189511
729985271
545718348
181893167
632397714
80249703
505903860
377430011
317009324
692876142
12943550
691884908
890425211
233143666
37227373
45136641
397621829
562276735
556282878
708873056
549140126
615848421
603847823
735664406
292760544
741754551
223565321
650465803
900643137
671053410
110177887
195618574
351879643
416791853
425548395
323520099
19025904
380040318
433317907
346331994
17927405
782395876
485686826
559425725
142662626
119647895
575480346
593184930
210832963
951287064
179658219
128391630
698613383
413039889
897027764
764088714
881159182
499933459
787718242
69731412
550257375
273972057
230534692
749727780
975006911
566312080
474001229
898355386
586464524
131384677
865922144
660618597
878088476
313556173
543184087
164837908
550950673
176572668
459536956
786833889
596025631
590672068
300560923
377653618
774411258
586921058
714395408
96954241
981707223
121095564
949930315
257213534
701256426
851097938
237454237
257823088
983866983
155900524
728033422
440400573
502992195
654542454
372114740
227860251
846590019
680318299
724673905
868247639
794507109
260700147
573804929
181203703
288657641
980232402
768458571
264301335
538754344
873761925
858603171
281801230
318879495
156894791
601406965
333476176
627096672
326300275
293010191
421513188
837693707
856465357
946913378
879393299
282193633
495466847
534629684
842123514
503211145
958306487
992350504
178674957
505773653
898889772
22220017
502308832
501633404
359198920
195695431
214641278
888248581
501722584
224519715
493802378
965917235
446635767
869986446
334625234
715966743
820993375
349232983
326692347
627667434
967129885
679794299
574927116
141271187
189745415
509761685
48669890
72794425
344509865
688833153
505738356
590137538
707916815
612682901
521470477
908555172
839919359
70446578
725945811
584379955
88329089
104502074
714122620
958988169
816991972
455459691
903155296
185985144
665654116
758747608
893855304
294185508
411732357
944807416
472223358
570342717
572912191
673165933
21805013
11464341
872102588
928415761
164344395
322988959
531778504
436554583
254869676
399506261
826830879
147737399
284087101
835906631
329464168
668064085
8257404
845321454
298240802
216550463
251697511
836661865
729910572
592023978
819851556
569555173
738571174
307496193
585012626
783199152
172253676
394336264
877469708
706934660
958846804
776345511
421198537
626364457
791260599
42453700
137978280
869865606
399368118
146025239
82590178
239374784
92627213
10253542
968105977
890015283
99417670
399629385
536227713
413578278
134606187
911009289
619526484
381628276
182580015
725922686
940508811
556308212
768904679
697872736
638248947
874965303
954676854
471062589
526073830
121734973
935126159
202135948
834672121
306632330
992612540
562851153
759942956
69367211
58904438
148901198
939208215
202586808
706639107
917860613
275350320
583091634
777472822
602740696
474130589
601544437
24053880
525669490
846038343
165205017
148272236
288462920
996339570
973714756
236571810
609626704
163803215
404556409
912139062
410839673
670835683
461351942
769082697
261394266
529996193
745071232
409476779
398591732
417721860
707102137
511003342
839775409
451401519
35488738
83202519
546705392
816115481
818267459
626043810
519663743
111260830
858523571
23580671
948867204
451131322
249712961
860191340
278388130
161263149
452519573
490472091
20466345
305867582
161519884
560490654
854293862
142579151
290584777
702883366
117048965
435732333
500600310
633051076
410677058
226329512
560466880
920384982
489417244
261778557
721954555
629035134
238277813
711442598
137837025
303443078
276028105
651981284
725517171
897557087
804521434
398896442
290010024
59679862
504518303
403332643
362153740
569361614
259521613
209834908
304390691
727596583
226298325
434678686
875745128
128917162
63875619
933818314
934614636
12307943
221738741
333066754
697306065
8640301
324399924
765028212
549209606
921920771
282071325
272273698
662454993
772125338
809336331
364004628
696166267
718472817
975864483
688294293
421530475
836049710
202910950
960313855
13134940
853678593
826080394
74872371
992488483
292836881
765703502
489089834
812658506
874344328
909223095
52200723
417971488
251962881
58555339
774753569
136665533
398409729
547434179
156090906
365174208
46470018
451108521
457960136
794065882
99539162
745703294
786162068
413981639
748239169
672342555
488703919
865720695
63324989
451036047
674838807
909654079
841619985
968597972
784153723
385266506
750969982
600996822
654360096
461045194
336379422
208308562
180187229
627270989
646419961
348388385
116600179
799470061
636839931
100947077
558337745
322612352
551275997
832654936
538077180
912246947
523212903
79871873
9923361
765803827
252506501
109915129
474687149
866103075
979679644
293764352
51836500
121175719
841420156
26690108
242378848
724084917
275066706
92647667
126370822
515449621
355455976
415935325
734439000
365144977
144074916
641460100
423319642
564507836
350692801
457184957
523159104
862537004
625942017
531480297
239509975
560302349
543137631
806093670
321216988
291486560
56247158
831279567
718546039
337448183
897102056
618410824
146829699
746743266
679291944
332718663
214750073
111338566
807900941
10925200
421569914
331958451
3143760
592733385
884900105
306916922
448833438
860932909
675555240
50641574
149342893
896100661
361696579
478766807
823082012
988076076
14907573
45582997
994979569
360457101
776578932
346015655
494889764
468478029
294901285
508198377
79358926
329634585
290237630
613832883
903857663
66418740
564246019
43543149
557825492
995615838
732867574
272215627
857756798
327916853
625286948
38773176
593174561
99906337
350188471
799539355
233966502
93200086
938554111
94273215
537779715
34918252
878630465
998248132
233466212
996968323
293023500
167844318
919498336
222763888
470455651
206135369
449442444
665203732
568110281
526919857
729343131
905653843
894497130
295431788
543856315
188529973
430663296
793564344
756126700
732663185
139649866
668581054
164703704
644227853
825366807
61044702
687299485
19216677
904810060
33580909
249631102
469469651
667142903
907035127
886947901
341797268
119252726
790709987
321545983
713497119
118711495
963820811
349902458
666015309
218345767
495283069
231327449
816315372
189613532
642769009
178503749
260597089
970790234
262482787
381710109
801876706
946141665
275057921
186030741
550371061
789523383
62420155
996033557
491235127
64206148
135965838
256651939
154357071
815037204
430307130
601962185
911316776
418718491
581904089
87895040
941411205
143891441
471709454
514827275
152914279
65032516
509995560
625370077
149903305
820319861
399600423
180105967
877712293
261188213
981482858
724800706
718636932
41296210
338321449
994346448
191445832
724686115
34214990
265238273
709346472
531252051
534026585
772925676
325962031
316642181
741264419
390555865
267408288
279160081
164190163
100264799
660059031
646465407
525864990
70861220
983085863
377569852
375884483
3568538
358507863
282929990
772428972
605500129
637435059
434789539
460259307
144475562
12715888
163528588
997889888
806175099
882951554
700055770
126680325
804386579
693300798
855533952
874911735
715682982
423340516
233084604
367953842
827233231
319724563
621026633
437462975
70182183
385867648
428818057
256264430
31694829
403764578
244002888
567196257
952354789
63660655
402322602
549779384
877169349
453835482
925028274
349421767
881647412
720579391
903898472
587395601
313341486
287842649
770112099
242982714
572435336
190807263
627579043
279842910
806239821
621556437
847962597
253283191
839232989
259647823
78202069
549878182
182214348
843629273
547538701
125416885
696406738
277686286
472327140
226036792
159521462
86708062
881027613
495919677
187493262
670973155
38181272
69095760
70049760
656516127
993323744
445984545
511330428
622724344
202098347
251764308
774765061
370773974
610130753
792545431
818962850
815686780
877654913
622012274
64721744
547282292
259760715
757370708
429303738
904188588
16542063
939446721
160053503
888668369
926987016
844509694
627156783
954091420
675343686
580248595
365908886
44215233
964351748
990890263
393875875
155623792
353953933
888344340
46102748
71045673
64458489
329300341
766264160
859316402
55982939
767188626
262804964
89113243
90364334
515482551
866491401
314272634
789825984
280218436
317581472
573611066
787887888
504372548
208073413
818434060
403273855
691725058
548167083
766486964
881381945
549610556
815501632
273299290
913037253
496761173
730191759
369021314
842395302
635323143
805744415
260843499
177840598
132472938
290150630
745900286
135646872
191676587
962154838
217287022
778950351
639616802
808667718
249116865
802149730
859735367
170351166
158117811
375950388
802064285
640127120
127403005
878120042
629665802
84638868
321443940
352678740
681750986
501424822
817116261
731402756
47434525
856586917
966225078
808939903
261653232
532931732
785507789
351292930
217497829
107366450
336818669
604688816
22406879
887198398
13840048
599566992
182297208
332484605
446103991
414819746
314302251
65858488
186616120
558382392
901874824
76752819
890832446
410652642
990557457
801972346
500560722
177167964
596422906
856572339
481054766
848268809
92903004
986512025
383271851
140296495
154612321
51904724
445837033
434740208
17344632
385698468
714114678
901168847
340717824
883553899
388066209
128937045
52346656
144550376
923397608
389244773
522484198
866916276
596092970
425790405
839002945
261599165
877230026
229069982
654531944
441657430
849389361
763041573
327844382
283086837
217527547
791244843
403523698
971477266
62659041
994131807
869129511
103266800
413318626
154684925
414145723
235288858
131398308
746544831
417039111
23496459
836633914
151868136
721170754
439071334
113209464
185108252
229141704
162806892
876574834
152021488
31685066
685827386
245766549
225117331
129075671
716155001
295123572
981179507
538490467
569450764
685164003
731798926
549603241
52885215
935625674
445948216
996637199
833482892
291892143
608163016
221611349
544143027
981068031
157369552
225470319
656654263
953736886
579079425
826247874
932644962
189759972
942623687
632106730
870559081
829371576
236337492
801143574
357127856
434574073
579139114
524778624
48227707
965510939
416041317
954909953
607055655
455912521
843978970
86173460
921174677
259180201
197889933
720797526
383286617
927684567
696978383
6833234
959369684
88386047
129995300
513033913
841298059
430734525
286666992
413117253
538390043
306218957
518409071
127681682
504865697
708213575
578821925
882432456
205594902
957933290
841468745
640308531
607263428
589420364
384523528
283934758
405603369
245538037
74295943
91682131
214578351
533689295
114971443
632292151
333361875
112630383
501723923
910795221
96139735
582852223
548891501
527914802
509512712
487337180
28923027
536398199
256901527
982776685
209016270
565278810
9368388
214579179
783776740
305378651
244171723
156442379
563624810
331649708
717446950
397088466
152211828
894855911
554150074
232970762
157264209
869051103
450993175
610686651
134788056
449880576
262928376
261783404
976029729
62203936
157944448
617334453
311154322
326842059
693601566
65427495
404735850
714967156
670094316
31101835
86710806
186094539
297345725
530951720
331565484
520526084
99291063
996816917
169001661
59600535
532092997
985802391
788001920
326011888
702828487
361395864
34546296
117030958
329379293
299391132
649961331
472787415
287638352
697066338
477643310
663342151
932802832
324648979
98580654
880173842
721812267
415312621
817625514
93074765
773244895
560703115
678659224
327137531
265284598
711083528
645458454
996059003
689936049
542076528
112255990
334608105
360091451
271507858
170651706
173490128
66974930
305688522
186478151
225439310
477151295
676241218
649077103
943981406
703661767
366729965
269823829
464262018
334153741
484982369
724285023
139437478
192120423
63347441
415332559
340364469
85730026
529083048
254931422
433599234
85404564
177887296
854741658
55215712
285461371
169273140
419086450
729998989
381243361
639124573
171238614
82020046
898112538
125463919
364511873
157170385
744143090
505003374
110146293
52508531
122510828
728186883
251408774
577522519
981861001
914894352
51321839
182780413
428106941
286330586
733680463
36857707
682077018
68850067
904335387
224777207
392325166
47560471
696398827
274331996
405516159
471944169
190483050
63172275
264582889
350539295
19205457
175643332
190584054
746499662
610882210
958769383
91764564
58391489
48404653
258825806
740518029
759953652
500268162
182315613
357915304
842512081
800171742
978873741
838786997
480030417
361986998
87832542
507110077
227500037
208230891
983180342
756567808
511687659
284972822
759138211
825340149
90723172
202013213
337050898
606454792
369006637
592921023
266243038
660818377
757828870
851980250
407529973
869703025
323906502
56003809
135449818
334643635
17320919
341716172
424983382
479377636
605470987
86800630
133113664
709035727
632361525
703478923
21380402
245023372
430355274
452554918
554713621
505852914
967966476
671393092
446720208
444720624
241272262
152223114
826540194
787311291
268459022
374656165
294132354
372555021
185383296
508793127
553534686
905175213
578909358
168890309
996475126
145498345
570996080
657791923
596405982
519614438
678213467
424863883
550588576
355758101
416880004
51898646
641661643
644130988
253563990
965428248
134336162
481171456
698251734
397938361
775267677
101536506
240319626
835930060
753036824
32834202
807439017
18579200
637499443
732471501
443745830
722321861
329537237
184255897
318780868
380001043
696447638
265660629
149500916
797196211
933587840
454032053
904859699
77372918
93549881
429808873
477221657
960135826
419543961
187036032
441734250
132605639
298768149
38268183
350739061
563095722
84420395
987349149
735238290
994258977
772774935
698384334
629141068
342939027
154508965
544163768
297912528
580121166
401402941
567703752
660923709
490350522
290695998
939883954
991695648
219084948
536720112
62908519
413141024
47995516
294100049
7930132
613434573
735688668
323181396
922536763
744486155
608172785
7437758
264532912
443571142
601287723
109530727
293847773
196627899
782343571
278828967
882600835
229281512
802558277
710917466
466253985
360552805
475069224
162935567
690405554
211750673
755610784
559038880
836538155
80351051
150415941
504025068
243499805
91237088
319765024
562593705
508984293
337313502
691887328
681219175
796797089
27243948
29462465
738722034
152482844
925375246
435091880
169066721
80063156
729379756
178990107
624599226
58938818
253778682
315797530
614723237
388368796
120462460
974113049
277020592
597155949
386186328
753858930
741996349
19545190
96082180
732957303
919810586
133548685
43802006
450853849
855483771
316637612
808022733
284115924
519662556
119727315
700114807
469971713
502853849
155847861
19497628
56388325
293016029
579392338
711995045
473452038
166343234
681893914
915911507
507821466
400176980
293839742
884717392
961284762
757549401
861781985
404936896
393104821
353616469
332870223
317216119
83679468
149338759
682084725
626359773
969268664
20180319
415683506
400346923
268850217
791832696
175054861
373662136
874647083
588251062
846815975
810036174
56798521
359126345
657438420
529472082
722803068
902652387
469450825
788120599
383985641
934727507
187520917
382613938
302320633
177187667
202325463
291953179
301043253
2689982
202523070
540741650
821198288
822219367
902705814
896177571
500921369
722782930
224057994
194443564
160645025
807331511
125721989
186472535
526184106
156886928
308524302
743051220
327617988
300763483
563176493
576557623
340147942
358600410
507912133
492814542
403078576
847541678
396776654
387201795
784162663
79358494
783156394
600961293
137754585
386622121
232723474
756936477
448690619
214583546
444272192
267180486
855199150
326772653
849129726
438775451
48050213
827349893
723093717
368682071
672751124
937305789
373159478
707248631
996142580
321597727
85687088
65837114
478592842
142331789
597677985
66468102
911422171
726191494
848149036
809351666
313122535
257965597
