358661545
346600388
828325105
793378074
572004781
90097561
936057798
628324265
906711127
532473347
368517889
956314266
428008460
359521604
579015568
452414441
532012424
279294269
894696538
200346746
562535518
867869251
11519841
167461390
707760953
501541175
950584496
798716495
296637987
443421772
628678786
442586922
378106715
745093262
855585875
74352796
295489294
776256893
725061253
483643147
948948744
554398417
781404737
383426758
143082322
561473481
645663335
248171435
142977222
391374232
681674784
909539851
613564353
31595020
97425914
460761318
396644228
237999871
574336054
766837246
433042442
433998619
240242735
415687011
888115529
280213437
179320066
432309391
857903291
221633983
115237009
388141357
148320625
442375024
489660774
692752964
56349184
959373670
25424247
87003678
837521750
528798154
596017730
652331345
443601779
236110195
78745249
756832007
775634789
836387017
273667250
107534809
403295166
643309425
516664487
826672096
258301375
828470553
884374124
533513777
635463042
595952464
438611455
667523747
874933126
407369815
136736062
591513632
338667579
229287881
731785817
228019815
410770369
141631166
80301065
314103425
724827381
957307915
624811753
857418258
712202852
112882205
489199311
964248306
731732446
419552316
613389812
882288456
320342332
843264220
943985151
174897993
267975073
892297140
615644864
752985991
703852289
65623320
743937798
729641357
388580628
644717803
593287172
557337300
241691275
970918483
808336624
109662766
228793133
235264970
999452217
237937947
748616124
619966440
485907239
450865609
10519973
426594242
214836009
928510142
49778498
941511337
720550365
828888842
853140264
947951534
715011086
283759009
869854027
938428685
258676890
359045206
192847618
305087462
359101259
21134192
549025535
75424285
734493683
654461365
577765733
172963213
261645465
743878022
78916767
181153085
310225365
956133279
917242745
207908765
794522338
391852128
95882138
863039570
452928180
588896731
125218476
89071471
105341098
152714118
23927123
558056626
73917498
854989151
987621488
386136139
136975310
315354098
464334650
760157957
50439092
139531343
399545423
349884790
160682191
171642788
686393683
74713149
257880268
539329692
658788116
697370198
610428445
331981347
175092615
856974799
569165941
704843470
571921266
648708115
712088055
936398086
295347360
260744396
266574907
324752351
829417671
601020343
158327318
579630638
94219566
198609392
537535023
801946964
76849575
50560991
562337197
416805031
192551677
421965085
792790854
307184405
814499217
809688374
660640522
940495834
132735884
351197768
623569986
906502129
74098747
452727134
94339538
269399353
904216901
147109340
660194932
892698625
33188450
729966835
732105477
432427637
639866254
374738737
489411924
878533816
459722794
79309497
298260020
209462350
521261659
324145793
823695093
971136550
853707310
436780942
907421805
40932952
307885899
429579107
278906132
698893569
405282737
134338971
736690127
783886750
754783540
223412625
731205049
712418798
915361899
585233013
680709666
622398463
751209677
754777752
546289001
328349456
729733180
972851145
66349483
417302496
287744430
600384404
819502046
69421088
169969898
786470305
242180918
733017298
953156949
942548507
233546402
97224901
745048210
707162604
141452960
161199655
414448259
621701403
142367259
153187706
751363280
852434092
923269533
592879419
39326410
554516775
151532885
229467738
261220280
514989009
215366650
706901191
763751529
350265932
914291325
319957303
899906246
810888903
956936836
13360448
84533173
978506944
766191416
82771687
690681966
121207933
628569664
255590248
838339702
40115899
464761762
598113516
522882194
666685123
888959346
441447567
860047806
251365696
688751623
49794389
264892939
812785948
383500820
647327238
736831483
934095041
666526424
224485765
503078097
97417827
707285775
805098293
507680937
158408419
633148497
290495810
726619477
820823000
294682923
686164905
218718521
566144623
443867054
995899388
260882969
657326771
823533801
302853225
173295449
627904869
601575763
454093124
863511337
232439633
77146854
290367401
236845533
483566463
704671161
913941371
751187976
549797277
14535011
243899858
363899824
803729809
383341049
543447191
308395435
314595775
303419489
300907393
393131330
469511924
786963801
160891830
669759191
777330540
928456038
857232597
817186454
378845554
760096597
5353017
415773333
125455380
877808761
735928173
767146172
608498931
776643697
571083540
759996552
863188686
21093362
523804201
149755424
939803014
851804828
898648881
444691083
449420838
544532563
467133606
838275717
355200423
835950842
880925567
991707817
854322893
415216311
982459619
411592889
241836545
170102063
924030062
168392077
963850128
594878056
270827641
329844179
720140180
449513272
19414835
335051338
177862777
216762143
19477945
352721923
470467768
718591659
508334728
604900577
162323403
721907728
533690425
229094921
405710152
399254645
471425635
484600171
870564325
567798240
778125523
189298709
74136800
50058158
8466613
388136958
9826077
239271736
572730849
106497891
892078318
261264486
870292609
659042694
766247277
354510824
34515768
237789619
219020529
866750884
425871964
11532885
433344209
516634552
765898500
345986748
157986871
431841881
922348231
523596646
35769593
428862535
461288531
536691833
842258471
414962495
214949832
796583834
713816359
832988436
360292016
814383145
480043550
615185635
545397675
18729999
21585022
273010093
484415526
52942108
408975834
795874904
473618770
637067779
809624748
59812842
346851902
296014486
652624919
443709793
537627685
845497115
423517086
131604252
480726582
36779119
213509927
966589391
230792068
647621535
26565512
193520701
25378538
49082772
155841779
554840866
855568153
911717602
441134779
915880054
318506054
409278047
120375434
478679329
954771052
12416147
435685827
652995177
841067405
24717392
375935405
880562474
180496023
508746506
380271805
847228820
800209101
255498506
202284674
522165925
81869282
704811011
388821357
446024002
619069799
337622285
43915401
404154065
532163895
760356197
960598652
869976709
393503795
780089175
129294983
216230095
454136326
662387483
405816551
494860218
512157403
907717711
178790179
355548513
828256651
622759392
311741273
418723509
777541789
103412599
828530745
138107211
565821523
749981287
195771366
867481628
277726312
952119785
449135407
491645989
354542438
47825540
932760868
224063432
919339810
897558877
648984439
204060331
873779522
798829382
769288170
624209915
44164280
506026703
532959658
98043617
753443569
131499759
249306831
831757646
607325141
167863882
601783096
624205273
295425586
425490912
93151764
546782048
20302616
230764502
429826324
574334489
606830345
589105594
550622579
22102116
517937606
666868588
373648928
644299569
460703149
612712515
413621860
703098552
674508253
173014575
261065492
337816862
708076533
245468083
389197667
980472749
5781546
661419779
686127078
182373240
998900733
606903476
267344994
455676354
667007432
454930226
207289116
608276914
763307152
429551185
802236467
478041755
271776502
919076173
883701230
835774217
887511153
804226897
468288298
814829472
258042581
942164437
844624680
766165175
30287564
411130982
272823853
166896544
657026072
947957500
856086544
843740745
883387475
22753640
426468840
902806407
777205782
756554966
348006522
562758758
349644802
874068276
977617525
419860786
476353370
274625236
908541553
672135076
995283638
283145828
441734805
44317943
739395846
528257228
305616181
253058871
404739469
417982223
449553323
148548780
142610005
287684125
834256353
804811426
525723884
563687016
313543958
184926692
66897894
454644389
506113965
313338646
655335969
153590956
961394281
938001354
657606729
340169102
818623734
335962978
42009006
674525240
698144378
990413746
943528798
876054349
695070346
485240348
857101782
217846162
810476523
174090455
506983984
844407497
624883673
178575532
574334995
132017255
379308244
799442856
438279201
119735321
464601245
819369696
868015061
127577533
45165695
721379859
423391486
934977216
13875918
61841017
143082967
16340749
477705700
359964824
484840502
86482174
167413355
200833967
75122136
583998591
314067623
519429180
394331518
324941293
476000752
960904451
855679240
942970686
754776221
55636378
291368000
219144271
74358591
315903243
142303055
177026598
448459678
29979817
682439902
846023016
682759026
4884166
224356728
990687233
157361998
351316405
525472789
573356343
245519096
322102276
874112345
172940467
556723035
81901339
523996717
941325673
750731780
83432299
918847034
362417279
511116027
818980955
587406654
844994418
881387173
580848595
633144808
128953383
714898082
135774020
554415412
345476239
964412349
791189377
408121832
10859196
514153831
302107662
638101280
488839823
165476797
968950884
688311620
471285802
535566133
755162864
645858705
900958371
76813782
307700354
317404230
438316915
292860164
365237296
111154576
466654414
740279748
252927913
482916911
66866632
896714455
18471633
664601306
407845650
158184962
620540025
726601001
337943058
789780343
476018912
446634546
102367396
134499895
331093152
117057646
88430467
731207834
314462632
467936508
266629860
413468512
701386641
477885027
357608338
803442588
481352776
181194588
112280837
439144276
303798702
883193361
605691111
687181059
605342787
693901166
912915286
511373047
596491774
71259408
590802708
258447887
926773507
592290986
894667091
364939441
734032638
144722184
481135283
724805322
784440387
6889697
767173076
761780767
525472610
352323860
909975224
319431211
845247821
524210304
71635810
231089077
187776362
218639454
177080355
665957047
827698730
95461924
795949921
816450846
639789743
620052618
751649192
132548083
259551138
128179895
545240013
253274078
10763097
378977153
909026482
443957755
650685680
271255490
826608507
978336516
900627913
762850273
80893208
838516414
301609093
299933314
219934273
429058174
719250972
923719089
124848793
550192505
253314342
977793679
382641694
546213801
355450242
663240663
941602341
35309985
568011367
761780204
45401840
905217207
759371304
431440414
279363681
882332052
321937666
821152395
402317676
454529283
537147568
347150535
72623073
198321266
604508662
424768549
665416928
372523709
916734268
165599546
936584828
587713998
572307998
979156259
557826223
620641192
973362315
907296416
85975462
411320490
26759568
722594302
413595638
42345206
173874115
656130089
486291661
67312018
916303644
282909321
211085401
952631796
331391853
255883875
573344764
136475161
421465360
75152328
585728267
982671387
701098575
965697370
809268119
28374114
800514273
913775413
340583271
493922611
440618807
153686594
95649241
865032583
824956000
308817426
115285453
338611606
525893144
99350629
291403577
22930941
811312876
441708791
593904821
792622121
808702779
766282258
239368242
228868687
748953739
144434074
505221732
271374868
521299306
297301760
325848233
467488322
906601926
372239494
310341521
200149411
562488287
937356843
946527036
817907283
992064200
997548230
317468721
658046648
240420811
966256808
41408265
47023019
346668279
262832560
867785386
650915847
276154943
938932344
487603569
479678563
588408576
24447528
174883064
121017386
454764145
824061689
583797669
895660450
196716346
28877948
911602088
733384296
72429117
283494625
892227521
741518505
254380469
302525848
320362471
651966480
527312841
249236186
758430824
900771764
506187451
28541515
572052739
862406487
523912854
102806946
462336058
388874510
895742477
17124670
249146273
262866007
495574602
831868482
184785505
705515266
784015969
203051339
841018850
779146994
937063178
773671132
609457707
13541127
474463823
60373165
243823580
59622127
759125865
502576938
164035591
622847242
555906210
40441770
245955851
281070915
636695891
240160434
37606219
398875110
656100237
528506111
750981466
408376881
53192467
347716457
179139821
979769388
117173082
170346650
299235681
272311452
886562184
275932432
880461019
396256961
429523971
653279788
694205131
236942072
172261616
211045620
539499761
932993442
334023533
179985759
79836734
722282367
89267246
734392803
512457994
60107642
72619125
255915797
224559595
468506411
781319761
389745681
641785981
146049473
483900193
110189458
27597007
392284307
684089921
758310481
539412685
943289062
371805540
247284671
98256969
504473436
854932621
267062337
492180108
495042534
814057581
315990050
6054958
394197816
135246715
634430308
311578593
827600862
233996837
761060480
530681017
504114374
603067186
769723893
272036721
443336320
92283656
113585140
66754483
484752558
154276228
240688687
518786219
266036964
476110417
127684693
448716208
901079578
385920929
408175379
846726840
175785826
649354192
327135342
792033126
396731807
809518246
563427554
122700716
23937789
20869205
838209628
189121852
838770377
541285878
905648849
170015533
89539033
661626980
36062434
236593096
418288825
456055966
426853521
601140719
775668810
794569627
603054588
101119809
434589408
593518434
765530393
472211798
70970473
846156782
821198863
107075876
11557030
997904666
480096573
409975480
998171044
741626557
539135443
864967040
288655611
152454386
859417755
397036189
190796593
522596580
281175006
43001069
301985528
115799102
644385148
231025101
135182775
560900345
116160068
154788155
555629751
772942984
182971435
830927311
284373070
453246724
373157325
470473660
482525016
720637390
822071509
356163587
952760497
666145912
970995689
969928627
647368087
541079240
69090728
504107155
502134879
378450920
503964066
628083877
333280509
590584509
407296921
101511279
53621671
231082841
572841578
411258311
578448800
141934415
424464322
311542905
873187585
12697508
936217267
876969662
810681597
840449575
196400893
772642919
64027309
17759563
634147000
573806697
923215924
502374788
844441171
137076855
42716597
656839328
385394149
384061770
49556622
144274695
545383838
674482882
880717300
467597584
113702140
785451395
381165022
977059865
823407038
652046517
861165941
610059479
651376057
200543540
992435809
529402569
664136355
404189631
280442895
373022030
4992262
300941288
540796271
682617193
521740609
323143700
200214377
215042799
317757885
15595484
673813689
132542075
96359256
419566998
391297389
500269755
721992862
165310557
882041737
488434695
144274675
896056592
132239480
12087924
575950000
415822051
138390890
445424109
158151242
118555905
917831317
804734841
941340462
266207245
679059156
414611017
255476528
418104364
425994122
773749292
912351017
310208067
918879114
378773750
184234047
864882261
758731149
902650499
37935748
466147165
218760106
930320443
109478416
753014456
889516914
143018365
715178104
247553760
340425009
454901324
616160639
906891660
375763309
398249956
634387702
338678278
322412143
942895630
668775831
190158027
669133202
886366364
576817631
394379931
697269840
372762520
266263353
691955140
426404441
708841509
692032025
748116013
514550420
524916292
232006186
305280506
856723117
703494498
455538062
225934190
81197541
726342941
142094622
34800151
226130209
99780142
159557378
745236705
956498123
243992402
239445600
653980091
773379178
406493633
322561094
260276960
817696102
692237037
665014983
313853359
985319439
256381704
268273412
58613769
224092146
250058724
222260325
628549879
175273905
296123019
585816345
67064400
182439270
150353941
577692659
704990247
214797481
31029327
170691628
669163382
726604500
187720088
501605618
491791960
333146882
489005584
223963752
256768953
497190056
702464896
901165281
524007926
904312678
384757706
304190480
355761719
278550196
394286543
762213280
818191459
761472045
548897030
424688315
806486400
735010084
964765189
2779016
605352460
814895693
311631742
752493275
134016436
785078856
75957366
682894135
694140769
398594419
283430206
790037873
296444108
23416049
845179358
726062201
100828171
755721784
181074191
174090173
510195847
899318004
86704766
639602885
479867391
482037244
23948817
498514323
737570282
439100927
665083116
253643936
767195469
325049062
49787497
565684190
51873924
157352335
242512468
729224850
453283770
282225113
131084908
64669228
360187450
66393929
762903357
934933586
111919465
246342333
154940253
988165607
443365822
447724994
393452978
236225419
769844423
438981454
281744722
370239686
80996135
664745734
554690472
946456634
758490751
299508561
710829622
799872260
541630844
994077636
606722325
348111782
474708196
962950959
688681669
936925738
195285540
893339168
973799682
674454462
864219179
164329414
440054792
305810248
785350779
472216743
757607937
604503013
473256574
899178898
515773138
787240433
848891494
39100702
362535228
713581492
672111106
340991648
685980338
68992936
56534270
746568434
560186799
250893510
811990972
710129337
112826885
422530738
455699921
386464718
789568381
151554545
945608992
838247548
902862468
369600616
752242284
42681698
48877155
428516879
236270351
208160891
890241635
832547463
546524425
42842625
169428709
668522342
199625119
637573817
275751733
323526106
950238732
61530962
669517493
340165276
634533765
975563927
178504425
519607569
633923606
444482226
267220996
285288693
854125773
290201476
381921421
69890726
305334358
792756595
315065861
391225989
861679431
312612924
67970839
332731335
105964353
825678068
47133893
113828088
251862062
484637836
58683463
318318808
921892282
304261866
706406441
314406256
909414378
226825606
644475559
384687765
49492903
751925044
101622607
10340666
438620788
785096613
118572135
206928769
571347860
962018001
714822151
564317643
528143708
996251948
366243752
213916918
726812069
537057865
372872815
855152611
607272772
593972960
853728464
72808344
198363511
987732373
317441644
573471067
838967726
444628613
340604845
495218575
51714512
981050576
107987805
930917216
965476058
255710071
422533759
574458220
7494489
956011500
665334619
515526871
169462755
337452894
321750864
16220580
280471265
883110656
212314050
982705376
338646266
781875554
176739381
116801722
474402472
739814549
538687438
683827189
299274523
655073044
184259671
545953448
352362379
111595647
77743797
324786599
58775975
951483655
854851218
940638884
407361708
944056670
907796978
572873163
132180558
94729601
247181775
704672345
64894015
444806062
195130293
366141739
576089750
89894353
637398249
875735337
456896516
227521646
255145432
406306461
389172221
184966972
408606103
456553408
735781109
862060689
642186669
460833875
708335372
272129840
970534782
200924682
243745234
239748806
5994911
24506196
905718809
614201264
219522694
90096505
793036477
354422811
334645638
248568579
353983031
107274109
861931625
309123394
281421483
117030670
10154207
929711561
248472278
31133881
185797548
142033397
115879887
938775096
44622115
879745482
312501044
958273168
586776835
877372597
640911560
76304359
272124798
97992956
379546971
143757145
112293617
476775284
411437079
209209200
774019025
728728096
386041946
99823249
404816587
378739878
412601450
276474860
146790062
961600402
535541396
593561257
237851247
798362732
429754892
527789904
891131528
224133006
714226009
649626001
669486771
912055015
336470082
206647339
876501930
511862765
503430622
956229768
686015943
800222765
705952043
114232380
966116019
106349449
609351411
487792454
107357088
180965527
177379306
248472314
349476716
893661575
100140500
582475213
158484513
737267076
929458877
26718516
373832852
708671198
971274271
472308760
629437322
192338771
202644520
220720759
608570860
45490076
754261407
211418208
718741963
622127256
251622529
123700893
565849929
370368439
722622397
761382912
891882612
22444862
530222443
327415930
848184086
311915037
427663312
447286574
648204596
193823006
622153763
590721090
446192169
372265714
733597773
696941457
947773635
241244703
289321005
580641774
308106254
497038314
747379448
771051954
551094245
967454573
958266644
923792963
233074957
354636804
434236337
818348450
517585931
398523157
283754769
815958862
636100027
169704710
149049335
127762672
989163728
401974276
915505314
401122459
362674822
209499732
91861496
175156921
703670501
941564029
70036640
523541927
627183576
792619654
277152140
994538904
86462734
508765868
305751468
866378450
234014175
888559798
316074323
800997049
121987359
679202088
841994827
967347739
877317444
662565231
489157860
476300964
289772375
186408547
919598875
10896575
422891737
327874720
499632583
361932548
763260714
615303812
776047083
498472860
229146483
156219969
305147340
35654452
35667274
51904403
314495684
367850703
400045080
74174438
981121526
658303321
89213426
809430272
684291257
473897681
84154012
829833030
30996364
436382288
678743297
441329945
246374365
515334091
76810504
509590122
285174174
204980238
517594513
261416878
123209257
604238963
629990939
383243665
69765820
274629562
891855038
262559691
144375838
687601559
318938219
170344994
954240968
360257439
964726013
508148413
734189947
42787306
794813063
50707183
556139841
480998760
584202974
487048003
823534005
403105393
460566015
473858207
864371107
933820131
259446407
178124092
185415124
368406760
434572052
839999076
479093856
912484277
415223424
36449238
311479949
798601146
946626668
473644649
542073489
191811504
395403173
548341298
953402774
561550258
220987629
556219934
202597806
296197018
709754779
229779250
671493681
699205297
11183815
242067238
982336894
857805069
182892160
554712648
775980218
992916024
952709835
115053882
527727464
809582597
483831297
911953322
475171527
730647815
478952759
353509855
331403948
80089474
751242897
839483858
565136130
624333243
237737882
314669508
948639488
584951434
144322359
32592532
19285292
378132277
168113615
451139899
730536994
356894141
428235974
737745732
621690383
982544556
30305101
989246560
138607217
104122497
622364034
320180366
596226105
572136866
483895549
919189953
140246969
336453804
683274788
936060463
934418297
57727261
75642108
191988855
48644308
616595856
53353006
371929379
726449790
774162360
958117176
930766499
732214077
66590497
503609627
887947496
554787289
308430019
731643544
206633158
453780295
301671363
197615043
128383160
321887762
496961577
258929375
890935243
37711737
185244270
836447379
31336619
514042974
359497936
538988194
776200265
468499258
654644841
435808225
610115658
501799228
849437462
812828613
214119216
351200151
281644048
29778706
792128153
718964882
569341943
110623701
68188246
998259268
65821115
252872364
12688072
578580211
989920743
910573874
668662773
168138864
26089792
357646718
797158017
954569010
892250101
432848905
703273799
216819959
62376267
217009800
403689990
721150746
190833013
245080686
168466232
803309793
182576644
903001176
203538467
586987882
7970392
888588611
124040410
183085624
932206847
415724879
435468832
199446577
857090041
182691427
512878251
422048667
92728082
47103608
807776545
358665195
694528814
379524579
453661312
693896024
647803488
650361204
423530958
462410969
232361237
330997645
878260919
175886811
138060348
769030699
750768181
687222528
466327577
896751720
847691899
169164183
807670445
154291451
100313678
607484376
557095606
424255474
119780206
883700529
472331558
376827492
477441952
812389297
357613940
65598491
672836999
733427134
662071172
104286407
558175385
775748253
703891330
724409472
940156609
814239393
930785223
162297473
8503969
314691708
351473981
91950719
934458701
257891864
173696814
601225575
886396198
939487873
393647282
167152816
217543402
425230150
840695633
69899287
756498762
502885648
894868849
143817667
955019961
522919885
202802662
70590033
620853766
826627508
37110912
140731584
242402761
444992731
99332429
629962357
753420255
830256300
877487792
59832254
682589152
573647078
301095385
141376836
75149583
549243261
946433103
912986019
52761991
112186096
70824860
227629962
5253816
839482337
750281536
947514872
85248171
513594724
875788942
823554682
51464745
931376472
789281627
828160774
362005143
154140422
320962777
366696996
15948217
951253462
975772998
607892657
215055015
772021135
833891123
985332219
781142446
164612930
856341838
239174549
418757461
348596452
408677230
56874523
150768172
996124989
713725059
517594349
761682499
787026636
333704681
798434950
17637924
902626220
995645982
62095536
721656444
982521734
373992861
574420294
838464939
431488360
454838369
234422477
341574933
296299962
199432556
37191928
84090025
809298229
392512814
369846627
733758607
786533845
950677894
903044857
344036197
436739806
758650670
573464595
852624560
116199067
444004967
897248603
719121917
826061474
788469913
817332856
187930590
245075657
81075392
299568878
125328573
14680761
941073468
80489984
162547306
602775143
874340334
883144211
978052996
891302191
301143731
630144133
459523242
11059884
292614414
724997359
653546621
964641147
560227464
847713371
598798434
484500946
626107834
640683647
153613821
768770034
334025492
641210752
68310774
606833540
284020023
226773123
631987885
781664583
601230213
572704449
804130127
189021204
320766701
382524586
621060993
611751296
316480814
223449039
408657158
536468978
257614057
134489030
718804691
942407323
373633181
638750128
539725347
57916845
120531395
574256086
587002316
698215160
399489303
389288527
404368090
569716067
461432177
497489920
282802490
181083499
536996262
965555937
765839815
144320658
46781848
71842138
560436184
759207116
989428665
987782813
556993767
46214963
898730636
129256951
749737354
168051557
288553620
246137288
964213888
503728220
573616133
807021127
723450303
811536976
909305066
775733878
379240936
958006713
894609487
751680912
881761731
538422113
887351214
193777041
50470813
246187894
838101930
583428325
460890248
582333805
653172931
806943848
928830105
690892193
752964004
423350583
989217256
791595032
310552579
907529018
462108151
644263302
774915451
732168296
797536714
915164541
542636329
155135339
57282585
73821993
391417824
68159829
503031672
465950767
726583932
201298645
236428198
896345295
602207762
384372162
724271218
880983617
525752813
40915563
150588880
956671680
74265776
205131216
786382589
595825970
11405572
530983743
827761998
490449847
365848578
172533369
348441451
220484571
126181498
944494037
42241774
807828467
345749460
205466057
167194479
836642909
783899422
694562178
408517391
405921360
844537110
492507027
717824967
717356876
160701356
553126765
267192114
306909523
474168498
941504123
406476463
731689103
969110772
684195539
388220362
94620503
590388384
678263425
562056368
998801002
257615342
836374964
519852785
150743430
959871263
119233762
971320763
432881500
685936356
967522485
916747452
244456965
31533996
488410024
855405245
801972408
394226229
893237296
15782673
35558985
96663954
329435233
813546315
991269120
333727758
724592903
841140094
717085743
640547426
578476595
601342491
306242271
897247818
891741944
860770917
151826305
117324519
361953026
201075273
58715016
740250267
122377203
874213422
152746350
711726764
863084898
536558324
241550353
246963831
677513861
490749706
826179318
55535873
216630777
793394939
929428922
292649855
781577833
495740530
546848016
415761838
561464676
894298763
463069884
76079669
638324276
108903571
30005046
188971522
992368271
705788986
476423443
722864711
869479538
888195033
437518531
242960458
145367430
819344593
156032060
958553431
32355532
778906700
815442631
359574907
931150603
72858419
94729128
336083423
700649774
593515664
434166103
922392492
134687089
160859587
741939789
637365486
478676422
841758827
137694142
887196540
171565308
706393459
960200504
839980386
900422322
254803462
464919272
512233659
552531585
932871009
766778342
172426716
450502920
872452727
389807410
549511933
638347679
957809215
552760648
947414370
37008441
427958489
751188108
418742479
401602071
492577983
683280798
643727986
638669298
57269367
701511916
756489800
826323227
36273986
940545105
229249635
689798641
680468955
981483509
74632690
355927965
287586443
816832091
167799184
851510035
376450520
539585987
588427270
202059432
85558700
721125017
53493760
521166619
761057630
577736353
286957120
212917863
856704880
50462356
115845968
662097331
993700215
486200907
545330286
862942419
852625059
223648584
405767998
80244366
226828422
119311059
13481205
487305043
442054568
191457522
101322634
80719191
288641133
781426755
266308502
64117617
107221885
331978420
69186494
347109616
99084546
801731807
37775258
893390813
257119823
17435461
806783655
781362600
481580915
501749873
213061551
918865088
213320045
350452435
816258022
294409054
165212668
554981138
440774024
19915123
602383177
595145627
242171189
470204543
114736816
601191691
26130998
226096385
791674221
838831680
910686423
669770038
155347138
286935433
432124567
734365598
353424398
636961667
143482104
544699155
868853636
430246983
101234597
549518599
25887289
509429643
206690064
432441078
254570164
510093064
856554340
162398064
402289477
916094575
45701520
413923556
738633914
966929400
918071650
411261110
827922146
360748940
174914046
260929109
880968149
141458248
862490677
773978693
412135543
465043764
513331130
656892270
757054271
521653617
531826910
612170613
556915070
516240166
546375013
955399485
217940807
578398279
567483732
988852838
941042220
606986596
897804627
394009153
988319329
296376734
914501108
524784314
944747830
694452173
356785786
582240873
253214415
530924559
713186176
946949199
181331478
789222687
585713755
277253270
577038408
94670456
283538419
265722135
483637199
116961907
602100818
876950967
736945188
430143365
15450372
309247237
768478781
142908852
724309797
547790239
70334333
341603586
375165930
741531896
616802314
148294355
152116833
770257877
420893349
220236159
82509094
780093880
196213759
821077657
778355797
787099030
632916349
488628033
518658455
842572761
339174222
393161160
929907150
460080513
549939114
733401409
741685716
462640610
609986350
295495264
312379011
579963223
116126299
940167472
242349242
508480171
270855519
449860366
394012579
874360322
972385586
277903963
804954196
132054370
357574757
691649611
135616237
579643390
537090150
120309151
422026486
577462205
136423959
988680958
811797498
768454447
16619442
718056360
525398550
39581346
984434375
666418030
854883627
637693913
853058789
970576579
363322519
930948210
213981107
391333365
835426825
429129085
367556899
515991497
940538548
796155377
572000563
755107740
326506816
733489249
954879351
476102969
578576468
485872607
977004774
766473867
897322328
588242154
258840659
664231884
356048545
606902949
810610433
59738385
686937209
643887243
739676537
437160530
464640051
879984884
131691571
324728133
682978258
907707186
619391930
155847742
694874570
747488945
187680871
151453285
395029719
565391801
666648849
491937753
253403107
334099589
906694917
246177113
887935268
403966046
374584638
94378737
49511205
913115658
826248518
21310756
751256966
179467095
13942436
703498012
439649416
734575521
701926530
729978090
515562787
835271985
377475980
514900918
649562922
984870708
956030717
899259737
85331008
137221274
261457308
875974452
751575583
508598546
814025898
81103399
867035250
724442497
182119663
791332037
623303211
126526482
965003682
954345307
518362321
850161233
779918765
609724698
601244049
819220749
629928227
561871536
117874794
328878127
799846760
854120680
277900164
474751357
448567301
604186804
955619092
914168607
55362623
899439456
939545842
656453508
569325127
491543950
301653256
433766698
286009028
95400003
989239850
957243958
169784877
170180960
824483608
530047520
777037190
242815739
675345243
144085859
384994703
499305289
726460560
916031919
719048705
542758606
814307638
562156642
552675532
399850147
859304499
382840807
40951958
524009337
979769485
189359132
693783749
803429020
128941090
167409463
250666530
964342078
918416790
570294666
885717974
592713007
291684881
199610103
323059108
490847006
153893497
179961819
55452934
83058355
330042169
28264864
753038634
332292512
181451174
252181451
767571138
157821113
792962721
329658289
301595874
744032853
242297542
175717211
23865679
10956926
863341370
881928783
781243034
258695073
142638366
179826606
819047619
543037915
70844149
548007767
684518087
618017196
434117008
118692866
507258571
5983468
936782180
126326154
756068683
697165273
79244463
500159218
287815574
577451584
349561436
77722399
714436487
384000501
505629635
356438831
664048689
466501166
138628713
824505801
720380348
975854823
731426320
754721527
446070654
463903379
955847970
246885900
389554457
266959616
596889101
137616705
298254717
31772081
921509303
595048322
959834066
17199334
885660102
123203667
267760779
885889458
402910412
139911836
909064371
189053780
133311704
49407743
114701394
511018724
22177632
963364605
474075020
861090407
409600893
17352825
179825319
300051076
162085138
632497196
106007920
736667610
548234923
71288066
766792107
137188541
899494463
269619066
554478708
480008525
362582237
925391518
783528399
178353018
562480458
350763573
90183197
97341677
531686573
555751417
955323402
905639581
76771531
754046502
218339889
790609165
367417324
315253704
862889377
859642994
112530897
187500633
581662803
365390889
914127029
511586715
152350416
822485474
464664960
490326456
156951831
965200329
102925607
806425636
675261099
242588633
147006152
642817233
537757618
950365128
810911507
551087330
747890899
768996375
132935863
595890781
893141263
444694764
770264232
336086431
163353499
862942417
414541812
365472821
489158539
506542459
413312312
545425484
474111369
801285294
197658163
891778958
744577936
952944426
760383232
780747569
146131383
624785796
792960925
461947891
868854005
574392608
794392730
151163848
145468517
656906678
147993002
147262750
32917180
572550516
953850323
594729846
347285888
242081441
715583320
784022394
639196387
722672820
310889287
738702258
631793282
683851174
508857936
328136438
745716629
124910366
43724714
656569549
368760413
513132002
645220101
960448465
995888707
161220616
704348107
849316236
976974506
995446932
930659608
401659905
614840921
836676812
609950661
920632225
706054511
825833684
986545067
435478592
885219496
357734450
858965014
879807338
919265779
564360083
51644139
613646759
25454432
966837691
332281019
710538978
732274074
728551002
879451021
926795864
425857478
369516463
318969181
622554962
167856719
750839650
291569153
525407678
216361586
965794182
105899590
569697552
31284901
337159263
511236416
511849558
105972370
443955716
215282556
827265472
686743996
718643247
793029272
135968218
387301081
738798291
519334617
39635503
337648001
994271055
699787636
779403794
981397120
293652682
181519951
774630207
509968362
563128388
677051986
285757063
969261301
977843512
968147617
125455339
526666895
640152293
343165809
544217283
939786107
12173289
106250933
389380598
108077850
726050830
354931347
910484424
528323981
76308684
210839425
417010877
733022129
198743507
814870160
842275487
347402094
35772896
154611023
819802084
301085886
513311357
667382586
356408811
977410991
126042038
842617088
122587632
873534604
944813371
881686509
771101297
655162681
848286547
164490055
586830838
187131854
438187362
742021535
186521511
579957042
153650689
750882392
64159047
27795481
495544994
5324977
687436001
475797985
612589858
201780536
819260442
950975653
813907349
84657187
659119439
505450902
661467129
834965185
981604273
258887761
984232128
854812127
489439222
154882440
308888202
746349710
379778905
284456917
678685460
328614161
404463580
918808010
131828690
629637356
137482235
879825288
829400287
849332133
644502027
332384694
90470896
323441515
89123689
984050931
7889848
894675251
278587001
925511363
194986221
129216014
533013579
25472595
958999229
81063776
86580314
793644971
197803094
993897469
954174658
638246545
725773045
344600081
532934936
15545386
920533237
599713410
576635021
56643912
7470680
825292469
722277948
383479748
324660503
465383506
292927634
214192610
367418274
378695898
384699066
196800412
511216088
459829373
132945948
832047449
44150675
217612769
503978949
315882824
154887521
101231756
642707459
196434747
98576987
950164277
424506377
761243035
131099510
603613777
560418096
100828290
559153291
998367930
293975039
73284586
474812545
600557483
717996847
922521251
178360429
40976303
355547625
477390286
471246129
512565151
224253211
692931062
498235925
195025228
91977574
233458014
339768626
36138776
970998338
204263206
839711015
354666030
996045129
150318280
163871237
988934871
201343053
620081604
236297508
173635868
441901865
997532276
117267783
100512382
880523778
770514184
293535874
8738488
338275077
369649158
869828819
963517563
858495147
455253988
120423090
154357196
583192298
107429524
701892857
574302557
98790894
968364966
380284637
678690727
583029565
300601018
729147235
710232657
876769208
101011199
327770630
94974154
936809287
462451250
8114522
293577015
143675557
192405181
401209725
147746239
568528333
600436825
628355464
131089861
60232402
902405109
741847023
959528706
9501215
342386990
212581955
936064550
215600603
220806764
808702411
893478797
453437954
852807310
887868165
468168733
747632631
118229486
416996367
620384987
355927851
530338527
55223429
900431572
811127233
810284314
911364696
530751929
973230322
871615319
409408176
713363476
123387629
862122504
333863043
61549311
381467499
286800050
215443387
714463850
987501125
951838020
129674971
600165069
727568159
122830219
810064104
293649487
414579882
367913373
504021407
730969209
878332044
561836037
162343813
613078581
197312099
523900401
694317127
46791270
81162867
20340680
637941319
633488967
85841229
957302786
749452721
123291817
996002433
123361544
996072747
358935558
337604339
296244413
221921265
810265200
258734080
288215779
786736676
606243115
778934472
659928557
138833476
207483870
885935072
434233992
751721125
126637973
858479958
842934299
7449044
331021536
558037652
733470446
157399169
33306136
453341799
800112224
919384149
255464946
846566997
889135625
364459344
309193070
122174141
115645210
968285169
242158209
566247645
393866693
558011315
862646210
195678431
224914527
263286708
405768360
593725625
843215396
441451089
948694710
204488221
510271128
252460649
980718815
125024252
498113059
509899402
625922510
545565165
370657429
270200608
578062579
881016133
59021309
130659963
834328833
414355902
901883416
313157287
554756192
154713091
816310806
596179477
287300575
130796641
786189227
839410965
928191312
611885436
654008083
272024323
806197610
56328558
97178344
812918872
347625403
442477084
899166563
407448174
797518743
667291988
671444849
292984448
614541975
741830233
810646794
212672738
791931647
498676312
846447417
306951840
684701051
232978253
310326805
43203560
485957608
8686520
55936648
866416699
964003971
768269759
186789724
264107180
808384972
17934009
85204887
479579984
588684156
988900204
147180687
369655598
737368872
245902929
180702558
263674962
647030399
208257597
628872087
572048450
284694194
482974003
283745340
170286710
855025809
141628308
786474890
562325656
836135813
962195744
295563685
29665027
404318614
398513856
347537442
645257859
757027154
158612351
237561289
881486113
194995010
185427962
496260136
691824403
217577379
914612961
69358950
122853449
659874021
671601519
917236961
178640573
387452465
501514715
534860829
278530210
774890995
835843953
652674673
913428703
972203236
121551506
778131666
469652119
615922701
484770095
893255798
737101143
478614597
347717452
465847463
411558306
915703070
457965003
671298388
858602933
200625872
713798657
891630774
69588247
105651575
223748433
100713874
391136361
287315058
379037991
397625738
533932436
337984802
835298840
279786356
289127173
788584186
466000050
322473221
149197827
809783483
797805013
896623450
509742816
488754759
121887759
294854716
354964311
574709210
437623304
273268084
699012091
946517592
666487764
721760067
786568750
744392026
614392756
399759100
370548776
229324959
518352562
409574084
779494921
526798837
143263681
878366540
30162404
468938609
506138784
219079117
426344043
837145512
258858269
495321100
98879558
242045315
48546094
202082616
914297623
634403564
245808559
325340503
457348436
207305150
870090385
490786831
16179646
191662122
572518180
115354610
491968381
566121331
84467036
845291157
240167387
544600450
749939342
904530695
922275076
898752478
209270729
421991784
484413270
603823569
823404218
688851531
67996222
467055080
224890230
323248755
845244398
168177239
818389898
190709887
123861778
178814322
446223078
369567508
55558463
687307297
51853747
443489824
740873380
714661582
905049430
505748044
358479981
605660820
402216976
187170974
676032611
353973075
566702768
538282473
557356876
85395280
793575878
45370950
840693410
218162697
368540364
344487642
582758435
20509828
86713870
799610405
301465968
493125836
766939173
325234951
417822211
87223956
625994773
584246601
521249770
414538880
695803072
829359202
22105662
537917861
669306111
880819178
88336255
602391105
943340561
78365936
561666873
666991576
829407699
857334976
2324873
774356944
702417076
268460710
764616413
788001406
775759157
851016463
765160832
884092721
851222590
552136136
756004446
161092974
29114997
953860168
757380814
636891036
714650575
536049097
889270790
394587885
391612465
878525443
867539641
838555297
327804830
455154769
395943491
244058371
701044504
20416918
403075957
389664131
601156554
561338332
95518120
502286636
229938729
903847249
283192246
40789860
522828793
816191680
550823287
126194996
637902433
995540744
433616506
954831489
823859712
228475392
854013613
362842699
781008490
633184039
855237061
465586957
809608753
425405827
614917875
927049925
945738703
196422652
425850618
949825911
530474792
400254719
569689469
74736708
709714702
171721075
320918269
322931696
486005108
801072178
609981625
585683268
23605160
167875410
953066039
862744640
656539853
636458317
58442337
404422153
958823764
957828665
39116317
529268958
81983403
152454313
459447736
319617086
99808097
701724127
550904358
270800561
4034123
975595010
175502579
817559784
641751281
25357373
917209064
652988224
73511152
554759925
363544888
511104679
655988642
19837135
759537958
449328714
773501193
413287765
324551277
859621065
682343247
288508825
972343077
474813194
951660823
705070784
57412521
785499840
196652330
898474486
226426114
685326213
168339341
628493574
702077799
556907532
272860498
400955371
608888012
227087330
478787090
564709016
117322242
836639479
748368602
980655965
652390057
526890084
96824165
307591729
882842184
400928332
18787478
444175529
643905056
337605095
765283776
810905082
42006703
919552497
933173840
725584167
636936770
192535325
638700795
411945672
471389058
621058202
201225928
942283512
917548377
426039025
685354294
957772303
443198019
946021011
295889020
885359865
148540726
196038670
259428662
61189967
596787532
935061364
904879599
276041912
126799854
755365958
976509238
74921049
296960108
680090871
662535624
542535601
983408370
257964274
633428271
179310536
766735898
961069525
424518219
981178371
170490976
518183549
875946972
136534128
895441340
994012219
232369755
589206577
882094181
302179191
673190030
292327842
976161437
256550571
196349313
652147769
412186416
808274115
936948576
955565966
74042309
940810472
880640321
598906000
731563748
864195811
358876973
432241382
108744352
61903687
767390030
856199893
839524377
481057103
372122438
625464778
241601433
644858825
927074843
722833623
756899559
108993749
844689737
611042817
835286140
855643671
942430960
77226375
685011744
33744493
953607048
671123344
113005618
69066919
404642092
695472240
529152226
377875447
852385165
240886392
579305859
659269107
640710070
479426735
759936491
455949371
102393206
265319764
321466901
681662413
490539665
565810160
17724722
990287081
675620628
392564975
122849709
138285775
645591146
415941794
251698266
160304614
933875892
294746239
412133269
484423364
366360983
435413141
803098767
695600156
474199367
159673340
869937488
756670503
468126254
744883779
94242249
415089159
256691354
151422119
513417979
839140685
441710591
613580037
263700015
883017110
826948884
766187073
652997649
189006257
693320101
90672909
204243034
114400660
477563244
561771739
496525046
848140213
739421576
77996129
892272909
215600764
565241303
843365211
715043275
545572907
366649629
800627781
797100523
380995484
789814081
371068291
316502443
612189188
387631353
364946093
878819879
831868922
573395735
330244489
40404307
199688799
525251802
717823122
329948916
810823803
830889272
963930698
104966290
349872745
741939923
220607170
24140483
533374704
677133900
576408280
805441725
727179676
381478883
455780913
514385744
412517693
329548639
24274152
380116901
819956768
97745447
602779126
118846998
755458541
387747923
296097707
553554141
25919298
21455498
818116866
813484965
797075320
117528794
622954535
565740673
35644414
708955831
485002360
69394626
46293473
431789874
815901379
322172449
333637788
978000815
959767127
513577152
432067118
666052553
384395554
221743698
922633287
362619768
294626450
613738140
678708021
65666956
269717832
691993535
710131251
568027884
811791826
522987459
524589382
99592348
103468493
468277239
864221358
756912946
515047791
241144962
585104941
194732948
511819977
177347957
33481172
252785481
494236654
805277288
142314618
853325224
798417659
997049162
28202729
254056658
188205832
9518465
724513870
941813820
659588084
796104774
282024521
511773360
287776709
586998664
281670387
458758730
274378101
913648446
345864544
920495856
384019203
677511614
568998642
992171018
847850799
763677347
974475465
704634397
642954095
548145513
574706369
795170579
444136349
336445133
59923449
61509681
60701758
803385642
678736752
373010987
477875594
403847552
577180701
763064102
731574107
23046091
12299133
63081224
988561519
687972347
102880985
176645094
362541156
756231076
510208120
449144259
178376832
185712215
300061656
550816788
521331118
401405921
229953441
250253889
980565782
521279508
462063347
800183604
893705371
771629341
291990998
866984083
213287540
623220224
738594817
677555646
281125694
363224859
30856355
776849686
125383921
405492900
442406289
254320882
391332862
393431810
971805191
863475754
731862813
562193262
859769930
291622658
494149905
169140027
41472785
302358097
186148830
832063056
933874786
625538343
200285759
131212410
688787517
416017161
982037205
524513880
345849327
190044238
730566966
424632598
966621383
344133622
506149568
88381598
38639322
753353889
892879608
481614098
714094390
49626420
102489944
75196127
847499006
909551865
469835527
444958735
655144976
968953410
406890154
935967068
68150336
582260800
617544895
13526930
695486815
145230940
715882453
89943436
834169756
790103694
462220475
174272275
235557904
237701170
258427559
276003004
348402446
633005825
797350937
659637392
286341884
290078792
653083940
587276316
32887012
303163451
485421395
348743229
79821239
704403189
161531407
589018575
178625877
423171715
319281140
199559066
224354884
209203436
931243465
96200013
605614719
937798666
784888984
457804559
695681179
508163857
974034578
715304761
938150608
197051376
690809304
358918938
357213297
986336022
518706199
786001968
174026478
741761292
826991767
399207024
85722743
677993516
180380152
991500229
684913433
222439315
384896764
469948996
902267956
438744155
331641782
771335473
937680714
409788586
14282200
590846984
936583488
145564679
996531901
907360141
322452053
590594974
466638299
188536571
31126489
160943202
194470093
202934745
29810519
922404381
162199057
999665880
761186601
74179353
777897737
834240881
224027427
173950318
134049765
814309199
831706914
668372063
75001240
180795992
406579640
513934089
498446353
471691509
600316230
462323758
47886216
415027836
227850937
791232493
158578408
79275759
453213802
587489778
185354368
361448480
567788197
511322710
334002686
439868860
251462510
72821254
54815781
480247824
610712616
428102825
560681689
125319290
588935070
758278653
85403686
548593842
382084259
668207440
471638658
760422899
678977136
902170865
913187251
157229342
879454993
773063771
84161568
913322201
502782571
215990245
586081487
543908161
695490173
351239129
633520427
536990604
198084965
26315487
376591310
400523004
940649366
328640930
762568120
470813585
898049692
584058200
69920029
820893368
768381512
142240193
42893448
929214692
922892417
207464838
823683460
344192183
77911350
506521069
407530620
802180021
715974272
583335495
96729700
12461062
168978074
125260635
13071572
512920999
5257774
966806990
513087899
625674143
786566113
279885721
84111121
211660529
765030527
398677993
218905988
19712806
89148745
828517871
79065600
515647635
730347272
214977433
969826952
955065359
427792921
579112354
803245206
544289948
263438733
355253066
423523298
826314448
550874851
587771795
311159297
682806013
98220006
965711039
750296057
488680722
810837684
452106150
958911623
981781124
883737414
217174631
166869764
611458002
80808588
500722166
681487347
622611161
883801496
515681923
614665494
192523586
622489418
434422690
822820075
426869689
589996758
511925310
795834021
720084452
557466054
691783223
988290849
557489065
755168155
102749291
678560871
288968692
988780987
494683455
127168574
893001022
613585954
555306012
807579687
381189474
441802224
218725860
543465231
450436273
921065347
106461123
616195710
430188272
762484492
113617477
661322270
652120423
632373719
513573700
490627028
649034729
321704939
630395798
920393231
602187261
834520376
669422954
393807497
653754221
614245810
471159488
205062836
639233611
297600220
883232701
570940178
163674472
213086185
395901915
814339775
584672757
956945898
809259087
851156638
340232617
829446977
186258526
585704485
252117974
359652023
866698072
978001326
944923087
935943637
404067462
37804570
942750303
449549631
159030778
39127333
326733409
533153365
584756824
558133369
757982229
955604197
317757669
941221166
210883307
56421709
323876580
667777856
881443300
308751000
225576660
345743703
7957262
499042314
142205712
267026510
668950276
609785240
487360039
154141637
836327220
711618204
26945275
110076684
586204303
823369240
669892872
306071928
649512506
474542938
653387375
10685336
405624732
183722872
299683044
587791828
932803996
285867739
117335765
76921049
99141490
849133104
410943814
701582139
399170174
414267944
176669597
320291219
914300630
918267673
803288751
298224226
755410995
565182624
350052832
218212708
770819911
963464232
321516405
903553272
141650679
975809346
984809758
94532049
86603556
427476071
619881497
211724554
64138815
695444425
519427232
379132916
540918293
705356694
15919262
470602498
347684405
256563828
682937907
347066140
652018242
39093748
371613411
741986942
781918256
246829145
984608741
762028559
768571739
84132524
268195819
627551077
977068846
820099871
507131038
590304401
79982399
47173544
975094500
132045723
592310162
789693619
748086629
667589563
923516994
97305980
933468476
512444441
725221939
718366772
782353500
340545190
638321525
578759083
867683201
817992247
375484678
167969451
879154114
303016503
634362039
819299869
668778365
170779741
190581883
967623827
455531473
697882294
894207017
885556963
803727037
417260327
993341813
285913034
820926397
433461169
464318205
178015899
566677336
156473415
346223781
816805385
444882320
860162124
132298606
247786251
33568926
498178716
886478560
282568463
195510122
226856306
188791630
57991066
106342489
303096675
161929222
679886341
503763362
555550795
446702966
900517729
37822026
962460636
784957768
883496986
867421669
597049289
112522211
29384592
807514538
14711463
694039381
387280884
994045000
520296814
480123223
76100987
954949865
674382326
109186966
788671402
853802502
614398339
626190815
826431132
108464542
338538985
314441476
301062137
989876506
926033158
65063658
796271625
31124358
395869897
388925876
847319373
271265353
37567306
934917078
738311590
124197350
685705909
954311346
917561242
722318368
290527527
208759994
106197263
129310371
782785891
433692740
247466271
592518772
660898893
410239477
517603243
259240271
182971579
891653193
704924630
167791640
165058613
19570381
904886659
897473741
303802506
963255065
563734499
725090269
151165277
463622264
613105618
251832899
579972737
162689787
185014630
857463289
470822280
359683676
606189638
954318311
424795512
980209676
655845581
130836055
270265988
895657320
453213732
583335234
902712406
87914827
543711500
654399738
66679415
283710729
698933866
525360339
858709766
129476998
52453201
43338794
380648800
581155931
934026493
432178136
902468172
872195267
608981833
779493468
122371173
929877952
745001597
507923781
449350113
143720916
922244132
274981472
106255278
967026154
681750632
207147274
583176011
577016397
382000053
141961008
658128523
142439347
615760710
407224060
637837646
679232214
931662715
745093455
285168053
158170646
608942328
47361411
920589814
109802601
456978298
925060492
65213656
988272679
673832248
837032060
262184730
667231422
598494403
596682434
179400475
182890166
163794087
505416778
296600165
481887018
152838662
253386035
974047981
802887951
947870453
188887203
277813729
446207316
446953701
522017830
455466085
34085182
954472307
608099892
706836829
708787031
977119335
185187593
752068152
396541067
852405138
230189922
5565371
293685552
804622946
919968500
713706671
625794050
13031637
908375505
208272131
392819411
676443950
797321783
220634710
108462920
819301604
416012934
437426179
292917160
144328731
844269859
740251175
680539290
633379317
789379161
251884099
402312975
916638716
861452381
111394449
594532428
494357602
788542935
833835604
338397613
538221380
803293221
586691015
380392924
377100376
480747495
132512205
873731842
84472129
449434486
893600434
350859923
436518095
372681748
726499445
778103850
66463924
762935380
121922700
752499601
244161558
685242550
30422179
392903439
830377950
341786696
55958677
201902418
11346094
424708013
337975250
114556462
201284398
721626285
865737219
497677273
798564715
873132901
445970947
704376946
857816058
860115904
361936152
440616985
927920939
208146892
315971987
80239929
621540291
589391109
26478195
15790403
902010779
465953646
494540260
27124369
594711914
280014306
477063598
166219283
505491808
766478590
203107365
488143868
582548247
803790393
410997231
40586308
851380017
845213249
338563277
949581684
454921402
148680411
341368238
997904335
772987366
604345201
189593241
212683895
173604418
551107136
954986709
397345780
716003091
716156275
931586102
731706056
853876030
622544607
997153986
603637044
128235399
596200889
579520844
576418555
319255474
91427082
932151893
343339716
943254720
250811697
675568135
996663462
556066562
278466847
315066748
78500302
743059578
805094537
191816530
195567378
228978856
85554617
129005022
430898931
341889581
364131417
842058554
947416723
965525756
633454878
406019514
434257396
428014156
250777208
45141031
553351947
357474916
12717146
265594763
392852522
75988517
650390711
297352668
512921280
689697825
860370052
875527029
18178041
798830941
43355427
744847224
702226893
959044622
967198520
857069145
538606128
970184208
635591160
67212038
154391029
946377656
54813718
55215168
451392370
986428881
159885516
589645143
180944421
899996074
840095149
796388336
478828444
571699641
492791321
511775527
407448135
174427616
555668588
909168008
36010384
801847818
68813195
67930643
220483131
572081426
424845770
563505935
482545514
288717778
307189935
822767143
664613966
969392466
454868477
377033248
960471151
515150574
336687345
632586690
973134331
27587656
363324142
463565963
909345628
688317568
267898674
89022224
994963570
884261321
886203557
935972485
275934336
864575304
674441071
532320568
848884312
350047439
301121992
71566448
499205098
812272366
518396166
757705582
702507004
605769638
669441844
16948598
685853970
722694561
218226564
586175743
537495261
843067806
497519603
973694406
758149160
23557973
286881886
384364559
921307146
656644523
456866800
30816687
670351124
721430703
29364623
128362296
683877003
473726813
502004967
251914932
230459524
54325650
671097993
87779646
480668264
851148295
863379648
182261995
14819796
827794642
633938557
223636468
979281188
831390059
871275999
594640433
397774402
323884162
751412669
868048595
289153669
574706494
293981005
563286530
852173865
27551260
165876086
819108777
518391391
382518676
481033294
466443856
451665657
569267787
873892041
526601608
317516657
605818110
642528886
174908112
482781778
866914200
893814206
843387447
569054061
713275097
881302862
847082776
220436251
552527406
440737679
370261508
428430294
456359906
173229527
801464345
753783960
308145896
136320172
640348356
318259206
545547406
409909958
408536505
224176640
362606200
156663297
828820613
438301186
738551219
684272963
123838909
802090977
178106815
963992345
981981753
73281716
802235121
896307978
642048707
432676955
488553836
573132226
145986792
461736425
614522923
920630449
312659267
969801095
398577048
644802636
514795267
466256562
604361903
45012392
749467862
490314722
282799681
463577146
27362911
215954198
114994377
850019366
235915987
100610656
844690028
156398101
614926667
627372427
413978548
834234964
713462888
603783627
606530112
751726182
470024049
612716861
721495116
713618689
473204185
59203794
194481766
656319432
419092568
607533961
773029686
621035354
579963228
294585630
666040287
541745960
700886186
762347385
497703883
997846377
383081712
493946234
290927945
56392187
476388943
263773543
536786392
999522758
626422427
394982627
640522744
196261504
129883981
374916504
933720621
558433646
817742016
485809302
40819237
116302179
102097028
898990288
136036574
393911419
833272567
621919696
235683100
626844203
629680131
736451351
494402169
35964262
101596670
507803738
413001674
266217481
567011147
469084886
456722686
32367982
593497606
44621668
799618093
804531568
800890348
925827533
336728477
624525610
519743871
973236878
210749623
440803506
228290093
10469599
49131383
744497930
240215287
688041617
810662347
497452677
133894251
485235134
118015314
240463774
403147941
98911431
741549785
289607823
913680929
845327435
368352075
440705023
560737201
564291767
185483286
659884099
425838631
54222820
89709752
575807176
729860097
969222035
776087165
569785845
794243612
691915140
897354910
259406648
535901440
171132296
133247346
437322421
298261900
617288038
948572172
354329779
338749481
222960558
598469891
839664138
292425201
272812147
553908014
775339923
260621611
540141133
250931234
969345363
23060217
618159263
90575739
278257463
472480004
710461550
804133911
827354902
561846876
57391241
697185234
214431633
195903234
952169444
574069634
350255250
418330277
905668120
407879075
508151075
72620068
364260104
629703477
871825453
34666585
386680582
250488060
387839910
360398918
915284787
115309666
941339911
620199404
95268575
219356445
682356912
705207860
415945892
362408426
32928250
78461188
409460163
706596211
71164165
922940457
244262155
955296115
87954521
814185397
700577073
865579023
485073787
843645143
34773162
497406563
367614804
688943568
404759499
912294782
623953434
845244384
160029107
800028950
254281607
289683862
105829003
914982824
513826349
649173498
554053307
465984671
886654319
406183698
356677613
131486889
563129898
500389436
219990230
803882307
215412920
321546687
31537892
822880370
63490977
90218722
582021045
335549773
689401320
363189911
559606778
366419983
329654412
561218010
356213777
78570504
768049674
383442388
415742129
431820760
223830013
327259415
964643711
269027949
220227368
974049135
840870224
889671058
794556485
361283284
954509501
286007907
709037055
642088333
263512762
251697794
91442108
796187472
856183769
53312755
819680842
565185575
124593105
279098119
927224265
68603954
462268252
883321578
903219021
133390516
707833215
587653972
210479008
189896837
607105392
561693127
157977688
570683805
353071953
879389150
468959937
976734120
689229093
821527142
992190687
673817615
113509319
128588157
89029833
680237872
799133148
223335092
264166707
994939067
821158328
610305728
934591859
407208768
383755365
632824555
48213396
42282558
941745874
978001424
482975514
498795857
755460027
159169916
372613403
344316121
28824108
224037160
202861058
389670264
213524341
962836396
101056632
235389622
627985902
630861741
784461505
759854045
530303164
77091574
277902977
272489754
885879931
477923327
237459566
993485150
94846691
357278068
526029186
290903917
852038273
495818319
238121660
799056323
379986480
379443803
168902890
356554424
867194813
723296639
294788393
76183975
847706965
475140873
569123730
707366473
360674862
110897644
574193812
797263391
954862124
27795095
767014194
638301541
110321765
762744043
238089088
178790068
759857327
592776061
383285254
489503718
774608679
482500935
141540465
73556512
49230452
99869677
359295267
571012734
221955574
279798460
897758820
218853956
417747597
529616096
86154709
801439235
136560569
261176327
356042301
636276898
360310029
740035602
444105038
819703859
999151216
66727210
479919605
799076269
750159878
52405144
773350749
339626845
331777719
474201514
465523266
645134450
238403845
383599454
523596603
131904792
490766518
771147238
631966982
15400037
872686982
168038992
463958649
41543124
417132397
810087677
662528490
584242858
963467677
633796712
262901216
67139106
909899803
844313692
723944478
540008834
753683658
236898465
170720888
77259005
87640687
44571108
352998013
838243504
253753063
490830480
326829129
529802011
217860928
748411725
289142339
107403534
64118684
689771538
552581955
676244944
344613560
283558335
857138730
774776027
972250004
189700857
21765852
97477144
349740728
386900379
373220172
118732051
188519297
158069758
96566264
959514150
318801975
617220708
768794453
957318272
707851913
586638278
340426895
651613792
252499524
252615669
122045155
515113552
786441644
410006167
221267168
968570585
405182528
225462190
462730593
8795814
113980809
208258815
523152421
847358457
455856813
486902825
41431686
536318761
6182369
506537518
396460121
335675822
509460346
988171305
49930377
667267612
241660892
639216118
44355266
731318728
279027155
878121300
628910204
345552134
265776695
148787797
471699563
776291229
747918160
870755511
945485346
30094818
660348704
500124266
877085338
384729024
505399733
593266161
713209109
653063272
884676897
900761848
818419499
496373207
750474790
397522942
785680804
428229875
585748169
296463881
745680227
317498052
161557749
3716967
976429493
561070237
240357741
980757315
233921200
525463383
355209805
972583230
535260184
131898319
537222987
172886471
867668988
567788069
816262526
562751724
100877600
563710457
730439595
231266700
436152180
137436661
129146016
456804667
54726546
53334476
115078267
366745047
62012668
619761252
613478310
467642332
83283159
876670797
960456320
192594367
802631545
207828733
249474861
536445300
977333133
617679887
482022517
285725739
486816614
719813132
656567653
746951998
480731195
71347087
804790230
14617636
272130780
261764562
829102656
99363065
199372671
252778964
188764301
303245455
170803253
427672011
872525580
234891163
326538200
315964397
783057173
770678189
419217784
13277344
800916972
804249843
613064901
422760586
431087590
566775718
256628094
564069552
665446846
97826416
962140649
291954877
890530801
371530751
232490836
192388805
156212495
179672657
584961169
530432327
760593651
166166744
605173378
753918407
746669536
97557166
212501213
877564668
38865993
297948596
782825676
118952915
386786034
375854644
883366620
361147259
624040430
573685158
154788421
173868101
847155741
499246413
278291491
265297376
786818973
382959202
89193603
661918553
627141061
602603310
304298672
889073713
732863994
534879819
96935974
382774919
543459206
282812724
793292719
322781297
680050725
985769211
617088885
108228862
769126675
580669211
301242672
713004390
993796364
338085285
636811505
87019965
588119899
121844550
898973233
532341406
810822397
462227698
949282720
84471267
133940047
312969244
36641471
711867817
505132843
119521527
32274572
166507829
532810357
555652699
11942797
457876750
261662528
892835823
795267120
391558636
533614669
328675604
600996604
982116297
607229846
21359559
632611944
455339733
876380993
197033139
174845270
315100652
516749020
848520976
523647316
879966731
686407532
49481954
582528235
628056764
402490592
642426145
445642334
567571780
807409907
116210405
362432503
151708504
249915777
828110996
825003210
675246227
79349982
959590635
334603603
941440512
78208696
343861776
155468825
27895044
679962524
891503148
936292678
594883743
158818261
884509121
895529583
95737984
878761017
998987914
916180629
947788091
386092074
231000670
193049913
254343088
405529450
515551444
818677917
406570886
846135629
460415896
170646192
657708192
831714913
213147368
88097687
204802587
306158490
901100558
381819047
227791386
64393359
216156760
49594650
490135654
367411501
676880877
777174906
702732995
536727724
268894149
532571123
822211753
282499141
24662481
661200224
542820157
445720968
439093623
461623421
948718200
385180802
62162033
877914513
209187429
675688542
866311326
123873395
802316180
589382301
187680725
604802430
512505937
571267723
967119588
910368420
638384107
54006313
508990931
250259154
803184611
228500984
402424151
66142397
743857177
889454120
296186932
634011724
109280505
762495632
452757092
713339495
26885607
211956429
257221916
616424008
704644262
925971685
26933953
494105624
885359142
452790347
495402781
437260905
350099752
722626886
753705976
746856731
388715269
123076001
756980239
910668370
17119949
259923702
303788348
924453547
274288950
861468557
256379135
268068736
78922165
832814358
826245518
623466405
879492756
45107323
523156575
247379665
205349994
615517576
678322997
353438101
666413603
291326879
511146973
328644725
494495020
55558665
799952982
876373038
217565283
827402818
613676947
611789565
341761216
787476893
775905959
740450529
6188776
930827022
907255849
450273741
566271252
144437840
981215355
920753583
455036502
659370054
524890377
475303490
626265361
88182491
672615614
653501483
297621209
560024938
297081201
852633031
913997799
340930556
324160821
719023402
589512738
393786553
912242151
906295075
196325169
419849315
818527931
444360563
862209801
639748671
518245069
782168314
912693475
515482456
666256480
64167842
923037405
464799021
592719162
523634963
871767715
309077043
963590889
29795598
413818627
992949747
895430473
128202024
711031762
453898389
768460432
821888608
952040514
993928897
82136259
469639265
509632556
553012617
704742298
219740439
886942478
168873682
594024980
993541489
845334411
346030177
916204502
149096282
350827388
801323468
99841314
255490660
181524534
626435470
737892034
657528183
258132800
340651530
400984363
208624032
205173955
587147911
423761119
542041349
289811311
33843586
774808602
699738727
463263311
501683036
865083521
366112667
527576389
926456159
352219957
785881866
265068018
62554771
560201144
410361308
986452543
314140340
324696475
95410563
461183844
869322698
110491310
349862659
937304584
949646630
553469884
477575294
182363751
349984267
296543933
75446036
158246485
787730168
244648337
691218713
517502707
922376555
143794146
721731022
438638228
158918182
219368586
618652585
164116294
2698946
563682543
99270970
39001117
90392072
815980542
788051746
936799098
685806685
865674434
764788062
256476275
630861775
831595733
708658214
157852079
86113322
284493021
636439504
2494023
501326195
433306829
861950187
898753438
508892949
871351356
280275158
926531124
541743541
141185033
517822329
387803356
920910452
950938050
439563416
858985097
26795506
847115693
899523181
616279958
910523014
462748717
120109609
513501421
300403458
213702204
367972171
990704188
74983168
785193321
61589081
718583751
197738753
133801989
387927594
202555983
158412588
836267944
709252030
850228282
923575930
708369639
205417704
841052095
447124552
206615485
871972427
697786542
457431734
66181163
977650037
929636059
632774565
734460252
608791574
572306379
690434823
742339614
467401081
591718169
755767118
737546465
509155154
902960467
568109872
932820997
10416482
113056701
33303224
335538996
55980631
690968648
523857045
472619860
687663504
921392839
87781959
251344879
643951096
206233816
56408764
668637407
63376773
156241177
103273780
19552124
10773554
492913489
821585140
38888144
697343951
865249859
178123246
528836199
296754462
865292007
250505559
860945814
91019938
727557633
417568096
674431985
496494912
350514115
339719683
582604754
386171818
121412621
252068067
769750629
718384525
324210826
686655239
478857658
391554429
656839206
454825096
236942856
827281205
179950374
47507614
282781957
445307537
290557760
137707511
241693209
698386897
414740733
872909061
492286424
550090011
210294240
143997867
375051469
559250836
840000159
452972162
813444819
32030454
122257678
289959656
663220398
236612036
157376250
7722442
64859804
501418319
401511392
177488422
84226002
112334208
313251698
839571173
781404760
79900109
93303606
531622435
781826731
67480265
181140836
715334588
224305161
598190114
913077029
64286962
480291354
113674197
868890734
157346199
557794967
526911529
848011421
105124057
207371189
75135894
247046427
283236047
587008606
597949867
561206797
298700095
67102900
79531901
141772646
657507927
356971734
84180992
55606355
943795210
59817885
507884770
279219684
13384937
972920711
732766824
443425799
596624891
442596217
434377686
961152262
814898745
410828795
285569759
839788297
78754200
23129503
265520226
617583315
52501733
279645012
641415035
598741229
222082179
298629181
10622091
639988675
396562176
263831113
238068683
624383696
229087939
382134538
206376386
804017357
684681773
932002161
868060445
377081452
619197116
98598239
214080784
54696893
613208268
647240550
677038970
675355628
919340896
565977478
645973617
2739213
606370630
861029459
60771713
543444368
704704611
247163850
778797699
203363073
919393582
124347707
857676313
528145995
368739140
339262806
88205224
828314988
576763508
932000374
858012360
56722993
472074817
729805511
874265580
162040483
549544601
137190376
782241825
251089343
611935576
666043172
233274733
366817520
625650852
842015647
531377290
586817301
981564288
93765530
629333837
596015033
697066892
885081367
971731265
283278768
738740371
167977967
939555800
608127929
50015059
587927274
802302432
992434544
365005284
74767113
668054451
236583925
75961819
560224873
345179479
19009239
666702404
947485182
238007578
635197403
319060034
415765917
705797847
599873462
573086163
884675667
829639421
701370710
51277382
115978890
307610389
458686909
278027520
198703740
989776505
537192410
41467019
877912269
343371448
925468987
789186586
776441059
630038651
60830644
128305193
548736884
766850234
746786953
956897622
474935789
101373937
804796173
698959752
56671325
882676125
990677725
580396507
100146965
29724725
181600596
988799259
81799037
414767137
533168726
528996359
660471171
32272218
279615615
492273154
629495207
3554223
29068691
584959524
358988747
342417383
49467679
412627306
932502579
294975593
304764955
711879207
283436191
285353281
525653456
635518434
464455516
337600627
566698386
718458531
737102433
424858692
856402160
347020986
387401103
632007584
80130930
811899823
664729988
752979566
265571467
564509403
685200878
742003467
598614107
560168185
79278933
754926777
99489769
891442606
80451910
60394545
628214101
763859917
372734510
634470426
394059660
808712865
125550768
645782758
462448067
372947176
377186403
105925020
514050840
621259159
744756845
534607956
271228656
630379994
337902646
768813987
995716043
300676797
428723911
355888221
921884788
470742302
819112227
388108584
557800125
429665028
618399271
574304099
815828851
985231008
380246811
850503526
548157471
481610185
991192518
766738936
447267638
704728939
502219744
305494782
550500791
897469187
601149495
68012750
708239946
147682580
567949160
671123862
151937212
233921554
352508070
195076513
751902135
49339593
542472763
165041050
664037771
435566610
427575216
449008886
486494987
773989613
285560961
341305139
180795183
595838952
671728269
546888458
747278589
870379683
38307083
990180320
94102718
198227931
359743925
398244224
277899612
409445627
235442991
737375270
979846056
230247516
569340515
255876325
787338907
12580252
67777948
356156002
494699309
531167886
800163345
361457300
255569209
762004601
53639364
389588306
503086649
465520639
436670557
220902281
34202409
174493134
708104667
426775209
262847885
855882369
591768524
331187701
486312425
481197167
745482499
857096670
886979264
457081427
934994592
395142661
244946811
710363538
711795683
183421605
665915531
968457335
383426897
787064327
613732657
588785515
606821859
277030967
364212870
428537733
768947807
768135560
415263628
546926552
850398732
869425308
336017191
89459025
814512423
943682237
685076007
856220899
806293990
921269742
625889733
239525068
554520635
425357025
965848519
691652988
231045049
176148533
717499562
973174438
529838945
887671273
27181561
550806832
857121099
517970324
260120772
633181937
309221373
20825080
761894294
770780108
953851189
818064552
841996145
891883692
764650396
301181275
907799353
8074760
191730556
764004462
253694998
216749017
448621603
532934075
769617468
169563859
431161806
872430168
428072401
888781980
99394374
454539365
118257903
193220012
75296682
804316288
213124714
429731731
228965506
246032800
482674757
186897741
150666824
241675311
874684539
636956378
236548166
928885825
28637010
567156240
597361640
646904130
957934003
283134886
206670362
633806276
69009010
605547216
332836651
487571258
451674232
692145062
862523836
58422565
995593751
569287715
846428629
87678153
223224221
803273871
157032388
377548325
267002990
718792361
355424347
323770710
956853208
322450744
789464073
125258448
577456123
812099625
281761603
892001979
217261768
635370151
556922269
271690130
695948773
251575786
303452704
679741380
722069180
850642616
877511786
771239806
204145565
385149938
58137888
833823783
480111580
606014494
24469925
168794294
66369796
177484358
264973342
398371499
890374685
783365825
718885894
269069810
659489750
383064834
915144929
135888732
287288484
913326911
522281615
259677859
542753285
975587503
493072085
340420793
21699547
121953049
304313238
216257734
120179549
652581562
308972795
279817777
277201059
571832984
498182545
28152294
202244413
943437281
538883976
341031843
179056420
673554709
650495519
806395808
906746303
276982512
624557643
998641239
562854468
952484564
150577506
147333010
900471170
339218786
290888124
986280697
235808508
663508140
37750432
891781841
685980733
426777187
132357885
440166623
196995435
821168632
455549867
252988503
705952644
837557799
443104022
723453634
893105743
532080859
563058738
406490185
997083871
391127712
930240512
15197306
517184444
967392990
456874159
615904014
633017456
104692125
851127766
363613407
337792715
302981998
780351113
832248842
344032813
49209511
60176324
542624727
809757597
710293781
169297830
481138772
948291216
509549706
529187574
410332179
113467892
43525327
78689254
713755952
874705385
131050301
460604842
745419583
535393549
240095537
608175593
637288779
863683812
32101204
571562167
870310820
265766321
254956836
791554469
96682874
113798058
858810275
979735779
566817366
995589198
691694869
258666526
679358170
372519217
975461292
966371894
979621301
149212145
582570239
905280105
515062852
342913169
449876897
515306154
76242219
374161447
799074432
742983148
980562432
977059798
380364983
982378353
681322495
170499255
954588708
714468698
44244426
883521059
964909625
83290632
871063060
332220619
298731381
992518549
618564293
202155794
845886152
623987078
912986220
116040155
987583052
673824026
924380548
958030376
847707209
22535291
727977193
121974249
374209729
481985226
512549305
921980465
476071350
318901204
938497072
112106701
532827999
818410598
342300751
885847831
144919379
906825840
581497711
476036249
190605720
949962608
73375230
572603419
561790581
990140531
850678328
155622552
873780165
278173291
91512130
861671714
284774706
945820979
888795722
827390175
835891453
974105923
430653116
639357007
403041897
552790296
737083606
731022249
983836286
377753425
38032388
446390146
798220541
176983701
331052404
284968676
664485353
251633926
619253400
512173899
401781199
737479996
364316193
486017698
64366243
598624349
581240862
442084106
912205013
88695659
653777014
342607696
431737693
832209584
488934560
948807126
48819322
552505181
752439893
416825742
406809563
633565058
422592746
139531218
193440025
765682898
137555166
882571769
233938504
251252951
221360791
766807823
781341489
531798920
790538225
699083320
841437440
178298882
808918162
132769598
724802131
352200502
741039880
221153435
80173861
729990173
825450595
335849123
495547031
456849431
429277136
272570669
272389064
728393624
896520857
957080021
771115107
925265949
171011746
553815553
450896016
79908120
561490411
31532049
144534768
835368564
847313883
601486160
879824965
975589641
253925815
689215712
712710086
43306339
219938054
821984190
758118701
155242479
792305767
751589448
559719190
144479186
912066536
111601811
565202284
951916688
142173387
420532469
855268259
821654685
628573071
376491805
123140031
953847602
962212915
186939337
563294917
776927129
983629442
440577024
162587184
653397288
848752517
366641529
804291679
220517715
625357503
132722120
850351991
458177419
403133700
32912908
154148815
618470117
565748585
204742146
813590309
224114875
807544935
92408702
72654585
533092198
572628768
255097270
248564243
27834561
888487747
834482649
372700751
293265346
874117928
12073515
320286250
847115618
996225585
538632334
449053556
529981243
990141938
182709100
171464793
863924410
581128566
615695854
757885769
742167442
72936950
444654054
22814494
222626608
677639646
199286251
18174885
507555512
675859850
642767998
215309716
332180108
492477204
180411490
574542382
960036036
928669153
276850372
213924495
795335851
455779290
647358021
254142503
495929597
367824666
831050435
891789047
437019779
948635994
495147687
379985483
801479033
575891317
100804837
977451979
15006442
669556109
168143300
869757717
466380912
495274894
472088944
890403559
669578660
563684963
384533137
200211871
124171642
125334854
829676132
973351831
61341504
457549473
972046688
505781674
905362253
870017577
910834706
760464115
679740824
742039976
299141416
980808988
170390113
690212882
223441224
478509448
60754031
230755202
943735083
438847780
851180254
753755941
255881804
437175034
427436824
899697921
514239791
438782888
649563392
770022986
496878626
194422218
150847647
202357290
313435306
631358153
304575675
237848010
457182464
652334326
551744079
928601001
651199304
791618764
573894820
358386121
348188125
395534933
144812406
659368212
760618901
988364597
550613944
686101505
940351800
615906904
516720391
531836605
124100389
839231009
792158789
66726887
423036587
820695243
359232476
25176620
975722918
945472067
780015140
941240874
845297332
104541652
738883336
253877335
541158585
217554605
823840047
914951183
892856797
700962535
773686670
471521458
168819144
605812503
232125322
712111958
250823826
964273643
591421462
915272534
451248981
765538951
222721271
616788399
552408192
40348618
560830865
987036267
548067407
117194731
366992676
387721664
736487715
266631614
599167880
585610907
44010651
325303922
909234126
96813562
349786268
343739786
928088698
637619337
744563576
216188095
250010996
540688106
978836184
805139030
20504364
361276278
10466097
823776705
321266957
350886537
254824184
88910704
474642516
458912564
798847968
418446111
98346002
690062482
537176976
392044545
246236289
22708525
439735558
766436014
436745498
453462847
503740043
620456810
566590030
365611781
451654512
404316328
94629725
81257950
176847950
792140725
554505870
434595022
361474577
624220206
423350461
301142734
946509384
920143971
625937611
609104241
476062517
633888957
712583803
289629689
297658734
148745759
732344705
47005963
867517263
979684340
467620746
342338326
519671037
796387877
710997996
996011564
902215919
475376683
612295645
825091072
250878134
581366746
491217062
194993277
947362401
399671053
694401050
493045747
969629830
860416448
208814856
240452914
698616986
748675070
289991743
427726273
762166801
96251616
90574380
992835236
