774316415
42342909
181038655
955486412
279530147
23899217
34301236
270859902
215209041
457900246
8844668
311229769
472194091
11188855
109820507
738727814
593251392
587956835
525863032
120525749
335659190
708211457
514166515
527417705
920247841
308724045
606452681
487713068
354928844
182383309
242173470
398684530
919706953
697144837
955156306
373668101
842130726
966033993
325315437
522380523
705871768
704815888
997908432
245437362
888741739
364639171
743793701
482641112
254467540
921347731
644247852
489242923
18066625
185695840
713663992
198070660
417641615
709638958
556138866
781468733
525612519
945666546
154010918
136203436
254710921
560846026
348708442
827969198
960516601
329098016
257771873
354533175
387457292
564576637
532325320
332267148
406551690
27122914
444734899
707215801
400590241
529142244
677749900
466510841
250974336
797973236
370193061
460591548
239074920
372563145
531767467
550081923
182149195
187093181
169728792
471375149
977391085
974860093
87128592
243113323
455887847
431297725
37594558
111209772
705487650
73156253
275807310
43554339
94829371
367828678
976047378
710600360
588554785
947678336
791352475
697408763
639846333
81732441
450431150
656753193
19490318
188622141
313704242
493671115
155330876
734759136
218616345
432529283
292283139
925231573
746533415
425323353
346310488
683991248
228810749
371973629
241202161
805933946
99615142
534634483
705100936
397489104
747967067
19182392
472719853
818901340
669759104
400989428
736551755
729357495
429346568
920866844
682029771
797854487
366566358
45888542
959891147
233748579
473891105
848265370
998582755
223230426
993947280
393033790
762558345
167130029
237108678
428650443
62051247
607706781
242338856
878450078
270629576
574738917
583250709
452238713
623816944
93746655
780177768
19331460
585195068
164271907
128521758
923379540
820394617
474728605
412659517
146235532
257485823
559720032
815606162
148169640
399800665
425021403
193505880
440683970
868750474
59726701
180421718
958204056
395401572
454243538
526326500
415147972
375185666
239254731
420770115
75622792
195076199
235120171
831824757
210586596
823839581
884287217
819121537
422282392
525734234
997920038
660112014
41887449
341292163
103561306
71430123
945808056
83324142
131110885
561070748
352288524
119800807
175282951
624208966
590744626
724809336
833978050
128051599
955381562
295077896
997096084
682311414
710264932
153069612
452462637
169472527
609153135
630489967
933821855
14641967
422936217
929752973
412340232
636022203
362108837
67820548
150365097
858238908
809730628
635699361
176389350
491453387
437255243
782197111
552907514
352136260
800781529
539529682
279185140
316886072
298203237
48531516
396460273
678216697
213317966
590388981
141040570
781276813
149350246
947648858
84477274
826753769
766487891
380537328
998001094
295891248
502992670
711168095
628594501
166852207
378275167
219114800
486193133
593632637
135894662
256390885
539508128
987402283
650680926
886749892
854174465
143337323
605175682
470413360
270467585
905229203
176341314
809919575
742610967
779084314
228923537
782167843
820702738
62536404
679850533
142018678
253559331
370890166
689769213
528846488
387962856
129989227
591122941
601142479
327784637
693094337
842350927
905883692
193868055
521400915
795647216
159337365
574015726
517380599
395091115
798543897
724338079
971743865
854068105
107305621
690963222
431227803
489340697
13659954
815056817
524496190
902011206
646464521
391702757
587441839
295080738
833430151
874645517
856753503
934144018
373911330
882543481
361232354
629068650
396846262
157606235
758549801
16506008
955939181
542728776
493794847
161858456
101643222
676475019
413640147
134527371
993876287
728923755
105451454
295716551
174851820
294157040
236987534
604122357
725303628
738160825
416304020
95178846
866576032
335581381
543126769
229854005
895678548
841583413
897411382
61604317
474491828
377419988
210825753
348735649
878402546
130911659
182956771
974625833
435346120
732473892
662632249
105421456
15585439
644204593
874895464
546228670
548873263
726117554
284579863
706172481
557858517
531756817
721468538
992551964
216180379
170434180
391723838
234362661
16436246
279351971
896272471
403396562
29132449
376451159
75447632
607238076
581397247
588458343
203672430
710163071
648604879
345572975
944856920
736847811
292990512
349116091
661275489
307518498
521574105
227010382
157319292
879368959
593119810
561466633
604505475
984221294
748739391
331503733
796852695
912570980
307852087
917043143
271828835
971117602
850728863
478524998
239638915
491781945
848307853
947637190
252214467
851485976
436849315
864633378
840520201
143732775
523570275
578215401
813724919
551716484
796880626
502519978
641966935
769942411
80607191
80912741
5058969
697214945
900139395
790695590
745617067
187028403
849640686
538528598
966806543
489856655
27916549
9125841
349256712
943656254
326559445
998772488
801493098
620757315
20589117
51135225
686937566
636134627
999749700
504493926
195322520
715587745
304369824
238216514
812342240
599195807
466176665
294409599
348396762
487825695
990918753
819190671
999024250
503128441
321546543
984944894
462575621
580763640
545728634
162654974
992259862
208794072
885058491
216129482
484762406
877323586
286255194
449027709
210938802
374624975
773878906
169322269
711989713
612612083
939809584
48150332
412987554
960051023
403421091
465660857
144731155
988454480
957534086
745073044
676814818
413483311
567266646
507710040
857620479
997644995
259525625
301519923
225464550
243745775
344985316
974298087
223138825
119653909
925506703
235937432
718261615
632840582
121568822
338520098
707973349
595721430
428631515
663785666
69341430
698863133
905250437
81977855
49789192
867315314
945784856
31543771
515215079
564863608
491273301
416347629
645242414
973923639
406842516
963062338
852496442
410914872
721865169
134519634
299070363
259374618
389822577
727016167
579668562
915088185
235982166
182018353
123537895
366524484
992269589
595260247
924718359
425466893
950080827
42696664
205226635
547930454
537528256
357787367
230739939
573163210
439480760
968985716
842423830
120124964
647993241
405773194
711530682
628242082
425034891
661889083
505414491
453227405
168288203
201613406
245002600
81221009
77866576
347092173
51334355
740994548
51934095
445918842
48493791
647769755
748413216
908953917
649829743
429473424
603489255
243811975
526493927
843371501
286470644
584365759
892730327
766602538
139207591
668832439
331820204
212633567
880091363
111110630
628681857
966374077
558016670
797038432
320187017
270651919
926403891
522633789
705024733
425147775
713547250
967277834
816403612
220147951
306411561
625995038
12727259
118094116
409602498
410097724
226327954
250246230
867226520
82268662
808811044
391647160
768860449
349030923
169782901
737843812
909800176
702724531
483404854
115906053
314316922
395431261
789906435
593218567
305780973
667919958
935398210
875782557
753893887
325038086
787807506
348228745
275516717
447122504
601339361
621270263
219579514
957748548
355772919
26042699
829038000
164467658
650658597
639223555
468365771
990842475
617661727
255725070
830055573
968180633
304356183
752101045
811433699
634362699
562446006
904902496
859862372
442694735
984137369
516714036
968759719
970313629
764028358
676785556
782514254
743859631
54066644
831245287
44954266
319274863
827764884
278392732
955617812
177556194
979748548
786852483
885692499
338309654
221330636
819979616
580916623
260650594
421363316
998476240
318582089
963764866
406751945
739623565
184299711
203609444
509766202
200038107
88443148
79100455
980074927
160114147
240650289
520693832
131121421
175474882
209931813
122300989
253735755
978642766
557869277
119222469
666257703
455598085
379380214
235761723
344324420
422002885
332337144
953394331
641452538
502486866
69119989
264351155
633006751
652207456
717325550
788866438
481414342
995666177
361272159
54647232
532899519
581313650
722479607
300292551
393943901
444927657
537798844
575928054
317142650
816149419
867782896
729158400
331899068
567133728
887985249
504370797
235145901
794410775
194446820
360112627
64121689
28257168
194271043
313018342
450640998
844423636
638802777
571997738
379644151
909577356
445876691
936257560
320402442
748862016
363975177
598362487
574607305
844926815
577509491
895533666
536493693
976163421
354142417
886901188
378597994
985811331
905047133
825556286
436021740
202620616
161281583
307931293
20562939
708356093
313845478
771433269
936257183
366982638
997329572
130877944
719681819
332000263
97294367
836664745
270555516
326817272
902958535
483302228
876654050
823397412
99770265
563005107
929055658
275953186
771821112
238238039
756204263
201674625
122655233
696302156
159135144
170306810
559073266
804584684
473499439
994876613
871671832
775794520
721295889
957299280
833112604
834510113
403480223
234648234
834914935
863998153
930529084
778258196
22134965
646493913
140228197
598630853
637218608
691252432
141640702
635479086
240544410
174070086
980543900
940972583
344573620
163890818
459309037
985969986
704354567
935711871
416113122
528104616
171045713
452081476
281460028
394708069
789003570
424697790
753074614
180494549
600294719
348930763
996585436
156163509
45185764
198906726
56433429
412744319
61937247
769317558
906472265
181410578
358674639
595695760
340840482
536590617
944207684
905354279
711693397
269876969
637516233
463447450
871374158
82364264
258286350
970557483
193190270
282000830
479481876
815615258
38566630
188670269
854718844
213442241
854495857
809378600
72017865
209259533
433311811
451821477
928767620
979557514
235565256
628119302
948428496
513250129
322214237
994007723
477323727
931579175
656468216
442178138
402709976
990205760
906039426
425258734
684570213
823685882
547074178
29062773
886440958
578450830
556361252
226978884
56893429
695950693
334882480
744718371
501426997
241244496
911364114
160329149
221804839
757818368
855020610
690366951
111759661
545919056
828126618
484836869
106904934
120903918
201974725
425753226
107410852
63929943
383889180
273193157
996398795
534394793
372005886
616966667
665341879
194200319
391750619
872773498
563353776
691001663
259061139
472885217
860807031
443496843
138858803
17815509
611733572
532662469
549085788
503405116
427173663
746130174
899045998
572764842
569575961
21711883
425318972
524747595
357837168
836190418
241832582
977555840
535629473
560005510
261076734
949687239
415132742
646090747
315408282
555023611
141048931
101165198
976387044
324327487
762308776
277096428
8189825
672251562
484540221
283965828
32927438
24412007
131659314
400319249
407631771
454190259
908038531
891240706
239564663
879741566
216658212
428897403
350262247
887072603
927639658
620793684
981690719
702480901
862196063
41072624
848008264
667027216
730807236
96875691
556479870
928952375
737859972
356260643
468781257
715832469
717045078
89944584
706954166
289349658
364803326
912272145
405235562
288389859
933635076
517514905
981732129
765925615
50628958
961800377
767012245
32093627
593327486
207904747
140913688
774949859
114554698
45399596
61279381
159127587
635831245
213601147
609215911
825885088
664256553
385066428
693807126
23533160
719193855
918552498
686748079
76439547
35690629
313129808
430032185
764879925
104073640
895285341
554191131
651366792
629218398
219729307
647266480
766003012
185639564
792763266
757325961
359547259
922308523
78340840
446359532
218397167
632356066
423816810
904826102
481524731
505908435
937091770
962847321
340722293
579894794
587578350
733291845
59727231
902839941
30163792
548588528
262853925
273711413
340624521
862810839
77930758
213398044
117652058
474094266
236695256
298575024
916703076
512117589
465365237
206703015
825555069
344281205
170305878
166200680
997531966
701633686
919049584
327836030
606721473
325519695
890828669
796742893
858163689
724545895
148184756
275544714
251957249
214110720
373333233
450426734
473240425
339775287
230182761
393396854
234620883
19760085
347903724
916952181
910689206
101792640
365336002
528645313
781293659
962264168
360265357
921421569
170935017
40328211
172195832
608596902
759977219
821619096
910816878
979833548
583480066
920659740
121589538
14613815
31596649
559174780
752885375
219307202
850777419
457092898
461377248
816337959
798110361
550036524
484409197
781175232
556553998
79027628
557447275
712746217
681932982
759787572
444559861
727548630
295095234
973530558
805342147
99714739
605423373
133561608
88547891
113533445
465183238
267167362
982017697
76892655
509217160
137305644
104898908
979097080
803961625
416805597
490284162
927295812
503958679
420599837
734904087
761104017
113519692
829525481
703276187
762098308
764685555
886031002
484817589
685069666
746073412
417291856
794694634
579673235
515681306
971548047
196942440
240584502
778985213
375921426
775851000
412724589
413446602
167721948
832409541
25731692
503716185
817534529
430830146
13916080
744148872
983627567
383251583
413493102
797274552
221702703
69467574
651219694
818095396
917491427
717293736
601328900
584607254
948570930
784085254
662858778
847986496
988491072
69810919
614123538
870418812
944819975
383283391
163170686
754917110
665790521
539593469
57128065
623012544
283523139
56924104
894621071
837560973
163397549
785549701
634454199
573310487
474094252
621302424
974126659
435220843
686875743
750516615
554330959
743086299
755293615
708218135
943854990
15124431
382080624
241076411
286074029
173099886
353767754
978161486
490074652
170461817
696797625
271028633
772337043
527761492
686100486
137626423
853564097
913499957
563149417
966449363
381928907
948081914
81921006
737960092
212398754
795843521
865534503
873231244
755346565
853568688
653827902
730404684
70076700
931625289
330077234
962803136
428304103
941611802
471705288
75741756
610583473
529956604
839523598
967106026
145970664
197461053
420025747
943856748
526612457
364068318
471169546
383498324
706855015
147549442
471675928
187722404
911649075
333898322
226102051
958404733
504551751
252297494
19449395
35866821
102080156
824043515
190549175
815676366
151845688
493918846
255759322
578012217
613761614
328431861
329602496
12893051
104437094
977496764
415009174
665379893
672384418
465407557
543507208
436290151
319913121
584168247
56562181
945078798
723100011
674934091
747500352
575548859
975270924
566284250
464961360
383772793
323003260
734609867
965426398
455668511
59732658
828115865
925547278
633863857
641492859
824419052
156618593
649362827
270733109
424456868
78643399
693502879
421996611
737601163
564341205
717874771
813430056
318151290
51837857
887116059
679111643
451912724
471938440
454957681
796523683
260555006
928289129
78476443
204223242
472169212
428278132
698638677
803096525
861611836
843470358
327829207
423815388
21839976
689837133
452028463
232040999
477788247
5419180
761535124
236177403
630677717
766399345
709540712
247274257
131776185
656397423
373000975
858549803
127066493
93772622
231943724
962969296
954534420
223276221
797798035
18360331
331500249
575112207
436143808
193294918
801637144
572634561
388473438
372391708
445494464
553536891
689232689
417232191
379266230
553576207
277771862
479296675
853121599
866536289
761886756
194070642
305615035
850772856
952731640
262888765
75558811
144452766
781375713
162029325
187898128
595709537
688401343
429114486
109759280
153761743
816431137
349730767
76202128
847074183
487783191
401078272
782114227
559584960
986628311
639436637
48848734
317706609
239471783
913811573
138658997
851791328
108687107
728408148
822137216
131425713
546119458
228763202
744199435
525621117
554855045
679979585
968907913
900291721
699021366
577485758
781725597
371189096
257627321
726763282
932949580
902345669
812555199
659951040
872821908
440102247
407673721
53932233
999337292
469646800
594154791
23445265
801142567
266831090
296855823
728938498
663580758
135356219
291273523
512759783
836637977
926165401
264755610
34444752
71016515
111485092
372981775
790340813
154457304
805550172
885530710
345358736
707558446
158202740
150293273
91095330
525767501
51888081
847498531
731336372
138452934
410548773
540258276
723953698
817499640
919563452
539170055
777279776
510780008
861158370
296984367
68759258
792524301
344977613
384156033
180905571
401848509
760672873
731244704
274823803
838837403
491126339
373532509
10095696
592205850
330932076
942997153
491266900
197559976
700238748
668613191
415461974
136332101
511641152
317799129
919216822
914274259
266572733
519248337
176415444
448237123
369929002
893156507
968244320
209465586
765217710
302210588
801637556
806025684
120252658
953604159
376295610
363786145
799595366
178839779
881469658
400883602
608100621
234103365
498639758
16149592
117101906
239104468
327153919
240473458
345041007
90692619
672592812
93712756
713337344
291397588
623353717
201314104
591669972
174351755
84626123
511656010
321954704
715453685
133855760
7470975
937630373
46891069
301900338
152830929
987326354
275830988
852967896
765683224
815209717
786833733
872373979
402590638
499584875
646562047
923110757
503130420
842267631
439458203
148220276
535340149
875989154
673290740
139909804
783040919
558966918
528392770
877675759
661567494
422162796
890389248
568365829
26082351
778107907
774907035
778920866
675769410
919468920
349638997
434900103
573786648
784701504
306426997
57445704
806893846
59332930
20698215
843473612
894540497
226254543
549420501
375559729
320102517
197052688
580353667
684460054
480476536
783865452
285729093
518354126
354971756
597655032
650509457
501822002
200605506
307213259
641724871
408593992
653565905
302307529
479533878
92355204
414522924
508860471
94671283
278602351
174337990
354448701
342894853
9567895
547627521
476417790
518514144
430749972
837936594
265745002
450320714
76050793
588641351
261138002
322468567
739746837
779268128
980041804
35992304
725579567
468250494
315845811
194498747
135453758
648474026
857610560
714930489
654854693
742654222
207359020
440552922
599982434
878731382
214876070
809734758
225170017
466601419
374134298
631904958
458350031
704743962
380637572
885885823
21273689
7750946
305208598
919204713
510927309
992075424
363833619
402427481
409830519
193791852
300775600
768155010
67331630
15778535
321958974
38814403
516696309
954332677
856082770
706569215
626736057
362175929
794337700
470352175
689168041
860364447
484192251
450790877
265305438
147194605
263967719
477056000
609288265
928445975
73002131
341467793
498809076
387369350
251627787
841920300
302929921
443086076
546488657
57372386
275709493
186477459
774376213
569325978
320258216
283040676
373870371
571804558
735814577
534652964
282530850
29492048
797102404
31970771
195490241
891700576
498570919
259049372
615296307
805409124
935346619
724599925
957646892
322913367
874603180
156139774
782685546
372742822
750562623
863712988
958417010
638974842
713874759
593187437
589001498
890610531
502272161
170678880
691383843
868247167
214880631
541115575
802998760
696973564
320519344
784730115
454563696
687673867
963285752
686858593
577117106
514049352
572077424
164407169
372256190
595767078
335907081
193807293
791398612
421053997
320662436
302635944
735968115
851026956
136177079
956128266
621194657
212176437
636502346
60032277
700491583
902991623
64465593
941074831
894496009
23260378
385590930
660442611
616166255
477151939
651637765
706336085
51055734
631922489
908926274
611932537
3907457
892038544
990438369
353423602
307585389
394787399
74062584
951465322
709484779
416602124
8982665
254019060
652300064
58949651
6918184
601061673
91670656
732480373
431868806
871690075
856502613
336509508
52489704
249544229
308753985
403500248
19674668
78493112
237519267
493503335
88194294
946830069
75252669
85022575
525895971
697729011
416975968
911528957
448001344
90041004
145003132
168828111
175133889
389648285
312445317
550045724
342393019
666533202
455669930
322656342
903823129
452271405
853673565
410730491
756033051
243838638
365607473
874744986
438088436
258680897
42595088
491380173
490017417
24566881
9254873
860321574
358059169
863127108
482163322
337208764
240420674
319368827
923097661
887974477
339650866
981625712
107112935
638439062
899528051
741381087
461325700
584463267
816248430
567311563
860876326
65824567
333049328
938828799
959797253
641674606
933912704
618311626
350387474
613752110
905241752
258488860
201968480
685843749
916777418
845260797
608842619
588631579
574158348
46777589
852520518
733099567
241804568
945949575
537063073
207044587
428473215
816588983
852664137
700454869
568252295
847634698
581218521
280257189
870805783
51658730
269811099
746160439
717808007
702461387
895914492
50427641
682080584
194453910
819588911
486633082
745557755
610830864
245923025
185739672
711521482
333073485
47222901
941425733
972152302
884330560
742456461
877673273
431017769
449714124
252786394
764444601
730767897
995317809
599614962
431183238
510469261
501572023
38105378
831414488
471383072
892854234
850040294
573885803
359027288
21768720
210654715
176015358
339897019
144912721
125977850
253830356
179681828
788693219
793556721
233465867
566632218
409986391
124979873
674532858
957937565
61034953
903285851
886832790
341656161
279635154
561202888
78396784
570272282
337903526
840116043
985473956
564001672
190257520
510973775
482079014
222634750
59611120
539466817
783768539
235251863
294154374
505477306
788240661
362105417
365026917
462306689
511086517
204820278
77360306
812869374
863248983
980116124
49756698
384096538
467060056
433208776
676482479
713240764
980335755
241579899
920130093
307995152
521617831
831039093
425195681
121814825
475593942
818240893
872605546
810978573
992984071
310047668
970452599
30691760
848121836
529436985
130353348
8398462
12940239
242647228
413730971
447248124
907061844
780386729
338713860
122424199
206418925
606962356
359682220
51202867
518187693
455144673
316943983
684938462
768129572
10411198
232959622
843325278
41004895
620907799
484997649
779648028
467078202
66101975
93201617
895951411
296252501
960502338
895567483
413905183
646783104
986436265
892597242
137697535
771740003
586790061
144420764
361366724
931257546
162586265
943361407
996016256
744071770
719146616
10502314
286505185
256127198
432392378
411154362
902038522
981890570
709415514
808046651
423959015
852120334
434967846
944086160
842491495
105098082
640508256
854981739
739624748
350431998
219926529
788571313
302092222
791627584
857437891
241781685
347868017
559366781
12556531
165409779
142530108
527752315
997611344
937421723
672359209
179873299
755199081
502137020
234587012
108008990
653446226
614799413
923899742
545983706
353428356
173820337
22389414
588233447
819736249
533134574
540346474
839132297
561634239
622361254
622775316
463882602
314073260
992321140
138464276
427412351
102966033
447171047
49913494
333001049
869877503
245527376
515087696
753926546
193117515
851692837
406285337
124470935
323234633
287446030
829548026
165496636
237104930
388694693
126102429
569868962
987768080
991656822
262510838
607718396
527860189
832549288
880455582
175962341
521104060
962057217
76039096
287068026
599520000
541567834
287366526
351685883
881094349
91756811
352138899
590692765
204950922
685390161
550871403
684440693
983013259
821335257
576964764
828538983
804572289
774756587
641748188
82845094
878348815
56458940
823047170
20171088
87672521
409759512
349601800
769496713
701903948
634345997
570153524
702715274
897384940
880552091
993129093
152132271
875707739
286964058
109891229
395649991
101374766
406306108
987504304
271988190
734036288
864537173
760830124
556419665
404471021
950919021
761593243
36617393
225042761
687182176
64235305
764000670
576412417
34610371
112582381
105496252
175511747
359792725
788156694
216784281
562919655
211548167
711907167
420451151
211598555
840068833
129231490
219231246
256568442
730818102
432099918
376580345
912514203
113031555
111030698
285697450
470970575
367505327
368873419
110722315
160598418
259521891
633582029
829106009
273881198
109166204
612276611
169931346
192991039
934078358
279622103
414286887
470364163
910264737
767347689
964191011
433053612
518463852
184740304
194633831
715016219
872548908
59188183
459266842
132663465
652492990
62606373
931990899
148944574
172474735
403823922
658233220
81095820
642228514
436421462
727151162
268111738
368471440
439207866
93804208
274808844
411458902
90766117
328598309
77338844
98283415
550321121
386920212
558591661
71574207
149432741
315415748
950237540
688481244
512674518
51034032
472730711
584051957
852459357
248193429
478507399
436147211
240409083
387346468
477086790
814453155
273570719
694495577
231360353
907465426
221101740
289217110
227248012
212777373
813756706
82670650
98999938
631536480
845741048
453635146
443215184
571377075
508255226
391509612
462353933
939593708
285042369
722830480
396733234
565931459
399618017
193534245
185927878
449531067
806716664
215651807
468942249
54664334
835582344
257034447
948662165
510716130
322720795
949447114
354516478
316953081
465620118
61599538
438180209
135005855
487122876
914418113
491144879
874213575
354385370
134949034
368703521
105858278
560809161
326363461
326363977
890146293
651487218
542027273
979318114
827820567
739807704
406413555
735821276
574882197
181219016
65216334
530162247
365139670
370912053
338124221
799017438
726320630
645031352
592873839
660082130
764718483
491167928
71227155
443510697
631192432
134240956
300190464
318362279
812014492
237581235
775503019
574937371
335462552
610229753
529473414
656787623
920805762
728380628
72160793
603731163
670973124
321433628
667848209
687625213
975485840
392683042
296184032
355419022
627223721
205694033
854604696
358489996
579159119
761910386
996191377
461468907
24982141
354154404
87672066
422631696
538758741
31511764
972279640
197657266
297227879
258911492
733108636
69880623
451384356
351918008
528470936
642761029
451361479
914214900
312261346
263358590
215845072
752075136
533701830
813805028
367653803
770873830
888552791
765662870
909323630
230195137
264500656
876960752
135854972
36356963
21309829
50718475
745618157
223446619
375646905
718477008
633010321
13945726
81984260
855521881
325490593
144093872
742476996
821009437
887538125
859931648
237425332
735304287
277176193
219835262
976840027
638130986
441631205
198433541
807278767
654407637
295458382
836769464
962548740
658168307
669494627
776064751
561052627
884559247
744969872
261359764
266981013
792746580
62439216
338187349
347276784
128892710
291675684
755788399
756693320
152480519
845268989
556601156
410773327
416900828
703580559
293381994
104141168
761000293
889917501
792039797
881407193
276772705
493438307
607887106
919908923
762158711
95328933
476664556
689297495
781541497
770711666
609250765
79323017
586296102
300169035
722034646
624314484
57893211
835978379
923078389
155846914
468801574
776972584
976788852
633066674
334630075
847092384
424041192
646826065
9085223
901337762
924081670
547519910
31481929
745795419
969892339
15305347
304082307
885274214
751022720
427328319
134653873
673712543
905311820
160780264
562867122
998238182
859128750
211152948
372934762
631958713
52940914
181287650
87025468
727717288
214902545
460982934
223814020
329399863
223679264
454894770
828361632
857790858
892651044
729884138
602512120
559115056
968027184
290662870
424586523
56321595
843738452
569942486
201457655
691128556
943754221
186740323
321050673
626044660
476209443
158743000
737683154
874441479
368280782
644031387
956622125
212568779
604360427
622086811
846514733
479353672
354344680
268683792
138085068
247114797
739144995
324743082
628855881
217889438
631754833
478953061
292722135
590496598
785175912
95189252
687561673
519962603
522958411
595271335
379323351
284180491
958329632
353401682
788718798
949664608
333834097
903573984
835910136
10282132
602293724
400759222
332292315
565518722
817419781
538253078
784117868
948314474
562726903
972927234
355797375
417068903
719335444
926929492
91555378
796207158
617762839
439384843
629349944
477755641
672705833
905918245
578235657
502459706
143579448
548628910
707696866
904296492
765240081
969279819
508362772
808746483
452152381
57912935
475681332
738681797
482038774
44663517
286658697
924044770
367941775
631238953
72864445
517721637
861662843
991883117
585094092
666918925
509696202
248901110
166634601
240189300
641878847
867951276
728179593
414341941
539351950
654073604
682132282
673923685
707814513
642772609
935849961
489802475
844617023
396749005
49259167
208804872
462807144
212397773
474977764
861494425
581324497
882344079
693705586
864448789
47201176
346287308
938152771
817310932
458473949
832443029
59690203
570055092
338000629
731811586
200487349
53109920
214484003
948675521
186988130
52632343
340759026
923606549
529175320
473121001
360202802
997038713
272483369
84907610
461120339
930406206
40877555
876416071
677341405
962616065
272226041
834038330
898639616
558057853
374826924
969617804
584596074
610071089
362882712
671635259
787246907
420460653
509447507
555476089
149745470
328608519
231140705
953384033
325308195
683133522
663270410
984454943
856433066
77064155
825802656
944287488
781492461
612214367
600995472
492987839
658034739
96766189
533687946
325777548
637425472
449192154
239764306
990359399
375353728
454414301
44650321
816025394
1201454
400827728
985004842
939478024
130569085
304508338
468971860
834841247
79780679
853667178
735540773
858461356
58887974
574569932
54607756
167108990
537191932
592320338
482740154
160422152
940838606
781727858
705529476
107837973
614934868
546607672
267572063
433561894
401972443
895456923
763857556
255207872
526907552
419987066
612588065
684081481
104889363
487974523
526575002
742570613
563363272
740544988
670380736
144871402
470508922
341982801
554177376
514945147
671870330
948087667
201344435
603185219
697823066
47717501
532510170
76930872
662679251
322697001
761334173
390775775
720620402
108431047
560758229
770769387
372013623
559965708
983691994
630914123
339996707
598140227
423037733
173085567
474521554
192733405
873034682
713410396
74525657
832568750
504145853
504468780
134709456
295117265
156400935
589609500
286355221
574403363
952483683
978422069
695270839
222612976
283574107
383236821
279428335
450391471
779095364
882864538
185875368
798736936
589730577
152719305
969418054
696070114
250364142
495086892
328463135
248045195
796484943
998972890
979579722
284958470
640246266
874640280
749472090
874973445
368010296
462131902
159784990
964139474
447327810
173576700
962158249
871765554
704839352
847670875
99652214
624501057
186035046
16611876
444783634
739677688
972444925
950717228
581875997
20978889
966435065
704235117
694813661
420217773
977835711
501317623
530411586
747923357
762762644
443046755
8341190
742645119
808062369
235142493
713340978
87401445
765240754
795299767
857906412
989395803
24874306
771520147
610311436
292106779
796121282
170194321
446048590
935988949
367364452
91596778
456710809
969250947
711770474
735696126
843300332
937768935
430716540
412989445
62730794
884059915
405746029
257653374
381118677
365326572
292457010
655132743
780588779
224064017
80458617
204930923
180967239
169433825
74388247
560377914
604639836
106534178
517802501
833550040
397898626
674460555
209356185
351196252
802453024
131418826
91032147
620709030
954001691
483124670
374720470
340281658
59774925
764122849
801228351
840980092
227833354
820579801
830911339
245774035
344837766
146224033
501250936
881254066
447319828
434394471
342237543
242328555
476020836
353849373
926938457
364617508
514906860
871483992
555989631
153784399
984935579
159167342
211098843
813868912
966907668
468001798
727869975
11697853
70525863
769624568
846103142
288097585
229160375
27495699
404901038
229649683
558625131
467182650
748018846
708088879
20320690
182304228
820773825
153354614
954034844
115560530
542797891
786521460
401164156
489115434
200464550
468378005
419272880
790937171
521549379
528210367
317320328
370074549
273229421
248712387
260976672
85022065
420167815
541994291
724735104
840647839
669475631
83570877
482462282
792102181
800436173
837757333
353675129
680718590
736818933
808534029
215900408
761607503
667280949
731938060
506151764
725972216
137040078
304127366
276411612
944916848
619651345
706761914
58051572
515219906
115503707
630544626
355516795
332605407
561122914
527235142
56622057
304436118
814847408
892741276
598663751
850719606
208115824
126261282
676923508
955701241
452211774
316120149
497155379
398704288
553052962
59552803
319940339
354162856
959890159
869471685
670077256
18296121
200616134
360849949
479821370
975020526
211464623
157252930
299657315
117932491
705776995
981372953
325544760
626213512
628544978
242400169
591398469
816171658
386398385
969247403
835623585
352396197
759167094
575603617
208095741
746491265
511698963
779063997
292689326
286746952
578036860
517777823
573098008
466366086
301788388
88590924
369377371
773725974
799792060
128737029
272609539
141695927
494932175
515997266
467505556
310050094
846608598
207851096
859173390
37977697
763103726
458500617
731156056
991825816
838405432
654212233
482831589
561138008
114224881
963399598
512351753
927490460
238128888
649397538
405140104
568364457
64687773
434090465
789928246
656056272
438642297
446463719
587083948
18677009
295675423
652294392
63944444
93829503
653007354
689733804
700693130
826903280
633612921
475710141
538692477
286697168
374937205
678560602
628546959
207637225
661914272
343360055
94713019
767286250
72596782
984216897
918241743
418858410
93139346
400714074
765357007
60297034
778851755
62416862
564628699
863016668
795026096
827372148
518393242
375923281
173275205
957440201
634726216
132527714
526620792
25705743
977158067
396664396
55068127
767559954
13113197
632239918
896790845
926784884
570769465
369673589
275836311
741527730
240471005
67163016
310422236
286853348
453285329
271138098
347497662
114456563
481759468
864851412
93501685
518668962
563771054
582556334
110322134
556128597
67878434
85815881
874895741
731921713
605013874
849463173
477132936
333046368
217868399
416195164
138276143
667264016
438234733
511204110
742318776
305943934
555432586
922777471
634539537
381770721
966412645
258550163
912249750
546447154
43322930
61423985
937081570
103548271
712487812
498597132
63870047
322728008
910343974
70970328
514678212
561885922
744080667
265204022
939462227
493796540
949974867
383047642
202543857
458906251
652172019
741517569
391283683
736573374
21806298
545593145
34959537
17291174
951257044
371463688
100143527
111867617
745283284
289361634
735214715
690777973
748441803
775243692
907774262
676533955
967770547
370427859
630519796
725560066
674993313
878236558
435791326
982172256
286987040
646680935
303904471
699847509
635964463
475222872
47139573
798592660
402327108
829805657
23483998
631784101
229743488
239452555
848379116
33512922
347496032
56419594
269944686
563287457
463898462
133711134
158769710
217043314
230554097
724107464
10070053
805684863
822194804
970599382
601276121
483980471
790781226
55395756
994893932
936155289
289931447
26408740
96234108
953277645
578695586
590274542
607780392
661033316
421563747
647302153
875886138
707727815
426637008
758663908
683685084
902233927
435482634
730577000
12752339
820732590
72422585
623292859
323763851
278071141
13259520
976788442
767857369
459577407
656083629
192997695
857507170
151852820
943940857
571130959
74546170
635556630
716390374
185995229
227958497
392736081
759120431
337834592
546176819
785873512
89117136
427129812
887052122
521044519
571530619
489499121
721481430
180296350
488306872
968457814
637155503
570149097
160217722
57933999
26730453
956406461
375070182
282848211
226756803
579362319
570121064
196956998
295185723
91833988
152460712
319935228
950141011
367938193
643999283
606297240
292167723
311896089
457827046
371866507
4775001
350203971
173054199
821064048
733949195
78348951
584579885
616834377
182442284
462277176
423098512
225344639
735255042
369943400
999043617
708848143
819327991
480132827
649344894
205946332
944199812
920101261
175517105
205731804
33915659
552065141
550386494
240677501
480765029
279682567
910965190
504726511
69242296
358733346
564517725
549136345
390539733
111356006
584695487
787139396
223234662
836589461
321400845
298685218
474783338
905655137
602954871
313316369
746951259
302119489
274811021
78023979
178670455
756625300
763974659
901218748
872181264
552659808
27449071
22552122
103317036
269029386
89482092
198966925
314978934
232439631
43405715
616369021
231824483
798915986
413471126
669736733
617742121
52225320
165489311
174075427
880993988
458747477
734505693
963450029
925617244
316542081
181317876
702808652
245857388
413922153
145501108
815612561
588619137
595144369
46512397
246279317
826521626
477147890
420340947
703711884
127505708
48789418
958188177
162520882
929317028
782536526
714873104
478986710
691971486
989777460
915897489
923955650
375501548
294692582
713863953
693933225
670307706
71308204
827618263
979603728
567818246
915932419
980816582
180052025
591715676
769584383
111998302
326131188
942179239
314217638
148599775
123831414
805252118
386939132
397505682
37944944
121851252
401053442
492333904
364428474
448715359
76443461
337817094
493790841
336176717
167460972
248581079
253016329
209991308
116330236
780888920
58417931
322993678
547176188
717910598
179498407
105731630
347899939
118553829
497937843
346963045
304659527
697393855
896903521
320818142
977442584
162225560
754256011
444449754
957347143
905749712
296661698
637585047
558580847
182563651
154222306
107723517
547687461
838790395
853913292
589242446
109462779
725659808
377331229
658314906
711975915
810473897
459151275
434465580
897614203
252629748
196360370
583141143
173742234
455651743
542019303
981284287
434957397
570772877
252376337
778987781
559888210
542816147
718000739
168520101
122595577
547651799
983895080
175885166
949723597
189293634
684481737
476415006
305771510
924369289
517442337
738338876
197188323
888183197
199434843
412919970
786104917
495509370
764605327
808047145
48368222
947424099
505965214
466522993
802606627
835628086
846333122
906235263
424177755
388477486
535629707
202172547
333105296
648371005
147066486
775540168
248048681
833665198
607526277
95542503
404586564
387309296
465888960
501247539
484233744
76742812
30349809
298619257
150811105
391714199
39207691
788525800
974418401
601274634
627320329
717257112
126690394
522305657
961930626
392584725
8179157
700533022
981853918
58637026
77303611
304708056
946111196
118714740
502688955
817016891
711292535
214177300
82418056
347149094
859432878
808613097
230733508
214101863
479855609
602798495
268034440
282667685
719991925
539208225
976198035
456436983
31811593
55132382
758081739
870638558
129311745
341811884
984559846
49673562
297490337
782378627
124260297
658863029
511284952
776438903
402101935
284958545
760210423
165284055
656637893
871830817
552795362
850076153
234186749
247827918
823122784
361201915
247774313
732723647
351387391
736657889
863676665
645793986
317866303
256535136
688856371
998439596
403981260
51321432
856697389
211852252
94494371
439389401
688008410
979103326
73217749
875604006
953449928
712800225
428571591
703615440
554316285
955171238
504550885
95512671
361590257
568837487
359945952
147007044
732926414
110424539
938462136
457989175
754377895
166442703
383908103
977944317
194385779
202498747
196206822
61143070
217160601
310811433
8438627
177874850
347667672
59564165
119926447
790611464
198733360
117152872
714906031
914420364
569687752
640781554
720231065
8974501
26169763
541999235
53639470
362765857
392334040
230995423
187560275
867232271
878195216
169847022
123312376
361039039
151039531
545023928
947893619
261789784
218458303
234970826
102924890
371278059
281873306
680204240
330113109
407675889
184608363
181205279
128455663
899443133
75931819
896469486
373728639
351522482
532433215
461686694
499281437
154725662
282055047
719515885
988579801
426890503
310730808
449437894
785832377
897558695
182488818
494609992
580916220
616644205
706151519
898154068
769016849
774610272
710214922
689709399
656627877
831303673
600344327
241401358
727686645
395855672
309629672
949578583
101443724
829350278
487185789
337371440
285402949
636437813
192348853
182863038
45650521
392103958
263044249
586395771
602339381
108446618
465281923
178893050
849769145
898465254
513789788
801312145
612027294
972482864
57703218
404391184
984145877
778287294
694621521
88338198
243213967
882064787
829636353
871170516
133797292
157952955
909023205
984728720
139340670
429024613
142233456
460876265
188578063
752180953
948735375
253795497
885771260
180903014
666756649
943354738
985902918
328906479
961875470
168392397
560624301
350697670
553244032
443213806
168113777
832048368
828966791
862746177
829819240
74422259
154728563
608628244
753447859
208341525
930094006
500663127
931107750
777265340
548902712
136285233
482306744
176818611
943825904
765596798
146337093
962802925
92800540
556486058
278861238
558399139
252866310
640636975
57091524
234244337
442395766
906312161
531170238
232325951
8557742
342955213
755134227
167676287
788613661
57456493
299014104
563619345
659778811
944590367
747146317
340275989
567921432
143797951
64544137
953539671
550498365
596569144
211541674
649011347
978081592
908425621
855223408
720374713
230054232
26858504
957205242
857200338
274144457
156592693
748368759
611114053
132451449
153497841
707851567
564508919
714023352
917821646
611781765
688844374
209725162
76684122
414997354
320934197
661062951
19040327
734962336
211356834
550023448
793681970
52789314
400485257
298000034
784153811
475368337
554108747
596406149
709744803
452708154
934398307
664472420
892551607
26712793
645356803
503696962
555055213
919702222
790931243
339311405
191567923
421533397
351318938
671554253
885366102
594153685
665871508
373850876
765899466
548681948
419594448
953803529
726893550
148603350
500970014
182020410
732396105
68845562
828178315
188840798
61210492
97450025
766691515
824869878
173419035
226893846
186792169
661874121
880332774
535338698
430703503
478928126
329242356
283242537
53445771
230123214
687987409
922566274
499113674
125367892
195191726
643195078
894786898
196782203
162607186
136337072
853543656
202235001
388219290
92051839
868064442
396390442
410093127
425756269
721565220
930509829
611086056
15733326
769381032
376216380
538945741
272020417
19283445
720667485
108466358
306952580
866617129
263304793
778033095
997664552
265277295
903937874
386661050
873930631
244584196
751134867
828378500
248827327
995908916
469187533
468236524
894041686
302800238
629273954
21123690
825166903
983557593
675462924
720465429
486138204
184714980
254876700
523309759
985333516
948445671
355908426
459458514
284425493
12027682
355561589
79326176
304501333
182380792
308824824
69048820
199324462
491864114
955500488
50646023
706249507
762779040
133372717
513408146
293039626
161317895
298019346
287255895
699871636
518995453
54622597
219872741
972470064
962014819
388960880
886344822
508818320
772347558
472583307
680476845
861221988
859406636
106606223
587785085
892541675
86076808
778278888
704388840
373294663
695097835
724110272
435598601
324890184
241587284
642732476
336913253
628882041
802983059
809239198
561808578
50003709
708065786
173080981
858736781
384374674
839256757
186924664
261189721
573759628
680730449
17630372
879872678
392269732
845689685
330941879
659570025
439531683
849093782
640850546
35202807
983042235
99145821
418227025
280378574
390329129
610356548
538158993
155573456
766550129
28162295
131877194
91757980
100169990
899868309
526532023
180258735
706705649
191497588
732341811
920129774
527513400
210869585
746612066
797559379
690872935
885584734
196581996
270396646
201306178
682263401
77228923
19611848
29647751
545590197
189636813
855995202
874789645
898565884
316950703
708981040
138550388
386263184
682372785
151643513
697269526
318264645
165107329
761493398
952281311
814702252
666027158
163781841
754675132
790895847
986527505
442572144
34290390
70324234
857826157
127855767
156916201
324239136
53500577
645332817
224837413
93334510
427831943
730645337
223061199
667034790
928799992
968612839
844950049
774444457
875649695
371473812
222362223
355825720
525311470
471470373
318742022
575626633
919869107
67397807
483282109
520132329
320472515
100053133
134196834
834294890
184856473
395000664
311228788
446645683
670083126
964033597
134155257
733909254
567338802
611152767
165745201
654780820
611269652
489864276
960572294
362100386
987775523
477877651
417642546
280860860
545527531
377534343
598040231
442609038
721328243
619268834
421491148
69452362
207532712
683600621
146653265
565386769
154517817
103364081
602542757
686846244
895349463
550486165
311648001
341665608
971424358
705965311
460269028
175862032
676489009
217655381
550148437
86654639
741008497
674479415
61868775
914692879
138686892
8678961
426680884
979992390
235270055
508874071
393236555
631734760
179665155
374121247
825307365
179763000
443124484
970319091
382292771
570185796
929655249
810161206
365942852
649874567
358943179
132052456
206790437
294251209
884308368
464216942
675440389
366351848
987396009
382335681
798541835
457341988
24649860
588815973
844336863
763375797
31721094
340986046
873805160
643290991
758802601
195900799
449793412
522552404
354411387
183073101
92544451
514168465
961565531
811733628
641360183
973156304
93646422
570577009
880142633
93526670
990087248
989487335
430659286
601656245
232747024
174867995
605033036
55117181
519151342
946491038
590550255
213144931
314879453
151444567
529860531
608707075
869861607
534490878
502019802
233147163
731895500
325197199
175197393
395050643
942182755
784908449
889353603
790833899
768282681
59178801
302403892
618126858
108625978
606656796
953379093
775253009
23094433
247626865
183234361
806531891
324551901
271770153
353576481
120732646
479447466
732090392
125171354
532186107
340377155
324324622
337664675
452326628
801164299
624346903
971784936
694092358
232151188
781365501
252467509
626045156
319442620
52447138
357999054
121540791
273108048
856192255
589211221
547098236
103562172
947549713
512164127
514048395
658006994
247300489
196562041
391699597
468154075
84749226
108634295
613643172
109398050
844754631
372550613
885920346
406335234
848674374
295718160
91954905
170384177
372926313
614564820
932659206
340801735
680250857
151209739
695129792
112317212
221395658
384013023
319448526
565517651
121307443
324651336
493276961
231625897
164329773
321920855
993984340
554843349
196085167
24253459
777369353
85669673
102302272
993777063
54988654
783113346
674210342
754509850
724057554
125631216
447093472
725857990
64158704
764063333
459003586
10380444
535647975
194634859
566683066
786393647
28124846
647132303
63361599
369590654
306257969
653806375
643623451
599561302
703474794
40172166
690445092
736907279
674979619
132961476
441753460
432372901
68109670
988922197
583217940
174443319
211273022
370857708
114082613
813234244
159757163
403729216
579223351
829782544
937040799
807895865
349116419
374570931
777861245
239045809
687708849
872380875
512346866
598294276
444018582
946696664
273048522
400657927
363909827
15351029
73487140
311150273
796503578
146669552
592014971
871406307
591587414
344567870
208004279
407637060
273448929
240608392
512466921
895300038
326698890
992321251
735553825
774417023
958149167
599735132
90911053
951471596
72342797
662693922
804364748
466837817
305368168
279082102
79788369
376636168
222602101
78249494
822516862
551008321
734438364
626314900
768936420
561219954
175554060
220203103
197506103
980435290
881227195
337694816
641565766
616576406
5579942
975496142
685287480
912769194
730557951
709817236
951332220
230632154
345965002
447510251
603491198
588506475
703779664
59991102
562901029
803132522
683846973
309780171
781169152
310767449
625022671
902433347
120814253
272142212
483848624
283352815
902908522
883988391
472674245
255743685
310455303
789952004
806976294
112699115
713270292
74927069
107559435
787834834
506586942
231047165
42596906
925224271
810194484
130078463
539624679
338845694
662703386
638122995
151186095
258485705
644645474
925177038
560724621
718272897
263270717
196178918
358154136
213555532
791931420
461094351
114371997
602926691
575981888
174355844
455317643
790373906
184000030
919067081
482107242
931640208
548883665
31658470
626617805
676684330
548720932
325120916
825544917
584132489
391491950
331232684
891409772
231808391
231174978
10673280
902083613
776927960
705588109
457487121
784183884
167807560
987105446
733101760
901465620
457529285
636413264
735758328
808491215
779208455
185479665
512222103
404268359
396550268
148123273
311236437
769666046
780155972
950912829
396021134
592536019
492592864
535326001
444366862
245881384
947296007
215851306
111532567
811659327
178597304
859998407
832087039
133282931
414948040
607806314
505790129
100914101
126078779
971650714
720590519
268677158
346522184
600635104
676347112
282385346
505023556
97759241
659831831
614396486
652723787
548466819
476569997
297803355
539380272
169657292
539358010
16130340
814215875
262658960
231721647
717833381
953084625
363484053
501206500
78284664
773972984
715842042
30859674
809093989
881438824
367413388
324656335
754786354
313274957
513389398
321839136
504001832
338604303
619511617
594541572
800317137
683731741
459522228
63192797
600339479
844234853
486291535
462315829
935945969
174076286
608217247
807716779
947783558
781693886
138322436
943723861
945083755
265408472
90498582
413368175
876920867
329776352
693776307
303716505
484847247
483605206
836500496
329532411
974238240
940671171
905761205
763547685
843997685
273187023
268961371
145190394
815303681
320358765
925613904
32082410
421662764
244976970
906187521
871262053
128639806
976455020
420948528
793740764
250584543
923802389
44181480
168207363
384236863
404024784
926119220
51462416
849278135
616182386
537449064
935790991
55966469
730372633
649051107
211699186
906776248
814793663
745018933
113876707
686341009
274609142
337955848
564421697
275050503
537298885
419685614
276193718
745392567
926650480
617237465
124615782
350649089
520320351
774216795
536697091
766583329
124326580
104702361
567075131
35692086
79928592
843448919
332236891
275164523
179611139
62627981
398906011
508002287
959045619
191740066
364758863
41800290
694387568
820643552
76240832
533353739
540903967
632560718
870170330
600869932
791194592
849134617
939863863
494526005
81076633
399176456
667032734
266362995
724431846
561629091
387684783
708461811
457676354
736734908
918411968
575181074
108818652
206401142
852121989
270289039
867194272
840178149
821426920
491908708
894480703
956152436
445575806
730041029
372039278
745063671
88062581
732840101
842984691
389455025
437563500
343402469
153144082
627010937
354829293
153511842
639198993
36362056
417498137
9302792
312547712
99874196
933531267
100388141
40535380
207609648
972989542
291743694
432111503
853054191
132025763
675656793
659686616
676904626
288251187
913671461
284196893
336847030
119733932
553247428
915620239
721385862
89318698
605484158
702568349
525947456
401217210
659876744
128246884
645048641
902082182
234410720
407927106
892313196
298299292
75715698
691266458
951579690
206193326
821616801
131931209
421101985
293232621
342462067
214190411
214316923
509019206
452537195
847288488
419010083
234212597
477827429
642971650
450648853
291084922
675095306
549233197
97163113
922275893
179605434
588721985
665518978
150071069
75678822
604533315
544736859
895555478
815487126
208277731
383727695
496803786
819509290
716664320
492131920
936530643
131690903
522477489
493466495
60741406
822978529
449419860
525395223
538336721
54214575
962092183
449415794
57425257
832187238
779387672
470023262
244245314
105304802
283267338
47491035
195668556
925577985
219530885
514230998
906680305
296553838
326561762
195075073
668644990
868936214
923617007
133648291
851664447
789299804
265745748
992471954
930748549
525244418
83746575
69422499
364553500
356872435
254929375
789441408
486311559
689666740
638220829
294717983
664445796
165286247
224319025
822394378
371238012
871776164
62303439
125163966
556788897
972878635
416575345
506762649
643454275
797027502
440836370
745716428
884649111
378523014
232091598
981992438
584465463
887249920
3652190
718699999
823955033
594992772
866606941
619744029
664781436
706156397
470593340
170293770
528239709
405073266
146046400
223534735
611652859
363263106
826632954
427582947
394265880
185102422
666371949
818607809
638537953
761652341
527454817
326678379
578900949
781298977
527188583
128995736
462408970
774876240
769176189
716374371
200231305
824226018
257526380
380352040
843519190
76797077
172800722
572255096
253731650
53912913
548600491
182385499
691392075
257019625
966370241
929309922
128804942
519340092
664295753
29330134
186026113
902944223
219628668
882128605
307484256
715444930
96759285
210214156
226988699
498593158
109243643
235997365
864367348
45810756
87138157
487160412
445222317
398275962
54864686
155651552
139426947
416094343
167187005
361493325
522276755
512807181
415231192
89137990
121554790
427160923
687787744
104541989
805341700
260214646
978504934
818467265
799721366
787947449
86186737
205002544
387573856
643349269
370640687
415738706
517435495
921084739
243861397
726769384
331082507
14916347
739568461
999232688
930230283
650870413
919106293
638591882
353300083
395898153
225990671
52367074
451850648
377289681
602109781
915714502
116416004
815117474
666643581
347465643
819382378
303095934
949180577
851169895
780906169
885011078
749288536
682959353
974545220
187403592
647474788
61250192
410861830
469666546
767497858
627257451
100091189
482304713
662703467
314153884
668148252
188166535
796911148
87972455
720149668
995030129
440970102
647974529
192214963
499326739
884455651
851561980
115623296
277996510
484175231
745448833
57334388
726149549
559163127
603912844
303796397
496479548
733556444
184193204
465111787
586182780
183583015
823012308
895798809
233559753
322182658
925150866
175376089
325716812
491455884
388935907
333017182
637909515
826386481
654986879
837811075
901712740
85204368
877506713
190925882
437698695
659489676
790156987
363866365
802357468
679479461
233357124
188925600
893006622
354078557
624020302
444851708
254602986
818922401
571556379
321956253
625781662
118660351
112068277
259271912
148112701
116266169
190171551
435390466
863764479
734847361
497389320
240134416
972254827
195864166
944166063
607965998
833240850
478699426
214894578
850168351
673953446
815056658
363984128
658864120
940157736
485178329
125479105
305757941
69588277
29310392
86795105
9640395
697066793
628444013
416800219
124462673
894654993
242138066
455563243
192373367
265617177
446525404
479389678
995630394
501605889
465786890
818710351
12863364
395973861
93969466
844696966
655027736
428186581
975367226
192019444
797635153
768821028
878570748
780738791
899846107
51511801
606865663
787970010
958349610
270446920
879106571
810547319
800633993
111842682
456260749
178910977
32784813
520280569
465457505
249516701
385764713
437066848
546284575
696261441
762976926
796352162
636327922
743971681
748171564
793474259
100702754
158376712
210499064
72951462
233569858
865693202
365868769
131635819
806631497
376083395
289596949
901506903
320918133
320230387
122826457
550004435
824414657
777813080
259279078
324038745
505293254
737561909
442101447
739973495
264981125
142624340
321685810
878214790
393678369
667744935
169430571
203188303
620210222
393404385
507449438
603424967
507717499
645618713
553707179
358373970
328295822
220330048
456732467
366218050
284508558
186533412
787842309
605381106
560595186
29538251
314066028
915229298
68435302
212226649
582267026
680717390
993683280
807006612
446037068
91423564
68125501
143577905
829277646
402380145
265297061
504710048
314319756
49020693
204541328
247352643
945652290
858114231
206315324
462395777
483836966
890012506
200225311
998553020
23234483
810412528
385994151
393877343
553641713
190171094
402399394
723663129
126286791
714586816
727921968
221943952
465352751
71201326
900696856
661235145
846524943
627623576
450125574
608979545
109984945
180819623
816021154
137326959
622053149
862329244
409570900
202410661
8318113
398093770
658374021
897595753
776880922
374668631
81907476
532671074
326007215
148432506
725783434
501648443
826126821
850873789
854282024
132328913
622534467
508847357
873186260
371282293
49660265
972320095
66303903
857619364
627815079
919215701
456071962
96250812
236481832
700521513
195347034
182075411
971105145
132166112
59718710
449935484
974281221
783956457
570630761
588604451
285814697
563051397
688170718
618164346
104278960
939137292
647218939
878881630
10770821
128545803
486108165
787503578
109126577
406713927
65619959
945935896
477227274
141659029
387455203
388658406
307592632
934161843
824676083
477652387
751789106
370101899
549664240
264429179
979826502
157216047
7899206
873655355
674998892
221112474
298750854
137534372
625600134
194132689
111316362
253654410
869075382
291748301
579130041
746469999
866059319
575664915
923336460
106986496
910141594
219658035
460076774
668567226
111209028
704511849
328063655
59529616
815917188
377793705
173535260
419333481
168126965
584520647
523633537
289123716
564837312
726760584
908121799
849426276
415131302
687579134
341224950
634003642
725862088
915281251
647154551
40281613
809632118
632807966
869660690
287052853
477987546
791618799
702898101
142696454
564537024
440293948
220522182
136795634
492059800
782361915
672164079
601784701
358798605
342461599
254040027
873059216
367339144
757465200
528376089
996761161
451743684
852089140
967303751
619478382
692670643
858861260
563569050
114549103
850383150
373874184
929242472
526893063
326642135
934250096
729425556
402981397
755633374
544096171
681705704
956797137
619549113
14000087
435011623
441351901
961209038
22677322
786081755
435683153
851734834
144355995
335365083
952169173
551515431
974207596
764183538
957742219
227402481
381129314
11218133
874598583
560369510
180830077
537077063
952747809
634704037
133293985
431879851
809315621
366362062
572805699
273590264
189054213
149985616
900208899
106155660
965350946
6280366
86590269
493917092
122628681
727451619
799046878
657085440
868109283
768854406
187885174
479129407
228207022
371478647
902589567
714945510
243275283
616197048
90186270
508977415
798395438
364748577
732832792
207321210
878946130
309419446
363475943
786652027
341005010
613049650
58936742
417505898
889290931
885396006
370366236
41299294
936194967
504346964
510936469
40878505
426925647
951295346
690035836
990646808
883085468
228887374
422190084
941145848
540287602
504649221
637616065
30590021
756211887
750403028
592833019
752832979
984699832
52620009
44403225
923257178
924265848
392304168
932051762
376142087
454490938
569722542
759652635
131855601
7537864
203284269
290884250
717037514
78037726
780341925
423616664
793500600
784800724
360497790
96960076
696956641
539281911
63299170
102528807
271310030
43210129
937347845
981350200
534722682
332319764
204184915
356189313
945092190
605457810
895703515
576440188
913958241
356216843
43251373
437036194
946758698
47620170
516019892
822071619
781306369
390064739
571195497
331309327
557306392
36198444
127368035
457519243
570827975
552390190
914879075
186072839
206200647
663355713
969189095
867379188
443009635
518738034
457601389
284620407
158917500
430139920
891319710
353469298
424954205
903720033
909129212
869048062
297582730
377554271
641565247
399370046
210435373
890180644
65063776
24385756
219308213
361127928
696849099
341911972
528714900
73902274
846214381
323703567
197776565
466591140
264300019
844972114
26034333
678216880
458532127
378206587
216113494
885106904
189750109
634439710
443446390
177717934
440067209
917955160
416762221
135338259
626328355
254901028
678409697
667448816
712479820
83789275
274353682
900081026
453674757
721400670
787424383
419672700
872711250
425057834
144346148
217871721
315919740
420027540
926640029
117912817
489609994
529250613
198533568
344550699
764303211
99610854
256291810
293401006
134397555
532298246
622765025
265467403
944674689
271478775
905579089
996037669
500449548
971744089
526358948
41239820
663617766
954196351
565445885
935142310
912800756
851237752
693493665
343682709
830880575
573474065
999174447
956986751
61496875
964152520
100140189
472348385
298204915
317372195
840563542
173076574
201711409
283791365
511136199
687826754
406113464
119284811
370421035
257532175
62719748
952277779
637197525
339631843
337101953
208812344
792507974
676310822
209651942
958068802
261406050
825863444
963543787
419987589
840397983
382267852
82764763
548558663
686209865
980193672
284226836
932007354
270797070
503812027
571365981
984430845
682688175
25690469
820112897
55088831
592451404
460788149
679851351
258993051
7374144
215872368
162606880
611749892
54252377
219920266
220607347
617092104
848014586
259995136
966756875
406797616
242283916
422670975
839721414
522673250
107343303
135820285
757781615
761761109
80061561
77108531
744094660
969858209
165500805
602941199
377212253
343952090
553486871
494761471
476600466
43206441
302167640
628716593
361810147
951695581
798843213
576217381
408936662
562452776
421076597
220178030
549658694
505403683
516238140
279951940
384823760
182611413
332014501
36746717
204067817
324745469
404575358
468385338
692219120
164966837
529509357
7638441
656263395
647554985
261064224
294742912
863877486
115936852
19968964
706443794
492070639
468561734
541200989
706731153
380231721
63735655
328984569
981117284
12854188
704419945
228556176
865953158
170165558
361374966
863104127
796477832
145967345
189645525
54081517
687309045
20677571
967367487
172226376
318550493
493962129
495239749
740646566
504530141
330570311
12417570
296806998
914021948
319002348
204146131
639626519
985072287
38058219
621169213
818462227
639523147
240210190
753764197
236660670
699439187
304650191
395837164
305313864
847964209
22274391
292278825
871403882
124280913
581760010
59696969
332254825
640659133
940230571
632098878
318850606
647419909
894398451
216579790
962733234
611183748
947193087
757103802
762946031
367206403
241374600
411019727
431258396
647039674
438195884
503216125
40692833
612328756
223434616
284034921
49025554
238716623
17418703
523233743
601133687
296046103
871644239
434113003
799833464
555503250
80224984
486883559
7104706
478455739
798281248
192503131
75882812
154930070
204864199
369399223
624436254
472952805
575571405
941611784
381466895
432296622
954204878
293771803
842279368
369696277
436995609
30029279
650932000
332914811
36466066
382637312
969257055
895124879
970303842
652624699
512737234
236695527
974899609
716541758
836266043
435878024
693205446
974392375
549863626
970345898
952816335
67414944
642791761
531711128
42717649
561737446
442284301
560159153
144194548
815423615
627172784
42387283
85334160
390911960
310660602
985914011
350248680
298510523
728275518
823417390
943228058
885452509
435252680
632523955
468087612
253936228
458499156
949489780
612079869
573437801
645910866
644881796
630387384
951875961
426148936
530136985
957890691
227468204
733307631
915274952
954838432
820962115
707577303
34337836
884225245
237524853
21246230
263210494
290624302
223941657
649087880
985523677
940938401
370989761
711116082
746999095
949863454
760393656
757853913
607084747
461196950
446761078
875312519
649526845
147853843
140786929
674849215
189757181
221918180
963841128
538251462
657655861
16785115
899262018
616374883
525886891
40044716
811225188
852291029
33654988
157351886
395988458
230885860
639608818
634563568
43663927
281806891
331208080
381520467
925566263
622286007
993220348
471940572
738134582
888265646
606418231
608814438
937359061
271034047
167726950
891274225
449944115
100226302
904344866
578581981
149692180
518701659
559774050
660021613
731755462
131100867
945238688
73729568
967052097
431864972
539184214
143371980
640584097
654110691
128398797
684560205
908166817
65102345
834255770
800094439
889189101
984902314
287186496
92062056
384339709
365382450
59197153
156143914
303138601
331503146
917557468
738696243
12924081
814696944
378017876
360069273
597491319
285155628
71014427
481668754
368203114
217325280
321404571
552682896
387937374
120856113
116996086
892900648
458409992
701072875
50402694
396956199
928522340
789355429
769621813
535774849
109143392
485219585
30599168
760460395
81001179
295174694
766846655
488668876
270588799
834064266
417843239
843889428
200433306
420665064
467865541
396233046
723625887
68035840
392886781
358853773
731784075
526731253
285801219
478940255
177167523
497668898
230469982
251872676
881064086
760705515
821617535
202217712
425313824
988755066
140516213
444677682
963075221
815000650
738746812
284960446
53502901
620580694
783006602
218005996
63474195
495268892
597750871
516576508
103116791
653579920
350362604
286236415
342338986
682913618
130714509
596633871
885595094
699756365
949689219
598097791
924194658
829847991
172131452
255879542
120394815
511552357
955427949
241392425
53830701
275521124
673357012
244799271
76828932
457965034
913148088
67246176
596150298
672633354
358409663
520484033
210329870
409638617
398694028
372406660
516270273
236487686
192909257
990309520
372903583
921509920
606125959
537395613
272187429
518458104
670301943
807624885
937209332
804395126
78503078
648675638
939035268
287583748
90854512
56328830
863066943
75149657
417518559
693841511
898144625
51450038
563860660
211151181
278050387
669413763
716981348
809569955
762808938
687122686
91093384
833585436
195432091
866098159
647269740
923380354
813710367
519647122
733183320
888171799
812089748
471654564
171988849
190134216
712314199
405030882
58956634
355926899
371453180
85038200
693179680
232993899
283512778
516083887
550544515
284849088
465512382
221332236
755950333
14469717
180299205
367161463
87480528
483987680
484181162
780152278
145407926
98140830
57972356
488712891
670585149
319528071
388319404
503012417
224323842
940452820
679173796
884400434
641897234
923559155
913185852
904316358
392231952
362750345
791528049
733724419
946004534
915346134
969143011
183966699
110033532
214712610
823282179
871585616
875285446
914309196
421872970
575547201
606989796
693343378
970029110
550467184
544307764
269496720
595869088
912611990
452554281
79159797
127462723
502356257
903544060
50803598
271797732
569830739
938898640
8358887
583783915
311168744
500634518
570703197
584643576
117603144
571036198
873649263
665026098
91052172
917557768
903545491
555505510
369351206
880307355
659920677
482833781
159614320
61650123
607961275
219709619
970542985
145679279
506950741
636853021
841340980
624285287
147518445
895616735
488994161
592033446
233257477
501114661
892849982
657089562
848279758
514783790
168728448
630402548
948948378
53630230
506853135
681056119
962556191
186710332
122669717
98445468
46356201
359017502
687890537
912050477
15103319
73221741
52200139
962808807
446897395
314978783
962107071
336766505
69222880
589475538
654470528
390310399
831973295
164310888
358432396
523212609
855435874
706563441
312340438
63445039
792654194
140290107
772898820
206788375
676404652
17029570
410619989
104254723
560004357
411252466
836231449
43720665
536829401
697210591
327004691
826995749
538354557
440493516
476171398
86997066
364160388
560155646
598080874
954712617
374081751
120976477
825617718
376818984
975704389
413966989
943139942
555554946
670715510
959539458
704775491
876897168
493760952
384623326
596420390
975249837
476883248
260320643
679887508
517881245
92243669
516800196
976620482
327422243
374713913
783370188
931569892
454409429
205250350
948473876
855526418
974098338
577438222
49002059
833632671
420331801
805286739
830592560
276023710
255858713
742559731
934591679
341805543
200555598
254431929
549643601
207592965
920502151
183978849
299261718
670284656
994638927
762958372
452663092
674846474
84692273
641337342
766976403
440441445
507853725
321062533
594755118
219549573
239251322
984268835
691100163
881668179
983053417
466743904
759574666
38419174
199119892
362732899
65426361
748437137
26047606
17867981
857479348
473163047
248929303
24353727
567409755
947563355
781702897
198396430
364277684
817506935
119289532
117899088
917978240
625271080
695459092
790021217
632094758
359215561
804045101
422331002
725885297
345116946
399542910
672106957
45557261
456152490
597711442
916795076
247413121
631978119
301354871
193962383
167644733
125980538
490147768
961867669
859735708
673084404
47030574
246161239
840949784
176542596
84293354
401817784
245225687
75703299
443334273
136392581
365300089
53492606
978516059
774979518
828769903
233774774
575194299
481837941
233964870
740194343
663593040
722467833
404222922
749584824
204913009
342849516
460017049
266788108
160272597
336821610
145433358
210744426
794471686
271757501
975037409
795018651
82905089
280784023
680000722
333408411
86176266
522171089
436527534
707796245
765084653
143337551
513245479
638903542
824668370
301145482
886775392
613810388
331465493
118810413
950358653
35739471
912256006
962874606
789173002
10273818
691404079
614217788
949970151
878095027
559959782
560174900
660596353
58710657
152080603
629120566
658922058
726102329
129219023
165914830
899902928
655649710
369771898
98712223
770807772
658226875
245034085
672938529
836352603
907857562
928256010
198201069
902084489
872993290
78022145
905824869
245452800
123603459
683883541
664938276
392567615
532826461
574146465
344548366
788968002
822988743
854248093
422547488
654333657
144715676
468726200
877110041
144164811
522106758
676497053
282387357
806740889
466829578
346576068
555075439
265966664
705880840
209328827
216252418
153339941
28264136
186327866
611744342
123281355
583433862
746696835
182061429
338721699
136452368
909613087
785854207
196209020
288151801
282008233
45675702
362687709
918601155
399494368
100418218
663013016
457271512
890931992
494347548
981740335
69490916
909571499
350273286
470516227
242683950
875317749
514878143
39635425
431132959
119651835
227714539
569512200
369012636
460325470
432614012
433351979
906987730
625559368
496554246
287406390
254653998
47768526
338928983
762998745
240641242
709208690
856108007
476502945
618314559
537579211
923651345
298627756
625940302
228793892
45417713
272167289
308740032
730110748
424968304
972733220
50551622
990856701
232275376
720072294
829349489
554422011
526142811
484770580
698601722
863904971
627504369
166997949
426076306
229044030
468900007
804644068
409865782
888780500
321713260
726400994
986252643
334896030
89163511
487872046
181603720
190075418
612276649
146909725
953785894
856785625
234239733
528000633
829933891
626452678
529210554
912583286
339280564
625892437
591219554
986678606
669386423
131849709
606301127
373809850
992702680
671663408
533271976
912255703
286124487
468389031
471549567
217178176
232332842
39594325
375206561
415161882
350384751
724968395
484172134
979785101
358474039
77680621
978619382
275576151
786730048
890056774
279792906
188171784
965399297
812679370
464200981
879510794
99371376
426779832
341023420
775077754
231121424
75312816
251305598
396744360
237082102
528279531
678919343
723684240
385831273
361737886
44810355
915516985
953712776
644757470
30980887
813836013
610396345
182168691
134709625
261882637
408164401
18046322
172737804
931072730
624986058
330971621
969016696
331001490
502905273
181394782
763051218
552634802
966192251
478972533
872973713
628420364
381976715
784866449
25829810
215653847
58471345
836427150
454729278
655238570
446995949
519493761
487558930
991240787
283874645
328647721
617886569
417070642
201633567
953131462
185743000
432268426
722671875
391390098
471924498
424144287
217557967
374740805
240467364
286065923
122316204
8961707
935772484
245598863
931520198
255354041
416238996
746926097
314325761
633520618
901190129
699961517
376016786
677287799
760868059
219253158
71271371
264343715
493173038
115958250
138237823
806244065
417152176
595476363
666340219
686166950
286388804
369059265
573785070
26009114
901083908
373158036
521488264
279509952
569089495
939593390
180628080
841733564
202937848
995859566
666822269
869683782
823175654
814737874
20187859
393661686
904518684
242162744
750229904
19586546
478069249
984082537
815158799
781724854
261604013
242330434
763624205
739530202
41438280
476030475
76946228
717744900
161755081
918565523
916502652
604710823
536073773
928736216
52571368
241592622
321861354
501101485
321534776
37598461
69404995
333284479
235266795
389433685
932621399
219252904
188851460
446105519
566030139
855633135
395057445
618253429
686786273
503161285
309485278
360939898
299608579
859119226
958554726
291956009
790519745
515741853
138325699
497111016
321536821
730671807
723503067
223053888
73546588
690130588
209581959
760046650
203127520
872242762
507046355
938532190
583047331
130505484
193434254
37093101
731378222
540020176
471053505
65878196
216436748
847154583
251735440
350039767
116574775
747719541
66871206
95020069
346426211
285329870
438040017
781901923
795343688
886474020
482920093
58225710
398610277
527295137
305014423
100989546
134902865
341216479
180859513
556235507
287165219
701164326
688263457
360457067
627283637
235492743
75025777
400330454
682344725
499608073
865840930
597177251
358147027
92717254
475182179
839702003
294555232
102525720
703222765
340473774
823273974
512001512
596439237
791008277
655159430
702266917
945221364
952901754
465257245
647151785
913132864
756907011
471937265
698637295
275938240
645306266
486395155
195971943
717503121
690716476
206850781
272495995
758542169
368694811
447167284
237604572
517972491
447120954
105479958
280417305
52481806
844235483
640403731
244948382
409795073
850344592
607380616
779116744
958728699
140649148
601537634
682446336
279017900
733164684
321507460
438525615
16307197
596825521
756080809
78932462
144544976
801626510
421613948
57228372
272912833
397595572
510131103
62305374
605346990
140931495
378282037
745176183
879610358
723384617
731858207
5774989
517401281
561237847
39534928
759997826
272961823
253218751
434000309
487246961
641181305
954569752
418168307
915349124
189432966
598959116
871505442
339950604
245308425
892429033
475921778
692215409
696956734
60271708
301771078
45508676
933225911
472626061
42517706
232258344
619727502
967920449
717021879
260753137
625176851
328156614
466566484
498055360
843480315
716023606
535816861
184824466
525531436
800668945
140963949
709439359
783216935
970230716
393587557
122929643
263003671
144430688
800808275
825320277
216452657
601547792
777490932
318716727
421852412
478606678
816838485
255324394
399529196
737142316
801037193
111030048
858315987
60091857
794386029
540529487
61389735
642808231
458454924
220760653
205303986
734559914
967729332
384715056
771828530
332703346
667162490
463186499
700401287
999608146
388267314
948699096
664234307
235665045
230437345
954978610
276719282
394264569
681541771
209015976
353340766
843177162
700308141
29566221
778197866
663589788
181283871
337576633
599900897
537181387
821824839
788135877
55253764
165663380
415323395
954315829
247667286
21048092
126017953
196354000
264868652
57499704
534601399
420975304
541728020
807849003
261493103
56789516
330107804
291539476
251051113
847193706
965722206
364928547
250083704
808813146
200507175
185054990
81769790
70935374
398707517
924571494
654155678
332321787
900698044
425111238
348552941
784122791
863001563
80151685
254325403
790589594
737732580
588171414
398197974
134677308
859211223
267104507
509145707
23646293
343450090
461198532
449440638
421557256
590358903
78571909
597013011
695770272
904216942
447523242
463886234
791234485
902954876
369039157
112163438
200165470
379130758
147999467
620480794
381146254
294948346
105719228
436664725
370325012
221992397
631225139
83387118
542408169
176052015
535277329
417813324
817852893
792566519
939585617
469912178
638095675
30074950
570128204
264081954
191997759
181403941
75443837
296137387
953944869
962506846
960221896
77175884
285687224
707946498
783749572
669497759
769506192
439232861
317688537
490709815
43507427
75147483
19918343
32422938
364317763
438833676
252951663
85189929
470414244
605046132
488051352
252252456
17559646
290981389
544314627
15013651
186778318
904521083
921815547
617222842
128727161
622282192
835751589
32695360
679283692
208248488
624915887
36021321
160447592
26906721
579886134
244787447
557084123
769302089
660447522
408810627
803467025
152273176
840697794
552303770
235002448
393932857
326808950
860861629
866307168
412607948
544725189
938298447
218085109
192402128
394180245
405531605
826558799
844383676
637798712
730680263
135543846
953555888
753068331
140539187
940085546
935215848
206854709
202592606
678471974
571997138
111156049
419501889
752895632
46076173
514511627
137821989
484573998
455249315
93850466
403597831
976076541
400177106
564535918
865060019
460634099
111259931
403708531
974769642
872269060
238325974
421320014
74160159
568321749
382370188
605892687
480577195
108156179
811446538
937003913
534154475
413713810
82215563
464722607
224223765
646070445
707727480
551616924
712908983
842585243
733893881
819186691
914216164
738272517
622940163
500601801
204939238
207658508
15973517
536006480
383414850
625348515
515910201
162575022
803945821
32779103
81584566
544436048
800842645
840485160
214302422
151487555
355715377
104530623
349842873
836559770
201384313
57689621
75207115
871764983
173799464
523179949
30885343
287047829
229685686
321541005
923645776
643449080
479893835
850022111
962722508
61451198
711711015
465051594
283083001
564472426
79770585
846020441
64941110
107060699
344221155
611675962
332290307
98878059
671694639
296774467
880780312
390320528
742149120
136985719
928613392
69201207
46078373
483745003
37493275
157035057
992818479
152918345
871889178
596438406
663359581
782337963
527705946
896510011
908682293
510687443
316930846
362888365
360210376
677240766
832177428
357142921
901937910
684075434
659393804
919873246
944142502
930996888
290908086
705799807
798226058
167499568
133953288
325687011
206334551
4337747
625462597
590850818
962325865
509655917
262504496
735441051
540152957
793248488
209967242
193667689
669312281
26033126
192118529
723126713
23199428
247593978
193763040
618771642
314627593
397819295
290065850
42595354
754748489
982542715
498584146
10138840
926730814
749991128
281107372
621206686
378592047
874298293
199712265
203309137
634000755
838077694
67671109
504659967
246042486
169723680
137729828
563216357
95759021
927512350
576294999
387814267
500931369
803811147
776721860
475662546
38113589
458625190
291334410
900030799
977875633
954998676
910832405
529631825
147889322
132418450
853820465
948869366
543233470
846023950
958691430
144782379
684424429
198455764
95628372
559643748
888963560
56893469
201515125
287180313
520394277
634332500
997341987
251712520
708876275
586790976
94327468
838997731
732807049
714081697
738320004
576299590
710306096
234412681
760818112
592393895
420888180
40427900
440952830
630147682
506304325
622075343
820262618
936411525
554952132
95799400
929748139
365880933
928995380
776504001
619700291
486879532
97179729
957656511
813855871
533982230
881293557
485929174
552519817
397278759
120369518
636804655
536210189
876904294
197178510
249982166
54203551
862809773
784756975
928089386
495309146
809837834
593301865
298810276
761947773
897635559
92283729
585033807
502432989
824485499
773704363
567891329
33027913
545709404
552323652
816735270
356459810
121337599
747677729
282210565
19621977
779266771
150125386
928957208
651004223
233635357
611903281
811296836
270659742
687665594
340259266
679778623
517459428
821045859
542307348
763937140
154756614
601720699
436119816
980750010
626911943
53541621
608912862
363695898
220814811
357404161
172693469
655195055
639884232
473568846
874862982
966958788
255964059
92071657
189365503
394001328
971094893
151817668
901576535
354074562
98636624
751284872
182436655
116762625
123121480
320161681
647121396
28000713
741569487
329476571
76887127
688916692
470672574
844992520
641704193
115947174
927713973
227004328
318248899
597986377
304980037
912923450
525857056
299993771
136027759
419357542
882903392
403847316
791471353
760371761
714253874
887677657
657087680
953385960
503334961
717942908
812228305
524355680
376833742
663693077
85875439
717065856
681482889
710313050
134531882
125595721
553059181
935116864
607939106
464109952
348175999
787790648
949213261
271246147
282397961
837894155
101175797
585706845
705118689
895434971
607874142
671005687
98549470
643631556
67302230
559904484
326689893
817623483
692764441
259953715
202373929
159198235
336112761
426165365
658719269
239352886
563910133
620511898
395823716
641773292
501912337
409505538
953201410
810163933
808166198
441809245
138329896
368939112
711938620
456863652
484737727
978901617
945448315
263413277
920214312
946510914
439102814
253910379
466590392
467697354
207279732
736434142
837766734
371764660
426325139
251707871
631374072
933034940
947911405
132776373
12476992
533523926
448584717
882234223
247317468
455502315
182722884
219767066
708406064
52511831
778335381
371559170
784667833
406603273
472567097
38855151
355145076
58086589
242854592
411078043
391053852
900336231
593337792
647275182
450176508
634659314
962889096
570208324
183010322
417739179
126940176
37753758
574828521
312628728
797249619
702905773
17929178
216260328
819873386
91499764
205423429
447219437
952484974
111310418
883601301
147354211
941947797
492701393
89787132
412026402
891882781
101206999
781513223
28274384
502938485
302615219
579148360
781956545
115789322
843572772
358379599
126037383
329139435
696240989
511001094
902125508
969670688
366603961
765962622
497895008
393702636
968341559
914895827
170306894
731590601
585085303
893772982
747625636
713177284
600408983
900615779
125654012
437570250
409814364
411735359
