719813147
838896891
981612054
132088722
637364087
853684871
278638116
696489940
538957020
897793590
542288235
631854254
171774193
880792443
335739063
770380940
713172112
73979474
804506486
134916658
593367750
201597912
53660431
481064740
905669631
297470376
36296530
255253592
959147445
344088616
260662056
421318951
660487502
301248732
896898670
259981666
198441580
536119660
818646363
265269888
915134879
875729008
823720278
616880968
909663419
994868546
620256119
355072748
99049751
82355508
824994833
959943823
256485491
151857398
455936569
660658204
282153923
659017022
580684939
519678666
915963053
197960006
12929409
570929144
876549028
52753130
63301877
20386397
937657156
868986618
85489141
235798890
772932173
802107458
9043542
250481634
52611676
552456147
725888292
825428192
108356892
395266037
920645616
620622504
458917202
491928795
184043670
832198418
11412541
507594744
423974299
351535069
654534800
512912861
534301015
64478303
559432653
637781128
446345605
874461202
152473275
891274789
795229004
875154191
472916461
313213507
316824182
850618014
688497828
994611717
558945834
564979200
440722093
969529585
581624904
152172609
14298116
266288583
146380980
531558533
270999105
217637618
693738435
761141131
798812501
700253565
400367206
228611671
282926786
653290174
187115418
204322194
226339018
926012553
617468209
654168006
360590155
77491922
158894515
873381814
80643007
786130086
371529948
819697756
557407413
117491389
571324319
114331929
281130431
845499364
809326752
395241694
368092981
588044915
447052863
759785779
893972421
943609075
413083400
533138415
624653750
788959082
38719607
939333029
970297300
765026832
346980502
367233284
595314227
747699628
160012482
314960780
588801345
643276916
289871482
899963039
574920710
3624953
254753255
135423795
828809008
677856275
810905065
875642441
560876323
390398055
906834731
990790602
781006084
854292296
350492660
706310164
111644520
610243178
780358605
313853011
982666904
11841935
790857963
986115445
222441638
370285352
598635738
83614974
663286045
780788597
938348222
540128746
717149550
996345928
504215632
496490977
223460721
756799784
926554329
272478982
814994337
265328901
345002218
238914056
798138770
85138662
784651473
220278346
224139665
739960194
578847542
344331945
144019045
482657151
258484180
980155219
501400090
353042050
662177411
926965071
707875417
911114317
723279588
926803851
368641849
343753612
604329939
118957649
408554748
753788625
714831715
734880096
769641599
940332394
563940073
460591195
210044387
820462785
368226458
257724759
91300280
596557211
773772215
211967362
174893471
509269861
111672884
672763842
888329069
672849472
935907393
994427213
417994557
369206035
996465344
551057543
795858556
292218787
27640181
303001227
47766248
403746065
649895599
162809359
609469757
575422858
422626585
514178274
567825568
396542069
676749727
925775750
561096135
603066529
949636088
36818693
719628774
821905453
110724209
507297049
67846394
173706072
850647038
797311265
266294697
618009798
318764466
725432763
500369965
66861128
489428803
215772260
541821254
593114230
775247574
78195687
12318055
382289076
233494835
108378700
179451129
888659310
78047331
621763940
622585896
866811994
455760090
664195014
7403542
339423207
298489646
446839783
387802151
566207240
758481019
601523510
35069589
962292095
627899368
848679603
892492792
821189132
26641270
715102258
100105875
418877912
352162310
220313019
958578025
249502353
261957767
142832425
37073876
314791202
586413855
223012754
568940417
982549982
994071337
423869393
896998073
410359950
758313720
750592042
753643482
614824694
154650787
673445776
930790782
497267667
118618911
196709719
427503675
175615036
346955854
837907045
95985428
985021424
395371652
927506664
799843840
244671533
232937325
358155102
471565976
695673206
840343600
623183981
112047587
289838869
528771906
144019222
751936317
815994639
408449179
710456888
831096319
532668168
457673826
161559216
423977180
607661515
929003270
383923001
147586448
56783492
391607190
748672560
577240554
342149225
910982748
871223181
561407620
227641427
334122604
553280346
377055324
42985013
397963365
171070535
735836641
440234147
52940031
273868389
17768882
134117687
234602653
645072792
888734386
808748361
483166422
35206324
142479904
808176929
772835968
846804300
509214845
357714991
244366184
503245351
314896646
572703968
445003031
39706077
485558796
737645176
876946465
715430539
415648879
728657896
600030471
969320288
140966930
633126586
135019142
48600424
967850353
794048838
944721376
572163423
166662221
196643632
923863300
860027905
821720647
239990090
134619405
219429538
275250733
706722109
201296138
648499156
35078806
36466065
307264269
235667362
714402525
85218439
666789568
927332995
205441497
485233331
762169932
734225227
985519351
910508967
577319083
590953726
521320692
84974467
557622786
478423104
2160041
96276965
799409841
911184890
3400208
661625476
5966139
561092956
879965648
369882033
462484580
400824191
651963575
687527696
76965575
778196869
662388574
77488338
254579811
852585877
257725141
297851398
494375056
981384309
206429822
589369485
186091971
765619603
519195648
157232266
889866684
221604156
131716585
174670761
95037709
427498145
634392887
486346692
490264290
696619848
325639350
147531467
667122473
57386518
851503476
324675936
713492039
75012012
479682664
915600824
291386884
412531852
126993031
81140288
73213387
647580845
46983862
673207890
545298490
252649913
479397178
828180118
586807063
392799768
668867590
969390981
594069514
448944418
602836669
488202447
860065735
954049757
966846461
841300244
992711127
463765160
686934084
670490880
552210691
799387395
208866378
500368862
286178587
419267069
656213989
535443375
109345762
61568634
695985114
405070907
754498887
845565389
35460750
929213555
955783274
96298061
232644892
434198385
25164867
464571563
724499915
244617895
200850349
554839959
876994761
475791193
301117955
665099260
748195988
610521155
811891678
454407012
445665521
695191900
927819863
807744534
637844906
441851495
361208843
222281980
774224345
423938344
804293399
410438549
371983565
262109171
701184625
504863051
244059066
370180371
11813024
886420491
840240534
474896836
180383205
559576063
535172502
424167942
607691720
251723386
217768211
599601429
607491507
834411264
642704643
658216224
353515582
532862142
739897786
163379504
805657197
101691016
406775591
552135395
262171430
755183364
401439421
451691678
933510855
506380543
127199469
858424523
173029776
989856143
91479820
666982418
812868935
579075327
327528483
632515969
843264088
889601637
427633004
535812667
414951450
620791991
489348430
523271986
27671141
251721394
965943871
992011926
355716877
169561980
925745221
200661292
847363789
40772720
474095305
945679556
569521448
560242619
636641439
924819295
661947789
431756716
742387615
475235221
437132681
511757482
476081811
223675453
384287764
977702543
567372347
306694306
304655261
286393173
130271146
829039229
792087552
216966420
41406097
529476484
854914306
885894429
267746649
552904314
5172705
25292618
216003369
66226708
470080162
717714087
17360278
4556746
303070173
598256680
128575230
877715241
181821552
21296234
592588285
343555250
449104902
779336841
78943782
574837095
676247552
888270286
777738992
410180006
601825763
884931850
35850368
766492214
114796791
487402109
823043543
64178308
116609227
185409832
400096891
659647720
163133272
190749450
577420327
894280105
593502402
644347391
405539776
334495324
686819592
912464004
680080127
814672674
886893157
41131769
816770106
907737052
849294659
359227159
355548089
197736528
882336748
528790375
901817629
274418338
102311375
181865588
329594239
863173605
58861074
480567427
986059390
216728463
755042455
222480315
699039767
982782968
952903202
692610114
167497506
861351630
336714585
335319994
597179933
38200216
578495119
665589629
595837070
383574870
57047169
88919241
932164269
749246787
124025926
129834143
608929475
178370954
219833998
933084319
886518980
957557750
599406300
946689403
695520643
459933422
651025359
67159397
668126008
93113508
612410250
123223595
879223070
127683213
703106379
248269166
419443007
77299543
93696911
47802601
854403394
921800966
825066975
499602320
712546238
205532171
577147853
837246009
576713092
273724358
191316344
39526454
670977335
486143121
708939524
432512616
263774307
902099530
945926809
173450607
835001404
82115551
925252938
515829531
489179816
357044460
881697930
288572866
937905286
482950784
810377930
285308990
256267393
616561868
457195204
338234205
412711839
686956875
904715794
570626420
904966628
646587274
904204765
887580397
720090408
487396581
212334997
174103305
21149674
380991868
67725272
934527271
37827376
999183979
69410091
408693405
388767539
970168090
468584738
994180806
506282398
933941189
451691748
220494710
221536078
146831982
576127629
179234194
124936903
746111556
160945227
135804843
503428324
612951536
427201303
456250501
678499372
759036912
404688293
932653016
391177358
771953447
186700427
612648077
185235312
316139065
426527707
551497174
866149358
445959482
465867884
936547466
112770689
513060201
29644792
850058505
602395234
308324579
439089985
916216567
109828311
157664528
356346418
989746745
25220805
968314017
941136085
656016294
428047376
664091838
388676231
932169233
276497167
723332565
676560765
52835772
750717398
749492217
199428538
884972004
983573853
908000469
453646762
968700148
464466883
58652867
918221325
238568689
926957823
601960661
716848349
361565220
774239192
352275951
426670622
483155072
346942852
625149127
36558986
662427475
872912739
761089997
256291039
911782433
996748750
864095199
882283999
8563161
842998519
499263719
782216902
637448425
839775288
184601890
413472848
906734138
501092228
434289620
275985717
202719344
149496496
90183227
569415747
41215469
331784188
532468124
100850594
216581560
100838939
552866079
255346062
275512892
134107783
514374125
32699911
492515774
937943347
859653452
278727129
27182923
389664803
17333979
343988392
885170381
306682033
418348416
178862708
763158726
978715211
532148939
774644852
924853453
276728257
912309462
236393397
586777771
859728591
77936905
518473072
170496112
70314944
102035341
628915116
465910404
745979910
970929822
151383866
675170606
820106400
834791677
423716215
696152982
170219623
907029524
993816713
403489600
419296959
929690381
448124125
869716171
300905208
74326613
561541578
326520009
990384744
554456980
666991597
320798883
661594753
290894504
758731530
490601717
660979051
993967332
105508404
265953643
888829511
277774101
759449948
492042200
52181010
788506530
256657090
565502058
961279739
642248599
963808661
306405575
333669657
332643885
432740804
120456823
140101623
671100435
63374264
999373717
879821515
690708932
19379343
14900830
516471901
324802015
32080077
159627089
409570156
460268173
565260497
652529194
143312295
475423638
739786913
652781865
875517274
566116052
965971205
406162540
405348768
472001020
739025839
328193465
74898609
983154044
181336508
105722265
709359654
641661451
853225916
943370697
671200038
487113914
978774456
486426399
619475229
629219135
116508828
203760392
895956409
119218999
686057234
100266187
354150787
525947057
298999714
979155932
156192616
539937795
660927250
163422271
176981834
100694349
139719171
166158604
367906842
134711293
115361568
269038449
47757005
514746673
20683920
221102160
650612583
508021870
66946348
851819307
864551863
944194517
21737065
489842636
631423234
897783877
930813146
81320933
179858773
748367930
938165461
243736974
580120449
228012016
58277525
479050930
893135742
977487971
752505500
813688750
437608575
883215409
500462362
36253871
694918518
48684294
466372820
363595285
609249303
220104193
437696239
57935067
225054775
358995227
891538105
198920459
527635976
424406343
642646746
97229756
605523163
586665067
760911310
738234873
443281359
261617395
33998369
876620858
307447987
954998061
253421966
187018490
701671819
780476075
769819952
727154203
883325208
940586100
704042629
776797392
703374897
28944627
532856893
981843150
818535719
597511469
400994960
510661279
849258158
900461579
984989505
793977411
371198386
690968516
565776512
272208561
387883389
800376537
751307125
4878038
927684428
460340029
504870029
105999172
206435556
473722338
852418942
362532038
501538382
547037082
747600027
446635893
473831776
99002675
368845685
553188312
216982026
612816322
298636844
482956844
695923979
617324674
156458540
546768494
982850304
554971613
173640621
234155628
919284531
124611871
813228147
328511861
20883564
982405439
24240845
242956844
495008455
949957584
117313262
155327214
606378087
154434191
37815384
514465462
539506850
84135287
799037068
541538319
104139511
280634790
406061330
253185351
325022628
346989651
620970315
730788733
633084120
881630495
526689235
64715829
432809460
100655059
615921844
367176783
902745219
768362654
300080451
151304322
92067635
163865447
27165306
658302743
765973780
717488075
550796114
889827678
113765166
516889770
564105556
616219359
753399616
891128679
619739667
379353396
906601175
144454188
894721283
863606641
446179122
840994344
93208876
132882616
906114739
12499226
856416730
890072160
313177912
54886127
34618550
258517487
942845976
386253033
390724427
402444731
857337921
921574719
595368353
739281797
770078397
725956929
580709339
904123168
378848074
595914943
937714608
693204244
605000353
27472710
573269873
861271098
616765092
834010436
428439494
696666298
413726741
606926281
457706448
113824806
224765354
646484095
659104344
751068873
238857823
663904716
13755727
396057701
66671760
284920547
518669287
378046136
730858104
165569590
928352999
815266392
190436987
50477632
308853246
764339013
767774530
478506383
762365845
421889097
742911060
213748480
800165140
711225406
55511278
852641232
406048505
94234184
71031423
361663158
120335056
942791124
232910071
289694511
674931802
264050995
79018498
36454024
122808780
422518466
936015403
224464412
276310466
40059124
139235132
445959059
411335114
824157553
399133105
735629351
414589915
253065068
499470366
742417518
293527294
764567490
575184272
198062142
27731993
690756283
41032556
180868962
367789888
646245086
664007415
459989280
301362743
430794796
472293915
920753449
970340511
350259411
646239492
792221360
510322273
824365913
327122149
190751343
941074134
542425638
732360663
577477116
228208021
915017560
687035867
283799615
622207138
912835588
344662005
575883780
82119806
841392107
517178471
886689248
998040682
999415438
334227547
992785809
797608312
330740559
287191010
501263820
496401245
346913168
504089886
96337792
960167648
627765293
573088810
913220049
201183398
12317743
22114739
501115268
358253376
270778952
241567866
953230137
988165358
488288731
836244371
251841396
98360036
209285970
702460804
207379580
800350128
573146015
573767743
718992379
360357660
117934235
505629511
520745623
707110123
719336916
738685161
585171441
757120030
534803314
845916159
117283632
117623449
352921702
183450691
359155668
383092875
509280117
489792035
503421550
693048952
515053058
245544379
586993397
415936121
240297794
302633247
352711397
236045767
598228547
627301763
301413658
899761723
539942883
644035122
239012105
919966223
405019153
963381029
522844404
844476505
787296616
505104563
401888931
976561631
550392637
323854855
556715303
230607614
160740752
109382534
649860699
113566614
514309699
893512523
655643029
704629053
810695051
656793191
110005610
137848808
290670411
8246652
658552851
568673348
659892508
233288150
693420418
581963462
793870239
886963371
650738343
555215992
178877370
264651138
610969080
540649151
188536722
360366590
36614821
30957001
439584384
797782687
733760784
145568433
952414516
402236841
786996253
378777391
275448160
116768143
68538144
516877447
862117283
702656856
619015504
240105820
298331329
403337018
944484376
634184204
908366314
82801407
697309862
510078070
386337891
895976974
548536541
497182388
365290572
720962109
827616721
786477180
331039268
902311878
274963892
156177868
99896552
324530140
336825249
31024154
250902665
978586149
744259273
991517066
954114711
894492356
506554984
428543521
398339238
798325690
599697899
736346765
539161616
750219484
104068524
489572144
879718394
781917325
881249991
659345049
516395540
810634066
437440910
258462055
534075688
512831301
753581752
447024970
206962457
902798779
618468295
226172226
979314750
250838623
890537966
700322901
467075633
502856071
740918139
836102930
881006802
51474211
125410897
903416701
77979384
722323058
61484332
109621136
147073752
912602253
425128357
51996511
64982790
557831228
454777908
599547099
407804643
49940207
598449953
540288647
803492770
334988925
481025210
321864309
505543867
902803791
321500168
170605700
435126336
843785929
776960952
862335059
178317772
15101666
854172619
811456060
599847403
937556504
157938406
837798074
230657025
475786001
950508206
833671682
713105849
703217116
840521120
297007172
488269204
264323587
180956890
670635691
296655118
771357079
585681744
433451607
699185597
762440331
639653911
730706306
808520252
799316141
973840831
202027968
875121516
928131365
857319377
542094640
107981148
169313142
284676046
254270329
172435508
917555868
662602371
595880540
975284654
825104299
956651792
168077797
338312776
638805694
790546673
740017450
762946822
81575562
292805072
446906615
238485739
97647580
84005948
625781780
318347011
458701858
791215943
844787478
560470056
534255208
22221409
664939810
953968811
764417647
630012600
640568095
35052944
400406554
983865130
707033891
596908022
640809465
41616303
320122271
700881322
982798381
747358455
963997867
694947282
922011375
38053978
799101594
116443318
34359960
70214633
87199824
555228499
116987817
583386674
384368012
162732573
49459423
731672422
554143940
452867307
100239234
829616248
723650506
469415161
413754629
166134336
26976269
814587330
86406616
984125264
211802624
925507702
156834963
658682464
845453157
530701562
404076801
182409047
112015539
907505186
623689583
228184092
260868720
11925790
763058250
591109502
449748284
6705252
738970257
783708583
437160152
925081829
282622687
53120083
347596665
718700325
798086025
614131722
391689650
392042188
814373637
646045734
182359196
925274816
716898148
463583007
41608765
870144242
800970430
789409148
544291162
523470511
124870598
478941806
307345316
102189292
800155233
881984197
434362826
56320627
78394181
639698826
901664385
302749184
384666249
544990826
645324226
516444003
227541319
825251107
557297130
397047257
703400877
449072678
367455825
612272841
343784220
281339402
371589452
654499998
466429727
235230124
177645449
413941734
757857534
19503679
192895621
375285653
300872529
443115470
578977240
558448205
62237143
655633343
11263080
413579607
746241027
758834416
847433868
200822964
238500896
763611892
104904347
662189694
3069281
581598471
450674178
184407352
854709879
351805380
931177134
515597610
622208405
992090041
807883971
819542348
473449986
142379431
296308127
95818215
56126486
83220600
894636891
841113956
535660758
506388227
799517888
579595062
49861569
216519412
301463887
416366541
905025514
539390975
65171419
938864773
677791749
56769221
89643066
369366427
757954590
208767144
677288011
306512411
431186688
598890950
141585975
513740577
902048095
468891196
129684613
452391025
535052583
735244275
473804807
228971590
166590601
779590531
159889125
139641294
854839950
288472525
101234891
708900147
697714447
915911565
153295017
871098198
380979104
368502060
451173320
167832235
925611076
658315438
745495580
835165984
102696976
760859869
825357356
201861007
100442317
289215196
898693327
356340122
648168219
628114642
542232610
339030849
759635500
99673510
863292702
514464874
195582612
181075962
394201721
634301791
548358496
440560544
199124401
819916997
494384157
857948407
794133835
390016789
189461485
542615207
415780729
884532280
617131237
54134714
144332726
305963026
395028319
550312644
445841265
734897700
561383788
331130113
24553149
338663311
434771357
122667685
593305285
727460580
451252250
188453521
744411262
370633420
738717312
381752491
57896823
776884801
949801234
305370998
637279089
646166274
937147097
57370608
645044717
628336826
276692478
665893337
273792600
870179843
783178195
171749514
160105830
111653255
326508861
354863676
415783814
151061573
177114616
291535036
382996365
530405553
558384783
553264367
560424699
187250497
736183014
913859043
482109185
16697998
918101935
908333963
153399034
833799632
398101881
77559020
214507739
451220343
241176855
564081482
782261466
618262790
715843679
344965258
48529227
435974438
715496413
49124361
15227080
603996065
749389732
115580721
327073254
904378476
130359508
904304277
698530639
306367596
763678144
637764909
523100164
855786860
764864794
357461639
485698355
128022910
766496927
728406706
7654524
15548981
226380141
930933376
433845934
206482604
448069339
740771344
764016181
160995666
642617941
747517631
763329593
603502474
453419980
41771207
283912561
937191723
644059697
590910011
386273163
560031450
337992184
798053185
377357890
868530279
854532756
904501152
310223053
103620176
825628021
794453710
936341697
824340763
429488843
32871213
98731432
413983339
433485749
939710340
906984900
326815698
932560402
612994893
826541447
744450514
814787018
291463397
354014416
229346428
901881645
699349772
125024809
569924375
429888354
500056539
692026765
841396501
143661214
740605369
470619828
895233897
312389188
576256654
526815929
9136861
938925430
888607881
150567911
971637428
959990048
986703207
862358510
928604676
210454988
774783927
198667112
791546097
157467950
876804713
734301228
427863791
162662500
758683261
722337479
455901257
389971168
684649405
521930933
827734797
71926667
838268879
37268092
237032653
825179793
445794714
895076303
585847017
348965161
655494174
36835469
911843371
652845600
592192967
858392467
310660490
861753190
384257878
126714331
407317834
140282246
230656833
995256167
488505078
401456159
843812907
4399930
635285697
88928456
87973653
416833018
797871734
809654940
744272279
391110986
807953646
887820086
567885469
646547896
324659095
620471942
798135708
811971604
281084779
854401674
277869416
589576121
503205941
265322523
508159496
679375688
717301112
857706637
383482770
576107505
806138074
603261033
904559424
565901732
476657459
143874646
275063510
677092505
114431672
915767155
650398726
307018169
99643811
883252314
97398060
561902749
533364908
823752348
246999340
661962803
647175096
158843392
942556202
699604071
297849247
903763532
314692223
898568806
613080875
529935663
470689646
648630248
779159171
642901293
505860156
274310414
329576351
906942407
438012362
570921132
780819186
359783372
517839641
299687217
120651473
744406947
617005949
502684873
670479744
480207959
65198586
675469164
53845943
475924034
601092896
461001149
38713718
440866609
124287156
282941086
573155073
648721898
860739688
488734534
195007777
740011832
727307942
304535050
534996683
159406382
520454606
311362825
951738140
135929220
898990408
667730527
974606243
792657938
502914726
595131869
77822977
720953630
463159528
481276881
629491942
592610305
758600084
829996445
501431262
127441506
430000891
918225778
279954285
594342370
950386126
960037845
532312712
57687916
576661581
645690566
378485562
698132915
232313924
747052217
522961849
95178589
66302281
386864457
870317247
853320828
708212627
965876525
86532227
478467331
775149007
395794660
538570885
962183040
534479783
469734331
467924357
355571912
567070019
998780300
678120084
541502480
414104823
863514713
65626579
60469538
401477427
325403863
51178470
312722932
977503324
756755108
104124793
397437244
756139271
376616392
253517282
489163202
491346089
504843311
915763897
975328461
719671565
665800777
455824467
494875103
150104100
278336130
112208147
766072070
937841323
736072040
589665168
969030393
951814614
898508535
461825180
461334409
583572971
481559228
432534284
418532769
957637831
165560172
948410133
304268440
325452283
836003422
320408303
669511344
187419680
516709612
777186138
491427501
611586239
420559266
745876635
500027754
560983023
883224099
699417244
995392239
518506544
73099713
666149522
43149769
182423471
131638263
923518111
226828519
19261945
892509417
688861991
859268755
537143964
13809776
327323075
384889523
104658494
742665694
959553975
967679780
792216035
489625971
77205855
916565194
882139591
690244194
492723905
496320027
833616619
485771959
129464280
764291943
48510156
908480890
920952711
441854633
963585194
620862244
416373844
449074238
919602686
833719816
728756146
161042443
737627677
279412521
780803032
131737780
140137495
703402005
809917888
743877294
886016801
116997077
438434053
368603447
373587885
387812466
151155537
638646323
888816396
603334696
459945206
182172209
661717143
842010260
614040514
640348326
120986882
527323987
557343903
74748678
124255958
801205722
294492140
379834998
980583050
324793447
398367217
526009483
873553547
922798345
112870843
466873208
611721275
715492486
207058714
902473049
983310166
607947211
252455997
957612972
292121178
757957953
546619662
321275296
866984889
984168101
909022524
265432894
334600160
37302292
816551481
179534055
301126320
180535746
141910856
140131463
316207037
487297820
158612532
147710092
256133789
736819476
632520319
935413679
520919727
778102124
268560572
585919661
59005712
387261405
965359012
501661974
737923957
130380925
989805089
781849505
681110550
298578284
437196445
663151231
532946094
301401232
948725059
601677416
538914426
329927333
690202502
553424328
781007922
52475647
211943810
517978093
605711381
128374902
117041662
637496884
257512462
160089546
180223316
779929687
919042578
499636573
490504211
704917567
372629974
274081150
507864469
179497850
142726224
582117179
753556347
360275220
411712898
485093408
495549057
969853110
256727931
488463760
869702069
608314014
148004154
145430917
877280095
92258796
222252418
221059845
949403976
268552373
814807759
93197660
878766539
612717734
140571647
775647410
649297827
586753882
42937726
99220286
832335982
49973107
134612054
972786633
52404172
139284097
955281465
149096107
484407677
391330640
223986811
890907350
160749368
39976656
693431882
237251301
558777799
175375597
780543527
324515390
219034580
194208436
179208230
885813798
690573895
656969992
243481910
585018966
499591479
319470800
969034464
996271696
642346047
394550928
208373156
647803939
170507130
820878908
524359107
975223713
420795332
986313439
733884852
12485000
61848743
578968696
187429813
713819383
727499447
872189434
186976686
485177474
904920663
722154765
482242839
746069269
851829692
517139835
456293154
654118901
476631617
648507762
629402659
375549684
308201495
863769862
291296281
82659528
103243048
8828892
184469447
775482792
309804414
127906600
665104492
547101108
212973675
750114607
652822956
761280562
862083000
877869766
473478032
535768267
735090910
425989684
978214965
717896179
378035212
483740883
836143080
993506737
716604315
481479869
865666863
330267820
212720187
224764664
737665760
151131645
220120775
187860151
955069720
499234822
358598013
203458133
310403447
188275369
179845103
796336625
295054009
421806335
326431085
930540570
269061640
882649494
654027393
807252122
418050331
192449705
424254974
287069316
797970715
920496528
285548858
66673842
671722923
967682448
273255389
671731402
863113148
915257792
327007666
828751788
178938053
322203823
583823442
580832726
457577780
50702492
403688751
737854996
155143720
623755936
922844557
536404939
964016338
877664330
499817873
734880707
462194045
684499120
996024077
668904970
767551212
220417989
222219694
669291932
615274484
530954228
797198093
686100835
172396715
772775631
953420373
484812890
398211656
699948972
394316684
513372140
335197427
925075046
697777688
847535400
205731083
259507291
295727714
754117076
634971015
478493911
887283678
65340305
215960837
47551894
254618978
153091307
60033642
691746451
686783902
247184059
670615735
84394141
532310480
572634940
331258469
183636776
15290176
121049547
811670930
654841263
791858446
16987440
299252932
636521271
799851034
320648306
720402575
908199533
17367353
471829996
423845040
486542260
568655428
121456419
784226950
30925909
629290957
332193617
268674671
424050213
446985688
991882522
46898330
469723188
146070319
315426815
833180735
99489295
477722646
966075483
72069993
419196323
591179931
723719625
256190958
975847636
909210176
950232596
283951420
208201446
407388231
882427674
783839997
329988531
245886471
746196930
85642014
583619204
620509547
788051292
381929304
84439494
676801031
223838305
282507773
351965807
296438938
728167641
261604562
452694221
856035480
552818536
506931886
575500931
786746200
523446918
347157561
86853175
265727698
60475399
934139999
830885000
493356483
303121452
341471645
297562136
93240206
618497358
707956516
963321305
712647922
380177480
947877029
126514839
110380592
685985017
224024296
973792654
560391621
297097041
929608766
155070831
928032199
120098414
335794433
199953919
614527616
772030396
562951636
346059212
838864934
349080612
276109672
249279284
872510133
220680763
49920715
629527145
206877530
89875697
379279430
530797221
47460990
605952795
520090920
573553635
308667117
867014256
130998972
507458146
572819862
68842168
195102631
494142229
655930120
8364070
381372721
680878933
371425953
861214154
826005324
746679092
258647491
855993849
548985126
484276847
266107476
54259396
548877431
689577150
395016528
346403689
282495087
746509066
797035529
822042288
941733514
59565516
443554571
526108051
582881402
88598569
574932426
552403623
827709240
511038956
811346796
915743524
654587296
764732177
338023011
297033608
367809411
452325084
852338931
523407462
695780075
177033640
470725036
434381479
951658334
526864234
288892653
434172150
538257336
765268666
574274255
501614263
534324074
88003727
828823679
61882245
360367359
424476207
240583200
174712417
182840359
362003453
43969591
44953298
757966844
752612584
846767308
420674265
755377439
838794445
216059299
709540663
962929097
95247809
952337537
113286837
987176196
29882939
536471647
507287917
702762834
60913301
948087770
882834454
954454515
282538269
839280357
895943398
554816480
134725018
69560997
352055293
68586694
634358388
905554033
446826496
527834467
839259614
203203518
259008515
388286949
796222185
364979437
182996273
101242078
944202949
460854144
815548948
933488796
96509739
959654012
163981082
797404361
306267575
863477968
137656980
57148195
639492263
341260818
614745811
300584824
857295203
63653480
975419609
607553424
166090476
286286609
434474259
832949273
615504291
458173768
929818784
605957710
274089654
415786274
273543895
210228150
421680301
261072388
492855254
79385821
14662550
806918340
441893903
948293780
411372282
693460776
723638301
601323671
673045627
904599323
346445510
293514071
189032300
478354459
45330080
743670945
555771372
368199940
977111303
390336134
15452785
592451619
31708287
859741764
448982894
9834081
916018730
414629181
783745099
623695018
188505908
820851172
217280520
922775539
420061483
991067802
530748617
934143854
803129469
413675492
453974793
774877449
860782787
375947360
951069882
55444522
942349348
377754087
85690187
333163310
642111785
784477486
506077162
636213933
182051234
69172393
895502490
342766896
63581617
904088541
874329568
49356337
891010432
740435796
47230923
42146421
798142682
755889309
601008242
271128988
323329840
727569605
562333707
42185082
284909537
131805201
495888352
977873999
805999459
36349827
923287956
230386108
27160431
99488825
687653884
182789066
329083824
545176333
72481906
212076547
14590497
459899906
649825572
860438148
879436476
176624324
17114973
201424635
669140020
212493860
710484479
615986478
859112452
89089472
297439028
945777847
563941379
436867515
845154932
949578475
469319801
997486933
944559058
704264839
235475102
555878802
34232156
414360685
275904072
67021561
346914371
470898353
153320297
454052927
357597665
753423327
517611377
234206281
634088200
717497726
406953168
636338946
911531733
315776116
399806409
614054412
699073369
600686532
569189357
721671472
240085552
768366433
248076651
647617663
555462695
808338381
980450863
829326392
354692345
710621700
304423719
898514210
531368683
869141838
276200413
343276993
428468506
785880446
114106747
386708938
236585426
505929663
623644382
37229666
569510339
827851720
480847834
637643820
873550428
897331203
789275609
834040000
148141098
798313708
293395477
631075534
891146415
451760278
168662681
632078987
386037675
920821991
709692679
598305522
805952550
803262419
102865703
352706748
738144136
476123223
296353214
621079507
881235173
121779372
545766261
182917831
364908805
319804448
531475360
771547420
304189840
488707904
937051253
83053725
952578481
110197883
676789817
231426764
875358320
331818743
531161093
314994098
726011156
147363717
839488350
628861922
314129465
412072173
442138888
743350345
193294952
248478542
294252041
221555812
78260490
914922487
397183237
140485433
738575913
500281805
483416822
452119140
950589727
588988633
874947291
787306098
591768875
305275274
133957947
678425778
415228374
236795775
148178150
988027001
840085448
938346140
613541893
321090086
840589175
967822464
590093535
67478390
220355740
35397049
442260605
187688621
245720086
703168861
793813143
441376057
892899007
258830196
106208134
515205459
445735264
847074882
792258047
768957290
473556296
885799557
202865905
69748499
332464993
770525429
381429056
819172298
883947990
374364965
583685257
303772966
860976166
315684059
702896506
789303011
334934952
996550710
744207696
409204752
589895767
599629648
552023825
53643478
330160684
479406584
547234520
626104199
778703477
658652981
390689036
79274066
196985038
429689073
357289113
226369961
403385793
53493425
691326397
658840484
544904946
960729394
144381820
216323345
842349279
863752557
743101707
899121575
584138657
595487478
427405452
653988281
932448234
132830380
93458257
941846284
528159450
477477198
775377964
184808277
19204080
843800612
636100231
249410336
570761549
205399220
647187893
236156750
851818913
573666446
430182309
617258950
984324210
442889157
610972639
254354508
49394540
701946561
591011062
434405521
282672659
236109983
177880000
75288947
40116680
473367810
170151109
183635442
140042813
700656534
163379716
476960575
956501073
349678612
99690231
76062020
772898609
481763936
544507039
845458186
343167384
503704694
792117663
33680030
923954388
677893395
512941901
47046259
490477195
759101777
932210753
93625998
83846787
559398777
447828399
114099618
232922186
426646809
560025407
659359887
460240192
778470297
23807262
681608977
976429797
806648648
744691235
591401860
179607388
716152065
803424901
552577486
358483336
632438196
844898742
970534999
594439674
716080825
491227808
459927875
883795491
596308955
469172514
823822747
415931766
479521090
563959954
734932418
411408013
383464291
708643285
632071784
618360387
328479226
877270320
124732663
550252823
547328348
226160388
852563793
74933109
763002853
710877079
281671586
305630645
209219100
790265875
641052167
452042918
489660309
162329231
655745156
648671227
341993333
851671301
42100494
996307839
128647291
588595150
970300187
611398277
736294304
586704712
649877475
806094175
987292369
48430829
44143891
918772969
224185595
160544198
708383368
707749260
222565423
881026856
777803580
459494842
415906042
30830233
661818132
873284108
891758636
908410891
423851124
843241359
610103821
669760792
146483747
948258713
908755156
965105498
254473797
346710671
174734010
165716680
805583984
743598684
986929046
307882981
514333597
214760139
322112534
941594706
158936818
956170869
355740419
262740266
347461477
982753087
971684143
621881538
624099599
60584259
968507522
682270821
112707966
546050409
894477557
282702630
988040132
285263661
784547040
951012842
591824458
33076899
257567059
28238027
896099154
259830186
280667783
336872244
171196106
546266922
403873133
540338284
277728575
27376015
142977271
940498051
849281162
912782361
911884019
518687014
418869010
485939376
372912028
848068879
900356264
817494037
405858137
26981687
214255122
961920152
631047989
336957989
646166554
254521379
640614425
570843331
112014033
105115874
140398968
479140158
332269542
600423506
779542456
827560144
86930538
894937682
971412297
534785584
118735063
640044755
847998406
965441697
116152050
124428217
311925221
264365376
370762994
36667687
594327510
273829631
613627374
708741745
312307976
634256018
388637057
292222061
883861736
624753296
742673647
842467365
497148769
162948530
203988249
911624761
288552038
521345199
542053632
354306511
716070094
67590547
245911256
694059777
696690026
579565622
562262676
836292156
123730036
436994249
748469384
349988884
948285367
759957188
289753675
86072096
798650855
433446965
650302785
333894391
147760698
705973345
333525360
618561066
668207709
730055891
200036396
387556082
705574063
985376225
843555043
463029825
710843713
51750924
379731385
336738022
150003858
641339040
308095888
977049238
795054873
490642765
585028367
255165057
556383878
848817562
475550996
757934797
903113043
355326145
214720892
98628893
151856816
962144107
221697103
431663315
125633748
526896196
48736175
380039545
264127498
620714735
379612786
87709624
212202814
3896671
325452303
219929019
307152831
265356374
881611728
532120136
504274129
788392986
397413480
856222869
362527206
147741425
830394996
655657989
176201276
235662700
380883745
574397393
497145590
497706855
433131603
367016600
863645142
112850520
849679835
702139016
729615004
963681954
268090641
332782768
186492866
147988081
505522716
6056759
669664229
706000104
265897555
360192255
831100361
308658624
788160469
293703299
842858829
630854002
816957060
895256753
532338710
287893679
673911020
287472380
138575331
416218064
868285470
571845053
532021380
910496966
424537565
633894366
480662438
695275572
157487642
653467104
309309909
961660991
632954320
550194437
394543752
105106694
212739645
731725861
610856426
645548342
57778410
396925245
688610444
63041308
843933446
504505600
850187484
385587880
870234690
581055558
737870876
765013140
427483127
824949282
865706450
378540827
726773942
617966483
557091559
604775786
182135132
647437962
790938913
424590292
318557841
518311494
23831719
197157916
515209725
829771051
578994333
850118502
50171316
64090743
908257863
131945415
86285434
110040495
138027968
652065090
957435915
953580306
516071913
418763501
552493535
942415814
841470332
253782601
250527818
303859343
485558933
573383331
656443382
568261123
591159598
573897773
646731529
724834702
235846183
142071301
454058587
737117762
137820979
750804759
292405742
464664665
746807692
425468065
676314517
653621068
589418034
586408953
126900247
354628340
769073658
490706964
127575036
814129147
214099957
997779127
38030299
639300537
547332363
78558513
607549453
511606897
123430327
242725976
996503117
875386751
138165666
10259133
754020473
268937297
36297440
953857846
990411662
976880922
410652247
207575541
654273248
390824769
637163264
693006146
884440546
698188877
490135034
913926763
394787528
660747624
608154133
204764268
778197905
532476795
548224048
477668346
34329697
371242890
952015748
601228908
399538001
720942620
95902814
606122613
235403130
726815488
948272299
306949574
906084878
115179924
718608082
551236654
286571367
37556564
935615807
292767728
713350223
549088164
928563080
763576462
177457207
235448405
533515670
836199188
745742957
106196274
11315272
957216620
509445864
52597163
953954685
584257870
608330617
891303751
406769236
229088953
131775487
187501534
479798173
355404018
179018828
12853677
160035562
320111610
341330913
283112123
757083478
960034338
16204803
895499272
368910654
952542904
824361207
441132994
592580580
871752923
405497879
101470935
761228695
881005717
882985205
991445296
422621555
754275973
728423938
224242496
791338702
408564928
620011430
768115626
704502561
588536578
575047120
288907094
77235959
450275284
249407397
854793916
178915395
846320307
537889124
248676331
378743125
73346225
230109521
387399509
552252032
843535860
421825250
369277705
550442971
972784703
625121500
849928549
778407256
41326580
327758660
835418440
176922390
279331084
427371807
189147562
459985071
807921371
340353613
254806477
364710754
92123016
718238766
511017661
796216625
991766885
415348252
502921876
952787465
632989525
528401158
384900309
841069758
289265431
654137819
607360577
15705892
645176984
28990297
646768611
763297766
487954642
149078370
25254641
130550350
841003179
424032092
469897867
108865511
646697823
485227929
377193622
793079378
875867546
126574650
793691154
667843022
580083122
109740021
685475347
362417121
750425913
696921087
399642633
259919904
938716171
211859971
715547862
713368074
889180052
171295287
167686352
56151769
848037249
511156714
883434459
745237784
30333814
720962051
681453443
621399707
893146833
323396359
330452633
399487238
643287757
614104093
197736595
653542048
792898710
15572900
948321726
201774173
467020912
925440276
693330732
109472556
498265213
736680756
345540877
646155413
398453559
289238069
426577496
176676371
504359343
146858915
31095186
185007995
951893924
996886541
323501977
792449141
200272956
628116257
896000716
463200045
408104470
984218914
881703713
768612841
210622894
469011010
970188548
771950569
484903791
454586024
223626907
641077647
372254576
415947818
604164004
54926982
174013573
344536139
773323956
910188281
272541833
115450494
475541434
64785227
108777114
757943572
475064168
105575002
765285492
231403086
242129252
814760782
80000180
830159629
622758228
48121114
239656199
957197944
480740723
989491163
263269516
507627510
524098753
709061349
739814419
792296500
615033522
648764610
761814121
878135518
897565164
148732791
980089239
178093447
27760122
23020460
546157072
890004874
84019561
949778050
905855172
304058295
256821453
417981897
367893634
873741928
636543122
590140917
201280007
860051453
335168152
383446495
171883518
960118567
596614026
33416919
464742429
389465335
701847862
359701872
92085739
410690833
513918848
251648148
504967392
397372880
608043223
151585105
817593074
753356006
556182627
242877429
817132671
735825096
921135241
116306045
28082445
194494201
183216132
462734546
131018559
427568590
902216288
99290909
893611700
574247976
45395328
994372412
531221973
630351270
271977698
432735347
518916564
434319812
150123399
267734642
784626869
443133594
454905924
995798023
589436087
202313850
132690145
763535135
107634672
582625237
250326264
573582337
943943687
56600142
286247163
573606684
398919060
191184530
630933611
633597880
487799376
593907257
568453842
735886490
646460972
297364510
439622597
990536323
421771563
886203572
968048701
989294466
231358709
870674965
747811133
789317543
788279314
872858743
112533323
913339600
11066539
762403226
756990220
728859126
456285384
506124073
396102890
268005578
934106836
521793076
819813439
13667837
464640523
530477682
646246076
364384633
385416789
794019066
644827356
506546141
225488794
542167706
851376935
639220883
792516797
171376529
147886037
750661895
72837544
565894820
559354069
839048254
944063708
666360032
330541191
202271568
936526238
123256795
552838900
541396984
712269285
153415905
391369784
550830028
798546136
186806164
504804954
494215390
844315556
226983199
713925740
827347408
63195438
67427973
989045103
527207225
730591024
386118478
352877788
457572364
799755836
964380145
745053020
786246347
559518584
366018334
186159851
745357518
74224730
765872571
267345878
836104534
681717885
996797279
487579909
641185535
184141672
514900631
529894770
794855170
905794610
369652892
36718331
341834020
262995496
572484342
638695342
365389578
608716923
148611262
586414369
653407374
234251605
792724118
717677786
373261812
398599744
502933199
474429595
969298219
544866930
47795988
503475111
607632842
723149652
592041745
637107262
309201306
496208557
628054848
740779421
630047647
214664128
464484131
63498716
499435635
476231019
24535202
207060590
746626278
266127327
58380814
412012160
725921764
462234266
783805472
205445106
232209795
222051485
805313509
728639622
215969634
660646254
532656730
580407997
261235453
649366411
241140293
328808417
421552333
807063191
474206169
641884543
964481902
728945258
761439578
477079744
28801291
763259276
513668036
179054958
91618969
839442269
447613957
435556780
592947880
806943869
377997918
172038929
188334233
11233995
327804723
162217169
414603020
978755184
456694572
624036558
864751240
695841648
324379611
975045983
462177570
82773889
511463797
249506290
144879836
430394248
508431565
947881996
286752171
298805194
104426484
879257120
160718713
184970212
883404160
209473702
800697759
286580177
951374250
753878643
204570379
682253841
305447405
163589449
295085339
367879713
888442427
636472920
432542147
830203208
511990476
543515090
154950287
708948567
36499018
879571849
329492810
434581652
70643934
901780319
472120384
468477910
132851374
623004324
94455980
979137348
943601624
700552549
694477643
13361037
543336409
71606373
270138251
68464066
770659800
240362419
812492318
342411668
546840157
720987230
841333442
910079065
598962744
656135914
862556858
682133792
891884851
125337882
688867616
131415745
515906349
503053383
684496063
732663249
406177415
34374986
796396946
25746316
565459348
626038777
338047384
688176281
681140758
826656655
711884471
63681444
648840756
510498146
401300250
216852123
421508554
489341247
145177967
228243938
589724498
466248344
513268562
219259614
849708583
738258226
318590243
333868220
220675386
759327455
336698330
45292604
686896610
191578959
517836961
864399065
107920647
773797479
685965661
495723463
468438963
885662320
215642146
10686121
651067183
697101568
629212339
836731287
33309253
322391240
590441749
28931325
805901865
847148361
432188683
373765742
779009967
557349179
399386071
441359899
410139287
763995797
572923419
442310880
225691917
650875707
971632936
973860283
944502234
577079561
481111143
865595429
904281852
366852583
725954996
995694590
759500429
879186813
129427492
741700123
694104148
995047273
845701205
732483344
153944958
210003494
14756115
785822503
441558041
56842978
533618010
843759320
919336551
430934759
417497087
770066796
130422766
936504373
929284955
137015251
68673027
21694264
401263655
578416853
284415467
145960354
183384331
712658330
890748476
904169321
595569729
847914101
826144561
391705449
724455745
432297646
870890615
158323148
161548781
155239756
168573006
656610381
403611933
90459358
795209785
682589170
541173768
464742729
304631945
803435531
581817420
692610445
487658979
569874795
316120145
743781140
880066672
305449011
315890494
67383808
159255634
997856681
486170422
570781929
926124730
805115874
511628894
460635542
84415089
524250207
477246321
59593727
4002001
348398131
448194330
224945837
915225493
755189659
77837168
939175961
52726016
778688949
529782175
756255643
669221407
244630746
941218663
398876329
20208348
163654821
521376236
361721264
748607556
514047835
354876595
482010719
232104538
519388117
164873902
848324495
306210016
236127663
854063650
639954431
786512768
554350707
876079100
344678773
165763822
361367076
509361796
746250284
957801916
513008977
456327639
601385521
162011753
453295371
34025867
723671086
684787234
407942853
69325296
456880349
996521004
622366637
493025255
546990308
307569936
688676601
702293644
471888053
312217221
323876784
780835848
724986943
830061447
798040178
792092231
329570256
848859041
406729572
857169631
521754296
120275844
764946073
112186526
341069101
43500339
80641001
489643831
279102006
364720430
787516304
953869315
264761681
572372920
484181519
487267977
551064245
278375597
356897489
461751932
496560372
562243404
222384045
149791159
807676567
16317196
804075421
612445985
846280165
423216126
718718843
319926004
471187061
817289623
838111656
109478068
862947242
525585010
763795667
627011218
437191760
810434399
345554721
638439343
842965312
401050189
719333260
639035479
204087891
726066441
281090468
275257167
776656421
462959499
565974680
113000370
577098610
439757877
790957539
223286114
523724990
940649117
616647558
841873600
928472460
203634587
516179394
709038321
735044958
733878344
829542565
99616119
281082858
441939647
358768255
599535682
430223926
630425670
288438885
300912016
177905284
537230827
620078842
302596020
210009901
673230250
272785548
375700881
539823517
902498595
25717323
833234843
842347963
936544204
410507747
400976612
763831510
187895787
455956398
397306697
119383773
906967657
720182975
717454081
307403278
947093539
227941599
306002860
990975447
310126323
832693969
509706945
209531508
177299541
780963149
182488861
52309865
692076857
325035103
321826404
607312353
808635092
212568623
822728116
975067777
730986841
984961438
153823609
137771358
255119125
261490046
734838177
536164863
693386171
304332919
252016484
764272443
135179563
343790213
752409975
189676840
250401457
393415754
244849166
561478538
778437135
312917672
108279274
427261775
728289828
620275315
129062888
715783181
485565409
705956072
32255957
560678207
301539722
927524713
247768715
106983118
391507437
583360654
140284331
348839116
428944267
613943640
48083310
379847168
738201442
842703131
229247328
909271431
332595741
912322176
18314091
987842909
666236308
736581937
601586583
922592667
316150798
172032041
743371413
619092040
724923321
744405292
881607939
430280197
639765829
135182089
58598339
237686509
915757191
347634250
915042101
241509838
672760350
866540705
570689110
538817027
705371765
27696780
483253369
778052861
709885588
290615913
672454797
54029760
480302545
292601992
296541594
463379376
566831531
803819450
700045285
898802092
622045265
971311763
27185276
156764125
801411426
695646576
971221067
617192723
979703976
341854626
487627853
764591348
5036944
676443215
506312022
18887573
249279530
388738443
345017224
699896938
900031937
967541592
44563956
11345016
767933513
278433014
708004510
615833159
158339382
663246299
436845046
472290056
536818521
152657301
289893375
651981704
653818631
429173408
720463444
544252038
856982973
107824043
798961128
767152172
702510870
354545567
101831325
10089274
747992549
632786196
126797602
857941340
326109017
505588134
171244879
575666028
875970994
636539688
481900318
417667779
243624233
409254680
46650380
873348858
668166659
732780343
634996816
74281367
101516117
384659635
577728367
288757809
332009348
988855767
981451602
917153029
455452061
568512216
787204674
73343087
500255400
731799645
286810334
84519060
641250498
811494370
359451239
516641872
482728644
811548561
884407278
185108214
643335131
904615979
759179482
908222874
623799716
317868743
225093798
60937409
576859153
618662333
107000499
292840807
391509025
2086692
285803882
864264590
723919122
225579821
102124713
538110002
596481279
923328636
534653653
474950483
829690509
63559815
733006794
406310292
81905370
935828513
446823531
528169661
114908967
243537315
307334060
23218752
255574851
764441263
31669761
663882978
202660215
616678050
650341219
865189016
962186989
743800685
285421862
845212954
476801461
328639205
349820246
690087566
591174542
469062215
667172732
332600663
498849713
231872406
807830294
154151932
540792703
644547115
292849616
605709566
275867987
173268391
347694546
965521443
409372726
170602858
256841440
619500530
477240663
117869852
344317735
72069439
901635204
960235309
112157591
959552140
44889418
654925932
58971800
280959197
910202894
594765258
11790126
488946941
688896786
689031169
659216464
487202090
500910839
272200283
782907117
719252942
266071481
555853223
204957423
406439712
896120749
142336079
587127952
984326645
897231647
214475260
421286997
42614111
810250514
82818467
95208504
726146536
958274146
278511716
491873747
423632599
367391926
155363995
436224549
440802333
681922385
456292023
690744494
322279193
779245100
423504947
191111306
316435654
382861636
959300630
650802908
494987911
119419373
391826179
998434877
859335138
834027634
382876008
19658150
973432986
229121172
97474058
700904248
426606207
451093619
234840098
425321968
248444686
361132572
825325547
234877751
48207320
335484147
92042814
950437814
874921721
568757853
289419257
641100696
510259544
60357273
493916795
894046060
563106855
130392650
442876878
866510244
371947625
403830617
575444928
126346751
100044567
557081487
527589459
718635268
330495871
283064650
782965734
93305230
447797548
941272295
420727415
826450019
303790324
475484411
383278093
938081348
934865788
622017488
850066198
483381592
824775618
907326034
754266478
183499245
862616427
502649306
979450683
741544705
950236577
901173691
976643654
947778984
767199929
425804102
922701067
345398300
589244511
276145914
481262053
201059556
334634717
274868770
527199188
892574570
686610719
493339562
57712422
43790129
62285790
342504499
346035447
168544791
122063377
664559670
816570421
597364318
515364957
366575292
449049424
897711359
946290798
3354160
335502068
355605670
856348181
510146476
330200342
71466668
464153977
350270342
216692572
913483335
267131750
54567412
8286104
402031771
415674688
602461133
340421248
93038068
331845089
364292351
655523718
786025065
810102573
931298815
853528711
684949285
509171498
90638641
386499161
746439236
75942194
586498230
251906672
354210016
453392963
345997771
524994170
117781722
539456780
378054516
545925219
88393821
220902111
176334320
318967955
745214264
54510626
387571442
889974538
106572887
507929670
504668759
24374069
708837987
155521464
88587831
15452935
376288659
615934507
445298057
299052287
605435020
795573853
768423878
602604030
928594852
586597427
402303285
656272596
583920192
655052344
997813523
207833148
418310134
380518281
139668272
677282544
42779982
306830760
34899866
42876399
487337997
743566994
478257615
130541591
557009481
238686109
314234837
220033783
702966162
649444732
832135734
16368640
214125170
130982378
364826595
708430589
676318518
682329943
936886347
752849879
625140308
109499555
909939604
450288861
108779145
511595321
869882213
202979512
577595773
811307724
195063948
882492683
695233528
43299697
852541070
483502486
315351418
595247502
666019982
572490900
338459615
289136968
983772990
794307534
801741869
404936917
946893720
502188351
498384124
787611560
216011629
132044157
938527818
187359012
554359649
818898358
205764754
587163300
287695363
674814859
664676438
230421912
564772498
123390154
992937292
302439886
327191344
9807450
961522956
819579032
192484702
193584709
854914142
542962443
981440850
483912513
493171779
910410728
729552325
570167760
93475747
510565107
106185569
618061621
837329627
554606519
89322880
305344371
717339029
983002886
221568408
444522782
178696922
828181451
189549526
603722224
562219986
231940125
962197264
189459151
482911970
528400471
677481221
10542505
2041514
73986160
42413116
413501545
840354416
789216627
876596097
629596599
16119228
271289231
139560003
913917741
393371223
274897081
397346684
197792386
699044438
99365403
747878243
939332621
839501997
274759384
955573732
404594832
491060442
468611875
216728599
678519977
139426748
876970500
637826534
197503979
334986945
292481124
938533183
184748821
827967844
708574199
848999179
946709460
162887405
869383765
977737468
962205962
313399970
214734938
45307381
940856423
533964559
825828327
567743840
770455222
418445407
431349672
179781310
766921697
438411813
646077972
941161683
780795486
726525422
599478683
752311074
110243557
924501258
880866766
885299057
514763292
650311787
586102911
95160143
120245686
787643801
727521845
51600424
5775995
712405163
317978959
848176828
106702807
70547304
936561275
949287462
540009826
369926303
33162609
713587253
873250942
105217617
628575118
957847077
83875782
136727443
406999175
812802280
63205920
243084005
786063473
556585658
170948770
196379925
739531415
451257252
522002054
223599028
461802963
63743812
70410672
375529189
474292897
573454813
375875006
909502924
816903506
563573110
702530896
309376904
429121806
717314878
725331560
89263458
961010742
923506135
485783274
763551615
200096227
946915337
788904026
145288116
327054813
754598796
906759742
758981329
363342883
718821878
927965995
567824233
469919085
648172016
110651100
760284474
448207846
233508547
741114208
154280768
286957580
102264676
931740055
579198021
939931741
742163771
970907695
582815978
239964697
592791418
273108286
764325396
8237544
458864099
883192812
731161340
415324864
109651452
262256950
667186195
251821509
228626198
300585971
432443436
37351298
716698265
671632006
151167188
412724255
146302433
179192250
2542168
795479134
975977560
122896226
649570369
777805620
832222997
546398167
7778620
561687088
339240351
474449074
120913781
314851976
101981558
80523629
492578183
774146648
92287681
365725914
692842720
866633901
516484748
82412722
599812553
548989161
392850489
342508269
56468901
326132316
292756569
848500527
149026284
106762997
922829789
277488740
731030286
709601126
14085137
182938815
