253891460
37447338
384222550
794524670
266436797
905353627
907379269
110966276
875528133
686157565
771530523
509657883
299011994
24957053
927687927
208308035
674832390
164828526
250508083
78263325
901977644
484373540
492938088
908792149
421999871
326828424
81881917
210242410
563701228
187633128
979250669
927049093
88396566
244673582
886408901
43571097
291940427
324155477
702195262
307570250
237158044
680657053
528708680
824499294
165417392
764824867
729270452
388601803
161769857
511126072
20351180
774165419
154747052
766879896
444686942
248083894
688149349
365510292
60489650
49832866
606544102
125441241
122698048
697192062
145079230
140603970
285244853
15396404
92145526
13712296
604552089
31181907
213571721
712042270
290231252
760144285
678799701
727433724
653286202
217177163
183010720
844472788
227423205
28463781
349309175
508385131
44105176
419994430
491035108
934312860
763511857
440877707
540477257
830624686
973935753
938438402
756335832
167177650
598325868
918987374
969550055
648541925
713953267
953126513
271975571
578656752
416569047
984181405
61135772
204571587
993997146
641765787
700224123
23724036
875019043
63065197
631044120
933880205
758424749
89528696
715732226
341758924
622197761
951777760
421705581
705219627
284562979
759038943
695996149
72803033
405859158
818354630
374074608
893070074
425490951
93533992
191152508
475041732
356916128
384362598
907997581
161834704
786714004
141918503
104839949
42264229
66475398
622484016
584990341
212542765
835757673
378544653
472681554
198899392
209233696
597633240
877572950
276852083
885276687
22704593
648942121
809450531
172500554
993235834
821643430
23368825
301021998
784567265
77733622
429537679
795320420
663450213
916128952
842890322
858249702
790078235
750294479
116444345
500599521
633757761
273132884
361192268
306194358
984905410
982975965
295306851
695017761
548717846
849352969
863191945
417789191
269162146
662089824
116922604
91687700
15453850
164072965
82805002
809814720
618601621
93801465
527301001
516764546
559451433
213334994
286155441
607130512
958539824
116957697
694341954
57760743
549942617
539774354
236631701
278438068
206225583
264661092
573601418
866097075
172543801
11170168
873879173
847057384
915478757
758555632
790073939
597923182
783928847
917196895
437714336
94741868
508970763
808007010
662345555
39144438
798941607
253612351
523551881
532353127
286706741
881752004
261191497
335382457
888717821
937990769
457292650
443842536
117750303
739766998
49527394
497989046
914893193
765093062
696642322
714532623
39312624
766773947
346932846
448389671
815870223
467470767
610426165
635110489
563183255
306410565
740810228
138781370
661150765
15724365
49429646
729703208
689566450
401642556
622791762
892811524
800115628
961376999
773992277
252846383
990093403
430749660
816423247
94577568
939033840
340787475
252293842
341270652
975773577
658422191
236405344
847498114
713650639
184738724
208140054
982160186
59380578
101603471
296588269
637384711
126544096
52621891
710944204
20470146
445598863
678789804
973292819
436449008
552406170
388397010
337974050
713442744
25031964
640329925
573446195
198750849
296740389
352761846
818268149
381261813
173483970
386017839
41920873
208234444
367728535
80778647
322951660
895143211
470506306
813118216
711946327
557146928
579387889
184216774
797957027
612881818
223593185
307976324
672445755
147725694
528656309
753287954
318016463
601860117
81716972
750509905
676128430
864653257
15215065
616833033
281307685
302608014
350482048
581250131
402939476
988826050
714684891
318305742
392291686
597227665
760257541
94654407
456794602
287309153
159110867
495623515
925832440
141519494
20111429
69463377
229393446
916628077
431880935
926444943
83668100
8241259
938889485
849924215
38363637
387988792
378139436
709291597
344285486
737051135
838428658
998895671
440019215
529693086
244119386
9087116
279738878
586831304
791124145
574371871
947457370
104372048
850489182
397638257
844758739
673539927
488478472
557494607
697258435
763166104
280709087
815796378
901412064
860919797
895229941
718926922
403474544
72568839
254244615
793838787
773304244
714769168
313535688
865466459
919079899
582555636
775174849
865962242
538544614
453923301
981218303
942087437
229284541
504284249
419517247
259382394
440481169
432438155
851966685
99974941
354431152
521673938
228780611
407833300
47066811
967814886
583453035
116900995
211832149
89773624
635165254
304611817
187130696
984729866
417934321
697824898
36537553
307166915
95108883
881615485
224397176
26287826
818723145
134454062
961602180
343510692
106018589
788599177
427588658
174371305
700192262
517206833
513548470
868320629
446716804
176812591
813409253
310988533
367212948
794240901
222260669
432929923
998885394
441360500
258754653
664244483
10126012
180171393
809352302
627154713
933433647
185563117
516216773
892430269
415610479
226041029
461413305
204503594
802221010
579774612
907529388
313268314
229604608
504255281
370818191
666826250
549700884
140017820
42429497
189561417
992744380
75470650
943027872
865670634
492821545
470123683
792554431
703019558
88034957
695055189
583812288
542172231
911456489
760414856
58987431
619843848
503162043
496753438
928970948
559845714
132917780
920776013
403483271
189593097
154434660
270796842
450745604
595978907
984847679
644058680
908973175
312828139
829986359
349514670
933966162
347795284
44444604
433385854
421172642
253722034
370359400
438220979
333186643
316879783
934279266
948957041
496868724
665856008
626598233
869274078
191339189
498877271
374661473
395234468
767012068
484653885
276843553
834741814
342651154
896646263
94182252
293544775
550504969
663577180
271105609
533699904
546856256
581703106
220330887
124389325
639334838
349071902
691726860
674559548
390922469
478170607
692437924
774087472
232927306
228286372
708001161
633268644
964862744
367449559
356412592
345223336
548331325
155050898
328850236
165457026
836128816
165179536
295060388
276007937
205469752
925651252
492703208
988332903
710032527
314015674
998824589
421276062
154958864
302716476
110320782
626547517
397644391
687826411
694779207
384868446
949585790
221420271
283429397
658203546
735303557
183042286
232440347
783650354
76964499
844134647
681539747
399084990
431983911
28196585
301478107
331400480
598932416
912066846
42995263
921792125
991893756
816180051
281467118
819807239
928939913
94728443
342661228
615924539
23127050
302179161
579257828
149593766
747767646
595511332
59409674
56333378
782190715
144050721
581461185
229705377
988249001
697019946
422688058
161556004
542617300
655057450
834980748
746110259
14014529
389638719
549512923
871875638
718790677
767251999
411276887
373217260
374311172
914614636
13879115
246945521
411346067
688440836
176136943
10377468
631442544
664451562
104925312
639915359
809000089
288566585
530040228
502502827
219021751
482407240
458804121
812284706
148240813
282156455
132165755
770843332
931840054
273489195
491997958
477432095
797215938
417841213
5131192
252922397
667028640
967054238
891946990
943605687
638300876
303409615
24168406
831948368
500305720
152106118
435544523
786507221
750709590
232080491
230111062
256471317
479747071
554577618
410503909
242506966
86336119
36484662
997460538
156207761
432032616
428699237
753407209
86435083
912904723
207583654
890595904
23355512
770454922
188014295
939338227
240457008
608524417
591200508
375303382
892207618
304261700
589610293
567538537
598903494
394160395
912073991
682016135
586360770
360369378
818255010
663555271
576652107
559724660
771558394
873584884
133418175
700726197
856115822
721206738
656867274
93744482
404427616
867347373
266279698
10755060
235772492
906258465
642932844
15774773
962219521
102417868
978615617
515045345
760429746
9674893
146721191
718222793
278690139
627350470
745186770
262788879
476337872
656195086
509192168
161683671
868286513
719451893
151173187
450637797
82747514
580431001
157874469
524232261
883494578
644093287
919787274
640230970
898737476
905958361
264855892
380579624
102965552
879293472
155148259
400009630
588573302
526224009
597531290
980515313
243928712
595564932
917584317
128046444
33062944
979533886
486925161
257915742
53558587
708891669
801424434
246451832
822910400
317140339
533024935
593115079
615403424
413768105
941292752
623684534
997063192
353335339
706221518
796378954
862321497
978615329
110631584
285130259
327925416
334326409
689490941
107270357
125520668
792327373
55144604
371310122
916418794
801053788
581123722
340876296
897873867
478376026
426877097
462523606
783793703
923894937
611332620
934173269
609788614
948706816
753687455
761584014
230663318
765441432
418541975
584550434
48442011
342701299
303107289
19039388
942694165
438074461
303220133
77041104
750244787
335098831
79804621
71330906
991930582
303555976
751261294
43676291
562418347
866467736
475603237
259250311
697077037
103957042
90837710
620342422
98977170
355644380
602130010
616287167
31819058
749436561
344226892
316512449
68208755
684160052
569785901
945752705
242008694
926408391
28912478
55473112
791601539
252319363
213389303
696500717
252800216
724188148
109253445
876487229
926300492
650884502
226727436
686869125
771028703
200804515
575728486
823061468
48922425
957220393
873353745
977291335
885698169
925643815
890072151
416796584
341786921
226461039
825744419
674295666
793619179
623463427
836065153
44830754
732771411
317723180
579266844
573539065
927592762
518869291
933706567
90277204
124541922
500311798
751423522
97879022
98558971
734237204
590160803
243823882
593039422
429919483
660965911
797185876
55851908
155126779
839395182
793821711
415409154
600728667
758985996
488198794
287269372
58674561
162763417
42355740
675331958
702586672
80179772
119521287
536038104
533063799
247768263
28211359
121035570
964993382
182894763
979639724
955273838
309071423
600346551
778021552
489626777
671423886
290718181
438289178
354094806
454469037
949040328
601898492
550500743
895110455
868243640
983326942
43000857
10993662
801188058
34824242
991630169
112279981
114951112
99929549
774425334
117745777
250199540
843185816
135283191
935380995
669118198
873225087
38752584
842418024
439707507
98932865
167370416
933254986
470695626
221331373
570151486
576356826
476517172
887018494
946410114
282700654
331287601
720239284
945096123
199954776
998009817
404762686
512340846
856371120
412252788
612796858
888586353
862731693
437906638
903153612
857185319
846413521
445303974
193195666
560037019
105686302
474588691
904086077
738761832
995970597
18475369
716394644
954249647
547496491
243595789
973350164
94523096
111016206
816780920
330582450
749886988
695454550
453946424
83031526
514719948
948242645
975160764
80133830
236358069
550806371
822768171
434616876
90741029
516662401
975110120
850503146
556886865
998757911
748568151
694963186
929780652
550340319
332189281
394982069
107031938
282497421
771722162
724638780
260465656
618430808
843671891
620465589
472034642
627322529
469491622
599683644
964261330
863297803
385231181
463509003
85432900
499911451
940091484
730072491
19278956
437470379
336214511
610096536
358873325
175138579
915029078
876815460
882411276
573322801
652137869
771572584
901401814
852552784
654164436
833226533
877060179
854482020
561637130
819580297
708704794
140545784
152559757
966187546
542300173
748402207
635453191
792255943
406538808
246442141
124890636
653442100
890190209
259077875
833472752
658948354
743249170
755521489
654320876
308879109
56854401
213460269
412499180
664513176
331814503
64813370
307504507
570624200
777387965
706545907
12929164
480080652
633226539
955841417
326093669
409452287
325838904
326986100
771644563
472192110
772318989
382386488
123467519
83061148
446375214
470275361
380866720
319449858
635717178
502678694
736583769
824174692
214624717
112144783
516110240
177466672
50118934
388440742
835009063
255404321
592000540
782199386
584543347
547579115
127923656
872684340
523515279
908198581
698210816
535129084
955429366
398466300
817676392
15345469
434602232
65862694
724844940
463652671
931979417
416103684
342619045
950229441
43957195
566318896
716847544
518976726
222178694
436620286
464453102
404666805
779733870
606798590
824452614
105844291
80010839
771899054
192628159
114771119
409924681
677024855
757335988
661142642
239321710
210348834
257058209
242354381
741647043
857534501
111153349
996172818
457901039
242878565
161520696
564870237
112678919
764606599
374263389
675352537
89074328
576050361
401662184
948136804
257143694
907297042
137173581
173330811
449054165
807941095
440651778
765927722
497954048
64073208
622665959
399300598
156527598
454630904
417550460
703169347
629255966
182388304
777409746
506505936
413771980
893386420
757066106
806375507
620085481
887180725
77273958
953471330
687097129
182813642
835499219
540325426
378625223
671468685
660670763
15176152
524866429
375470533
890958589
238426073
175645426
256124303
315873346
166519031
730405660
995914281
426805912
881372097
361903863
810621630
986859243
403207583
853945698
718672335
731591996
159156995
864529725
618382393
118812540
510888477
585430473
74242218
277701034
991733479
748427218
831588391
301740341
535845585
533202683
615566665
348420482
581816082
417335193
454985755
438125304
693165181
906770456
576352877
789377189
975208044
716146655
82577513
205405823
16881799
232636288
601518788
423561447
729744948
434585129
169014012
913607130
783048229
212345369
259796283
474333481
521769067
254182164
384502080
437453853
768197340
576827642
377368855
142092789
840957116
32000771
606885575
753113214
351444588
389491567
729066722
766050575
407944930
108501748
917707770
601469207
218386791
872418859
629999794
558095830
506197909
613993584
32610670
358685547
552404192
453035452
161023970
351508571
695340844
205130233
98803688
109872752
981465038
472894472
328663650
264273685
983981614
840893751
104425049
143355283
39656754
159158362
586915271
445855369
578368121
179547962
818423563
458796520
373924735
867119087
644090805
462673128
344868660
638683601
188072757
547096065
270960678
851570212
166383246
211656702
707436845
584152026
615066728
366107281
539552247
851681258
546386962
653726570
166170337
281836258
877799632
880036171
140459421
383613298
347388877
922372711
948401527
698725122
933215802
507161397
153770655
70570968
443222801
284691334
105487108
490264115
291966811
103262828
108523738
644458211
158650014
602856507
839811470
744211207
332741193
42901707
148774510
718485983
309725735
459106173
413953851
420415939
266489103
926445413
645669574
71126079
252317712
361773796
42799745
669678962
980788004
229317365
513684709
160442038
487425916
205876617
117154217
899101564
666924059
182062872
631963010
408651878
530934857
314983835
184001571
524671390
382582614
283767734
677001124
380777798
270110164
150199785
990010717
606671857
844200586
318941558
257612742
271207688
925860814
256783243
996812935
583375492
680559026
859486873
921781446
489425427
781592405
716054285
302742674
563373784
635302929
657652401
479178879
454786393
556418433
829633157
764141150
674309452
244565174
436419520
45419724
702369281
208319429
985990315
379453601
345128226
452913017
437318497
828765721
125261784
595961265
249930993
768358387
219222060
621959867
872377596
835891187
498743784
452915748
756711606
549162361
921454306
932861166
681470886
875181524
570580441
167833856
404254743
207484792
24998820
740615386
664346222
132277654
982717770
691531767
284100186
387758927
175460581
635131223
648162172
706445794
844703417
132239840
405015340
912088579
682372851
310407647
70018312
136098204
336447003
491367048
770705135
949238244
12309640
298613881
592505164
481095536
740257837
722403373
424464025
526516256
904255983
595143215
42196470
331302137
266284968
704649409
452469484
994555826
337887486
149306137
128740035
597045137
293143877
143042114
668938422
565908935
862123934
663550533
867727033
423851646
580436105
3580564
430806081
615001448
647588477
554279473
229518954
187282336
161707388
266195070
150466618
58965405
444359888
966739392
290328817
43687080
592961857
539977195
884916310
773787981
599267152
923835866
641117333
548826624
485482569
932857158
607683855
893868892
400242366
255082252
38649636
159055010
655143099
114132896
342734542
559920540
692197721
544647784
172227999
837722015
468157900
273344218
974655959
106339378
386354100
485241135
73986311
421441036
868491916
197259212
530793326
877968757
418345051
401045557
924900697
39062660
33171390
571055345
669984191
859929011
724300129
726007753
381025127
901430005
343866822
941947157
663312759
145157821
831626533
775953130
609721553
631587068
600143863
747608093
917507051
51599539
344179910
336173286
9367362
237129287
88854561
168572348
617582002
695659060
38021272
651669205
119779801
147695559
781427322
865528574
450262100
593996605
448426118
843223391
375697874
447261240
623487215
481170346
613083467
474208761
349506940
213525935
903694678
607824052
200696141
518950542
649913382
600762458
629387596
811696923
534645168
216612462
470705945
287436357
151883835
21212952
75358144
938589414
59206094
636890480
466450726
299714107
501588189
522155055
10616143
89916879
995563359
503174466
39457289
395953323
513758945
381495186
964325401
177849464
574026015
288249682
781382671
887288541
791272652
203087807
126281194
217863701
244314620
554378608
616834601
391910486
377643558
61359255
6246518
12227705
567253925
501651771
781941012
265263210
750160455
92426825
47471111
334896097
219382103
225947849
627981605
544777231
419866089
882791331
866614929
794264103
262074369
475931210
525027885
756705983
856223210
651236604
545387253
306311036
401944208
960342222
854546809
416684377
808345104
609513874
697567326
39223854
489165196
390199613
713190691
841354163
694864218
167911820
57431249
304240223
105669421
827357198
810871109
829799607
61924217
200574729
991958016
517274102
496141733
320972208
239129122
430459023
867185669
905095784
100288448
754949603
639533246
694851991
245754825
669618128
798337071
545141317
353823944
178449976
80963755
534182207
122039519
190126661
464379716
88372052
733785968
256540034
303565359
235231589
107512321
897093637
187449723
913146210
819719427
691453680
62385657
604342169
710021116
949282453
290928161
437997818
271017471
280069692
95409115
43221606
972860142
636623686
481598150
811422826
32975723
92178255
239581870
756887645
794179978
968665284
107447063
538394711
193390483
690750775
215490514
283003495
44739389
876895186
291306879
24646556
638410876
58703986
941533441
73791571
931524302
638973223
2648587
952797427
222214083
795435014
142731343
78898154
710898124
289945255
381572468
161523798
198857569
367387736
704392363
939850531
515119069
503180584
382016941
374758030
255462434
608471876
597008046
377970094
52764524
678227824
81332218
756578025
368335623
82907178
316203718
295517966
299238233
575525141
203271155
137855780
323214728
314370537
974951497
925413796
221707443
662733641
772810113
917743769
724617728
24262253
737155055
938956991
320512982
954173743
255615559
808712687
979109595
622521790
78214635
559064466
964219775
667596818
198384365
125641945
970897514
808784513
429595514
575821191
548964433
16511458
407683342
235359849
237185154
755296064
883613621
868294801
275903930
704228197
197687852
222060917
28319678
803948922
151558558
360993311
251532384
870637296
395551032
649588218
43903019
196255744
716915511
464475087
768800980
736791832
428659427
72201969
770130469
209171889
367500761
225756996
806320124
414588060
215201155
62103956
524606346
62165990
383979207
169981574
242478683
664461299
453866882
785164499
261039969
696676290
580037952
674042090
162508701
814288439
157878420
556952231
723598509
135693112
591536362
332160299
108947677
968384349
230902700
984703663
673610174
122146152
749884603
82074088
852881607
328338941
18061317
929197273
748726150
768957617
419942886
909176858
79340606
607257462
798437371
922864239
756333047
83497567
742786011
892390905
417571397
409925983
346702469
318720680
848121577
835983723
615840403
767971334
210687193
820113121
685120884
292051589
670318743
597861676
506293012
429296200
179068269
178452316
933122732
655471049
338411505
938688232
973237527
480668905
603498824
126023631
855766648
33332485
990591408
227710462
41765803
612501023
683710430
334984851
706274796
299654346
102827453
428884322
636381236
652953316
357716556
499085952
226726419
96382146
916612175
936856478
800421285
871209127
422567293
719998231
727511091
953128887
233481952
45946888
627375071
64324222
581578581
883486666
530439160
712554559
19748686
234449900
754944101
194477479
546258218
987047620
856479549
357122390
634186150
520044066
134914682
646073381
337768077
283670818
433229233
845800480
90882146
887264993
83967204
206879462
274625133
215053862
440938545
138632446
794486362
241705129
424793667
908506555
247871400
478940788
710931359
375114279
670657932
124521441
318278464
404829516
336733671
198115523
296000096
952893115
491604432
124816639
695341059
122925170
779533232
40542830
71043360
790520420
462494222
537033513
866153875
354055293
315417811
522699526
834779218
953043173
788017801
15784442
167938635
881103915
107470522
938614396
205355714
603351594
411661791
591194365
499051419
855145799
974561205
451174415
75959043
110667078
930181909
482267724
67685068
343855423
328804509
880685620
477696385
985448017
154911542
75065694
307405719
169608302
101560695
909187976
222153957
815164649
979516115
769936936
310791685
621471744
818825475
684581663
790703029
953671257
562700454
782198559
815178978
569958029
580132615
811898888
944727227
355071801
473555061
83141159
354865062
943259995
226636935
452577470
885294987
843352466
152554232
63526335
401592910
286099220
170374683
365286924
581765022
969550361
534153063
431309771
338698592
290225301
654617984
490564074
161522218
767659088
627774584
360388367
424918283
413898772
753146847
386201796
885769737
168685047
225327941
502073025
688658200
811346442
754998607
691441398
77859014
10991744
225353906
172576933
857399749
985386220
617242173
916573931
964451381
867143170
934999143
491305768
22273269
108275845
251317655
73805507
558648781
191848197
728460673
594040191
860614021
168545984
339379000
866463343
723983504
602620040
284926966
953390117
42291949
188209050
720562690
918625094
234776373
899707984
970925095
585110787
49202860
274276796
203004618
215586428
116382992
69085581
537678412
391960961
879917635
344582040
71909953
175980716
28200056
101892372
535722323
722637255
265288831
947381634
444512511
724547199
835057126
678214871
919301366
37102929
806802536
709459006
168824861
557608301
137816658
210707944
632514892
766358092
737551952
456063393
812367528
135624735
752834786
762056501
92074522
257714296
747776794
880238563
678446874
906637047
610791046
552309506
455375861
558383300
140217987
916765116
974565516
82214558
503783950
706806270
967557494
661707184
911747610
676668748
411138507
852081384
935069380
927635502
748681501
13560892
327048395
162789554
523335876
905226656
722600573
433944431
260157800
255450540
563873220
788960773
778043509
143323770
847163985
535930700
291483716
726472233
937402654
934493271
730247605
147644015
368300222
981046038
838855387
60375986
672297512
660068074
310231759
145387596
133721646
192702182
453560063
739901705
344862614
258931870
271576872
779806726
31901337
98048471
375963578
792847080
393077299
231446408
974081384
918248653
566744566
288848273
166043003
611016956
327664435
892755141
628953251
326943682
954127003
208593966
570503465
875887301
149167390
830632132
640628860
898940605
695306503
871832643
707378675
117657200
945570760
850909335
529260708
518660754
974869394
618716270
60322440
411862060
410885867
229770011
281920027
534376169
336199678
535941963
29592044
867777282
679581365
976192841
309083896
420167198
61166984
13985708
851974574
941651687
520109707
955428280
371302629
917095759
818824294
305384474
739693040
407415515
406547561
608134513
457633724
814620417
653040577
117447778
199944294
920900540
914683614
841303071
584609469
257738860
633347153
863000867
674693946
935817873
455924086
103573798
324990682
649000483
476425836
656824668
218703189
802785329
422775444
53940986
386211260
692568675
684744052
464423847
549718050
529991493
413405883
264411225
25002728
934877933
656151879
391609873
307835833
779156514
643174500
120678781
515091457
553382045
534082352
701979717
317031973
781673784
481344821
855365842
78410056
108514429
307176728
454479811
517258782
114636573
10058861
256928181
78169752
513713792
791771386
586151728
145012419
888006652
118075333
445616779
729886309
816803459
695079667
227323622
775066418
354752073
138180163
802967086
304859845
815727789
790390367
809420374
944904832
589635047
677300886
545787989
204273727
448937875
843435484
642700679
222957475
460516155
481224309
368849541
992826651
971023033
138343666
791543554
568054219
581433593
564957209
229293429
562872259
48190238
328887848
511786074
217462615
225602836
741902676
554927331
154415886
513358420
425104098
930509973
71068064
668257166
858841624
913506046
509360872
223979972
962765052
9816830
331624943
436175830
549337819
603632679
257337815
153304719
912465581
717140749
950050517
972716081
441462221
737384776
666467840
983950512
231264807
508172254
16603205
957710283
552925282
797912415
739028547
567884356
231167977
481611158
771823278
514611251
820271584
853155308
458549102
254446228
920903379
148675653
865164603
568757494
19096928
191482321
423518563
622080653
702565602
750569958
111148616
270165183
825664934
600276021
236926623
440667574
144071006
200242217
405356514
292006990
270861300
343246981
950911605
950665902
953637213
600406429
316194471
81978373
196677633
658733689
42861444
322431306
240613413
31132935
815595725
97747793
942036388
542930042
540500518
939244445
720701343
893309072
292224993
622529868
761955649
938193382
279351486
667108721
202015595
126181953
322905873
82895557
495836430
455614574
37307156
792514673
597811842
481174862
790302648
468207171
265398133
9855822
134790126
759562225
907685202
944009449
850434288
57826564
129332144
188156368
972459694
195824276
45512986
800698868
336839705
266781374
875307095
951184284
323721421
989312480
204754350
895311555
911397675
512492117
245388799
695855326
770871907
662612904
62142687
99487230
943769335
209735463
505702776
85099337
669238269
657847009
676428225
668216451
677104615
276968133
996447449
805374018
136181297
39891582
749514976
92615898
7842108
422003536
466791900
728635794
403902161
425243388
697402657
844257508
139780818
395661562
934711539
245036158
496364295
785221982
557677641
59438787
464260435
890452636
449809774
721907061
826456365
926109576
531597665
778751265
375505928
291085310
179705326
186984329
450372115
588795447
614029076
192833582
338255937
817185339
883922332
867643921
514180976
466407126
341456363
403444276
666840940
592869503
204575134
679964812
481635187
354094060
918012623
145698466
450691673
743527223
928448844
376083627
752799702
517359476
968954097
930638648
695917402
465540416
287602436
965722700
503565891
741375088
30833689
975146439
673196883
432783639
459467905
424896085
330422942
847743967
515210669
793083728
451825616
396459216
839201854
216225093
511824104
10917127
424093265
107091188
401417152
548722502
924173031
672614362
232993080
169467844
458966213
108396620
970556303
500858738
894121829
69525502
522553709
807404890
810021910
810139111
70059557
793055167
873934312
875647536
137764860
42444182
747999427
872397399
969701985
459515802
851203985
555093802
847912306
501239869
303671032
120643382
623492475
746860498
372574927
764810272
197990711
445564556
785256724
412351194
887104239
120366601
664784539
567894984
487480268
172407665
750556051
763975385
809872325
675217105
92603962
232090529
435114236
161287242
92960154
53008063
580341854
247699413
527839497
292512955
246498730
93012994
143287737
206151894
22295220
923051967
865259745
440810622
391446502
474692471
655478843
67046311
666487242
211202411
501318313
296777980
945877491
490025819
581411071
672235982
328223431
811188577
967578885
70628642
415530244
961897993
259230568
281726708
337953144
972882429
929521731
107635572
157897544
439731722
971401103
868068439
379685965
856512878
801110167
502350096
689827368
66661604
979832811
314097280
293441048
141107272
822141107
467949732
744323039
33155838
551664667
516539986
471910621
929899740
588913090
242443752
317169748
720621079
243490111
187316299
63071056
3771226
778443756
360355251
209139010
391214555
273701686
403948184
20212597
151487313
153340058
320453382
780046678
750764864
769759933
875893608
969536677
46773445
716430657
560642527
215650797
680335485
571092295
987637407
496796888
808300347
199074543
928080259
281760098
590914824
755980522
715763173
677775716
329169799
72602733
674922178
131746079
423285583
424605374
807889312
517116766
807385177
916853239
694731532
683186241
806083567
400665119
96726078
874004994
421894429
184423079
165533953
565304980
113206551
349429384
664212872
128725282
711510970
450450141
285567390
616360298
84459379
626446079
72303775
674028901
662815672
571584384
240701895
305000271
502271855
66255180
345565781
916536485
669671489
401594019
791029601
584284358
451090606
799812921
525864773
137589135
156518122
727521046
947483303
560655169
268283064
692284513
248629735
401987959
699656102
859961047
907114507
876519471
500801878
359437473
262951324
729624420
452788372
659216610
703868431
716546923
170998132
302318981
296014274
871637398
851523035
792823421
586568520
757637462
827517642
852048594
164145762
276139780
272917245
75620340
387504791
278834748
63663453
76322664
987258285
49465079
817106843
233948423
838039581
851866309
23279418
308479776
910200866
146195969
242113545
478133562
655980743
208662335
994495594
338636331
154372873
65558302
907001516
619817268
539994140
466886412
266368200
410285122
969099067
244146831
329851878
616737618
456448273
738006513
781849274
790237645
156175207
885854207
443697628
278322541
756898650
716899856
783933718
558593927
949758227
118777915
702508905
445869749
657946833
663219912
483252843
383877299
299805656
594483810
800134659
769386525
993313260
169207555
596861185
182035704
764174161
146708055
214614598
388643222
400324737
909716575
107427698
769545081
149837936
902444904
986393845
480821589
897109204
915887406
214194923
50200324
461283418
884230523
613080750
57127588
840451065
49910208
852594168
990318972
874722972
233960882
488279695
691636094
997816701
107653476
187526457
102505379
561424283
648007316
478141758
782476544
916554110
454173329
815287655
112253162
432373144
778252206
261961568
545590703
190300141
807489192
791800540
587348186
564189185
961006403
415714610
976889704
157831069
609592510
793016996
249598678
948886465
222248430
183406962
542855700
593229537
662022644
733610033
64442295
591760249
237691450
779006657
840466055
295406066
37451905
857845643
857093008
391261624
203076063
162788237
674509626
108530203
239218424
973417112
787087484
252011668
796173143
355576190
493451921
447233982
490745010
603072213
695040835
814733440
509675331
457006119
775734157
575142948
418526281
139516784
392836562
60613603
272430912
926123581
990625298
410759127
793405429
121451626
519309330
117667269
182950788
540846874
220897061
533637263
184087677
68099622
373989
418573075
816480570
677074387
88280129
430051912
3937670
859626792
971016534
49104574
160757617
705457052
207670775
696733489
424260702
888702958
431804839
592894853
329180109
353005816
574886108
94084911
513198435
152301292
407416453
86119132
821021040
236897977
94846664
864195005
259674555
427568865
490419754
60363795
489823822
114255122
178008612
901153807
657429681
65039108
11127665
854960442
576493389
855495321
959914439
178161342
576371953
31016364
204278035
700092886
138554152
364062725
600037697
113363948
303905969
723239026
452678251
47921334
337501095
571973499
517279458
489211667
452090397
485812094
984208087
350699646
108008515
485319897
58247006
481984350
448332780
949324060
464686420
279956350
658609371
734810167
651296368
730685475
134533260
596060694
791837646
978128315
137828285
906420957
877351026
334104003
434175889
467428904
830574730
214266590
820761033
601938997
322594653
280196623
147476975
450817902
135887244
589968491
334889709
680687033
43059599
839715451
668919713
980958305
853304937
379256854
898968043
720654674
111681408
624150277
695394738
555659657
539078720
821112012
719299406
450620974
784915283
662135895
571305356
898447828
194438048
41193552
986663372
46936459
265081520
448413639
508138812
975857568
74373119
965223529
586214664
225771001
572458589
669343905
912830493
676423722
468132322
636619010
240549050
217275095
116166573
239735085
62057640
731446292
466220934
224568433
368272389
140691635
815833055
18712803
66000124
674872551
863846389
435383438
256795637
789624531
568033786
651250584
9462190
370143125
667672506
955495284
692062586
962207132
695309626
763889691
289791517
483756767
924127126
814274032
678971338
711495727
789083655
969028713
12623250
299669974
682154269
636183845
771042102
352739436
918095133
122900348
22450147
121464575
608613326
443729205
506929607
788618538
218814048
444025385
133550200
173988915
854329317
435603869
502810524
221023822
30553746
937438392
617733974
29219314
809092622
657094740
839023923
767071871
740070557
11810993
119804119
812461563
24720470
229580966
617923850
910343621
848169127
524983774
624177122
320771074
286601221
192197490
891366946
256079125
233408720
506402586
405457969
652377320
290646047
520564397
996713647
459658658
544079196
492314939
951057561
310209058
617979400
724012488
40483664
550093379
411444788
512052303
140595013
51828130
854381405
58501187
437020976
355484436
349375833
487493122
516390317
992297772
433404951
743934532
629184539
972185899
476108667
861175306
34337231
491463586
686494599
268851578
491502975
179869391
264208387
214425203
601107574
416678925
801696249
728127219
563299706
671103005
502370344
492798358
758180829
811360893
364311433
401922675
885549534
217129088
14335017
150044949
322996752
475733924
692456283
971194124
202194891
515341301
279238960
174007885
720771119
155589084
945913630
413175650
746317728
197803001
823369069
769673660
10863024
100508752
647783570
20372807
205075512
441004715
698275010
969926492
17852724
102556120
319659173
973238259
382138652
997941962
506983698
664035585
376966954
399339342
167896919
841073431
813500278
215465379
421889889
176301087
811351579
187148036
13385670
662926255
581232098
998209423
724342419
775243639
56508040
114570528
62670241
248694172
122097997
465028058
459662253
769040578
537783796
205803227
647849410
288898235
764734579
565421025
870408656
861691921
14267149
356941771
329276515
867718266
284141075
616890460
657958759
852783365
163512282
206803200
312684226
950734246
894090559
513869894
475362802
275385294
282417800
215955316
939860799
303195993
921019435
979854816
135218600
946458157
646430320
409978290
832105019
657091923
649195988
141061226
578055477
133555556
924149404
489591539
896430780
328658050
969009128
718212773
638059600
478019521
968486462
880038095
773441801
367328638
681132663
713272462
981857003
217506282
308390949
109211731
143160165
407344208
571771113
343894469
809823207
538100025
457147509
905331714
794239038
566218477
898641309
949122801
641548331
828460336
991144515
212974226
35893995
432937737
998507669
38996915
334054958
185562853
261041878
43459473
146793777
162679021
219145274
115743617
414259407
75002879
245506024
78701714
662631247
476276813
813263259
263446956
717057454
190897679
962026077
849985924
898678038
319916060
813444555
315305471
91227361
962632174
286857413
579086876
384337363
268173088
362865989
563818794
902975691
131619986
449100139
112349950
839737209
953416321
608775352
93676943
132074644
930951548
112563351
869541006
32065213
166008239
388389059
647554788
150913806
281276452
134106403
887990253
80107440
687159902
930788450
708894653
387589522
886724678
685389993
765555628
545570433
55661017
342217889
656505632
24635885
188170390
450862740
548153433
363586188
952023590
42618240
19928854
254415747
42369746
209053703
297830369
662582057
755907733
744973959
436049864
949435412
957834423
754913820
488569148
209318293
909923892
487185416
373324254
780216880
126555546
814501777
912542193
277134275
949202572
343982095
659601172
210063974
537400884
470300783
58149095
700315271
232579374
112589260
655040555
689519029
173908142
800221778
474568374
198803977
379476991
154060655
382162705
297027499
810107292
720772125
613966696
750762316
288356123
810986456
642213120
87411301
781231840
982277109
559201457
48225180
624534118
647845865
447864486
529450666
828618409
36106163
29177983
109751102
511707951
771011587
665845884
571108353
205889980
308010888
705180874
238980640
60389376
440488566
28839716
125402758
211768210
37391066
806509997
234648783
765940448
362782694
643410099
693435365
770994722
847560723
321408491
114889579
218519581
552625816
293259071
505762846
545452888
419042753
217917609
443787732
776119768
131322507
828899669
959027878
980459741
85908250
529664259
64510297
158773782
974143010
76856270
97875537
964888197
48546729
327201762
39429280
364657817
491232721
610097645
524323424
694734096
557481826
936676439
484719404
753401115
275991513
312345514
525045441
224091995
971870319
659607160
728779992
686721444
391890510
700240794
926227029
447574716
714038188
437919647
965594445
403558555
661999551
190326885
778299553
740572566
276900321
563972709
701995200
240252227
812112726
385158069
116456575
737189043
65560321
892104356
975784904
368206840
73453538
167146176
764623981
420370621
517740045
508818576
202740960
856410187
180913049
178890702
841215118
642363632
352276616
744997626
893357689
237136029
457280111
794698036
642740004
24149755
541384817
524369873
347612536
714245273
362945119
819319830
196770024
983264531
492517488
901134660
758759469
731543344
192440454
896856114
728035152
282536709
731489221
728380202
734469670
525400136
244042452
927969269
275446149
338421986
904464518
249822805
82873380
602023160
154086810
757759279
632728919
893368687
823300907
969831857
49610603
199426487
181210484
574322175
884251014
965288370
97851105
654859224
443441728
813966357
222099577
800641710
644979094
762896748
602209485
224219956
925562277
830936653
26448254
379683280
975960168
498915276
110815888
141426815
31668434
550597980
507967279
946032162
500081715
936034194
790466044
476310355
917064729
871912171
102463202
523911301
285031239
231101792
697593307
457376799
753859566
939915067
15983585
283842598
34463911
625163577
940067955
508677824
786681263
57088643
531385435
962306629
461628639
250947503
165739356
319299634
366344227
281124009
425454258
144870963
988010990
606073649
875133962
575246594
379692386
126300586
289644405
442553173
898909078
841456116
632822962
674484066
665155108
992388771
522245958
924555746
329912948
96509919
869432456
731244311
818283042
446676761
963231147
314361324
212226473
59223722
788286152
95568146
416522063
680235629
353980553
764474950
293388588
105461494
118190927
143818264
802654998
150180797
32280746
654517601
175146914
123046313
711736107
835855681
356273513
351412351
442715831
880573273
509397992
155916127
883623519
588470063
969641426
623737655
397766378
898351660
370315493
515757776
414294498
534359078
959923737
43147260
209972425
79893965
738130436
320733629
612782754
495633922
817071715
478095207
246724626
338419809
348559779
585489728
452724075
416209220
320037632
850021107
534027427
401390073
424838814
504391118
555090330
590537570
557343651
53175879
723806087
28116320
596429533
654278633
477438806
506146939
805888981
821675371
573244579
981976755
897387149
524795125
137030034
947384162
212118460
647392134
582278211
79930122
503802558
520630806
832295103
694305331
907908998
874577615
502877709
304997366
217171350
43987538
995038646
227568032
179384495
949096416
911718359
626411652
908099641
366233369
870601988
334000739
724537007
406431274
639539015
306242426
526319597
619193780
410912965
978667055
334638038
310802592
669847120
576312763
397617309
384910068
777929142
335124918
403691771
726346466
354224024
947948756
845219074
72107891
124772281
502750184
595038935
34985688
215342397
388138694
775453260
563714055
925132252
390743635
863843524
298823046
406716005
230086419
339577794
952418366
227276262
596667379
454573937
686998263
998046445
160553470
302628484
328352007
735716822
797831190
340579503
340239241
817477468
935737235
160551031
25605355
545839354
867540669
473477598
266225848
928490312
116133539
339949571
908067996
889088219
119828339
895132713
360857437
752645082
58443202
964063048
353275073
279468579
927392469
228667524
705432082
274274788
444811891
271998669
91656004
846884749
346530500
921686562
625671901
249939532
612923275
221885908
725471674
883099891
922747837
999180300
140977027
766125786
705914022
773984791
866350829
275659527
815434923
732594193
292270787
230476896
78501160
745360059
619613111
110661222
730628496
403436647
827023983
612305756
141260677
266091890
40463129
711436116
111833315
686665461
912344218
304382473
809588768
747272443
933394874
979893260
497827055
425089382
696022157
346608055
992985451
70804924
898762951
925301619
902856826
841627630
78747392
750535058
318718355
909025025
799721098
679789821
357380796
716800775
792594048
489926936
599818068
429435997
151117446
672681519
410856837
122561848
261095334
272049502
553199107
911942855
987438654
585303005
617066553
150516966
943715525
576131588
402797187
49770215
400837555
236296935
805633054
722814711
517978322
216033927
347341015
902983455
622921721
794736115
61925535
168064644
107782196
64112925
441410016
975898499
110361684
470354782
192218084
975301391
187398998
679004003
608467181
723807778
704555510
842606634
145588847
213487110
914818593
93311345
551839086
643595377
19267060
146264583
410195959
168958802
27478089
22318436
612004577
94808046
453319227
539591121
205259515
333028246
692251169
194615657
34520966
173806527
838623133
527478096
169388291
254838581
816478957
353856637
268213555
156325277
594668482
379973945
869125522
165784052
282579333
627809448
589284246
734324146
342272038
209592371
660345094
837955926
854414891
500006673
111694809
759535982
569324106
413535545
980862902
724626658
988142680
416529253
950615216
406963897
329203890
737917690
376170013
489215849
96532395
59958594
8753416
577272482
716425269
331883803
55796766
971245787
745376448
64295533
765186199
100049280
25852711
816369306
779763141
792474568
988594296
55957174
575393876
437218527
350925625
455521154
87976041
341147115
620352462
899107379
775333338
946158268
471520961
805130107
483427093
812106393
791813582
244736581
102519465
343607739
760653486
99737288
772054463
131029524
886760674
358337945
361343522
321332833
907709284
896945583
685298360
606194496
436813723
867521003
106331224
373284499
397333063
91468055
64499833
676730197
105061842
212010678
535219703
933273160
626761881
303152533
910956789
551252073
754761352
395817885
572083678
563838037
384038599
26601075
507416139
562001397
68570280
550787328
478702228
205874822
840052411
484694758
220699872
293400319
163168245
289939704
598491825
936108221
882319203
927676295
805543325
573773958
181082137
524889217
144745412
91122042
422993746
670065046
642157328
940127906
67999018
895862541
700285944
145813972
709168841
188757615
921271831
737341762
914662735
436344434
444119025
687934918
707549755
290403257
231025464
438213569
728053195
864487866
869357503
701917435
401021343
320177399
281240992
116386963
310019473
894266378
348668053
138983411
444156059
225353851
358121159
258816957
917965240
727446145
530435269
300933477
551834206
834051567
105541852
684955116
74616686
111802907
99952570
320221601
542779313
40603852
578868004
757010680
567337871
787669770
602181754
171479762
165875521
496047574
947901334
735795230
769798879
754854352
170491798
563159692
803607489
730555817
243550880
169204313
64769245
530647402
205653412
857686058
560992849
952039253
691339280
266159219
139688675
369358353
162637839
136238004
375798189
762804338
490489851
713696220
236671041
591405997
233152948
179775096
524005996
420690438
287293178
723948960
186036209
305051710
388381872
877075889
197830918
359644236
830831156
322256057
439131317
762785138
913152120
5735445
482616141
892551545
793655930
677128030
554053621
494303838
909990982
131159570
791181292
924368170
994089540
500088004
603547507
250173661
519687974
952891001
118901345
427874349
657392808
60375217
600300598
381566750
435813601
59104240
999433418
132718555
323541665
205312144
358795724
266687405
229874541
993362368
474385768
998259606
383854000
235052646
565448797
725319295
146286970
629028577
669546739
434527646
567758034
511925491
257366582
395496186
382786903
646761596
326147040
576156300
869472840
711428171
795128201
46476673
293741089
224055168
392480378
437056321
570461215
483108316
160226452
686703912
841328455
682518733
40758183
644020953
991990896
119012075
545076881
234203244
11608963
269276147
567252546
909974239
427683022
790745670
491888440
312262957
287278657
605519586
641002237
19835760
372135909
572933543
35555588
529737161
607215581
159164853
992915155
559233840
251934351
40506315
501391006
113042485
125694941
971197602
327550764
72935459
586618141
410248789
427686221
57104725
689442487
861951399
873078664
572731685
485806161
434911040
143642374
824347838
515826765
283847705
274866439
475701395
301011170
281895483
942827001
304250889
300666394
567079032
9219385
574917203
164179607
587364527
604835452
817503904
600865540
499156370
470100983
457437193
534475471
529759715
668312647
757719243
50845143
827830725
27207098
314173361
27008895
489567109
646060284
800209693
312038422
67749902
556945463
51226988
132837179
376644214
859663305
711491762
364876598
101939024
11310141
843641334
79595054
513952550
352387628
398021000
643623764
476467801
349678614
849214878
776196583
612879931
985143892
888962144
552699013
861581868
756712162
155499616
752836170
971170499
635456804
999910430
413235388
15860136
287558577
42324689
988713133
60193271
51440368
378739152
289451938
932281751
563083465
263046551
45416833
70338734
225245496
639071958
707596190
737323230
784262360
432711688
955963636
33598028
264829444
314016251
390759376
928755340
262975602
257743560
809268249
358115113
378926824
79037466
513491306
903364385
237236191
925981145
737389685
190122751
566090685
162826504
164476414
507454961
53339292
638491045
854121586
755614054
217733980
375168664
653977988
24848358
89183659
131133823
896132358
362587643
971678800
494056304
353145743
771970512
759596205
819999174
129803832
309299693
175161955
124461485
529775904
238386244
588448974
427008349
565315801
838638117
868270745
197668432
817203363
822580754
672558299
942126521
414922352
762702917
281880620
682571016
500320673
842811339
996946032
953093663
933036993
48124875
610961238
870245430
249197275
599863633
750915290
816025759
140746599
59572330
926403620
597751555
436282031
616853287
679944424
988585905
31689292
498008924
391299960
258614309
96324534
157930410
549564441
570429197
579403177
236528516
218884649
254416987
113472772
571294600
131872741
203101303
391276184
758953632
444223880
673159789
801652412
173477337
517826485
243247546
743896651
52088140
235350734
743501852
702898051
494681479
601495209
882310965
728356557
868316177
945344903
955376927
877532719
591475788
721437620
666754784
855514903
671201888
741481516
175206395
712996337
715608739
13453610
656929118
931078087
296880185
763236300
566354830
969662554
105016305
44277269
278637221
161265401
950390883
277390236
358727571
353546254
353572571
801688545
161243538
66059152
161200206
478271976
108812484
9969899
24351628
482410587
440780088
656223611
8973834
751113607
407895889
158304121
70009445
809435843
899972354
83240842
905440678
673542467
748687096
392695283
661874735
153274741
362299663
563418947
303857581
52861362
505291898
394056601
224574735
114612604
966461423
386587326
29606684
998873453
613519441
129392163
942410769
623591145
714529896
284345807
581486048
831402680
411023152
75974645
661726486
907767162
839165270
374135942
327821640
682084173
434255408
328006024
434782534
97120506
499567946
11023510
556058323
157744338
755696062
285220696
801238804
413788132
876852897
390702551
708523840
427703892
224633327
333593379
956882560
678087184
32606870
871180142
859202023
230287521
943186194
609021690
455617856
297266047
405274430
454321739
189604960
503497630
215795242
343604733
559072226
795192229
60811141
94889929
500792857
682591875
687767361
842254685
254270305
375352891
709134256
295412457
80382872
736758516
777099613
969469120
777064475
536138215
434992410
813422714
161198896
902319535
994562155
757241462
562559404
647953745
845251673
305014621
248537371
58918281
572744868
247651579
799192398
157393359
972650253
699597277
609832867
237868712
411351467
117786063
432632621
796372014
450369046
950517669
596244695
777269103
654579043
784364733
59442972
815410322
909798177
915387220
393852584
652208076
293963856
701920380
176156504
240773352
833348787
688110789
700514454
387768157
812493346
201406101
336159599
16376285
160168082
729845932
498294846
93558246
97071098
990601840
232873624
298111563
767289698
465791098
495046153
659369189
940856858
493786044
636641013
452718416
989534029
430692610
349985586
161846449
856459596
109841811
318287520
938912881
699923490
931812425
272984033
51174795
116669119
872431134
700132882
71725337
800991807
551637149
528029689
425838364
577238364
483431708
891448801
505831937
406679409
290690500
852910765
716333557
844912376
879171304
184703470
391478613
849663309
503637539
208582121
830441370
226745148
147951559
831973313
610622745
100906126
413552682
165304891
984632647
846108597
826655957
348206621
490986843
642728985
525732692
988114588
2765004
587633175
698584804
819315141
589207037
418162548
939267010
31692586
752229127
719419003
281281909
821005041
819881522
123375744
901765064
756858074
620432720
785996806
9518242
73981470
117018200
719442856
734029791
703745254
221900233
874740827
826869571
741423819
121342521
99946418
188547677
863194232
992608491
378973463
877675918
56015588
997083365
681947967
210043090
302851239
892693150
550853847
910888213
207528740
101575429
563997279
987059024
239552985
83329034
801335220
11914573
605776545
402552638
291315906
87263157
7557423
465442272
677732045
491392039
851327518
287659165
992767757
133956686
149248872
470558331
122485269
373043967
429242507
958478562
665377386
769007195
693813894
799259933
622701371
496162440
399774426
760880853
948892879
734607678
948187723
178608655
336438075
555094387
517456906
871790566
31891668
473795016
613175994
927475436
547226397
372081471
120755317
794194913
714765760
29029913
183182615
247650992
876989669
759910535
716416870
352988232
233958949
182655552
565062864
46781882
939306387
364597299
560281441
397080926
194284503
10536554
748325788
850403501
541281583
329121233
536552694
962803172
756390582
352413349
217621468
658923552
443030263
131477154
265923175
449681491
82682568
443796795
970718281
384937456
643466605
115295317
326451247
960480816
844849722
367725081
535867974
22091419
824723995
553961507
361005436
684199587
758445082
933299679
476561824
73540318
564200875
190180150
182907607
686863261
99245856
613115457
29800222
363034705
659210990
205142266
248985255
53415181
484001273
910770793
322307724
219360007
110275955
727743062
498548126
920411792
107742219
825539826
100266101
289968314
26811127
493678667
437720273
992080446
941978755
194148025
175465648
976609641
883090058
214927144
773219294
870185167
401612616
209774942
8833372
676662259
153545935
298318920
737651913
638392134
63313409
427358807
984973580
251858236
298760287
716630254
487135252
880611761
157478061
113458878
612434491
810305246
56576921
363774547
7617008
585425461
350352862
198521302
679024868
242275696
687894418
234840472
543977675
703654970
868084237
420998331
260718639
596693958
699345702
247667234
595204134
887806210
206393803
614652106
890131533
159021203
371342626
736587613
633530074
825984160
517198994
109759488
381836280
894475499
519274952
651168277
265949405
528256192
393187845
894185227
150294492
749245506
423208832
518576701
689240511
699645955
704473742
349499167
259064489
736384371
146517657
777576793
550364422
414100410
254187050
786781665
32979379
12892039
713328833
99403646
69058466
16577760
236760522
400383652
236483100
964866452
602320029
22430423
440272608
927053090
498852021
557474477
78738641
429973357
344371176
623465051
300954270
609465090
896762602
720372235
300925815
669969308
116613346
944946262
893174600
176927701
215996579
533911566
286219697
595988281
107941401
371052286
971356480
849804250
595401076
109719665
326861119
534162618
204436910
106890644
767419849
809584690
246250472
639957150
146328014
748294421
357076247
891491368
331845435
409009227
916654542
722465912
88680182
413313922
581893923
12329885
739151115
811328873
31668610
423700874
194180704
774940849
937645512
727636973
567529262
423771595
355373962
415561731
742410779
698812727
810523888
871876515
887343536
777099924
240888936
777441681
162346463
587536933
539474256
524866056
992239035
660455454
776427742
169959270
421043695
462634692
787222868
231960673
343921366
380798561
222133863
119052118
12851938
311781556
126492967
439103261
498622033
404395948
551933191
638695295
375180465
573598807
791169575
858000295
549730998
397015453
272215278
869259641
320560041
754453004
771017102
706160109
360754509
211193799
786691050
8946537
638421199
582691240
462394374
286899663
746111138
118647545
842293688
197020052
940523449
509107476
871190279
165329747
195133590
283816484
883543422
351349498
86155124
200815013
462954598
197902887
790121065
623852606
496296254
554983430
283248856
911785446
846235660
984830360
579941153
331497449
784250457
651583742
702261358
57105303
220450126
47781974
923696425
404184161
268716894
965149322
296234634
420600906
259653478
472400735
918759630
454550063
213216068
457582525
708648651
428394623
187034762
376024841
196297767
9030463
609211295
710815990
736010724
172029328
887680882
167933696
396180852
461361519
212732296
576488913
711166993
17711165
702959397
210327533
58401215
398447462
695892384
637360725
704773393
443136524
414224601
646931075
343658995
853191428
159142364
782412574
692596226
593956991
632941710
948904385
369241669
817049627
792330031
247230757
382883554
513637815
942778129
425306366
258683183
348902518
941569995
109334839
127735622
315324994
117924523
957873028
471551172
837371313
38792825
399742621
802108764
359600614
354249164
385219405
701968371
74337904
506892612
403197642
598304857
455094255
933122143
143705817
462252985
800960029
166031147
140143438
238255552
553545474
412765344
643335848
869252943
397765891
736976697
935814641
795296277
905790378
817190618
418257642
219711044
630380700
365144673
158391181
354041231
33259366
