786286174
462214151
893418255
789315767
873635643
977654843
325495936
257041359
984636654
214949086
975433254
196286844
941755588
65342759
329830843
900062230
191047290
820558159
18686057
890865012
49847117
543171967
501036319
877277272
834871565
963096147
144665243
14877776
455257943
358890203
194773690
811184555
73277948
924591988
755634568
517102354
182124106
328823877
529875833
761395388
593534719
617022605
440461821
508526512
130021693
551852838
72140118
619364742
150070953
859611859
30802982
94277175
55482717
56671494
648351970
292208083
838841957
513647426
913371997
310355025
140759872
670769470
753485689
931120021
179801235
549675661
703438668
580470335
502494271
719632181
981711078
442802623
703738278
540060899
144223276
196700858
985223719
676012901
227013426
145931745
842105045
141085510
933392325
761908524
75365926
374249839
131504776
275357824
648225765
313270982
105242068
270590570
101438463
398369451
875114905
876280966
5594573
75505774
569657698
420102397
719731647
38882048
986828707
928571174
871596191
508225491
99502446
884868631
669911200
297188145
624712824
483715712
807685338
866084579
673000076
701626694
431061005
794065645
35914218
102523770
637860805
505817817
133158868
276108346
448346529
273835775
120001204
704022787
523746160
234739609
355176334
803981797
688648759
336919343
364253346
386271954
819033523
644175362
706155903
889339367
163262931
161273441
920379033
667886515
21445466
557376466
618586635
361978675
276313284
646788063
917381104
815925160
968672624
639056257
27873079
468591737
971040757
49571717
701233787
949734834
28901359
613875055
106136353
732215599
402916781
627943625
788259552
628133362
731221367
299884792
789744931
482791905
137998979
711076803
327952872
685161535
28226604
668908800
243705620
445342311
724807685
819573957
699519435
614360999
302716270
534174121
525053862
275734941
693007450
387832428
816312250
882164538
591680055
868653897
478476073
559849071
451552272
848079569
708323829
11335077
96477727
542214721
409679536
89731435
469389591
872427234
930698502
67433926
844829283
193018002
567386350
480753569
839404812
605335751
924568407
960795226
492300533
486355649
985497016
532884920
837025363
774224182
546706080
371462303
228763431
807561644
557815653
543595351
998836067
571044468
175384536
26994284
672458467
77176683
61410098
172059282
721967166
245013125
28521363
552921295
838347364
778731596
119110340
663143020
556098006
214164870
667446396
687766259
730153255
76535267
944156886
895036125
881742308
953932675
579327801
721980785
150361425
695551338
939993255
16581484
117153037
379951499
352328589
426622548
268266612
844530250
373356607
667973988
584328639
611258833
321849803
347350814
15285098
982769234
932869159
811613275
919111644
205357743
388971142
399837230
181466858
470867114
990967893
807082435
72434251
226513721
298826834
805362606
348087048
319279550
419496142
960202388
706652603
566839282
217843087
148723870
322265298
133648775
39326849
444694334
530663884
34508811
307831308
806300122
380172052
1259443
891187619
400257651
415414001
17497553
458160750
577313810
489967502
946778658
207651139
37095063
129185534
566399838
847859905
682438117
427534442
693581568
876384859
209735438
784656529
317738225
813437821
748270470
338510574
411365518
314993933
152940984
469476427
192908804
578179072
62064297
814141545
44233303
33908281
185770985
701887742
799217783
338241470
654242054
622244023
791783223
554281493
692030317
296702242
73105167
338742014
731117930
446831894
103016610
567354674
463539043
476406428
89563879
361809503
758969200
860049605
793829407
293934007
870625481
251002970
711913475
644598297
160655577
704883062
374152440
701554664
963054341
163023146
528120615
469917192
306557302
718293130
338840042
33179781
690053359
261193722
404920242
732653319
770237447
182611310
528591347
969751669
7791552
902317184
811652249
269117367
644813993
364414061
562198097
470986661
861503671
915643089
339691478
411978807
901548772
379593197
135045740
354581817
987745137
169011711
709231692
764892598
285159053
506214428
861630611
780900942
935122841
215423689
322218964
739071104
72310882
980621219
972267793
488407774
337283203
269923387
93384785
577120576
463893633
900630488
640381961
980611711
383637596
243608609
402599326
887545898
285341051
290522905
114160151
294966925
360741163
19569910
99068171
776308486
417912372
34642097
912998969
441137005
731864304
646094521
297725089
118593382
921256400
288992741
664007581
283211278
230391665
849476028
896041516
691562462
880381364
658764890
723755281
560996653
444567012
96164787
555052899
232881907
75952842
344305458
997083054
430400485
271379974
847677785
898812985
449936589
495364302
101576876
20633329
135047362
403691750
229856986
645800046
810296540
654012987
276943251
97559586
25212409
131021339
522127979
217799497
669576482
556988883
398345678
195048828
751575434
461709409
518871514
85508670
538861797
205005263
899375705
31311026
162194056
547645829
232002060
133496577
335468962
426655785
723526078
530591786
817344689
723559687
312821799
995159316
636321099
922797128
386836560
104885105
280876851
706208904
649371987
590552307
312421255
10543795
893921330
31354334
156551319
92355529
692965195
302343064
478489275
502658858
607994260
727255059
528318859
378811538
830406277
872199757
769010671
904470677
961972270
223128616
799719188
963806294
645638234
716441416
382826708
498026542
614822410
303784867
392949673
346171475
846291182
742786251
243093097
795619474
693370198
154020273
420285214
494739787
931320997
32138158
93704714
318950776
880414072
325396200
593611975
857648130
497160184
78784402
683680528
751026116
395169573
970000037
761899650
841200888
909453685
451438458
196925827
775484738
758085794
412618162
655714931
91409273
325910787
683267270
983561708
506845574
443314514
920135038
148437462
52138185
702171336
356240046
182426339
232289821
492043154
112947068
824059914
447242567
253158373
638077443
180870351
451059526
27236080
967076416
422567174
506502125
21977257
326583821
370735929
134646353
694064771
601455891
200814259
456201003
166738464
45569867
860484296
456996563
727562816
222982501
89089465
154410959
569064698
588872350
904437595
635573645
27666409
360969744
401504004
843304011
269570660
148251715
718544788
644576668
429258429
217046637
686191390
738295345
807561375
962149704
347667175
571300662
531701615
712131001
315611034
818733165
49319810
525024296
28915734
997343975
821728996
418018478
895251054
799348557
209719350
160810660
314900485
298599060
664760453
766548937
540861820
812920096
672467296
108550801
618489942
298724186
895157001
150449440
467380399
398931533
636052614
328676067
819463789
55328893
296079673
400985635
137088266
451459735
363851960
959560293
555050854
640529092
896531307
606576040
322485220
63702703
466243673
871183206
412164369
207974837
182122159
256938876
599121178
153317503
819021257
435770571
220225897
46395471
374029907
840295839
217765016
215530922
421826235
898562068
104121338
938830876
503823932
575705874
77722080
443802640
505252013
838189817
88825782
878785941
142424564
583646013
160833685
241154996
427601872
954780526
846027335
436324767
268378565
735174244
131207443
211833742
54638392
887554751
861533185
697693977
402210293
291599445
658456053
755098744
236135018
214485356
433764930
714037817
744952159
128428113
336429983
528431352
847122890
875586704
112427893
755569688
419179000
586907275
807490872
170368139
800213137
104551024
417207306
926509909
487931368
575275763
779697653
205381390
356967666
472546737
423944384
360321694
866205106
938910344
307511041
606695808
169063441
947787154
833386192
609611587
195477511
614800501
234143678
957958484
461712311
919190753
897975836
679370328
53030376
469978082
595371962
894334816
543315905
834761579
8892763
287660370
284951074
5672455
212781180
886120595
808832502
183986771
397926593
205959211
108223889
387191059
297666377
889438841
34410744
334881155
9842426
831376168
521317910
81320585
113098814
464332702
387914367
374704577
105188784
28801724
708525412
899540851
627515127
1416570
957258647
300208396
187081929
123330346
664951436
322396758
416451540
114539698
70884162
538927030
569245652
217443010
561614943
365980875
286602424
513213302
24587640
259025103
572353724
695513509
887840375
845624384
223904597
31100430
336331730
149285755
107922146
476405133
591124930
223075863
780409362
209718845
293472524
144138535
938360690
636796293
552331018
890896624
422748610
502494824
25013047
861221194
289482524
450456420
497192350
338861718
425964105
671829314
344546930
607522882
483771179
337763441
512394095
8242531
149405861
898689036
196941325
97979197
244040512
494956350
472494088
960339948
844244316
549645054
420836861
626815061
20250744
325407113
264631195
380526712
446506485
296363455
352410972
429294575
992985602
24831910
916456896
827922027
659559956
942805604
562642159
57803438
138204344
125491670
348978231
889460306
900789155
158515533
894469723
290687809
89048123
927032733
435357830
524897935
893321071
176301263
997428691
572201607
778545857
202890361
787148105
448613656
975592474
854244359
17152944
253045913
316187094
570768435
289221324
650772093
169460881
214108894
244629408
692636432
323418351
568001369
973173633
9722806
58449402
74889879
698409255
546826937
963961112
461524168
595518361
488501956
436813403
906321147
987306634
701993098
616657640
200578788
173689927
329629939
701995124
494685145
699625787
614006858
278182585
822029138
343967772
77595582
550728711
821519226
863183029
328424624
10551740
387871408
327008687
826246743
472363059
918697477
111876631
875966851
607428012
515615362
995722889
947708173
433328514
50898341
432820347
682691291
68989280
981917106
699835884
690399567
185036993
919330350
699058075
128064386
355690055
463792329
90380100
492908560
944854986
985957607
326320851
222793093
323402561
216803575
29316949
725254148
165920925
944735878
52181729
250685738
467793899
390123988
937830885
216970356
767736225
706685992
847146553
957576561
849875791
42718015
48729453
490882915
253569669
199765469
446025797
84229058
462393782
686596382
181170291
35986640
183599427
19941749
521678539
997519937
80527510
537446435
651631290
70610027
360413354
154962462
292798604
22635968
983816820
593749255
10839245
698970727
163236321
843674939
101445198
330638444
701814108
163861767
468297995
26001388
235531191
324605700
949355201
165452599
604538687
561608762
350367102
137304871
48186168
969644439
549737601
438397174
238406960
692960742
471656663
361693544
254921796
536668312
107944731
783697032
934206305
432598401
729134375
569609264
121429919
641005115
733157481
130586023
645932977
466301936
257525934
159143251
437733432
131585865
403027338
972436326
581900573
349577925
664944937
700993046
950040621
882615828
518271054
375150770
106113375
788956075
186598031
556288512
368273528
221881669
455898481
310822091
663841888
90818179
477655298
442949603
747358871
699520603
782066227
911073168
224459890
635425557
448683189
877277940
63760138
297979497
946294071
286906334
394430744
713707048
148401906
652115523
209930937
288327572
804497538
422939672
924823101
397431295
814576781
404338223
322177279
127309421
275128019
961661258
360766384
360170714
61802977
264186327
300670481
874801009
310938342
351079966
500785023
872397146
918535333
264994272
612152214
954442010
989384371
936105482
790409450
184313340
88972062
461281206
652338364
108291713
493722099
677089950
464365055
974796812
105946341
712581424
127252233
258510757
48840289
704233305
266201503
7266403
547566081
965549697
588675684
665800444
621485109
984731433
332985780
141585706
997353202
626009074
618302167
787643744
486714192
325779747
388233640
424687208
261344499
366585311
945011989
241434717
689178719
821910335
757718054
636118862
701751188
856887658
856793542
394432744
435967452
215580141
637995788
745530969
224492428
306382747
735805005
98752576
238932667
200373136
76931691
582513692
803480397
385281790
504807002
479241447
297324631
881898616
852693612
268418598
688161522
385997191
684848904
263915196
384268433
679486953
520982491
111565161
48682637
240718529
584885006
938684814
814157795
870257755
227398747
582803496
526190103
556199116
679999563
158113840
225479268
376631527
236277411
816013246
45884417
929703953
545403202
220934350
676265597
360950038
661278163
12937429
461483666
268501869
568765188
16923927
655689061
561927165
213105526
806579584
243703313
380833600
520819238
482000073
488986837
794403122
573444397
883303721
3816889
409234233
828932566
119923286
121719933
105582803
710999097
334656527
308579007
312541874
813922069
74102652
284887758
874527015
86546536
293026190
746659434
518455317
825332
885851459
847999955
357296193
712324041
527804728
894062616
27331750
514757811
313723805
293504321
429509199
35999562
836764169
971877565
713609005
986382088
944586144
725754006
80976878
765963078
729437530
604361571
944979391
272742695
707115949
916565728
321771406
139044512
234316168
923528349
602392346
62910187
725153462
267280524
656760647
991775387
865573163
527026608
907333649
941214987
367532351
386792211
814382278
799650566
241377946
700860317
989872327
919757916
580967282
371041666
173820799
714948300
647105951
42672946
602679284
354085808
308437467
864420250
503000285
441759294
381659852
978158836
691531003
119262416
40141915
457787397
989816324
12907377
225870435
346232799
381801807
123209623
802623554
142356252
673843973
787851252
50193992
746217143
422062564
814096599
323478849
158472073
9747500
481942240
655612029
48846313
215825775
413482245
302122117
136271277
720873832
225884529
720536747
949955566
231339173
858127311
766146939
266035950
900041323
832200275
112090243
585315933
964993169
57702474
943619250
875592613
622393312
821788346
865721772
44621215
480231955
997411305
582500970
310729281
154709721
874159794
775125835
666576229
739066279
157004672
228782555
563199701
427217055
758520046
563066218
377967502
695326597
497929323
379142013
196892778
319877019
111113103
697049295
296906610
35961021
602873099
871711661
307145459
733624234
452537690
514875969
784940124
322560664
438129440
962719626
213105498
10940789
53799971
145875591
854106016
92421493
811884763
313918067
501536132
449541848
662587978
584279189
949447128
760563704
304469748
500818112
367830712
174422423
979984261
185989860
350138567
547573944
442025192
627961552
647826470
183540025
59744295
664889463
349877009
355722932
920158154
46279852
898275319
681483109
808064196
743692884
463982493
80326752
903958404
311377380
855981438
330454737
74548076
889599088
563370216
870023282
117152945
509196591
909305919
431996963
262066032
518151830
544330832
206134675
735366827
593773356
516953664
677067971
831246139
929564928
44914574
34986918
977942999
447547933
56706006
558369479
190692120
337140666
767014358
633922227
176316866
560842286
664452059
595018257
240821145
342744005
768831905
300849563
290314555
190626393
546863232
650595448
114840766
277087373
344638684
906882047
937483915
836690080
686322512
929754866
305741251
614921493
848993665
719854933
720099068
385049032
927793323
149679854
229439086
586598929
990614243
267220962
721277675
412084289
492637702
102328933
205932156
448133946
960956671
251611054
85517687
700618700
481614678
533221486
938323547
416855628
208259884
371800570
617518246
214896929
700502374
10299417
775043108
817141796
348799296
764693997
168139976
812862171
544210152
170806785
628636344
772913025
262989572
314526925
116283345
365615841
65630566
194696385
21684722
616236009
882547193
61851743
936606506
37434433
35415970
636395365
921946508
393692414
566074603
158336730
194635547
878091616
964338014
825233893
584435578
347753497
50677920
308025889
616681561
797480110
981714030
668888124
666805152
923604649
349324711
283778908
931349496
138224738
659482198
111996894
522009942
247023738
50748379
980517968
443439859
158572612
581930660
538550138
118472877
95776488
374732684
574934976
333478526
158044180
500862844
870794785
973237608
637349788
182947908
825924223
465975357
158868512
280284281
500998112
613493153
552019310
710107949
174605355
879123414
429465839
937699013
705072558
698246728
668737374
536733153
359652293
105603517
117175025
941682866
911355768
154786155
432667643
671884405
215437249
9056096
204031655
270180863
39796142
915364102
156209870
716830078
867028401
68457054
413378860
605962800
618714064
158305967
547668285
70431706
11545163
525547509
353111552
288081572
943353986
186913734
605376596
277541262
872938122
462994316
301535697
796050760
534541796
134176515
582828956
520756202
538706954
946423434
680912581
914759502
729234770
745632322
230471552
217636355
284036516
362644835
911588091
524232120
250129592
584579555
210852084
410175739
954346402
854102249
23952845
774773107
811140622
699938536
429879504
277105204
728579394
555974823
300472313
384598343
972805469
74541938
947582322
848185912
202479698
983770887
565942634
947078867
471739904
413732368
971415349
598327399
126245525
284578833
406285359
305132451
803083029
274798336
684008212
329481184
720432554
830081340
474618744
952192098
494827076
623805141
735286112
355768639
197852940
131967233
889771448
638590727
101036493
749312383
464757769
94006591
633007987
834359564
447261350
353979021
996704772
60991066
653558121
408712912
239183925
856860579
647694671
967970024
154349272
653617203
676561570
982593024
752066095
46898203
790855604
418509675
714604640
464797854
538186209
197367838
893214800
373977818
617499423
250642347
529256962
995105276
543568517
957809832
908539678
431308583
317877898
749198316
917203556
912984832
223081377
676022466
967209343
812393398
345816120
129453483
196410566
782964511
779025537
846249793
527931832
683832654
135673743
510527997
760257560
275358935
39858418
489916007
400273623
458278052
11821640
156618940
197722531
338650508
623541395
760195297
214537172
673449304
289558137
551762061
622367041
97425177
489114279
917433703
856814543
97545323
796061016
959943406
331507081
158852157
984668363
578897039
259631941
829326287
875356773
717569186
227444939
174675831
824229209
445731138
148355301
792128591
181918435
347505709
32762917
840775164
875769711
303307980
391907496
832431315
595319536
676044538
497143534
365207165
348785292
75332062
722272297
585910781
121165773
282494616
771381682
353571543
511863206
509723520
613535730
106108367
992860816
594261436
232827908
231679866
529968683
103799521
476172928
546392624
630384326
687738686
230501041
153683987
576443231
482728409
158185933
293560420
984568089
501798216
986942093
226961016
62168563
352093519
949843245
370642930
788982445
603250073
569660087
616549797
296880155
964463749
2120170
490956466
132242392
204006271
907936073
521573899
181797444
33279813
69028694
361620251
474240007
497346956
882460975
61524405
932603204
81650405
307930401
610287748
557389922
963107824
967565130
354914414
107644733
740961218
436641826
641462691
522469096
330700945
104115594
874120077
484128477
616490533
100002399
829634289
412605083
343555208
215167386
138377720
301269452
222333558
444349586
348202866
296801940
634048518
380462266
887672561
982534286
372402123
102112849
290683486
719155064
675745651
975678429
743861238
341641070
100757675
703321144
37946578
278144803
345113102
469038566
219816099
234579349
846799475
111971070
135110364
710330117
536107768
629430116
281698759
58585323
380721777
469740465
854538953
925860109
377294535
254604851
550716690
542802460
398674751
79315814
286499109
717394443
741041899
973228406
78415103
840671922
249787895
158639210
192401097
239258249
871278322
624065693
378282777
469680544
374789848
89340539
94622921
423140004
275440367
381752094
242832362
715741335
600015861
640140801
876922959
512497039
226431052
175765440
452364234
412011423
818709982
691652145
611935780
927665758
112226223
643847235
452094850
487017344
356486409
327131407
753906507
594391639
875578132
897366101
43454453
593026660
622979045
285718050
762535301
754635979
242301861
989349298
932179608
848726620
387142043
127269531
92405362
985597622
32493704
445836013
368024175
26844736
727702794
296780364
765814341
504975384
346888636
568453789
921509595
190244019
60322486
48619405
987951888
486510796
34578100
781361099
96159229
674685028
175008128
457809406
499121251
6478610
778494491
731910279
245402576
52465949
433198606
417112288
32046754
392529188
728079544
834510844
551953362
557715863
418065872
814321619
854049019
980710569
704237696
159536764
623602544
71166389
672164924
598403786
774900510
41394168
695322023
762831462
985370420
934220527
407702704
463283183
400278725
653306877
762386551
68857574
408822895
445906557
427438564
135053712
190431364
438413963
670339085
453747874
638452036
179783315
269701014
514044355
36346369
527387774
891996929
350825297
143157859
292568697
324211069
134321280
17884262
54333223
401034192
876807568
983740374
919339719
497498649
347752602
952579824
28539563
252041676
456920623
896043771
499386262
843364235
911578525
538027983
225470300
876496847
210502326
537936137
204885539
850206716
527208620
453621322
330367660
754549224
292965879
415979729
917505760
219120210
944877671
863301196
945596044
284811504
704418493
722973012
512106171
561789136
939102329
273746264
552912510
37215117
843245152
158905432
136900331
951499157
635616968
64217138
716489522
881975416
20126214
374726394
350684830
697626352
282142356
559621203
963261438
843037560
432085328
961550413
277401462
592997324
582073008
587114117
680914506
360816733
542938072
900491193
100406003
692954172
995053749
614464591
3280401
184011027
52687444
545226328
751465968
473763463
429409527
739992369
692505882
906141782
484458673
282934598
594416746
619003717
322348371
791933159
659717750
355244575
80539210
495245019
336458759
245452657
334804466
622354816
367039380
790359312
150937953
205186931
747633235
171724922
983169416
648407437
843523065
400386459
215678439
991363579
323129159
401371746
794304629
484613705
891708374
896969687
529307871
637342013
332634009
695484051
941539696
293522896
62823995
865778336
804951527
425761541
104594492
550930039
896834670
408630149
803291728
725201450
196055813
162436936
240529920
406269911
711796114
626210318
727783574
714659053
374487681
132592866
743914270
837054700
191406969
787717334
858786128
42650443
490849997
278505274
497670265
316235446
524202912
767174777
171510394
162512011
474928307
128288022
250330608
977516692
140589869
580781129
812374885
654517743
103608291
396569604
382798097
165184936
683556024
203952263
407065685
229091076
904510617
720156489
958231290
46630128
636445339
547712277
624428882
454726390
726659779
331382465
171470405
791328061
812385571
169522546
635712565
433573060
808942742
22424276
658739779
159236017
204753776
424035730
168302087
995452780
816131321
921215138
286600800
86718705
222344848
571733839
413816818
166721053
944168707
547352005
165823840
729920872
71249368
705383228
680739088
759977645
192137124
556285644
489370011
621749041
530834524
904485283
592568203
165982497
810097178
206400208
381329026
707026948
950155539
490311739
557088535
744926454
223884781
574224619
147774421
943623806
741604158
546154460
592351498
377675795
159228258
531338510
417477900
139355419
232261138
387073677
437304899
335704933
688697468
378788002
187059527
775971865
502489208
550744668
75979898
454909553
869963438
466501060
733180657
642494631
793341146
566264152
880451282
435764791
499410093
43065753
469827255
540134783
458438247
86457645
610571518
62450182
420973348
851543509
643188036
40498260
970478520
49889273
38280658
959769427
30483406
711448939
175697776
747565538
562132067
392903196
540442878
772008464
754430818
623223689
471724091
333662878
687425472
535169178
478706615
153797628
981048586
227665609
671341263
13938128
221742064
409618985
760003659
574336212
989883949
228733308
547562010
53063479
322956600
214025027
406415672
707682340
33069954
251518508
639446545
502517191
17012903
575615635
406792531
777561884
133592658
333685498
539727110
427204105
551222716
402152500
654036351
901725277
259616414
856387316
711174087
69289095
138624205
524280646
648512081
175788616
129131972
190016597
35972177
477038718
500992635
77835391
648024654
626445826
65661451
34211975
135257663
270368083
346912697
980043884
721563542
358785500
126050740
177072279
8718265
240711880
726185024
639970505
742456199
720254328
294565225
684630807
244629736
747117742
480094424
360708413
526326713
902032745
908030991
178923963
656484375
935365031
718937385
184417289
241125647
337577656
948375057
454597237
988755965
397503299
901631897
350542225
216436708
173332978
895604630
385106639
28719846
602862082
776297601
679976163
733456915
265112706
896942104
440491088
629297799
582161252
468262136
651669757
881693357
251395167
81526743
693482977
433946226
701863095
857402863
953405408
375805034
59443496
99626259
213676930
207988129
256806873
318135331
925162609
140733082
823674575
569151660
166223929
852135640
87498568
745421758
665145648
886847377
13586151
264559893
883883592
554956259
131070367
932925219
375935677
29145948
572271770
164074829
792214243
320893121
235764959
565794573
46023960
33021795
254002821
287640324
576486429
282085770
566103468
34954394
229999110
779670079
754974066
337224059
217398005
751073643
280117518
778675472
347514335
818905807
672874303
114019300
709849652
514848734
964188076
656727425
101625169
630818479
391079497
419723545
613289134
36138560
431221382
213277924
537140025
606959841
125312674
755583584
114852712
640012735
545766757
867878623
61107905
341686512
460599109
734689605
972803444
498958050
848592146
346502471
773391463
895998879
423434214
657164316
612748276
109862174
857427288
37068918
798137570
393534859
408044548
196120306
654663088
516776985
685058355
393443212
208752027
493506575
233592052
662202220
148787483
361784034
180077946
757205187
417685170
780411069
868451935
647066986
927333236
118653729
134446057
200459265
202288630
409765980
649383854
677637305
746007498
803684713
900336574
434470050
485393161
876677642
59441234
289819976
162487475
107516202
612203078
610876749
116005095
950202591
354117214
948106409
265950847
347883469
94023545
835788600
501733684
755542056
302223579
147606300
254215425
222899013
304657414
635200809
228201723
865036702
474151894
696230333
974008864
175618012
652892378
741938737
321160575
404890304
787916216
970894109
141569444
666345539
826460549
573949479
424054114
418886977
454944471
186334051
952337201
203150800
584422600
144569764
107669610
99942080
377437290
56127197
690273631
919123947
930406683
803876380
322788052
678146473
956394467
723746460
307791055
115994192
271386050
599244654
676180619
335727995
869112737
331370433
222337343
997626705
631986796
419455900
26047108
886630211
606419154
399369265
861384062
641348664
499138129
136373284
701303730
379644226
318817632
532126427
955280743
537713767
397004933
332877430
531408669
669660517
570971422
506088095
167383029
577039441
5194402
63843957
501689183
676133159
299550965
459091084
351022785
102244994
607007069
188900104
478285209
429533502
814377397
400973308
756112144
375994681
893755744
619643912
304992105
240339031
438141963
236037681
199380196
522033040
555156305
558407902
904418331
32550891
935201511
365507865
78289486
704944518
746506104
197746223
370247406
821866659
896948413
196424131
689378503
964895302
381295013
538316499
599645340
784354494
291627929
220262974
687179314
277938531
877010215
756224500
358237885
588143428
34154435
990016654
849170356
106510918
329442844
419594858
695910755
709281776
493150184
59286240
585472074
591390606
88159812
499517366
582866486
720980882
54735599
256801932
377427720
976075153
228177755
500425603
698878879
486805278
178650644
371146502
927362914
74641418
617585586
743606253
720646955
803521011
189064132
721146953
794990176
297551887
718321087
717654721
244931478
243141848
858889845
97689450
644762491
677279917
877040495
543938839
925485054
12465144
426121139
379158173
591102099
694210906
769780942
489257636
201266174
631096228
536220390
578492899
141753211
323186301
432517803
280459095
232135694
217537933
811203153
211277861
365084412
93708147
729074060
945830007
375227506
236669445
389087747
293596648
307365820
623568452
836678891
514101281
810744162
110005243
138586701
452626662
258576260
209383367
263786140
777579296
247927550
384112874
831724865
52498511
960537099
133388837
924735759
315855032
348755147
775285898
76616049
558195304
690545321
339375488
254733362
546690651
90039109
522301725
458706898
744597043
968412819
495317045
910964761
135746855
574196364
928576637
766297737
45871986
769074857
286437352
242762637
930320194
952348169
537216669
265785018
887349812
211762007
342349568
384402145
759410094
58453707
217041249
775196299
261465047
178396740
414498173
241899687
264211357
181204553
32343954
143012562
292493404
252133466
319483529
299799296
832223615
990219422
269177935
456000465
930177913
649525482
836245330
276243784
841391195
468814322
315010717
544821882
558767480
276972776
814968354
963431008
676105127
359348977
539251775
715594834
769698431
778433972
475210075
76642223
869851720
521880113
75218969
648439070
115098668
213109338
427915350
491418710
630425680
421883196
421505352
891533439
755924395
843331991
460991842
589277582
978878795
750744749
153156805
364043656
604775195
419659703
587384435
927072086
939776249
830177243
236821253
672532478
766304166
427172862
215504901
825061281
959566617
176856617
756496749
227976166
553128402
234012207
427257967
995254947
503854154
875474274
91621482
174062038
948981253
274304391
575991763
615440831
724492819
821981549
298201710
82550588
318984595
925964647
811194908
784201185
96686560
533080128
33618617
809338875
218963495
952616296
191850919
722748241
80346127
681779031
615626111
702277828
558545558
448756806
801833593
937183003
652142300
498976231
493152420
627439880
977233741
877775370
326024611
293049667
404700327
70195774
467911528
465433610
336197870
987955456
970398641
338151233
934612803
717966333
378285101
330403077
304889652
532038122
50963029
917686931
278972256
470177436
651222088
494283471
778955851
965369201
183274114
497110431
679357679
238138525
379257896
871387347
369223184
566560297
69717147
184714805
416749962
465227668
24356721
832028720
168594564
997922578
741969771
546610411
801825121
126356509
786449937
707453234
900199517
188476948
250030068
347747444
676581195
583413100
965228509
70151157
887022388
639103161
267041818
93356713
14496926
449839019
378761320
745878231
310843119
81603272
656650133
939740456
122961387
707846382
454014156
240704655
327680351
882420432
672083746
607926912
121809331
138959112
740919985
656159923
700046524
830627157
554741401
685468256
256782081
720005277
97279380
88934640
182110984
720543297
905460705
88672065
402051510
580781324
568248510
270140517
86431375
412659905
969583450
599939890
681515589
303410636
847400074
476102695
639776686
519084351
533050760
505560291
851476626
830052999
68251341
194752739
435493681
18887971
379575507
862143367
576842495
773425480
670972567
572628896
734333452
976833910
264007992
475146928
20607636
927946342
32784575
976264758
369485378
164541448
337414293
960224446
163713600
308587938
650538433
124251141
579661614
43561775
120816428
638260751
309678851
914081072
178640391
688761144
204341627
443558417
561925960
664625836
679554394
100382622
319505612
904679486
548076432
851352436
954051492
581008863
341023861
303079576
274466852
218339268
807916588
9827064
431977704
143850116
320099241
964103793
841498220
864973049
673094633
213471840
700339488
727537663
468595151
440530895
986958426
436847259
230641249
417748300
29956916
204824092
332952572
367034248
169660595
818657109
679537656
884150388
516316512
547395923
131150597
965321039
393095863
898551763
895696949
84912648
737992621
783866847
2458073
999518362
33169238
807497798
730638896
914918897
991911137
303374490
156208255
475040578
922493656
366313964
200249146
293822300
48669969
593447086
883127682
37969155
415200439
552928752
306062899
457270666
979064228
559185743
276624490
571999470
441092133
810086097
490161599
772832944
286546570
956406977
860636017
515373856
701469057
457205305
357640177
911744156
131081464
697236425
664559144
666162128
196033539
820707898
744880035
116777767
283324925
937065327
469560886
962425220
503717246
827525417
237792422
357329940
153285018
156962648
975600712
143861230
54910366
664436023
243072111
777752461
968430832
752921406
168054018
587638375
478096320
828106828
540692964
627676176
574365452
844372688
333582579
676912332
927501276
653997192
652958135
956565162
379412744
958411844
156523870
77522151
255838758
658637643
145401392
904651710
223220885
6321478
427886463
356636340
822129235
693136532
125854737
711630598
815434617
691193407
41770045
80380948
821074813
773885782
559794561
373622432
862296247
726676086
507830960
990745666
662521140
80548643
604428069
470484525
516361891
660766862
192868028
872132285
250303562
994579650
127745155
50023991
215795343
935765857
733611423
694495837
872433039
968111351
353263713
770701015
945576162
331674905
53466609
667595985
530883984
371677954
61951770
513322294
446033619
631948698
347032265
385138956
589736712
466880245
247590917
959348556
310681375
471831964
125469818
587184045
782214271
590462773
453904643
239554514
765646434
165171595
81561221
906096973
932811532
165164506
272986111
700572901
911140800
321563529
919555366
324319551
961636537
27401514
354462164
729671936
554859860
370103192
339713928
806415496
290918618
561394637
14424861
653559920
904901903
446749005
698591981
319515503
77452101
933475906
246002554
213647438
141034086
922244541
219425627
682244847
413189438
664182605
111634459
553846153
84826161
14153417
6654147
696815117
231038205
527536568
388237582
240391856
506951793
108944281
70999695
356985836
870604391
219016223
553149198
34591650
611960430
465157500
530295499
946525126
794618529
267650107
153261827
255167655
831449941
227208612
517738869
961762833
610436622
901261715
841222966
603383821
822724826
444080727
466755388
914890980
520215695
615086065
466726462
134676212
306067109
347395187
378272076
567686578
850547434
382312363
567097913
402795483
438021097
176695136
915522785
124189088
6404165
762380799
351329754
702288398
594918592
493283028
869032624
154211339
246706777
951987497
256555040
416595196
937254272
765383276
872842119
836006604
153809448
418081464
568663069
76458571
720204164
705428480
302585737
62043742
382080708
862577380
714954189
922620589
862463748
685444564
940050408
169785183
465771615
649302136
351659525
797121655
288481121
944619592
171273803
237042249
128195158
364169361
570412310
702222607
985822197
195343442
148345890
992870712
43345665
38791825
965854345
595232181
674773026
526837827
77934291
96821951
547230176
344585613
137893185
130827715
97586843
435658587
330120640
480621476
179597610
977258928
478243072
700485018
54282137
551192265
360581393
871716533
33176505
251656629
927363844
111864485
621650961
997994816
374138805
401459834
821899612
361172737
376682011
54005716
982212320
604501163
697359582
188318443
374979663
288167165
819046811
773339542
822050129
679919455
991343437
225863299
683178798
550671901
617411062
50921548
259331788
721167722
348558547
287731951
832764896
662681763
698784512
195586069
764383980
294518665
848305819
62680019
502481582
974077001
798855930
881141866
350750595
680929327
713192265
693733229
502585466
881758011
120854429
832091334
239022724
782679195
280335932
571103927
479217067
677825319
177250962
266918353
537387421
290465256
540364085
791645726
199232542
535780110
453714712
893839038
254689343
198335974
641436071
600793006
113910886
663309091
540235500
471764830
829961943
657729566
718224267
364504191
840424836
400601353
247769727
12205697
88188452
875532301
736136245
304742976
47224372
9577363
639710990
245718438
967359770
334204802
683416239
785148685
964643484
530548124
966754543
174301433
367316052
306026975
587893845
694453113
516979377
783333131
27726281
773216521
597995838
316954437
178399005
244280562
472702609
655857804
220605689
137415969
251711295
991453031
764179351
996962706
627640243
738854909
787821676
112056794
68909977
900632331
42688120
838775298
172154399
246451173
232805153
569053698
642248574
646211158
135800025
364059599
650556006
723147152
729172617
180816784
988822576
347482860
952408613
124981352
939126103
176932342
621354716
385484348
494494851
525724826
253299695
408728282
332437914
528023034
178372441
594067125
759322678
789418258
22704231
261544109
834242574
649633774
761705983
233948531
43272085
260813479
924623101
332999269
828111847
820626160
894079381
637930767
167480371
372347523
665906499
470866035
151368815
176010314
792531281
669376503
187624220
796704140
674227934
822339982
175780924
22251952
173238465
555786788
500686119
399397903
119752911
727992910
489256447
307559024
256353930
796698545
36959937
25822511
291600278
202440677
184413610
480202379
795467129
21613825
82414100
985848754
994407248
624347471
443454066
625313943
606566972
287632326
341937511
829451089
234770049
723993819
535015721
531111052
938845692
217389996
862493535
443185789
14487530
334934926
172334906
464383440
472089963
397954827
726045451
700642025
610994097
169447079
566316883
897172738
494623596
830486057
543382419
945277881
434176705
449386629
973674026
981946201
739903470
975805342
408771623
156480102
726252985
403825883
516217563
539378494
914428979
734682637
905989023
168424017
387537650
636575953
93551584
426048701
285927702
128964686
548117273
624900446
306434076
938714869
172230712
665128505
89979365
361126008
704274860
359436384
314379520
212321195
863856006
206241663
522569415
856179318
400108425
843551940
37924288
239697263
225952104
504045488
796960419
647329889
84636049
371397109
744408869
631153386
463393670
625905125
987085214
216041441
726507448
406231941
5520449
133130495
457861045
617148765
740209532
294641718
882277575
32389671
105471458
509114803
916656961
373120961
155190110
207951437
610431995
492012271
953502428
841829379
57663866
185074366
986714420
411122136
583983855
293770295
319419188
853128412
254770988
31004987
184004728
250783465
447348637
660247316
470540885
852113935
588871821
198408374
331318436
966175039
732577308
134588906
285420697
920425054
462581028
646376161
747380219
883094571
776082132
84802708
526843641
448630034
196612725
401625441
629048893
721363023
535838963
487733178
26481487
993637353
439037953
803863185
615205903
881200306
920491856
853963421
383874162
258686819
501290709
277417142
406609942
629159573
803076959
329503943
783886333
946491145
661329294
876512832
260880895
81664857
601670293
407856155
821375534
158030911
463669592
312968123
130708216
754406535
242913864
960727942
185229550
218493858
26960919
715719317
147686581
720597381
53142807
575968281
559277641
249437828
586904831
336863814
541355996
374687106
567873221
53088878
133309159
185776842
725638474
275383966
487601260
976189331
322046712
380863855
876263961
347733185
57142944
66145068
549938738
951593919
594320759
164540342
455285593
739374033
217040292
30355672
88842009
576592208
873352224
757923454
902351502
564780691
940477611
535226162
143721872
243282393
706790911
418650630
530793901
121418761
711598922
489134748
502382417
275228444
763771002
626554189
662655921
477483308
340714932
922030330
584248870
237790649
996197580
232867751
450727664
925484898
899010081
118563322
495271227
740366138
646425573
603572138
791104599
408762299
81831065
49125325
756397287
346582997
844014470
621161154
435915767
164166264
240766563
195905772
725719845
446348118
116068258
910596884
55391309
838524345
463959363
657187656
353828740
2287010
401142002
475086476
213284442
31037398
98893600
712024455
192342593
986868703
82702406
29127360
766013777
793931365
656250122
622024116
773623345
803988363
851757022
996216484
565798554
442678681
574146617
469768212
752504840
620611890
100091915
414101663
150244775
772325937
939667667
73797612
729527005
356183831
103642075
38394538
547395633
404645359
111546279
701520839
206609372
478374291
721850676
376373934
293808583
138950455
346220819
582572980
271097558
26671337
299613199
30230102
998008929
305210409
504564353
437777060
906969294
298356652
372087389
958672654
890981687
799613695
678341461
149592317
644154856
556901989
291951820
500145762
682776569
5580415
223461713
937120105
990593795
831520910
228581778
926723605
877455818
769190596
949013734
79068785
64136712
324854498
485464117
900968532
903006377
913354786
438067561
341657808
348564343
588837994
532111497
300560634
287884459
621860796
565509020
27647956
652377351
397238074
205085109
657119525
893096098
584638637
190830591
904767474
547311957
127664411
735776026
364160342
4851558
919868388
385818171
874394593
439070972
595892674
54309308
916885328
117176328
443533023
253477329
125531867
379981123
365769845
6168315
950954302
780189676
178731408
90647292
874497871
485652706
822179553
714043997
360686206
285689712
511729764
144506329
593826856
209976647
400676228
766977746
331418944
78476737
484025302
534478872
977087998
693206710
122646209
10731302
140053696
139727717
590499115
315876588
544981498
952685322
625050163
65168695
468102087
584482276
186977943
103582482
451432512
47937458
324616008
291779400
534135843
465150990
467494523
191600971
354358322
690522728
143632557
230865381
203063206
545250686
141995317
210196384
960905117
991016896
187625880
599447086
5204683
706237081
546313448
831129040
702036648
695900847
406161260
951417299
225411497
963301849
96777653
923055152
833011284
120808275
633035463
479627981
951992253
653909617
118845639
197330000
121496669
191400354
127594919
472346406
840210537
133517536
37276179
429271091
796966287
270825160
103145370
930185104
937960837
959077904
22350081
719828568
247477708
142560511
40946394
866438909
994695515
200731289
313052854
317862259
784148023
586838046
457348563
32282331
556045683
328474401
120555022
897255540
913716412
540464479
303472131
157282493
454522288
858726460
602338158
175531690
578752056
924397286
621597018
355532955
817430539
542252435
590457669
678256146
97642048
15458723
803575689
87293238
474868086
210999503
851295633
980657168
873484745
90595440
748626399
597963808
331019869
894886407
967761327
930783804
969974246
504470496
149797569
53517443
572491722
682025337
176961662
755927589
235542446
336253564
939084023
449397866
860023474
454958186
111945402
906678474
121686085
310644645
459281481
874674134
883046744
962812988
995575105
279931578
884189305
814205762
337973876
386761199
823275113
759375366
154354685
808077358
929645401
55305040
844519327
415569345
518792483
917992417
131643581
297416219
740682117
640481695
375875134
729202870
104190531
832087765
753235659
236176936
256549499
895085972
817543201
336411549
33918953
818686977
377052357
950593506
200658805
382181558
76792300
269427368
714323231
113822614
365670111
370150703
517727715
514283533
515507537
682014033
15992226
758600325
918808117
648314011
941728269
461612095
440039790
462620700
988514132
728351988
199642608
711301816
671880322
8624779
643471136
422971154
533265702
129677532
601513965
326371235
324876636
24734046
680610429
69671177
109609211
882258081
738462087
362531755
532540300
748060920
442475805
347786137
410124983
409193961
23407407
220042351
453919701
903360252
940742193
956940464
229624004
582207454
118639191
106054641
657668222
763123496
521043912
906743721
77762619
577818900
915351863
357361055
166771583
442143891
824126592
560460570
421885340
887068184
782821656
398398763
122417171
976709388
788511879
20241133
842013756
508276450
814316204
924579329
240873725
209042822
900416760
857350143
596851281
831010273
595246220
532468230
846685513
133457812
289134809
420412163
500114281
230674393
203568340
327271669
399688742
79800448
552326134
953424455
252258898
360561644
98732681
768693121
315350307
787767051
238138076
315527476
381123160
59679650
268667883
445006755
988725273
800685698
747080010
668503244
805896911
664338133
569588324
715157348
409530240
431226469
772816353
338239129
524394912
703820210
837533653
129457342
148509198
414353392
129074319
723708811
569510200
247414692
551730375
629691466
281462981
138916906
631265078
838080168
797485330
735491861
951820148
37015506
536340901
103445586
125514178
665540557
809325044
897447904
848154104
160099587
73791295
652996311
145675308
56237760
818026241
963122300
59390066
733194556
865694807
386020802
163919791
580268038
64583816
793983031
127303761
308716027
779698751
336914105
959737373
748012029
789258361
166980203
533288806
489614722
710811691
933015533
327438080
329013911
610316914
5830229
463979171
535429985
127582389
802196352
216993445
581981642
717773988
637810218
136397257
179414901
575326100
499682976
399453005
758065225
576340492
993817349
884096345
61939896
355202560
170148884
132762506
252656963
710258537
309442750
435537873
335018333
190513869
422517860
577935008
66947480
872644599
121463951
309263897
701385680
421143730
923650227
583688666
174787713
615384447
77834868
570913465
834900450
688078175
449065871
438813488
546541383
672975042
552760050
43996344
711506354
712576148
462296625
54474307
320486374
115400987
394189278
18323781
845555975
827663422
525996917
916539610
168976779
297168827
409732429
116111948
672199433
582963275
452883895
666714556
422410026
497398714
509390255
544552021
214205848
160360255
469644641
246615366
703128951
419215087
426694505
941478186
944758848
166940231
354590164
763223322
96703946
829776828
10588261
277911824
91259741
321116326
670239704
875766592
619453623
743696374
269202217
467870752
510916588
738522724
909828614
785571439
35605524
351876849
354196142
538899472
632249315
983094482
520725625
245789075
592332435
968750040
352053661
597469666
859278536
32516818
627493953
306672671
416203462
677424207
392284044
877419662
10706759
809905832
308025397
3356617
793494947
577650656
824374505
949724910
517492018
12666646
937776488
643409762
219958656
212804241
536387350
26258329
45664293
728409860
765677067
450702349
750060818
506159476
669733391
196236549
899127355
40904587
10033171
925003509
881725735
169714420
836473012
416019819
640397552
527055598
265788053
309112967
190674566
742593551
845315117
122997259
214463158
930867598
963016611
248330450
396445172
553942355
837815045
816359069
877976423
768588889
775839960
660119645
328993682
534073487
399045668
775602958
613637076
366711276
739863196
83986163
383358302
512472988
293584728
258578071
25612093
652513676
425550572
677404404
583750448
771512898
471906507
863072854
771774373
648548949
394820438
971915677
977962493
956800107
295974090
445135382
948173762
344494637
209975946
894933674
645775801
774461972
645553407
173606733
30628421
855622105
353082213
415255145
479437166
569532293
61556170
901499488
325863213
650003421
661210826
17679752
455592767
705103218
712884386
704026561
132618045
146818151
781473778
761655903
529642627
795136960
869908388
236737031
896331063
668400805
418640975
514871552
464600823
212457833
995503618
243474224
121894671
551664214
804896105
158077152
105556165
425282204
289212857
201051996
227269578
743967299
991091894
365708634
780605282
298389559
50806112
199268859
584972098
840435523
627721392
704974362
61751504
174316604
931574432
237005647
555706333
748771400
352130231
648274313
563918271
451734663
98426441
193116569
839078318
290583376
283607861
40045071
842979335
460638547
36710344
862689608
208997083
308779458
281101096
144428397
345983714
359148602
225940812
698830371
595725479
973460757
901165617
893490494
243677553
262384205
370390462
224969246
197978792
257817536
831561466
385298287
109738958
473299125
485038121
346964299
409373814
43754810
825172110
463107381
689983908
191536666
830360879
338982322
22805519
667487306
404998402
487105305
125771747
887987696
805843263
560867766
944711002
661172676
115820293
255668387
625561562
94229061
394398511
562756141
309230712
917391961
225873828
715908266
544675492
656499505
725271801
187855902
50904519
202039554
801855740
894111577
990334010
265937178
196768329
902680423
163044522
618420875
987960825
967266520
237609047
349704910
494478595
465371179
902014326
985219297
742105607
935031853
863349808
415242075
296954830
704135156
203904764
339441788
877941882
914685426
811723954
772985028
489641905
822732335
950090114
550177360
876963332
836282160
805854508
117443844
871379128
679393112
159792009
899093642
834014077
50727453
519761052
745111883
708410363
420905284
575183212
956769140
822422625
985519333
894656209
957522280
599905176
709324569
548341896
188720223
28918099
35946194
323860370
975868338
45855605
912995826
178331225
566939655
100020246
276251300
998603787
485027556
571157271
278420746
637205237
842699384
612662958
556334480
591462010
463391325
868677197
452208339
821261381
398567376
718079598
123772294
674485185
967717755
127746612
281779422
777377248
901570031
790421340
89662034
95039310
507532263
33822159
60189478
353752995
187249129
836096429
106550760
198171896
668376033
980360578
629992728
179985829
651483930
21436563
228967795
351667594
682552476
295816331
791175232
325027798
401619259
488138447
759782510
948238323
160046229
221885082
552520386
361100590
617161789
731822493
474497185
113938775
574921856
852560402
746778791
254136976
197746440
132041529
352808857
655394861
399181343
366763484
167929504
958774974
279331314
155133298
712756891
791081179
75362274
351264558
800298002
275456942
372331836
610352854
770748851
191749505
732600200
947679570
714044825
542507643
841492466
528007680
954588002
398180844
39100546
168885582
442094981
435334273
164435174
219802474
599923358
179671574
557591731
233240273
581331587
814537887
244269099
30437318
255461051
353523561
314477591
957002650
416150740
352455270
644375610
571486340
761675157
841633229
176301687
619370415
511541947
738510891
8073773
694463544
350831423
43647914
540649827
615037776
357941775
337859704
806788686
755099671
985755707
423636841
827006312
169698004
122069572
379243225
886741448
613863463
800723853
773268173
51359166
669114340
766703399
310915457
994507326
992913235
252839089
555238468
127687810
628020932
809619230
943588071
40356794
279709864
518979884
301218033
175517581
170684158
481184395
189676685
755868290
183175020
628481860
959971577
714190819
576320168
388792302
337307641
889998453
566940764
333669041
252156205
750641397
262911923
995777738
862849294
970973452
577565024
871333502
436568508
81282632
381244651
18757167
31588736
923865101
319812546
803273359
517911896
965150399
652370213
192350928
553646717
692292140
724771096
714818838
242268947
511068156
863670941
197234444
656048244
912022653
479364170
278761929
341831607
232811380
117608355
701767370
726731057
640818371
779875142
336206914
325543350
15262158
780967199
13813898
854804072
384052616
145014176
765303712
365254765
591140750
143886567
885662851
61633759
846603933
623388026
915967331
685967644
899815846
265125559
788469354
53668518
906197545
192450930
243786745
163036513
636804293
964553376
54695130
686725938
109577918
933111378
425391435
165956525
214219709
878114972
129824941
949461396
804975553
112377147
919004944
39225679
662383031
264565532
818478589
786838256
115712925
967741235
39511997
605031196
290224939
410315648
898074986
741436848
716466954
942122037
325553429
154572207
921966678
823757389
190870565
991486887
371377880
49430980
6017895
129048832
382577667
328404840
213288486
884831729
330500552
372053908
133284394
156269768
387042352
662215469
822859976
976482028
857408451
849510340
191105427
543038058
493057880
917075141
796142908
76682711
383169066
292147992
967659028
170088551
725484260
928935690
980233925
544978451
803595202
47259291
319710222
759632599
304719308
637446011
27639657
856315784
93756408
487474735
962115041
264019186
438315183
644242111
800108435
937693235
208198625
168057358
851843866
651549513
734268057
882135540
776209353
312226846
576488975
813531229
695101918
854087144
491319182
951828833
14346201
285452046
943493099
496818609
454978863
102194846
462229045
181460006
353934654
248198238
601898601
394051453
643892784
857523512
856563356
496687261
900874141
951071524
273358902
772831040
989026964
388179002
507942914
453392435
37681509
916846548
338119064
32542587
499768925
958607861
10556228
344398729
385590051
996656421
780896936
24410746
299095000
258130823
433369999
256361522
486812323
709943004
716811790
690142502
485995017
351709420
609557739
835501744
981186484
122096108
584362324
891242367
21621448
52806314
911968542
508214117
984409972
286399721
157208698
492629902
936708479
483222632
115189629
862198507
275367322
37380471
758174364
790006232
210084382
107967812
899022373
782185562
827960860
656061450
8598667
656472415
440007949
482045352
70960451
878210343
370487848
654014332
467088481
83250066
194706954
618690993
801706644
33794361
97415277
106691606
454261154
77650093
982692159
399339634
745944777
576828556
556481479
371682424
471068374
648029901
421345805
618332494
443099064
585431710
16867697
180171421
883361360
248165626
792194414
427898434
427870520
205202928
555207200
652228331
223121607
161585531
647060600
358011707
165363871
526186908
836598540
849735150
590810957
720541027
218255916
487122282
586398806
399254583
101627292
706852485
840911594
859240215
51430993
304494871
832842536
547401731
570089079
734214780
185746719
742426415
26833366
533681957
858056319
992110468
254582161
840887307
168932684
64822815
513479951
517800346
63819976
389454154
24442577
677978295
341897964
245773055
525969033
418806999
825044130
430147352
817110894
638912765
352439999
897673275
502964192
176287009
345961795
680693157
188704234
347294095
967688924
241164347
96640978
669194299
936487333
729597575
595930002
226097158
443805580
477399702
884459418
739771023
966712266
821194332
99346004
851238501
446936172
551731820
943282255
324389851
739653976
652008778
196261050
731894633
699648128
478941545
976698726
674203268
392101296
509009486
197558172
229711933
920007076
573182036
125309084
334046340
344056567
200361041
396037738
36490116
268649729
720496726
858971048
415858149
192808250
763572326
344301981
831903667
191915330
738386529
910633663
349816319
753424236
643093700
691801489
856656536
849172387
882438135
412796650
51087122
586633785
525359523
76116250
114421977
319781027
240993291
194531939
575297828
5473497
738474836
515059750
464646551
161137351
6654653
10313639
578446500
252088919
717556261
357007492
111394449
34628705
285034095
686018824
939490144
565901692
59771180
976733129
917737430
844596496
571123918
8763255
196950520
886738110
474173730
335444958
668175653
62094986
448509896
430252075
771109498
445763053
998205374
87925107
439561791
192911979
479912844
892192925
502519806
659662537
596171797
283885327
159877899
499296108
787401951
225584399
594682262
55150376
623083151
738604804
739384138
457432942
220324022
637114557
914079682
937947373
955604249
630330273
403569915
589560293
738582828
353871499
168960876
940726375
829081311
896145880
730785420
896269425
629234109
25354553
907151798
600566055
710976003
598801727
613396759
822158578
221016154
164648307
196479999
584992267
641010624
547371824
796673082
941784866
247743183
571828166
55786974
966882555
11242702
501599445
263668537
606901793
315219744
712176418
531748449
263486078
882741073
517318875
53217505
223581638
435572368
513845179
773000119
734322714
377410044
862902942
36381161
729803262
961754481
342606606
878868660
440715561
161455553
19080036
231409429
900110024
95416511
446398858
287057317
335890190
499927535
549851820
699493667
351426717
626574418
379810189
360938125
334441611
678253377
103083777
549770344
5664991
141644585
905595227
817535948
990043170
805245552
846432406
762637458
239037054
778014091
496029452
127325057
232943939
655800816
871585294
495979952
42016154
129459899
489676863
436073435
678799746
545181261
808521692
392307905
295705998
365281981
288591894
326245313
193679926
699504292
735597230
248794068
821655055
645440735
759072264
64862588
456055659
172136553
384637129
733502292
178916160
193798853
445916331
649840215
883249192
847513106
122080876
932245656
372264071
337728486
203396725
430475577
587184089
899865884
598176580
342685450
156678041
410860721
59754420
842182246
143043800
853348842
433603020
97454455
95901733
386398923
201506914
728846161
815938068
26130276
155804517
790428790
471373415
940272018
651590046
686724534
382280910
137683289
929681076
112466457
225792643
123227185
851229464
336347441
391184979
669602818
378155908
678104521
744072025
36023807
638670693
298974920
220204334
722698540
369647293
904348102
604364765
792744191
719547479
301579174
997257593
324034114
547275585
751155966
215533000
59633774
824873550
427388158
989351175
346993436
922362286
378488333
432339749
192453154
619085786
585447972
306863452
820000193
192085734
316811305
498099141
609081814
553095976
962906100
523537518
115852897
682588760
338166894
268814503
595336208
463571334
316784200
76428792
129516244
168446583
36253222
483450010
298869068
227356935
32336152
993203110
628903369
499716544
157928242
517271628
154181268
127829794
354263621
982933626
471671182
44560017
915236622
521763475
821943337
241635977
85806127
644717146
227143672
78938343
742628409
385466162
612921282
382181956
448242065
601326559
29787852
857805201
847630939
224647097
51514005
752045587
631348807
370626725
356596869
92561991
375068666
659705137
51546596
582317754
717223017
770481289
462561693
980101027
111589052
492828503
420889711
322437156
602448172
486303851
750756465
733231442
736981528
751947179
322537538
231852278
32620287
693653371
434029893
999698686
416912290
184797966
335158621
431933983
935967040
989138570
7472872
323196606
554014118
548973367
150798431
735635098
73693383
499220048
485369484
668474655
151378816
338869230
813555788
682481659
168219704
37185286
293185348
505378538
34636434
996218853
508227953
800489127
238107021
833308745
628452130
572674269
203258138
401595902
189673748
576703814
303069781
733822198
823432666
759172374
407300026
900429832
680523643
180633688
506742160
271019775
663643218
216101459
177517493
285543612
477385855
977120041
722238730
619927324
837816635
601793439
521446311
852603203
382718730
104234637
877992049
223754854
775614257
201550236
373055485
840890220
56172324
780718118
586341141
763150459
787578243
938758079
416600057
980543035
383362482
577550794
61059952
236740909
237376664
661841808
540392735
463303348
811912498
691284661
974490323
353701880
151431528
108083589
907015832
436918132
927640422
645681417
173659274
329736059
806452042
997399780
70425306
224626026
667452155
950504437
260191367
324698589
371971124
799717222
857680605
543691474
475729653
343690148
862240580
530951115
807971530
481966052
561296622
511187575
535146627
801727996
617681323
122975603
746822942
845630080
127372615
869539084
285691686
494612338
594336905
39328962
912260525
557119688
407603182
130705820
914620781
852528230
174827515
849211408
416205512
869040469
464780603
320715480
614891082
417825838
277889172
753442509
39948049
937047126
938674089
232875711
753581800
485864255
412624420
323779594
987672660
845870374
415683098
587308942
456643983
794308870
492963457
645585105
565632130
910938916
794289252
930066417
518076809
552129016
506726527
361539556
152557503
375065948
495551123
633630633
458026334
914419334
887841793
205766972
940769455
84111586
356322202
505984315
904507523
296346520
263054672
690535621
176822049
287828936
891607378
67032716
508671543
634458559
392866342
366571229
425024006
619138097
27614869
28707826
553105504
453514937
554865044
391915104
203605135
627399603
191046129
460472821
855394134
501196430
645770674
893734824
177581315
386366788
946772315
456297932
830028196
270722018
465311421
155805866
368352152
479383907
805672812
793571414
859793255
494769506
310403598
250966200
464791848
661877988
757429379
842018359
96686789
813656051
748422476
847013731
570437301
516319826
97298268
594078616
84756293
185009233
685920793
909072213
386895539
373326414
591089090
367178093
405623192
84092745
641950392
891116373
470258211
373694672
361458468
570628220
841021572
163938192
212454895
377858767
108841958
351941697
22485978
71814732
829509584
160552273
798086545
334754631
446359742
709136234
994366932
39379567
709328318
184760299
929247107
56017634
935294177
766268013
227761263
742916593
334034370
889496821
254641083
75553501
539985488
402539459
186320139
318315824
824821455
307126986
688734479
786430581
81721517
629397105
857022809
885708988
677908827
596958143
744865742
566492853
702347604
535314024
824237980
971726987
122095570
481961348
249346788
151885658
152279402
84797067
568330309
34444758
899324022
123575498
139748959
483309844
82922607
323250141
516717163
720544200
497461333
84887523
406179253
687357056
26922959
430479293
985440160
621683592
270673968
847643341
216909741
816458255
682762508
462271895
877155728
886318423
185792842
661387916
483219051
560345881
45713176
768944821
40869340
206987319
962271496
783644217
465348594
15702480
876506726
178866679
170609474
220191478
87413615
327255665
297776232
292807867
928401628
426990129
405812286
20008636
14203030
676484015
59587864
983079752
406978847
342684532
532871886
825222045
466650166
574502151
931057351
149855201
42708248
363002933
183149374
664422140
976659052
660537711
315088653
539268895
797103216
982749459
772126420
462255485
602851644
409018506
730202656
958486805
144940074
184921055
773972322
47343979
331414160
293727908
543790321
180725258
746353990
618706450
527465232
143482221
919148379
298052308
819553369
226619550
676233383
385535714
34858148
144189348
81398143
998006382
713824358
185178575
55734687
678887887
256742444
157092763
432803701
980895786
195822931
175427982
797575042
609502425
39980899
832823419
332505928
287346003
61834984
354732112
715098993
739840830
624382692
147182919
56896969
85172785
867037354
911435997
296504119
716976122
509222200
341752093
412458084
602834300
434363650
164531988
382374483
271970020
644716483
705150831
397386855
998228097
710930878
781579542
621693893
222236672
969470950
103073287
8725130
162792789
970154511
430615699
716334734
812522032
117291493
688645246
575922930
807030097
987660097
489117539
808168082
901932300
289559181
447107205
62919319
217097811
961116960
955872427
166311399
63344335
400248525
907510323
109864287
203987309
526721702
81324181
363838978
818674237
863098205
212432282
300969343
925238195
124743421
453179611
967404022
936805921
637034294
143020702
360359586
104443634
219739140
811171964
689819590
658930801
859767149
60148932
150480466
822261844
927417311
739347823
734799524
627291304
82177860
744598655
714605762
393267115
141039549
510546005
153265188
848805996
145649992
451878042
79901822
654401866
817953123
700528954
816646260
31122917
905119897
431694579
934320181
847501493
307927231
127594357
917509304
736400056
467036300
381875761
259019576
884205631
104384506
863866684
805942827
785563725
746304364
305402177
759887309
771018682
315122392
230873175
40112988
142656150
573508461
517620862
174266097
640287693
192393138
189071660
855210797
681414496
292263808
426638370
380210351
211167474
641106216
4283605
956525892
267620132
916738052
465868694
33082754
497716931
583338376
751747287
523561396
932247991
662562104
508123565
677480904
662118372
283683461
753201351
986717276
389995034
397719775
322609326
481132205
453104758
665897427
2962081
397941083
966977423
226888275
894710599
302445958
467523238
124202284
378979926
614315709
372956594
509440522
478404121
284780065
715972347
560045926
263519224
382536053
467519545
582847680
340129107
903955886
889318116
42566630
873236849
708846051
505059044
995834257
220992954
429040557
956697280
184918166
284135042
188536042
149066387
755459433
535292541
22547047
320479627
459112718
247720270
111159086
646426381
642598455
845924084
99160748
401932652
506366801
726789707
181566083
507672475
130770310
705940944
362847235
47681263
906815831
604966470
447648214
270716491
415973255
179639139
323480030
327741173
834473600
78940451
513808016
151891642
682951710
516057771
45542952
193570853
899687358
670618327
725121788
150040231
282478340
650111802
370151408
391014277
597519451
249115214
480763820
376691928
239004454
314288959
604989528
545926978
397543286
4930720
222187533
95901790
871013973
875271174
873587759
469349421
37258864
395803416
879338250
405729144
238868236
659367811
526923307
122451361
673968554
153486031
241125727
504691473
397460409
939513641
597069273
310385018
832584962
339379618
840310431
765385359
788369300
34856423
701702362
423120133
895052230
325568563
772488280
737530592
860652973
385598264
840866640
816210206
371094485
757666817
904132398
547867517
502650836
16567606
199891389
293390242
595667570
338233787
295299234
788505217
782096504
822051942
516580470
467288583
169756653
8937205
522099167
575628961
737878159
223389395
982761419
764123579
812975621
905678642
58334791
222456097
146041531
159916284
684615342
637935583
384251184
388511339
451863575
337417279
376612125
138369062
341659777
604101132
627793595
843275435
520733931
759968405
388845912
675651867
760775522
889853658
51705585
750627073
960937790
571941167
925116331
998174665
336827336
194478666
185715843
790632172
447355365
99927631
256834335
867970514
759525398
574927219
261665010
617603027
286636392
218047806
708590623
710688918
592822496
841584446
353384782
483002463
890873206
832289803
879741369
747431466
797513554
904106743
929113708
155940181
234287246
770519559
549751121
126518682
533440461
66363844
93892733
81499870
151264608
483760739
60656973
429983322
456593802
374214440
947405393
417069198
314862848
740879991
590938542
471491368
571051033
519893926
92845792
136315696
677911224
41188094
38132313
898201170
984156615
104209549
349170006
783791271
874147666
425979265
2981926
935623524
986380902
732180706
728427154
84490176
395255858
192603789
675872068
319190573
289439110
591945743
326820460
144086073
867663183
380624718
864675360
589025799
102684317
390533542
397527408
325109374
262951768
621671827
672879908
259540141
744240051
603426387
651277994
354138086
124950915
49062904
864500069
383090653
469819684
309341929
552065476
384540620
734861922
677082713
863641365
852884208
72838965
787166515
637250880
348224918
92088285
334127400
861125513
587936222
512263081
951954318
396528764
274515822
167881618
279691627
67887286
161156703
479958755
172080332
260641947
525122476
495326624
635077801
357367980
333150654
33666126
833304193
710900713
366186650
400950259
374147040
827588208
568680399
376992311
817878567
495811257
188467836
153013736
280750250
473205502
664901144
619904567
551716451
150772018
957870229
132577280
372967886
689950931
207579580
790925118
16428487
41071999
120387883
414849168
409886723
700421873
430496666
891440988
105595208
648618323
648614697
602000056
523933858
720456267
249152428
843407513
157153111
521600811
89987365
460124551
217124432
797650474
642431706
936686152
136122127
303852963
638911560
710125861
857761395
298012773
37235325
559859620
982513246
386690213
507560890
772476622
995330796
613352311
518604973
657930365
173687929
665602187
662783645
868050501
455172355
468375767
493371478
351865004
856856140
311433499
89540561
899696252
561510048
75182600
797654074
72777304
471757582
822532979
690852378
396864659
903012085
425272408
210058715
707188876
121040724
410258947
548954217
364095636
408928719
587898872
980828664
623000656
388925850
325556622
689617314
659055578
296280471
286217139
99802401
915080682
458326219
443960666
581155458
280523367
485131628
261255125
333161042
7400225
620597618
294539597
962253997
77864944
843156254
741745171
128672254
295048900
54471718
211970479
807894783
22223465
850913389
234152079
808344414
376635054
926188648
151950482
873248686
929651798
802097360
506562613
90817338
964465496
37311841
505416707
821106727
955986724
458736059
541341027
525072153
882024677
256332383
52650111
273508705
143709360
328813745
698250930
473387695
72133279
977151747
755902710
892985059
942879149
8678062
353406004
605398308
93580346
356559592
321983274
704805972
771977214
748791585
589542787
595066680
900645737
142307292
451413865
134649806
949144241
499030480
264410944
414688413
948740796
140956574
732299332
901878423
467914909
930219331
626520375
363101132
319448512
732233443
464717668
225645055
266146326
48512548
382598410
769206724
692975620
463197267
37096922
187062058
165184618
716427445
680588017
395406811
739141866
41922894
761996323
239386527
53618011
625708628
705964740
912154055
365020867
153964796
264226603
197015794
401015939
560578873
498018312
89248469
379669892
993975703
16045922
8721897
764675428
373777664
52244401
65734954
326652212
963271263
154319225
475375767
917318819
587235995
714036159
533808774
573305431
79935436
385590196
307450784
270687852
697778196
88838532
570106648
567869970
713145491
726473054
487570110
770127570
520456016
453857525
377122451
313517783
968646086
689740105
879020727
179854211
965423138
554953145
160187991
988824876
415601703
302380446
129957433
544929402
201548085
712752459
890341069
784036125
836280242
232743445
123557599
260381946
575616731
380041344
805160187
794938522
610614409
667452939
504658227
116266786
895709763
885982463
322564317
821273505
38768832
505631142
954967835
996078774
909585885
306961024
692591926
589253593
804974152
168080747
343404673
102614582
597854058
74708740
708489204
191870998
539041786
505797243
692650130
443310293
690638158
626393179
108966109
644950286
15950455
8728733
49928482
582608609
939244941
637116050
580783487
984063007
143172877
882360871
323192491
857085712
975209616
527559153
270279389
724538329
438752722
657921431
555459709
213623662
733763157
483414511
727374439
242168495
741312557
903911770
450817638
956760238
846674423
944885453
973115455
838792535
621182274
803857815
154052699
384167584
947853945
20101137
680712863
714671567
759750869
311167791
22571129
529897546
165429795
888482773
969024625
150890405
480172162
162483857
888544470
986454782
543572975
27710726
179770121
171521893
763602595
668643805
239312276
389743051
271355511
981513960
651363718
466483976
468505417
406996116
255043724
563511246
613264404
771597670
813733857
535278647
234963501
272987072
172982376
797883627
936567732
985553617
116731060
586745550
368385836
785531604
707560208
709680580
279187745
477585668
822775023
711845747
495080792
390516469
483142506
866559044
838263359
661626140
274991049
626830460
959745020
745301801
595055289
716481004
38743004
876526393
655039435
372953296
921822226
645331317
373061460
223410779
970060734
467909402
775706468
61795691
425769770
320412378
608464221
231309705
870517695
91677794
621070102
105157100
656534087
577730764
516372441
255299608
896532370
872287121
617687417
876567108
241376439
4342225
772991870
522506790
144480139
569866601
876157466
470809458
650650557
438184271
702826260
337123226
349235469
756932281
126872150
158468329
747573257
79256216
789655009
105511466
608965917
460047662
421147725
713841243
726085314
88947064
585104056
940549503
649989324
897962597
791355107
893981378
809660766
713343411
927330633
652416064
764734759
16677358
744797980
515252341
95207441
414310345
502406803
475115111
607215912
680836853
81709947
218600602
505935968
399774932
172548388
198910540
262893130
816025946
136752559
687922331
442208205
305137635
895490080
788447142
909662569
540690375
340621610
890126048
268197351
81688335
87807290
691470650
546831177
691120743
785726208
175414946
956957221
907589869
799102126
841932652
422762918
396048234
609087251
543570927
788315230
960263604
739167692
479514246
238626950
126847616
200086363
447924495
545844835
49376976
341296170
941950052
61826006
732477804
397144755
238780433
314281015
186277946
83019921
228795764
177285056
429240288
342171195
946264031
550055246
211718173
757095210
729961782
185868441
493101319
783532120
982671545
266640836
750121125
927179832
402841250
793327681
130955963
918581383
307345622
607595970
909469019
539105823
337980710
647729521
83934151
258560144
963964063
347139914
948403604
455044046
85588762
222130271
876340505
207618364
121732103
940692201
261409676
153258987
808132994
599930138
222197879
321227592
847952839
787889870
558750653
815392986
243233388
602014693
394929186
36802879
133103963
506513310
211665393
246472338
995220221
299653307
112449349
156983544
749511170
964410503
91031553
906274233
620055150
64862354
990551323
421540794
305879230
340555708
826584290
419342736
426370531
529288205
458431609
313612673
149198251
622108876
956289385
848861118
750368378
604150731
410452638
29489124
352211982
153052664
922313423
523553681
773305844
848317597
830538715
76515583
134724112
46278700
857609249
970590895
685822154
955737704
812690308
491766734
198924791
359186767
94548970
690788395
778501814
622280498
654532491
331745036
78859158
735562340
121671790
620574642
590311901
568417314
312785939
869391415
437143335
782130711
462125349
856483236
499196614
651611563
90428458
573435067
528103672
66685432
815363116
381178325
799871589
528352211
380377812
279167656
59554535
435099858
731487729
917048533
845742360
415645134
770575580
937260995
452892717
907415564
259627090
988838117
287964038
112081287
210968354
292559056
899388355
602755449
954523122
380972378
411898214
370268950
148999147
68035531
360474902
465844377
379305371
635609295
456637572
873376790
406622320
921561970
555063788
35070619
47149954
203850906
877806286
887018364
196096385
490529269
853697681
727211557
473221942
542726693
766290399
569602364
650895602
433387586
454319678
191910038
974581610
714198367
697184915
975780357
443536726
178860955
387798343
603211014
772197527
975533948
782887988
297278958
427406958
275486858
706916750
930951860
499409882
506585798
843726314
393302266
361870851
862888433
962992639
979612945
541259723
993881419
809912378
450398790
713550372
109124515
945859938
795019999
490098582
287586705
924782319
721943579
673716766
653160447
941587999
21527417
175945044
382645966
700914708
315053547
216759844
188600867
122983799
826939276
307961787
769331777
101622297
505103687
211706174
409611923
467079215
56657568
378833628
127195572
756739044
112922322
401286194
884576920
172683950
248345644
451729488
818577378
267320294
665339297
124632178
945848188
761552815
364559228
675122860
288616869
960512275
581971385
980960734
153210490
457558560
51567583
70593090
201634003
49963380
315441441
618813738
288855989
88132121
465026649
266046559
781676981
813594001
378600130
976128369
307048370
744442288
291456747
675425295
260839105
790942717
976209283
685461773
318835737
829624698
437262309
842990698
529430210
253837609
244214311
503961680
515295856
904533546
432203032
4812036
611576626
802908310
936932424
994196482
730135119
715928067
327569010
92411449
269540222
699908613
37563195
357021125
142704237
254158477
922748751
955177754
858882490
299593041
718134389
357131517
412764548
933879477
902910446
758494141
185760227
464239820
123083142
953179977
448955211
142849350
920566113
652760149
417661545
530371399
465814759
21490925
442125060
142626766
750765252
768257521
202229334
887586565
344092352
78371887
968441204
810880374
774651537
210722544
523560620
367400522
921700020
673726195
621596675
753554302
902678461
623752368
213954848
786424566
332198472
751443670
428359267
319343555
278413399
243717103
42411836
235756533
632130554
917015067
58566229
304072958
309608939
400360907
825124473
305804483
277735693
861878385
642129118
156113599
522208776
663002905
319349976
363812373
138607048
37300050
986586984
382626828
36790891
975011486
332738372
778009879
560402046
222408940
225275247
337034420
220961883
621964774
483212783
29969328
51290838
68577820
715319465
75870744
681908776
299355886
211592438
482940273
617130513
704194850
118009756
504689204
689068711
471308940
399736925
362480818
326834870
688303466
631913237
553035106
567196607
180127430
312029112
94084769
257793298
851254796
72796510
70659047
640911287
796909266
961485778
635945307
675398086
115724838
155864584
610529221
115909122
286359368
80402050
523566090
802119786
521667545
524139125
358107286
26124350
409518107
441647609
576095144
619153123
47483623
115187765
901890539
698558467
254282880
383817527
316011498
331599835
464990743
816494020
519847154
352955611
555117516
209704281
232972696
875764430
761702347
214996153
852833832
250235203
665763423
151912972
68080801
630647372
571798243
572674332
786061496
510825193
95052102
332886549
361625564
611022928
34593479
362389482
496337514
477494326
274664189
269904366
873513504
37861278
302585350
302458620
58983393
973154869
847123794
595126190
560686178
771584567
265300175
286367488
912486652
197645302
5193906
282989306
614137748
548409930
667059700
903480418
4694778
753146314
685704695
194684385
99597399
891429674
729402999
527420863
372612993
831265050
66085468
417308606
387388248
542270121
913690767
737054059
223311149
67405549
512138748
937793059
233153980
81659847
115947984
737935387
869450428
247448608
882280291
185881750
619035929
540625427
870874547
366078455
881428541
85677330
136312376
377009968
377013179
408926093
897662362
903691571
944532905
280037942
466804942
954706630
627301493
427429053
35469920
144535926
118389122
30562050
194709349
756775698
445267767
313505143
427786735
657614554
245648711
479758164
820166130
366856290
381248669
966111863
71945979
707643780
677800786
950907211
218148470
407520079
297943793
751888361
990805134
167313783
410567023
128133792
46375279
924660518
538784648
788938588
443824270
181003077
880043713
317980137
314381634
755858780
481908432
706500942
383733450
239045840
501398824
325213417
632630720
402383787
358220918
265927240
715005644
248566427
340756713
785875493
249382978
371449907
206248103
422536987
885460204
89456097
942145506
358010540
507916199
884008335
27906667
955759640
451812638
592924370
671235585
694559918
129743822
808681227
903120912
390264220
914421214
978282153
720000063
169741700
867575788
633355441
879982282
123059065
935740843
863428587
440870880
422536648
59680676
91234166
475196432
236118030
472157224
444255620
543914685
980577747
608522788
500026579
313979793
470978741
214479556
696276600
889079192
592893945
835408354
686196250
472221801
986679718
843277302
56367431
571720637
860091772
61466589
190515949
20648881
942655593
939032116
329834046
646072873
694913727
19166947
535714777
365562959
89637565
66516686
305899576
115127810
827183166
820011517
233638388
916820116
969523189
366607821
590539519
486239578
157059778
604357537
697385444
920401019
65645440
619508028
661761334
979481950
197197491
735718216
378168317
10264604
526582685
383836161
266308091
757963893
474287998
34146001
374255975
47437969
378039725
825081568
977760272
217714456
629074734
748793221
528036408
481066774
364760189
187515919
974106482
563923412
49002219
726392774
522148997
982858376
205417046
945403117
96002002
72119306
807413639
480818416
987956923
945378169
268932396
476319620
658352479
549884933
531291384
685391019
88414442
870071321
898339114
541732672
234745495
434195924
625798416
109686335
858676711
263471147
506020798
962725680
789299630
477748835
256820364
136928294
221147256
191297649
608364283
501274972
316303883
425380713
920495996
504650278
228613133
282134842
225902632
161470849
532650317
679024275
132634044
251914754
266120881
467317312
431173802
637800483
217079338
281389725
462957709
320436796
370064813
817253904
651745036
551687993
913636752
615928500
783911022
434130801
374181609
822033355
23830601
803140300
515073972
530054430
805166480
453653233
855851783
349026124
499264799
398032827
426673580
611656585
341015553
135402627
846302535
167624096
587476665
155482327
743551519
703116566
110847450
388091447
208730504
140749261
260400022
797573907
904590001
980148448
223036671
998293892
302579036
824116016
136667828
54679169
566015301
509655231
75518175
489189843
168925687
902532619
230867354
725963629
914034692
808013530
127449773
161599285
85732524
409474890
279101467
296196577
346456646
270755923
382830976
636983031
765387142
578071417
257846955
673145144
935634588
402380440
792252106
404310639
205198024
914165017
661748604
370922407
437136842
797226574
22790032
62899369
254705110
58896528
875407154
250229975
367809384
925263689
682842577
60153308
962889089
44996638
963550598
663636717
950045194
363617061
944524394
471581503
440598419
398369738
256212965
157559338
571702621
545771913
45200658
993919553
262215519
482145329
914286485
684266533
198090406
677222355
961849132
422270848
927332534
153195272
477035315
877039562
15289893
66685440
719095957
284361449
151539675
233489465
242876281
789327654
378372991
982220617
399751404
157267732
750415107
277370910
952134180
679595141
485129380
533661263
239881632
216158092
862480947
201351735
192750278
543494951
221944316
900986450
157659755
569664817
903883023
885065171
251463796
602877382
341459502
531960276
574159655
774745066
441369468
276375160
539981839
364447826
481367584
873431915
308300013
582399533
431054540
850406573
154732796
513167430
224778179
630694006
875221927
301253197
116579208
648316844
82134941
414769072
704473686
445383420
24942156
159933430
215245273
683911752
311318435
66558396
352019660
720864200
560181335
546510798
57131391
873085340
21660610
269480715
991804625
169143865
210651461
142770677
737601187
113415707
965966177
601359186
137796212
237833376
809266628
682458570
556120933
213652370
559990773
51377987
440306534
379542514
956114915
782707876
744549933
367275732
57633399
838719006
70083577
515897939
119087558
155098797
716575753
917580192
347666315
626280550
260790551
220152826
548690325
79659733
58152103
983145270
585519118
736147398
66361823
486635016
67380250
177440682
862383700
989874047
42558923
100577478
970562442
604425101
244593306
967442053
137224159
55205531
82367090
854805303
304585105
798361257
639803961
517282170
387804838
411667790
830346071
170085741
992532803
94955015
247757897
125294624
381591781
946975162
74526019
984615310
918171550
212792670
42745373
454857737
868425156
668429875
136920682
971904724
589551262
408216820
311884296
540155703
339330439
889199255
745696922
672530368
675133401
902791298
219374994
864182276
988454633
99399713
10093496
863350529
265488323
632042321
925469899
416093610
751698307
730309215
193543169
888532574
982837881
128905875
735371938
136141617
24331191
77003508
337920083
455995386
641479691
889019498
345308443
752823546
755606042
304009513
268815520
716355494
297791910
711009859
486996432
995052284
936909221
960428123
566852383
666607999
214001118
40341430
769418162
682013885
125885863
167161882
640099716
626053182
361570530
181879963
345074539
283261979
678913618
309514652
937900051
13925135
379114504
240316798
837612590
380467541
601109671
58736889
653874164
615316481
618846811
639558823
269999493
493713948
786144587
101680039
534436718
616140942
92148502
504979421
495647904
799885854
616356780
33204476
262615959
717359707
950602222
11315179
699490032
991969010
93642271
422806150
397602501
767752361
713117312
840836868
34835735
534509532
902679115
57131002
415878262
118565520
580074747
991344312
261484261
389233778
849859956
226229371
142655655
401977316
270706983
612778592
523665709
469135908
331763372
887293811
623527841
694746409
544073972
408804131
509429400
583749953
987496018
809952969
525831075
295766026
333955461
708397464
558157889
143042550
111096015
194428875
433721120
789375732
955916023
734603686
682131128
101368457
404149028
515333131
342414945
710853788
294102608
999629016
736274379
211079730
117533392
157081709
69576015
183989422
944647636
181292666
862391174
819063629
739535410
896217268
915298378
179525475
65789178
628651599
865322811
961491999
742737804
710523066
857485307
733476969
158283873
849253057
39768662
307438729
826249348
337850644
910796921
488954862
435554490
991697207
184203131
443526575
885697836
412470101
274677601
164208147
49401056
719934253
111153550
320332747
206801277
64322853
439853033
126488250
185509235
386412680
498959972
691319209
143841572
982964230
968093306
453455987
173749687
869231329
131793970
847739994
611224353
378346660
321286472
