406650
-18080
164979
453773
639961
1600831
475741
3305726
2002432
394320
104006
129018
1705495
1165375
211793
2343193
2678254
510511
2567343
1692665
1608616
546722
166999
-173065
628219
2715817
144865
2367455
963397
19914
977056
124510
232780
199139
590785
20548
252773
140146
353631
758965
79970
319840
1474763
834057
869214
8813
-68704
563245
885117
782432
-142952
427488
353174
439340
-117142
519786
426331
-93482
228123
466133
232490
1109809
-51719
1566166
-182256
272315
149750
396055
198108
1533745
158480
-61832
254783
912550
603220
36787
2393093
653589
1804088
696536
-6393
836901
798872
