852657
427990
3380662
109905
136634
1096818
1678820
216030
3894570
5749294
225460
77376
231994
650130
1587577
840513
60487
-38032
3814470
-166965
161289
769490
612367
130422
1996450
4751663
868043
24521
467795
3629797
108203
350880
3556645
226273
324679
369383
7435263
720961
-97304
401934
687347
2215466
204592
1698814
197422
195708
404841
3421652
25161
651401
692824
1933830
2070700
653046
782908
1162883
13525
-92354
710579
1727055
-69384
3386181
693997
130665
6702013
101721
4679893
282249
3859269
2602568
1181146
277592
5689133
124204
236965
-134630
125979
13814733
54753
990021
310604
3814569
168124
949118
5198491
4148861
2921901
649554
66850
2341135
7488397
279881
2753519
