378265 -615140 -148383 943136 775666 450644 363993 96951 576560 177602 386956 384112 -452837 579540 -648122 -275044 3300 985623 -190297 -844692 -16904 -820330 12289 -574094 -223894 
-45467 -581516 698227 -98883 -376137 -701405 871894 -794124 337467 51174 -519 104146 96176 592130 270977 378432 463395 -359947 -49912 -567252 -844064 565135 -715328 -981719 -952879 
-584175 473422 707154 -58089 903308 155192 -297307 287116 -206915 -356686 -840789 104034 -593988 -463416 315450 338016 638587 227733 -855229 656014 -289022 -580523 260932 -684001 -384903 
215754 -401210 476551 945923 650225 980628 -683887 -146863 186198 56061 -893923 127944 535623 -177063 363175 -766842 -850279 601701 736186 231801 572516 -357552 -221166 -765434 -359307 
388358 -506849 -130957 995882 186402 940478 -481228 828132 516764 906475 412692 -267323 782383 -21447 12458 789997 34716 60376 267573 402253 834457 420046 652092 -37038 -34764 
-712226 910914 -437808 586450 621270 819157 278289 895985 922384 614661 615687 -155422 268712 -319692 -433702 399164 -260497 579445 -326651 394221 -328374 212782 -416877 102694 -975566 
-517870 963101 176452 -126040 927560 495192 308465 -216200 639379 -546144 -420534 -819016 218893 -607483 -200494 441445 -479665 -83635 311230 868394 -125899 -703680 48130 -871460 92661 
-736516 -621873 655813 -613295 591737 -40137 825614 -493347 543753 -384301 -183535 829552 374473 601176 304262 290746 -871208 648857 -22241 684748 -491708 418753 135523 -644485 -422221 
-467557 617922 1554 -260426 -493477 -985941 485883 670285 -206096 261035 933664 735826 -54801 43823 645880 -264290 122349 -79177 -607736 -225254 -567584 857914 -328797 468723 40240 
-866971 -190957 977780 -484818 -329579 -572691 999786 -226152 -120883 -606198 -879461 -109791 -827898 581098 2542 -934213 -618746 939715 -970227 -968975 313127 -462303 -698453 -325602 150143 
26552 -863254 -774640 -71978 182900 785417 345114 -215068 -920854 33878 -989744 742973 593292 -754734 303911 -124253 601207 567318 -754803 638672 -33193 -729333 495235 -893102 -770549 
-545387 -526506 -154069 966344 652761 319392 -945770 -488319 -317440 531840 715331 -778390 55323 865874 -46230 203299 -914013 47508 -235489 -816496 -195884 -53640 22429 -198808 421373 
-169735 349999 308125 -354247 -683086 -236258 -328603 -636655 -857988 328874 -741298 -777184 -758883 -939387 839337 -534025 68857 -606879 -740872 846532 28978 679464 202278 924451 163296 
426398 105936 -110405 -107191 381967 175140 776160 -259773 -319573 -958085 474280 -361337 236483 -327446 -39718 994725 802896 -747083 -968075 361224 540217 -902995 -611128 -491660 823699 
-408860 -803307 -517822 -409306 17746 -553516 118970 31141 830697 718440 913764 924461 329033 -103856 -854337 -845513 597599 -595241 211215 755666 27959 -597000 709355 484229 239046 
614732 733771 933795 189404 -13785 -469228 -644164 -132938 -120885 -876833 -973836 -348590 -624 -81973 675239 817053 257285 -630450 -80045 3781 -629004 -2729 286229 -18757 588140 
609829 -517116 -17874 869788 -957774 244505 693999 -941717 525499 -249074 212416 231666 247780 949290 -577194 -316236 497148 -261630 903167 -218714 -799938 187827 131795 510448 411103 
97592 610407 -237611 -681198 -318663 -173965 830093 -122066 720355 611658 68230 -271381 -458305 805083 -815003 -727988 -866733 469629 757788 408874 -753465 -975377 -994038 -350305 -82724 
-986631 -561898 -616326 520678 257543 693386 104751 926371 -199798 37237 812492 44973 6287 913907 775371 92893 443032 -457528 646900 -660837 155819 468585 -359685 271390 688142 
-152522 696200 -24231 -520331 299550 -432945 -957207 806388 691005 981146 -625439 -393805 484048 -411652 457579 440091 -864879 954777 505666 -105183 309440 182638 -445387 525143 424462 
922202 871479 -100422 -867731 -796056 -239119 120707 724307 -338074 433483 514480 -340146 832700 97243 -843000 757286 688972 -346892 -355611 559352 24586 211236 -357044 130516 743214 
430631 -988721 848931 -920331 -435647 177453 -544762 -239827 364296 -220882 -373327 245766 -18775 -443564 275072 978700 -642047 -873826 213425 45139 -714090 -929947 -962311 -270600 862870 
395087 421609 787154 -978233 39822 -131934 -665853 929651 -513143 -372819 520481 -597568 596829 -115904 -631301 480953 -87196 643729 -85903 -104867 231069 582083 285399 715943 -299978 
-165501 569126 -504232 419853 647350 69224 -588864 -778351 150468 131726 -284406 197657 -93472 -638565 987815 -86969 785555 947504 -470673 805199 -142399 94147 -973427 475636 -140573 
779913 -509447 403301 -506015 36409 -704279 -722896 -721656 678365 561048 281517 -244343 -311757 275582 -17016 -258613 -621671 683621 -318636 741977 995308 558216 -650245 -977470 -579901 
240972 101580 539585 -197066 -121811 665651 -671320 -812224 -947045 537839 750609 -697379 718640 558712 676868 894770 -453429 791924 287517 435288 118942 177692 708692 -481244 -147802 
125565 -350899 -166116 301683 972643 -407166 -130046 819766 -114334 -341268 -470761 -679196 -918390 639629 -276831 748657 216079 -859494 -528037 -706547 -47457 532690 -552182 191487 -643014 
-938165 790144 -83315 272182 -732561 203774 -154997 371109 -199062 -257123 977820 -18393 672559 -262547 -90361 803546 275744 -696373 424772 114070 990692 574854 -972268 971985 -145206 
526216 -885939 653344 -575604 -962654 414036 625810 -877211 -788843 371684 -10935 -202240 -807451 -195497 509402 -173161 -437871 -442512 204870 366527 -476710 -999744 494340 -672075 241765 
92216 378034 -57153 313628 -925665 523034 51658 -545884 69268 -679268 -770261 898636 -8921 -459685 126298 368039 -578215 58870 -146538 -931912 167307 414649 -919309 530442 -792543 
-211830 275084 489913 497390 655397 182713 363104 -272449 -913122 -692691 -157977 -483341 -681550 -504154 -134555 792127 -282978 -647249 -677078 861767 515604 844006 -94116 -947666 -464838 
38901 -362400 -87629 521942 149941 479243 358105 394219 143376 -59620 -321660 168008 -577242 -324809 -633898 944771 -904504 -554343 671376 87319 -835679 -860114 -297277 94525 228964 
-249659 -148176 214194 -150577 520558 -639741 159599 372257 62539 157598 887694 -54411 370746 371775 811099 -143182 912858 478273 946656 -607897 -531622 -383586 -218195 -375480 -228656 
615233 26035 426438 -440075 418905 787906 -559401 855486 -870658 -162362 331041 943128 921019 877987 955218 -699270 -963900 -350726 872884 -698726 801415 -544469 575995 670910 -577889 
-816916 -542091 746061 625556 842368 -42786 -472680 -831406 -276364 443294 -585623 766537 -354150 148223 -721037 -819534 590975 434569 474281 222782 11644 204054 587896 -656392 -629116 
625413 -723495 430927 278126 -719058 -977535 -408023 725439 399879 477063 -15384 -639959 631514 234032 61941 -170429 -860770 -478242 -34851 667037 -206501 101556 -674394 74937 -919732 
-402779 764494 406605 -67448 -335723 645061 -41080 33109 478415 -410668 281056 -187080 -841247 -611942 -509331 239974 -71053 -437160 -581068 576040 -361138 -745169 -266151 761326 202916 
-934221 821884 -931326 679215 -220222 964834 223671 985943 264229 -330479 23063 871822 275472 -32011 923368 -751070 679487 828456 -578791 -648415 892933 -795402 -116944 -664634 363269 
-600824 637071 -508286 751958 469562 -759229 -197950 -631402 -355372 58446 -519140 162006 -260306 918322 297546 350826 -495550 -535443 -705473 522594 975697 -915816 178301 385639 -883555 
-957423 -275425 972633 -313584 -472735 -62698 715812 969119 355400 229507 947584 994481 208843 457012 -545648 808583 -514600 -654882 550431 -457717 -208198 -679037 -397527 -939357 -475736 
481305 -915964 379385 592220 -805539 824123 -883653 -756279 889152 -242358 -162372 -936682 280802 -183191 -818116 636113 464306 -111018 -571759 750133 -899324 -387888 -64641 -573326 929692 
773919 341751 -87164 -969153 117942 292874 -32191 -767316 -675046 723631 -651693 170419 732837 -512288 627571 -104218 611651 -21437 -764414 -234181 693737 196716 838645 696247 -379461 
-799932 -673725 -458445 -694304 -276061 -446400 924649 97479 -172886 -356268 520009 -230888 -398481 764239 -255312 -978077 -95951 823500 -835520 -824876 368113 965903 779998 528759 422996 
-348229 -916739 -941113 33695 305492 -615052 929641 521619 77362 797244 -382569 518339 720096 373810 834745 498987 641066 -537618 635720 -644357 882632 -848777 -620435 203911 -557303 
364270 -943274 938829 744947 -41267 20417 -17644 167346 -420642 947033 -61902 -38936 766034 235674 25845 709177 -831503 -21310 713068 839494 438020 -153995 -57827 -260527 -421888 
205098 407483 622407 657432 30232 467382 602804 172148 -384208 399787 615749 -678492 36569 687324 948976 363983 279480 397637 859725 817147 -88530 -426944 -790707 -718439 972473 
945527 918592 539443 -692299 462549 -784342 253789 -847284 255145 342781 -186767 39014 -723678 -172271 354669 492076 987841 413517 -863905 383805 -485611 -414556 -942505 -684230 -373208 
162562 -248583 561973 -462696 -992897 9402 -921729 -729635 605512 453578 -973351 970476 831164 -703533 86723 548875 752993 728909 387881 197037 73610 822528 -12680 764088 447131 
-719381 -23223 829554 644574 509014 181775 760275 43416 -211969 576759 -588811 194903 469914 334282 -116015 271760 231073 -81834 215012 550649 291927 -532929 -896014 884309 -977470 
146012 771237 283650 -670099 72861 -7728 131512 -234988 216825 -934418 825686 -766685 257724 -567078 646518 413167 326678 953120 749512 -835619 -481624 840454 982853 -956665 416934 
633976 605633 -959897 -615298 -903514 749719 -687441 -636931 -508561 920225 535955 543206 -963764 -220557 -576314 -968115 -140011 856095 -819834 259552 -506330 920042 16329 -490741 351485 
636712 -46715 130974 169583 257549 22579 565926 -334396 -304594 -968022 -330525 -480313 369371 -629049 -267402 -595771 -510151 -772316 453757 860589 314922 912540 207241 -538712 425140 
-417596 -340651 -216716 508246 243139 -721922 325743 652560 830309 153308 689655 835612 902099 189359 -698022 823020 -896338 264917 -440545 552121 188446 -395876 610353 548027 -611944 
-780443 641383 -258733 -291127 -516105 -345301 -204343 859857 806503 -88461 -695348 312233 593330 -523699 -653924 -86180 -70065 243291 -871924 -187885 -771981 489540 -915973 156047 337066 
-212638 -854480 -530411 928616 736080 78475 -126214 -492083 -980787 -537039 -823730 797776 -458831 -11319 -686825 853581 654504 562177 3889 -285166 189148 -488852 605256 226042 -867565 
258289 691388 143415 -768821 30227 219050 674626 743831 -718774 92871 71947 212029 811162 95343 -645645 158072 -342638 -279249 626539 -893048 -131858 -677394 -377477 357892 967397 
902414 -704247 957722 361552 266614 -285416 -437596 84571 214155 -835444 32958 598057 552906 234402 -236322 417838 -203959 398567 21148 863001 974898 -97890 105629 -249643 -948713 
652445 -878768 -554796 -582897 -144531 763331 -424229 -427743 -220174 -97824 -728502 -533756 -999673 -420107 -499786 802392 -697636 429378 -373077 -300785 -584448 -900203 -114686 663541 -401952 
-608295 491179 120733 -198449 676949 168127 669070 -894135 117617 903053 337017 574584 566433 290649 685525 -56776 -814041 255519 426822 -777369 954988 -734497 334253 237151 -552403 
-201217 399824 -698742 -695440 -140009 -538837 -663324 993283 -489570 -527021 -348961 -603999 -290268 770482 464540 -456634 -353040 143300 925259 276568 123863 835468 -217218 79548 -557957 
802749 509892 -259689 217244 745585 -299439 -6606 -791698 -544756 554738 979256 528109 562211 710645 -372118 200166 -154021 112647 899052 -589655 769095 664720 -596567 242485 -231667 
225780 -991629 384118 -892278 -972803 142441 -330741 300720 -517984 358366 -35814 -557357 -458040 402478 758229 186106 -363194 -259481 38297 602270 34655 -249078 -433153 176924 -142264 
-633961 -561998 162902 -428184 902059 -163952 -101682 -655486 720647 -413654 778249 411087 -974411 984848 -839594 -819648 -119742 136821 -566275 908941 -529525 517050 -188147 243210 -550879 
-613067 -526389 -239593 -218948 793746 -130277 -738857 -23509 516725 64923 -788371 543220 -102741 226210 720698 -292646 -340278 -665709 17848 987643 -82964 849343 -889253 -986770 -776816 
-690343 -513144 -314988 978778 468561 738925 534463 954844 -673274 -580099 136625 -148528 438663 -122347 -114697 31779 548334 384365 603185 763098 -677799 324469 853205 887414 -737130 
468391 507847 340032 194738 -339162 886401 -62715 -320558 -271109 -78964 570021 -195088 987658 961071 -451830 -395883 -934786 205480 662149 844420 -962763 421632 -584187 -519798 -842322 
-395878 296611 -847421 294175 -537487 -602616 -173207 -696106 -647150 -728908 -195546 683971 361181 -436404 -633669 -112466 -189709 -728523 -216008 117106 694808 -858466 949050 -857645 772204 
645659 490796 -814956 346537 563375 517463 256548 -976973 -864926 483715 -179684 -465111 -943035 -475376 -549347 -465215 731733 556858 861813 -227412 700734 -519816 351424 749880 695037 
-745766 25823 881791 867365 166421 -918258 -146338 674661 674200 -256539 335120 -86757 -751179 -124996 -9980 -608704 -385670 277729 -634879 -755293 -383161 -59124 44317 247162 -649543 
-594368 407388 -24026 925118 518280 -97514 83139 774933 -340724 -492881 -920422 -166987 342339 774032 219228 -44634 298282 597494 808990 708120 87050 930893 -504798 -665714 747019 
-142571 981923 -477938 199429 -951130 643038 -828113 -596910 -315079 332679 169486 626893 -380151 -564414 -635445 553746 -909967 743362 -339049 708862 392345 48071 229171 -748936 642392 
167195 383947 -732153 -621253 -699536 -186427 148448 -13259 -765555 -568141 811215 -872670 950267 160825 -867944 664983 -215293 116658 635221 -64781 -322976 206557 -581076 231482 -899083 
-568021 509697 875508 255940 559485 490173 -160648 587770 -429945 415151 -936606 -935994 526617 -368549 -656036 355482 -451843 898115 -122839 466069 852809 -388814 -12274 594388 -913110 
-592971 -582539 -222401 -685062 -294257 7753 536659 -822963 -41242 539516 -721587 473568 -4650 -537310 917320 741589 785727 -421189 379938 224654 546992 385612 91375 639451 -95960 
846483 190508 73351 -856685 -405478 2714 -628496 -147907 595210 394565 -768447 298364 -495201 398972 -997923 25008 -851999 13863 364116 465402 813461 -652687 24966 -455933 -665269 
-366520 -398314 949056 858140 -762992 -371243 345965 474089 -655326 997816 399779 257624 624809 815510 -545634 531824 436882 -314808 851917 898939 819297 -396969 318296 436820 -131663 
-630328 -59591 -854149 868437 -823016 -292580 528058 446211 -520389 -954805 -348194 987542 176787 701928 316160 585497 -77996 920140 -472706 706305 884890 566422 571873 -140565 -93041 
-908412 535459 -921934 -535554 -976264 -546577 -445677 142818 871962 371535 65111 509251 918831 -596070 125417 -845714 66299 540855 -557783 -269812 -400527 924987 -389943 -174252 -714331 
554015 758589 164471 -420355 365235 201160 88059 -955116 315544 -933500 985235 -634303 929584 517177 -916102 177168 -741125 -802918 -762398 -14820 29750 156974 199766 -547516 49318 
721031 517028 396081 620949 -667905 697246 -187848 115059 598221 -594573 175902 271908 224780 -963572 816396 -543200 782712 458164 450716 832755 481484 -546056 -683834 855573 867065 
522827 974715 -469732 -371716 963706 784615 696606 359193 -273111 469632 -282587 -96394 236932 -170351 -350301 -786716 -743897 399907 447872 800529 -946682 539790 511516 355538 802185 
-809652 -595219 -856574 -730931 -70976 -49264 -219184 -514928 624710 -106132 -16156 397236 -516494 611288 364856 20149 -765855 897167 631579 -738948 312904 -742148 -425325 -726455 723555 
-671777 650792 400789 703291 197467 -467452 161027 -71674 -564766 -702870 93727 740168 410747 343930 589458 604585 -232066 -484186 -695070 168868 -549554 430814 -824488 24991 -331812 
694348 -877664 22287 -134439 882341 -486910 -355608 738885 828088 30440 -718037 -452916 355728 -3112 -127910 173725 -430018 -341887 -151004 207404 -270128 -297893 -173549 -680101 -790079 
478446 -880520 -536439 561580 -400116 24942 -447901 -974274 -41507 -651256 725798 184659 -899778 49022 856592 -100921 -178804 -969811 820497 -674346 569309 61161 623349 -644627 307177 
755900 -334392 31250 -388481 -828128 -649308 143281 30196 -356228 997277 -773141 26399 -623628 118060 -464446 666787 -847267 -864028 263661 -66178 -470681 -253880 967010 -366351 -948640 
-428298 180094 -771040 -145045 -720603 314838 -269570 -832657 463268 -308180 58714 -204382 -761613 677502 8481 -684849 361565 224292 -967701 777482 231897 734159 -634655 -671991 -712466 
399907 -973168 300430 288684 -635726 731775 859909 -680676 33663 72704 561082 -775057 -159557 -195150 380990 812373 -175883 -846005 -454106 827789 -609224 297608 -891331 -760195 -513064 
-110519 -326863 -10969 998788 -573468 -362778 571804 -692234 613878 890065 347072 96934 -8417 819153 717356 766364 -560567 967829 -570073 12167 -3852 -959713 -863429 -377512 -575830 
-748689 -205402 782745 156339 -137519 -469542 -555693 -47404 500659 633712 320861 727049 -332888 -836555 -549020 783702 -870130 309993 -475371 -997984 62569 58393 -837126 -807210 -120398 
520401 494128 -587845 702050 83179 -821719 824835 108588 175981 433813 -837908 918058 391331 -571477 -48915 553997 -189966 -917409 392300 -186383 -672751 -152513 744892 -418392 -640133 
-596722 -264099 825319 248813 -590111 154178 305755 -578328 -921436 -607057 -825254 416697 -15295 -465026 -606545 -778906 -287096 210753 54028 548873 828732 -740364 -839948 -442970 642718 
-376793 -771987 -923005 -309422 788550 -59736 -86122 144804 -106862 320337 -456174 -626100 394146 -852434 -936293 668871 335823 296313 -664266 499787 -54112 87652 -344462 -966381 -694853 
591394 -496656 -870476 -386718 207391 -983006 -222090 875390 823191 -428299 -965017 -374119 155525 -458119 228683 891090 -151619 -278385 -829709 -641086 694818 887180 -971203 -806843 250329 
363805 777372 -945838 720348 379120 686940 711635 -653293 -559072 -105199 816982 87518 -499249 40348 425875 319606 -781840 590385 810246 632713 65601 -183503 982701 343442 375256 
738005 162767 -219451 -492510 345100 -325625 215895 -21456 -969959 260192 -315593 -657935 424055 562070 850266 -420844 -434212 923531 737979 660263 -145857 73440 -588031 -115397 -314773 
861645 -496198 -574116 851187 -563723 763508 -6443 -899656 552677 214215 2100 -649015 -950437 817039 725829 916555 -78263 119386 -888580 737830 447266 867506 -238630 -741969 -285588 
-972951 153750 409914 638306 588446 -358776 254262 -77716 524138 -721636 406434 691803 879845 -436414 868212 344512 551261 908834 402097 -732959 -157421 -826911 204856 208992 -228313 
-234061 -566134 378779 23485 -228216 -651650 -57657 348562 -456670 -700030 333460 -342218 982016 88719 -514138 -264169 -603861 903332 688624 861861 -105179 894653 -353180 -729713 -588184 
627171 863905 661742 -334179 -871383 -608427 -147208 660991 749872 -263248 486391 966969 -32081 613301 106273 492256 -793293 332797 596377 951080 989142 532309 92240 284889 215288 
-9278 579245 -772674 -275034 719722 -289061 -611523 -193582 82912 -356321 864755 955028 -770146 768563 -607925 664925 -769232 -925787 899168 -314766 -946117 58706 -634221 -470267 -863220 
-290908 405188 514853 -869265 -281946 154054 106904 -229323 -848518 -491500 768647 305774 158130 -810306 -983865 30265 -23513 740335 720872 -989360 -257659 713168 539904 521031 -742008 
-518022 621825 -307775 -824973 -356118 612034 -912090 277796 -983685 -198229 -826082 805408 -553843 -968759 -292760 746463 -313324 482566 -943422 -369783 -849625 -525445 -227314 -991599 826771 
-733160 -510239 -924741 -824316 984044 -411203 91657 -921454 -902266 -330619 14820 255089 -896967 511096 773752 -794640 -508559 -436560 574067 -843667 523392 -638040 -231506 -439370 -141261 
-470745 -797425 594419 186193 -378789 -632724 -605812 210419 516525 -286942 62287 188435 726247 102891 289294 -813027 -753823 856027 -507663 230911 714143 565852 -947177 307390 -918213 
-148622 -513185 854276 83242 780412 485366 -133285 -6214 -617703 944069 778730 980772 -427401 -310237 -926053 -646965 -996518 51578 -455992 379970 328938 613974 290187 -949254 809841 
878485 -661901 420228 -212425 400231 -165638 -177537 773560 -782164 781914 94251 -859849 -37571 42197 -483001 451534 684319 194974 -837984 928349 113741 118973 -150579 209663 348239 
-896572 -587494 -888410 17526 -137966 148396 739221 361187 122925 435451 -902594 173988 943045 -576327 667632 -821058 955143 484112 -19873 -394299 -747456 -784760 -966886 496545 -886958 
815868 -121183 -152444 -710412 190501 730355 -422203 -656971 741140 358973 -428136 840164 557245 -583979 440137 -403537 -239312 402512 -753533 -776861 150812 310073 -448808 203525 729531 
-949044 -976815 -369409 -356750 282055 195021 288868 -537718 178605 905043 -809993 78285 451231 -52028 999393 -787085 -733992 -792322 248274 -820177 197782 883556 -329565 -593844 986433 
-779734 188282 488657 -467665 -438173 757067 -607013 -521010 762072 -220222 597487 -244761 -378639 635983 -12493 714774 -700971 927051 -589926 958116 -547361 49780 320427 -489948 772817 
658076 -700128 95190 -784218 694882 -685576 -322531 980880 -957019 12186 -675082 -299319 306982 5467 -936922 91134 499098 194199 -843932 -693317 -101458 813666 -369283 989861 336052 
155191 -194857 58552 -77790 201016 -69714 438064 505007 -983149 -585909 775503 -673972 468260 826273 -175796 -478758 945386 -973986 551537 991089 -228619 -663545 712061 -422065 320063 
-247073 804697 347549 748536 -512290 -517268 -280525 417093 640498 -793687 -64031 221600 725800 699706 847793 -845390 758793 -950706 -507878 146198 62898 -864251 868165 -68186 -426659 
812940 -471693 51011 480538 -140746 958449 422467 161320 -916032 430532 816094 -244536 324881 -561065 -527866 431889 151871 -772472 161824 -713610 -814949 949695 -727601 -7235 589890 
-910487 70361 -293128 728074 53700 -441129 769275 100655 -279014 623302 -71248 646644 -505502 -935146 -147109 949898 -879215 106721 71801 850626 769784 -864155 398807 232743 -358567 
-551753 -932717 -76888 83373 -819675 -180053 -829262 -496136 -580347 303702 -631068 171280 441784 539985 -20407 877700 645236 -886734 -999297 -708177 497765 175301 -805687 -760394 253841 
-323136 738163 893265 706411 698772 457411 -961350 -632156 -997632 -660234 382043 219021 206956 234822 -107101 -999488 709717 -760467 93101 283259 -483678 -285191 -966151 921015 829296 
-563386 772594 589378 295261 -240543 709376 -86983 -621396 -651100 -885520 616368 408491 -362341 -561311 -574918 -22276 -870729 926992 257377 606622 -861540 993174 374332 888149 -353841 
-301634 -208291 334469 667345 -173360 -716728 -438401 781884 878985 141818 -211716 232751 -748104 235138 -335851 32265 -94977 811707 157957 185340 426688 -939502 852646 -499674 -882376 
273652 -198094 273711 804842 133947 -895452 981066 536243 306048 270087 722877 -332543 -87716 -302434 771294 490679 493207 695462 357738 492836 688548 -465301 501727 314492 669205 
-833368 -194882 503864 591951 -619559 -486444 -688184 241545 819822 857032 104536 311435 180861 -781471 963131 435478 700464 -855379 811703 31254 842715 -403974 942933 584738 -378430 
454218 -399666 -29102 -893896 401054 -829965 173421 255094 145899 739628 -76855 -358481 232531 -464970 718679 425881 39502 766517 282245 -958948 -784962 865771 792580 -583937 -484445 
-499519 496598 583960 -20611 464987 -834020 -225666 614660 -30093 -984345 641189 -224078 -446027 874938 523928 914580 -508816 -264666 -124113 26967 659523 601647 -823459 132915 -378601 
802964 327369 156333 -91152 -611032 -261338 -728199 -873759 -377881 -294489 368554 424542 616894 912345 921807 954956 -579907 90030 114238 -447909 -243832 -85668 818825 934468 -734676 
-51274 935804 -724411 -444507 334591 38417 -215977 167622 291323 626202 9798 -756575 993958 985800 90044 -507102 495945 -818901 552485 -487456 -345844 631621 -191835 -382505 420331 
-170172 -618318 408129 711682 -749164 -496325 537508 554817 -556285 248767 879768 430985 -951552 648768 -645718 -684169 -331353 -545445 -865112 810796 -658801 397213 -212379 -781025 -746122 
-206146 803500 -666555 -15493 -309994 783238 -845932 -822733 -631039 -122820 -600816 493544 -673375 -891053 -421356 -513087 460530 7970 162431 -746141 -48414 741591 109372 691286 368132 
-179356 -495018 -642818 -858972 621636 266321 -855130 -614205 -99587 -835194 112127 -45752 380068 -440084 -339142 357870 -694342 -947889 -210658 -920727 -239864 -235674 828446 -993698 666390 
845024 -810169 913356 -804562 44548 275232 -701450 613998 38707 729193 -607625 -784863 -683893 70359 -783981 258828 646637 468803 86953 539621 -956494 -728372 60937 712602 567640 
-612737 1220 963303 -13316 140996 -670648 493878 481028 -439758 734878 -759806 777827 -34248 599720 -932012 21222 -834469 -102372 290273 590285 764540 558769 217148 -406835 -149111 
-386918 -602116 658029 -914614 409122 241027 42233 946030 -918936 -76630 -90481 -452797 -2149 39369 -445551 -497615 -532797 -206508 804253 -207119 856254 -812898 -240386 -49898 -399763 
194658 408383 663686 60493 290704 132453 -773273 -229455 -13887 -86302 521106 602204 944118 294192 -615111 -447860 189642 -957252 376903 -213546 124368 -446537 901311 -606847 740996 
-128871 -493354 -362198 -423192 167597 167542 244075 -838298 756817 127512 264064 -848078 226067 -964475 -192696 -748258 957908 -755066 -250740 507823 168874 568138 956094 327496 469986 
-857674 452665 399476 -137325 -36280 -249504 955177 619499 -505333 -458966 282520 -985797 588766 906837 -142452 403295 -445310 -568489 811136 842621 186899 659810 146698 692867 -179109 
-873551 979918 46717 546102 966610 34570 632214 -549322 -814107 194246 532512 39784 -502615 838112 351006 694643 937199 227316 862216 305721 889478 144254 316561 -43926 -194103 
493212 28517 -623431 520845 757465 -826320 106058 -793763 -93098 437554 565990 653467 -458004 355654 907820 -984094 -763272 480611 495807 329300 -717206 -550147 13332 841986 -898418 
-688472 295552 -70404 -56044 -927087 -134762 144917 -840155 -228605 -545202 -518232 561385 -450410 -897989 943556 451259 -914048 -847374 -944759 -194823 -928881 -873100 195378 943129 -689478 
-368954 454679 628341 -499965 542753 -848707 -467890 382093 389820 -269865 883845 601089 -623367 -48434 768577 -670286 939077 77507 470212 967339 995113 196074 -22356 -720134 -847051 
697984 -396279 -825791 -110094 388413 954831 854376 376215 480966 246246 -380287 465409 -629990 -791428 -728805 528409 478441 980602 164860 507653 493748 317581 612563 -390868 -799676 
711932 481033 455506 839744 20746 -255949 707865 21368 -380192 -860306 -26727 -166369 963513 -442491 -108753 674409 459507 794555 283258 -192770 -44937 -392875 -143070 289927 -59285 
179186 322513 788009 105179 292006 686404 197832 476600 515928 907869 -295625 440234 -858976 -313934 -245625 -283385 47063 481630 -810133 943172 -854049 657546 -233364 -90078 995500 
-845051 38448 784762 631942 -296394 218567 747739 -954712 -867864 -130897 646389 -103964 263236 -748503 674089 -304710 384324 -926852 -967265 -920552 222699 -509680 -936168 933528 -654031 
655696 -710029 49006 408105 -425812 -724710 -20425 571235 80282 -171905 535273 974989 975034 268169 -870070 38011 63409 -993119 -112171 738260 -108349 632212 -265259 -956757 117804 
314960 123513 468814 983092 974498 748976 -681994 218761 405539 -821334 299512 -934259 653400 598735 624053 618952 77238 572575 160385 188016 -473772 594011 -602682 626689 450618 
506243 676711 -694879 -829642 -28410 265910 -728630 232427 313853 145365 -8072 -813235 340546 301793 367784 -15315 -625661 14065 -563504 381288 52919 -264403 15533 -293571 301495 
-601336 893602 513427 954127 643120 374133 470267 -832196 -487708 -576675 55273 -207129 896168 -355026 -583379 -43360 -698833 344801 -361935 -535666 -42858 -397195 -614190 -40553 -380760 
-795632 -33085 958099 -517826 -660162 486549 -215673 -675049 603813 -108178 -252303 -191226 -196070 574734 -713496 877546 -811694 -118018 270179 -981649 483221 -358597 -979608 -184614 899643 
-958133 -256323 683094 17601 612359 -604420 264025 764626 -997590 -948239 -942593 700873 239167 300599 343818 -410861 -352344 -438365 -315979 791479 -323335 -714101 -475680 442202 587944 
-189080 -5426 -805547 573508 -574269 -162010 33623 456096 145201 427779 67141 949829 557708 208163 367258 -580675 433199 -132121 -761691 -573335 371405 65235 -303028 -832663 -855763 
-48879 280684 704145 -504459 983557 561850 593981 379621 911682 -434061 761173 626422 -20921 -536009 385709 -67982 829631 -699223 23966 -722075 -486267 215007 -615023 494245 -687899 
684119 -708468 342284 306022 982856 -958971 -59967 726153 191881 590459 -747007 333661 -881932 -110659 -847402 58834 -449137 476412 -596772 645166 -124891 491827 555951 -181081 -417962 
825861 -458645 -674742 432786 530643 308975 -283198 -960608 -748335 830519 406741 866245 533769 -346526 543582 891447 -826750 966890 -223431 648391 583208 326790 -194643 -363175 460718 
-26091 53767 -845952 -6645 78227 -461972 839157 641542 -255389 808544 -734975 -534209 816192 407281 -341590 -958999 337060 747766 67976 -586385 -715853 -935362 -884474 -266654 366975 
-834978 -366817 -704918 858689 -749949 320448 -162756 285765 -482042 749522 -716981 -856246 682370 692542 992738 782204 425641 -305601 -208826 501793 394421 457096 -661645 277499 -796082 
286896 -575227 215287 889075 690588 811782 838688 229470 50957 -211036 -75357 -661735 192909 -206634 -727193 110950 450017 41713 -870953 366531 -942523 -715540 -816774 325823 899703 
38190 761094 303984 692628 -759438 483715 -85028 185589 973149 -956721 707762 -899476 -333489 -184689 -494427 936430 -966450 749301 -698666 137180 -40489 18262 -84577 -505544 -703336 
511356 986377 -851322 618406 -177042 395129 413737 983728 -495299 326757 -311534 -408351 526796 -905873 206833 201839 -146422 -62735 167090 876674 -237653 808991 -523256 5565 -995580 
269150 820741 -294423 895971 -277512 -919931 -179773 -957832 287598 291284 911511 217361 -90080 673859 43834 -849571 282784 -969065 -220841 914190 909364 364204 -101709 173456 920212 
-353292 -668143 -957585 -330769 -116709 289804 499320 -185404 -941684 -336622 -75782 213681 439038 -838560 884287 313021 304519 -118377 -585590 -757083 582445 893020 121981 -248173 -11788 
850429 -687116 -79151 -894861 330972 422109 -266388 395947 -506774 -994582 -299 -328875 -302027 -831929 -253252 266492 -381499 675025 425354 976140 -863281 -46396 -376901 -516719 463895 
929666 120760 676925 869410 395355 -278513 -668599 785486 -268414 -536917 -181770 970054 -994368 967099 932736 -914007 171170 915333 -320076 -424040 -431572 -272157 704583 -840246 809022 
-874611 -904533 482393 -848636 409849 946393 648797 -184976 -931285 94234 720112 27112 -317820 969751 -631635 -821415 248543 821660 -678261 -215450 -408027 -444989 -596595 416396 664241 
131475 530463 613505 551488 257466 -856288 331185 640474 -930548 -544566 102570 -565787 268335 -667795 780574 601206 365035 873174 871098 83770 94661 -478031 643431 283925 94958 
476491 424846 -897691 -341960 -967217 -832786 -647350 927351 419004 445681 260820 -492237 -347453 768270 26529 966293 -22886 -341263 -736250 300200 -548360 -774841 925228 -104904 -120535 
180314 225271 224134 866705 416554 656690 65527 235929 -998622 -608405 -728681 954228 -707015 -13177 -133433 919030 245379 241321 -726882 -648238 -174446 175573 -572264 -468678 -14194 
-198909 -339659 -23498 113901 -408175 -26146 -484598 646059 774679 648556 -42938 151221 356577 579696 543710 842930 326573 -17586 721815 -928623 306495 -881214 828525 -273652 -356477 
345664 555791 -561729 -122483 -983570 255648 -747537 -937637 484025 57909 -77729 297115 -919101 68593 114588 -884312 432381 -788311 35710 -835061 429252 -259935 -387857 -10518 594040 
-660320 -226940 -731279 897015 602378 112256 -846337 -624282 -896105 -997180 612340 260579 472511 -22496 838814 270129 -202908 -811555 301199 323131 733725 -438755 115694 -443938 -363605 
812600 -878666 -735466 487476 -360986 538301 353853 -372380 -280228 -278755 252341 840415 -96557 262 -880826 387118 -869141 1575 342328 -310031 505916 99364 29388 -312123 255120 
692947 -290953 311650 -693809 94827 698019 802756 543915 903753 -496916 -78812 -988426 -302950 -735460 -620301 955881 -328715 494541 271584 108133 -636090 221092 374131 -378049 137047 
-691501 872941 405527 -530084 -485702 -476756 475960 -813021 423242 934335 744536 -356021 946889 277174 -993168 524749 -284351 269316 -197255 -639145 888878 747912 -806481 536423 470521 
-678638 722806 827864 -405945 290310 403866 -142412 -430172 -603081 559020 169935 -187597 12855 -846961 -248799 -111713 -914644 -583380 -462563 -755209 -398578 -526893 -560525 -743548 -986241 
-715822 573127 -627125 -62737 -543923 83572 10554 -991337 -753282 -224581 -363295 484242 -483842 425755 -150433 -646252 -281735 808755 -747817 406997 99415 -317783 -111733 527938 453506 
960383 -183349 -194627 -641578 316738 -938269 538557 -278798 -47337 399734 -931883 137007 -680966 -594194 191300 387391 64711 -902745 855734 -604430 71221 -998553 937133 920784 -630875 
470724 -371763 154880 893056 -139966 -166402 635586 -392420 -448915 -446803 -789349 -624510 749417 329062 394782 721328 482963 126451 536399 33127 72420 -307753 -680634 734000 556634 
720319 672914 -250903 -819246 -210942 -996520 -794011 586697 91128 -918017 -997148 86672 -223633 941177 561287 -294536 867771 507705 122376 886096 193483 410988 -654610 -937922 -903752 
-452002 -213765 839701 60863 -524663 559276 908812 -79147 -810079 -644908 433870 -894412 784197 -995400 -126805 259083 415265 482571 -294010 -675330 337373 -405716 266270 -473360 -245717 
486574 163886 248436 212369 139940 -604650 -249473 405687 -491420 660243 -722944 397593 -767495 -476133 51917 422248 -41097 -872125 231941 -817755 196978 -199924 939549 -883939 -561429 
-790807 -541621 -617902 -863957 437168 -134832 -139873 591956 206140 373908 781752 -469318 -885711 -291188 -873823 -548701 872625 -487483 -994578 -352327 396829 -42611 -514726 329466 875491 
-426209 148937 806289 427416 -75481 -186582 224510 521479 -182772 -588210 -331237 28175 -492133 52050 961761 -457932 229921 -907833 -933615 481452 -655235 -501972 -938990 -274945 -779037 
-560917 -623219 -886543 -150564 -24955 -178432 352843 -742032 -256144 -595441 -996668 941286 -245451 -97417 36044 -354021 -226825 818277 291560 433886 277700 -937627 452568 -17504 95559 
299800 -319788 940604 -829044 -862572 750426 598486 865556 364070 397130 700921 -538480 25224 -56267 -463129 491456 -799324 79720 826364 -470080 -275777 546108 -175855 -648071 -898039 
812306 -696531 923883 939009 396159 770610 -491109 523105 378329 -617462 -403372 240421 -557688 317106 299460 387560 905178 665295 677183 297810 480688 368839 -576485 440864 616056 
685121 -552515 -591669 276556 525155 -721634 -532286 -965208 421876 -739201 -863614 -760118 -570321 -312924 -704102 396204 -104765 -476603 224025 487007 878529 720459 -647496 -252561 -438177 
-408336 -943779 176873 506685 738819 -148911 -256980 246970 546498 -784935 875690 -628556 175505 -970951 -747622 -81514 -519216 689852 12158 293219 -978438 -454357 -353566 959221 701601 
916258 212086 -586798 -303197 360 999706 649847 615464 -475890 280159 911333 450345 780999 708170 804628 128421 -942272 694599 75906 463405 520121 713870 -639423 202238 -351525 
-188126 582089 78262 224837 -582931 -996157 -528943 423495 -603427 -207715 831758 310116 405528 652579 -466404 255857 703267 806070 612860 943172 318157 -826851 -506404 910214 574568 
454246 584433 -771238 359448 -798871 915707 -220922 -488036 382705 553473 -530137 -450276 -903657 582914 576577 696019 -911708 -763311 -695518 929400 405241 558765 115989 775898 753505 
-770136 -971687 -312058 451678 913720 -862224 159075 -116141 -677598 313186 -942353 -170574 658208 -161081 985401 -662884 896553 996061 562667 146310 578341 -772579 248275 766568 287181 
-861017 88335 683984 233751 291987 -638757 797062 -8947 -81140 -953703 -801658 -992197 -46794 331316 188865 295874 -361221 639565 -609409 -808806 -250034 -878676 971915 913135 -672150 
-826840 491901 -507173 159290 896436 -226212 -473284 -894765 -653287 -270230 -674797 544592 939363 -395726 -108090 54223 559531 135384 -272167 77370 -932435 -864686 -345433 580562 323166 
-107976 -24907 661594 -288606 91714 569600 487282 890746 221932 -860520 490095 -459776 -470404 -61471 898048 211597 377286 -656547 140725 -537677 -765213 842313 770516 -301098 515856 
-183804 -514338 834790 -297411 762709 -253443 43244 -745764 326269 -365478 -519643 496207 369632 407603 746526 -224730 431756 74295 721586 229968 -388041 776187 384625 999508 -796515 
-964962 931914 -376608 584478 -690457 967463 169352 -777863 -565627 -397364 -722906 -747289 846260 -702644 -459966 265988 741898 445618 300122 961725 221665 -808512 -650009 985764 -637567 
767475 840250 -454730 731682 -273117 110281 -217879 960251 -739124 891031 -683378 -967291 24798 -782148 602524 869251 404551 862019 300137 691969 -111324 331045 117197 706224 613050 
-135209 -469922 490826 358753 630731 -621781 -697634 -470440 196993 203338 937977 -439487 -306209 -564010 -352059 -733496 517026 -204170 411115 544402 -802310 603443 -697659 379460 -179813 
-789086 559635 684021 -775118 -154239 -166441 -913498 33176 16654 -246443 944028 -79591 879479 59446 104691 942579 229934 46810 -171267 -625836 979766 934471 747604 471959 507128 
-334233 649743 861609 889335 256332 232295 -819040 926046 833339 806453 -944014 -911591 98667 466097 649121 160353 895039 118569 -16090 280949 -713707 -975809 64385 -399932 230067 
-222858 457715 -973914 -530643 -65710 -801222 -533681 -989872 -50562 494152 98400 275452 -693990 497835 -389785 373822 159568 164511 -830076 -223120 -615639 -584556 -117186 -870674 -189105 
322659 495496 901283 461847 -992632 -386045 -146337 112560 380378 405843 660919 209516 394937 -158753 -939906 119758 44148 -434146 590888 -277555 -506741 487483 829484 -785948 547278 
936424 -935245 257509 166595 -438301 153887 167602 249753 -840029 -799495 534603 -890452 -54978 -197063 -417546 -519926 540101 961806 688082 118529 -491163 797455 -642176 342485 -380424 
-753488 -776781 -343275 -154756 305358 635389 -590415 -984577 -645043 -920130 806898 -332268 -106567 695377 -911291 345686 -162945 -629868 -41812 -888786 428071 497389 -351046 -736561 563846 
724387 -360721 702282 -387592 -474801 -922428 353220 -682535 40224 532825 722663 -96889 469360 834972 -461065 17654 278434 -485264 614536 -445311 -147917 577193 -606351 -989080 -195643 
556347 285381 -325317 219935 -929611 718284 864098 -346637 -220959 246082 711465 946000 -574695 747716 701259 465841 29636 -186548 -756167 -79600 -68511 -38950 -820156 644186 -749645 
183192 137779 -566062 642288 -154256 -474607 -112690 99456 573509 576061 548436 929654 22781 -462853 -473665 403216 210794 -147144 -333694 -112818 -13447 958017 -977360 -985297 273917 
315033 -692578 40865 -617644 9014 -461259 501947 -293908 5098 -964430 894689 -667666 252694 -101456 -873532 -18298 229548 -410 -159734 -338806 -477421 -102382 2857 963148 -477914 
-640591 -490177 -274796 -512760 45224 660980 102709 -971659 549190 502608 -509973 754250 -77059 59802 173643 -805973 307680 -82003 436306 585008 559688 -509382 280456 161021 539150 
115380 -370821 637090 352132 477221 615915 672164 -583766 617693 703905 -302069 842347 -18551 241952 145290 19856 -68538 172544 36660 85064 -772338 120491 99582 906612 -953066 
141135 742986 -343982 442401 -407939 302159 -556598 -445900 -651888 -721221 699618 703827 289007 227382 250978 832894 -223823 -74178 971388 -244717 709390 159453 -949504 353740 505087 
-906532 113856 -137528 583249 -740142 -270704 807678 128320 744759 627748 -681946 -286640 792334 -412267 -637408 -17553 875078 149340 -195304 825198 682892 514673 -639056 -223366 283177 
31950 898488 991187 612196 -665454 185532 191666 -153808 122404 905299 -531325 890503 33234 132333 250402 426474 -103621 925019 774614 -971676 -267601 325478 -805499 707130 143049 
554151 -759840 188514 -729610 368977 196905 -468621 -552689 965741 -149104 998137 -762403 658587 826815 -689060 284465 843766 803177 856243 156241 -125609 -906616 -713636 -806241 783217 
380389 488895 650918 965643 -969878 -178935 918282 19332 523766 -565757 -33375 -454128 -725161 515313 218724 -481621 105963 -299001 -706283 495129 -234044 -197446 427300 -380168 -895461 
717597 242890 -65029 -486411 229484 -42609 397416 688952 42601 -646774 -979180 520648 262931 -468631 -90609 46482 -92218 -339939 -866243 -658022 300267 945636 357653 56786 -81245 
-796738 149665 181299 -247611 -840125 64181 389436 -901829 -696905 -479008 843020 -984437 937165 -416606 -499481 841389 438517 884652 503382 -403594 126152 -122994 -452823 -395631 213722 
-332641 -938537 -149524 -463040 -212396 645630 776084 365635 828967 -174572 468338 352108 991732 -721877 -598773 -314126 -965748 -232919 -167975 -593118 -175358 -517108 236110 -757522 -649086 
-569992 -350100 711556 -874224 -632959 706822 810078 657909 315388 336286 -503791 736011 -537680 -671530 637667 -668310 -870938 409723 -262354 -1020 -126488 240766 -427009 -597903 46820 
-322528 800543 -213477 938557 -473831 465138 -433175 -53039 12124 -499075 371886 -189905 783994 -474015 -732893 -201741 -851858 142549 809279 107177 -927101 992199 494562 526761 -989989 
-670393 -125561 886556 185528 922631 822267 -416110 -140319 -778816 189772 -965032 -315901 -317762 -621660 -493417 414221 -252349 -495879 791322 -695196 971376 894813 318191 -877383 162723 
-521150 237875 569648 692854 -90596 -526987 -950776 -231406 732207 191171 261748 829800 -480054 -24998 -231729 586012 8249 474995 754728 -536240 322177 152799 410454 577074 749239 
740134 616125 102450 928627 -373777 271940 -415758 -341716 -884958 476330 672526 -177645 108464 184169 147398 -258477 506330 -851904 784345 694668 -623108 -362833 -654531 -735176 -112031 
361871 -629517 599315 308702 182613 -986374 -40471 929369 713158 386537 -307971 155726 -240925 -420173 -366145 350510 49872 -530521 337336 52541 -248987 -82701 -629380 -472453 -155145 
819024 920104 396815 -93783 935584 347621 647526 221504 293767 -45164 71651 462070 853887 -849727 551439 990965 -201055 -387279 527129 -570666 -442627 -663517 -390711 -966044 768361 
-439573 -74335 915979 407215 638392 -273969 61379 636571 -716454 -609522 -783115 133408 -43829 -364821 -235920 345001 -715719 554503 -411714 -508506 -267972 632048 -425010 -996537 -456721 
-688008 679649 66718 -695940 536009 -657389 -177673 -244846 445919 -928781 -255319 59043 -642531 846845 50847 -859644 81931 -258256 -984509 -775507 -141075 -898230 -739648 -198243 719119 
-657271 90377 803670 -893706 -87852 -725922 810325 972592 -340593 842867 60107 834102 317752 -503023 -976974 -113398 346015 -245312 860018 364846 -834061 -944564 -787653 -800290 171887 
-892462 -787211 926136 200236 -623611 -339270 -97618 -529064 -991761 870433 -880337 812125 76531 962346 -596306 699983 -153802 -68932 -483072 703580 -787266 922626 751534 606204 892735 
627252 542114 -755730 936370 879415 -970454 -141819 -474841 112820 446442 168233 -382186 173368 -67695 480470 -994301 560672 908774 970674 -32695 -334057 341695 498716 887797 -38045 
-499057 97453 253594 -558479 -631486 -263364 -979596 -603351 -754960 297737 856310 -816271 376369 232776 247615 506331 528302 818254 306383 185049 173636 -341761 152213 -849150 276844 
-968501 -254413 231425 -529776 891014 -345231 768817 571161 -240746 246371 -309974 104963 117164 240134 402500 765915 302062 -895710 520442 325049 -745105 613691 -974799 350976 -657887 
-584094 115432 451198 -617541 -869027 -768115 -901878 329427 -886559 602336 314246 -326010 598373 719263 -160988 727119 -600593 318775 -21634 -670642 -543857 318092 65444 638618 -139626 
-553982 -947582 870651 -93277 -111715 -543110 389179 -16358 -563909 -879096 -845361 -666813 487531 748280 -201002 169476 755568 -243040 474041 -454286 -724303 -879820 -490128 52594 8405 
437535 -467634 -892414 -173111 -794784 844503 460895 487104 -17870 92120 762695 230978 -818066 -7482 -554841 974572 727336 -503387 103774 691142 750998 181069 344615 -385430 -823684 
