36320914
161910932
11975960
27771401
32091837
464654
5168417
5004298
21589697
181176330
266312210
11761103
249999780
186108417
262948988
32803889
7832825
172523634
90200689
79084248
18164869
153951421
142201175
68932321
120501633
51629996
319339783
327701615
23060353
191497464
114526825
6391422
28216222
127695767
102420328
206700797
214194122
28729096
94945041
103279713
137990221
301921130
72658551
399746794
137896343
85006685
118653106
255939281
15522062
144483125
30793809
334274922
198171742
315942956
97642889
122504373
78194107
51262257
11980291
27742592
31389092
5879110
9391197
120321060
95876057
4070000
43583097
81029337
238956606
72804463
258184559
343797688
141038313
60730242
151843854
89184500
107698339
59710829
64330378
17446390
82281243
56361632
14120872
101366513
6700112
87317968
63201217
75109493
21047746
275984310
46061590
12828576
5348512
53266456
28731312
229115217
213863287
32268433
361558953
85653809
202939702
177050680
179095248
5834064
35634189
282560449
109755072
121026711
8478816
157918558
140019613
43582946
141916517
15102489
31258795
174867595
25246010
336947413
288139580
130707083
82024650
84316746
86645778
126500962
96237373
105003756
55259720
93871333
96433140
50670754
107131521
159296139
225072800
65802745
86730868
64780213
139407008
24696006
56676277
241797300
25906186
9876775
15981036
122311823
109181542
185522103
43526698
95141306
99589750
41797107
31483596
26127712
206211949
24915000
232695223
136287882
88101449
38668649
10977041
231920380
242766665
17036084
33695356
21913083
146149154
20901919
150393926
3427410
95781687
293057762
138366964
9892814
61953185
73362110
118082766
39583518
3324444
201671896
8805559
12842279
12915265
77682904
36043744
361239595
41534280
71155348
60431332
234525727
180023799
56644899
107838696
24966224
311565928
215635392
25504620
48270523
109709274
131140058
35125503
3462464
359157242
116142610
54366672
18740717
110860749
298076246
19557380
94260528
181303741
233639711
73781406
19124329
317648784
294265042
18736624
103020980
352248595
162859872
206913
34566242
316377360
237050487
2971495
80317892
6789560
129954056
195354148
194876522
25092246
126553111
46778886
179752235
21441742
26898984
55392346
158912284
29854528
27501177
21482472
110499881
3760613
136083288
163625804
32095838
322067656
274692
111346407
166041981
49983513
17419336
96000501
178105426
96405235
206025058
10689003
118947701
22245708
1683150
128031844
31777305
9287570
262284495
398323293
40758949
85291034
136867268
27236965
216816585
109588808
113499825
144183256
36754690
195018188
29574158
11208452
270146941
110442584
257417945
327801184
215535874
39173219
250740915
227979185
86325226
105925833
118585162
156472133
3547458
10290067
22522069
10290067
68475691
36562059
118931618
776338
80861283
241574934
62556574
147883101
55035588
64741241
299071455
77381804
140863683
46826097
9558464
292334
64011867
300775964
144280253
138894369
72307361
36294588
74771491
189646223
203917831
16680586
25436157
28623949
157975645
149280322
1898457
147180749
236126685
38346406
74215153
134301404
77215428
38877379
179658415
33479784
160986622
8196918
46920337
37904778
14022148
240054326
183054540
194424342
176411381
1649001
17106899
38618502
67919963
1573206
72273436
179153791
290864916
21827808
80787838
119643609
69683902
30875120
180680164
1546829
114210676
26569066
288889973
122004215
61499942
29096362
29485995
6309629
59348768
135509084
19079677
13364745
346965195
104896553
16110185
394316725
193013803
31309311
18628642
174560330
92069839
106353164
36185438
29081524
83724907
79423150
146923430
231920380
141543197
66101825
60683331
49387744
12720870
26823273
31386508
7641067
115929209
4076006
124788552
286150368
25267801
8864898
203137383
255527535
114036421
4696851
5461380
259342079
109304938
115716357
278350412
86070648
197817014
193927046
6723348
9480832
304230156
27723020
346369115
66794631
3737634
37194719
121169034
136329883
134448080
323532879
84220004
6213343
59592873
9489436
58842482
17326294
1260544
183245708
33255599
167285852
284011579
131252420
5791586
174032212
119899904
7477370
5006595
181488289
140062302
70834795
42303079
185524206
357450974
76498885
69430361
119838733
154059148
47255193
9371954
30554488
301195452
23447321
36768092
153802802
240726873
70305627
167446723
99951702
87942973
44535733
5852607
60515357
13566393
323349701
4907660
79713711
349033478
180949807
56150028
49260522
244191655
141543197
392360956
11522887
203691814
10547317
99046740
9236506
20585595
8455118
129560153
265835913
191660961
142623847
127546644
180548289
17364812
5870522
128963313
191748889
246263217
158407669
137006168
34502028
80773783
43536720
226022945
412159572
97342872
121101441
362842534
229456437
253302438
91839708
6083277
45724777
3180414
268243899
236520805
261409933
44607974
287849436
237470512
13479705
135642698
258314173
284998299
201205674
