63720205
68940200
162522669
56673350
108411583
34233631
185761400
11688767
7335062
107531367
156048909
184980622
67363730
219367614
7211554
63611159
61284017
210505250
121674493
181090757
108361325
1747867
10174064
3589318
75968313
14251641
117551480
161344564
2492970
344769033
43333639
130539475
23984162
88184732
6284477
32224227
3836720
64095940
114379488
108928110
81107536
750894
221206523
92622941
331776839
85029709
85310297
86089415
74350935
215297533
156253775
38833076
61333719
46077262
158674548
109228729
1784828
300940202
95579409
12816654
18107050
1784828
23387960
111283123
58138291
173150885
32677230
15354264
155701968
27931150
159077358
16777561
68377524
4542037
47436953
31494819
303206763
91182957
122898204
1742256
6346512
123497497
2869000
186063162
3346384
193552003
76560307
18065519
81181806
89425114
12452505
101749052
62423547
97133855
66230857
117144197
2455446
165714670
161366569
231559883
6599146
39981521
155158126
52696089
2627395
25644255
197048184
4678350
233714992
97264787
114715878
202398256
38047289
31500446
119170456
30231942
339454192
19841709
22434478
106075725
129338799
27783241
175541633
151256749
184522044
280038365
58877125
155341073
223405805
257047576
7913805
17257309
11056567
105582523
295465049
23833707
242398243
199590024
1889311
105408345
129945594
65211048
254571
29440778
99967501
2092521
29013062
160341912
70699502
36890753
279412029
31504117
98092782
38193930
103649480
4925328
56615679
14416769
179603306
47311965
223868527
152580673
73742396
4655101
39839874
77288301
16702201
116961819
1131174
12840659
45645554
203063547
154134144
200967989
29097911
41609204
84584521
23322549
287014297
224839484
242692355
6970141
74571067
74648188
18206954
123934660
106589157
108420423
11946881
15695212
162148291
21764495
75826570
64862758
33756837
293327337
88825771
229013407
97909867
44091389
62113784
229668826
70021526
103413449
172828683
15847513
93470606
86725564
43574939
35405676
200679222
34976813
15964522
5123854
73828990
78491520
85978163
932722
8308484
15825403
233193594
18536955
178319199
13614978
180789255
15112750
128726266
24252732
23442578
142833154
187776076
204152892
74694239
121061010
102566001
143130967
11928592
140750516
16428015
89293162
144122167
156361841
24138152
52121347
121109094
271804162
7966483
76103299
16866584
21173025
154984677
11019049
168310178
13145622
233134206
46787544
112052886
1668162
26377058
25518672
7043450
52892267
24804310
156956228
43915990
263374788
255580453
8741824
325321982
95715961
6878589
66870003
303578315
162536755
3162397
111973767
212705836
10406775
104066696
212737494
82314810
3626461
26474504
180206189
154440445
160644777
318227406
72442856
68211417
27667675
303426
7372318
26726707
180577955
6024735
54114989
26376516
3765755
136043776
83800800
38076021
336915267
75722126
17283531
305316051
82651882
251070789
136552556
202501152
15332794
110038826
15340513
82038299
39785530
26019308
93296586
62780559
160804876
23000849
120872094
224312050
39832139
75156281
70334339
183228639
174273006
199984608
159691076
37018064
236134162
33804899
137808075
149438368
2258280
29798155
7811378
3391700
95246305
34287263
19188592
240969119
53223021
51071647
108681102
163233091
8027599
69356911
347892752
1157196
703331
3959681
20596257
267865163
375033666
137139253
101317531
138446466
165721499
80751059
10747903
96021993
96766484
137204226
131753358
187377634
16890498
179045575
251307376
215698123
41489607
93789665
53731720
170118892
71100546
41535002
143861654
219664409
123446972
96970001
19691642
119229219
127569889
6945013
124505047
215077929
12426640
69914765
106948099
1306827
116625272
49758358
101295621
59451017
54225947
107481105
21087321
24245450
138109637
131042498
53366954
97198454
31528680
244428326
183338535
55087118
131070519
160269617
121517411
88819770
27831699
237697256
45932797
108019027
109122912
83147925
13036799
89447629
353648316
26314317
131132263
289269473
22290723
142434018
22517221
214774222
123015773
11056567
22091521
104803463
20491129
19583031
12462310
168562300
25623956
297835783
29455641
107665651
20899637
81897027
56463568
42087215
97390925
67689360
7185343
219445533
55857048
149388947
309811707
14066286
4811254
200911463
67017036
204811580
118255071
278662358
104623508
61709264
6515054
197684534
104047630
139834183
56950382
8542487
34447375
76988647
944710
238481972
35628186
14657240
9178729
8291129
53960632
50762199
7368972
165241469
6947847
86851123
5363930
22502182
136979470
91159485
9547294
6873944
55404426
53880898
211854400
179223290
335117
27271428
118290721
4578757
73578640
81478014
47706782
21972603
103492290
120598112
6500413
94710814
26663820
254627958
1435720
42145039
59388893
157451345
18411474
150121315
27219342
70114946
173960466
76894710
1720354
37002090
4494641
13932372
4625266
11307963
294365015
59669739
15294163
9638640
101930331
12281458
26643313
220869480
181786450
176918107
216297934
161069363
23720209
11840349
78605128
49124791
41539077
190724113
95846130
216477869
14517451
143791725
105698244
262023792
150644030
8791918
23724080
79012510
194043528
17014340
203300988
13453346
165057613
100248677
75296536
76722346
130623853
39459462
30296082
9040622
46948440
351209922
16504572
3479290
33078985
147764760
27263660
88406145
109171336
199478009
6448016
62383763
147532601
6163755
191950213
38596130
31026040
31612785
5707731
87912619
125236703
77436678
14523823
139723388
102976487
19025520
11962715
9864589
24655241
287055368
60964597
36788809
131146741
13611872
2287720
40503543
4237848
176155559
47119920
44508331
85892718
209327804
11969431
129427170
286164416
195589668
53118108
60124698
50165024
213070967
2035206
241996552
176071863
11837760
96861470
77867786
26821074
3814562
75441201
21676390
55415524
6878589
7032904
64119701
33331802
313962177
36652974
26314317
127472002
7674567
135858191
305464566
59959940
40267865
212295247
79021322
202364757
144985959
72569810
63012145
120841214
219706703
89252790
176577469
16700763
71536182
313835534
140644583
52586869
58697367
28355457
52806651
71644726
48242881
247214450
190007678
3006351
51760424
119344563
176011342
66049649
41759120
95753136
82094219
18314761
88349428
84167931
153417957
43073188
149159102
82793075
51363038
124422766
173151318
159735963
112333989
70738928
10942810
6017540
2901951
233222432
206590374
244242456
34293584
72342172
148399846
132440191
280359700
114357190
162536755
186398235
90658558
130343498
573480
145513052
122923240
261086833
107971379
19323440
40625241
214661040
21346961
320717294
51589305
125848351
20509191
47401227
51313663
107810750
17332822
2390167
50440233
66903982
319913362
90267161
111690760
12483287
63560330
9000956
502770
173128889
164938763
48472642
2848856
68799540
127385008
305473358
287757084
187696766
29058520
105035773
227352148
122612773
22589366
19389772
145210919
44517206
54502701
59234642
132346431
107562004
140912243
157175444
32429151
12066930
8473220
34709997
216729266
203766108
15696925
243752755
289555214
67688109
203260958
18243926
18629732
24485830
85883561
91943139
93446468
96766484
11431151
252514
89161432
238165140
72535781
161909571
146531450
161465891
227737308
43924494
70515618
59414171
243278418
201603820
1491250
237678427
848451
38564048
157947744
193521967
312777199
31797164
154437120
87581028
22151373
114478906
178053615
13131598
43494011
152310894
22417563
205722223
238868986
47715232
135387396
9620407
121939118
158195796
92486678
123317465
56452097
231339155
22853441
253424269
5599390
68107773
11593887
294150281
27854685
186281444
11856694
28778917
58292742
341071349
2955601
173063776
33332324
69297986
78269112
76312162
224512598
187639935
139997102
86717469
62754819
84834897
92708869
52069497
75898486
33208225
232962604
158066656
745077
119862761
50105257
42145130
1839533
86104960
177425972
25081158
184566515
111299579
66284579
13743656
115981881
37915796
11472712
185342238
27065702
115247810
194193430
10313304
8324280
166166535
190196193
46841733
16780409
10544415
291499585
171529606
51816095
112110628
14295246
22676291
89131937
16817967
169623081
16287612
75608641
38605303
212813367
34636647
26463147
25831193
301135636
34160524
109814914
154191872
298688114
327324842
119532298
87602922
63326598
60449758
76488542
118419081
183363371
2171954
125699837
58408809
112557939
745077
14107075
60081937
17196529
81823641
100088708
248148463
7777225
152097880
220489072
67784805
73269429
10610224
61556725
48850878
5484221
95495467
93818151
59471364
48764395
128540853
148134158
32182237
74289973
43897444
7162702
49893279
72161241
68772862
126259251
5776078
173808920
311579396
106954203
211005938
88620191
37002554
30404902
438660
181615987
199062240
228347900
298485547
102373267
41975199
58470014
44819569
61883355
47405051
112653305
318671632
127338860
160667683
121967244
63987581
65666819
216163177
8158667
188445518
32792066
229230352
73446786
34996396
40516971
26448140
56762927
191865208
133837246
128017051
8019387
4546716
1297666
43109941
11551830
532077
207137
3890545
4718594
29190601
66930337
235785376
133509537
3335249
69550022
209888891
32544381
61205565
70112090
