184870635
90449315
90792711
127000754
228298327
112845307
148699144
145502011
230077708
29897119
80216507
59798654
153830909
344361153
38760116
343768073
780766
171103903
154209537
45877464
146623752
64796152
44593753
6818511
132775167
33543401
316005096
78010267
4264346
136798135
148036844
107646479
239218881
55706555
51742001
66141484
188474719
261085191
104828801
171308926
115320105
278997325
9677199
26063083
75183799
255587141
18096085
319631696
23257287
125892369
113787222
120904227
26591051
120226595
19591251
50364931
125664275
36363765
250197066
88115292
4240895
102014211
60730120
90692089
16512660
198580320
29288528
276698473
225529236
74838561
250246458
165292494
92520562
63808822
153206999
21304830
103118027
33269310
89361108
152359832
45365918
77479225
857937
20675889
239642748
78812774
226634748
233034994
74582935
259088900
210190422
129988811
68123366
137249107
106009043
245420169
321072321
42421222
59206201
151594110
334956914
113999105
5475130
263485315
2485103
13796185
3397523
239691298
269399330
306660643
9857692
136115899
54755451
65897985
399517542
47319025
170735790
15276417
33563921
26330344
132136254
94807795
95907975
137392840
18593173
17149302
102688583
262037216
89442873
41558563
38205567
198911268
111755771
2292031
260418222
76153480
81765029
279053683
215136141
17468025
154667417
180525942
71273329
100561061
57280460
123092701
29104591
25266913
272133454
187733743
205740407
148852522
3271195
60192272
97838194
211069841
258139101
115237362
84446799
41929635
106643008
62388640
145914911
18346380
25952788
67731676
30244689
77656754
68053028
331582198
220682210
34007180
243107060
21158240
6704417
217935040
185603405
75080911
165944946
104055539
6424209
159394808
205323625
321492564
857937
141388041
19333469
240038824
3739510
104886237
137700316
18759210
98976122
167812219
318870594
39017852
66009064
129250551
153185807
2834264
48291461
317550594
47625098
10460678
11909077
181207176
11650168
124319129
79741596
93294753
21936206
8060808
59164116
274133587
289450952
59605657
129818034
4311609
52102651
30546094
405048539
58381537
125490643
117975315
124074985
75718631
42741559
6619668
43353442
75200149
3893906
338023257
56566644
7128251
190862196
134300577
64236727
352963406
735455
100208732
34005614
151012725
86670097
64935478
376197837
271933737
48076250
392762046
349596229
280597858
320113982
187370224
36333900
51453005
102696971
8848496
61899104
122771660
31526370
254311325
254995897
54603365
51657294
11843841
10370187
328349706
39379057
168545177
84503593
220723429
18184871
29859889
34146364
101062051
262714163
113068734
160589511
158941121
1962013
154684313
83421326
43038637
92485121
99723538
176339766
153188126
152459991
149222314
2621176
3946168
135304574
99085525
65375441
117696460
127375493
54295200
55103219
245760949
133006732
52331594
159113542
15283403
147265242
19260208
24463079
19233781
27969158
139437076
37305936
132811756
16374201
22268246
19169860
90789526
269979261
22926099
123907785
62530886
3684246
263395075
104196473
135757172
4696060
70189856
234524943
17401879
82091536
70404444
29375807
109814008
1532534
258672719
176771494
326082422
129132737
5580477
36805423
161436575
165988648
309177244
38344469
38397693
265466463
75909678
152193464
16522441
7041014
191515058
341107242
56459651
145568894
83339936
41306220
222978338
47561675
215156278
15331419
42625640
7060554
216889680
189022711
52062630
345612488
53577471
67077502
19751013
29758679
5315919
32987439
35467386
75001276
53712279
118841653
155383728
157769686
261463010
150884646
18867971
72389276
42002751
32138960
62747738
270456288
130010706
42700862
115782694
433294792
110093328
158524
72275638
143724887
84027817
144307059
101477628
22008589
54637486
20361017
2752374
45611511
264167131
13368274
173343380
109048546
419339738
39593809
134062625
185546018
268995681
164481709
23539047
266539788
10878130
54376747
259417037
163756555
92055541
211757908
90457248
240923979
163586450
2778514
29685750
128226148
44419349
39379057
4175198
273030128
202730026
290938135
5613602
33089086
4361208
2537696
275341330
88123405
132452919
668278
115025320
3382506
35483930
92401354
97479376
8091500
5149831
17950580
2297293
196914872
397739448
91828049
172536757
24412878
197437064
240213064
129086478
293995395
21570300
410881997
4475579
46987862
57601036
88867456
12314265
9345283
155710918
213572589
65169219
63892812
66849590
161078042
6460478
100065406
150446348
68611897
187459638
117275244
24361765
11189434
23001940
327873442
277685491
235933500
852457
14727862
5938513
21659865
178303891
68386278
28925525
20483662
420987241
115902304
249448403
79105975
136228850
56910762
32599193
126401443
2295835
270628309
330780695
53953169
22000532
14884968
145593914
17334719
58919107
7526861
45189382
6241238
91403063
73809432
137700957
140471450
77724938
8841574
86038422
39655612
228471087
61732698
49752950
50804927
101980716
149109763
98245102
324173343
387658054
80821933
200646289
4782900
72521581
166241131
7653668
58238441
53975917
67933661
235773430
177343328
101361419
36206847
24132104
18762516
16999480
5335388
55489474
48837485
6134560
75797073
1871775
93452078
90742932
100669672
138001918
73220129
27728116
382162883
179559684
201147708
97787842
190277522
11182436
241626309
3149968
41530289
230210003
443622123
116379162
13897322
186777844
85623342
39840257
51824020
26103551
174866874
1445696
148242740
58412992
79597312
192814486
70533206
189389024
6087733
50718859
50798077
21166082
2888222
169667976
222371423
28954687
277219244
32358593
216279526
43509105
63709828
103987689
227407333
261674296
307738220
72516960
163531187
38378522
161783169
8866713
38624600
7017256
61190915
35674822
2400519
22780013
40104327
180434563
399010531
278768175
220494363
86783421
138679063
6314098
78480803
2465708
108673113
21158240
19463467
47457125
131002808
191356955
185908845
204846165
116271898
68386278
39898360
239739121
266453402
149694002
89744846
5730619
155084764
169987160
328138862
323050061
58925100
98873613
180168794
26544605
69832999
294351018
265945979
13968556
4711348
249100607
74031079
4195073
2833942
22152217
58865952
175980166
109059250
146305499
35246486
217539088
34469887
195334753
85707510
4272993
109873691
8813694
136608093
11690089
211541295
26363001
1992345
286771462
1513637
29990122
12899351
80898096
300977941
15364893
6442462
7821580
41154151
345302223
48185156
3986787
15713432
66700546
253865434
27987008
309335684
80541461
43862395
280441186
236448873
74205628
320172696
146970329
261117907
12505814
97124802
95358128
28443850
188425824
10631428
72386177
3478183
69248585
171291724
122955022
34996442
42114961
245054547
46528813
11919766
24566419
74113174
156770700
10285837
176117556
37035952
32987324
39178751
59737696
128099563
6521663
32286773
245645611
167963689
304396980
24534782
127554129
23820512
26061673
138095051
51155001
64827072
157535281
48303835
174349510
6743515
28086382
326165175
279988166
17857836
146075171
6746569
17142391
405460514
23966230
3364703
41031437
3771355
84026954
109170016
150132192
7492016
143485
102432585
12102272
49655114
211376819
47825885
272982324
88382010
89509030
205353572
201743087
211149465
62488207
47525204
148816853
1887239
19790314
119083363
31284644
322485057
206285049
1502094
41197377
139890148
76033771
349684959
124254739
21946523
53400384
312117640
367991639
231464726
272825172
166345423
341126698
46729709
81397875
1144559
190135147
45142955
74803265
10240707
231107036
181624550
117324376
187516886
26856129
13169080
38419631
61773562
24566419
21231444
179637874
75752706
14341409
115846645
141385129
260211268
106580882
110602082
165074454
321989617
380991112
10989449
58694190
50928077
255765893
261023915
61636506
48755252
77224418
61236804
180953691
148207164
273079447
39060238
190225031
154074905
9626642
241913260
10385448
146896290
220978676
348875733
53123698
189922191
262882296
38720087
211985778
329038079
70372260
65170099
148594758
95335430
37323414
58119784
115228529
188042411
111963991
118706763
8730029
146483023
35838406
75391344
228560420
4890385
248381975
26447522
103598124
50739588
187222774
110978548
93476442
94205290
205710266
81134659
10347320
5957491
157705929
9932144
313284254
40884778
125413016
107246053
55737991
58172029
40838647
282987338
231261070
145227665
172549479
136335516
56547650
152065170
905314
291444976
60552080
110961425
83534432
77632341
89970544
248282630
2132376
24556524
34292113
9810139
76511059
336154056
300225219
84855738
29320606
377747058
17930396
14158563
40278471
53570220
409274900
16287045
73370937
168907707
67743885
94998009
118548126
123856022
380048480
458094583
38697843
66982038
260828147
125311779
60192272
