1752964
178461360
205490498
124832551
52495603
7145579
23583756
44975680
96948969
32211782
10825714
31884027
226141488
112093237
213770892
59710049
69193484
46642251
12280498
92656928
259240520
36726903
49243114
38082489
7589899
7609397
93451781
6143558
29276893
5656001
231181645
221516979
18440491
42440106
4561610
171270680
54869871
22687118
281568001
74858731
25019354
234865233
25668779
21066309
119369605
109030240
317077143
134427861
1981576
206708447
941502
292110047
13759196
236946716
50287191
20486159
9019076
41825741
135117205
16472748
234541367
319323016
48294186
106204629
232250420
57672902
249991841
31022701
23258195
17013847
185875364
107853298
27773749
40057777
357041652
128193340
258832979
86814530
273997613
169850007
69337838
75231401
163277094
193457362
158400713
118159397
9012740
345006649
9192557
244771262
53883074
39006653
332434233
186065714
7856249
5118577
34427175
29971461
131006620
53730995
148820447
68804070
146925490
25522035
9277071
128366089
52717473
69784794
56156609
55099028
203736688
299359975
44652366
26353103
108133902
5516256
200514712
169560455
92017474
47308404
95570727
70509905
29350395
115392789
68966969
103834067
7810667
141005530
33644784
52931551
59489996
336639545
21755696
64381128
20632001
58148051
281534803
256034079
112420960
68683172
121193770
17117709
125622968
58757171
9715038
39129097
62990954
120367105
62733824
206185162
11095456
116574155
138495356
92752346
2563043
2656385
84554471
10648692
95494446
142227102
69787361
68212506
62873430
13448107
3176159
2637072
125597369
93040675
437738
56961873
109579076
75791318
142544702
244725705
17765386
52751649
95650739
20075581
46067081
54236328
126967585
14615544
29131018
51946679
23864882
277801871
36457624
73521725
2102635
52850656
26931343
23940616
170739544
293110328
108755581
26440313
41218430
45120725
274952073
1683841
23740505
266049006
163929254
95813473
120355212
196368230
196104708
17008447
28760291
94479926
29925162
168574150
51963815
157088042
98112571
147671632
190779760
18161127
346571401
153355729
194008869
19204683
134453419
27034290
3873489
210356192
17764103
154091699
86605165
98970977
29974182
60818756
2334803
81797830
37276187
207938406
29709667
1376943
30262120
167817032
98772021
75367181
140198674
32599425
159431505
95024641
107609018
76274068
49129391
13335932
296806855
238648159
8393572
17973161
99849237
100013824
31537240
53269145
143374402
16126432
259378199
73991462
15452996
7308082
21584679
88218326
118905452
83717472
59201035
42568988
62802083
149671607
146194114
350486815
156073681
25623900
250823644
3352274
158416181
178419531
164255694
323974004
51910763
50425539
28282778
3841139
153181455
87872471
61605155
61539636
91997209
207050838
3919706
179440959
1538203
81417503
70578467
116543683
177854879
31940247
262214219
27584218
41674649
206184723
63474721
14989441
1839745
88238118
87141598
148308036
93767463
258282586
40087984
70041299
163467487
48922351
136596162
17621158
58857677
47565173
74819684
100754348
46521056
18990737
18372567
49230165
64330532
26505791
116653044
201299935
70863016
232573038
15214664
134957643
100564449
1938909
113817605
32227664
176842919
54969810
102217815
91784395
16449032
41471661
29960712
199409235
30674823
117734786
91372084
48596734
12076367
114940555
20793117
167752533
30636034
44791798
205892801
176922114
93886160
77561361
225362076
76252305
76080865
11332097
75505822
48337275
117485621
7315795
262223857
74795384
220731029
209000401
104966056
88316039
161070474
9241497
215089720
29380458
63143485
33785765
8856602
76367679
51264841
54957961
1976065
4370827
20586547
14816447
150255430
30255505
174478816
151287423
2973848
62126500
51784025
91239036
26323461
181585722
52137913
17410062
227363160
5468715
125210845
43483858
242756620
182883265
119743076
27936791
265656012
177262676
165158312
172882180
247016203
104308754
35343075
28900083
12620150
52249284
96247059
30047517
25407419
44406902
35654827
16725482
21117264
191877603
299601924
7254793
981596
73798457
139429697
77152197
22594765
251654983
43727551
14705297
37908353
62429080
250894749
298798377
163729138
158253564
46794293
178158537
117133031
166764224
5213107
208799852
17301211
56193553
37262377
50801996
10933146
3322785
143013779
84352693
5716724
198249405
149247432
5283805
74040337
118096099
324630
44236857
26988715
36374834
115052332
91884386
117759165
30446298
1631498
27570437
12274157
24820123
62271284
6493845
184226272
257395122
226262077
85421728
162459954
12877866
90509017
199067642
18622869
345581019
903421
245217269
244372413
144224203
295723075
39363224
30928881
2333983
85085189
22924497
46657052
66005970
3246966
85021380
51806931
86524568
9064197
28629735
201482639
44644375
312189385
56372121
306672665
164540379
16816759
745157
66373953
492513
76033537
128588733
47824192
27607999
102760054
93803335
84174940
210442307
139511850
3186321
8269577
87485205
81229544
30121402
93053951
175715568
4066445
189420702
301540940
322667134
257144654
256339601
16885225
71357413
2067117
46413926
4804317
1803057
67429137
350226362
102305116
237071431
6345021
87725318
1396987
21799886
214808274
173381897
117018391
126587197
205455603
244377959
186094189
27158379
54547179
338834646
228169356
111180955
156559603
131397803
213265619
258290144
122954932
68343143
183883221
145218780
7462101
3020290
28316355
4026408
2656385
9277071
167610983
2394695
186462151
43901582
26639627
135645031
20009285
84985090
18662859
49105547
92160476
36266831
12374494
18837395
69798514
305841419
17501430
12963576
173442521
50471102
153788022
15435163
47556096
86704581
130730988
142508181
32578211
203889032
34128117
34454329
25042227
24460202
160774958
142474762
259799841
214990907
114214489
25628139
40340364
69303024
159946413
185129943
111748204
273171731
92668921
126664981
11041868
15009730
17812530
199541021
151159511
3561416
70990350
12088529
8179471
132317223
21579967
112855539
1682309
156652983
176625053
35838569
112793279
254465463
30282982
113277361
63246389
95005894
162155
140990437
36617105
15214014
134425393
4329062
3863185
240084528
197249904
24087338
101632581
80393840
38858856
6668176
62924397
6364277
53014555
140506340
84516166
105016565
211131786
29973985
255891089
95284964
19337972
38523232
115622005
136976105
2686863
271871312
63591179
76172635
46535815
8403911
168222317
30534906
106415363
130838602
10464685
176668451
106243643
133451075
149078690
10553846
55359292
21015145
137835021
101740521
38739960
219976368
67418963
24740890
103628583
112499106
366531171
136855059
296909183
58863367
16449245
17199713
112668825
27389278
4698219
19193188
372150509
248873696
9360852
174203954
47368154
9330751
95970401
40161020
66097188
44205179
191670504
68261356
69472808
131557210
126562056
71413636
120394898
99195917
26859433
15134931
98800073
12702177
18542773
192973457
267486345
96236856
57191815
322402
112645679
117665711
266336011
66119582
50625691
95412388
183489456
36218230
58446338
6984175
253764013
125766734
185933602
84027379
68811061
152939258
36113744
85312404
69718506
15664479
55921641
32463112
205963939
40262004
85270215
107634992
55513777
80136679
32951071
270009138
293771957
105407095
202663446
91084935
233600640
212530529
187203842
9288782
136162561
50377527
110242920
372150509
182704018
17772219
112982602
57802948
170284149
102693292
128355900
25326696
265673608
16952227
123611555
14470989
28974882
209016139
42440197
214856263
2709080
197954940
67369056
131329678
490225
278599817
63042467
146182752
246784843
129645058
67332957
226537655
104674218
163125449
45793971
94798348
144986960
3689632
65522215
1162081
19295431
139846008
4635898
53205599
171894668
36858769
213752404
104217527
334226500
176955394
52601391
9716232
8856602
10051580
195945621
170830986
55856539
93095757
6052826
180945525
90218756
246900240
40315868
10446006
28689694
31011863
7082882
264612344
73245630
106038079
46412643
55057017
154587729
296551602
18312615
118649559
241617847
86296189
227660519
93703893
12153261
257097342
59866968
10598605
9469814
68478080
2926121
172557664
212114037
39254832
65594778
8373325
8426942
240566025
21658568
