5445629
39547468
192662748
157422867
149253851
85463068
6774217
146721844
159624356
30772150
132875352
74339164
4545377
43701194
57237449
146835508
53920646
4264267
65997163
99910731
40059271
19071296
66729074
125363866
103638837
81822989
50497416
74214116
169375551
45426240
73407242
28044190
45234586
190829234
124221054
91956361
62014768
22156588
18416092
106601833
168587129
253420936
33715641
155067521
141222854
127398074
164275660
151882654
1923578
193993169
185378933
57699454
13385779
5617712
242082771
5786747
157846285
256638565
253780814
58135951
1794599
92244147
24862095
1744404
33876988
3581098
7049087
20121103
218797693
29480574
21578660
3830456
264381278
77554190
77942480
32822126
37619871
10739849
120814861
10921282
126962235
114494554
292439687
116415709
12246956
296455094
60520935
85505775
34792085
61140189
106330093
142474210
15077953
120648171
177797505
83752676
37247048
62983060
83110224
12826474
4763488
143273365
26997595
181724522
92382628
27529094
211747617
138418538
99070838
150869
152038149
109952742
304983053
142428874
6151326
34488777
95988326
3749671
9679967
5037215
2606796
181290097
52870186
4597698
176517702
126134307
97798126
1506536
168735740
20526795
3733242
207120269
318674468
6433420
35946551
122321939
49218488
42741740
28421202
5013651
194994653
19188444
138500735
24118321
26686504
63729263
4878138
35703574
10207418
51973560
231486018
39822008
54515257
290564087
288292216
37712445
1811578
64092238
240681941
40008908
54815633
81257641
55821803
155733213
14079956
20972895
44832102
284706495
51898253
172585054
172741083
24673440
2419798
6770649
67928541
36383877
28853187
915801
316296600
62484041
34211750
3659710
93936398
39837511
28618983
9164039
38854386
18451318
19629283
2016470
17596781
266230280
82836302
3515333
5840654
38190919
935586
275515715
50308388
69099002
247823572
2838833
81610538
30560384
184766390
5586138
40029287
25646688
130775901
25379161
150661015
206017298
67957386
296957086
44782156
165872167
259458334
103945691
35375927
103126969
1776349
305637116
19923852
2667812
74087299
26039570
127989678
6893443
89988020
149026199
10383453
154259633
9684746
5694079
32538230
30645097
29773862
2450758
299939077
129194284
63374558
24881902
15030037
31438297
117968089
8930427
140488256
32264369
80732212
64045565
53354646
269811781
20251046
256243645
45682211
139774197
29670503
119977791
9638994
141475253
57092395
26279778
55932574
126958396
181829969
45471505
29926538
253016995
48900901
63006939
27704452
125942305
32710591
32867567
132190358
15074883
69904537
154234770
54122551
1121734
17306040
13284766
157870736
192227959
48202053
7279580
239057190
187882906
190107070
273136225
124862033
240573066
51528801
187421017
54956132
42886836
51513567
119937791
15935211
24492039
122262770
26196838
306158360
153137821
123746505
23746309
93021441
95028235
5069313
31221915
64062549
201821278
26643309
71576939
92527347
19833537
6519872
289310066
121451311
115114467
11037309
18927531
236148391
126546083
73207513
16456152
54147007
17562893
90838844
203779558
106346423
24930531
25405494
61980786
24401818
10946589
18265482
76705318
137582180
179626336
82521723
336481144
1550841
87155592
2606796
2190863
238027501
882001
15204047
42215378
20952003
271172633
86297458
6164093
32919923
142867229
26971842
4078503
40041744
52487114
25975986
113662271
82701351
32839406
3837955
7135674
150276809
192354857
157657448
116290123
144889262
128769495
66987761
143197907
37581253
11428173
109113573
203446158
106307269
131541273
108994301
71586931
282579465
17408330
17091322
14269103
114485686
1377344
111665395
144452168
30733780
23626808
33892852
185915286
115308976
37237318
42978851
76117006
106011173
15430821
49983858
129771751
2953631
56411229
80184607
60051313
89279551
239089393
86494114
55344068
94635799
17252491
90760474
142188577
87869203
6524390
126847226
69430909
17668254
36401519
16156841
14968451
32116570
11854778
103079740
97168590
77624934
5851250
73232331
139788285
12584540
17943225
190692823
77193397
196304190
11113695
58189456
37855811
46603789
1290407
1381586
58690141
260968725
103380968
59903714
49480467
222384201
4466667
8919336
3398056
33343697
49485747
2390743
10844624
305883812
1870556
314390570
22158454
2542427
3375225
27602996
63119828
29773862
9774458
54029858
161496357
126904326
70202712
149891016
139943606
207274304
75386347
67022069
4829127
59728891
86210422
9709131
13823885
68550882
257138676
34055003
20306378
24281874
133879222
209454689
124216209
230371294
13956109
172771467
19654673
27985305
28406646
15753771
4261299
230956173
2943937
146523931
9825070
143433877
70775607
123893537
85610886
53265915
212717039
261053713
29912560
2575410
26278572
42215378
51502511
215327110
35617649
72875351
41165234
43923026
163017524
53204990
161271473
94053387
53403160
160153716
41064089
74004004
218859053
255906
167686033
255906
103177597
64608330
159665430
261257895
161883565
298633389
186954840
167737222
9946729
161218978
53473780
15708733
41657436
90100381
57245387
117394519
54162581
166745164
19445644
68069567
125142460
50115704
22395371
48697858
28884996
104045925
31186517
36136756
27412390
122079296
202684517
18701581
69171913
7186840
168577453
96770806
41689395
53327887
84448845
4856470
291267414
112778876
121394222
18080216
253649579
50145903
40381935
217974867
72926501
43809429
56411188
28151835
42314306
65806094
210982483
19217230
101918094
32599998
10865561
94654819
62088471
15503506
13558867
54212314
29843809
58833370
25467264
70290092
4042453
37550024
54975741
85757947
264081311
4183250
297188016
41236964
45045125
272090936
155585392
