98796033
382019170
92724970
76917693
188276369
142907264
108551539
255638257
142386192
259890818
310827290
354201925
5594194
185036199
194829236
197371599
266200967
70370583
85316943
339776563
56621260
376864105
385991390
39403658
18341544
9918019
200069216
53483872
72817601
165789400
198028095
37011126
120895966
264069469
115689341
5749346
5952152
11651996
349259050
62662904
423744550
105157580
24637911
188132739
171330794
41454446
55345229
209426269
122576075
254656565
240712343
163095654
62245204
130271725
48870333
28725996
4399205
133954558
244281294
262693901
52902502
17366088
33528970
54758474
138801796
19060231
92586113
282336467
266143400
179697036
7304420
122500495
14657956
235561290
16574717
48330223
77518085
9672206
186130739
215925793
1697916
389558135
4099088
95333642
54170616
4114908
161788149
130071135
225608769
64330385
121915472
33337116
23321925
44235485
41544379
5552391
55562573
83162435
39008813
417382113
193506811
145734
63181201
22925025
200007881
90613624
140912990
332173268
143383748
35315276
66829498
7625233
167804565
287276641
131996504
321154640
184232671
213444128
99047111
343384302
175660561
21089656
192150037
237319919
5955766
6975479
25457029
3984964
26589253
196612
28224782
1532303
262932196
142245156
74686031
92856959
142329714
178796477
25665938
41105135
54487669
389097514
16933371
368630795
417636477
320378683
18620370
196612
36543740
144554997
65153469
69604987
175448828
157697102
25420113
153829380
1134015
78775038
218355550
10384689
57110025
40427397
146895107
375351321
218079435
131229945
439991237
204253620
7422904
40757538
119057444
74791850
197601780
43239826
149191104
48600747
29818601
261904096
1092082
25826794
34123791
14822231
121006028
100049575
298858489
14740582
165279986
72242047
37246279
130590744
239716569
31176558
271539472
255559081
42776768
28568470
46082707
51347755
4506595
89720884
323415878
82853718
6186637
228660337
415837696
148203964
184663317
282626813
119687463
227994578
114476306
121141801
65713814
120744227
67427852
105590487
2664381
56101885
224177366
70725134
28242667
179159746
76851989
49859723
253715353
73011668
72608629
4029421
142045752
428035119
231233249
62789741
37522393
238588114
24914810
183910575
119030442
24389090
86260280
184076172
233867825
27654263
84975228
19029216
20030366
50457342
30213061
175535348
202771374
279687671
201329370
122184377
30392497
289428819
100307801
169534793
246913854
22426391
379113780
142967294
76187882
20056053
16949736
2333369
163083324
53221631
250391641
6914130
52585030
223856287
148485950
79489331
31182750
25259804
63732163
299659291
114494709
216222730
77720952
90059999
103007341
239817803
173524840
38347585
35621069
29099623
1035219
213514162
75809753
130913370
77111498
62393163
401878821
199873134
36189413
66589850
27102419
268114660
78105970
69612373
188034911
124688343
49563974
10188529
322688741
196431019
417977152
66480799
81794089
66895178
63793479
218360246
35125203
19434315
133669291
113982079
125377960
134154475
176465694
65861558
70678380
98292777
25798179
10793656
23480853
185517682
141045528
26412614
28625238
76135782
302696972
316119180
382245570
31533672
7275225
79725703
135875410
985634
56165001
261988539
30362041
298040708
353600183
37414989
180472903
56273756
18149155
61613329
56710615
46913893
279125302
312681774
12195206
224264145
377302451
240246136
10241736
268913343
86473538
185749564
24150540
91660745
2274701
126699014
99406354
211162186
27221310
239523725
99595477
58564489
7727398
29713859
22917691
19214008
229247762
177573131
252549253
71021885
48203913
308495175
59177259
17634491
64068509
387384842
42464363
243727733
370652238
153782591
244072660
24589395
34336772
235607599
42295350
28722147
86495963
513552295
33219526
82963968
120859074
69365916
209465302
12543355
379217855
231815762
437547648
49751133
59089179
337497729
289249114
20707469
161694432
4990963
101338299
435132790
239463856
18283359
183244125
255815094
43200320
7794919
118670753
114312714
52470007
78956427
7272765
328238160
380436685
18305725
122254169
10109076
182330746
130493459
327287772
175633831
46874344
377353844
390904401
199902931
131374673
5484921
8168374
17587473
36309858
399096288
33199599
204747350
89175306
122916626
254748976
66906998
99117748
134186256
35298298
38609685
5734854
307516249
30657215
850488
176566234
147492653
218870163
59938292
283113598
78963495
39830031
129139525
100284655
67694758
152052421
85992378
338708400
28196790
21632126
49295959
83400377
119035550
294096914
92111043
4795851
149883093
32575115
174019491
383724528
147005675
212769067
291330351
78999132
104447012
138977628
257458396
305021541
19111497
248608407
191489632
121159977
171265489
14866318
247913868
12277635
12415685
169331095
411491351
168873605
222044767
142940374
65579008
40714189
90670209
57441044
128729056
257982458
184479847
16704858
299888867
15631910
93287198
2359775
105419962
17975125
147325224
69560259
38215251
985634
282001859
22537550
54854137
28949224
113549183
109255189
85525559
112540410
105935547
15184597
118110974
59907215
356656061
132298323
114608389
32923744
410601508
238798599
347355945
43480086
67673411
320353663
57582508
97336571
68167306
5134131
16495655
74315274
97070127
25623173
910218
25938960
183648244
185938125
28522727
392688153
97802510
29173088
164365845
213877666
45506194
86371341
155917611
28444195
76569297
225682705
390375764
269945430
383885553
182495022
122198057
120177480
110794922
324277038
50900434
134020443
14248753
41439215
