3241730
115009026
31577388
12009288
395983254
36768256
39228247
306758234
71872203
19502310
100012718
39828689
42063211
282433806
60629337
4688584
88601825
288484891
48096657
75593453
21966672
1370181
210254552
111786525
32532516
9679414
72385313
198645254
1530277
92283715
19491575
208567525
14561584
364632115
172666179
42782684
3868383
23694672
113562461
109486170
319159055
43017393
100385487
32333724
217949631
2843344
49054394
126419735
23314069
95913326
18241129
103153355
102450826
1407456
67697392
244062315
41663971
16659314
5633653
87628040
288288985
45922428
11045348
166990194
91009615
219496896
30417026
37865116
21819724
177104587
237690435
290257531
115961337
21192992
11996549
14077362
38181962
43002007
100681318
351362065
1569912
118855657
245156192
62254469
120992642
45828855
361624254
18057956
147234455
202897575
190386519
86687797
105791378
125660247
100184075
24955179
18633611
61575874
195139769
247852438
76954802
3143360
103175051
11624373
112796320
309270037
65008462
184770463
56712182
99526345
160663775
44339442
128927440
47994113
6364930
122110903
32714898
177319535
60199048
105647256
229516335
11671231
124935235
90901669
50461187
128798526
111871647
169870109
79346932
98601556
150844225
205240190
44021557
181932635
132632752
20065031
57811584
191348613
66494261
286925463
60362598
112090324
239668934
25839609
176407880
14269632
403264392
183869233
3775739
3610130
112179721
22004678
75383077
85024783
4283610
277139869
37814845
72963210
164144213
3776114
190904272
4633873
22108274
28166508
65307540
159144435
145488572
62168764
183079563
2335896
36364182
35934790
68475175
137353338
85044241
125975373
30995652
33986595
75227942
13684960
259142253
187823275
286870993
74968651
77263497
5074048
8290182
169618080
185093958
24405922
86257846
8049600
25664173
255075927
146300169
23648951
20699098
389545
70572261
12757320
10670956
4506797
132822399
117057299
228447104
42182429
215888252
2843344
9399085
26242177
162761960
47523148
238674535
7150665
139318565
217382902
1208091
88355288
91346117
19386515
32110880
41307756
8305393
2445898
45706286
71672678
89818305
102275160
140167097
213506020
69524465
216507519
138790894
33757747
195582017
57909009
259414629
25555442
360517913
353156267
108963853
243639109
49792528
84853952
52065988
109964138
109211512
68841582
99247337
133670970
95911132
83398936
161233520
957125
137069643
168270170
153345207
4612667
94704614
150808786
61442885
22972305
311230338
103874740
40916467
1122616
24687826
87695300
20471035
162824044
291993512
143254118
43061319
148371719
46354995
203377873
84564705
18769303
174246548
48518794
85673958
45574467
111151042
167266863
3515914
166685608
7138733
203677654
287444085
70073618
19035666
303117001
35632861
63980206
113190931
194843026
73255063
50645283
147854026
150621449
10853088
130176173
14006184
76943454
316752074
130291576
13524086
208431952
140788204
190351164
23313487
228820655
19002199
305883118
19644491
61809661
119169319
136345422
63576552
13314309
158735978
176827160
168305238
218382117
5101753
172090044
252614492
10051033
218189027
269623103
34078466
45218766
37690352
29029185
80144758
10703017
13536302
32044169
79228748
291806969
46569292
52459127
156071941
196091429
41582516
48650758
5969947
22405003
79368833
1097973
33673576
54444052
72968030
165613151
10090321
122529804
7485051
198765460
34779987
24924455
213688021
7652775
266767969
139318296
139128496
224972960
362292411
233752721
27317992
170828962
245664219
188177479
58062700
32906617
41510720
22168268
208892116
61729827
139060794
9143676
125402258
44698655
29976835
30409403
20620365
9315028
315101029
175131077
211039324
139482647
58723588
5812913
159263358
103488760
92471413
1496210
4672443
187247665
256246550
36209009
342222012
77082905
28403805
57387993
63130073
114497026
63322086
32026597
283785928
154110008
70397516
39775268
65478312
62391186
98591427
60366401
3732517
51622436
20607284
163105437
110962463
297919704
2886783
109802467
11286677
57114758
32355138
2099929
51457117
26632030
4453573
168769872
139884464
137351133
58822023
81697366
122103794
150806792
97470993
95632328
34738085
239905104
101318133
9455649
26983726
325108098
170393899
54834670
12771778
120572293
10851974
260623240
65237168
11524975
8847645
45991128
62440597
226755259
30838419
39701472
177537642
190397101
181567915
242253507
42358694
96403826
7046621
111319022
121427334
40827701
6731643
82188998
5062138
30152210
100048674
131010322
2306853
104985690
50375077
37085509
126578421
60246894
182329995
63725839
72405512
158110900
106749928
111059647
16425567
9356077
222083580
15667170
119840813
83670816
82351923
101068894
43309445
158769775
137934575
668962
23762960
90923598
14529242
8342391
306535949
85373718
1888000
577551
76115462
120780831
261747027
117059746
65846008
80437528
45252901
112978605
214270348
255215682
252816275
75939217
247182656
243509195
555529
35198236
14423257
189558089
123975179
47862813
265558891
284729677
44026756
34567411
91895949
115326094
12589938
7338802
24310747
149374308
182554557
73751137
186187597
377675080
42717692
42792077
77672495
1248398
44918750
16197877
41173978
19252598
136129616
11340672
253533439
102504087
248593666
75997455
120436263
191658611
28047963
52331912
33912813
63778395
54585702
30814077
43986153
111042991
189833379
56091250
39077231
119530225
10068744
7414412
123916233
26224973
67567971
98312503
298958374
63008276
155733267
178904317
136609442
184024520
140388848
14475369
27037429
120563128
143200346
301098806
117961152
100827672
112017715
101831363
58485141
24678999
108044219
286725414
126167823
220554338
72804883
39062622
24206319
30853974
92006245
26524976
188400880
1224038
25625294
50283144
52803141
41470987
185620026
22790280
245064797
71669286
25738752
125805808
285854630
9014504
163313089
225924756
172540508
183231811
939568
67411792
303213791
4747962
234569318
2628150
53022084
4866590
28361458
23814082
85032480
38293559
4518059
293065638
9940512
14147280
93856013
5648446
230766375
16492346
9356077
27836556
107926529
239750883
151319681
68993157
268928479
31418132
34314122
115753062
74145051
332111062
192502731
85954561
142621123
56951103
78808567
40088774
72066011
26201384
118936226
150417450
13859923
26139039
122672001
24980621
68886270
188188011
34924416
155386797
214909287
191302717
64421997
249924620
28052701
99144053
79287903
180269359
5456780
193548392
8688951
22990814
112696785
1826798
156257843
196740132
52886251
56668380
3373531
229536085
158233675
23254990
13016188
71978896
49109474
157011923
244182616
73639967
35665773
95827820
28492136
589068
69950511
116114460
199291851
40395535
156162749
118325144
103973434
16998907
84869334
39581440
68446329
234506955
4291438
199452938
54951797
231707595
195498208
99183817
326073251
52563045
24670270
151927038
203722154
284581952
55880687
6294259
154011359
134272541
270068766
8638606
287295100
48052016
217489350
26497007
63999127
52925562
135170593
131161250
299051119
17314012
98396350
80073600
177647107
16638658
94816771
72266193
137045252
75063038
38786118
258515829
18375795
858537
6781797
99679765
47161192
320492937
137310255
234513792
124851065
254938378
10878383
8557862
96454725
10782727
119549260
331217818
223122225
8224614
117901486
229394658
9048707
96526109
20351134
9091793
254899662
218537469
198095921
88251626
2820245
63656044
118202099
38494147
161805883
72615330
154221388
175238461
125691065
4625297
192222125
736552
8905454
51781761
13531326
353999481
133179543
275745279
2541650
320992528
