150372493
293710041
132317994
36933198
151621168
231218891
188909839
367399962
179782199
37965652
143020508
238892066
37905073
42910191
85394186
201318095
6983352
21841850
41696998
58033558
40783613
73823277
4352975
332437761
10798549
30666800
72269365
25289106
180156011
101544073
175770605
111046693
105255607
72484990
26910022
24100518
84915925
15682471
40021665
134738841
115928867
72055627
350342403
7795180
252613747
206682240
135284151
95908126
40785281
163227167
101743654
230530818
169889634
2311251
130567693
94298594
116434614
73739914
82204863
133064340
114220894
87761761
2818452
366908881
22839325
352547526
47575037
270398075
88607866
21560258
254358897
20981430
33783333
73273096
71315449
15390920
449534446
165508788
228451394
96195956
202037558
105153897
128212026
63266831
109803269
227158535
84765255
106829714
5828195
2613484
129578161
369642799
96886850
94020668
22041744
172408021
92477907
328324614
173062923
41841886
19556508
50525035
258525220
132919481
55985136
276869281
78732847
91369097
7571935
202691470
382427077
372251121
38316569
43470554
350443461
392858380
5477638
342975584
236943454
39047591
120849589
33512831
57447664
109720276
9090982
84510785
46980737
238233318
27628842
241611922
74371156
7882335
84803700
159516663
55391648
54832820
209843584
144890720
246466522
38289905
15923471
131874350
9209630
190174864
111241419
193453159
149889667
174334690
10295307
73721080
149220837
1057328
192487369
44713149
164160802
204295573
151155097
21353016
4255798
60164348
182939298
138126017
71940305
232347937
79008317
96028959
77115765
20238472
188002718
124857662
255183342
217334701
7648175
121197976
71950178
253594946
187632455
61674368
256168797
33541726
106231686
39021022
17520410
15234011
139435424
20043772
96267691
206067321
61023760
177181096
291460177
54148146
342890116
234299551
134901241
39341474
64682358
68759000
40083490
403264767
236337705
288034373
17096287
235240457
234655873
379867700
182483600
63654542
143975544
113251199
4171512
313636560
25130138
371635962
336036371
27264148
17108264
181206712
209580851
242668724
191660664
296500562
216805624
263996910
96850584
16146608
24123346
194022923
115345686
412902539
23981406
152511180
442478949
68987319
59839375
42310801
27623947
9350526
97080071
7165596
300926882
980601
26438403
293817729
73609960
89618981
272720995
199200668
41835776
286871740
115342025
260249853
170636991
6636003
176182403
10572751
83526240
307082683
283434090
43903936
53019198
294704688
34699666
168559707
7282434
408192902
95448244
129649706
38591928
161962962
136659320
135182382
23742320
7610136
212438356
51986165
326120125
188302497
51298892
34180579
99068215
8672364
14619712
117216362
236137309
158833920
223983246
227710536
3946546
249668260
213807630
37629254
11028296
352486332
119257295
86193571
15902544
128849050
50246636
299082295
94714224
18307454
1344376
6869897
343038373
38946115
70616140
91429409
16780009
199727214
15660603
121308361
258749518
118228850
232007983
240849735
63430601
47537471
150590954
185274730
66783216
45940224
73011734
107098354
33935779
219947431
18687443
61302726
26882806
35262807
6011742
64909521
107961611
28233452
38821911
5499934
96690000
62388482
1669461
91854283
66246546
167712864
5663265
234444460
142170259
13041877
69138625
17104549
98141728
1669461
21397439
105112178
117437629
475304349
7587260
127041917
168526145
88881977
180467691
192752856
62271448
1926420
22288557
32250092
74019289
44111937
263662115
57054862
407891383
108538769
33418724
227932817
69192735
60579383
115367783
14365531
120001130
276862756
231489633
165527732
281473664
43239039
59452468
203489202
166582316
49276955
161311470
128136721
35295878
109349501
9178372
100407454
62578711
95883435
199256260
70703476
265841278
319336323
36723130
126721881
118715782
12026177
78596595
363349232
21821691
176135461
422198832
272590838
35617512
33974241
165898077
299532963
185887239
249620358
126960453
209299805
23436141
321733860
23497331
210400902
129241149
264938616
1116979
136496591
223468265
75601342
321975539
80972672
14089029
32467474
103899145
91685357
13884542
188893495
8704406
260330840
128706695
59431038
75445776
80446221
195402240
57134444
199494254
50431925
28910173
271799602
198247056
28065122
164708857
46887710
15923471
12684292
946284
98930165
31216413
242641787
123651792
192145887
145521186
390623854
55090056
47895228
201857671
53884406
172312787
23104455
145067560
295589045
12572844
33118212
190741477
409734022
297468023
54681904
17143000
82293837
444380810
266004241
140357613
105571079
14949876
179087273
226545758
131551219
56409209
11487591
170679920
13331091
136929019
109491275
238367344
84332429
155540717
53937894
360287633
19130240
275744076
88685501
100161692
16109968
408297795
260417200
136233995
33959245
318616634
85000693
7122540
165803442
66480603
368944299
192039120
117555691
173946452
148530573
72646760
337164197
24428684
95875483
23565801
16014719
251890705
10019843
51552955
23280751
11723407
65274301
24440446
8541153
109328177
307749329
330888771
36817292
1872436
120547623
48371198
158039470
1219219
402601599
70814984
107360841
118650187
13087473
10595540
81160975
286362980
4774806
26839347
47354949
348533574
35499963
50465298
4125856
29044976
208386430
155094320
220230400
190707578
4657330
18683086
8769075
132151620
133369958
24981658
247692857
308162578
62547744
120362985
42260886
219876627
12482527
116609822
50843938
29701595
11258210
113021856
209498178
96634740
206581559
108208043
338602757
337287596
273865771
1797588
326348910
72196159
185019440
38778660
309224505
272096137
3011255
67385240
63502807
131524673
36228068
16988851
782164
138935276
369442329
32577828
16137027
59311703
140665271
19803723
163186630
259107447
1786949
48129032
63934420
224970488
119731149
155089912
123178307
59722023
193894486
59725026
150668659
217205910
17132450
49715679
152731669
115319546
267304936
203960156
103088014
91143090
260673247
20395999
