53613775
147698305
97959884
13270545
26275672
55042418
10561339
50661112
99450283
57887802
7273814
54624966
13183011
10359049
37303838
10166025
38195157
215937442
259524283
63988281
18760704
285590058
1428914
216932599
24857173
60821348
9045715
1644852
46519494
167251859
179284178
77606963
38183022
28753188
67957052
93342153
2738540
94601307
16205177
107006254
229072333
169899574
48472045
211300045
40814814
68080807
16021581
191282092
128589490
150909832
289839837
213905886
8465106
46929922
11013840
22723683
57974497
123806952
10826897
104537550
101753742
7393138
60973629
104647577
62089786
79077973
10884774
29962071
29688511
37948595
173422363
113441295
63867672
68326897
39902277
10340232
650025
83605816
8459257
67642724
44515670
145460738
120328257
98649606
14928835
110276457
86539627
264373058
2033510
110320840
176509011
10291093
84230423
30655382
3960063
69620220
2650453
128850216
66677502
24857173
6293479
200850349
64481565
27549299
72313947
56177644
3237430
22858482
111071892
65158476
72857311
160666123
38594816
46088114
1107287
10826897
14595871
134096080
173038250
5911648
56159195
62846351
169568012
103853704
24582930
115608468
27029863
47499205
124755859
39344294
96103075
7992716
35407746
3141281
64828577
186441239
125227383
91738687
2618849
250973873
91851021
145914385
70098595
102707272
161246792
3237430
1470520
31952885
170084990
170394213
23276282
89578243
1664350
78009149
5574075
19632022
107830569
65234551
46243972
61982120
787833
12454683
96674058
68078525
168491663
81054557
1250062
215284898
184946591
42520115
54183611
64610545
69446000
186384956
11012383
1096057
165823119
228002187
15509843
147024725
42232013
12069544
24876660
41940888
49926366
72991975
105286211
42585488
148503615
41542268
229065003
144932968
114520402
93264124
108927982
81323020
118233618
92480063
248579988
273036184
69788078
4485020
183546718
83530294
23297052
12060078
131173160
8933477
148661373
11256183
16699482
2884528
159703935
68361092
87968212
106816843
33053762
91842947
84701934
190522156
212025267
21818108
63706110
157456205
88063127
256391606
90789321
20969294
168691104
58816301
18238526
4092732
47517230
89255922
31840810
95933324
24280035
84282560
250985739
130560875
26025787
18809076
26559952
21276865
84210665
191345367
6046423
118365220
20821237
145446763
30455190
175517841
148569113
54932660
1532626
94300923
6638530
96513687
110340079
77532128
12200909
4199899
26049596
158849662
78813898
70996475
184770858
2338928
207126484
47084041
74619049
17706475
25574120
41115424
206621772
1600812
83114277
144661412
21394615
10280146
159873481
9552093
83425470
11810464
61067700
57783491
6430799
27708056
245764068
28641170
107189425
6660531
8160657
34630022
39764521
115427295
228122914
71207030
183165476
13575189
30397299
24661925
10348849
61041029
2407765
2738540
105896787
31453542
39843032
122915066
191105754
37606144
118961575
192476947
85231379
56827636
17158247
257877812
181071885
39011596
124106524
8856168
177810428
121144007
140144804
273142692
12203590
5854486
3309206
192348736
108495827
108414889
31162536
10109362
31786162
137888026
13960186
67767277
42963785
104950511
63543754
24647707
75360769
77083616
33747424
81456884
64564598
46019179
6742646
133084100
68802029
290359809
19615313
173379628
69168134
4371708
10476875
137667797
60768223
3389896
21295394
114306890
1062039
100121530
14540834
8195554
72180393
84966686
117645501
31129758
16636551
2698041
168934143
110570798
195181843
104023616
76675148
184178877
96345542
212232906
231760814
7220744
57803249
105015135
27778042
89624570
19239942
18169177
22428355
37103051
68372313
71952362
247149980
6083881
486810
26843458
59891853
6335069
1352523
137020065
59175847
49987334
120222399
173346635
26256809
283070917
59353697
43614401
109165393
7610709
111190200
77840462
45564908
51473171
19623356
209738472
100448877
37302932
17254906
57000795
45515408
235880168
6474812
95304039
54939068
10929044
256313876
30914040
62066616
65563622
28884303
40928628
45260607
242418896
231260606
175996414
100760549
20987240
75745442
37514127
17687626
12054182
22015900
42302930
12999713
5113023
45161997
7333537
38172104
228551815
89333354
30015009
918940
998234
81819515
3841695
13102918
27542251
1893176
27740178
178985932
42700890
35110785
105938930
52948920
27661606
23430310
2795359
41764793
93499430
57847664
115414625
12485830
145077675
8594468
157076446
57420960
57241474
29773557
20053434
169556752
3664751
16402328
72324675
137189089
103841764
101389642
114501554
63810119
23450705
64976653
123326515
29951356
17409562
27176427
46486177
108961720
27040358
109017604
471253
256880507
136469453
96588890
77276796
23495802
12225247
169059232
2556968
15827373
39288687
78764280
171943735
1609306
181157272
24819729
71316761
75192023
201693840
142689429
136904710
27484624
4720645
162329603
22901906
201834837
57596360
152800101
178729042
4973758
10561339
104809205
109116347
100268749
13413211
250636996
14865763
53367389
105596558
109639537
102676842
89154347
107210302
255939959
1491745
4918001
88617186
172271191
4029836
138066483
16302189
4863090
26489637
12150711
81187002
16900064
58873487
70960315
140996451
488995
300071951
11151979
35512678
30976741
86273983
1224539
14208830
32081028
112755851
110003507
161712654
128068198
134493264
87221645
126401431
35050048
40587427
13874531
50041853
42220400
194298895
176450478
101051327
98222122
50884350
33572324
140140312
5842078
147461724
16275000
136860323
1146954
206200606
105708004
22685823
81498303
69587617
54215941
157892455
104246
50301277
72753215
40914539
33207211
43778035
61476962
78865409
306531657
175820139
96448493
103303828
107123441
11386140
94743664
160132389
30642024
32980182
37109944
96115149
63650311
40683884
247366383
24404649
84390319
102074550
106835733
63948423
47648802
1648905
36593615
35563146
76172498
132549708
48788060
131723031
213856043
19924004
68799733
21410644
246862828
163534051
129886936
4605590
79783879
173719007
110299584
193613205
129873860
128002747
246424595
86602053
152721228
161745075
171385135
91305988
50849970
53227636
2901750
68692028
5197073
268914955
29554341
96294061
12645752
99476124
110021544
17477593
16019678
90690646
88244002
130526193
7131363
38846644
11042203
79158160
59807694
110529410
20536493
19281901
81142103
11235535
169704512
2242438
29709148
7301704
61357742
134480231
71348523
87058994
2607540
96477776
50720961
74356900
15399117
971243
168200969
33198002
5234786
208628153
49202442
85047479
205934012
42442045
20492684
115828388
3713429
58319123
95357976
129337099
9971502
79248994
73105776
112990456
15454427
10032934
