80954450
75061102
63626955
20041537
20107647
11631754
25965254
108019666
30253337
10887157
152166147
104642030
18611422
49132619
93508949
21469993
172197792
4030254
4047779
43996133
7364264
33094522
20512029
123347233
188922832
19440464
53743495
200009747
76424692
144442767
149360737
80830244
28354185
173444752
86767288
13609646
23671793
34787424
108413503
128637471
1874240
125652926
104504123
3103142
37841268
101816589
57109729
2920710
12564669
1577523
182824570
96864620
128340849
2498904
101250643
71298472
174926915
29449413
34242507
49116354
4146107
73580745
86270107
187155795
19646733
42376237
13298110
34533832
179334467
65246037
19181207
24451200
73267596
80968554
115213497
13052056
9953305
21897230
95679173
31713827
105957459
72986779
33724974
45468743
213339496
5598325
9706700
169672622
267680311
82586110
53702885
11667520
51105212
30403849
29088501
154144918
100913681
79489132
137212032
36952725
33990085
7345442
27829633
18062299
28597643
146978353
2307057
218672156
279307728
139270528
3031625
11911261
59279343
170850621
122435675
27470322
114228720
7549906
41955510
116780000
47422120
205027924
19191444
31751745
216067604
158005177
20170026
17358382
6772235
121122098
5542261
15568307
13649044
2524769
33587745
3721688
157030119
13459977
84067717
81507153
93533550
7226808
42642839
65286602
1977892
55292136
21926238
124158849
176861411
140234894
27995691
101891716
142457338
133713936
207505374
241704078
32812534
85109603
118915507
7256883
15972785
102225077
88666830
10595911
246309182
49448138
49457987
165501639
38228920
3002192
76924670
229523963
14497736
191801699
113197639
98428057
24903042
179779863
5989513
207110155
24294094
214693662
120302268
20657342
137404575
53075869
95084794
73709242
120877000
84309313
4567844
23754907
55449761
57666212
102592101
156142717
51970139
3271054
76659207
71769523
66570206
99602270
22109590
119202186
10560875
89526844
40310597
14139923
142968295
191190854
33026425
164730578
42808855
93075265
172131410
89616013
51105986
76510349
146624616
179133064
116944309
79813312
3721688
50341020
165281688
16577923
51883818
21511076
153660860
20521442
136448415
204935678
44005731
82109279
113612176
227870046
155677657
238927443
195654819
206925725
778538
47143654
12361412
221721420
17062403
57558031
84203548
163329932
32963963
191154794
5581500
20137809
11631754
212165153
61408936
38801397
74509552
163983662
4017418
158039750
68942856
20504222
8411794
129193585
207112460
69889090
136468290
8395491
8757751
26178699
10690071
84995209
2959938
174799642
71157907
49012224
103007360
83508742
100424550
96451227
73569841
243619932
28093451
204387516
107601901
109544825
10120814
132489666
81028796
64581582
123600369
38548118
106979188
42803344
73428455
54972044
14844602
78412751
112386718
2485449
8108340
114452093
94158988
195733367
101209628
185529672
73299065
135757213
73282907
185598613
110089050
151517688
44752391
3820735
115302866
97195646
26624401
278960311
155589733
9961550
855778
31566414
123747
2991698
52324204
15289957
198209903
38104684
3633300
48477863
21575482
6070127
163646146
122559909
5479858
272222055
5862709
34818046
27364990
37731412
91652887
17740430
83602978
67371862
72133502
98698957
30615911
48671318
17185030
202499633
32937626
247949900
7036349
273877357
2708864
100403413
212877554
3187268
998888
11856290
83885561
156998369
230837810
157627362
79772318
204620220
5605097
41747181
168324421
23810147
188515947
104319510
213153920
97610842
820978
41380925
264688621
31880987
45344122
20079357
16074389
184923508
8427995
78539453
21378009
127639033
39362272
242638857
40509381
110016852
93243479
9399308
192592984
67367469
26560506
142761920
14198110
1935648
51614419
38712634
38704074
37289502
207949079
8377040
43073654
7841058
102598468
44289392
150308503
14433987
18948458
74944847
104094498
171568700
15901965
32727630
13273565
16257635
99699458
34996177
145858514
128324631
60284996
3334396
8488350
44079608
1070879
89278683
85304522
12938897
138235297
8451483
22472026
10955638
81469171
88354739
51871496
180305016
32298421
12760107
2394936
163124748
40976109
100759373
24494072
954083
54717749
59032891
25470037
28914840
34760215
12443409
41774289
89201002
168051928
101578729
109196577
6770929
150680266
13496641
40617568
74214172
123478757
193655156
70321995
40179681
211200193
109169562
69420553
39182367
33736223
41870417
82904978
8756737
46997300
55142186
129104007
14978405
135994148
77423132
84791317
12361412
128328436
6105691
96771402
44482121
6511390
96362737
24972397
138875522
5503771
155314528
35134697
105905699
40366915
108560796
40003007
42358639
68589498
179900482
112947867
38768867
27463665
22878844
14791210
116432457
66868117
55062783
93399645
24556403
15379661
92236490
15375722
9175515
130626559
214131698
59219381
50558829
81510638
5085628
19338640
1210870
105905152
166164008
141938669
20161119
14645748
116345516
73353528
8208191
145996846
280282060
103672897
154157929
23747116
136944009
73534479
55380584
45454068
9983784
31353403
13372258
127823082
138518130
3141457
9344650
62894730
11934214
193650665
259875350
118830862
220826540
40156600
37683745
39785153
214647446
46116564
34394460
40201638
5164160
216150326
9998480
94786840
22005588
210721846
59261075
42559294
31954615
38615147
130138354
19447144
30941941
26741204
66683727
184526440
122435675
61060970
153591281
35279791
50454990
208025584
12930509
25743046
71550420
114949397
10687069
35411459
18401337
33423635
16447002
1413583
20721867
127254632
4400154
107974171
26354594
33297821
140799509
84731100
143936864
76864898
11029826
117272511
224902961
48106549
10567906
135991073
175297920
3509553
62209129
85040107
31315001
106108396
113596521
2919575
52075005
234811619
246828471
29388667
140479636
18019268
125477924
61606818
44153419
9370392
16390416
9196633
53125028
11911261
108198772
170142414
44945563
123849326
65932155
22101516
141730644
41275700
23770417
31040824
85031582
29789392
104552959
165976449
16487952
74197575
8712179
113388850
5489389
26684912
96890046
143277071
64553130
7346217
40982024
7933475
5955434
34245277
115468623
105123571
35485164
40175011
131343820
169127287
217821640
28982196
69695954
26716570
25004301
5260838
551962
172452809
5721946
67872959
46090440
180703142
58526939
34516827
89051583
77747436
4012609
85097930
19430570
26593396
135616907
13027663
58340163
14027216
27313889
4494081
235491741
84662934
47632156
76167183
134560877
226605885
21810657
45962776
164641861
1190089
66614367
66298784
97504381
5146751
67310207
66946530
10026899
34177360
31716783
7755881
102337808
3036507
2919575
112618988
42805333
136046894
7209091
114483080
162005430
44079021
85283535
2932236
79872562
43206557
14955159
28136671
128057329
183736826
19899554
3426783
8205558
109812544
11685607
89746860
583969
46943596
103970095
106924008
236924070
81892386
228536773
43151306
1879864
211263528
89341383
8387845
51423434
86989470
241123
9787656
25070635
24043879
13501648
171729923
128356352
44761994
56183826
141657281
16998688
11260923
99871182
20445217
13056207
214296391
113303468
14404258
78435822
112377689
10388256
54006797
133534572
149458348
68647460
119493444
7776981
8212048
296511311
3486752
5125190
36686018
66562719
195396099
146387657
831242
167870664
38172204
89740025
58540257
3872928
82708354
154470082
44469121
31329692
54650691
7153442
35409280
25507022
33516616
16914997
172020442
75793455
36740767
44573639
60855432
97292245
35524508
162093483
5400292
178115264
198209903
58179141
151559540
87481700
21171206
62297356
103970525
79026332
2198926
16580730
44055457
16045361
73374723
140036
58261767
232032271
12469705
144475940
37387402
100988051
11218522
138867605
49577840
166972337
179186974
48599896
260350891
39035208
24483915
56247566
140795267
47779480
84495574
21177790
191226057
242266972
199136786
65763998
39871496
142202859
171785860
24757661
57766603
88376583
38529748
22816410
88642807
1577523
8498169
148752318
134709189
7228684
20955487
34182837
45164562
21051022
81145688
5084974
68099550
86165781
2548304
75837489
144250946
190882470
3191354
19296514
10488708
20606999
4819240
157145742
39663023
70899642
40548306
47949789
13775662
26790716
125530265
25957206
7515814
35980651
1101326
117564593
77033107
200440929
89918097
35917366
8749813
50322725
11698425
5355668
11372138
27956988
271381441
5296380
76932667
87193115
80922122
156546293
71044683
59349837
121355769
86348596
53426253
6181827
146589101
98917901
170553843
82985734
49596468
53011316
70508584
21472123
3382772
13713047
43540574
39833008
117834809
11924982
50673583
18101016
119131644
68522485
43374788
39446637
33572640
176958494
62262613
136074632
48744808
72359831
52576305
22503163
37659946
39655188
193330818
131677140
32406858
124171496
