8849
38059
33903
7774
1118
1092
48107
104461
19571
100815
119242
8952
46533
248633
184498
33651
9005
231731
200032
212575
213981
59332
67165
168586
31909
29154
10381
40033
177254
11411
44473
31760
262024
282229
27812
492
218282
48509
121998
39666
8367
207287
36615
91784
218079
55631
191769
27721
52109
209856
12159
546
13414
43126
14471
2544
144001
184831
194418
110810
106125
15271
235236
106681
83230
208522
12923
12537
34758
47193
70514
233487
244679
141124
39144
108164
2093
19222
114304
46720
145329
103063
16639
5975
41579
58191
7376
8803
128392
105930
14900
39036
39961
5610
173179
11150
1248
60746
50612
34631
35341
300
159227
5414
86370
26686
70220
138405
46144
61404
137126
10916
243889
28950
35564
125547
11431
230841
34426
172115
10308
93127
1973
120904
133911
94073
13845
133852
217876
45871
173051
308253
26587
39216
182057
190066
75354
58970
38567
6790
20338
192859
113234
174953
195895
4943
179627
24207
91304
11265
162778
42365
15366
67173
165288
13108
87639
21316
37956
123785
244
81503
75371
137712
78224
72865
281146
12724
82520
57809
672
136376
37526
78243
27452
70751
177905
71584
172978
14192
194881
211576
21813
37150
55451
57644
170177
13342
218100
3479
171705
117190
9465
15917
4021
106986
199323
14132
2534
5193
164613
15027
221873
79462
250120
174233
135679
8804
28342
194875
3275
15251
131147
54654
140075
238216
7890
11854
123530
73895
53826
68346
35711
4974
2178
18907
7812
73819
2490
196649
48770
96830
36575
47306
88748
218067
233
264354
107060
29156
32669
2058
120214
157147
77965
85476
110430
135739
21288
108538
221305
75956
5666
4143
2631
32140
81112
1074
4970
3377
90605
14566
2468
243073
174933
61934
130879
100762
40492
286172
56041
8941
33177
21387
18715
13946
65505
190750
68181
60356
105497
227727
8756
18074
60203
81697
175435
20504
33889
73677
30663
11231
111301
78329
249670
2838
1505
23123
121524
906
5014
57573
4894
158250
104114
132218
108596
61896
78609
222722
145026
47222
255955
28288
18002
210585
38073
29408
152739
21509
133180
1085
21465
152287
101549
29883
28494
20838
24429
107112
103022
208408
40594
47048
4349
153647
8589
186592
26833
87791
69717
31807
9844
3596
27140
28356
78633
1642
99038
27011
5354
35707
119250
19770
173163
114531
146524
94643
198743
24372
15945
305
22240
15004
303173
81405
199662
15827
60918
56399
19232
88053
27783
51190
100804
10751
5940
53165
29596
19447
23852
42385
144590
27103
241296
31113
104990
5679
8955
62612
173661
22041
9109
231416
28108
113966
99270
36505
4560
84160
59583
51834
200106
15120
22
332416
75391
42816
44649
124158
218729
47330
90551
78237
29875
76910
238266
153858
155063
89885
120638
38116
47390
41378
185152
38782
229714
129510
49715
81536
159605
10023
296261
75450
140682
111916
36469
33675
21519
221967
86739
142470
193337
68944
60238
232109
176795
206227
71480
16222
67250
73179
30784
33959
171547
152506
176002
109449
39655
18312
239317
72676
278920
6379
136649
22465
237335
152894
195954
5165
14204
62920
16979
203850
50261
268309
26363
12401
64021
297396
15668
108031
49904
129194
128027
24121
54571
199016
7413
43087
38821
74960
67187
42217
114310
9127
1058
57010
550
63235
12454
144673
9655
14143
145223
94947
138485
75562
778
9529
28167
26144
5779
51947
1751
285745
139323
89274
36032
156686
53676
78520
34954
58805
36743
201886
1098
188488
36031
4502
116429
107202
36630
132133
212335
113307
7293
38760
196471
56989
138425
74426
74696
47284
103893
6440
57470
57189
16560
8364
11966
100910
16959
16331
86831
16275
107053
128618
28049
138615
198960
215073
182877
10785
68949
151555
190990
166956
67314
92055
141992
10948
59180
34007
17133
176259
170484
43144
7790
76099
165151
161710
61671
1896
8960
181199
26274
6477
25498
19978
57299
41885
12330
96132
3366
13774
103980
15922
203414
39424
49247
25886
29871
161247
150963
3108
90764
38483
25650
15227
102550
4113
23976
50775
301591
3810
73506
676
75974
31023
5941
49001
53001
60522
264440
89237
11622
1351
41539
94723
46275
13627
211044
207220
79973
70084
206103
3726
18140
305541
20935
58313
1176
170048
165075
16959
7636
112194
33199
29869
114098
92055
66268
575
75783
4907
286595
96419
74372
61271
183544
114721
184551
7269
63627
35931
238810
567
189026
140697
239943
297615
4192
92452
26702
126817
2873
63508
137538
46762
137504
37775
56424
91809
70730
20257
70675
92496
24390
12569
97233
92885
274837
73477
764
212091
43662
47009
21951
24760
47055
45826
280054
247799
274747
147025
67776
196793
28833
65020
128751
31905
268315
50121
160944
86088
88966
10419
84352
231632
90878
213526
6139
30129
56863
16981
50988
22473
33249
58559
248612
141349
53881
3082
278998
239725
154200
75525
39071
3482
151323
68618
169873
39191
94506
124056
13725
194413
68295
34438
28983
166850
19308
33467
28394
67836
3371
15273
140319
101333
203501
36567
17310
75654
143469
88635
3914
23296
79301
167115
16288
65287
109352
27980
109815
25625
280925
48221
222332
158963
5184
140142
70736
110952
72886
4781
25379
63318
175539
122716
19106
169123
45764
151355
3311
226293
7672
193099
122752
18444
39871
34266
41913
43166
31404
82912
53501
104353
142483
219244
14083
56062
49726
162608
137349
74369
19396
60321
93953
73084
188668
15113
199397
22102
109518
80685
64969
7643
86167
122304
190044
71900
192044
76764
39995
4025
104333
61877
156196
1029
19004
188221
259911
250326
47616
61947
113991
57484
171744
54689
38893
39437
71201
207544
116441
22241
74199
51372
1533
196193
28058
119440
67957
144978
39614
21687
47833
47710
237877
67188
104656
76985
49322
32306
79459
62225
168011
87691
2768
134883
104
289704
154591
25520
108641
93100
137222
36616
53768
171291
50356
87382
84578
6271
94317
56232
1847
146788
59618
35435
66680
91383
47817
110806
31362
3736
125862
43927
14926
74133
9895
36003
147711
3592
5341
284
88377
161130
28968
23515
8509
14875
59741
17417
131987
102803
18845
63175
108472
282245
47388
134897
66740
58827
48007
6636
15608
43549
106911
1394
1999
197283
124176
190036
10179
