94994
86593
4023
44501
153172
52896
47608
104433
156036
21727
242530
224985
4534
21612
121360
9890
45792
70138
18414
118550
61098
188263
197839
259769
101652
79398
7372
57525
52299
170845
67219
102119
171041
88261
170827
151789
245931
1870
4741
267791
178615
187046
15650
37108
210856
76857
33842
162375
241059
87739
22585
47378
98621
8991
29251
90455
53463
225819
3638
37128
107446
108220
16663
10838
53191
43802
36498
260297
85354
57160
3124
105839
1552
15793
1641
87826
112665
167810
191618
186331
68436
88475
27050
29868
52349
121473
27857
59
150406
160936
24520
78504
17076
36980
117676
24063
190569
22995
3541
6073
3936
148514
113985
4295
44318
215522
111677
7979
8936
45596
3506
50194
59731
54228
20572
70561
564
80085
11851
53102
327017
84991
40287
271839
47644
18121
97440
5553
33247
70462
44996
193054
41542
103533
106362
24671
9250
179436
81456
111379
77506
61102
75733
899
126676
41603
183925
25324
146683
107677
28744
1026
131878
110085
46704
77030
22957
104300
84510
89682
107048
7207
248933
154406
63667
37236
93699
9519
27063
153150
46392
34448
100072
238042
46345
280940
4125
26211
42952
126238
33193
79575
15631
212542
31594
20920
150054
28337
177853
60320
134653
97957
40201
123222
9401
12012
106
215276
20168
40700
2808
211451
106743
121834
225359
181963
35487
39690
68746
189308
24635
17310
79655
153756
100224
65293
74545
154865
205891
94048
22558
64237
44445
227397
234341
136345
25862
25429
33138
149710
38001
19829
84069
47665
577
38002
42594
1871
90064
9318
146922
15613
442
30790
18188
195040
47037
1923
222819
65600
9142
47839
17269
136437
97897
5343
75595
167190
208056
82575
70289
4100
58271
90361
134552
44995
89109
48440
15606
70739
168355
23676
237883
103039
12422
177642
160657
38963
101935
87095
47292
175177
1895
176895
6745
9073
18600
14402
1004
128723
12743
155168
178
45059
31514
9178
29682
23265
14943
62847
24414
20639
30048
27631
220444
38004
114902
176531
4567
16474
76615
3889
134811
5078
22894
23406
73183
140786
143309
91708
106417
194522
223024
139759
21495
114080
50755
6905
217964
1949
70294
107467
10968
42843
290231
42671
160082
7659
28288
11640
133596
21866
162080
13525
299176
56558
20791
252333
162829
172648
45460
67143
63698
113234
158051
98813
5824
40627
102621
1374
69625
9706
39633
228939
174373
100984
65945
2220
72477
128782
205975
119563
291313
1243
188356
140194
16758
279310
39016
91991
196271
26484
6459
83801
84627
62152
76067
178817
42842
7734
81053
81204
272901
55536
84511
259150
10093
238271
246978
15451
98901
5261
2757
146487
257424
60460
93330
9101
45423
335117
17621
7879
544
165324
4431
152118
205510
24128
58549
13465
16628
2359
48402
13787
164985
150716
151789
19364
16560
35259
49943
41493
2617
212523
106037
66023
192662
64562
36878
114880
125154
1440
10975
35814
242063
75666
26747
133606
921
230196
9229
40601
47324
50896
92434
65637
46796
66846
94209
24455
4522
274862
156639
2967
280098
229795
289142
18378
44754
14701
54
58015
182875
29402
170947
214547
20390
1614
121709
8184
107320
91477
69341
6284
41571
319573
136712
14124
17227
6886
69767
21785
12046
74749
51567
31673
169224
5897
155781
80083
73832
343128
43430
55309
156527
30112
51147
2048
42625
206291
10687
69568
16729
246666
65592
189324
25377
91966
144391
10537
3253
155189
113795
2065
166578
106471
183989
16292
77632
184221
26554
174964
67311
17821
297582
81688
117400
96499
5576
47711
73830
285201
56260
105625
83717
52942
105884
14052
36623
103754
104363
274424
78804
21783
20268
269967
727
8548
266439
99173
21528
210525
111431
10032
57768
181936
184031
119112
48661
88508
201978
117958
84602
5771
57149
46928
319937
875
2729
127304
1740
218782
41990
102
5987
275861
182289
529
96528
146592
73962
137045
66425
98473
3742
218870
41458
22194
27576
249967
2867
64287
1981
133122
105536
26947
8640
176379
65948
7935
188745
105662
43016
186880
125109
209801
43381
42618
161306
91263
2206
23063
113555
233536
2158
115611
34545
20953
83291
16413
8004
65447
190552
51361
8708
2185
157895
2190
139876
17413
7191
170361
97184
82411
3144
159656
79228
145245
236540
16274
27352
6593
48142
4203
171664
259044
213006
163982
26536
301001
105039
10297
38305
48568
130292
6173
19425
59332
90289
29005
109171
476
656
53688
148860
76339
113282
167343
33704
19136
243787
18207
245617
116943
73310
28885
29456
188529
84844
203644
28847
119098
31885
130304
284737
18945
59601
157219
13938
83388
75138
10173
25984
860
107710
103075
284231
220009
23361
89263
86194
144025
1888
84862
49830
230609
156076
17167
24590
8188
248830
149190
4232
36793
157598
119828
38201
107289
238440
86044
62424
101704
2807
174683
43877
71832
16972
136280
116754
854
1776
99358
17180
82442
92336
42440
51684
5092
94992
69684
29278
25446
61417
62472
49688
107662
8093
61343
133531
116517
11638
282913
16736
41322
41943
37931
170769
9526
121901
49221
170514
8987
19936
4981
76233
35925
169953
6758
66732
61397
141124
171770
39736
88956
80494
212909
169195
196642
114652
235681
50893
66131
55081
52166
34019
6825
177241
101703
67079
138350
4490
248619
210993
13330
22022
47739
145403
168453
182900
89970
122297
92538
102807
60825
65591
34787
6954
10609
3416
201047
32321
32087
85260
218601
110716
54550
194942
55821
3494
25504
148649
108650
165503
27431
22626
95149
229687
34173
14574
1467
21183
162846
29020
114624
89501
172505
15147
148272
3528
102308
184423
20384
1086
143874
219737
46507
141405
25670
63330
36286
75183
21773
24466
8389
149484
101499
98314
101254
19835
139185
252
169994
27226
20334
299079
204726
3846
54060
66743
14638
273695
6257
76486
9356
100862
170047
90907
38771
225227
780
112330
192418
112576
52533
32667
73630
33832
229391
122300
30664
180552
169459
108147
80877
192398
23752
5850
2199
134905
10102
194522
68434
86161
19350
83419
32435
19936
250739
218641
72203
96412
32374
130190
797
17492
8485
56762
24457
194621
29081
78387
57248
72527
131465
27003
8102
167102
2819
19004
149682
180089
24819
147866
200033
10190
201460
12580
188620
12730
11101
284328
50410
6227
53492
83849
28485
199761
270437
47433
138168
561
81524
28673
86193
177984
151873
55310
13276
43903
140080
2188
112004
31839
98415
15864
89321
44988
100268
192494
166580
149505
84949
101679
117940
1650
