123126
3122
38094
120327
113099
195165
20595
82611
117218
154555
33118
1518
22086
55229
113112
7269
53111
85593
83275
279347
130127
14703
127264
233623
247457
109204
101788
4911
286852
7421
318206
68904
65247
17191
38196
33637
74184
32492
98168
57911
73983
128046
26293
39165
48887
7184
188007
397
46821
34116
66251
75409
64232
45059
148267
110251
242530
36273
106543
47537
6930
70910
38756
66105
233174
111296
151161
100
22973
3395
159962
16607
51114
2114
7094
97591
64065
41269
16426
125541
184132
115259
64324
43499
31460
260674
44589
233553
6290
5536
360
16673
112151
187855
17265
78479
87816
123623
32886
68179
119021
41832
13712
30707
24362
109889
143077
226431
68211
1422
17408
141270
193408
226611
99021
159537
7347
256093
93003
9407
24376
54312
24329
2294
47199
92104
120987
39148
20684
143233
145242
60329
809
41685
58534
31936
188647
159312
99033
162136
46364
48627
135613
3401
180408
27868
10561
21894
197732
34860
34076
49574
402
41967
4807
17478
23784
158487
99492
78484
125698
28459
90432
17705
125944
22288
77825
121954
55582
28695
43988
98498
10722
143806
21011
61416
13759
63903
5424
8120
78630
39186
106874
63066
57235
45742
24409
85029
36403
38095
17118
2132
108508
56256
160709
153866
36123
58825
44075
4575
29024
115225
109440
109828
81267
62469
162615
1610
61110
182852
25719
13366
3263
222
21763
17811
129618
96065
108098
55828
75218
225287
2098
16041
37164
167790
207020
34835
197202
10835
8735
38118
15457
47343
33389
160046
104634
68042
2288
96732
97859
151162
140640
70001
110213
111658
129183
71343
113470
64881
33844
49241
33687
137236
93172
34567
22270
126697
135259
12499
2250
37792
50014
39699
2192
48309
155470
74307
4061
97890
80933
52196
41082
113657
47948
72993
258291
17508
31906
11545
107107
69685
69962
121747
20061
204383
145987
15623
3364
6784
124209
302300
5843
215423
6576
16886
53682
221620
60479
49018
45529
194674
199321
229935
3155
81767
17945
57172
10184
18199
13860
126907
230424
68420
240417
233942
62754
18333
41019
69040
101336
37195
155333
179918
217208
71472
5697
4706
56747
37939
3705
180448
182708
2301
54453
155519
22683
52756
182401
142676
27513
23474
202155
47395
3851
24991
34550
30955
138895
52951
33760
127027
47364
176092
19921
58522
27592
175095
76972
177259
291388
1737
681
140057
24783
110990
120178
22245
226521
51891
26084
229037
268158
205580
41544
248081
239242
367
151586
17256
215242
49551
3594
61208
82025
125250
22131
100793
86903
48601
180257
84026
163633
70153
16153
105777
127623
44708
13822
24922
5673
123885
35112
34518
198984
9946
97418
77127
1656
30649
54508
34357
206458
28412
39224
158494
163669
1158
19467
254208
96742
187833
69775
18568
2931
27032
70162
2265
81689
19520
205237
96219
271179
222855
226455
122668
49176
94198
46204
57603
48270
245519
186804
11097
125733
274192
160359
13008
44259
97500
21897
109368
142252
140314
4741
35381
23833
19735
34268
5308
221859
122726
14035
235492
100406
147588
20271
2968
196009
31147
229250
10072
4673
10724
299359
47801
191419
2601
21204
10549
129813
207524
36539
42009
177401
23838
8697
6474
166925
210795
97158
41835
117847
95903
201501
127165
4890
116332
6609
138589
45928
186463
2729
191009
212665
231289
140935
59695
168664
39663
23385
168401
12441
13707
1326
26669
29182
43375
35533
39238
72575
117043
19866
181835
82983
214501
51358
1848
130159
5590
334914
2673
37488
151537
102085
10119
114760
54919
40309
36345
40635
71834
213675
39298
70521
228229
96431
33334
67658
48214
93191
20470
156894
56802
339991
756
85939
35631
228175
13588
12504
52270
18235
18114
150020
81161
40296
59147
8247
16464
5752
44463
27494
25468
33590
45881
220610
13377
131147
45122
348
47728
172749
150165
141705
259505
138287
11625
134080
134182
4809
3679
29091
217900
4340
55644
22507
3501
8774
47486
11782
12457
71908
59488
21283
152303
189702
589
27438
63465
8
39263
27368
89033
138865
16113
278524
183613
17151
84309
20470
15624
187755
28451
80106
284
105306
32969
102059
206812
40713
22509
17843
16163
55734
12546
9441
66133
43507
20187
188883
11130
2676
36578
55177
49313
86663
874
82281
197791
10945
99022
51392
14753
45754
192718
190920
152518
54376
14525
109251
12661
37516
195605
262212
24048
90280
5427
222117
67613
43151
113336
152459
84896
18029
61692
27145
96364
34829
158989
74847
44525
60601
45679
87802
51490
220699
55339
44286
107134
13195
270877
28338
208379
107964
44292
55219
38511
52376
58399
80434
7853
5080
233032
8167
136401
145951
5886
128558
23488
206314
76081
280378
172619
336742
77650
17469
7897
81319
105031
25831
24002
380
245284
27243
78576
62958
64103
41877
51363
42610
15495
41319
176787
169584
4579
101920
1424
48545
13455
26426
134167
63594
81451
70925
37451
183696
93455
2631
30496
53114
201766
7515
199972
181656
34872
135562
92116
161742
904
131285
52216
75392
3913
23775
98888
50915
22829
124245
15803
1868
72695
71802
11890
11506
58795
27777
14212
593
31490
2946
131013
44502
195350
39366
140735
188808
202363
97247
170
231365
231877
28714
237190
49081
58513
155639
33693
20326
216118
49433
3811
167068
52598
49151
2579
43544
49820
181602
28695
36364
36917
126721
18495
456
95062
3270
111901
253736
204829
176851
28535
199878
202789
18552
45967
156243
62706
219336
4333
75354
99133
247498
64346
17270
90027
62820
10264
1550
185420
133607
84036
72481
233862
124719
49758
51226
188118
41484
195517
90215
24082
87329
201791
6825
51930
32756
5123
77986
176710
143223
281709
2143
29487
307292
137908
37985
87164
35990
42620
124382
102930
54919
6431
48869
6169
26831
34995
66256
608
79314
37344
37378
172545
29644
166015
10096
46790
27207
3924
174461
88801
82096
109146
58247
3425
84058
142187
4021
5325
112084
253156
117621
4412
45991
59509
50709
234627
5181
159268
251071
10073
60809
36031
18097
83330
149900
158238
46737
18217
82999
14368
28604
95670
59682
119885
100907
45350
72455
38377
99526
4156
6227
50395
22490
94294
44996
18091
19676
44983
55583
12430
15176
44727
50069
283819
315
1484
51630
64119
23351
169759
75208
92243
58183
6407
24912
83535
35262
2302
75220
42132
54156
183246
34711
81460
117880
41751
673
41396
17506
107607
6610
47559
33680
34107
19247
185972
60365
33937
24777
25733
61329
797
94074
184359
54445
46341
175778
