263649
118748
57070
13696
30862
3547
63806
78698
196992
132689
61490
48121
224515
13587
125739
10099
8949
7519
50069
125748
181754
72486
95454
79240
13982
226785
36865
37952
89432
16408
11792
146618
7107
152657
211432
9191
145649
117981
4769
4152
66670
45849
38496
13026
76759
8590
16273
273435
90295
123054
26170
60556
153620
13110
158843
118839
197522
9655
36771
30214
92190
301456
87721
11331
26794
68229
154516
8464
104
55603
2849
97017
77157
19418
276
22411
167646
64374
158761
6947
12492
62844
15705
76293
248800
122349
258018
31507
11051
151447
197721
11971
53320
27978
9743
48102
123158
14356
201229
116949
212809
87194
61463
229933
239655
6939
1061
180521
277970
147524
37884
196471
117441
154352
88638
4427
94018
54452
66383
144211
504
325703
134945
186706
72504
154052
68418
10489
143157
25908
118669
18280
47943
151101
15861
65028
23412
181796
9301
24231
193907
85187
25373
101961
52589
16278
86960
19168
41794
50904
612
310162
11656
29972
132464
302141
210489
77802
143624
121584
1274
82066
24970
164800
135193
3901
48267
49813
218970
2562
234569
113659
178849
7416
85823
201845
9141
93351
74977
79785
110100
126503
48562
37437
140450
53885
228974
30019
42050
195045
102196
11343
2182
22876
6142
2904
28411
28326
46273
146456
32194
32113
105957
169283
69064
261626
231582
117624
27791
10699
158121
319653
169582
213809
56440
3906
192832
46506
136011
26679
53015
18531
64358
212837
26308
67410
54816
228542
13592
92213
40082
50075
62225
145939
94168
195965
232206
69513
302084
22211
89728
4143
33314
100260
148957
213139
88580
261784
181087
133394
139750
63935
113256
7070
127416
115956
10198
18558
109220
171236
77450
35642
18707
14826
35125
139512
18117
77375
11
67039
64513
74606
46569
9945
9547
47265
31123
13413
68398
76045
19236
7977
278236
283942
873
105346
36056
9287
42968
24270
25901
138723
7837
12705
60647
68963
118143
138977
278166
104045
83184
8851
55800
94058
25015
22346
12283
35174
250947
136759
1221
32893
255405
43492
151933
181261
117466
38200
20307
76314
11019
58818
12565
59719
103513
4122
123196
70841
96315
284597
28045
225422
46626
22985
164499
35552
130948
49
21850
104631
102400
3691
112429
22627
48945
190279
15358
114137
80170
74517
89171
87699
32935
24669
177638
68514
1733
40784
57774
11871
170447
12627
66841
43224
106853
241193
265132
7630
23940
89939
100806
3748
38129
3527
243996
43938
219322
6433
67432
41985
7405
69954
39871
67744
175540
2015
74777
80581
215134
143672
58492
270277
60959
66578
118787
65892
97058
35961
40097
69368
252629
30156
67385
106387
54554
81161
66762
177794
3313
296243
24068
56170
254757
122367
30191
30103
195595
101776
184598
59774
175819
60564
205917
17360
111670
144151
80261
188793
209221
657
20754
142106
17273
19442
53932
267213
81284
7095
19398
72315
27268
5221
51699
68779
151623
2
3077
41710
123296
16325
6725
281609
94031
84024
85070
36556
111771
201434
194169
189518
306168
79475
13642
9661
155350
273494
49527
109959
2430
177966
11746
12013
159389
12931
216784
4802
53407
25847
89408
109311
24552
106256
16598
1452
201144
9124
31921
152016
129490
7110
238880
216141
135552
205715
21148
36084
126007
103755
161685
31427
46409
105762
16524
213852
14006
28647
142651
101569
191927
83296
23062
90625
22151
31168
260357
10405
43443
29297
20267
62573
1246
35577
45238
71147
7933
3989
97927
13839
97668
50866
233793
20778
48308
54474
1664
78313
245290
23801
131103
117442
100722
59889
103552
144603
219065
22311
48656
201459
17225
23384
208773
68703
79200
73574
74482
84779
120253
33346
3375
4848
14125
55324
62753
29193
14068
186793
54476
43824
60019
292934
40052
227084
91551
11497
10303
97235
288756
158432
108955
61663
10526
11597
134421
12026
18746
262994
3073
117338
84671
56158
72124
42074
226389
124838
8633
113826
6682
58285
24009
9256
50057
18047
42830
145111
16844
143481
49254
56929
158049
209489
202513
123409
107781
8676
91113
48109
6893
20535
18768
104701
50400
120203
225086
219568
34886
147511
172054
134541
24171
3898
14860
21453
22254
338030
17885
282371
34451
24645
22102
235660
101180
93115
309124
6856
17450
194454
9074
3933
42204
130051
122010
74441
128349
30638
17600
177110
166473
227811
142633
18560
1890
7425
44690
8342
246095
6281
65625
56513
121753
24156
39472
88331
22476
47623
4703
268910
37600
15992
183104
21158
44628
201391
163976
62966
1556
54809
108148
63591
213237
9669
91946
8852
64920
172077
84895
70541
17962
107756
46841
285763
74004
98849
27829
42895
19013
57508
139129
20628
62099
111971
284640
43179
26377
22463
57690
227797
52162
241320
5518
321504
191571
72417
82752
189164
10568
14305
81826
53175
115278
67805
55710
34639
20292
80520
6140
171837
180831
133867
58237
239081
10248
25991
77806
22823
22611
1826
9692
200223
797
17218
41580
41386
116773
46610
150500
212537
21016
107623
85804
48567
10229
8866
36287
210951
97664
228425
11348
75349
182148
80
12507
313
86138
2542
24687
217045
33643
107910
291478
50614
24595
59272
171751
143937
9387
44816
154082
57772
134264
44304
35571
63827
166940
97053
71664
169150
44506
77972
10316
56010
173581
173016
87420
60480
50694
94079
140378
79631
171223
1058
78703
168475
87776
151255
249233
296
157710
24254
7008
64568
12854
166966
249632
45612
54
4330
70458
83767
23109
53879
188
80008
15550
6568
225156
75911
133740
16932
13479
100376
136974
74953
68068
37422
33266
1533
147371
134337
28900
139216
196139
191212
55629
71990
73274
100985
35782
63870
191835
197100
9845
81812
236552
73019
11083
29697
176775
177989
73740
210178
9404
89549
93568
10127
88078
7492
451
118639
60180
11859
90997
32850
215178
143857
5035
93814
5235
240871
174599
59304
69496
47118
229370
93595
45025
205898
76344
203264
32368
99026
246731
169375
24782
7568
242797
84822
19331
79183
124
239809
21275
54739
183503
58088
157949
82713
151484
51962
3409
43289
42130
8468
11652
52007
135171
145585
187600
23158
23804
344178
64561
