168465
94945
120425
112044
48260
265724
116710
228193
62944
35616
258254
68128
286578
202960
52402
133347
67191
115233
188702
62089
4954
72968
186149
93604
179951
91194
27015
9395
22717
72472
37657
1302
11132
221272
204051
94752
58586
41659
68822
42952
266080
155942
7998
666
13295
268372
88707
157705
25377
11244
160153
140584
20897
36573
193256
68116
69748
1075
31040
94440
217500
69427
213214
42458
14339
224222
103763
193861
82743
121016
17284
277533
67469
39841
26544
57598
124362
913
241376
50352
16696
146028
115613
83864
37141
139911
11397
253138
71267
4612
238732
74889
227007
58566
87809
69055
46214
8091
16064
222011
167642
28477
40578
130848
172579
13674
129720
38940
5239
119351
168529
54521
95564
101658
167132
171832
129852
60753
141865
121739
223131
54270
181608
163914
230187
128729
921
24524
4506
226646
6858
170900
15620
12036
19133
52167
145660
86122
126994
130008
26953
62183
118482
7697
7622
14611
71725
188910
83913
57240
39373
40811
148489
96684
156676
75757
98337
230189
87479
82874
13755
680
10598
63198
165423
49721
21722
268880
188512
48774
159232
22676
35774
62426
39989
108654
108333
121561
123036
12886
34805
186990
123675
193752
218838
212003
33589
15876
3562
161339
159693
187199
82996
25788
235123
36871
41876
112321
96809
23108
11534
160675
174141
30108
47690
1606
868
25514
137524
81566
140332
19923
72096
553
49730
68738
149562
201891
21498
42851
37663
84874
36235
63567
26331
88726
30699
2975
39384
8263
164234
9231
127757
222107
103520
7871
154946
31753
100477
4385
1874
185322
123120
4935
15090
235399
9896
163522
59000
118012
48364
15435
64392
142312
81660
97310
23217
945
131800
72267
1800
133818
110981
1890
74544
101494
10816
170505
2250
86667
95248
155653
43
114546
28343
32383
3239
73592
283449
8269
37402
20461
341984
3374
65840
79108
228034
102751
157921
214203
1268
193442
18539
160306
152031
161011
292102
18080
50457
263618
318253
83285
265722
43758
4672
324938
225560
1309
19885
25068
83613
32351
177106
156526
7786
22035
49552
1699
116773
81369
163048
103798
5134
20122
78551
1152
118538
241429
62650
32027
32082
46562
130418
11273
13923
20818
32192
110231
164466
52569
153725
57020
87612
126963
5794
167653
102580
233289
13822
32334
125317
64516
32537
64483
23192
45323
118721
22206
39665
71579
15820
47979
161036
8252
99937
95866
228859
135644
7943
97568
178141
8699
52633
174848
32413
259056
55356
43367
17768
107778
154734
218596
125171
144405
61013
115873
28198
14204
23311
212613
6082
7057
176573
312840
3916
20283
217456
65667
176169
119147
48862
2144
25461
124368
135731
7852
61751
9878
84306
144756
11505
21748
11710
32976
405
4738
128
2695
23096
162029
3844
86959
68239
18569
262143
2298
194885
112432
5594
59288
268415
234005
266625
118770
7394
52906
81234
29928
64319
80240
81461
264019
91403
79464
31295
11107
148100
120298
68240
8670
56855
117292
205029
218158
25258
18580
12046
188340
129026
55063
66240
223335
124286
36464
103047
48808
100214
69264
34181
139800
176680
148193
242291
89929
85616
6301
75927
215478
63803
53806
10157
34537
268043
96193
266811
92636
35703
114777
257515
10298
120698
77637
100896
96241
66862
49792
53650
71446
200335
5919
23552
42938
176739
278216
273129
56118
16664
42539
171625
33500
1913
35231
103701
50652
14959
572
281399
15878
31498
176135
216074
8499
18157
510
120219
26318
37773
17740
159028
151842
157322
209481
46278
33587
137739
135314
35348
57428
43838
61490
149160
17338
114543
238777
5405
4021
93651
73055
74662
180094
199490
104933
21155
90884
113062
209634
889
3318
255255
4829
48391
135696
217867
246648
706
98658
96732
168289
125556
116923
76680
102910
32177
130142
50862
276959
12427
14169
6491
226588
160652
33433
192338
12134
9416
36948
129760
58958
21810
5962
105601
92881
95615
15260
26700
138709
233003
400
152456
273105
11287
3611
57431
12671
154696
70508
8333
58098
64899
141458
20786
51226
2687
171733
8416
20031
10873
29071
30480
16135
133433
124829
122419
44848
6221
58191
85261
59721
7539
5814
5465
33203
61407
145675
95597
11034
65375
34635
219771
20661
52175
65140
72650
32646
17861
208940
19081
274432
169080
14
162136
32433
217324
165826
166408
70114
105250
155809
150361
4304
1579
24022
7074
205578
14804
48292
109452
310819
132547
136099
17744
54384
23253
123481
149482
24898
1143
247454
32820
22671
78031
97559
31726
2826
38585
145933
264660
33359
49816
241570
25924
273168
122731
233646
13127
34001
46139
46626
121357
97565
37854
107582
132684
1053
202488
69428
64359
129110
67948
73781
144628
945
28558
43438
162378
55110
41517
36509
5514
121167
29730
46836
65935
75669
56259
5363
295689
13588
207633
1283
56853
99372
80501
132945
136219
86027
153980
60447
184764
45013
52166
49227
22089
123189
46619
46062
35324
109955
178022
8658
209325
34285
71930
3817
2149
136527
9682
201020
1159
30447
34980
11680
8359
90818
83631
254170
146065
4737
5743
161183
217596
78927
4568
39164
678
66996
33540
169208
24227
90143
7549
2977
58176
75541
25767
221294
45310
57592
270689
62527
1339
42582
247429
2224
85862
239878
189
60207
99803
22523
24070
151476
2798
158818
24221
3772
19342
2789
201951
112355
21411
105142
39148
11926
46939
47086
235979
153369
197482
38410
153919
47214
45190
175388
165044
3362
72680
130992
65173
30150
36362
58598
67811
