2295544
1690062
93520
2476211
307090
609098
579940
549098
2627273
730747
367033
874169
39195
1804033
1068913
1206020
1067760
1653373
2170952
2325004
977719
2172347
2159992
2047799
1510045
1538894
1772029
10488
1251068
851451
2138100
229209
2629690
1298436
261290
1331209
253535
919532
843383
489010
3073838
1587465
866473
39161
1617990
1918640
924077
2056413
2325158
328124
1003901
238582
1473334
1094091
582538
1551933
2385126
459229
1102261
1410747
2234897
725939
412460
1579767
858249
1714469
1282642
65097
264735
358367
1837417
1404856
1419652
1254131
1311466
514066
419873
2697193
1126408
203602
2185424
922899
2672145
684969
618703
463871
338858
453437
709990
1614454
2065721
498034
714960
341346
791513
1569495
991289
1051021
1181903
1011093
1356470
129779
1230630
2208068
1048234
1025889
1468099
254397
1742824
473402
584311
311652
2725091
1881652
1673370
1730841
120467
1004496
768394
1066302
918773
2551334
1221584
1554333
396386
574154
15029
133716
2810999
1806141
1636503
1844702
528217
281316
6838
1502426
1116354
441556
1861969
1421808
1961073
1812186
2846766
509224
456790
98761
213448
1572681
1394397
1877066
2535305
2387460
1776537
605197
636383
1820212
496602
2150510
1699936
2807716
1889419
1972740
664901
785684
1724902
1746910
77869
1006746
553662
128657
1669509
396770
1825578
134563
2580203
583047
1081204
402637
1644167
1021217
775618
188748
396100
2103249
188749
963612
741005
1377009
1491131
1730564
1178672
293030
111955
1230936
1114492
2580120
1307889
836527
1407203
402497
1564464
1595908
284413
1414142
1566784
990000
1185586
1143286
636892
2066459
97747
1864328
2234805
2039705
157895
356671
1208135
1660174
1193685
325458
452232
1090345
1039332
1494694
746188
2663524
1136073
2323676
2126180
2708891
811866
581492
2604927
2521929
1455085
1271589
604586
956088
1349586
2619033
1791021
2034552
2229889
2268934
2595492
398436
2482226
985543
2290599
1024595
674736
607920
1168548
1086697
1469078
933653
292499
203071
137515
2241142
529132
1179980
523467
386628
917343
2051076
1145255
1823409
1500629
691693
1499624
480468
1117574
1815096
1596334
1926005
612994
1774834
148634
1270443
2600613
1800760
229499
1448450
713723
1721158
1889927
440621
2395084
207048
144522
1755214
461193
818824
335899
1
1135001
59540
171331
469032
2353058
358862
24943
1016850
1674212
2425152
1021307
1322065
73739
812402
1582710
583871
549141
10196
1200777
1657099
65770
964489
1399421
252143
71269
631413
136619
2940185
586440
1410893
2783061
1622790
2063338
1751950
165112
489049
661279
984819
375152
424481
1789438
2476206
92516
288821
130392
1523694
1759882
2190160
2872740
2339471
431966
558614
1213758
2880766
1067952
1924288
1370162
2005498
266685
1678554
874837
841294
233848
320185
203840
870193
768470
609152
623795
362485
401672
1831085
259508
264386
1013504
1066589
1967902
513036
13313
2073715
963661
1720845
2453016
1971183
1845122
2785790
1219509
914418
2123268
978601
1138474
68617
1917357
1583291
59046
344854
116871
2213003
1902493
45784
607839
530240
51495
2033017
2496035
102848
86752
2056425
1502495
696368
446487
32979
2013619
77932
357011
73101
721567
2146364
837511
1544531
594548
391392
1681347
1253489
743271
1445473
33146
1500069
2371686
304433
1341300
1726089
941825
917632
1234962
2138121
613964
556309
1327896
1594560
2541553
2520413
1270395
1388420
286084
771847
225810
628941
199758
766214
1536923
126183
2483718
221684
579045
921958
31403
944159
70521
223466
326094
1410501
114981
1376375
518000
645751
683147
826383
2122244
1879194
1628830
728237
226964
1460822
851555
272735
2143272
579043
322534
741826
2088306
681478
2339926
858113
2216844
1266120
117803
1518592
2228366
1018000
1022356
176752
1347396
1720871
2868186
67797
226701
2152489
620740
1058740
385931
1579845
397995
149624
691514
565673
843391
602279
1450188
175449
984996
1266773
1756652
1324059
611277
845956
1403684
82579
1947944
57635
1300045
311536
679502
1501672
1299403
1308861
269817
767155
1512588
719010
795758
157943
2751978
465801
471606
396594
2500270
811927
2826828
275335
60666
2611580
2348986
1613764
722152
1408907
2648128
825470
1198947
2815636
2134178
7324
1930513
346844
1037156
1106428
1792944
2458959
1926675
489459
1627149
802774
1297955
1321079
1738514
443353
677064
1195885
946081
1052544
251966
1849746
74470
95667
10538
1028417
11620
54967
153621
783659
2055352
1621911
980839
1134765
195384
2316981
2164137
136986
810103
495891
2585849
1829074
2259820
566154
1027038
145481
859748
2324053
1378595
1268471
87678
1167970
1718581
1542211
901366
2714146
12207
360849
272733
2305651
1496316
1350886
658320
571627
1585248
489891
295011
801939
496037
2351854
610770
427681
2742479
1251393
964618
184803
303967
581196
604009
353003
3201405
410123
949455
1449594
1759458
323662
1391493
146583
2284487
890257
1757339
1222416
2552272
288757
1745487
1378159
483251
68540
925434
1146143
310610
2357918
2119186
354811
35613
533115
3122630
1048321
2097701
1736526
446295
1836001
101475
2424078
934685
1106155
1647959
1150278
310483
331661
1253899
24891
1008466
1455415
920971
1380750
443315
1779093
527452
1084178
2306924
792765
708450
77113
248588
2748989
1838429
2088537
1883490
2904741
93308
851722
235067
2199746
683220
990271
1563504
688495
2476981
453234
1122550
216798
567558
2833030
440054
460030
2018634
2496927
616764
1869469
1119721
103087
47454
492566
2673040
450462
1300258
2924559
1917772
92579
1810457
1281095
449303
1748883
2049866
1040185
565628
92730
1027218
1191563
79566
2303229
1323102
2040956
457476
1738699
1513975
463018
335767
401067
403430
11424
775684
1272518
83219
1838446
847729
695908
1347409
246993
244958
981796
616372
988250
632142
200975
157960
1775938
1986823
256189
766928
157854
614075
1900287
1984301
1494213
1768858
2849207
2119449
428583
1835896
2186631
1184321
563075
1275959
388332
292499
671999
27258
725077
474465
470175
779789
446524
2103812
769189
634783
540385
594212
862001
156875
2073189
158313
643806
681630
368093
1917754
2291218
1847406
501030
1178278
161317
2159395
766555
1528409
1689154
2175529
1185899
911277
1185398
27483
2698027
1175357
1532407
1132376
439921
2798158
1732106
923480
1741660
2404211
1261893
835816
1152945
464280
251393
673391
1132217
167447
823739
1328945
481636
110504
763787
683405
130981
1393067
1414963
937015
1480400
1369031
2752173
2833096
178385
3019195
1546193
997011
915598
41776
2570237
1918454
994632
1529714
224186
2184480
2842868
1760469
2128090
1924482
814587
1114518
2665885
112449
2254855
512877
337533
837992
1522758
1544711
1262503
392952
2303135
476383
1816066
108424
666202
2463208
208500
57713
616196
36659
971020
588897
92334
1458829
1616482
1568928
826995
967577
841907
460275
1547873
1055112
1591071
244854
410361
1598568
2830624
1539877
780881
1310985
290350
42906
834259
136838
1815563
734900
70881
634738
542913
362783
1428961
126018
1818840
1786737
1988273
2580722
97765
770291
1591519
590687
1002640
1085736
981261
699140
1284631
201919
160035
653797
876320
1138711
2564330
280426
19057
1599816
1881162
962390
819369
211723
876507
1749546
1103388
915799
984925
2169364
1614541
1630545
366208
1691071
62168
30192
1896836
460339
227030
992334
814550
1185521
297562
2588653
1253729
934151
875832
660063
190262
1518036
2605173
2767635
1641243
56996
933503
825322
1280566
1738790
482020
81775
1334867
1394463
2406097
1013202
623017
806250
186956
2997
617068
1584408
1698171
1050581
712838
472842
452983
678353
1011534
1554525
530677
739857
97292
258222
2149625
1566553
571703
1400922
1320143
187491
72235
1608320
2369814
628871
430561
2631034
490737
64617
1973841
979385
893913
408003
1591825
491717
296516
321868
1011411
1772633
554282
1564710
1947405
827012
1895014
24868
710710
537138
21510
2035290
1473060
3079430
2198911
1552815
430864
1031604
1591533
1032584
695048
384538
973525
827266
293175
2086771
134568
1825096
1284384
1089257
2625689
526311
402437
1953876
1407443
576479
240163
365590
1405878
482102
1252358
887464
467004
2132530
428060
2012111
1693728
1079219
771162
1382685
2799775
2214642
1151959
2212982
114431
1153676
2083677
1414061
616741
421323
1325987
1719262
2226061
1431426
2974744
36322
55571
813348
485012
454347
297922
186350
1466569
518875
37399
1269318
1313103
1188914
223735
400341
1502851
1011158
205417
888404
1043419
1424417
1592333
1336480
2316465
2794955
1975460
732063
1175386
70117
549074
512845
1024266
1086402
2129035
33564
1507821
1456583
2167897
2510480
786665
1804072
706333
1109452
241849
308684
1809486
1587025
325244
1212865
1424939
103687
1480227
787326
1236719
1442406
599463
2852489
320022
1608057
1150341
400469
756013
2248078
2301337
203846
535254
2445744
218673
2040138
213577
2266153
2272494
1327936
352247
1493453
1035476
2979285
1932696
1372505
1435634
38505
1605362
2808797
525865
493789
1794519
493783
1065780
1436177
310900
806863
862286
2821001
398769
835061
68589
1370185
317194
332055
2749498
804976
1650122
996070
1513159
118249
1585223
1658839
54336
1256102
223225
2695753
1911293
150316
1551746
1842303
2164302
636632
1522770
806909
851193
613280
249682
1140760
1633810
950920
309368
1325873
2250034
110477
2302605
660203
718876
1126590
398720
1084297
1489028
235799
2050481
209758
2802165
962332
204085
2040615
555322
1274790
1395327
601457
774778
217008
514902
269529
1374195
1328548
289978
79643
2293386
1784565
837018
755463
547360
809279
390810
621525
2531166
1501967
1306984
1865299
1881006
923134
8924
1247852
434455
370272
1404260
3243055
601881
1120047
285858
1535688
3095386
2211648
106481
3015657
78475
507706
2117412
2121711
387258
1740567
2114284
128685
29566
1756507
398986
729190
812388
775182
173147
1510259
466310
64152
1531923
42366
2024328
540381
615223
1228087
2220265
1785865
464002
1605941
2877485
743542
302814
461473
1385924
914622
1678490
1036369
660329
1356512
265360
2287280
1353915
1152943
884715
2797586
303637
1526032
416334
1140535
752809
219344
1647004
77778
642628
301288
2078362
1916996
608197
1263372
835806
244643
2388773
269722
1520525
445413
3030706
94126
637203
731617
1573668
321833
2011460
445075
305321
321641
70972
1543501
551440
889761
539752
194496
162276
713666
711193
704464
1495201
433146
938648
426086
1652102
687704
887305
2058976
66482
1076513
1085594
260457
634020
268866
1209268
901202
1464520
865231
1693977
1667169
1165404
1472710
290453
888880
401470
721102
112581
940650
815408
190464
1136301
1869007
111947
970629
367492
1811020
679078
2960542
1123638
10379
1017495
1143256
220917
732608
189465
603746
334364
2271622
406969
203657
2347916
574605
1779468
1048472
2304770
1646449
1503567
772328
1288207
342963
480916
367683
1062169
246348
1952819
1607048
1291609
2188757
91115
919233
676234
2422830
909134
880274
1167601
966898
1135181
2710131
66580
334906
2173026
1119033
1849648
952263
1186423
916639
2353821
286436
117472
1151893
1644192
1303185
821461
38254
169573
706491
835757
2867735
254097
1834166
766140
596818
294605
232565
410595
1656325
24375
2100656
1770625
1444386
491294
1672880
317476
1669991
101182
346364
347498
1274641
145693
2066890
2310678
2478994
174647
2194163
858114
1793332
197091
679673
213526
704808
562628
698649
1450361
1510062
1034286
393966
1430180
1496891
1582938
1488704
2281667
1102073
872714
282777
2030003
670573
1006316
81195
652152
55353
753076
509029
1197562
391547
880691
349773
800707
562699
3089627
382028
630922
2360108
239201
2015544
437737
266940
1785466
2097519
1329883
360623
9953
302621
795937
678974
1824289
976195
1790534
1434414
2565082
20941
1585854
232045
1576146
1612601
2170649
23629
2051838
225898
1249593
456381
399996
990294
1529941
304787
1927597
1790159
1457976
1924936
661812
878866
129376
383135
2149410
438296
1410012
368186
1380016
492857
131513
528568
733839
2124779
511323
363524
666861
1126011
292237
889707
2551686
1959494
2830575
395408
907747
65944
1645182
1730195
736827
786057
117961
2127915
1976598
177830
2262755
1711045
2613497
455853
1171150
1321148
654852
360494
297080
250967
1886654
1360906
1221023
1403317
1383947
1304079
1706234
646163
1591166
371249
170518
2302597
517831
1546787
405658
1579111
1655775
853570
1466933
1752697
1499406
2684533
17288
298773
1944609
900978
2767484
1100565
1570736
1290302
745018
900871
2391571
116093
123915
828036
681178
1449703
521903
60150
1702882
641556
2211617
658579
2514988
1216624
677060
329368
792834
530903
643653
1262540
639157
1656640
76607
2502651
744673
1159617
284254
331591
231966
1667114
1737190
135519
1587779
129235
1548806
640483
1718803
1308730
76919
1733027
1972637
1663637
152258
300123
72226
2305914
1317328
701655
43776
299522
969632
2072224
339536
646742
722103
1691797
328005
2443179
1286226
1403008
334983
1177635
741062
275241
6908
833604
1468932
721313
567243
147320
1099478
256172
1943667
211746
3146681
1482575
1977378
731734
402778
730666
1452735
2028307
1535203
986217
1548159
405918
1785020
245846
1087313
571773
336379
515635
115509
2321585
791320
622729
1689834
1008575
1006156
2955425
430062
2293800
640356
220636
2598566
842475
804709
56256
596572
787615
1804721
1316185
508574
9661
765177
590861
462625
2160234
2438064
452931
959891
2164678
1734354
1099500
1725696
1786480
1076153
565358
2251206
1594148
1912868
1602090
2225681
880286
1286203
1245678
2716657
2104896
615834
339328
638434
1821275
1152407
26802
601745
388303
230103
108282
788115
171987
1516300
1698150
354936
1508710
2505123
2783848
1566675
2461737
1251876
210754
211936
2417461
140728
945387
1742695
466396
1209374
644850
1565318
880288
271783
1747043
1485014
1287074
1850129
261092
2189784
1279069
698075
673264
485098
1465528
922924
569440
2098692
1935993
388679
723772
871828
2663807
14798
1126359
1800383
978733
609704
1118213
1326924
379022
1361705
1648337
476233
552094
260450
2758499
639519
368723
653684
936677
471680
462870
2770006
336920
83970
1184603
602048
618651
390738
1041143
2281773
503854
761108
1512567
1600120
854049
1140902
1888314
1974990
1237594
883060
168504
2358720
692327
198660
917625
1001673
1038945
2362900
2364570
984580
736921
15686
2123412
541704
806704
1605081
462329
1312709
2344265
1820825
702251
1268584
1894414
583936
228301
676842
1005635
52041
406216
349789
945040
463619
1917450
853635
572884
1516067
211799
999896
762983
978449
1033401
401800
1629997
173677
1026207
2236158
1421349
136452
2467531
1242837
531711
1678869
755863
825595
166218
1209738
2058
810461
109607
1754663
1931671
821723
731673
467539
292204
47286
840591
1991574
1470796
127060
630864
605063
2100749
99713
2192686
131871
290313
1267668
2965632
1639758
1099688
180266
22544
555933
1294126
597909
517823
94376
833199
718407
159296
208248
1172111
819315
1363592
1483096
822983
191346
2991631
1293294
541649
446883
78984
2198019
2285550
1364686
1581761
345548
237819
721838
1382317
541331
1022460
225732
948317
2511484
1950470
460331
714223
1059159
1566475
836035
2047148
1942461
1330982
759471
369595
1169654
1884829
2015284
1288903
2190015
417799
899093
611428
125838
2212825
750255
76172
1120716
1610911
1977515
1707068
1074879
1523396
1257159
2730395
788080
480820
780718
375740
2711647
2967622
2662169
2747105
2260099
269185
678898
781006
1138340
2531424
2448331
2031822
988614
2063203
1644984
1270928
411033
206834
1521714
1425841
1643369
1475991
1087198
179010
273738
422337
77271
1102696
1388740
1732041
1693884
1744808
373858
2200425
367671
705362
451739
143452
188352
223004
2000916
1612354
1429197
1822574
674863
597632
1211154
2425211
1672567
1820855
242569
329515
879321
785779
807538
47015
458107
163385
571499
1373308
1289261
2241797
2284021
1530305
380235
21955
662147
1753493
2807845
117013
895724
64868
243388
1824155
154081
2823557
435128
1439083
795532
1462018
1795907
205902
198393
586574
2882060
790142
2822682
807039
683851
432508
1307095
917606
187290
666558
1958657
1951594
2591953
1977553
564183
335996
1367941
916223
214759
1894001
1155278
326193
1304601
1389670
1178326
1730398
99069
1853569
1937962
293784
2053726
1071377
333997
1940966
355880
61550
8670
2688107
693287
463253
113671
375137
2284612
2459758
1905983
1184642
565790
167716
131006
2218235
873238
1357112
870616
1138354
437608
1193964
1734911
185582
2617002
136406
1231437
858711
32777
1452804
1609059
205883
24902
2583170
963696
568660
1178754
2012467
785426
896761
1313941
1282890
192304
805685
517828
705423
2341048
1411389
1362814
1648091
1411972
131156
67400
105976
897624
298041
1313259
97755
2268772
2452788
374539
1771228
1039183
1053870
64516
231827
306932
1118999
2268475
1414422
46804
2266789
2160127
76016
117593
838032
877045
508439
1683856
256930
913623
2307184
449161
2232766
762424
539180
1867892
141529
1244483
2415307
791940
2046717
156258
848642
1626802
838898
1644709
2290098
2709692
722583
920319
701446
2228713
425290
1187667
2163037
323319
440404
410476
1408926
1082317
973361
1238148
2170012
132572
1411170
481946
2092181
1277523
1076609
2325730
2609563
418993
1502872
711656
1570019
34557
787928
18184
1131176
1570418
2162586
1385397
958651
160633
685775
297627
2303712
152838
2228384
806403
1015751
1259777
861677
2550715
1235389
838271
491008
1467175
1323522
2606555
799816
555118
297977
585388
1221391
876761
671512
2136660
566505
1056159
273014
1838665
554272
479984
1997765
2947416
1450713
609818
545153
431097
1444535
494344
10466
403048
1406134
90773
2691559
2219678
1958518
964790
2164
507906
2057283
1791207
1666105
1572552
1989630
1652120
2145314
1270824
1545793
1240232
325482
142598
300607
374864
2322216
1017276
366193
1886856
807269
1297049
1669176
375321
1295657
1313742
1985338
2312708
2371650
2510078
1227542
1158356
25543
291029
1279755
1368477
248460
2159280
277368
769810
2364513
2485163
347882
18415
1927668
2218928
304476
320999
1543390
628400
708207
307326
846482
2429563
3031406
289207
2385202
573707
2289034
1800807
534861
683302
1268017
848207
904845
883024
1128146
2283512
276027
168443
122025
495261
1676063
110607
718971
1245656
492211
548725
372929
249413
535667
2024825
497425
1469370
2034403
788914
258684
1878516
849600
181586
478234
40623
751577
1281365
2801485
2187299
1829355
96338
1684508
156337
858481
1858979
188407
2124177
1281846
2381255
577240
190099
1665878
879953
469395
1202664
85562
368634
2079153
418652
1698742
79652
2484256
557937
353395
50779
1167132
632256
1387158
2641297
1499874
551451
1179773
1728869
978458
570681
1014777
1538377
1188284
685721
1847002
1654146
1064681
427488
860828
1086617
2002447
799279
1365849
840988
1674614
93849
1379493
1139816
691744
2263971
2670849
420730
660715
204071
1164032
1287643
70758
2919712
2312275
2646966
254640
319156
1043107
338023
1142558
561212
114637
154384
78490
1128438
2939472
721130
648315
861808
2936211
225614
2065034
760607
1639572
2087570
1828355
652893
37812
286539
861922
2542430
198798
411173
13663
339575
640952
156978
1722280
852161
412022
101758
719123
1468771
996027
493238
1384812
2225228
859103
1074718
670692
777419
2773192
2333744
847782
1826029
414814
424814
11564
1023248
230893
1372229
958116
887129
179433
1072850
302465
603241
1404637
582423
639736
496184
1636
1852665
2824154
1404772
2198658
1032537
115725
405574
97282
2236386
513003
26393
2364056
1597520
1610902
1879865
2044585
2039440
1308477
486530
1834220
80464
359799
2899187
779081
693899
1595715
1404798
367518
908245
244926
468139
1709842
2407488
1437830
66421
751528
994615
1320384
1451942
978921
885248
1554037
1347868
1333553
2790413
193559
83228
1074453
1505482
806520
815991
1773400
45137
1430609
362369
489003
2328
83201
1233937
845938
855628
1081770
1823133
63135
539128
1262096
284141
1345669
2586407
1496768
1787997
882522
1797139
1153727
934557
834275
1750182
2971126
1913341
1223770
627948
1418684
2200341
456321
1443689
951357
274383
2369812
2211512
400561
2141710
614611
1015385
2566849
2112894
2117086
989249
347913
966777
105728
2525862
310198
1241708
2572340
2054583
1011192
952012
1813375
118502
1323450
110276
221411
318738
268889
148616
1159133
2467242
1439246
1039220
384518
371092
368090
2269442
1299624
711774
144254
798677
1456719
1723882
2435752
2458937
86288
2656145
2361247
1750890
32452
619015
1620459
153823
1280973
306090
618321
522019
160038
1884913
2959595
322823
972706
1402591
1163689
447534
1172697
35274
244972
1546169
2408041
1268268
1693728
718855
2137394
1834208
1113398
164164
2237838
1865176
845431
1470361
2394806
625201
568047
356944
2680202
931000
1650359
327703
623583
524203
1235338
1748013
1028131
271609
1862238
2711910
733282
3041398
468054
959451
2127193
398692
597069
752792
1599918
1470076
1715576
976284
90027
2388199
715332
1297676
40571
1185401
810010
1406232
2432235
2237606
2439219
1147776
255515
1229209
1707575
62069
2212644
1649481
1298058
684170
705535
536102
1935000
177614
538623
137346
221143
252761
108506
1234196
1044921
1316562
482917
2738267
469163
591648
24883
779442
1570385
15828
1302353
205553
293488
2023977
1725591
366927
1032446
133449
1190757
1426785
1253049
1446365
2033822
1225396
301092
1951726
1016128
1709080
1688971
2546912
1228836
102181
2159277
1912383
1673955
580468
906081
1180557
1819684
328168
1717957
707516
2107582
2192521
182944
373096
400147
1797678
478236
1939763
1201103
2422901
2539490
916550
1172611
995724
1703547
69884
682198
641421
658385
796504
833736
1243439
87179
72630
1705108
577650
1113733
834225
2620084
362123
821214
179480
1654522
2047986
2695511
79585
527426
1862912
1141189
809438
102127
1012299
1574299
791312
261084
306480
988301
307741
1196493
951887
1972102
502971
2371221
215759
2567848
1602790
1437385
82535
198012
1666315
478272
488431
2116524
505237
289542
2144661
2931805
247705
2917910
315736
637817
509912
727299
1184784
63095
699478
1982821
2036548
316683
785682
42790
361201
1360787
1072504
359196
1692555
974758
2013018
585811
1142623
869603
961779
2267846
1272334
840530
654435
1091034
939889
477423
1518402
744351
490557
1226428
1895193
1581938
657077
698838
224341
752489
502484
430954
1590425
1935061
80056
2385330
677156
673641
979663
2293334
162962
1172210
189583
43982
1832275
2137282
321883
740579
1773222
1576311
733281
580365
110863
595921
1396745
1222357
1039275
52686
543730
432549
442261
1554226
900627
495962
1955246
919622
550497
1270327
174455
555465
253274
1710408
1665678
1245186
2877383
1451574
2707113
2140772
134465
873859
2482109
734454
1371977
1016037
2041169
751170
733382
2168848
1950862
1231371
90260
971531
1073859
1765734
455515
2668046
2106827
2422341
959417
1228880
1201340
316067
1199418
1624403
1184138
46578
1889204
50843
1226411
1442
1918211
2380549
1640921
711546
578265
1147453
705888
2282370
922263
2570584
378739
1692706
935991
357794
149696
1562125
2385809
975944
2045752
314801
1514775
161584
1423198
2320793
195085
1982789
494990
1103597
2085425
2264953
122255
1932347
1611295
354273
220536
971701
267818
1249391
3073183
1459909
1166009
913263
1920489
83093
484706
1091319
1725746
790315
668541
2457221
609845
574910
2262591
830067
200511
561983
2572244
1089267
1523308
44568
510964
1959359
872715
27812
506782
2353583
1483030
615854
1344608
1487973
68560
1172391
1957483
1236409
1261498
2649367
543153
816885
668794
2138377
1349680
1127974
57519
1223554
880433
1053773
997309
2846791
1789635
548475
1449953
272500
2837925
141589
2743685
456066
859750
895418
2438272
1131136
2309825
1413543
691627
963905
1917397
1116286
566352
230868
154857
624244
2573708
125152
184110
1446883
272741
1344715
1858982
1417802
2552711
1422709
37934
54021
349601
1977414
1332598
1079008
1331220
1462694
319168
1050833
1854261
492851
2797672
165277
1984512
2554993
848531
881731
798799
1505229
1122583
565695
153444
1523239
423012
1714243
2056748
1280714
985502
2013265
82701
697973
1105982
2022622
554979
1128066
1966914
424100
208561
2185056
396687
1390941
604969
514755
738357
1179232
2222247
2645726
630267
1003063
2720409
497010
574238
377550
632379
916472
1440940
334632
594191
119222
1128190
511948
1070831
482015
731528
300836
3064502
121848
1437487
869374
1463456
1553204
155027
1104184
1766133
2115610
2970577
2283482
764138
1388340
1077749
264586
424085
1728261
715704
1179205
59826
68052
221387
923600
527269
286571
1522917
1210411
1
2959075
352903
862094
1604371
1827449
1524181
436136
1293207
2534186
1668640
723921
246975
1742569
129258
170407
1574057
1191574
2726094
1150701
1045450
1292700
33753
264116
1364405
62775
1678681
1854154
888640
1972893
678774
1960588
1502571
1501989
40126
264367
383961
2283333
2013980
1094792
1323311
1552453
351577
292885
1937934
1510668
1273166
1261616
1254949
1336855
185713
1067704
447735
1619520
866055
317719
301214
1643097
514206
1481872
516011
202712
1832645
1518268
1519287
27087
5680
1097982
561888
1470459
163574
960636
1130465
140114
704114
669276
422159
2423002
2148912
154311
1912188
41466
899283
576930
485097
984653
650676
623686
3122497
2823308
555322
691003
1646848
660234
573437
1126548
1133675
837379
1434147
680755
2534916
522168
3045380
2066171
2166755
1974819
1672371
1943910
879772
1104103
215677
1163899
19733
1186907
1403856
1139538
728455
1510941
1022745
682072
413783
1146509
223496
1214113
653762
559268
3048147
1839680
2095796
1448149
309886
1589270
67553
2330061
149304
1621457
1636421
2338651
1283853
1937041
2582224
349957
1770335
2807199
339888
40224
974527
128410
127624
230538
1890797
364399
2319313
1663475
1748993
653205
207469
2252399
918806
489445
887626
585173
1092963
1184628
904352
264274
20077
2286573
855946
1790351
784511
1206318
109970
1329979
2600597
2261609
694583
878120
1148067
1019421
1155078
305656
837549
1318916
198920
2290109
543409
1906121
91823
2142706
301733
2720703
824241
1169235
341545
938186
280301
371555
1241250
1888870
259016
416672
580298
352201
719842
870020
2738091
779052
843406
338135
30257
1694421
1506474
2045442
791378
262855
840777
2164004
260326
2480344
310595
961539
160873
222799
252556
222277
599898
850116
1221253
194771
1049183
624172
384538
758320
657682
1554225
9336
617126
2674766
2018519
2194726
224130
1409849
730879
2153239
203327
804885
705350
490539
649307
1035977
1302533
360164
1026492
579985
537419
101137
1757372
566587
1492151
1919242
414336
2530844
2854980
545091
1139603
187333
49530
1052729
1800682
293077
317071
2965807
1787249
1161099
1258544
1074866
23807
53309
2567580
678308
498348
2892606
342132
1916429
385569
2055713
1644336
2942073
135407
73342
660266
2189500
883870
362832
1288969
1280710
1628798
2033129
525056
207739
1168723
822375
2319651
557347
525726
173057
2811102
284540
2032815
643838
2099861
63557
534540
423948
244913
1952079
29166
837905
1036291
563069
467694
2426954
1614158
888122
313505
253243
1113237
322512
519730
315311
514277
459982
503095
2735888
1721567
2057628
450281
2281016
1161962
2080503
783175
202500
103478
871534
714249
1251676
1807061
1097181
542213
1926240
2044535
3051519
276611
869213
986119
151185
1239000
1402927
436165
1548747
1373673
1631334
1810028
2021801
1333200
2333784
799283
2774958
1104969
2015739
48067
2601946
87756
1874629
2388716
3062067
133274
305849
1179162
1393360
363696
481030
796606
902307
2785257
99043
2329284
1175254
2046961
130267
2052436
225426
1170605
1577950
1601937
1742958
535545
1104305
1552871
214420
32019
1440136
1882506
1507259
1277696
1474220
1195240
1928343
1022980
805895
1055823
3420
126895
2354185
1385935
2206781
636267
1243063
250731
16375
2590383
2390775
433168
2131212
775569
741652
1482482
51538
1760443
432226
1604496
507840
905661
826547
131336
1136238
451812
730046
196543
574903
1442578
245628
357691
408356
2755242
2968983
165431
444876
1653489
577806
901255
1357198
650041
35378
477478
710029
887804
2789047
2088434
2581295
951227
703178
51545
958199
372386
772142
72425
514651
1893512
992620
2227880
1157137
309622
1799666
268868
2832595
844913
593643
2311692
505064
581425
595307
1344866
1284084
2824601
951477
253091
1392987
2796528
210892
1689
1677599
511929
956261
276716
1387931
1736588
759560
1953389
186498
637576
135379
2490470
370003
695
1200560
614887
2408577
620336
3065604
924327
1281392
902527
63480
112868
634112
2819045
503733
416232
592813
212418
20662
328115
1343741
158861
1050750
240679
2702141
51529
956780
1573312
2260873
172896
2110116
2424509
2374404
2174664
1873487
391508
1939477
869787
2194212
186875
1129786
699739
2504179
1529958
1071285
2594264
1453766
2876484
233209
2098580
246498
1996887
1424080
1432073
550965
2240720
1784839
2240526
901427
1028437
427766
1326405
1074637
716936
849482
652720
2202471
1604981
357958
147306
1796501
364726
316124
1243871
407832
656877
623834
1066208
110487
1860903
176984
1627752
655020
211255
1778547
1099716
187076
510448
510055
2072711
411885
582609
1907108
174809
41818
1089264
2354227
961496
2619002
600240
125261
1081678
2376009
337230
2659865
624430
1983707
811220
1057508
1240444
973400
660649
182238
1370558
707189
295420
138948
2967359
1360535
941299
1587828
1877303
355553
207082
1867256
1173669
796238
2631833
1927814
177869
1015026
302273
547792
611636
960999
2233793
235678
1220674
2089529
502744
1892612
115365
661694
1147138
632294
2786578
645766
1905055
2050320
1556616
257454
263243
1995552
187485
2328787
392791
2252294
1951190
1445392
141412
582188
428156
1534239
408145
1357697
260544
319797
97603
1407968
14533
620499
1063816
945765
952227
1067612
1103134
77501
417792
1620568
262740
74642
161582
2181799
1623728
1998277
1836149
284533
1388143
1266091
1058916
664059
657559
71228
2534329
1595541
841990
852974
251957
2182025
249769
632858
422563
1656684
1049449
1856634
2006790
396556
2858458
2430537
654727
745188
146585
495201
256789
1143739
2375201
52775
2603708
2323852
622293
1846152
7913
157683
1002981
977244
653152
1896245
2746764
1650579
198217
1271922
2667222
860604
1626897
569228
52359
240462
601996
772727
2267901
124024
1903497
1199030
662322
1096739
490806
1783319
151739
1164698
344964
99898
91243
1348656
103725
2116311
1031869
410538
400366
404893
681822
900698
441121
602508
1381783
263368
602261
589771
186902
676298
718396
1805419
1230969
687092
2406248
922434
1558857
2565059
1349774
1591171
426447
191889
1337380
130162
198373
706157
925938
1143022
2215552
1977139
635169
1443229
272287
1433209
1376713
222331
1206915
1308067
313878
2860576
2312311
343200
453551
205305
380078
1109702
794972
549318
1900035
256577
2632174
2095202
805477
2005429
505547
64447
276166
1663832
2106419
627089
1707574
2291929
2388250
34406
1222192
70304
412025
260841
1861689
1150723
243473
2423259
1725412
410964
1258612
607926
1282746
391432
105535
584532
2418783
3038773
786306
1879289
2167690
1461562
2115690
1297191
931281
599067
2498210
264723
1281870
2113330
1846814
783905
1015560
227860
1316435
442866
1622105
233221
1870580
341866
2923267
143801
654758
2052413
1743710
1968447
1259320
2316834
26862
1277440
98821
724587
2202737
51000
1385452
112626
647208
310263
1668396
91405
272125
2371875
660624
864757
1435175
896133
2294068
630517
562402
806779
1036065
193074
764389
138634
2018221
2641347
1014359
1904515
808584
418216
1997822
744454
274257
939636
1744111
371237
507646
1374881
143560
2073039
1174459
1804384
194947
992523
2416236
705049
1825840
2038308
859133
489164
96670
1540570
268531
975926
69956
414422
1217629
784908
921515
595003
129832
1361637
1338343
1919837
44833
311187
1005882
2877302
447724
1457575
2773303
2671462
2146455
1618668
1252242
2875934
2168131
477489
428321
527935
318963
512425
680331
3015586
1496510
2541134
678523
445775
1086299
1832397
1600200
275750
53640
2046923
1251985
2530760
1614627
797905
94723
1560981
2132192
2556974
2468725
170410
1344368
2789776
1451606
1487518
2158422
637519
1415235
1132138
839698
1073790
305234
57145
3062884
334407
214309
991539
189653
275193
1915734
377345
404757
1438809
452395
416063
2421515
2881135
464822
412932
221243
802031
237436
1239347
1935088
2168103
548024
601775
715121
1750647
514546
466394
1550992
850259
1440192
805500
1507851
1285690
985952
1475938
352789
438149
155923
1281815
199243
1957229
627566
2093067
398556
196616
606053
2563455
2952271
770043
2893902
1908283
67836
1172807
908752
780388
1855638
1915286
504708
915794
34759
2669431
1548958
1771053
969513
1283119
469576
32119
91991
259299
418982
2612211
1120618
1828255
1310086
81290
1508710
979968
1105377
841706
394586
1000386
1517067
7577
290992
130213
1625513
226725
1111147
1906136
2083980
127926
1841216
2544841
1028099
219510
444618
1147942
254087
1039807
2514241
1916390
2618276
326238
245283
1946400
814141
2193257
1522970
621132
994156
1709571
2125266
713660
1026304
477516
387273
613135
1713895
2590238
254529
253893
1339583
1009812
1228287
1248334
1844249
97808
259051
1516397
480043
1436474
704112
1322151
1400112
2748415
21018
240353
132793
1505238
834887
2415425
296476
1220682
752703
1319983
895789
504982
2900523
1530552
1591399
1866321
680118
2242381
1093503
294859
1003829
1589041
1949968
1929161
283723
640269
960779
1220441
287495
1132418
455557
1514533
2752960
697100
780164
2020626
1314313
738791
44948
583258
139727
2196311
711365
2267485
2783505
378454
1021762
2815113
69779
2688276
866015
2194727
268596
1568288
790585
72575
1281309
1623366
595645
553316
764767
966318
3129876
73085
2266052
1206571
2085514
1727002
1285132
723447
92988
84698
366892
1225891
84225
2106438
1565829
1583851
472794
601963
2390221
2207121
216032
1305237
1433766
1352921
5116
122678
174599
2158258
2020074
2683345
984679
253648
19941
1119267
2036320
209439
83837
73414
2167151
780945
93404
510595
1814777
836810
170383
320659
27754
1844689
991755
2304695
2679271
169668
1936401
50031
1113484
15373
1022105
183302
2742980
97781
261696
1271905
1961336
298634
1451515
2431832
5402
499237
338985
701363
824847
1124745
1673983
263360
2068514
182148
1407473
2286450
247782
1148048
231839
996394
939908
1118331
2115910
341949
2119424
226297
2208351
825137
21970
1111673
1374756
2501416
2301981
544399
903764
2236082
800497
2283242
747222
1778946
444548
1283183
1061143
1127218
930807
1527671
10352
1485317
2721854
1038730
501292
1594538
1087001
2793865
1787396
430519
56255
2015230
271644
1587601
912597
890731
1890263
2179211
244815
167590
1534904
244224
732308
184142
530012
1469554
1256161
2141659
1850756
835570
1448017
2879229
1482590
554756
1114054
418990
1268035
343393
718583
63313
2750413
2454139
700365
195166
639052
2730073
1828738
214863
1320106
1952919
471306
609553
320619
2074496
2050533
161757
375928
352461
733454
904506
1775075
1455503
2349274
133579
1181609
1735354
2510239
2317920
794616
2217536
1916813
1971948
1131544
999580
788317
569279
2115123
416214
470468
1220115
2428881
530937
1921921
1099000
1932887
104137
1819855
1439583
199949
676931
1342366
203363
2077135
1412790
962628
1120959
699093
832154
415459
1002504
869773
1894631
995492
1640393
1372227
1408072
2113588
498639
1375220
1276990
1894294
923551
26669
182504
586965
942006
975692
124372
96537
552562
664866
2639019
185626
2145959
841971
117428
127844
395131
605825
120055
835515
298932
2676715
1619016
679588
1083388
2179475
2634331
1050787
1488901
508636
757938
210513
1326881
778669
2874431
589739
464126
274020
20459
324852
1578023
1790876
333536
2786522
88698
681897
733987
1572624
1733821
560328
400364
336536
532173
564975
380039
396652
1127402
1471260
805811
2610418
138831
1773177
1748207
25827
1646790
676325
2051316
181303
1927248
1427172
1111184
1439813
2853736
992171
1448973
359610
2118117
878737
12378
2705641
2575363
169791
393991
691893
1039505
1403222
638794
11173
1689978
858908
2454410
617788
333975
663899
1429130
465850
414355
708608
1265261
2622711
373770
1837776
531160
39573
526282
1787887
2327808
138714
1601261
2231089
433695
1322747
1350539
2437521
598649
222284
27413
1283977
813047
2218535
2513548
2225950
525676
162632
487209
654777
2344329
354576
1118751
1379700
790983
1140398
193859
2327627
102227
2305199
93971
106492
288477
1955436
1669666
2327236
961528
2412495
1199237
1920572
960573
572379
1083751
968867
2782862
1312551
2385553
1972992
127964
610402
28076
2141042
418410
2362613
2529360
1971573
676998
399833
1033546
34152
2920959
1272413
873460
358731
506603
779568
640146
2316298
804481
1614531
957134
346552
852370
2738925
133696
449265
1725192
731938
1160783
2434405
1178307
1874765
845519
1356616
890120
1895867
136214
453474
189037
2791922
1852262
1094689
1392526
177820
1725301
1249965
1943576
1060350
11209
687383
482551
1665945
1897156
96932
2069616
442292
221201
147368
301761
816557
581976
352741
442361
1095566
1515645
986053
236403
166622
1872156
635649
1409654
908915
792670
1068312
1047325
89253
189795
984425
2206826
523022
2240864
1578447
952049
2218363
612453
36216
337387
715832
423360
1553776
2172287
2520582
485407
160716
1809665
1566238
132757
1734303
2289470
1727604
665431
175807
1981332
1843183
799915
1034141
1766699
1297167
2469765
200762
960505
393360
985579
1186497
1336154
180127
570318
1902384
463085
619368
1223454
1365675
647044
484057
1072576
1347561
1839121
1619264
125253
311880
306832
969472
1238812
2732595
908791
1570395
673174
2342330
2355778
915367
1210290
2707215
1157277
988348
520987
2903552
174304
760236
1823891
230561
461934
685007
563117
722334
76745
1651045
2967763
1409246
860318
425955
1883862
1409209
281060
197386
31930
2065139
665353
1984730
251505
395313
2475393
401690
2038771
2663685
305558
1636236
611418
2159393
1106417
1549364
993681
763704
785371
1471849
716102
741895
574383
2793970
1579999
1599098
2180797
2756589
1890322
1760855
1513511
332744
2558013
1047726
953616
2176994
193157
2442345
594955
542673
1510860
2677117
72605
2883325
663773
853835
609067
947209
49181
2212458
980812
2375485
5192
444923
643805
145483
170087
311609
119707
997731
1173208
1960084
56172
1728901
128504
164466
725190
1825497
335780
414491
1572702
458440
679055
1911995
1089574
297358
104847
1340325
800836
2408184
543193
303999
50954
2205630
128503
1141856
262756
357071
479754
1188529
881830
2339791
43520
1787190
1350556
1279182
429380
933983
1170199
1204700
1482627
226715
2609424
1778062
757960
281483
1516622
2056506
2074662
690295
160779
1003902
211221
61358
2266088
1543482
634810
1948363
686135
2265921
519962
2627361
1853390
634631
584774
1212894
197348
1495281
1073494
1423088
2452862
1541047
1615512
592978
710002
1085643
143584
1087383
275166
597303
1956022
175133
2446833
182675
94697
915023
617635
128433
521902
1827412
268987
651527
341873
1841153
1678155
1059889
542856
369595
1358824
1178206
1675868
1790449
1920948
1256993
1080391
1089796
878154
261346
1257802
122410
1701142
1495357
1174339
760776
678695
1285784
1616290
1872979
8685
557573
931712
775114
547384
3005280
2417261
726893
2148373
1306443
2685574
1102053
26943
2993163
986316
2448606
899072
1091003
117980
989197
412894
832705
2129088
100272
981081
703689
2297941
1134749
1162602
11078
232745
858611
2130471
2246141
91947
197908
83793
451507
2911494
910220
1483258
1431922
2420635
71796
134655
976666
212625
1122107
26310
569374
1324505
1837441
384243
447521
1352530
1621280
609640
1963107
1401172
233659
600959
2397489
1502952
3240
1806198
1743517
1542607
2112259
538229
2660620
102778
426464
787777
2953884
673687
1031144
119936
1453194
853844
183349
330672
1178383
1451944
151469
143799
2226145
296741
2281914
1353872
1563720
269587
1345290
1473321
1751253
837552
628678
2481054
195737
1371349
17011
419188
281168
89124
2010451
2342612
427109
1591647
1032399
643953
1885429
1304260
1698998
170397
1578406
844044
2599896
898513
1818655
2452259
240915
1156247
325663
1672335
1331782
1102191
93160
120272
1028470
818536
1421263
213971
1371396
240530
1310363
594355
2536461
2411127
312416
1707683
314774
806462
122393
754294
2614916
81740
1698957
211191
83736
987832
2329337
406109
1885970
2180097
1765313
1065424
2077250
2174868
24389
1991717
1035436
1117732
1949121
1053041
1840334
717309
2760466
1528045
1497122
1482796
1495585
608056
466622
1307412
2289162
794582
593499
612018
1077711
1551431
630935
469788
570877
535094
1513353
578726
2076585
1010941
2002970
1338103
886237
581551
404276
2064097
1389616
352622
1116811
939119
375045
847655
718027
994250
1441470
595539
747644
1879096
1962798
1572382
1851319
836549
2152963
2168986
2037510
2028717
848664
1311390
1011594
995297
2376253
413475
544391
1021162
81812
1870341
388712
963390
1045269
921266
1382567
975157
221848
702858
4318
907364
1640258
1275849
401471
21625
689548
357925
549640
1875194
835626
138669
1711032
244173
218380
260395
510579
2029807
868799
2252608
241847
1297087
2205743
2071847
614226
721621
577560
525908
2824334
1932163
2465541
2719719
625980
1755837
1816806
2973734
2684349
2316279
2122730
137391
2649256
2078524
1796412
1124204
1782208
2505134
1620588
928481
2314121
849992
415832
602917
1591492
436519
250463
47583
183763
46551
1009706
575544
615313
756768
2299609
1099931
621104
1601948
1226941
81555
1894709
2141988
1194217
1620207
1686250
1520978
854921
604818
1374909
831126
1276505
382640
360618
2505283
476981
1525287
476122
2239410
1145068
1297443
1097560
1843593
2494541
468940
1785123
2706493
1908048
704585
2489369
1238927
1174546
356718
815796
10963
560439
177962
2079652
480164
1762414
345248
597601
523388
2294368
540356
443652
461612
286860
382438
1456396
682126
423929
952294
376436
424445
2373153
973076
129429
1105968
493659
67000
117743
1292861
337363
1781491
873694
2035820
546532
2382400
2008046
268114
1157964
1430743
743544
685486
1289661
77321
1404663
371266
1112382
1630067
902190
1536030
416411
1345719
2293485
2913
477169
580944
2253406
2047418
1165224
2869141
1809515
554566
1246444
336831
754972
2081707
1589521
897159
1645774
206444
1068224
1533967
780217
476479
167292
597371
1393708
2804825
479337
1864997
2024791
78447
1427406
1452711
367408
229771
1603412
652460
798109
159818
868273
1637002
1802945
279006
977752
1296640
355790
507610
23759
843885
589349
973044
754534
2110688
973352
543651
835904
1521764
380289
1273270
2237643
2158317
1386136
1893510
3087012
1145885
544514
202422
1222515
391309
786513
312485
1242231
852587
577957
2610090
1666947
42125
735602
1216240
733478
1996426
228609
236112
173266
1909542
338377
1738278
1219156
1389011
109798
1966943
2983128
644684
936746
2487348
529270
529174
1293211
1627688
2061851
2200423
2270392
2443326
1329016
2366423
1342261
16507
3127278
1486700
1332442
1168344
2319018
496793
1349481
476349
1563671
1738361
98860
693454
1243410
1543989
130683
682487
339900
172704
2169090
226433
1368652
885246
115020
1322720
1621067
914098
1204555
13221
263395
1041909
904428
633320
1132916
764576
2359157
2544540
1164589
2607629
953647
747198
345843
1402577
1724313
2387714
1994113
160651
1205941
527145
47532
1741190
3031286
521965
771866
627971
418217
2752666
157139
73282
206931
2025141
1342363
2193800
1470402
1976715
34672
960124
374004
208023
30592
819746
629204
2618020
465489
77678
1504800
642765
286109
701100
331479
2179222
768750
1032082
465000
1333255
2732500
218807
1980022
1377363
88940
2574299
948718
1520884
737525
870716
1126245
561876
48181
572019
2532366
1325105
575690
471695
759566
1570399
485557
822093
161222
1401000
413589
590466
464072
371119
1204526
530845
1115925
812631
836998
1711695
1141919
705270
329951
1300724
1819148
797752
978612
274372
477656
2600755
1281898
2172360
2017481
241328
1425008
948979
1271392
652752
293948
855910
142863
226805
21492
836607
108799
853862
1194967
54923
358736
915783
604766
791264
1593307
1359740
455843
1753996
729295
2963130
1288635
527850
3131355
672040
1699443
1711879
1114440
597493
1163973
1315117
2605276
654177
741218
642339
401640
129084
601357
151716
1980453
612383
989239
612873
671195
2388767
2332514
246497
1368627
2191128
97304
44616
1061871
304144
2440999
2767057
575537
1964614
1377972
2021565
1375339
1040195
2143079
798816
397166
843846
1551628
934335
1486086
1502723
1366448
2192694
499979
98268
1498513
1252287
108698
1231805
11519
440806
2207300
1326801
165206
29063
445558
2160770
821449
52565
2283952
1225670
498009
1335713
1147246
107271
967427
2490578
1102265
1329963
914166
116713
1135227
2710598
257241
38749
2820883
38233
758159
449298
1373319
101091
512154
2409988
1874926
322323
2276276
2560515
1344310
736881
1677071
243399
715653
586094
244602
497392
907554
1273099
1157873
2064046
964035
1765403
1958771
1956753
1210419
29013
293332
1768050
120191
914842
988806
2139980
1315579
834108
28131
172784
265199
1336903
2419730
1314704
220612
449887
1014022
224050
868225
525594
1476587
1304204
1301446
201848
27660
105664
143662
559640
211391
310652
599823
1653424
891824
1409221
1840700
505151
2412781
394649
1577756
35312
1156492
1082161
937712
1711569
158288
1624133
1994999
1590629
2441105
1947700
1962935
375533
108838
1062045
1154730
853572
2157008
1695933
2961456
1341900
894121
282325
297586
187408
1158868
1508421
15849
456487
485632
448611
874870
1193649
1472507
1318063
7727
1633188
219836
1399467
846145
40500
1583057
1150195
1144902
1372489
1142981
87807
2088030
574700
542351
1496872
1693918
565752
1418836
1418601
1057723
3000881
1152584
2245442
603169
125574
433614
1897855
1219660
356484
644749
2452784
48794
1882161
1286381
569457
351950
103662
2132833
1854258
1013839
1801234
1106423
2185976
1077602
1403265
1163083
479462
672850
1148334
322387
748944
1888355
976622
607030
230137
235761
1829875
815588
210813
337576
587015
79061
1317306
287730
1150185
3633
288083
1699837
4015
1586610
1225379
1138293
514767
790752
1228160
418112
78151
690398
1862145
2056796
2843801
1505616
1817344
236507
974719
2349576
629260
2657005
1615359
128009
745833
645554
85322
466125
1972693
1189035
721086
1062219
629939
1497412
22597
1188308
152193
812318
772676
323212
589387
1970229
1605574
2161861
223822
1223783
2792789
510296
425766
392936
1038735
911134
1499750
1091613
1426171
302226
429572
1088226
1051460
1540979
1029307
165624
1277718
173938
654142
1963631
1560203
703314
2889720
710426
1001011
1569299
39442
495454
516225
1571936
1297911
1363998
790667
94843
1584039
1091426
535561
1033982
519123
578840
602985
608128
16635
2035148
1170414
1082842
160151
35214
658184
438711
250553
92894
1617801
2773329
1274613
2376088
928573
1435449
1557637
2626632
2019817
348413
292187
423804
842048
1490719
1525718
100015
1200732
1193667
2574517
588546
1496050
1199893
2541745
1082405
871626
1963122
182193
2893064
206664
435818
760197
1234485
546819
1240994
335154
1427231
818452
1697955
1533178
478496
620462
1131128
2468909
737947
1396873
1233102
209154
746837
1439471
588142
461535
1211440
639026
786431
2848296
1205805
1359074
472855
433565
570957
1152681
719601
557064
472352
431296
2912275
23154
999281
895899
1523988
1915841
1956389
1185413
971013
1109635
176376
1108069
1482553
1427099
2772142
1191751
372108
719575
723360
1519431
1379593
277246
2060449
198438
172862
1628940
262496
2251481
1067715
1913883
1986391
7879
849147
749947
598572
88299
680772
474466
1093083
835103
671236
828429
2655925
311415
1906355
186086
79600
1022830
1156785
1999830
393991
2500674
2308820
1820509
782804
989994
317283
2047308
1051927
2550387
1598121
534070
1818400
518334
1859323
1401838
158050
2585723
1557649
1195932
762802
183052
75465
2248861
8039
984265
412729
667685
2042786
214407
505549
1158835
36716
756979
874658
1938283
1292572
2134086
6182
11078
652151
997457
1570659
697507
2469557
1645385
654938
1743968
1413915
1063226
2743791
141398
4044
657179
144844
334920
1520807
490969
2055558
1043485
1597252
1644337
2412007
143640
24331
199009
127582
764991
2729184
1970613
2439875
1934142
8705
784894
48024
1259491
48057
1003596
1857355
2888600
1314922
2439209
1530804
814897
1477539
784519
1306871
1125199
612999
1901918
258528
1985578
1458100
2539848
804296
2498370
656294
133543
657567
226694
1455329
1655947
112274
107635
1258690
550485
2741995
1008235
258936
1385971
101465
1947472
528302
389692
1144846
158348
1586825
25758
221692
588789
1584858
430313
298848
860281
1783629
607023
1770738
1384704
88264
1661613
2153951
269827
679039
258643
2267808
1097247
2130462
1028704
333996
3001705
1197547
1632593
1073598
406672
601980
310098
733325
1546304
2056174
609749
650584
1331184
2084687
1006410
1833306
11781
287585
609307
2588669
1138794
1027522
124751
55568
58744
1031975
858989
1479416
492653
300783
115626
1425962
318777
2376421
40613
2616655
1737622
2553911
1555488
2548645
61081
1236865
1376760
12474
164787
1030431
412639
482720
2742704
2104955
1129312
955363
596705
1219893
2685507
1407127
816590
2762148
315402
2775949
1078917
1908749
52761
2024972
772790
222889
2394427
60444
555868
347987
895805
634214
1110760
2373655
729735
781394
484392
628946
328521
333841
254227
2830003
340016
2638028
292797
269974
1907546
1651479
297747
2294159
1947768
1240764
1051301
1594533
1213468
2443509
84225
1679267
306074
542842
2957
1478495
27389
152647
842597
543638
909373
84021
1051491
1935577
1025496
443048
1727222
52839
1641269
182891
101906
706163
330882
745321
1124779
1612357
1978482
386306
229097
2027845
365667
1055951
37122
1621208
2701948
946838
2494959
1022111
3139164
423535
365174
925070
1038474
337621
638500
1508864
986556
355952
1069556
1488696
1374494
2277180
2218086
650999
681906
1470950
720164
731164
153484
1963316
1169858
55756
162612
289834
974156
433940
1921077
181990
2176486
428403
2242111
375430
1917973
1394728
1901913
1959161
735987
204887
3065644
1232074
2197370
684181
473142
970113
2064617
817960
778824
1431665
130966
2054736
845976
609525
963748
99156
1945043
786182
2040933
453337
1930188
1373109
555303
1498948
3039634
1081348
22908
566507
42967
1419165
184140
2500391
86018
478488
1531353
339642
2026270
59794
682836
2021874
403772
2131319
1545195
2754043
2091185
2227794
2268095
756825
909866
224243
865738
1674672
60583
22940
1295655
190494
2039658
2958068
831983
93638
1322302
1802769
1619166
993164
2154611
865342
384454
1835448
1984403
552705
2328745
917865
170503
2050505
824820
949661
577209
441492
1084620
549472
77957
1925016
417526
610592
437068
909595
1745365
183221
647021
2374253
2879575
1632988
322150
261642
63337
2749121
2418340
1392056
420787
1248751
325586
649781
91980
2205340
972511
2438947
1088637
10217
1024331
1558491
2074640
358652
1388909
2175709
1788553
1006630
173481
392033
863929
661635
2342576
1589852
547775
576949
1447809
1414377
1091002
1146618
2159848
1197667
2379524
1409601
50348
29690
1219312
1724211
1431533
870325
674488
453193
499824
1976133
2398807
1907261
1364970
186203
139000
438344
2065603
885632
693654
1002821
2101913
1794278
212408
1582321
473995
782124
2416772
2906427
1827781
791453
921170
1541443
2399158
1853989
2139603
1353406
1199566
1069638
2432426
394165
806261
1590939
580576
610632
1824093
434816
847589
793810
2537130
391000
1703397
829155
143101
442403
2021596
1203165
1939392
489628
1999472
1751698
543371
681609
399666
1801681
516521
2522603
1031980
1615742
993009
1332338
747595
745154
479117
1402069
2340592
185435
568613
1598853
1312657
69265
673899
1050867
338928
1427837
1246208
586535
1490177
1056036
565392
1567812
315519
1195463
1970213
496871
790889
399344
2449795
121248
2263048
3207791
2406354
924980
2133284
1092277
526548
1099537
2215193
1444610
664371
1054883
2155046
874844
2056256
2332402
2261843
199225
2365612
2533556
294942
378357
555079
1563011
752669
2706587
1211412
249580
824539
5631
225561
2138974
2055859
651844
1720386
193823
2185980
1827430
1484659
2707853
2444202
124329
731920
611702
766882
2540982
1592420
232124
86056
371549
1742151
1718356
792883
2873288
1619030
1315220
414823
693952
1088561
1181519
50804
651
1671299
256303
2020969
602250
421809
608222
263875
784923
1503956
1719476
806773
326397
339202
1034544
2469638
1195308
1067850
360863
21953
202972
1871258
589888
511815
1834167
816270
456989
170990
343300
599073
335682
1814324
1891794
462357
278769
504334
794544
1185048
1066685
1921771
1003335
290950
1040492
175824
1025012
326406
1293707
859770
2182645
733717
322406
1419590
681487
299893
482934
102871
2350015
610426
1211178
566965
1788595
439381
1839905
2845989
316791
2671960
134085
1068841
984192
219641
1462461
736378
632327
1597979
1401554
252483
948305
1033042
306899
249426
1174938
761443
1595210
374004
1515980
1151961
1813007
2258523
918439
1452837
587521
1274983
1779242
1401323
1908681
126192
724451
427826
1106970
2312417
1258202
2155211
1426426
1118169
929435
1027672
547808
726114
1236440
2205353
2719353
1260828
756149
558725
2131029
1550038
1339829
2046963
393706
514700
165787
1298032
169405
709722
484563
51544
379335
1300737
1010958
2702321
2144627
874213
716078
1966341
270656
2434550
737764
2714806
250254
260100
2674431
1997968
765347
1081036
2534776
87249
163213
1583471
1668521
1515281
2669095
2629116
2474260
71596
1467430
703577
936209
2119575
380396
768538
78172
115080
1504643
1785224
695260
761137
592943
75610
350815
86543
1468575
1134055
1058686
3065516
66417
239572
595468
782211
1379928
2807144
2532446
486309
756196
148936
898136
2423965
1883863
511978
487603
330303
467795
317325
1840438
738416
1212195
500791
605827
1712418
2664158
1654160
346525
708913
370205
1424493
1621468
961680
876502
1454085
465393
812695
333849
1193719
507312
17242
2437860
1736233
1639627
2583490
1556688
1124367
1349067
95086
160856
341140
296262
1450586
1390664
194986
361611
503496
711049
2784039
1507784
2850086
1659248
498896
2515427
2130611
195766
2880356
450671
479790
881423
2073976
9437
892844
1066646
371320
1719691
584410
514374
190482
899854
1371575
845238
89142
705277
420293
231255
2587896
182134
85208
843015
353396
1178673
554822
492203
2957499
105652
1663758
2091658
910346
604435
1185621
1066493
2759700
901227
2947352
2017168
1287328
103944
783043
371619
2674178
1765066
325445
3070180
2042540
1211467
914356
521150
482628
885208
698410
117001
1501334
1136044
1839041
1175628
206244
372601
120859
1162239
3136434
2921832
838192
342912
294610
2264193
1896826
572661
1170477
2050319
72045
1669523
283797
138614
1394067
1070975
1567284
824312
355866
533841
1711028
449372
1191368
744967
872319
338123
492899
447352
513987
1358478
996475
313245
1679343
841726
582752
477392
1070350
2113968
815659
1388218
2415340
1084575
1011473
1548422
107685
1462974
38736
1928421
124397
1106881
2588129
1292966
2276589
710880
2995039
185434
626735
1747840
2437912
1551468
314883
1497466
405587
2809565
1200554
474047
2710573
723434
3088638
790757
1627894
300851
2146489
298906
356750
717782
2416336
227662
586409
1220850
76637
1176678
1100090
977057
26395
2617570
309298
2855425
3205355
368049
2758416
407169
868203
2030559
315704
19916
687679
379430
2278805
2225578
557420
2157025
99894
1514867
1337744
657461
491321
398155
1957230
70521
58313
81623
751827
189256
836453
2362686
1098380
470151
1822971
1390400
1078062
820721
1730246
2241420
973395
389711
299515
1574837
1399534
2114186
912912
717763
1839173
416972
1876091
157067
2582658
238004
1011467
870038
1624685
6997
2297975
455038
2073641
1441151
266259
250387
1651450
51340
2193613
2138036
988708
1089696
2035061
679112
18718
2327295
2417537
946796
202068
63433
1047278
1804301
763390
1310498
2048361
1090534
967827
1661616
213212
1824711
965023
1765260
927357
1937820
4954
1933219
895402
495322
1883845
118529
427921
497963
141795
1842164
1266773
343634
1191079
641630
1563649
2347629
1661488
1632640
2056818
566631
40414
1406719
18695
2201985
1604193
337719
211121
1873233
396805
659474
2052263
672787
107984
286686
1034548
1484862
2180829
431603
3123628
1453204
2032495
971892
1844175
909871
91772
700492
630833
2405564
1478762
175468
80526
1691946
360261
2525501
1773849
811171
1840550
885568
935812
528458
644965
241773
1915676
1972434
294973
928166
1632198
1706630
854364
2825367
1460574
2914415
278002
2210241
1062585
504593
2931
1707315
6805
2024258
2302379
56687
178999
2069247
1156866
2100666
2143419
2430823
2806101
757969
605940
1545044
857908
153180
1424561
694504
330199
654596
2313214
1322827
418115
551108
855916
551645
30246
952575
1071464
1749245
2094544
442485
369074
877592
833765
2683407
685335
508698
1963737
2691871
478217
397707
1015925
928200
1398455
1
2638708
610361
167035
864652
477905
612078
427626
956252
154721
71900
1502712
1261561
793039
232931
876370
889707
1326826
1368842
504667
1478984
622620
267142
272716
1333504
244717
148022
215760
132964
1834003
1268352
24927
345104
1170486
1392506
1041023
1245195
2049702
364576
542796
696159
1610611
1727886
2621302
700844
827092
1331626
30914
1421703
316428
1732079
276279
2526824
2191036
2051071
2535860
985991
182285
876716
670625
1174542
364866
525863
2028466
65627
841475
2286354
2269936
1269850
2032491
1061431
648982
1844743
342911
2498530
526525
7311
73848
1030929
711968
1639542
522354
858917
1160091
2899258
762062
1396750
201037
2096492
444116
2386116
108567
1964825
1939454
1001665
2721989
513698
465216
447650
965253
234371
223280
1302328
120771
472904
917670
861869
1975025
862808
173623
1063180
1421053
1221116
1968918
189771
2577376
511412
836278
30364
2632271
263332
567133
2499651
1352330
685126
827066
1305089
3129821
558256
864095
1638888
169089
1030003
1560076
2832410
798065
2058323
825688
930617
2355245
1451728
232772
338443
516273
944575
2574193
53555
439977
25991
364961
942471
2097464
2099550
1182967
3008006
2277693
1392893
2535970
1268040
1236067
2776337
1665298
2067951
189790
739712
1661428
997817
1457433
837443
1781060
143681
599126
655111
67790
1073466
2801599
2197565
1813788
707911
370572
722716
445134
526325
2198202
976073
1122553
684767
2229498
125740
191074
1318280
1035950
1324615
1439484
2267312
1091455
1048630
399364
268772
514301
1888180
294527
1697606
268271
362058
536691
1672863
1331551
1041684
490039
444813
1668787
288268
737183
150194
716859
2405326
1369880
1103026
74036
675211
896902
2801286
2164983
161871
1017268
895600
2491488
800021
192699
2232974
724851
819562
181665
2302938
233224
2371127
1471839
1269822
1194214
1008556
766851
1217080
1230920
1167674
296106
488956
1601000
790101
501166
133338
1489350
107308
1435356
424370
1817896
57852
1044715
1556182
103454
1931433
2373504
1933449
529190
306623
1017179
889572
644475
9201
1685141
1626271
1431922
116936
170514
584135
2050458
193857
236582
2936498
206966
673841
10523
304833
251857
749367
722329
1681419
1861826
1842970
2158128
316948
1461356
2308212
1190501
611263
339029
315924
2566845
1019588
2647045
2415202
1121600
694773
7169
1058567
837622
2999419
175154
1996273
1235346
1966814
1155902
751626
15068
366890
180486
350797
151062
602915
2474130
24372
1309678
300951
589668
192817
648589
1052144
1330835
2461691
1077259
1628017
869180
482477
1526248
1649252
2452978
965638
789252
828326
898244
1954520
160789
945912
597554
89878
2119686
509644
642498
2034640
47498
1261334
1148823
730183
1278826
2274486
1840662
455893
1274306
147838
755754
175584
1584556
190543
58015
1473907
1373626
1620960
75284
1149642
1787132
1917230
306733
1093964
93992
231729
255973
2151366
691023
1048515
2760374
547701
529303
2265121
1062343
186088
125043
2668966
1049549
2309448
375856
150706
1072757
2571618
467383
224504
1975495
1211857
204269
1326712
256494
1063351
275232
2200209
2561033
2324460
969915
2834318
1058414
229585
346447
574173
176357
952236
206738
1184821
527206
1129475
503960
464029
1544664
1942531
132192
1336953
694683
548238
1425603
1408655
503156
1183427
572898
619301
370430
799100
1030139
286321
842421
2519894
669612
1763469
1920856
1188111
688705
2406590
666824
1770467
2504033
900371
2304597
2717105
604897
991258
1634355
513185
255312
219877
917230
1420404
693762
69529
350374
1920452
772376
1356282
1296498
1428338
2736174
777036
256098
1425342
2337128
1332155
2573259
891199
1294093
1408032
87752
945897
2107846
2380663
1484337
957294
1345373
200166
1198320
1860340
1265624
43070
1991319
1667486
1078890
609374
2449407
752488
1320763
2158643
797550
1355094
1155432
258908
819290
1235350
974599
45094
2354910
1154432
1036426
17658
1028312
446960
394362
851592
1153146
1362693
2757944
399993
985283
122379
117463
1169828
953229
659369
1602780
84091
420912
366098
95014
960673
353440
2107308
546209
1788816
1164661
1131356
268348
766362
321120
282510
3016875
653022
757701
1010022
2093423
1734565
1441226
1591845
2053927
1811434
618562
1083050
873540
702406
622913
1194630
404003
279930
165344
815120
1387736
2325431
544127
743026
498516
1651575
1211940
2556240
36103
2224917
205147
2407607
1045939
2549332
437198
2335352
748654
757545
256454
599529
1537928
439561
2171520
1177738
2001376
1139348
255926
1641907
2252393
65169
3003049
1043480
2574419
1551155
1600241
2401207
452793
194403
1490578
1332216
1404938
914257
94106
872505
2821056
1743282
83513
288226
1223812
1633725
1348392
489059
198489
494723
333870
211704
1253901
509090
2560123
96474
1498052
2246460
831942
255053
865957
710827
18309
196742
1679477
1301368
2866280
577721
125705
842098
160966
37655
379648
2202478
2003519
296873
295451
2734141
1052026
323030
87211
1782912
774546
1393731
1539242
2163379
70811
749726
1836181
89101
694825
2554675
1178873
661957
490288
59080
1358546
417673
1256970
2628490
300246
395535
220928
1338337
319558
1613005
139840
1221129
30606
2615675
57462
2003144
737796
115773
897811
423467
2174740
262538
136251
538727
923029
642316
313145
1874424
1635453
1591352
625048
666877
982276
736080
86465
891491
731065
988202
1404713
1057779
1153556
6208
1909047
2400793
899937
73163
1209488
1909137
1798822
1829453
2323040
602058
1140406
1038987
1539379
123103
647666
548221
103534
2119850
1676617
2636994
953645
696296
2028324
2653031
2534536
1383361
1526787
178290
1977544
93593
1539177
263490
2164071
306346
2810177
39759
1430805
627207
711139
2359773
2260899
1923403
852114
46066
862676
142308
325897
1627221
157540
2190177
1714002
1666406
40147
2586558
547250
1114972
1103572
845220
256635
1371216
1425971
2475813
2803639
112963
1866904
1471624
927834
1917726
683999
1182915
342770
431375
590640
1006047
781031
2152510
618758
1963742
1820328
748496
301986
1983007
869218
2355841
758963
999118
166803
719574
932549
713374
623561
2647932
1477528
395353
2871084
2363841
307672
1894435
1369736
325068
1192545
947575
1378694
820501
1632877
1708323
2529313
1736716
943170
321224
1286445
263855
1250724
516279
1146958
459414
620777
353376
929047
1494851
91418
22097
1701555
717719
1258693
1496896
2055400
1342105
1182917
1500276
1244969
48747
277555
663131
2360575
364392
273739
1041197
991476
1763261
1619596
2761925
626594
1814668
1883263
938507
968257
1006962
879078
591652
2216712
1182112
1508583
1415743
1455463
206228
531736
583999
1415315
2647579
1838141
307827
750009
2265559
641387
1316462
689436
58887
1266921
513175
1426060
1273096
2020953
422116
8349
717147
122190
2673
526024
2598264
528187
1408844
1309265
1823021
2979132
857238
1209647
838995
809489
236811
550342
785285
2498904
1840805
66521
1100979
1113975
1309702
379066
710544
1303340
808112
1808082
2120521
1500624
7450
309330
1693894
546372
119019
2666778
2315185
72156
978633
948014
407136
1086978
242077
297156
70612
2540571
1167070
1256356
2514584
1072079
941434
874633
924295
687675
295798
148486
1756914
1762697
2058011
1211742
400555
1556376
1966228
2261773
294315
1550275
544269
1044998
54201
1298218
496507
775095
1190756
1814733
2141676
224935
1229858
355546
1264293
441297
6703
987572
1173905
1128754
1773574
825967
1754996
1765161
2525793
480171
65040
173983
2428606
192479
475387
1162642
1902243
1437474
2368884
504447
318871
946594
615967
196479
109082
686483
389643
1772496
1731299
521791
164508
930919
316052
87991
721256
69934
49398
254276
745409
1182259
155097
379091
388047
1930812
2045192
899780
962577
508207
1848684
1008680
1252064
1829151
1060153
1321800
436077
973715
264660
2945647
1054559
452076
2596893
2213830
1184526
298711
1171339
3133724
2692279
289796
2771753
1790602
13135
289472
2349320
114220
2096900
1860146
934191
895470
1105555
117961
2285894
154907
1991195
1384237
793864
927995
688522
110119
2954345
1250418
989845
805269
4920
722919
77460
901939
664076
437348
58444
2148717
1907893
775219
138250
1022685
738258
1147684
1235657
1184574
520082
968987
660734
130563
2694391
2270287
210545
416449
209167
2478187
3047678
1877138
2799372
2447492
1140418
113866
54513
1850758
1760998
3080325
42846
1888869
747110
841582
296262
490431
1525639
1337045
2171225
1960407
504966
1731875
1539205
689447
718380
500182
696548
1442748
1055352
147968
585378
2495186
337561
1842706
1032724
8329
80311
122352
1967422
1868032
396143
433756
75132
1148541
668962
57204
1885864
1029965
960041
1897404
1515265
290331
1462117
1375399
794114
1013791
1840795
888170
1346247
511308
1504968
1831773
1212811
55168
2637246
1149146
1402517
2960809
739868
538720
2548835
3037935
1314963
1453887
569722
312797
1354873
2136984
211698
1268632
1550695
2152815
2373924
656228
379239
647463
662257
1622191
969016
691420
2096648
285634
1093453
586774
429046
1522611
1103589
720551
1779553
1756139
1652120
1525737
1780190
653339
2747520
1530104
1318058
986497
20617
1311269
1430433
2886896
308212
381794
1351761
37808
456419
1765294
1409763
2094249
1045119
187299
743150
2521127
424636
1255725
315917
9571
2304054
138471
402853
889996
2512814
1070007
2262878
1270318
1268095
804815
2024603
1598437
780440
930697
591691
443118
480643
281019
224982
1447654
254357
830879
1123638
109963
952639
1887621
1238739
1802275
701717
730695
1573780
202554
2812820
1564953
769458
423701
1929449
1841396
195816
144435
2663568
189049
1467344
2898034
410097
2028960
2941365
1284157
1240842
1268496
56302
271669
262774
2825815
2042957
200990
868441
164790
1467662
67862
63579
541907
253730
1099390
118989
15788
1185067
1768338
284743
2106046
47154
5393
1176516
378821
1112731
2387210
982205
402078
146669
785313
212482
1633308
2489900
628672
434636
2971464
2391562
929608
455152
1248778
230289
1899059
819589
1164341
1171330
1410070
610989
1484463
494242
1738423
558659
104793
1249902
2861057
53941
126625
1696874
1461766
273890
2280909
2389551
79035
1204342
752846
1606830
1219343
316050
640891
245962
2051753
995334
1775883
97179
259754
370433
241080
1256638
1277187
2342474
1600791
427465
1961443
2251397
2888552
2244525
65611
1114701
486542
638419
1859182
2559817
55483
324142
632757
386423
1779467
1238888
1971354
1900886
2182856
1060869
407803
2339880
2879185
1516519
1412277
245622
1172850
1393964
540292
294350
669472
763152
785337
399570
2185948
522466
411689
704309
1769645
437368
2357990
2611333
1688979
313959
1172346
767009
2407866
244484
211319
679673
1024166
802785
563972
2502232
619048
1020379
2733133
1216451
1468371
1149019
40667
457693
1056331
2968935
2401126
379488
1766133
439841
1498515
1246834
607432
327457
1661254
200974
728201
1579485
2809621
453796
648541
1765401
1475009
1407499
1328990
1901842
783059
70508
1426373
1394682
9109
1996882
1073481
821261
639654
154534
1015163
1527460
154086
2196331
1250581
552014
1419991
173566
201356
1679212
489224
1364558
289722
2643642
1710283
309206
135025
1132988
460510
959862
1105889
848267
1614146
312071
125132
916003
608308
2097315
562344
1530014
332685
1144930
1486164
1468252
1891977
190852
153536
2691524
2860321
5207
2581507
413016
1182896
17052
808864
546330
39327
955743
352237
2240840
438632
643109
42517
322611
128268
849207
1703855
1291072
1807313
404961
1830555
215592
437366
585037
1719354
259589
140565
1040430
1004782
1354203
415329
1223784
1004044
1888045
243134
1201463
869788
1073700
232066
2646739
1942543
2367083
1596993
1171691
871175
244368
148505
2381531
1053349
2080324
959989
1637071
1318008
686776
164428
158055
1123876
141486
2583658
206444
1787481
2802838
404765
74134
1293184
451573
322577
415032
1102605
3174759
2429439
1185510
1797577
2686997
554101
481072
2126863
1940210
383750
2489679
1398583
1461924
2638031
2322007
1833958
201252
2420232
710865
492185
2292782
3108587
2309260
2884404
776594
371923
254344
697269
28393
380862
1628251
935485
1112926
247626
1105858
396541
1488999
1960195
1118019
1990234
657491
2438215
107751
639507
1657452
1896329
681642
2602677
1016801
349806
1725967
1272951
2145242
673652
2130302
428871
2054371
244990
2212729
2787444
504615
2177681
1003521
1089360
925169
500617
188384
886988
183494
186563
835461
906781
1003387
2781464
1008218
1397919
2503648
1387940
1153067
592253
1250433
630973
1187046
2149338
116876
551050
588278
660569
1176316
862647
1095494
702035
199658
66820
1216639
1144640
995036
2193279
95885
1098465
100816
1197801
2866551
1436750
689171
976168
415822
884165
2337132
1300822
845838
907621
1005232
701141
193538
1971992
345394
1285138
884833
2092608
603701
1014004
1706245
2661979
758636
2699434
2838794
380037
631176
887900
1201276
932533
484615
1905682
268279
205774
2701220
998227
1761607
140823
2433764
1037368
862242
1068537
264240
1551231
880289
1734441
2258116
436245
830073
562282
1639753
2601939
1250288
570036
1262688
88244
551499
235679
1228683
2138809
452562
776259
641339
1445762
1195487
55527
1888399
1325647
1561901
530506
2017210
1472829
1869317
1560699
2469511
37411
1798213
880180
2657265
315556
2621898
1560162
1108464
724763
233043
1546934
1056022
97578
1423286
762807
947369
1447861
1657439
2346771
60490
621935
262406
1638885
894155
253253
1536835
2717758
1377829
241272
1148750
2791202
1782940
1734650
203850
670234
448036
1162575
956075
1712124
1524202
894322
204597
613482
1284220
594625
193459
838285
71456
605583
312257
1324279
2443385
1276365
862075
1562930
941080
103422
1147147
1230294
988144
469972
653780
538435
1315700
368886
328323
1830658
1003074
1703179
686520
497060
69478
172044
691814
1804818
63356
190431
928158
704743
337178
2830429
2653960
74096
1430474
1194243
1348309
418971
780217
1665105
899474
568139
1386909
1349143
1170782
956083
153100
366623
634172
449802
1566537
427620
20558
1742383
1422175
1668131
153728
844841
1265548
447335
1338095
2011157
2138693
1355760
1653792
1027682
2478725
1078613
2265621
841619
200200
443293
898411
1445500
287453
1044763
1222406
602474
2756719
885852
557354
763533
819273
116751
626520
1697771
1200817
36309
1554321
1036731
908036
1155245
1886510
1204288
581228
2884627
1098291
389593
206366
1816014
539191
1068783
254699
648246
517265
287365
1544486
559817
1986662
772202
1331858
2187134
233410
627116
628374
1807932
1337904
8436
888765
731816
1900067
374799
1446535
200808
990775
583579
301424
362442
1662177
1237374
1709262
1538758
2663018
508323
1679637
906975
1712111
2463269
62827
1445690
995319
902449
2315355
1039684
2450264
2753554
289424
802537
272272
1647852
1519226
1046158
765202
930025
429037
1899942
124961
2166363
1067886
103619
430328
306619
879168
621500
980230
1783815
158021
37362
2451807
977667
2673971
2484214
64292
1661409
917489
2274716
1116050
978131
117096
2146366
189217
1533093
1732195
936721
500766
2766833
1189030
2332668
818177
1945016
491135
521025
264528
1382827
142368
784189
2291718
130058
859309
86595
1672053
1021272
305793
10850
1100168
1315636
2425917
2101036
203345
1528174
1087699
1922872
1586114
110889
2680006
359204
797717
458110
2129319
59905
410197
362170
2619229
571512
647514
1472569
76120
740556
82460
1435478
2578600
1606349
500358
488621
502231
949583
2076223
1045068
2230975
557002
1321807
1713441
1736423
1344070
1599702
18631
1949747
645046
383690
1474474
1587030
1821763
647358
165284
2438743
834458
600825
104716
1848437
484456
2703430
629031
2658190
390454
1313923
179729
789062
832949
1333788
1920012
60828
493222
2876039
1408212
256169
645691
2550447
788111
2719554
683364
471253
1053510
2257801
860164
302285
2579417
906828
361407
367915
2002605
2218139
865778
2384884
1690645
195352
561763
121232
879374
19731
1302056
1668423
358223
111141
1970501
