265736
604438
1062168
269110
1157052
1248882
2193497
1326562
960735
1697408
837945
1175814
818159
825067
1041046
725586
1505640
1012632
305188
1191813
1321708
522918
1955195
1614783
609908
1207911
1013663
962621
616137
259288
460310
683544
811
195286
585698
1420422
1718196
375895
483154
45598
696379
243209
308032
255021
78931
1867060
1947829
379863
75760
150672
1073456
987236
568245
564875
1235899
164052
1861578
435049
1065356
534722
1296366
1985417
228704
299460
1817183
51380
447022
478257
46667
2422850
783203
337914
372434
299989
2250716
1833439
847906
674719
331389
2184197
808794
940764
269745
521714
812274
1124718
1103603
1213195
877698
239751
878728
1662606
1741739
1279504
1536159
1728172
1805516
1149485
583202
328653
494673
1541390
81236
1033409
163384
1814888
1673677
456589
400241
937833
1022779
1564944
2361292
813083
572087
2140597
1792495
1462138
367326
612728
1275925
1066164
197331
1640980
1949063
103526
37861
226538
590559
972019
738489
1390202
1384011
791775
1334401
995877
347368
521429
1886344
1338953
138141
88849
767990
722458
994791
404832
29847
466350
134108
592922
681101
691175
227290
1342441
25071
411033
1082409
1135067
900115
120562
1340982
1010696
951431
75515
319145
1409503
838341
1314993
56180
449258
1931201
796379
289071
196476
28638
209089
572561
633386
2398626
702620
920606
881294
927184
1610870
983998
627022
1232073
1857042
1611447
1238488
533517
75660
584125
103692
148651
132928
404813
973268
1395165
269532
1286024
777368
1642350
924124
920433
676181
454959
521585
1324432
1344725
114385
254873
2145817
1243474
1019987
1191612
1461516
69257
376375
364156
1697261
1075641
1965415
468715
1745641
223410
651866
492014
2284051
512133
1240962
1090034
1905365
16989
1052263
1853023
282683
577885
16490
119436
24698
1085066
53541
582374
1375704
1960152
398046
124129
103612
599693
215050
1989705
243130
638830
1092418
1013401
115872
531399
210500
48562
907133
1132758
1118963
2206222
784255
1137203
1299831
1513322
422821
1345274
660412
1065697
993343
655183
879662
1877057
210630
1193312
1315202
1074146
211523
1673857
1182241
248807
737353
444109
1554803
653508
1187337
84613
839798
489377
1332958
282795
352831
1325825
1743191
43857
479959
2211082
1292836
1040354
1861292
1566990
136739
549657
755278
635289
1455133
774008
1435525
298037
2631508
872280
811067
441337
1278218
81815
571282
688513
1688290
72505
1802535
1159025
244781
482498
1070213
1484898
588369
576541
1021703
75225
1426911
1621134
687606
70867
540684
446610
1419302
2106581
1667348
972329
1207180
820700
255756
1337482
771554
149481
439692
1436537
754253
1339782
17117
40679
613964
93609
386606
2365933
520112
340777
209121
1038734
384085
2379717
357201
191212
1269143
29623
414570
373519
1488325
1558208
1415553
289412
94563
288250
554630
64927
2737574
677001
1048041
922685
1542045
316776
40241
2247441
598756
1633059
939369
497313
58356
2173851
787313
1514879
705440
1715015
174925
1978453
1445286
1468925
821888
138411
807465
801402
797370
506890
2173121
720308
608226
203022
1795514
517704
1420196
1682548
379685
565368
1493148
190000
1251576
269069
1423819
344110
943750
474138
456444
1355531
1392757
1583103
574542
256556
2352464
1283788
764032
1050215
873719
69174
1179969
563884
2135631
138802
419611
1496514
369730
1459871
850732
1808931
230065
1497516
353694
1646040
1143235
1684071
1028277
2243311
661965
49886
182162
160245
1472776
931283
1168875
2198500
560488
946261
519644
1296117
1073651
973674
1239520
1218950
1056477
1859407
1977291
1376554
2619059
1978409
1442818
2134378
1157343
1558128
82453
1011057
1659074
1904135
348376
1103379
341430
89697
17805
1279571
994429
1160405
774565
199993
841819
1830425
149644
2389898
116465
666261
936969
32323
440035
1637678
112757
21041
350624
473467
335607
590927
1132558
792043
1423028
1958939
208768
455671
1061678
1042749
1874192
1448056
171902
1680007
680047
996729
1040613
1137934
700397
1690193
252071
1116571
817446
728206
992839
1314881
129465
900197
1259131
69681
1889611
2472014
2006685
157922
1917264
941865
495052
525830
554055
666947
1266554
1764049
1748043
1786791
847394
2334793
1091373
361063
1682007
1740389
900565
545813
721874
51308
99840
2220071
512635
1215711
1363821
1274269
179198
661093
1081742
875236
264456
503813
761926
86946
1542543
414625
753036
1906783
21774
1588222
708541
730848
461638
1634419
2389923
1582728
356486
820238
634656
1939378
1660892
1439308
886513
859721
160201
1191897
1171875
95451
744460
429458
390569
600944
1517287
1912681
587351
1602904
574870
101566
2109333
225151
1283356
872214
1296921
1854709
2395894
1515047
1251175
528302
2081372
19773
24372
544344
171574
363913
1151265
2009044
549774
51745
275828
803356
2071722
445697
2223793
838264
1364533
466109
812166
1139709
347194
1605261
386745
618886
295774
975602
1338591
668770
897962
2538377
1116538
814621
1403080
561567
2182806
1962538
483770
961440
1053309
272583
1863399
1153907
585676
2178328
1612877
1432790
1562040
614740
577782
163797
28448
595562
821705
577256
57744
641931
442037
239593
524633
168840
667132
117921
1938034
658195
333550
1976252
558195
1112107
1247993
458118
701456
1071794
2240313
678137
354159
400053
655865
349463
272475
297439
1593069
411593
494964
1116637
627680
837575
1577673
839048
2702675
2089276
264792
509161
907284
1162855
1294108
2369967
183319
138511
59027
2072532
2186453
158299
1490867
2120352
2278473
406428
1437782
635093
1991975
339763
393281
1642765
30197
648749
623553
853913
1351822
607549
1589037
137917
1969810
2242317
15026
1962584
773009
865667
432976
753080
232765
997640
172085
911790
1245450
325264
255638
894764
81959
364793
333191
451623
482258
431375
1122717
656860
907955
1796535
2336508
709451
2289690
556975
1738287
1376662
2062965
1009133
1347120
312048
249921
2094849
700506
1139700
419447
1540759
294747
60456
1218900
176869
317841
446107
1537332
640433
934223
2027107
233471
1094209
1066217
111380
114677
1493768
1918015
963210
178892
141963
601136
1567827
1447593
534930
866814
224710
614408
768582
1643725
175040
400710
487782
1510222
1263338
1752875
750709
1115733
1765138
119067
235732
2111746
801863
286288
354291
1118742
954061
172755
1702883
436748
1758185
2269030
200821
424206
2084350
8461
179360
298894
592321
2084400
1363062
675513
23439
530573
697609
1915264
732387
680107
236946
2268318
2596615
943569
594262
1467001
965288
284075
1153884
782936
1777265
428087
930605
633238
1965554
309743
1651440
1854888
1436892
2226772
1440499
581502
1303989
1518716
718750
685524
394828
750977
646915
429334
193697
1112956
867302
1379266
1903857
328173
12007
934477
1125119
982285
476580
2217618
77780
691244
41232
1500163
990480
1760076
1502606
1936544
1454701
521454
57225
406109
961773
979406
716211
2077384
1804023
1040191
1560163
624347
1116961
643072
385610
1458784
369351
216398
1868560
1324151
476158
787076
48497
2096132
1023553
1108933
1046055
1969658
764968
135173
2285404
1665954
1909281
1577128
341336
101291
767655
19082
945818
323608
195287
888153
163538
714699
399209
440680
351800
1547213
1169004
344278
645708
471170
93205
1354093
1891958
422691
142651
636133
1801340
214791
1601423
2737090
75292
1604004
1098888
1381662
578108
120449
711899
948421
320209
135517
189372
479633
834481
1737337
1542861
1703366
407652
1444683
608114
614800
1674123
1223590
638987
1427104
1013162
1861055
352421
336385
221551
1032643
987823
256083
1457484
100869
914277
1679142
60181
185630
1028085
1016324
373514
122815
78218
983634
912205
404974
497034
721252
606096
32565
1625225
829670
2575332
1952040
201633
1111555
780862
793723
1403054
2209199
1773171
2564004
701060
317219
98419
389575
2014627
2672409
72623
796224
987754
1748802
295764
1207112
1087932
1405169
2599895
1810103
48357
1006118
384768
398174
148248
219568
1135999
1724537
315808
1713700
102887
449130
486900
93272
1546384
734873
996862
41415
38221
601480
2070835
1415892
1185777
169335
140404
112452
1993661
1128545
1485391
539466
1138841
804478
44265
954393
171568
715121
131746
216602
1107627
526619
448016
1176819
1501544
732940
1866661
1071692
1917119
2610765
1609909
152211
160600
704857
1830426
197963
1525230
1307007
652813
554680
1152529
2421550
743717
557350
1530826
348469
567687
589720
529324
1616925
609319
1419728
1646837
1621203
483597
2364381
205948
122604
718897
701618
545971
1329807
1122645
422645
835480
1515629
1512428
2325
414787
940850
810787
310300
424811
562633
1206702
1060789
631944
435706
561616
1867331
584745
720086
639225
1535943
551155
2044859
1923215
47850
2050447
472140
1940997
857920
1672215
365200
9133
2174648
317492
1242220
1052736
1361258
72704
2565518
92868
735512
1467159
637335
824157
563539
882442
1679607
1446592
2123113
897298
1270402
1478449
768159
1209332
296794
1902233
211318
1461784
1341386
564574
192635
962498
39572
728983
538586
379926
1140514
1367287
2503353
747238
534192
1524232
1182464
2216229
232112
1505336
81846
2177108
427607
782806
103830
628464
501535
625960
1985242
1421618
1075482
359873
1290
533235
1706381
514994
867244
766581
1069234
819414
1345189
110462
332395
143449
469158
259322
140010
329246
671902
672422
31911
1721262
469976
1144991
738921
1951238
69858
2057217
790483
94443
1168406
59958
2106495
577533
204125
196098
221113
570393
832026
474501
1101584
1392251
389709
851315
1501249
856309
332564
144526
179754
1131664
350017
1046182
2317780
1225061
1471562
725186
1516090
373576
89066
653870
1070608
912203
993998
1381533
979729
1088191
2581648
2155441
1027619
521194
1605110
438167
1038488
928799
1468596
639888
720315
1320244
888829
646564
2695113
2507394
604318
1949542
526524
452477
1643084
1910664
15045
917086
2020042
1243280
1043405
122896
941460
174760
193625
442815
999451
964571
843311
1017490
1021054
912305
1087143
527543
943504
835932
1615929
1026231
1461739
956080
2123593
479701
2619587
1037980
421158
62708
1138437
485486
759564
29277
1045758
1609869
125220
1955166
848713
1048037
1464365
597411
67901
98775
1564570
195893
1015609
849871
2293717
211515
2299849
947602
983637
1423098
121837
1062205
620010
986345
1106208
1538626
1092301
1059136
2031884
122888
1617171
548910
2178553
583359
1493047
800310
414951
489682
2865
1189822
1801977
1559998
641357
71162
32609
766475
742765
413483
451607
261541
1302459
1614033
256812
1417848
176043
2102244
361596
422642
47187
194940
1376946
1024218
642016
389805
1159011
1129878
337975
1354971
544600
1149203
2034986
279319
1794885
1837860
238790
948429
136652
146696
2430994
1857944
2268431
466678
721754
1174733
1843349
227515
566606
712449
1994221
504784
1014982
594263
612286
189138
1377980
44291
37262
378261
499900
1151581
1847213
1832454
90813
1359414
612647
357746
1488103
473842
2266150
635543
399486
1088063
1726693
1001625
550967
702359
1487850
1206055
907055
1386210
58521
1951303
247898
223908
369307
257215
345345
233254
633944
465900
119788
2354632
1565814
1193491
97886
114435
1917477
550817
1490703
1437701
2284184
937303
1962255
1279379
348615
1053216
691908
498940
1093242
1443251
204018
466752
361469
758536
2132983
2021944
202650
738269
2117252
846656
526512
212973
6602
216815
2194692
154802
2035319
858243
1190032
1716693
304727
1674185
691308
599858
130659
850354
1473406
1699158
264945
437549
446778
821101
388515
1175163
1972056
940751
927876
361546
202355
2063568
1097672
1603137
1704760
1924741
2143210
2192458
46273
31074
790893
1488998
438386
2029916
218005
1542917
1372064
2373933
711028
483729
2333809
66816
105988
429875
1444001
1431223
1031124
1456821
1229087
1481581
1077416
1407584
963106
887606
423991
102909
749666
1057689
504483
1187550
1285890
300779
46489
1556291
307723
341535
424849
303796
1026738
533974
1342181
632080
419500
1957919
166048
755266
953696
1203492
1028004
384138
2092123
706913
213213
827088
1049507
500833
2014615
1417751
1134606
576699
49473
16479
1080743
1162121
2395263
1503530
259139
1238823
1155688
2045705
355740
1213446
571129
310229
1353050
325197
1299528
1687435
243460
1142065
2387416
1274039
1480051
1454736
992734
539448
916146
2477552
371194
1179586
702667
235573
57726
1209028
302624
585222
1109860
57988
911491
80419
364188
953141
368663
1970845
1672536
864481
471596
431633
601600
284986
908149
947147
1104877
1039203
140545
1080667
2225842
539451
790739
891366
411734
1355503
2253663
2286141
1446344
1568335
546626
544896
749449
1632450
1158323
703530
163981
445460
183516
648746
1021064
332968
750092
1639430
82177
2111962
315807
1518966
508370
1279376
1618096
68163
976976
347460
2257838
844880
668553
156897
1132942
923037
495996
1461826
567158
775967
196738
1500029
1274553
456105
331894
1130477
170280
2139481
1576724
953613
58969
738626
633158
674881
103833
878433
269743
1104993
511454
2150389
1807420
223937
270505
1038653
145933
1166463
1933744
1142505
147852
301062
1188579
1917308
1085563
288320
994526
1030659
576688
285827
1480919
539252
1316821
152943
606632
2079517
1808921
81131
2124132
684437
923507
2426241
378100
1804435
561179
450177
695571
721153
28434
476342
624865
1725562
992591
1471911
212520
129907
953837
1371457
1516467
374240
1300867
1694248
2030561
555596
903004
784467
2752644
469551
132643
1378789
1535480
818898
1652514
827813
278829
670051
900064
256396
663824
106513
486174
170007
487856
544855
817555
1502121
780202
1632171
2325166
1461795
573988
826712
492230
63520
592101
551797
1798260
653157
213830
829713
1992005
1725486
1306965
1263832
135332
650868
1356294
664918
361115
492848
1291140
204358
1252296
771502
1286023
1951570
592600
855475
641717
2368830
9631
162413
2138501
502793
1087531
478835
59807
1056945
1627179
655138
571647
674078
1466833
1852342
614381
1249077
802404
125544
1012719
1899037
698184
1133824
424139
395962
1090749
577011
460692
928429
2289116
1639769
1241385
305690
916164
171132
224483
123330
237416
440610
177979
322710
678984
398510
276511
1247621
787328
280232
876270
625262
1111398
495729
478324
1169584
1803816
19752
1028617
132451
235179
694444
51688
1153564
885954
1371412
1144123
1060120
20801
774400
1048239
742309
1799518
2335248
1916522
1511801
94317
52292
36031
1028769
380830
662573
1218533
1503467
1492984
1401968
603067
841475
643147
675520
1209743
103377
2126513
1737974
1128945
1650148
1977081
58808
1683449
718138
986399
388905
923763
1777697
328301
568611
996498
357318
1443637
1531640
490096
778245
1775134
708785
1470771
347502
2363601
456472
290224
275315
1386835
840374
101838
1595814
1606785
1774865
897423
237898
735691
390666
363445
1642266
388648
1117127
103804
1359624
1231524
1088765
436850
117348
1091341
1243275
1750128
1546556
684122
2112118
779894
624621
1191158
400131
561597
1186107
1568585
2051548
125247
354811
942445
1267856
1824533
1795338
940296
983372
907114
428421
1992121
1170059
310265
633350
1111388
1471917
849267
1240906
676322
220518
1327401
1760921
1020472
1269369
169712
2505039
797902
1118593
739268
42672
588787
2102987
376204
72534
2017718
2511413
409101
218733
230110
1013102
707642
1637702
354897
1994098
1650375
308366
675085
1218750
1535109
1087438
220006
647222
248179
635089
590467
1578543
555309
1206752
1715568
2378176
122581
236615
572209
229639
648731
75528
1246948
457270
1661255
989387
282235
1984424
873228
706270
1338360
1382666
90473
397880
167297
136269
1520295
2320317
117112
2416828
101550
203861
674859
1972336
669483
1009889
1304793
442252
1819013
2255040
1249932
40856
73750
1555547
1332322
2224919
507714
1853686
522013
1745639
203982
1066299
62920
1256780
206711
1380820
951099
554564
196925
1616137
526017
925919
256007
553319
1844824
1417404
638839
310782
2458505
317629
1831699
552098
610474
1532871
114773
236461
782473
1404975
175406
871494
1147343
1151986
1658310
1713031
1753355
88696
780657
1021125
218847
42856
1499638
156068
614705
518701
468865
1421105
316599
1284091
1898737
1888620
1441073
518730
713397
1444071
598792
1399564
505161
1671011
1252370
1231323
1476003
828646
315328
129301
1044092
125627
1141015
1294780
1373167
1270429
923782
861031
2457459
1178321
528776
427694
1218441
742748
770099
321814
1265803
633051
753908
1861114
927007
215234
837496
502071
260531
811053
280892
1663485
919854
264880
38709
630579
78976
711485
409681
1355830
154111
554327
832314
1058632
1531920
696794
1948002
1394238
1437780
256387
501057
1230414
601620
173292
36983
1323
323026
1618231
113873
1572489
1581182
497043
1355906
596840
1788298
19615
1433934
1935320
691827
152316
57481
1639234
2016929
501978
969898
245075
71616
541112
622960
50702
2260048
487287
1775110
1106209
2064228
851151
721476
5120
648222
50095
2041912
317431
544848
194021
728858
111584
613525
1035637
1412515
3491
1766685
502827
1842
610087
825716
2064836
956844
700149
913825
1685440
1005289
1151913
232071
614118
686719
1156071
1531957
631635
2155219
2060242
790896
1397717
259579
1959038
481095
109868
2298313
2205311
635506
2033589
498096
1361729
1358093
195825
482696
441159
777909
1053141
1320093
338681
426732
639193
655498
902883
322745
1927288
344202
654102
1968964
1914351
2418055
2427459
182890
3872
801083
48810
569233
832532
1465974
2046940
894286
1527303
245863
104711
384607
2393985
730882
1794198
1207789
577349
1018053
3999
753174
878246
268930
529914
1044436
75851
377461
1738631
552748
199010
360516
84323
141114
1408346
929453
410827
215398
1221577
1810997
1970537
1536442
318942
1080438
490688
358836
245801
543801
452126
451254
2077226
1586656
624314
1372185
911315
625983
553218
1548843
1589561
2000899
303979
25876
794604
144759
1152096
668747
358940
1211589
805460
1985636
670850
1402960
363613
2400576
6659
607536
658234
2052551
654644
647816
572293
695884
280065
288799
1743123
932603
515276
330158
2638534
924742
42691
1775668
1487748
1487080
36482
1396130
1420805
173126
2028804
303205
62430
429805
313523
1674897
68131
309231
489501
26475
723766
342776
1512970
419764
1474891
337054
542146
70542
1237925
1312936
626099
588713
251711
527572
1951951
866185
1140515
882685
717310
744075
2559733
1226574
1338291
348525
91858
1082498
2309025
1692533
1749138
1280972
599681
175407
514067
959906
1120691
246147
441458
1655955
55876
257880
676503
492671
115141
1058491
327188
1417005
180482
1256775
591716
748052
38774
2406588
2703297
160838
1446434
751011
1608082
381694
1548658
235038
1915073
918525
1714378
644522
365963
1353441
608733
812687
1070317
382119
200332
36721
510005
2068647
1561471
1260352
293946
1907323
1252422
377583
204350
188287
1542420
368704
1650741
830571
871303
1086854
18543
529442
931071
32952
88091
1153335
600720
205088
518628
501245
1962985
345644
571586
55037
1138938
2131278
2206591
1249905
282723
2351428
512482
383987
1542221
1939227
808226
605583
1590390
1727106
436180
242775
750887
817912
1970370
2205408
1584422
371347
169794
910684
381544
927098
124769
1760790
1607231
1032875
1654576
1063968
1887191
47562
877734
1021347
779905
1705803
1408966
786466
2323997
197851
960608
922315
1413534
768293
1161278
669558
400212
1670892
983572
870393
184769
2564905
1080036
455922
301714
2940
585017
1135605
847328
447886
464357
653642
69390
1573202
779310
1500349
1373700
580049
233382
223812
2073346
36485
343680
222332
1092151
70438
2767345
813202
2672407
239512
845273
874333
1554181
1861374
386487
189914
2072022
1392701
1060562
1017045
147393
1042920
322173
83199
1
183640
2401449
1363362
55852
1311832
1634873
67103
1351533
607813
1543527
649167
1740726
1020438
482570
1554524
398167
406464
236885
472328
732017
180239
630870
1229365
363822
1635138
1791800
806816
55969
349619
548854
992760
397229
1382174
527229
1854090
1616861
483088
1471109
379993
46656
672198
171213
931037
327321
1446753
90735
382766
165609
1220757
1997252
462833
170111
979736
53428
763169
755921
515880
280781
119324
1730802
186699
1120118
863949
214907
879009
1206300
1192512
1557106
77978
998969
2170412
1145903
688058
503439
505490
291379
920062
1276676
1098496
2601393
1583966
950359
511069
67415
401649
1008507
258383
636126
2365726
445544
496507
41960
167261
345423
1141223
387581
360292
137157
351483
306982
1640521
804895
289981
716857
695140
151282
896741
388028
1260219
126537
620735
1157494
2644473
346051
1473578
547814
738629
115613
714822
1134047
2018375
783683
784268
993152
1026142
280488
74983
950435
613314
903401
94576
398863
1855272
1204568
1088151
2480
1092004
2011016
1661537
298104
160228
2406068
1449889
1613749
1968673
1739707
1601310
88751
767096
279190
174974
1428125
623515
2286178
2054256
1836917
241374
560248
520298
342874
1075749
668851
305928
1791091
563804
1424840
29192
620789
1995656
959166
530481
390653
743535
576260
1609359
247213
1055295
2278881
167216
172510
1185557
179675
478099
259818
1711632
985119
524948
1412601
1344597
358768
20544
350618
636019
1383
131209
319895
379919
544521
59442
706684
1392631
1263324
440756
724615
745200
246301
448314
606188
1354618
312803
1889258
346819
308273
321146
1307006
529889
659279
449890
139671
531908
653318
243517
166989
846668
518318
1062418
616933
1973178
42467
1512492
53987
544663
1519133
527247
57777
1386313
138945
441914
1401491
1718165
159139
1765332
417880
150126
1630480
431023
1615544
296017
1090407
633701
1434473
495573
282841
769331
2266621
430058
82866
1404430
53187
93080
1707351
1162442
2507752
182319
1051070
1103514
1933676
1930503
469821
1874829
453137
978968
1374860
1509730
1302194
295087
193952
944167
2277534
1916644
210339
707205
551661
742447
502094
2419101
1586834
1106494
989733
1566437
1181674
653486
565158
915578
1051547
1040900
1523653
736653
397175
46309
572581
1025937
485182
397563
196623
1282605
481818
1116108
1676008
1287731
1597526
51260
50868
780212
350564
1037480
2679460
1254320
1734299
192570
1569488
1943095
112998
575062
359345
1638119
1258791
906341
496270
956830
453383
428827
1164860
47029
959867
1091665
1333679
185443
1017971
1186498
2222080
667290
1247318
213666
1679141
129401
875322
675864
118551
1821521
1058474
1960208
1563300
2678303
1554009
948013
143913
95667
1452539
149041
1001760
952572
424529
935340
92538
376991
684018
1515493
1565982
946357
957807
536547
202846
1929
2195550
109035
1258628
153789
2319973
609075
108741
848397
1212797
1432679
487612
919181
1477024
527309
123385
702479
557661
627346
1302781
87978
1041362
2326534
118327
896042
1027755
2502144
812675
510850
1558627
590237
65936
470258
1837791
317453
1437052
2037650
354206
172864
43279
1916429
155874
362610
1458051
1281786
357597
658595
48316
19973
1433273
1405326
1176936
2346582
1127364
2318915
2692008
1393034
879683
874360
57802
296898
1882269
131243
2122951
400926
715775
837569
2090256
437982
231825
873553
1094162
976522
254099
99837
276614
880005
1870956
125082
141993
1030053
441639
1825637
163744
537668
1415855
2040138
315608
1105838
618711
608999
339906
1329496
465134
33365
162698
151141
778501
127356
1489941
1588193
1636634
957877
1893370
1427274
857254
1353558
1171763
2033061
1378380
527576
332380
1597197
1912906
974005
90890
1630234
41908
1483072
194615
2018357
1501310
70756
317290
282205
885071
564944
2112199
258827
717191
748080
238177
457653
823906
263070
770057
885888
662162
948383
2008984
325485
711005
4252
910097
629678
920515
542995
624550
236108
1322557
196484
1074297
377403
1176952
1054610
1185135
609835
1661250
1402104
1114244
1557360
50653
593521
343973
1192212
360074
785997
765955
298539
662522
630814
1553805
1045893
2328990
880267
601580
1099507
1091637
1916972
1873728
2025007
282547
1079111
173246
960809
1494190
1398035
2383001
1902411
1470452
109675
804098
591567
330657
2647717
633583
419364
682199
1772983
211747
1681782
1749020
684324
230841
186768
4120
1599292
1818961
441351
251069
1861012
589804
642620
2467403
94483
261972
1410351
19251
258718
637649
1071143
485237
1400915
1123857
2328979
1269085
1070302
2196508
271932
465640
1655806
2428096
1124088
1001686
1385552
926683
654540
1197076
115341
854515
605694
652445
1870840
1387773
95602
1524625
2020151
1013710
1609213
1178744
1410144
2415147
126851
1144561
1584193
963771
887404
581556
272611
2142955
502865
88755
177426
1005846
891942
315342
1601924
2028856
610737
1047181
1291701
99081
1276696
231792
2067049
1991585
1112438
8247
781683
73789
221478
934851
42492
663760
427268
2351993
51805
1395205
2536000
461398
829780
1371939
889262
385933
1190316
251762
2766443
645112
973741
610939
419622
2063103
1079465
626789
190374
336049
2440875
123883
1529055
857459
336504
144298
498276
1558938
978015
1807679
875841
893513
238596
1174897
242048
145980
1925311
277479
721307
157088
426438
1463266
1604598
2031912
240742
1611570
691065
269425
877735
2328362
1284444
4273
2048409
828403
843353
83433
302813
265952
53803
1007112
437069
282129
742647
839639
1155143
563282
308524
1238113
2033312
826
213900
31029
771329
1264593
20853
1973304
863184
1805701
20063
943630
103496
1120658
455849
788137
637396
1029719
1187356
183942
654817
108735
1366235
502210
1206174
1163750
391350
589690
1866967
749509
2070537
237717
399217
479145
95570
911591
1022982
340866
1060015
1175870
1287256
6658
786702
448534
1411977
2149702
281953
597637
246390
482725
719785
402512
1079236
425096
1297162
527535
57750
506438
349240
2137841
1189666
472977
226598
468247
1537074
141961
2368826
610165
2140249
1354325
385471
702375
95742
625186
668225
1878685
1857169
2453681
1510165
68393
1757509
712556
114001
2069309
27056
981530
323821
442900
2028524
1113888
107826
987797
609058
2271344
1326274
169456
701487
1287611
2133021
2011636
446343
368812
389860
49265
1236024
2120347
1225289
1216099
326612
1142066
1459274
302772
1220696
1442168
1160930
251255
727839
854619
368934
1023443
1075464
1585490
1138311
1071882
1307990
1572863
1198386
381963
1145356
520228
1252516
1766492
733199
963627
1105125
500204
390352
1210281
1365048
66654
364762
221704
246270
1557782
105295
858109
111094
346039
456638
541646
901283
942796
1663447
1131158
728879
725079
871789
2159175
804890
857751
1440539
2287639
1847631
85564
1096535
487676
500999
25567
974242
2438912
415205
840345
170714
873156
374760
725407
1851639
1011294
1218691
688571
215913
2321984
1519603
447921
1901586
366324
387196
376794
1435703
1237166
1207803
590231
207925
1333775
191981
2362732
324178
1431504
624004
2230429
1457223
1253962
1286597
559416
2311037
571237
1211908
284516
336671
1287764
200387
165271
102456
391062
2645614
1915762
758734
1085124
1576432
2055448
1133653
122372
2113111
91160
1927599
1827246
103836
670458
1106374
892465
553210
894636
664541
1256165
482719
924025
190536
490974
127493
1531630
971197
1095785
854774
1271409
38877
309523
946837
167428
409668
1531401
635325
172158
1850408
385084
1713499
248619
52820
1302744
2453240
1526096
49419
2110573
1103810
729643
160003
1041674
639467
842333
342283
1599788
1918660
1347797
768289
1758854
1682652
262690
717938
2013829
600854
1396976
64088
1394049
978836
1899921
87062
93223
2203611
1378204
1432822
1024544
736744
2339034
1938890
1646605
1557135
1246474
1377967
28232
797413
65298
268683
280925
1333929
1246723
598593
577179
2008632
120770
951117
992666
687200
1691019
785811
1314766
18851
1337194
1363322
1119527
1054237
1002466
1481533
474030
164541
1916003
80632
548464
1093877
2153958
365005
288682
1236866
111286
2331584
2323995
1721628
1621636
1165147
1111919
537045
1465022
482621
2515291
70576
111728
217685
638571
788220
641677
424656
1138917
356063
72956
160519
230008
1966826
1807318
2316412
871217
691479
1236300
1339024
2335184
565455
1490888
911933
147189
545023
841
190088
325985
943074
480539
435731
2128083
593532
1337856
144585
971487
1508259
1235478
17486
375129
1592096
1073387
692167
38474
580181
172522
295794
2031582
962955
343792
379553
38667
201749
481662
151837
1406553
1852771
303822
2273065
226857
852412
1743337
742352
16660
28628
1044055
891768
100931
914839
1396628
837171
375554
1490928
963897
700681
502092
1405334
392368
820855
131653
568386
359188
624185
2082352
1430458
708663
2176061
2631645
548403
748100
745852
1286107
603250
1018970
1997088
1431235
883473
446126
1197587
1340149
449548
2062210
521158
478819
835636
594967
1698
2266768
1334119
621815
32337
2244687
1622861
1437274
599660
911629
687027
959980
1338175
1982987
1762946
476672
1629018
655134
382643
717138
849854
285662
279362
133908
553738
68422
2583018
1317042
1450795
422308
305407
683874
567709
823019
1994457
582796
1328426
93679
217863
1602760
780226
808147
55712
478491
2543226
300572
1
596574
18506
1449914
1631051
2454391
99797
154496
1277291
1607711
157809
2298517
1175815
233114
1668526
1076090
815925
1297915
1538611
946912
1722607
333442
1558380
556865
647279
2541131
658763
1080276
345617
1121009
595659
277636
145427
1462748
1606547
1473313
286665
174531
65471
1323425
450187
442414
1757992
2018377
2085317
891265
610043
1268435
988502
907088
949225
864176
1991550
47005
17003
1056851
414094
616573
1811235
1091117
2006846
1910928
84438
1410588
601652
1086771
69282
1514989
2279243
1860000
1829236
1344626
254687
912625
1025703
1364183
2197464
1943959
564913
153611
628199
1291997
1190926
1122509
685830
1923002
98875
709893
364067
875737
861187
1885158
517549
1660449
234250
24210
161904
1749311
1904682
2118509
276448
305213
1819505
1573647
219531
35631
1238230
2188585
323382
1385009
855102
306127
357358
1041911
398482
507609
1395318
1478643
668273
1171330
1088102
1011521
1360505
1933993
238516
307645
912140
787420
1349101
1134959
2149524
1085840
717114
678761
1090611
1131516
1668058
1052112
928463
2142850
638586
624893
1109301
1349856
1800432
616756
905537
1884645
748622
1124664
927068
717628
276182
422260
1605004
195517
1565865
2189811
1330861
845102
540834
1233595
628074
675967
99551
511935
1487057
197998
1244435
2243734
257065
483827
636755
426657
1297170
30702
490009
1011864
1498676
1141087
1602606
2009758
696949
666714
1478564
1308610
569749
602755
2067874
428013
159774
37541
1080882
1747162
395514
2356268
738991
1034671
465049
629629
661299
826206
1669160
828478
129670
887716
896177
948724
2146462
854594
1340824
322684
878690
841060
307464
727786
1251660
1042992
48061
342847
2186770
540284
1821225
427995
1698718
761947
988875
281188
29513
1714812
183350
161354
2310854
589559
385984
369823
661706
86765
1378733
1783972
1758049
2055521
791096
10857
1837256
610278
1458114
632879
199911
1131552
621785
759510
947803
1361958
212566
1046027
2006272
1065648
719193
1723821
673806
1961899
1356200
172941
1713861
291998
217149
409598
1251551
1133054
597747
609112
393578
1521243
824905
454049
699902
444234
45641
1952499
380691
600262
859319
975358
109096
246546
1937095
1202477
1129507
1994147
70225
767201
239686
65962
552992
2535875
2093016
203798
998862
1057201
74699
2467178
998204
1662078
553892
1172558
538117
509016
1340571
37218
261379
768055
35227
658183
1266511
156605
244951
514162
894433
922954
1534139
75983
912176
1345746
183087
988071
1274389
1530980
127837
376226
2627781
328106
1521569
1671281
1354540
163420
810555
1314646
1731299
285358
396255
945138
861179
387956
1259286
299409
1554563
43672
730303
160607
406180
950786
210452
1600857
1175823
2256230
894897
641562
102271
654620
143107
547384
2301121
980876
999097
276262
23875
1232428
997280
2495946
413374
639598
1889183
1037315
1977506
123961
2535105
1083106
1308058
179603
283826
284088
75464
2204669
1057168
87954
492783
2106095
50551
838897
903985
333049
934345
490660
990992
1639224
258348
1724850
1040817
1313525
836598
2088551
202860
2118447
689340
374287
1571342
470312
169240
51027
231438
172893
1103714
202283
391901
30871
1368068
1485763
439672
1005415
130433
938876
2559587
379902
158940
932849
41644
401737
64635
1058205
81938
2426236
1825844
941686
1535646
1528939
12250
574936
1332716
806010
675343
57330
808864
754044
384985
48955
925273
1556490
925173
898870
857341
1749370
756325
631445
1273517
1781696
493686
2143889
843143
866427
1479388
410316
1053293
1952253
1255097
1909988
989061
881264
846015
1458864
1641427
321555
1666826
599448
151315
219652
731718
978786
245731
1446402
762609
1333886
524075
382354
1612059
1680971
913826
676288
110406
927575
198549
294457
1335793
102982
366657
1419094
450939
1107695
1066103
207135
1414430
753461
2119051
795302
141236
1477221
529731
1020338
123407
760126
1307413
422526
187089
1112870
111854
65122
811041
709935
109018
1758579
984124
82813
1608875
1087145
156199
319201
1480929
1049787
103199
1538553
844741
727769
1259874
1885636
43475
1834218
928584
1365419
2642154
639487
1695443
297498
824588
753644
1276691
816905
491596
69915
185851
473109
6158
1504321
799184
1778419
260245
582444
688347
40582
309708
39539
1544327
2180424
668852
44941
1583686
1963
1924699
1683308
1665643
2538807
1133829
2424101
929065
1915900
187455
1598085
176261
1412490
719768
1349548
186673
176467
269749
1179854
2339173
272691
1236490
986792
205403
753378
1613205
2089595
692571
1883501
1415555
1669365
690236
1351894
1790376
1360929
2635065
720103
1579083
244099
71873
1051590
693375
891201
1334581
444029
1786061
841694
188092
1469616
1722641
100378
167350
689944
1551342
1701204
1554220
1093214
183586
1019004
1642538
4256
158636
570820
555512
1647442
507479
1589961
461698
1719208
1532175
653722
684477
514394
1680637
1707932
257568
99292
496519
71699
260938
1000345
2199831
279089
1408292
1365842
282823
1216145
1029695
260138
51539
148343
836454
1017994
347438
411994
1323793
1792120
1169782
1599941
1491141
1125429
880309
1319154
753493
1080299
839341
311772
959662
1740499
1358958
734824
563350
1878205
1680588
184453
648016
725901
718415
1777091
1222510
60124
296923
604488
945367
259032
1743847
1271726
268067
869131
476995
693170
199719
210737
985134
158004
23193
1368874
192645
1857529
472723
1589095
1144875
67337
1123689
234591
1198599
286609
371578
350828
1686640
1956984
2443254
2552716
2105438
1232360
864938
713028
280665
1124884
1040801
1441429
210166
1258519
532157
637630
79021
168138
1380854
856386
1323324
510056
1057498
1223023
230477
966951
1353440
1102931
1011531
1262962
132533
2223352
333746
993878
1332686
1356398
1389885
2165465
2180511
1089791
280168
172945
1187066
660442
116974
850801
2054347
2491837
508940
1140345
336849
965559
566476
1325294
244201
344653
338584
886892
1121536
563189
2047720
685914
1916941
808353
1657496
957806
632476
1257879
1005096
326473
1692574
2226717
966509
1361456
183984
65917
198718
82035
1529244
234466
1509262
1177548
167443
806419
373368
1764509
296997
702310
298250
1689652
1518642
2179657
825238
2351752
119301
599424
1985936
1464646
1904154
796263
697820
667555
634135
1144082
931471
507200
257857
201148
2293011
1774795
540992
607076
1205255
1006056
455023
295498
620901
265186
2691116
887936
1448228
1924936
924812
951463
1248209
1814587
15770
2079636
17399
974925
838637
824021
980716
85452
890197
973008
603794
1898389
247181
1647613
909906
526839
730800
627249
1039187
1998355
406057
289361
1409385
143533
764686
1360604
1880696
1420372
376584
2233742
238784
453980
693948
1578345
475714
1255662
1328304
705732
1094016
96705
272655
769436
1285618
270066
127480
1606090
949227
2445416
1195271
577562
783662
950355
1787060
329337
1413271
831211
1900447
366481
696095
168979
1671508
1128019
551938
325567
1074920
1930661
218293
89415
1664299
196606
1452181
329653
649896
578320
403997
2178753
1152511
2012380
1311364
557566
235764
81211
391804
1325354
963318
458182
1712185
413511
1406832
346052
1481802
964486
289523
221897
994775
377676
1597369
466255
1396684
1949937
2412304
276032
20300
482543
1824278
239901
847334
952390
129519
546511
1494617
74055
420489
596019
1724797
1230495
400863
1239796
21448
1792411
1067615
279781
606643
611166
143893
235783
703147
1419084
667254
2281989
900445
1514367
370503
1489695
2262337
1029625
2018882
2492202
670424
2075531
619791
594330
1781826
667987
169822
129947
2588646
1496515
239597
561902
1177087
624929
266118
493595
1550654
1715077
440337
477490
30905
66031
1847813
448932
103220
355074
1795218
1406380
1418598
807640
878310
65750
492801
2064282
389281
2122423
411579
52413
990167
1386462
207794
1027140
835277
1319416
807022
156485
2077087
166059
3318
274996
475329
1317600
791814
559170
1263941
1457173
2292608
1631883
1308261
790732
950904
478934
89923
137534
485716
348005
810950
1000274
1853959
350293
1285045
678913
105528
1475956
1280157
584414
520362
334357
401696
855577
2423004
11981
1521291
988725
831266
201948
729341
1297706
1671851
534699
1453411
757144
44710
140443
756678
1617095
1110451
1206376
442564
287206
1646460
899015
498939
42473
766467
321136
775090
806355
479038
117341
1378115
1582383
1398539
354835
2149361
751710
775633
265519
2342422
40772
1336079
96375
1230978
1442231
1945707
2125576
882972
234087
982740
389160
827012
2248256
205933
2550428
959394
1202657
962948
372511
713144
1448837
1647651
637465
1277320
1791022
1089891
1842737
1135448
470617
537049
289099
1125736
1419507
977925
188612
1788171
1196124
2308496
2255980
1382475
2272106
950954
241987
164515
1292556
1669559
198521
359428
701045
331233
1439506
447225
1270798
696733
1078718
201204
817763
203153
37379
1418168
1568003
617444
224268
325363
609559
1233849
710518
2041986
1577926
1449684
105975
1967278
310767
429661
702691
236988
86284
73786
2917
984608
498053
530848
706571
2091275
1118255
176010
2101904
263680
425484
89412
1504171
223326
1588776
1893610
1869458
507271
1311847
673461
208478
351840
765429
1032313
1059427
62329
6849
1408599
2274895
1175785
311600
309692
753367
244279
374446
1353577
918665
1465676
2479241
867817
1017398
1827983
573055
1170198
614650
102105
739419
293037
827420
1364507
1560294
1219372
1162722
808812
943700
867010
1716956
611539
412870
182622
391995
1085114
129138
1278996
639229
2096148
2349034
100392
986029
1326994
85063
1304199
692252
1919
1263011
1954540
238583
760857
6782
1237402
1294511
779204
1843031
140532
560268
121533
249313
1023034
1543491
1273469
1212836
2675
1240164
204012
1983518
1534281
678094
896331
641419
2421292
2015711
590230
372497
2012441
298662
715392
105971
1498789
1670531
731033
18029
68690
817493
2036750
199804
2135188
346619
1389385
1124085
90883
1287044
9491
48557
2485977
1108853
608437
941558
488802
2154004
904097
1766708
1005979
86791
1127127
903893
112089
1142391
440422
2008081
284218
998779
1654650
1487178
1327617
878729
941801
1063738
964799
230854
758127
1232007
279763
776467
793690
1176234
215041
322803
114602
613825
1382933
71424
559138
963688
442108
771758
1460283
1113
636737
1146245
632320
38161
209428
893542
787723
354880
802548
2143991
1037929
1470120
2521454
230015
1357293
451267
410695
593296
889450
422525
501683
602044
1076654
234005
431521
272487
678565
972251
1319582
231918
142420
835936
803557
69965
576956
732740
107418
1392986
2120154
1151199
1902788
265157
2490437
1551747
373721
383401
464203
1989532
2134031
89006
681475
1702542
436602
1460524
1337475
1128855
1226200
1957870
149245
1031355
38140
696154
542237
893597
260826
989633
823288
958491
1210329
912464
1481215
810038
1479889
87629
2353238
1597252
1099464
313516
674470
1554907
1813738
2151443
260415
596499
13156
777542
2063073
1885978
1225503
262351
75651
87624
502270
1043075
193087
635727
154127
444660
337455
507333
19170
679721
747847
2046608
178349
1889951
400679
333837
409929
768648
665168
569993
296589
520530
946773
1823715
566846
1210757
763579
227678
412168
1477442
368710
1611603
684634
686089
276890
2410767
545107
1045711
494150
184424
581287
2130813
362474
1938967
680455
784092
709835
1357277
1474426
103040
622015
645149
728024
1582113
1074128
61890
531738
2021511
111055
44515
910716
2108110
1061807
392941
215717
1417306
588619
1280535
2679519
1023982
757308
866705
1016833
965988
793713
38254
346560
680193
170381
1310415
2417203
427045
857609
337416
356112
369137
159199
1410830
524814
516979
209222
349628
1774885
1009232
347995
470734
1902181
2068279
376636
158385
1014771
1517964
373600
1581495
726437
1304657
1701038
1010970
1427105
1175916
48302
2599033
1327995
2000859
1351458
822931
82406
1383318
1779257
799211
760067
191426
2042138
2550564
1415352
538725
855246
254014
93049
666112
1147877
1921643
140775
844613
641205
1018051
515823
1708591
97552
1767691
1438255
1676421
1519116
1182214
648195
1317694
473989
2045829
1504545
584181
854137
3649
327089
1179753
1207598
468618
1478333
673698
1513604
350627
192190
2002304
1738612
664701
448969
531556
1226466
1955883
211459
2224167
814774
1405893
1298834
1060899
807095
3162
2134597
2681298
867881
960851
479427
613408
686973
1274351
35478
1235539
145179
497241
1591533
164528
565375
2546899
1451389
1935758
2177140
2148527
872795
948509
352879
226414
114117
1605171
1198671
199717
137715
465169
916154
339362
950346
268961
1136044
1083467
147368
1813605
453095
1284936
462964
240581
1808146
710250
1652584
877244
28746
2500521
2101790
2030288
810439
1221806
100610
1391716
447513
1093115
992585
314594
195863
52497
1630057
591761
1293089
475824
822624
1131827
1649321
147420
2754574
484360
481979
632712
2074521
118566
165433
1091966
1457198
114522
655353
2065214
989043
1872733
799127
1093183
575707
431696
1198075
787043
1896998
2148726
163503
266889
1254718
375841
168613
919967
1313180
1214151
538793
808500
256513
1793165
429416
2361006
2384613
32611
1360567
110227
1257276
124036
1191037
968076
2373729
937108
1510756
1829221
973154
202832
565114
626944
1139130
56254
1944320
1030399
1136791
584482
2340006
773563
1686165
2379207
174427
876752
1075491
1138459
1384710
978616
396004
1173014
55226
631897
368561
1949019
2355289
874971
147348
2426742
207974
622900
459793
384105
83266
1102872
1572201
873251
1440467
131596
251116
191426
1092944
1340917
2147513
1532749
158731
2015154
18071
1528914
731489
858290
28795
2131452
1211451
14214
14590
1747409
1281040
1146940
1119247
907803
1345140
1011137
2216868
791212
324590
397733
1025691
1275507
628192
1135215
3868
554174
1288065
360672
237148
613652
733396
1710173
101626
2200203
1498337
345803
601241
329911
189128
990035
1701764
2504732
60581
612213
2033059
51351
975985
640833
952421
997299
137149
1763108
698139
1127513
556124
607148
1129393
1088178
1768350
816076
354177
1968361
1432775
1535021
176690
688580
199352
2283535
632934
442213
1753807
946591
426528
426020
729882
646270
767442
1260849
341710
348589
194464
1107200
2027461
1621795
1267103
21974
1144251
14388
142360
600631
2258963
460121
1832025
1293721
117330
350134
669647
250973
2024244
402802
1504450
559459
1596122
960738
186023
397252
589232
837790
1109486
252581
886767
990120
871563
1239109
723224
243017
1338044
146003
1871823
1338792
1338880
1422620
397427
536005
527270
1441348
1216688
1057161
1093941
645861
2176230
334749
1262611
300016
1525489
418676
294791
1831607
166608
595265
1906826
211283
715618
985917
188041
211050
1834429
1727817
1926843
1246617
15277
324252
535366
1277312
238671
1299117
2047116
476803
517013
168659
331388
926401
300344
1472043
612403
2175450
1583500
13473
1325714
723730
1400771
2012419
163234
1046234
1233484
389739
1039989
228150
951518
450974
749581
289436
157508
1654203
1180429
426919
160243
1670731
177911
331115
413754
591496
1551146
214413
1205232
775794
694075
2218199
147787
332553
285577
1163907
1985480
620650
446517
872440
859437
330361
413511
645955
1316583
135581
812641
1225490
987413
1551172
1676137
921355
1103237
1652035
569928
2547525
1259032
82322
1263922
192253
1927740
979359
607561
2497178
1171385
1155166
584302
1347464
1013800
254574
624749
89808
2069205
1588971
2600933
1177215
658579
809141
1132458
2042260
59480
142179
2637670
691373
332968
645282
1327873
2254955
374619
301623
367340
397605
573123
101622
2011685
1293317
1583310
241936
1364121
839644
256517
260855
758857
1264501
192221
696918
1144868
1602243
2046015
2428634
765955
1113718
1817739
469021
162572
91868
243800
680556
821656
1011058
917174
421150
1684892
1069431
278443
1879794
1430583
449480
2420297
1304295
1427070
353085
739439
178594
1240840
1005772
407536
879028
88947
326378
1236249
1708043
1188205
604958
97454
2479726
114874
630027
921693
1721024
299489
678727
444673
1033198
2616975
161188
427798
658755
158819
63288
1591004
1546635
1199495
1238769
272997
680855
1217337
562138
396653
80533
650352
22294
988900
51485
1741037
29972
1343607
1429181
1124159
374036
1621359
21866
26587
800514
1285237
242738
1653287
416629
631283
193293
1678539
857814
1415745
611094
1749489
1074260
1127648
285553
422090
315156
960803
206692
1333799
471724
1330174
56095
1351675
1052821
1373707
189465
289940
152296
1134957
1766221
412203
1007461
1929709
476452
179431
414980
1539639
1463354
1263628
604017
228120
233872
1288103
444730
257740
293356
1030394
1152038
652948
1313353
1584085
183379
1860191
730392
1217173
2254986
192892
1780217
956087
330613
1056763
1572102
511178
843372
1899366
1589842
449556
60840
1196031
1357700
1668499
362212
2180578
632054
922856
1246385
1113015
1176695
934096
769762
1300564
979679
1473765
656401
1486467
1028679
1521565
1680361
2056985
1526088
1098701
1271164
1715466
295186
1854586
789939
1452320
491615
195645
109913
1137112
2187
758722
606990
2049229
796694
1373611
609648
288342
1228297
1248875
862206
545252
1514613
373330
93407
1459489
448135
2015878
48012
399247
1331627
2158528
1348379
183401
85419
159383
1181790
129957
686702
239273
35965
999352
1397552
6954
1483527
40957
428295
1472057
651661
812773
923248
1190541
773899
1068644
1751044
2028342
1461273
901600
1702191
654859
813789
15785
352612
577569
2009923
462388
767872
835839
1027952
1960806
1410790
1379956
1237825
1477620
2135802
541677
1494540
1471956
719084
365534
370139
2099042
508855
256761
399248
589923
352062
2330732
352434
665796
856473
432735
342898
1338559
238324
217039
185021
1741187
544136
711104
503579
722661
1557062
36605
1591200
948073
569188
1873098
168704
1360067
889402
184233
1674587
886862
2305928
213875
836210
1167604
172371
12324
639107
1487003
244051
1586157
381390
1288365
747329
1529272
171700
220035
2276194
167281
1065193
983687
1395537
428820
2368132
86900
58453
486862
22139
55099
945083
411244
332291
221163
237655
87629
543722
970391
795085
714819
119800
593904
1380858
1111271
21845
116798
82156
1203515
1522077
675956
1859240
727728
1112440
101207
1218534
1047805
190487
1746628
1894241
269755
465524
1985729
41144
1340208
993303
1033309
2640128
7977
1098496
510898
85363
75948
1607679
722466
777522
212484
91663
1404265
1186950
142818
1118999
800929
1937086
1860748
1796901
592341
760515
707643
245840
1150867
942628
399817
698102
2370944
178704
832014
7220
1048779
950742
131507
2490476
152028
1788281
65683
2227969
801768
580682
1640834
259655
1347412
1116830
104471
1089213
9533
1502828
469530
2278010
238260
797319
2487800
1631248
1617306
977871
971926
295078
517211
1575668
213515
188502
1838352
1155711
902046
719369
1244803
51560
1177045
753614
446449
614465
871114
1333119
217864
352267
1304602
851511
1591221
919704
346162
2098670
106973
398282
602719
1090913
598240
803393
620200
420257
343095
1660692
954435
215743
1084535
2125222
837404
1809568
1313230
1030324
2510514
819671
1372074
284842
1156634
1215243
1535951
988625
1063255
286457
937162
96642
752772
898029
714477
428010
1148397
1380135
1001833
387367
1867242
1911232
74722
347747
1291357
2276938
42224
477191
963541
571768
498878
999595
615677
184129
537428
1239429
1457289
1335647
1921706
2377242
1976243
193834
1430070
79276
2296677
667323
171468
864660
343661
1329457
1679823
321931
2056695
1722088
72149
1073903
110372
771003
1356306
1794229
1223835
921246
1778111
75331
795460
320432
369177
2155452
1982933
1105837
2083405
990305
578589
471121
396720
1264766
2061474
1064943
1022280
305225
188101
2627641
2545102
715089
1402297
524084
853903
314701
1228105
2381239
482697
75640
364570
1281846
941518
80584
365222
434540
2287484
2217884
161278
949445
935128
1187263
684392
981618
712343
302629
79865
1606097
57956
1936536
666257
286996
717106
1636767
226958
321543
2108304
830916
2440390
285626
28546
1023210
2198447
2454555
854500
1881947
1100960
1783183
728309
750215
1405520
1080153
873935
1603931
1191033
1752389
229601
389241
1635460
39843
68591
1178825
1006826
1646479
248902
253742
752429
1073830
936618
1862943
1022699
221417
1867856
134494
921772
776645
243579
1489680
723536
2258666
1485621
552169
816937
740359
50921
45837
295217
33936
174437
339610
1347620
2151612
1309204
549813
1578942
562453
1289560
953450
990587
206596
77006
483087
768595
1093577
1433988
595793
1951263
2535008
775385
1169633
125606
97194
1561066
534560
800623
277104
1781457
441185
264198
139185
1762209
181083
623671
886474
746689
2117614
847839
67888
2160311
772856
2408998
1821951
878180
1400976
523389
916470
977067
669730
395895
828931
813442
2019605
424394
424185
605615
484723
1507045
1472915
298075
449847
235078
2373436
166265
374700
1178985
605160
2036684
544959
305300
1064383
1587121
120997
241080
4691
1462434
1076592
1511084
263172
319843
1158574
173312
1627444
735075
825270
415476
544622
302287
1363744
158788
1038650
1556481
926791
302692
599305
1179369
244933
1138118
1559236
1505528
221347
1520122
504530
2333488
1640150
267265
531450
344547
1197417
759801
1030493
372799
81775
548748
625350
898274
1749994
835636
69995
681227
1192640
197887
466635
2313237
333946
1250941
61632
1084518
274169
2276586
1572857
578487
910017
323312
4497
211319
390732
1084863
302343
614363
1685588
240509
1473503
1161822
2258705
734117
683265
374925
1517954
2315773
981081
642469
1485852
691457
42338
497725
1422102
934517
1871703
621972
1364696
2045136
181069
1443096
768107
513506
2121840
954864
258083
1019749
1580181
1460575
538659
402173
878639
477738
434313
1633467
169462
49987
1301688
941844
339439
1638098
386435
228374
670730
1508626
483901
856960
2175995
1270317
1670136
46316
1597992
2042725
1606379
1437672
672420
1660821
1543155
123289
839114
24821
115762
2062860
616601
136853
1126612
1580266
904786
1867922
757852
512388
53741
142834
1893041
549320
758308
538290
81717
434153
1820080
1349882
1190093
812381
4843
2115899
89088
2152692
1552854
1277042
1220512
361004
1238100
1110428
1147011
2274279
909523
367577
1547958
1578395
1768506
907054
1224561
2064556
1091953
1076348
846529
294744
883467
2188379
1429019
1105685
2007742
215417
1594214
436994
376109
319013
308566
329597
369169
580342
415084
521641
1562735
1542376
1429913
1448617
743641
78667
12094
583044
2289541
722692
592688
654987
50328
1248182
1691961
1325144
954706
1106128
556556
144855
784335
1659749
1509488
608160
188329
2184179
1677091
1690283
209650
1578338
253490
490886
712414
1716468
968405
1751802
345914
1305542
246189
2455237
1795139
530594
700124
1460736
881210
440057
2221224
732320
330080
1907182
707871
1331646
381969
1678824
952132
461302
23611
877221
240949
665632
1431174
355378
293921
1671025
1009921
737007
2204528
2049374
1994839
770103
424253
1473960
675606
388728
1561608
487799
547670
280394
101923
292962
1697257
850740
848682
2009768
753086
1930468
1318524
337597
475051
902824
146967
1800019
896283
690759
849683
942774
568357
496550
696292
561056
690740
944617
1414872
720242
306680
35395
1188164
295199
644558
325269
259363
2427114
1070184
600041
85105
818277
2120350
1831535
76272
1222301
485988
1822789
1348011
1429424
388942
1665941
944458
2455887
1074084
192495
616713
1119717
2476766
798582
873008
767886
334632
261462
1672606
381919
1485530
237414
1668412
178540
2453416
1105059
646987
1987848
1211690
1609671
374639
1097418
362949
1122249
601262
383639
83903
1043069
309251
1291305
273115
276841
972729
162027
148440
1485746
693239
905896
628921
75046
605022
972761
251591
577124
452212
1054392
2477985
172962
355980
1133846
902056
141756
108339
193713
406768
2008139
664378
1145099
738665
285770
1151215
898957
488146
1373636
2342097
934986
329110
604074
720153
405516
563068
1778983
2026360
2131746
408170
2058310
849191
1494925
888687
542061
1092827
533969
754416
1260770
1104399
296834
663635
16742
78204
354635
338836
1000432
1293001
76144
1815717
1717902
389956
1532018
1988626
1356891
376720
468591
207549
1097130
40003
366852
1266258
747891
496588
51483
509190
2533775
534702
2683257
1217253
387950
695297
71763
1349692
1688168
1117268
138199
588803
751892
1436979
1045340
265154
1183772
984051
99962
1904806
1703960
1257821
699983
343557
141004
641920
778676
1270377
428266
870370
2684293
1223001
283782
1511013
452134
1532782
964270
1934436
795723
1602237
270910
224665
561800
1209168
466118
301363
2185598
1183522
1620345
198717
1794550
1145951
649995
125412
682258
1041677
405478
549350
1832372
378741
1004731
653320
1535451
440631
150107
1255815
733006
2093715
875815
454817
1350027
2222816
2335592
1283825
92237
2462912
1493145
654746
1342590
228656
1004541
131810
747485
2449827
1538347
1069200
264121
1391837
933133
829179
471649
2456093
1685848
319160
1466415
1260751
1839434
466224
107045
859489
647943
58306
460259
51314
592062
546216
726881
234312
75518
1064163
1311220
1020371
512576
289293
691840
54877
629487
746492
1342690
2183756
71727
996482
1776803
450517
791967
484258
1581218
112128
161954
53038
1407175
1661011
1696014
1159800
485329
284992
2161742
2381711
413793
60437
227713
1260391
2090995
510216
1540148
123292
313429
871111
420278
240764
953764
24257
1259940
314086
568248
1617701
1235266
520248
1201174
799833
1996771
190165
631642
400215
1365821
2296997
46177
150484
269429
204394
1681265
1751189
351779
200923
489851
656566
1970379
1832425
1199292
2120173
1979381
1397094
298556
208911
624344
1221624
1548517
1338980
1567069
1955451
873909
140330
236699
1076243
323169
6078
1022854
1391643
714324
768174
418584
1866857
163159
80796
323776
5030
486237
1595415
585144
1479032
578113
106044
1422861
946796
1227838
1936180
1356874
552944
342474
785283
269376
1003526
578213
69509
462829
506818
104143
1466049
1920025
485945
31404
1992540
642247
1482521
602566
1031063
2194290
373432
378891
353997
723263
2018822
1977731
245901
99272
75991
385251
849470
242806
371607
537563
729902
258377
1947079
576207
22979
635071
940757
1913883
1655688
58919
1565838
212105
2464915
189982
1465923
2152024
659952
1706556
1626685
494449
1549898
1394362
306600
889661
16310
344049
1884829
510187
437929
271463
109246
1230377
1403679
344336
508294
698504
2381361
30137
358487
905534
1238771
801915
2029183
1193591
1204142
1102584
1072301
533012
731632
1222621
1620813
2601208
1804677
626869
240063
324516
990815
215101
774474
857784
458342
1295813
1255942
1181866
501022
381919
34710
369012
1118897
301279
921672
2032330
1757869
872800
409185
586340
1112068
51986
1621006
206887
422269
1570033
836730
1050099
1561012
142202
725634
184070
30025
1987549
1622286
1417020
947582
1538999
1433917
1630473
1842305
1535931
997717
1199412
546643
322349
467281
701767
234776
480394
490351
1477530
1039090
2088231
138824
155802
479260
303402
581852
242077
1483637
2532009
1498038
1792284
490922
1887170
517036
372547
607431
86857
1136138
349420
173687
42786
549070
797813
806030
1561068
503540
894881
201515
1487464
104487
2194096
1476814
73509
1051311
2036465
1098285
1452903
1409317
1716671
1311964
1501722
2085028
833512
999547
733122
2096531
402937
505320
169250
663801
1934114
662796
809967
1518390
550061
928903
692657
305135
1898822
1825385
1148389
564906
1841330
732709
1930203
1216455
998135
965711
1616056
1193151
2108267
778265
192398
1179613
1744235
1266841
309665
1300347
155435
800381
1750596
1093640
497205
1230486
1734931
1164250
788918
62204
255731
275311
1826311
878317
493192
1225807
1561404
273967
442028
914
1154558
839497
2245546
1863236
1851998
305923
1119086
748845
384468
387148
267214
304886
274512
75633
592834
393470
43556
1999904
1253179
537487
1504258
448361
2663
752318
652307
505070
935984
2153477
162030
876962
570516
941704
2063328
826054
2470252
1047206
381005
1062937
887211
768545
616047
256197
1157786
97709
1358616
154205
1042769
1821943
1826466
1407874
1332078
284770
100649
962108
1610
928378
880327
1107357
2471491
1016713
313423
222012
297629
70485
967460
149053
1326774
1729328
1103666
544523
139692
612215
1453497
596091
1491877
555298
622061
2192331
2037576
2483773
1722962
738483
1137076
1457393
1689696
750735
2072464
1902478
1023807
1294853
1060167
891946
1033632
572409
2397688
192156
73706
974732
1433334
2460390
1426036
513644
280044
37439
1502308
737280
1724972
286306
1485716
978290
1396247
1618152
258818
2350103
958317
1554151
2400047
649146
834601
748163
1523135
707242
71288
1205818
622403
1219852
1594945
726158
1973716
1555796
118576
1240891
1304425
1162358
2131939
872439
346644
602244
346515
2509822
54723
252347
1454750
504683
574987
13411
511312
276685
709332
520249
1133292
245086
798105
568993
714143
109517
203520
429977
885447
941083
98585
552774
256301
1314639
536211
91197
1923978
368118
771788
1506854
308919
1734006
480298
355676
665871
500317
834563
1755685
151837
376780
266965
959164
1390845
1974994
653570
900539
702610
2596188
715098
29027
30594
810500
2365941
1754639
1817594
502764
433403
1256060
1238217
1203464
850610
326351
1459187
622017
2062878
686789
1889356
87558
273786
522432
1042820
2020460
1450016
10832
1649518
447782
763022
247595
1600931
2102249
748367
946268
175396
1218346
390041
428569
2488353
840921
619378
1897891
885156
1508373
1147376
1242298
91329
774180
128678
1608047
549304
983471
1323815
1977637
668002
807454
1370937
845343
793977
680036
1143143
1414654
207033
1718603
1810573
1736106
708858
256058
1721273
2341235
601712
1135408
717885
361751
260856
219010
250167
1181706
802336
1313290
1308727
924827
915757
1925149
507885
354506
1431620
876136
1220855
2507712
1182969
1655518
316403
562364
1370453
120956
453472
95030
961087
508042
1597051
653424
1442796
971049
150808
321416
1300613
566074
595326
287542
1094164
678081
8528
1686266
1393661
801839
22559
1032027
832290
438928
240484
2056730
653412
254005
1865308
1404625
1911122
216118
405280
1323048
341815
259746
1503662
753845
390213
535085
1116646
435843
483981
1417128
1513263
1525770
546855
1615983
2055215
17033
1605070
1158771
17731
1342073
1617819
155746
1059562
1164763
929702
1013840
1854598
1571073
1038387
76056
272161
1143154
1692375
705087
118531
665650
284460
27219
728897
415895
346816
602621
454912
576233
632481
642903
1308906
584338
1068401
15458
314575
59115
673652
2148845
966507
2732366
84709
16494
111694
6888
517779
1032979
1096675
1618223
107784
1111044
62781
960269
727193
1248997
831519
591453
180004
517857
113716
931019
207392
34262
1013912
615929
1451691
1315860
627855
150025
1270068
1718690
1091806
958539
2572844
538081
1000147
1986909
1815620
766675
1192703
523671
1514163
663911
1294969
328345
1046237
1360888
1659768
883320
873920
2022736
319332
1893311
428435
2091629
1795019
532941
1230087
1844417
1121248
869130
1490189
823165
145855
646661
684880
1462298
87822
824156
130996
216014
770982
345151
148295
1403969
569949
89076
130447
1478412
1583829
1759277
94095
453039
2320423
58876
886151
120537
1634838
1087624
1866394
116711
1316121
1911329
491911
1124540
720513
1566056
900440
2186649
470184
1532175
493275
358724
224459
119996
1325056
164835
546389
80893
1359289
959612
341781
239088
367934
748039
385578
1464393
2457099
2232725
177039
2505076
461845
1728467
1656278
1294557
1619264
204159
409776
1052943
1626856
1030868
1440285
1234246
1041938
2698088
2031879
490151
673182
1732036
723948
332400
2730189
580908
554456
293286
2459212
2117706
1980953
2209353
576285
778312
2242116
1007633
30565
811549
402446
489516
257097
736093
187412
191621
642114
250667
482059
1368377
943724
389197
179815
1027190
289385
908343
1256766
218537
528735
1703608
1894871
1180370
537368
1567102
1885088
221967
311225
1909120
1546852
912727
1158798
1556286
1110222
670593
1281615
453959
2079805
1219307
1329920
917906
24653
2104499
796284
631216
498022
466248
441402
1115382
1744050
390206
1502765
264039
565584
547849
285724
2104776
2087813
1434856
68736
2407774
982247
137669
1377
830605
1061014
1133467
1772179
808933
2264033
1327871
1524076
198854
1078285
2215366
1750371
536268
337092
1708310
824505
230291
1411170
1654323
627072
1860739
1616457
1354635
1455323
750746
350803
512982
1856420
787724
1182487
448477
600653
67950
123851
607682
1622864
762949
661902
41535
121653
208261
1021980
1816483
1587433
1201073
1932516
409610
1894941
260039
721120
1009322
531330
128933
1376098
972388
1138150
483934
851573
239607
728852
103886
624676
295945
1909070
983462
3527
966860
1366041
2102026
40491
1422205
266029
816161
1153447
1914026
1315514
275042
10165
432537
944020
1011925
559630
43852
1411839
2111022
542777
1659857
36631
410959
1371791
829539
938712
1078352
412623
438639
246123
73866
2247278
1651964
1974519
1788678
1663721
160316
1336395
811624
158892
99410
1612705
849340
898870
1150659
868692
1956666
179139
505726
293013
1383795
955447
1470469
54044
523861
625837
192568
383358
995285
130880
395286
971480
440493
708623
922673
619232
517809
1130905
754622
876915
1981397
230420
1809333
253615
150830
111110
1031385
1475742
236432
222406
2168209
1726911
837414
1634064
468551
638056
666828
559410
1309532
82496
107157
356846
892993
936394
803292
1064504
1223244
492293
598703
1252990
355578
849294
218799
720568
1449138
1519362
1133307
151926
1162157
50004
886611
596296
895079
1161849
691609
1697914
1653616
55907
1006318
1822104
1064906
1165516
1351833
273678
337494
267218
1876169
746830
230460
901187
1270792
324989
583875
861780
710325
674306
403503
410500
240323
80357
1149325
257660
55593
974548
1419570
1012176
668538
319324
958348
373835
140766
590555
288714
33595
967681
19551
1284996
1494153
1155472
543460
561424
283582
1598979
339173
1956500
760400
1043925
789989
330556
230909
812547
206221
505647
1283383
530592
2285684
465124
1664339
35504
2313909
1246657
1122862
2225286
949228
1525518
461018
1434557
206110
1755017
1930698
661790
1604220
608225
1864433
1789089
153254
1349015
2185742
1411881
807053
578417
265735
946905
1676574
732809
789695
797193
392720
1012641
301353
694348
1848185
261202
1888698
1971756
803480
1524749
254350
1744421
1492157
336497
428459
1365635
865507
2300407
686834
1890031
259337
2347609
1520114
273394
1346847
2030200
1472992
1110856
421570
73550
1133814
1799589
112125
594944
654114
1338195
1562616
1956700
1456410
1683508
568833
1098847
853655
445099
591169
1660105
643884
811266
17534
812914
289970
513597
453665
972459
672492
1376199
1478652
437445
2444871
1321363
1448254
364309
1572341
1526304
319276
1115624
2366864
647905
1536628
2009811
1609337
1926291
602817
95857
498191
1981614
506993
954401
587507
178029
559418
652283
649475
2216288
632158
1111334
1085465
383661
522939
246246
2127681
523322
1000046
400641
871254
551167
221301
341621
887538
1723693
1016069
343149
441357
1765663
289615
6083
1266044
1370725
1156607
1707079
277532
4241
1069734
1841750
2151905
1446709
256992
1465354
893999
1042426
100395
705346
1090049
1951792
956279
913447
1003450
1337629
242877
498980
143389
2029315
1135839
1263513
693716
612180
1307612
304933
671450
351023
63291
1540553
1588220
1034258
304700
60197
1797243
713335
1785456
165519
497977
1278403
557423
2041522
1252489
1698252
1127212
162883
253225
545719
160753
2444030
1888629
73112
136039
928364
1441253
26763
1664686
217877
49876
590348
1540293
1481581
142364
1225396
455689
1090604
488043
1490521
809752
762595
655794
1459533
1372692
442159
547145
1030383
215476
167234
844993
390351
805602
700112
13913
1869692
1140029
806535
1435709
1459047
199973
1556274
92393
1359681
1439881
152912
491677
2081903
770638
1413841
240283
614126
1414845
2158357
1482451
7331
1667448
1077333
1336572
2213294
249458
1436422
225668
1873546
980920
1868102
534696
1735624
1871163
2151439
900451
1389371
131899
1039925
263961
1063887
716225
317187
1384175
799402
719538
361967
1660348
2630
1267231
565150
636149
254917
1852297
1557090
1875629
519473
2163123
1828533
1057665
31968
116739
1170282
614414
1442459
1241505
853546
1196939
479016
1473016
669054
680566
939437
1470974
460333
457779
1331759
162338
1737665
1808318
510797
428175
668853
123388
192156
858235
224903
1218300
82723
10056
610244
888432
239962
1215401
804378
321058
1301348
2469196
360496
1140429
376826
1539196
985561
1678719
1582929
1257413
920491
295672
1535638
1873921
744332
187076
2202119
2638130
806179
481559
2025531
184472
212875
434408
1127983
605831
113117
1062184
105655
1825555
1432842
1810003
79868
1786675
859663
1641043
565987
317460
762353
1782446
1758051
1117114
142871
1585246
1088433
984934
611797
1132482
539780
1436802
262503
698296
134732
1196751
232233
1972633
1603055
270747
2325788
1027429
1104135
443645
1894554
112476
29387
922089
1960401
