2112277
404703
774782
2674583
119174
1543729
1369597
765728
1533961
649893
1480376
556714
303714
1752303
555661
1638036
449395
738037
363930
2241456
1092918
301448
378683
82767
478773
420954
2063287
335436
199522
905688
1753986
1148320
251714
138546
1115334
1096030
587726
49789
609614
281041
92124
587407
330632
955499
461634
162105
771103
1181478
284480
2117254
294451
1683708
2143593
872719
1333987
1347304
3361
2353293
18985
1029130
746005
1862099
1143291
2307211
1397910
95117
2240878
2326005
2561394
6465
665902
597050
25181
1638608
1400924
1297788
1609275
1251122
848542
1094000
387107
419367
313163
1674200
1199086
2363188
1710285
466195
1013216
1088843
745665
1629783
1296951
1310502
357601
2214676
725861
2495331
245913
2047489
1648035
2402156
1453137
2994470
601940
1037685
511129
705991
716332
508817
1272932
386820
1769563
1218764
711918
161897
1968664
375979
1396378
15071
2574020
712592
808330
2013730
787014
2484332
980804
591843
1044855
1020502
78450
671368
10170
1009718
874328
306088
1768110
99161
589684
2199301
272908
1545797
1098364
1571988
736419
2362791
1381072
1966238
2247767
1696664
811012
1460027
1085613
1453201
748462
2313307
1248392
1163221
309392
1235156
625414
795779
1699510
1056666
1096530
1542737
786450
886707
112496
986444
661760
591767
714178
2632987
511759
1303189
410514
34026
1754047
405634
299502
2425690
1998721
1297579
820563
221623
1103887
1863760
693921
143657
2407056
325701
580737
557603
2531650
291642
280062
729196
765214
1512515
545711
602188
208664
186350
273278
136017
858349
1283227
497118
419905
101076
545989
1890998
549380
736244
528388
1370004
77269
878773
1102293
1412555
1295908
107077
514856
2897675
806671
1847598
1002137
1188386
407366
802724
2061116
1480673
1847903
188869
1502707
1993132
320045
452500
665675
353204
328398
1327197
1248686
506868
132608
250474
693865
837558
845234
1934289
1428496
1521968
461479
1051761
2403937
401239
698887
1064177
370634
1479933
542930
869056
913836
1235451
1468361
149295
129380
1989424
886548
1915971
1893472
1492031
1366015
604682
48756
2827029
414327
399908
2250307
569796
1352034
1082595
746741
262221
103975
382557
2563202
1104960
337269
194319
421895
850082
106001
161548
22795
1829570
499769
307902
1176029
663575
1853711
239808
1516015
740136
1985583
1124857
1330120
1802281
683302
2652765
729127
27459
129141
31906
928127
74031
2323900
249441
1334810
632149
1449547
1234004
143025
830785
705082
2343667
1271207
337416
935060
1965216
1688871
710076
580174
81485
183945
885113
1804923
1843306
1028184
576630
548044
1543496
1806471
860858
2902735
413785
2267509
306905
1062664
350300
1028570
581216
576552
1219333
1670239
667903
380535
714459
1879121
676795
82185
1463980
991434
2925419
380281
626857
2560066
931823
157081
383935
163428
1387080
1035599
1298881
614806
1339497
85865
1912135
831800
250351
285344
1884068
985061
1338490
385890
1279182
2017161
2729709
864334
1594315
1064829
448236
1130655
1288943
1455207
2576686
271952
1691303
19645
348286
851503
2164278
255112
610316
802909
1504411
1958063
1685251
226419
808110
577740
667842
291295
588354
1818747
789460
2587238
362783
1515651
315456
2280932
131058
40376
1229644
792951
2198089
840169
1973800
1301331
504981
425
556546
1473868
89327
1328042
239932
932001
912757
881197
1972853
568673
531701
1313676
900504
148762
2208
2640251
1110386
669896
2037826
138815
1696071
1444761
1672809
2010898
1925797
888521
1745700
211213
1821992
717083
863982
1807807
661033
1638857
1544908
204087
1888800
447786
2088723
1105503
146300
718891
532255
281944
1057839
1302390
546464
1644663
1208177
1234561
761340
2091409
1087873
896174
784382
269021
305632
1407785
354898
1335733
1020263
116901
1457181
1760560
1126122
1888647
951016
864376
2249608
641905
558384
1997608
778945
917572
2028351
194531
887525
180534
777490
111386
1338555
1492824
1464690
1573190
550592
1433390
167777
456008
162621
2220470
706242
741005
366725
148260
614547
1686414
1184429
1267616
1009816
485451
871342
1597781
1086299
2319772
161941
1045970
332563
2135534
1171690
394859
3007292
1147688
823084
637855
102725
813010
2018393
236250
925425
1174254
743034
548607
1273001
1084501
634214
2824284
1226552
722528
362332
325010
1485
267384
866161
28045
46466
179101
250860
844502
957387
1551872
1032926
373586
375166
634016
569975
351369
164070
167374
283283
185660
1943929
1579061
2904173
1594194
1647751
1971448
2136331
405657
1274247
1167662
1573089
1636110
114008
694078
497939
95720
205315
2596062
1614031
407901
1112570
502974
147526
1513023
57590
393786
251188
994775
1327367
1851177
1490010
1462531
291558
1555864
921087
1649675
797444
2564136
860317
661932
365247
1098474
1170963
1548181
1849804
2205605
1306527
1389404
375061
898030
362468
233515
1999978
289360
461022
256882
1531045
722751
2064602
908030
2173867
127283
1859464
248034
510622
2666035
391269
1143313
920754
1322204
647052
48403
87404
516964
1550337
264648
129864
1673358
1836679
131910
640948
213611
492268
97471
762022
479514
2191973
2027386
2023694
1759000
46544
31338
1533938
232201
2097220
360349
59893
1532415
774249
1603472
665877
674780
994271
1254763
1676166
1447731
2016850
1546164
962899
312510
1991535
1223805
1561424
100414
1527398
1720694
689590
901054
2076733
983758
928591
1183056
1214170
218220
1417297
484256
604231
97522
1390323
1076058
2102223
915130
1309272
609686
398099
949590
428638
1449399
967777
79627
2198403
1511259
90832
115640
326590
915323
154651
284177
628480
634359
1322356
2259385
705476
943917
1796739
1115818
2644213
1543215
1892160
1973841
2837099
206975
1041327
797673
359178
1640638
1464529
1179434
105634
1225328
345843
672984
2748000
2917694
647960
1130481
1350713
140265
540610
1397774
614429
1035051
1267544
822939
322007
1645315
216910
1397915
1772572
2250719
2883441
302081
2006235
451001
188083
1338329
1020173
698942
274417
2110929
993600
171524
920363
214227
1638610
245436
333001
2149173
1291211
271440
674763
40235
1435060
2895149
175276
33943
2016128
1222929
791879
2930279
749445
721149
245664
2036827
2513710
3039662
2157221
932004
58553
18459
2198600
828328
945640
1660365
551632
438632
650297
1740315
996387
266626
2772793
180185
923922
792618
1684118
943996
243987
164444
700018
1128938
1999837
1285796
1462909
1081468
286211
310217
141635
1677884
107711
571862
5012
548868
915894
1268152
467572
475324
1925898
510022
854992
381102
226412
424414
1051749
1134710
1870470
702924
1035834
599310
823704
343406
1473404
1502670
68032
2438171
577557
1116289
2239110
1663627
1783022
1270201
319361
1269096
1573366
616640
2135215
781315
263744
1369486
861112
231126
138689
2466333
2759210
1293350
324923
602562
615317
16144
310507
253286
1988844
996042
2409389
414944
46428
1593999
2042769
2645499
1219528
2083376
688008
401253
879152
404688
680639
22337
586703
903376
649280
1022578
1088337
2367244
226369
822500
516308
287648
373424
1654417
207967
2347256
1864948
1164096
1632841
387768
544357
1146049
385300
223025
1600027
546098
751630
779340
638756
306047
458154
814336
9078
785448
1930080
189829
1211834
11645
344155
1423561
380730
558981
174684
831937
314679
862662
2358939
15492
1982885
1381183
1584759
294534
341122
1346696
2347809
100714
438494
78959
936438
717777
1571670
421739
722966
329014
1637083
1969439
700489
1770948
791653
1905195
213566
341828
681178
2877683
2410037
628287
2353991
1668778
159393
923057
1080166
654554
2277264
326484
868741
2841086
66597
2435421
2323555
1412208
2670735
752055
863878
871609
727583
235617
1455044
891408
251982
12131
424554
1510550
1116160
1333586
927847
251420
266499
411050
441937
139595
1703045
2297644
896077
1116898
1586054
1106105
313502
1080453
215390
841604
339273
1072004
2462436
573811
646107
857364
2148428
774817
1692514
469503
430029
799853
356675
837229
180588
2273045
1189885
86828
638435
1680127
1099537
851581
366936
367879
1520462
678579
226158
487000
52331
68986
846383
831627
410058
280071
1314481
1541902
1785098
1154215
1006015
385664
1207648
1538537
548170
788218
147582
98954
2144705
976674
1436071
245599
1494828
162195
1626467
318182
271139
1767776
1556316
391887
695537
1633171
945975
585504
446640
158247
1151321
583005
2521657
368192
1875951
714581
455369
841154
1496628
460644
744245
2288362
807241
803064
76120
1235829
93679
218224
415203
876282
895431
203297
730191
895940
1258239
935746
1576322
932952
1014144
103296
528922
1016831
84147
1088726
1658229
2047094
245588
222015
1627535
2013172
2506894
844778
435754
386082
63423
749163
869345
202070
78935
144719
2933881
380187
784992
972263
609731
2401183
2513571
134883
127286
28573
2473274
1124110
235435
1439342
600658
131888
1235474
718123
1835445
1157585
1350340
213814
2399345
1004286
1658160
477742
86421
1313512
2588514
1612188
14598
644909
357042
479753
1418431
1716516
862282
280249
858617
554468
201534
2731412
1796710
218869
233375
1605466
530540
91970
70633
2064676
2137802
376107
2405660
44479
314505
387579
1763327
159138
1022544
1410005
343544
44257
2140197
442215
532872
790890
273063
377997
2091970
837626
387862
1071348
1048675
900419
2240255
662732
979014
186029
854770
1374159
1241179
1283620
921149
982167
258972
1372284
1643941
1946128
352700
2219869
688203
1326177
834233
377528
2095819
851326
116075
1934750
1526636
474800
364295
1640553
965663
1998684
1584461
576577
413462
191446
1725831
1110037
523048
1251267
545029
595413
861616
142596
119257
56383
2098895
1132319
585596
35301
1787926
521744
45856
1203906
3017674
1349564
1374472
131685
735446
413196
50666
185561
1042203
1089850
942128
1507636
102606
500837
1038318
444851
480046
345052
858531
2725877
786584
670506
1477591
259523
2396809
2208716
49649
1338138
1791889
575259
1547329
277478
478134
1374513
460576
1466550
1326112
2489522
385642
1937641
1166609
959890
1607612
1527272
352303
402375
446763
13670
1826640
472299
2067341
677387
380577
1219598
541945
629490
339974
1079011
155803
723763
244119
1464087
26456
2210291
1196424
1435935
838891
1221712
1311059
51492
467293
2356709
1989020
1196977
1865732
2373965
931096
377111
1473537
1878367
2277269
490536
969875
671048
186177
691577
105064
500367
1956270
1181633
109395
1356952
738081
1009062
1326405
1835701
192418
858604
490735
329788
708079
1053636
1107505
30927
1243359
1896921
1364742
236561
403348
731509
74011
1239471
483709
1868473
1376697
1679049
1456619
720258
1324091
732924
51405
1617094
308083
2493533
380707
1529609
1886963
236871
2199
1561431
575595
1182243
114421
2774041
1227611
273416
305123
678746
2294005
314710
236705
1105669
68416
1041628
1227723
1238840
1907329
1853387
203235
769787
2360002
311311
2324022
212326
1517321
832847
450119
376329
754436
656055
219698
1735411
2677825
507970
2220419
744754
300196
347975
1544823
1127
217076
1137605
2249483
1163272
1380325
478051
1678742
2361037
270422
577936
397148
2750122
2286197
2338394
1154926
1366255
1194836
1748228
1158715
2019838
2353150
339635
131798
240078
988942
921873
738057
1635025
2541055
577793
784966
317362
1733513
2270990
502157
1805956
1364450
423933
42174
630061
391004
2470971
1408513
491703
1693056
2063402
595743
43939
681825
58224
257200
811593
1299496
1133338
945168
1507297
229961
2320540
1244998
2086997
769684
902705
1048980
2498573
29872
377936
1754898
1068612
2810982
806979
2075083
953312
414690
2295434
1202698
431157
1713821
2129194
1245168
1946003
1972849
255287
16383
44777
979194
2592910
327233
1048089
431815
2076073
2197983
757834
866642
506016
1223309
1287693
1722958
1948537
1104675
1112710
2227214
1723737
2108973
1135132
961288
1271615
556534
310794
611023
1860425
1021799
409813
908306
116220
216718
922788
501605
1756870
1366131
1232212
2472694
2815540
1213504
239884
144843
1611428
1542121
380517
1337815
576048
803009
391779
185675
1688959
89259
367636
40761
692380
1186335
1909188
637697
1520839
1258833
572950
2008027
662054
1459839
553221
1228749
233952
1595455
482041
598201
1604585
2440479
1656055
1243092
355468
2214319
1257599
72534
375158
267877
1971981
944568
343737
756647
696064
754563
2083466
1286553
241513
373043
766433
1102418
1611287
314220
2343457
1669628
344294
424139
2035989
405633
1704045
30680
1622602
1771504
1943
139744
734009
860313
1076332
1667059
1936296
259415
1198211
2031643
410953
57987
264142
804593
411999
866792
290700
351502
525785
864472
546671
1826002
1369062
644209
181949
1265824
1894331
590638
2384312
672498
513876
648449
292231
1830730
1350698
1444867
130972
1449294
2099074
398531
105028
655164
2491116
357951
1462807
1283741
2556613
1394125
174850
59761
1563590
372770
1756331
299414
1107969
1648720
278704
1260589
2963608
164691
1784104
1266596
38294
269003
272295
1464703
798316
1830687
280985
940126
658451
1339560
1612125
176391
114290
1164069
374932
917284
1007740
2217144
2755386
187510
92105
673764
1445816
256100
1574911
1631409
1858018
1105729
428614
1448160
184634
2502168
148274
1432941
1414924
409586
1584940
1065951
1855448
2088
1278537
473918
801718
1356610
236313
780517
938803
1697055
1938705
638701
567125
1069030
596811
1417981
1397616
987471
15669
883521
16065
809021
1679833
1191895
2211695
619558
306388
1034770
1187006
55282
3136
981461
800790
707297
915244
307779
628427
1533018
304813
2189597
1143448
1694218
1416893
903123
491114
395575
352069
911666
831302
27092
2401951
651470
1255103
211091
214897
1545323
34450
1571387
1222021
1055309
915272
1661992
338068
1379005
935339
559990
1114107
242184
148195
411607
2164566
1811050
1527095
1278990
308074
325169
516693
1093800
2132272
1395072
1455512
854134
728159
1312440
2275146
912191
2070526
617177
739269
751815
496838
463105
84088
762570
286326
1576399
1024118
1491383
853842
1334237
1292482
2570025
501752
1670401
38990
1697516
871194
2658427
2570176
240874
2438253
98707
1696614
1363685
934247
964506
1195352
1043806
2333048
1008108
139740
19897
559277
1056569
1632251
1143334
537308
2299805
2159637
835290
1635811
357134
1432810
779618
344595
433858
1604807
91045
1670160
74543
1045978
778438
406983
1325136
151361
384725
2010538
545810
1818524
444286
621175
664795
335525
358943
585254
835036
1492711
1119974
381531
2535146
1573607
426988
1109127
1196972
456614
802086
1269537
242899
1139416
1468383
1294106
821122
1942733
1758642
1183731
1330157
2198647
1069318
2784395
1380117
1075404
388923
689607
909646
1028005
132033
639756
2484476
367617
787335
621002
1208970
518623
713320
574289
1341860
1096839
632483
47146
114040
587002
466089
35729
1143689
1405641
1971798
2096996
598571
222071
1047456
553476
92703
1380506
813342
402509
331767
456513
46028
488269
365978
1314539
1529362
641220
1614505
1176472
2082425
1780195
436134
1602819
2046215
809192
346903
1548515
1255070
492184
1983642
1318263
1133381
885325
1151804
842511
1035882
1723718
1258112
830300
1772892
704687
609997
1796801
241468
1845201
1783176
971903
716739
1887604
426914
161508
1734624
516050
705849
1849972
1694865
434376
935151
889025
323996
241376
367714
1430647
2156680
1620721
1182391
176099
764196
527879
1076351
688556
432271
761756
233120
1953066
1960282
158497
622298
756524
440166
313976
246807
137177
888434
1281767
1104365
1798973
602368
1105917
1376124
1658231
2016426
1118857
378600
1243197
171859
376916
1372148
1512911
767398
1238151
44419
345229
559970
898951
1329388
204756
1541038
654860
1622251
988680
1517065
1090671
2152669
3930
1676127
133523
146159
1437938
365650
319570
1414049
1032188
1609669
2168779
152014
166217
1555412
820740
108889
1010172
618163
2689201
358340
2101678
1449842
1900302
188507
1254201
410160
789942
625515
116805
1377293
674092
2315828
215595
2004928
2856571
927302
312703
864036
1235738
1568685
282663
1316910
1520867
1973219
2416368
374925
443750
683136
955348
102454
103671
162189
2579157
526176
2373337
1223906
1662999
371690
317088
71749
696841
2102916
1860286
727625
86816
1746960
230426
34733
1371406
1031938
1203242
1860467
294374
275293
637137
1436591
171678
1071135
1030318
1345599
2185744
126728
1128588
1230933
1239449
180953
223920
878136
866458
2617399
1147536
2094251
2441075
2284122
1329269
733163
1549871
1490189
803837
2504700
507592
839385
1494904
111267
869818
965604
1224876
73610
1251653
868995
1968708
1316527
2097890
1266784
1177426
1036514
1636146
1930984
2021481
339561
2252283
588922
1647419
2119786
2244402
1782149
1427902
393278
1324489
32626
1752012
1449280
1217866
506418
585215
218624
265140
1437823
184719
653840
552904
784993
529632
520427
2958699
743357
1329139
2816336
1343665
596740
1130795
233635
530656
1058108
2471812
614578
671495
1920293
2259733
2025943
1480273
300532
258045
1777479
1993498
949350
506460
89536
141211
646749
2776187
2409958
779102
1559580
359681
166649
46838
379928
666813
1679488
2165554
2046741
961919
489274
1253810
1353299
1332812
2037498
304308
203655
1289439
2154832
1428159
408953
82631
1693719
246067
1009546
1817035
2119179
1409193
2830054
419443
1679482
2813
1507871
2659018
548530
2254254
1618325
1512638
635372
1593381
452615
1724045
1608994
191286
1205693
2311524
2267899
2286042
2070479
2702812
1925762
1896906
140496
1733800
640390
2183838
8184
1704995
252226
364004
932310
1309350
730900
445627
584220
1818398
100352
1135276
443433
306294
1208970
285843
45079
1767770
1258058
764514
837156
755505
1112757
44735
1042823
1704096
1534641
621510
2229343
222233
595322
253912
1304278
413753
1443930
558595
2084743
891948
2060184
459617
1069083
1058618
148380
749287
1387799
818697
401403
1281122
282352
460705
2039239
543006
1781053
392363
661055
595059
1540764
1187671
1034798
1647069
1512472
860256
66433
259315
57124
2285181
2409627
358770
78437
409874
475134
996039
444630
3771
92146
46442
293579
1185271
2353764
559339
2100373
921419
2346569
1026298
1788999
502149
1288476
1527835
2097981
2368382
531300
2270982
381082
444467
1163279
1769574
437492
1252359
1590134
1523638
1689377
119788
312663
622126
380259
1156154
1570223
10785
979271
1358322
335841
522380
131271
140725
1029889
774247
468632
159867
946160
1559857
670627
211072
41745
1015218
584369
2040577
163920
971077
828699
569698
346849
1640279
2180654
1415099
1710912
900335
2103768
2224142
180414
44460
412482
456448
703533
463573
1433614
170707
495689
373302
1236188
1260335
966593
796910
96255
104724
1967949
332621
653774
314020
172503
765341
1764601
1277347
1703418
939983
1180909
74289
162868
841827
1143829
189981
1117976
705058
831127
416484
1206028
562519
289122
1582037
1296810
972454
2006112
183482
427138
102473
1198348
602950
1928018
2408677
1934776
743979
916647
1366046
1213182
362701
867273
29005
101819
112772
2128003
322368
2763927
8092
390353
243636
18633
1888167
1248427
162259
303242
182876
383480
1635992
744682
1630259
287402
882488
1554238
471708
516915
146255
1129044
506505
1266638
899708
22187
882504
1531823
1538224
1149327
2188205
990275
881132
563230
1328201
675180
1918241
1050951
282575
192575
2568365
573697
1369452
1282666
1359956
381647
2884366
69343
1807457
1148811
2823519
1494021
210384
309877
845723
995736
338638
494386
1533505
1203163
1064152
418446
1344509
522890
533930
239218
801880
145404
1200103
1908931
428515
508967
365509
1018823
212713
1443837
452101
486141
122377
688099
727150
180562
1076117
894367
298404
1621337
2375145
607057
761886
1910390
1050101
892364
1580911
1359263
282202
498875
201764
2350217
2086657
627618
439121
894235
175129
61442
1713344
131533
198178
186725
33963
677065
1592425
387095
999548
33067
1589781
817617
1006013
577360
850488
2207891
285924
666069
524411
3008651
277352
1196420
466140
835923
193245
1037648
302504
888627
1531961
2476634
452797
466424
694884
1127113
22555
908744
123995
871394
2359087
2526269
494974
539699
987425
128339
1450343
1950559
1070773
1393854
1380581
251028
1455856
658
536684
975277
67369
780239
301111
246229
2497647
775467
313459
887713
839725
1578474
739072
226101
54892
1198611
846375
212803
716412
136269
1458283
1793081
1089157
1534915
346946
287457
139117
368732
691225
1211287
218197
262880
2154981
1038566
2896478
1214467
1512509
106345
933350
196628
854466
295210
296776
884039
109095
422194
1217989
31383
1827083
1004996
53647
1509439
469446
1196017
2568785
193859
906825
1711657
1154957
440176
862101
26999
459464
936723
53413
167654
2205125
1964566
47489
1393752
1477028
998079
547221
2608449
1429060
1175447
2105348
224309
2446863
206188
1261791
1239315
1548792
412300
1603286
2248994
1436339
206956
1945002
2875871
1200237
1679868
195147
239595
1033149
565786
1416029
181884
407366
1868948
54077
8988
219479
700947
1364612
716696
470593
894095
283210
1272153
815494
575344
2120153
445815
1117151
1243473
383650
1786621
160878
95300
32026
1014601
934484
1242656
1004542
241787
2927
545270
529790
1414041
96637
1021539
453874
1277744
851591
477130
1247130
622429
455058
21928
2097409
264065
1872510
277352
1738472
898692
430052
2472170
515097
193480
1358480
1018434
82519
1865244
1607725
1643137
588566
754762
773378
65575
2696769
1240128
475499
287387
23619
1988821
383425
118043
1539832
749349
956411
283470
164783
652548
2232492
738055
708010
2266218
1272333
893833
1043486
1080075
2735063
1073927
359784
785564
1179227
389110
1583543
1878389
1224246
1549282
1191494
164808
447521
1626052
2462813
1065439
563434
891183
114540
2291019
1369326
721043
2398022
1249603
359177
2004885
1124410
239363
2437932
1015112
920970
513617
172188
1666210
1875736
327217
1358331
372239
1967753
2144937
2157707
1464097
191468
607826
1585708
1422000
2829726
1276204
1197115
902803
212981
1969317
1855565
516035
335334
1578454
1265938
350433
364885
2393037
96837
368961
637368
423563
1302025
296038
774192
176424
220131
648524
858117
2069322
1482102
570708
975882
751313
253386
1197973
2484893
135378
122150
1007188
181856
876467
1186469
2397
1937934
1269760
1179528
1344892
942467
1506941
1355306
79291
527330
1181139
553698
1070246
902605
707866
1452230
2074663
1192532
1138025
768552
545528
1592645
2162050
1299495
1611559
1932409
251627
1575493
98772
2251758
2066342
1495189
1912527
1334001
785374
1117183
1576109
2398479
439794
1310956
571768
1540440
1203522
1459172
187050
1440508
1007800
2164983
389358
904357
1228295
226851
1961463
1707557
397716
1501165
1997245
378641
1444765
1146149
828237
602110
1106888
1204163
1522576
1553748
875721
1606274
1688329
324160
1840874
351884
2398027
1924664
1138541
607838
21412
618743
1453573
2783742
1851877
375416
320587
206567
617637
952199
141576
461949
1185200
1678057
964204
1701393
329398
1820792
1053024
1334858
292670
1218031
822004
664610
68097
2780249
885029
6192
460921
447538
580085
1061199
601744
1515577
2140091
1972043
33274
304008
808621
2034589
638023
1554812
1576656
171491
241178
873694
593813
784574
1263950
506445
1779266
652331
1152070
1700759
2037451
2192170
423527
559519
299566
1929736
2336665
501099
2102411
2255502
1125855
2567002
1693810
90057
2113231
73881
711864
625304
649018
1398293
2090303
904367
1825327
1951803
51196
281600
2111056
671096
1409195
1357341
1411655
2269229
603796
250405
1035583
1555096
1313553
2076631
2640623
1189255
1314088
490858
1382587
543152
1372387
70353
666542
441492
510667
1125526
1661563
1576808
1800288
22135
745870
762069
1150051
134216
1935506
528692
431494
901973
683704
277171
239794
880333
2800899
2055858
1839700
446939
1080885
1323260
369148
50031
1298960
552574
2433502
2064353
198165
1188001
559127
924257
148575
601654
277918
581331
1084577
2456265
142447
1193624
462604
770777
158879
1293660
2174286
1136541
255932
1674430
2581985
1143228
436377
1535075
694335
1022237
466056
40741
397968
1433494
881280
213084
759126
260313
182023
1219640
124093
24875
1309430
746636
129890
611181
302228
2556848
867764
1249506
50381
1000216
552756
4853
291123
962254
169111
133990
547145
689111
76286
29419
1667925
187743
1741318
2291581
1020933
1466105
633185
861777
1761853
1919114
1144487
1218570
912649
2159215
440507
799679
288143
898303
931517
2484259
431832
382349
1715924
555472
2271310
1553844
1100038
409080
2156084
92460
745942
744247
692327
186845
858520
871608
1979155
1102189
1122971
1250760
392645
664760
530535
377195
1056267
366637
177451
59320
379906
163471
40259
507529
1426849
132821
729981
899530
518196
3041573
1524769
671841
712559
990618
1708916
394998
1138374
1640855
190470
2288114
688998
2532776
574503
1193283
345670
260153
2076354
354126
62065
2522178
479698
324890
1873593
1426230
1049275
2761693
2655666
744011
16253
1577082
981346
1012629
281871
621873
1497283
1928659
690044
2296866
2108630
373626
95182
115642
2264137
37079
1841238
173513
408329
503773
304475
1619803
2304953
1859252
1515110
470255
52998
1207169
1627774
295354
546888
1555183
289315
1442136
84666
1705422
514722
428284
152317
1937401
274214
608700
627021
143287
1372805
2721720
810352
2522514
1216133
488378
1886018
57167
1385887
1913385
1006252
2003726
2068934
762678
1636653
1747314
1960562
1091609
2529044
139676
820496
1978155
1946449
39311
452259
1456812
277173
633202
188847
2559957
523203
1789428
1660808
1563655
531018
1434028
1016636
2411726
1839708
1964036
40967
2422429
1358123
237020
85098
1574374
217537
1946363
612808
713966
1793639
663832
2010013
1080667
576840
51265
1916528
609098
846432
1421256
2307788
799006
716499
263774
882368
2317035
2224479
510551
152411
89303
2326214
557101
841797
1393641
216868
856726
1420033
109339
594214
1713094
503817
417654
2008643
2309093
83723
1234350
897372
320663
81892
1034648
718962
960504
1167831
71697
302121
322315
2496727
987162
1577355
493002
1294285
1533442
205561
588161
1197726
466223
738846
168617
929940
1383066
2797659
1967817
1732122
423457
638020
59934
99835
2077191
2118721
909246
1487428
1039581
383133
47714
613849
326970
423319
1152394
285761
183446
393588
760473
834523
1025208
1000806
628507
1541380
2644547
1395639
2126704
1608823
515721
1368203
1345914
224639
133925
1560361
861412
504175
1032650
672684
776002
298393
837190
1047476
295692
2331320
1221593
2012206
2404028
1514128
1288814
172257
1917485
246080
1027657
2269905
1601705
550084
52842
117044
357874
931936
366268
1922638
1376479
483784
224040
2827392
2355294
669009
105619
853921
1449030
78912
210839
941274
801404
41668
863429
825249
166339
1060687
1722509
466053
1987779
756295
1095448
16618
508533
52192
997597
1101407
611332
506321
450855
977506
1405398
38811
787013
783290
1090134
26015
257909
1136146
1418979
1798622
42048
185988
1399253
528723
1731392
911939
811140
731846
1402400
889501
587570
1796772
2868712
1071531
1584050
2046109
580218
1081646
53557
1647225
820038
2424230
959034
463667
677260
1780997
416207
436685
316366
2551017
1334161
795323
1239905
64544
1254019
2519274
171676
607200
346121
169837
1000037
965195
64522
605655
1241463
1754185
1540672
1785
426209
1445259
2761637
540005
1011364
496425
284831
2618891
1217643
733811
1805394
1722150
671446
541023
175703
564120
275592
879802
1445633
1894246
433370
125308
2115532
1398376
705877
2565442
1505447
322118
2092111
500300
1292576
705595
1036866
1725727
5672
864311
1324873
203404
1517858
969399
453356
1810012
941099
453494
325932
2625019
2071055
430295
1065376
2263632
799864
127516
778563
530974
1007121
453136
1398178
1833329
1562700
234763
667248
424082
1041557
1510069
688964
2060397
2106381
2470378
872604
1131172
1416183
843259
332533
926572
438259
2427198
520653
59308
219311
10854
1647717
526999
456106
370052
704548
2184348
936353
1458196
1420440
778715
1989931
2002812
1661815
1589283
2174719
1815458
380459
682734
138289
1296491
323859
488567
1257867
149187
2235776
2391714
1414629
1358760
1185852
1155413
1870160
1655591
1314443
2019916
2338300
280484
1484176
1137746
892968
1111016
423489
488893
954694
953503
929073
572865
1800431
845884
471061
914431
806431
180397
316731
501270
719444
791764
602429
2299165
90660
999298
148790
763099
2518585
767845
148920
677106
94024
599381
198016
135192
216352
1974967
508253
766826
642945
834260
9102
436466
663119
198523
49233
1253768
1540744
311730
1663837
418380
2079849
1317367
203933
841434
670817
2007818
825794
2815950
658366
70780
374443
570589
712439
227010
1216514
1708594
1257866
1191057
1169596
2075391
1075404
2340158
1585881
637514
417098
334178
58448
974676
511855
1451442
427555
582864
587394
1057660
522771
1529417
1721899
1372180
1762338
1263582
312328
1546373
20389
1224196
1384196
2377857
869198
1161462
312855
2546456
240932
628487
1512920
1671106
1398445
525857
1146710
19153
358378
867871
614488
1304748
1347051
184438
153718
113705
826931
315797
1611188
1798511
1943401
1885173
220991
733629
1221396
1696971
2086709
1109845
1487158
724159
1044000
70818
788838
1005890
142382
31125
390482
2028274
889109
1349885
419375
2191726
1437455
16125
1938833
519285
1000025
1567633
839198
525843
1899659
139440
170992
890355
887249
53521
180658
460728
1666431
851718
248689
121810
412019
1929682
259037
99004
1351529
1088066
266547
1277710
846131
1317987
873023
1079025
479721
202747
1931689
235870
1096423
477175
46682
299773
1068544
691720
528879
1821391
471816
2551092
2634135
2258051
1307360
68182
1007642
325453
561356
1156547
448739
1206339
2140947
103738
1903649
2354418
313040
201019
308706
2745457
125705
610270
166804
549536
1080304
563215
41605
1966473
110086
509414
2153204
1567286
988927
2507818
482577
182338
686894
38311
2091250
134284
2106166
1010171
69904
272990
988702
2374538
1672845
26992
92825
1129438
1307015
897814
155300
1476515
2198005
2056932
31816
1318578
305160
792579
817213
1169219
190685
235633
488426
302833
2766736
2847217
1357376
113000
1597682
862900
333374
2292424
847756
916505
1414745
1372853
389963
12705
2287842
1451176
367671
632879
224061
172893
821914
44752
100674
1501630
561213
799904
1017196
1420661
1002124
301222
1505364
209681
945873
1279152
2236171
239490
435160
1302971
1748437
1169682
149988
447884
1865757
1243259
337823
197256
113313
738127
239742
596673
325624
644868
1186289
1916110
948686
182597
172593
268976
1169555
1658785
1950352
122855
2738883
556015
2129838
738873
575121
1190989
405492
1556752
104497
1234790
874027
1928861
713182
717470
1656347
528250
391474
1248124
251251
1896022
74670
233062
1669794
498792
1062596
1659826
2079641
1410369
621714
1612584
1942146
1739895
1089035
461844
1432368
1941372
1241577
1225853
2509790
2589691
207599
1254350
852213
427428
897410
1813879
980049
2406919
1597481
2366972
38058
77537
198754
1301823
1304111
713981
53424
883079
806772
645937
2192120
371297
446466
1372709
724791
846569
556139
6503
671657
1896620
1746911
428536
983100
227130
778315
909555
2142185
29516
1013666
533093
735590
1626875
2044303
1669159
1776679
347762
113659
2561977
1222657
1435578
14215
172983
1349310
252005
1018853
449330
2862
1502643
2348664
1056894
565776
1334601
914675
855461
2225157
1060225
924959
2113163
1890830
2011189
1021809
1466999
87122
1903572
1451650
234263
1230124
71399
292565
2662287
1022835
419510
130361
904835
2296276
1576157
861219
1968352
714912
468676
2216634
650562
1369707
784136
1014317
1248269
162126
1306944
1201538
1852741
1615058
568441
1314846
1323727
193951
1338516
405030
308723
1116887
2135047
1383159
369844
609644
339508
1564399
286384
208389
150306
1447644
293307
568948
909802
85058
634826
1428753
7177
984027
1084442
1902536
274343
584528
269237
2087935
834205
790917
102815
1758250
1404382
590021
227890
1326783
1387496
1063781
2134342
40704
1612101
1795619
1345116
215316
386300
915689
1034735
1317972
1896244
1869500
2075030
757316
913893
751417
998948
1771204
976
31800
1391936
1478962
1431388
1412213
1679094
419757
147656
1821966
2325074
350863
222595
1081727
30184
1677936
893079
544383
270537
1042755
301424
1292526
354337
869233
1626500
270245
517222
556126
773979
1945666
556665
324869
47699
229907
274732
954020
1307083
71013
1206692
1453250
1182684
542080
127647
733123
717782
1699859
904576
1898384
276651
61839
651563
263656
1199003
359271
464059
1988090
793670
691745
695365
629829
1596483
541509
286253
305838
5466
389209
878734
665964
1009302
585865
731004
101973
1101390
167583
1311980
356602
107240
1821773
1260812
497910
2354973
2450786
106629
1780190
772964
982029
1764126
1653935
1416579
1664741
2848773
686866
258474
1990424
339340
141540
207044
682943
2187786
1922810
607794
560521
488131
1214935
109568
76155
198548
1341302
1166535
605796
714993
417979
1640277
1677815
785728
1221200
323414
422484
647646
659702
559641
507854
2231440
1681085
451433
597998
295641
522574
2599184
1207980
1405768
714223
144060
1103886
1943089
214018
1200031
248052
1832978
181598
1076375
1409954
1556707
385038
1120048
2163789
1516814
1522223
2556290
122959
1137052
2408187
964973
163416
1268558
1249323
428792
102816
144629
1607848
2504993
1092469
113341
575802
1460564
148838
1124839
453864
1843174
1379227
960691
805964
1037063
1006310
1917291
931571
975527
912150
201424
1472086
356125
1050435
154121
2825499
1294264
1852630
71173
2161459
2166466
310772
993775
1491497
2328
2909633
1840372
100199
1330907
497996
376239
354977
120673
23832
369532
1038140
2617367
543625
1049145
16972
853122
68841
369486
1818031
1688446
2608504
423608
1236701
32314
2566534
58860
2112548
1371602
423585
384444
285566
1943683
1314789
2350990
359794
1523416
478044
626962
2004173
1085148
917138
2178818
771354
1296522
214201
1359252
111951
786301
237753
1968400
190938
2198982
718598
1206114
1300369
334514
961656
470920
1782218
859389
204054
1357651
2229364
996665
779254
89
439130
1082382
2229317
15004
2380754
2233363
1849893
2303070
546089
264265
7460
1602692
1343712
1425970
726428
202329
2433396
55801
2799837
973733
857153
615162
90593
1896318
815351
1552808
17589
902119
234196
822832
2337279
232073
31218
1502092
1222611
709772
396610
2218362
106528
100674
324483
1561215
1611238
1210136
773101
991454
297637
1144830
949428
2311675
587531
1998744
794973
848852
1219939
741856
838731
2863616
365562
943473
67688
592838
2196009
723671
293600
2272966
2263869
1677511
911422
1097372
1115079
1812326
1564885
1230711
347542
447239
137713
1097149
428314
1799498
780917
976664
2219059
326157
2453260
1741427
777305
637285
262159
503602
2322396
949290
2720121
1270611
594920
2108838
974118
1187384
345401
1389638
1206451
1762883
262195
1387879
1492730
540485
1098121
1300912
1566058
1839449
1623222
154523
936299
1502420
557145
1939594
648185
1932548
146713
1998421
1042590
920951
1843736
291344
84444
1286075
571479
1666534
1939597
2174920
562393
2209185
87659
1117131
1279763
351523
1632058
480255
853137
2371780
257744
1081196
781576
1965867
1105025
946797
1838774
2258441
645678
369939
1408623
2340207
303947
1773449
1494584
156268
972055
36613
68962
1339478
1709687
1118025
1083151
594749
2645683
2140827
975009
679265
1188369
49287
759759
1337239
232441
1192619
2484672
386877
1787457
500861
2063890
416787
202211
1657983
1176879
305882
942985
1379991
676217
366033
82479
1005095
169739
350133
700563
935862
635233
67920
381661
2081822
648983
147315
799851
2323600
599867
2756998
135042
616730
885033
2575901
790083
637296
1893918
859941
854643
2586973
911234
207918
169042
593468
524095
968018
650451
785771
597374
472895
1901093
1654364
1202169
2590024
637013
227917
533591
377050
289722
2094975
223893
1103577
1874651
219832
1329643
1023209
753475
1612695
566494
142319
2287879
510423
2028046
1870501
449358
313499
144716
1850966
1080536
972934
1877331
1325712
497063
1607173
656949
2500866
986292
1376725
2434648
1325943
3411
1521904
241289
1292132
1240353
651218
982669
774769
1196783
391243
1352641
1454466
136928
1317804
415884
791590
1618716
1144867
2631847
2322796
1179383
513839
1288727
1000035
514559
644038
919443
1162057
991571
649578
431229
137491
1419570
131416
2384168
1006132
504617
1009751
1256112
2060919
1102806
119113
1553896
2086552
1399052
290964
624530
616909
921915
2016177
515809
989761
816149
23688
1686119
766194
1870840
1727964
883407
79476
2121130
343492
1680611
1491867
835055
1554635
196788
1444066
318848
1032688
1629421
2305796
2065123
1165701
2205320
460386
2245962
305745
110139
1108592
38636
1582383
2813026
2338785
1391002
1522171
1658516
994378
1045701
294127
281505
1210094
227158
2111208
152123
930019
1292302
537181
1765964
2643306
397056
1728312
907057
1640368
1195823
880184
567852
787021
803355
262929
911877
204925
678662
1377144
259222
111794
837983
1655124
879338
1312450
664249
1015955
121987
691494
39959
1969282
779718
3028381
378028
397786
902756
901976
1522757
872924
447474
476373
490240
30741
1043197
259166
193553
29563
89842
485063
692101
243700
441085
94132
1319337
1495588
325754
292967
1263297
2173376
649781
762606
1450061
757034
153021
697590
1388213
53762
294945
847745
1584851
196315
366553
904845
104841
1327966
1659649
2808855
1886023
1870139
1205483
1581053
978107
2332686
181478
9048
1082034
1186604
808672
1693851
253958
1641507
2079749
973564
887398
1469584
1302997
876114
387309
107352
769050
2709132
520443
427373
2455973
2223039
352202
10289
607928
133376
1213157
1366714
1284769
1948847
1480500
983836
1557505
1069227
2303545
511459
822783
732760
11687
1466507
132034
687607
1583961
2161857
1711564
980860
563431
536202
2260044
46892
686446
56277
1385048
120320
1285133
306108
496744
100791
107611
2482219
103549
863113
1631985
702886
2101676
333949
233056
8182
1291535
393897
2288203
1541469
1327196
407084
1888286
1027585
399340
278562
484803
1339928
1727465
568615
116803
197224
514030
481159
1601846
1982113
1480412
963537
2246903
1103620
678817
550838
1159545
1668814
92056
2066124
159487
613591
2720158
281655
1834078
1418410
260599
177271
241929
1415307
271967
2075749
1215689
87011
1723948
179223
358399
1253449
1020198
252983
123862
1020578
2032158
2098869
690568
1944151
371457
1469899
470995
1267630
177497
205568
287933
193319
2238520
929564
459395
1224526
434124
516225
287493
964760
2471361
120936
522856
301116
954273
1930734
256632
1061680
397671
2130501
242053
1498829
398161
379527
1519717
851105
1102688
485001
688771
1086775
693088
2091022
8349
1108563
2017373
412507
453624
1764572
1590251
1304742
458265
1631118
225285
200272
2457210
315754
288706
1326300
2542669
91796
1344103
444301
1546939
365232
1572834
1598417
1439695
1175134
722638
570595
1085519
179863
300118
233442
16803
851071
753922
1893165
324086
1824569
2088267
82317
2439182
2066836
1633917
2962538
918734
840819
531514
459543
1110346
736478
1305494
1339604
1109228
1335987
646844
407546
741124
20202
510737
976211
893985
2438471
578560
1861667
2093830
3076627
226495
347549
1185826
1148411
1133774
7609
1123450
1031976
155661
573081
160300
1829198
222215
1163477
16261
193077
2143950
150603
1336848
501569
1945210
956983
2624730
437565
1382472
42158
2812252
1255035
631292
526532
2115210
830983
510882
1443461
1080123
304301
291346
293290
2557987
67801
433570
245875
468484
1171558
146241
2294072
1439957
1054639
1542980
604619
756918
351431
2352909
967890
2460654
517691
1127777
1449759
324527
1570230
242800
1250972
1758746
434032
403173
1622905
635424
621153
508850
1011493
585616
1882902
2654406
270451
2170021
871002
1752512
865625
1431376
819291
342174
1372888
222090
1815570
1367591
205561
488098
330456
410354
744199
2504985
985257
1371866
261600
2556574
216112
18717
1033850
42525
228877
1243641
904622
101356
1566832
2399122
4107
2213090
672314
1159354
1639740
646463
1248163
1421589
1208748
1079968
704840
703263
1320400
730846
335200
2027857
1313728
123100
576160
1069647
115658
732812
560159
1957698
637716
967256
235456
309124
2456160
1046214
181802
1429268
1463264
1054825
2285109
285364
14816
410642
2664474
446011
1962128
1370275
2345110
960575
1845187
1593046
178609
1947018
823742
317038
42507
409073
1440035
557561
446041
823947
1262886
439277
913733
779562
2625898
2288558
325948
388194
1723106
958076
2417302
343069
1140761
911341
789567
2609096
584536
197907
1623072
617956
714547
21266
1625043
1866284
2132535
2263893
1848921
285312
1059192
2437645
1956277
2421677
934267
829714
14367
2707308
2259634
537688
2594766
361935
639714
1294677
376813
133609
352262
30904
722
127945
1276098
267403
1082731
136192
170303
598687
2049917
113683
627528
96342
746437
866384
270665
984939
994729
100824
558882
377672
634953
1706038
1091307
618538
1232919
358679
1926323
1156253
1456934
1224214
740668
286691
1020394
1048438
2078463
67730
418718
86079
2139808
108887
1024268
1835790
436716
1338431
2357362
58383
740441
1072187
147986
1707630
572044
1926574
269495
998240
2654019
51883
213159
2867615
1030760
471377
1201959
295119
458442
591087
1024919
341349
849338
367837
957010
1324613
2009348
121245
458795
586961
1499090
465142
288374
685146
1014687
683277
170308
1233903
731544
1135638
940262
587374
1808045
500492
783502
787070
114873
2370906
753989
341704
1757641
536398
834108
2188250
1759904
735114
188498
211207
340488
685431
734153
108003
2738995
252847
1498497
244037
141668
1191077
786242
41640
2170580
97654
388063
1345359
2905480
93502
814654
743332
268108
2146930
566279
64633
427789
2058085
874589
240729
2297047
689562
2218749
533198
1461415
1577581
1345140
297314
652299
369744
1406747
2426349
2991418
199404
787398
1235118
2026503
533596
1413414
328445
1847944
2652185
254363
1521623
1477932
15442
1337959
2265271
469563
1755028
303957
1094638
327042
259229
1152207
1005785
2384400
127522
182131
1127682
380752
395498
1601992
1720703
1636393
121281
2171080
1669069
625105
351401
1828224
621753
1166246
1300
278704
562559
2367001
2752470
1493212
1456033
16762
1101076
2360221
769422
2203005
1856491
678533
1236792
1498116
40919
88038
1382303
1973040
485911
1193198
1344869
866686
95443
753415
335731
613835
1064765
2713665
1523434
656596
394652
649474
918681
771388
639619
1026386
194472
1530101
1397305
2012589
915482
2822453
568270
1759424
185087
737519
2012774
684195
1078788
1321920
308010
2428198
1975622
1968868
516711
1566813
1030047
1339976
557857
693922
624611
721679
320527
2653338
1193902
176899
227157
220789
877825
535671
1336213
1513820
597841
559917
280650
973800
1449403
839345
382753
1261425
424182
433702
379563
406259
1462578
966879
471261
2192729
2547660
566738
63863
419832
532187
378214
1277564
2282982
72094
948963
2498228
622149
1828369
2431397
288567
1374684
1102004
2138785
436722
655392
2183557
860855
1183850
28691
547318
1625766
37343
567129
315840
669883
643373
1688463
1907628
2078949
1317874
408570
2225235
390281
1190952
18034
421915
2132847
1442970
674989
469926
179954
198250
1348681
2093953
1048165
551130
84155
495496
517474
1672236
694090
21816
133053
1252321
453963
303544
693183
1249483
1025143
1025807
81869
881731
1098101
115477
426100
66260
592671
123001
1242576
631457
1576737
408901
1793406
2164521
447663
1551790
2237
205746
362279
518071
1150605
430027
389101
594434
311063
1736489
577916
1271468
2065431
543331
1320155
426694
1986866
2406439
550350
2586256
1369184
1528009
436548
126209
1440544
1784633
313065
2579643
537746
1278869
937259
900030
52494
670792
1111196
2043718
120256
649155
2156039
1534813
2072772
1644124
817746
591228
1086474
1098556
685258
571241
1460662
1361098
838377
2020207
1998376
479842
726762
2043235
504095
650341
1649761
254164
494147
911214
1431875
146142
2017623
172913
160982
1819711
2100701
955476
963725
247688
593429
1850744
194413
974991
2259122
2276217
202891
1980935
496769
167166
1475306
381660
1390401
1630980
976492
2233831
784358
1262768
498118
1111440
1407290
864
1558032
1097327
958394
1993982
2226294
196876
1163380
984998
430257
128199
1195028
1176015
1055585
1628583
780744
1288597
469633
94328
1606786
1505125
825390
436228
1522235
1447029
1577020
1366053
740075
1424991
4644
1366236
1685634
120905
1597750
1224394
1075322
1044972
1940813
265771
1343240
2658242
1480126
375576
1395069
256326
174954
506633
556709
393651
1851126
413740
709739
1892716
653340
2209854
1088333
34232
364324
620516
1899693
1514283
248875
4841
167639
1360016
1850627
94007
1704123
507187
214141
190211
942047
1751156
2721333
99217
137154
1305144
507813
1698901
2388673
646066
680276
639505
1628
1344956
2062582
903466
2679323
591261
1212510
98558
1007106
920220
814735
343738
1080894
370937
94741
846739
1429376
1006022
1695383
2282280
1548029
368920
1317829
10314
1278973
2444308
208698
1267670
1239499
178222
2433048
294951
1708132
1282435
55097
1420307
1570615
1494417
30577
1937613
2673298
1686436
638338
1336613
688390
1931047
1010758
82966
2820001
381447
1796055
64767
1846322
584992
252970
803700
1100329
2117105
1390889
1523350
339977
1927760
742256
149647
1798390
1838515
1321231
642366
964802
459465
470283
1854947
626631
1653774
2054972
1301930
1602851
2169831
424645
807325
814807
213029
2820873
1060283
858357
421251
1039045
903584
1093948
1214212
1516329
2547502
1101351
339977
339755
1306925
1748435
1814004
316739
937023
2046808
815169
1825846
1096545
791454
366733
723576
866050
684352
1284759
1378744
990400
389120
1799463
490407
481273
505446
357865
1345229
997355
725974
1271193
751474
350784
584720
852417
1347405
2593751
538645
1209876
957782
1074701
1400
710514
137148
577726
1267256
1128506
1001996
329588
874759
1218376
2089246
703612
478275
1908205
108835
1045238
392544
1207716
24591
136534
87113
1552866
828198
219761
1500546
862830
132980
1212943
739635
1689525
1644751
528086
312813
155888
1393594
1763509
941076
1305196
1206036
1170256
1064949
1674121
221948
261795
352329
1000813
1697664
81145
2520374
1843289
228577
999338
2378736
1301323
1188672
296178
1103886
2166461
552331
455993
682131
2932819
1641730
1290983
2241228
593256
875974
21880
1027480
679297
1118666
650856
2151785
559397
747515
1512512
2903292
1165179
2461602
24525
393649
1542972
1649357
356570
1015678
1143991
920100
1081990
1338459
471526
1467207
679568
1008505
22647
1305219
2767122
1078330
2528876
121323
890035
394908
990395
1402992
74352
1179537
648686
2532614
1591952
858666
1779627
285518
588672
1156634
1846469
2512677
1604013
654977
1862463
1678456
1213735
825275
1506481
1005637
438587
2851610
579503
519978
981135
216876
1947061
97013
1860984
781838
931310
320483
1121086
1074279
963889
799002
731506
54931
446906
1299895
775743
1442831
1219156
662580
1400954
2156904
674431
1091055
1430681
896145
1284639
1132077
690738
621102
394460
76408
533113
3633
1989129
805932
280865
1009434
1351572
1156498
1068287
1849743
1889304
413627
445045
1386771
338933
2577720
609136
1501378
608227
1263995
242179
673492
23167
945393
242711
1868485
1667976
1714330
1731664
552909
195008
2217879
859804
1579476
401090
1921558
366477
65598
1020175
2018658
1877642
918567
1084874
956118
407470
1317469
1274932
290122
2182654
1222872
1306054
292484
1128736
199676
101157
1190770
2465575
953976
895462
259649
617077
797875
1073206
740641
651227
94598
2158930
577821
381205
185580
1114869
1104516
1798845
1138627
829918
1318689
1286349
589188
745956
517536
405212
2216816
2308183
318502
135496
451669
561412
1146507
1002654
635794
698894
2101021
1384251
45014
1445833
768118
35492
1576723
644387
1022009
1543905
402470
272606
761532
100290
956472
1246747
1616746
219362
550374
372122
742865
763292
56451
333044
790485
313106
1085039
2527117
314074
1162836
207581
2193663
459393
1111145
64141
1888213
1182301
736462
304898
1348212
597797
1869659
1341319
665078
1517338
91015
1236681
225906
35807
76736
146870
1447268
176913
1064808
1166323
801636
998465
841156
177567
995179
1848635
429930
115719
528075
1278515
1540608
1541587
1537260
241018
550320
2182057
531363
52210
2077797
9702
585035
1680892
769127
775725
284685
1028937
429950
1118810
40106
204695
1138457
925934
116277
496666
876364
258340
2457163
723894
623540
430647
1652527
175500
1241568
1457803
1229192
110092
1389472
1839998
464161
1064545
2587159
45845
96586
344528
865386
2139095
1023178
1339129
2307429
881711
786651
2882648
903622
2211469
192680
275985
1166728
367319
525470
48096
1370371
1351038
176591
559296
1442423
254385
686586
739491
135357
1166439
253258
774016
880023
694137
2363149
378324
1635161
76713
311143
1394220
391839
1004482
2074658
587726
1957275
508818
1706725
293833
1076538
862634
1369590
721136
111670
193722
1213056
1599197
494938
1405269
1398918
171510
623761
353435
832603
1550440
1338248
1156965
612638
1416563
2723475
304923
2104910
786658
420742
2536219
787120
1255947
2136890
210514
1609341
345633
957462
1551432
1097012
35321
1828200
684795
2268769
1742655
2406902
2725125
1271180
856970
566322
2290254
2502679
891056
2329246
224763
113355
2372546
1755111
1893856
1629052
246877
312441
324668
567233
35659
1532904
415303
1231783
1340349
865630
2120390
815813
1945921
1233493
2086022
671787
1067164
711173
621831
140552
1291553
1801563
530552
2040221
676021
2379050
1250859
910100
1381094
2482318
1399923
1833459
3015179
466107
79973
2351728
1947152
1442732
1136203
588548
972157
497143
1705341
1601288
484648
1482434
51763
278416
437335
147444
2441672
781098
136692
622319
1932284
2661640
1513099
83276
1431604
1436893
490024
66962
1092155
1337055
213242
10929
684719
67345
139693
297882
612863
2260090
460331
368348
1444706
1827747
63622
1051072
64484
2107724
1026454
1151915
58460
236515
1813774
715468
1030334
728760
286705
371589
814576
509727
567610
80392
1191076
2381215
523126
2476593
1012491
194401
965119
1108198
71607
907912
1819416
644850
2068491
551695
163899
57685
1853872
931315
681247
1051965
331729
58379
277563
700135
574157
2160182
185094
873930
69474
613554
1170897
89940
168818
2054746
278568
100890
1334029
718259
76569
2689144
1814429
272310
2121790
585870
126865
1710510
919617
1686000
1845160
452516
1622847
2155033
818684
1234700
1117385
364304
1476573
351167
307316
1366082
327353
8528
837773
1650705
2092554
1322993
2519881
1267141
476511
1600491
508962
156497
330982
2177094
472348
583407
1731740
19334
509706
708149
1078761
194275
624088
418828
1581331
600800
1301214
1577478
2150124
697794
788119
648833
1593255
1451277
595288
469564
1214750
1902060
1685008
465041
1226367
2064730
954579
1294390
1987173
963621
108234
82459
207564
179823
1330903
1309520
1070299
1973708
778347
857886
149617
622012
215525
2292671
995776
883209
705297
28185
19468
339563
836042
972948
1074973
248525
114761
2177354
463314
2294212
1082053
1936597
2015454
2730017
121678
1744220
694329
799753
1572463
1430974
2433904
671627
535114
1757379
1849480
294305
198110
1183674
498450
1654269
1134501
1710645
61959
389763
226570
538147
742971
288130
376169
1332966
1767508
459538
881341
732077
387830
600991
952683
410398
55611
698611
321395
1322671
2080614
319214
231823
89859
667879
1516127
1745832
1120344
2264570
793034
675766
9860
492241
2816422
367443
212823
1
1384429
1038332
668413
2369796
505656
127940
1119993
1364525
1670890
967368
384069
1012557
2526484
492404
313952
2199026
1146249
1121867
471423
921586
1311244
280570
452941
387318
1154663
492132
66947
1687140
694898
1078949
1233688
2676920
444104
44610
329796
1546304
2013136
90073
509612
2900872
1796214
1249027
968145
777637
593733
685312
1391158
728283
1118276
1474634
319926
144088
506373
1113673
654921
2060423
1686904
1841801
2320339
1072761
1572870
86774
1145493
271560
24747
210352
863815
350156
1676666
1358873
296485
579989
6110
1940741
1945149
1759056
1376838
2014376
1380194
1102957
1347904
263511
2028988
1231668
154486
138438
145957
178463
213243
698362
560360
543941
160669
1485365
2563070
1670311
104903
1512782
352953
1638817
1067444
1688926
1318184
633466
884419
1036179
1271221
617064
587033
778450
1233405
2630808
624966
1654088
343390
507953
113965
990032
1114812
1672864
930943
2518307
1273953
436066
608772
682703
1624763
410617
928338
626131
182223
350171
461077
172615
1450201
1784581
1663200
1095191
1287467
1510294
455507
65382
753159
1494294
18580
2515881
683784
575500
645390
409066
459936
1076305
209569
53787
516113
1791690
857566
999628
479762
1393626
1588010
1073476
230561
727484
960596
1041040
1136066
227501
658726
191881
189001
839214
720002
554298
2848807
2961058
523074
110041
460214
2067809
1751796
213869
2109115
1114219
2376456
411960
842296
244423
361736
146715
306133
1819443
2309711
640799
245371
1447406
520099
1433154
916014
870892
1672578
390682
2183424
18774
2153740
852383
807821
759167
1738727
665942
439367
1217591
1041486
1092313
345497
2288622
2476424
884699
561706
789547
1007604
1749982
723600
407959
794009
324582
1613615
261310
370328
4966
1218156
1158480
2106019
459419
532182
22893
214645
1189476
744994
458540
1482722
413654
119053
1624988
670787
2253360
1185596
958836
534373
603050
1582085
1972711
1885541
314234
2768744
1396874
390730
236343
278578
118618
1486157
1747084
1214111
1516777
1469091
2268260
475053
1197566
705567
476926
1337648
2793996
1728774
1332611
2084585
836307
1014266
241985
201525
631659
579642
160891
2896951
991253
270714
363333
1092209
2626486
865728
682150
2569947
1309734
2554041
22027
149552
2002974
376544
1016380
1607743
700856
1661123
23059
992141
902083
1912219
702937
256586
2381611
1045113
1015187
2219524
160932
852630
810526
631988
340821
500922
614899
450714
1118057
1778285
852265
506800
1370981
1732087
1055512
171858
638511
1797840
1435587
117446
663338
1053388
1465249
2816712
469534
431682
2013491
1421283
1540335
1174428
900501
2119705
1720316
450869
687922
2214287
101456
759644
481987
456943
807839
234119
1384455
87847
1195355
873272
262677
1309499
1860586
1898424
36136
2198098
1349520
1922472
1067327
924042
1459171
122042
1596822
2233619
878380
1300795
948627
493069
188748
1034777
163241
88352
449720
15567
888741
1849718
2031557
174311
1067137
2679903
1191730
520016
953793
321582
1385538
1305961
2133758
246460
1366973
796727
53407
1371497
1797454
2091731
469716
358863
35838
625112
1378849
1696469
431248
1873809
1900960
123861
28136
367842
787368
287834
1891212
160337
1233740
1123311
1984604
1235739
831763
657141
1691921
767254
1959270
2514574
1091978
791989
208597
1393735
665668
566474
2192374
654482
221263
568603
1798035
401649
110069
570266
1471441
486611
246900
1049432
218369
404480
253651
787962
596962
1034798
595573
2997321
1747167
383675
257260
601613
486199
548959
2486121
1175334
1903611
2447686
1020081
1131584
101804
518245
594699
641946
1637739
960443
242853
462723
1634311
1634691
668091
1830944
837083
958162
613112
334617
714781
1188572
875753
820080
1418770
1317919
1195243
1646267
248154
1268536
916280
1111296
878250
1702314
1930781
307168
2240511
393831
1204378
845261
302519
401427
201366
25966
457859
365110
1752655
1634228
877271
660527
43613
792344
2133083
1417965
727087
2246489
2365019
2021796
192589
1834710
1716062
60032
2118766
417610
2321412
110526
1665620
19141
806491
1413900
1066379
106472
10734
177189
452072
921873
52282
2383642
886069
94251
641118
803378
841777
970881
92081
1003568
1017835
77997
590925
432843
1440942
1756659
893932
1155819
133757
219160
2454078
168006
2201947
196678
64134
712450
1322762
462093
994436
1230064
1014540
498820
1113225
198712
365148
405640
1043283
518986
806959
1393863
750874
2495943
2316224
2259219
1950872
1548805
270693
1611969
1734142
2625657
330943
305647
1673625
225417
210601
84952
1425091
767375
2249715
704457
2611698
1113665
138131
1593578
372318
1993321
86359
1956823
1142972
1417871
2604416
574408
768860
2130263
1643256
153854
1915163
903502
817759
1151558
2474696
367625
357984
401452
54601
1515571
1958105
301640
356503
516074
334924
326074
419363
1869041
698223
189054
859047
952147
1456503
110973
1861276
2324675
596231
2954544
74798
1010324
1932413
1263896
832323
1821892
35877
666731
2178062
2345311
277427
1033760
672658
62020
1078428
1309751
2146419
174104
111718
2199058
1579512
1598075
2333793
440614
129025
2581735
773175
186721
25699
1048460
1909023
40694
1039772
548036
958967
1264666
55762
1079124
730504
1146583
939786
2101589
541481
472106
909450
1638586
399533
688164
1403387
1434147
1119864
1507761
1924614
1568857
2847860
192556
1851737
811399
37682
2000165
478480
797251
943585
405111
569145
940786
1863990
731737
52373
881522
1313588
374575
137591
320839
854127
1982185
641590
1489197
108889
313237
1856493
122037
170902
2518002
1631961
2329232
968423
146604
1517559
134169
2095020
283145
247785
1631934
1310071
1363436
896953
1914048
651139
176295
1335844
1241301
181461
2485622
288809
259660
1254963
37299
813908
2551431
928784
1017713
142028
1165697
301302
434892
1936036
1605285
557951
2192288
1642875
277250
1287301
1858199
1334867
2917539
173793
292046
2228784
119213
6505
1300092
1758514
1404845
1888078
1112795
2150549
1167427
1669736
233481
519960
1716715
1252584
730884
968441
1791546
1936058
762521
975403
970203
146104
769950
747304
12735
964358
71533
334567
2124034
233889
137395
1727354
2398724
2466405
621233
155730
1965789
1726761
2171894
13967
216066
2032743
1064186
620600
1099723
1448687
1374104
2450092
760343
1348494
2134560
2063989
157103
1468822
158629
1339213
1483578
744052
1582972
514295
1106670
318017
389126
569859
44711
1228576
316386
160320
741104
179953
2226051
728704
524699
1553082
523876
1048505
123708
67404
1459313
1520335
1509119
267963
922409
472072
2024292
436134
792936
2298933
140090
741319
1351055
2783139
757945
784832
86847
410116
151875
1156824
1102683
760140
1187080
878628
246874
69851
651102
361178
1893228
937988
814168
409629
2309779
722498
560283
850957
1391794
225509
1659
72255
702502
518046
266645
1682693
1867905
203004
34408
806261
1039742
2495254
400899
314030
153061
291998
586451
1371805
1111275
1276079
1069063
586930
1171180
2105990
2348162
139866
2294764
104450
285494
120439
938072
606536
925116
1443775
635505
1908098
1317731
621378
266530
196131
1377724
1207328
744761
222663
1096516
2085808
999179
390556
2049682
989316
91520
1855435
1409981
601817
636554
633451
1495802
714973
882437
573463
310574
1146364
1787
358158
2537269
611533
1017444
1124101
14063
1996287
1963250
1043313
10207
723350
1661047
934282
250954
316450
298751
619435
257202
2293782
906349
756483
2830066
1055950
2548180
81507
1736465
2080840
258894
174969
739019
84117
103576
463998
1131771
2325866
1781598
813196
230633
1087772
410678
1130426
1119512
1774108
1205061
1451956
990799
1557640
64404
696168
614663
852636
613435
628074
222178
657484
1056622
853202
1710096
1130559
639843
1729375
867410
1570625
678013
2134129
586498
1642563
79442
1970773
1182604
1082711
883206
1455931
673595
1036089
83633
545167
188299
2350008
19193
1518981
695188
187519
2592272
2554115
656311
2741729
1470879
1260650
1131804
2440195
585948
2076568
2361512
116213
1799052
334648
1395721
256691
114989
703956
2145043
1829252
229724
1120969
141571
2270486
818269
2420786
2634180
186679
486142
1068534
313729
1025516
2101574
585604
2032531
2829783
2213859
1883252
951189
1510590
40815
1980327
299306
1040058
1381041
589781
934707
217060
35703
160003
188452
1628392
2124537
528803
2040565
1257015
355423
1682666
2553058
1076211
1428152
601412
297771
56107
876248
2576928
264225
39149
176923
1666458
315701
1129867
1797080
795536
903713
86596
93173
1002347
368895
1442775
2200341
546640
553678
1208822
1103065
1427699
1034047
1845175
532301
402247
1525534
1490134
1036351
719008
1485782
1268517
628279
1260484
585579
495327
438708
127350
28663
876253
1893187
1980673
748240
1082820
581244
61619
441428
242692
291119
260203
2476631
18317
1815258
2375487
1270143
1830776
298224
1038076
1446014
1983587
562206
2695227
197756
1613070
702931
793880
346027
394158
1863675
526957
895543
382740
412145
1409924
352647
516557
1255222
1145708
778683
2972537
1071357
1433319
958931
877276
2250300
143316
151088
205795
319403
1138296
315250
565430
143760
654889
866809
977139
677103
1656742
2047278
1040892
989233
1042788
1281141
24352
479628
464465
1367369
1337733
2222098
388463
234782
1749923
209456
502902
1723669
1912540
987228
192478
491136
527089
1175229
1439844
1404014
833584
265641
269774
176974
156142
15091
688241
1916924
511732
2234206
18928
370430
566350
658485
1788065
25389
1471777
1145090
147441
2094729
1763812
26252
506511
1553213
1300176
549871
1128571
366601
347128
1013324
2160952
325900
1542315
481311
1459037
1212077
1247748
309299
1232855
1274230
109405
1361719
761653
2608625
1852737
1266508
561393
811985
480235
202965
28444
780023
101616
876685
2152726
301483
2629446
1034677
181369
713662
610083
1282081
1553068
911201
7328
1314963
291124
893822
1322337
34185
1489492
945020
1071029
176793
1307034
1665369
1828262
1823284
1009082
198353
115558
1401272
898874
1072425
241963
63582
1152080
933427
99050
785362
347180
437330
933268
1074101
98708
2671941
1364802
2301561
1892400
1742164
1193890
617375
2152413
983705
920187
1468207
1972447
96147
119177
1677134
1501636
1064459
1852784
2092796
471245
1458408
1645769
1294965
82364
1029891
2268522
1034391
709175
915438
893459
818829
636668
824979
1085107
31834
2305076
1025055
1424837
368168
510106
1178471
80953
2165522
378160
144221
2234030
1451971
2347448
1714867
282486
480697
1500899
2536992
208041
30717
269446
1012704
834477
833572
1303336
772981
1943156
1079479
677161
369110
415875
96514
2017665
13758
311165
2246046
1278980
302834
1659021
857908
900244
2271643
565551
1466419
1665970
43663
699267
896374
1696183
2007325
299541
155947
107007
322983
267600
314845
200793
267744
257398
690382
1155074
1832806
884139
1955305
62777
724839
147740
1701923
678345
1873475
1771425
1120721
2696104
1176877
1037151
631389
588505
941920
1526590
123666
504728
1332358
1409243
974522
752647
2251988
1853143
1718104
1957236
707824
660212
1265632
132619
838710
2000685
432113
2666848
195481
2178166
52875
1859789
1852495
2388996
1175267
2236681
953126
1232780
369709
124485
1338010
431833
2437592
1257764
395481
772576
844085
413351
1375406
553877
1186115
111604
909701
525696
444407
2174671
102967
148668
1219142
113779
976981
1000666
94097
515534
2058384
903865
2082726
1066867
242341
473944
751950
46460
2333863
327697
2008937
910932
2329909
2392840
2127640
570995
1161673
591175
364566
951509
1396390
105299
374319
2149272
305674
832259
1224221
1641381
1090615
767795
1271661
952685
143655
1669734
810380
2105079
172701
2368952
1490790
837083
269337
610525
827729
486526
973015
1527477
961348
1621776
1757809
12659
2219245
1139722
719469
61959
2345339
774207
1237770
530686
840673
853470
2142239
1476151
451530
363471
2080209
486590
303254
773934
806290
535119
403250
2421689
456329
30234
462959
967485
252377
204043
1152916
2470773
933101
955720
195427
776544
391945
99249
2155589
85935
118137
2180492
68113
178497
870662
377670
2175127
695181
1044075
972886
1783210
975088
2526880
970111
1220966
2071254
1530120
654738
1786463
1086011
781428
297201
979568
1314538
735793
253393
1331535
1409141
109646
193668
516946
1666555
950579
1268485
1903637
702934
378091
1760867
937783
231533
852122
200693
1034211
415580
845401
1554238
2055993
1686909
950621
867924
388317
161537
2114171
213433
1026661
335355
1239691
236703
77235
603443
1375558
1941273
173595
1851284
250355
1510743
1107417
321508
1659748
1102992
723720
54049
1020328
568100
66430
530366
1597202
254206
558101
2209940
1286949
1366993
1208102
347162
235383
1607714
382972
19644
475122
2236229
40522
1395412
1502123
510414
816020
2538652
833655
674498
163319
134931
1081103
1292797
384518
72157
2118012
465520
2567612
330506
583551
2066789
626881
2582492
766763
391586
604312
525757
673328
2171849
1112575
2393307
769283
2891410
2310542
2037610
1341276
176306
968762
1296523
1687649
2266387
1818714
1805631
851931
439521
2043069
1286694
2006334
463303
352383
607570
2283932
1489
185461
1126654
2318347
1009490
1512889
311838
199995
700774
1814976
250065
558780
2840145
1255538
2298005
1136210
559382
1276020
2105401
219851
793670
2374783
1064264
65990
161559
536366
1254451
481262
564362
1497320
1440134
887327
500384
2973763
944813
1491074
409665
155776
1963742
128823
505056
2127678
2421686
1977295
1769542
400627
1930144
560610
356853
387103
1793158
1807193
598854
553828
118369
1465088
348415
339839
200908
503574
2074788
170175
1490672
842934
255770
403019
2365780
333126
3029589
276060
131512
403426
654090
429657
1259553
429734
799260
1623276
491074
781461
1571376
598782
1563646
488179
142703
856416
161984
2183492
293971
128088
1735444
602144
227784
1911687
58000
82885
37758
214348
1778129
626304
782138
322068
260629
755959
1444504
1329510
1556719
91823
2471010
2031236
1996486
762832
679779
361418
1329082
262937
352069
23055
766115
227728
1394759
157918
1750841
117102
457753
744629
823305
1089238
965049
446676
964065
207547
327960
453100
311576
950978
355132
347784
2213456
241280
171304
1285294
1351018
585325
1724358
1501927
1620845
1192989
2596688
336676
760026
268629
1492758
1955462
815550
1744164
1667556
221025
1065665
1638008
484306
1755339
110637
486806
73543
2863554
655963
1839350
1865723
478448
257863
620736
508099
572322
2339752
392274
394516
1701541
665100
774029
1536919
2565465
1512088
1426854
1319742
82906
2903793
702186
992869
1156341
1367062
1308829
566464
109043
230624
903810
2510748
979564
13612
83421
167803
433210
1236416
292662
625088
1094869
539476
427285
1919736
1768575
1487225
728547
3584
210195
1640118
382430
357537
2191429
489629
867333
696232
655681
2322851
2588237
862048
1301231
137255
1765920
1256277
1039722
125650
305273
1188195
981868
865464
266102
181812
761738
2457885
475002
1229120
717391
50210
42571
1577508
1032811
1658792
1135302
858052
1458725
333350
2569965
1018172
1387071
1395333
2260215
272526
1019619
523874
887377
1472283
306684
671682
4769
1127819
805463
270334
2343675
974461
30775
396323
2084726
1228082
620212
552940
476822
1357997
1251731
2622599
821870
161902
292850
1085729
133203
1550759
1656738
2440419
2306049
1483099
799649
2539207
2341590
1375511
549618
1082664
788494
1925628
328730
1291817
298270
45507
1815181
876072
368743
1314852
407877
713229
1176160
121514
337342
759082
1253442
613105
604402
1468118
2118024
172465
1223542
819734
2338532
944079
1645673
523853
870206
516516
1024503
165108
283303
154533
2263487
1108243
947444
391521
1609880
1550498
424244
247273
1671568
1808743
1179297
947454
1983576
2331735
1195840
1305838
395618
988847
449993
2275348
121691
1864907
2064237
153467
706410
1721671
275377
1637397
859446
1538640
390416
866653
314284
516327
204098
776284
356001
157525
1659377
3040
1421986
1736813
1519801
1503658
590981
1331938
259562
57024
181880
552322
273864
36817
1285480
279332
1227729
19031
2482174
1106194
199160
1785779
782496
637817
2647247
464467
198050
1489531
464199
1532645
1662211
1080278
367688
1466446
1089452
1243570
19994
1742758
444060
305273
749178
296275
346513
1475231
293772
2547760
1981161
947088
1793623
2093326
2887164
87999
209535
797429
485007
1285092
604049
32554
2420698
2658685
1705960
1740578
711203
433131
398386
356332
1533983
229020
1355296
573298
1110688
2056618
477613
502031
159783
561320
950449
1103246
692015
1559530
190638
610471
1082979
663541
118009
885016
2250139
2005246
1413152
444423
1597324
1548703
111399
112243
318785
2593947
1262152
1963955
2699855
1953723
1109327
320210
863192
448741
665557
484894
505546
842269
2522349
670432
482131
809599
886662
2428753
372196
54403
326567
1274292
2004831
1689289
437725
572206
447109
102956
753496
1169938
830862
1019065
395922
596258
1077326
1259362
458708
448229
541290
144413
871451
2015271
347427
160565
250095
126723
264295
415805
1398424
625858
2035806
1593095
42067
1703048
260750
956195
194855
1556480
1258096
666468
234820
1196074
169696
1477892
333560
1097972
1065676
226480
1053807
1922202
209273
2521152
763169
630080
1027444
651053
390034
483212
2168423
786045
1442348
492613
2588977
1897479
968022
1320948
522613
1758948
60164
929986
2882545
1559787
726114
1490581
1195579
989647
1296490
383371
2011235
12896
2018480
1305774
151225
1354240
51858
258201
1356427
646492
2050062
399984
34975
1202213
824593
328283
659414
925945
2273043
2044363
851629
1016706
898006
873028
311161
2978342
1276597
788650
984036
1506183
579267
1593144
1136157
2192630
778357
630152
1107511
481895
678512
168143
2016364
2299737
1112840
1347462
399663
1338251
1491239
2008691
377853
491082
27128
478026
1230963
1446922
479931
523874
763220
1668679
426850
379085
27948
642657
1652831
317073
798351
1121147
1258511
323214
975225
1725042
817114
552876
2300529
36248
497869
1272407
553275
1614408
373717
2300751
1072336
217996
879120
1598354
1902541
557333
337857
1034769
355852
2028048
1548832
2057978
1121516
87197
1187207
360020
943620
1912945
535432
24144
620653
204636
1560265
2406036
1736235
391900
2875245
194623
1056858
90353
2474218
330193
277631
2779187
57745
466711
368949
375376
732912
1193690
1871578
537877
979233
2218607
386036
46200
373091
2514574
309135
90768
1632029
2043590
150803
2127950
153887
2148574
751852
815866
61786
883765
2633378
1546693
2065410
203575
1634884
243411
1495377
1846230
719876
56049
141233
19928
958833
452049
2148814
622385
1628554
312880
2175875
193433
1418144
674916
1850852
1629045
1114143
164150
569086
972019
121827
1138585
10657
253662
627149
1723773
1207370
323689
2434882
531649
2321695
640483
650767
1015937
841419
685064
84174
2442704
21274
728173
360104
1031955
252985
645459
1799827
128822
10582
103602
1323873
1522723
226939
720052
361247
1050204
724151
1626826
357860
538918
2441192
387205
543881
1606532
1676274
1303542
57571
1217591
1056052
1912395
694255
831211
1976511
1315056
758077
1000685
1743465
370013
1594397
156131
89763
2074763
874364
283666
914274
692993
228699
1518070
1210176
108174
2328212
319686
691821
968452
1917017
1175422
851500
1169006
514082
187179
984646
975431
193315
1669964
1806105
852540
872751
90978
1045343
695337
769105
2444769
6884
50693
1113441
1519334
273544
1065051
627287
511760
117201
78182
2083726
699190
135230
1618160
2204250
206510
637788
1133936
1535306
1375294
2268287
1776014
723749
1620360
663909
1674672
1080848
1408716
539645
1053521
899072
1287558
1317092
809344
331907
1604718
1129290
1364538
1039521
125864
1020513
1905700
732780
2252136
423097
893372
410028
185441
1659622
1997163
568045
1360253
221200
346859
1520734
933117
228311
1654466
489521
576409
1037252
1092779
589875
1196250
354800
107347
541167
117026
275796
495010
168621
70396
1158822
646166
20555
1112701
1402538
2522058
217132
1671121
385914
6157
1795670
670092
2465849
531699
208640
1006174
331523
284124
831722
2048203
1628625
341920
265708
390088
257335
1604639
799979
220960
270470
1993752
901479
491177
1081972
267565
1131018
723641
832183
709663
8222
2704579
1085040
117223
481816
626668
70546
2261003
935835
1262489
2637837
2142890
426623
916652
1398838
1021894
414527
1105585
761845
747874
795949
1294207
391215
16061
987814
2864902
567636
580710
619249
1010120
600846
905123
721878
1748164
2264418
45282
828392
294310
154571
987918
505793
2432630
436671
1334689
1163111
1326003
225672
1261352
1797352
1144752
1581846
2090737
2791945
601171
1524227
1471603
615886
1835223
1603438
770023
208193
877586
639960
574495
1141504
578165
1786838
1763410
602823
1943366
1632652
1509391
2713319
33123
2011884
1748732
280687
754248
226826
1333291
2174120
885376
1488900
1001277
289543
1331675
397711
898805
77721
760077
1979707
1142438
617864
1992624
1419024
1004117
1091672
2341827
2967055
61492
34544
185964
1598357
928148
1639603
959323
2257865
1668751
664306
1122029
627944
139676
2168766
2789552
2162021
416060
372119
312318
359525
617001
964158
1085582
904432
2034642
353705
956688
309401
249228
1010639
799382
192860
561798
862373
1438403
1042478
1338711
873352
1760907
321666
507349
1351588
1270429
1786374
2486239
1534927
341574
287427
125670
1800369
440172
1146259
1314885
176200
601965
1671151
262437
864699
318918
1373377
1142444
899030
780089
985827
440423
622965
309443
518909
278514
388839
2178135
1415544
625585
272142
131014
253089
1364128
225649
1455457
343967
486870
797540
312780
1479469
585639
1490497
2198436
1259383
917977
379698
763640
2482071
94086
1711731
662006
680170
827577
1353840
378359
102347
2428231
159898
480847
1658126
2258384
1699596
1568900
193624
990306
175952
684875
1556601
1404941
233288
250642
507397
36701
77668
998689
201420
1029308
589715
2165048
462662
1157272
334627
377204
562745
839685
207988
835439
479693
1695141
2217280
1244454
2035840
52976
728509
1321655
1455461
585344
764411
698012
400196
291659
165234
1494436
482211
308745
911815
684755
990065
1640453
261571
2235391
208065
1122985
975809
2201372
1853347
523361
365012
2228834
621554
306619
1077736
1102572
692819
80439
580504
2368807
801082
269760
1850718
666172
2473496
1094568
221892
153175
1476290
2458962
2367111
1016453
22060
1803377
210756
2219454
797797
939307
220510
952145
1147754
878831
885867
1073365
1284775
346018
1432669
1795411
1004883
165708
1049615
2916024
1571730
1591353
1541072
327553
301057
2340622
166099
80466
381489
507969
679134
662810
60300
1472601
121697
1223323
1585527
1238887
884832
880631
203152
1043111
96873
928720
1407361
1779774
187840
1742498
21731
883693
1518547
2143646
1643707
953983
1717953
1080527
589171
74564
202600
2282457
1229101
1444226
1685757
1515041
587454
216559
178053
1356027
1615847
891104
530689
832854
1314483
2076490
1675955
1280966
1593283
240771
2243911
543966
134157
585773
725062
670333
80838
1041254
941576
779254
2840274
1
466797
1629167
108304
574721
1209701
2203159
134342
424618
2440604
29927
1411754
402690
855557
216326
778773
