7 6 7 6 7 6 7 6 7 6 7 8 7 8 9 8 9 10 9 10 11 10 
6 5 6 5 6 5 6 5 6 7 6 7 8 7 8 9 8 9 10 9 10 11 
5 6 5 6 5 6 5 6 5 6 7 6 7 8 7 8 9 8 9 10 9 10 
4 5 4 5 4 5 4 5 6 5 6 7 6 7 8 7 8 9 8 9 10 11 
5 4 5 4 5 4 5 4 5 6 5 6 7 6 7 8 7 8 9 10 9 10 
4 3 4 3 4 3 4 5 4 5 6 5 6 7 6 7 8 9 8 9 10 11 
3 4 3 4 3 4 3 4 5 4 5 6 5 6 7 8 7 8 9 10 9 10 
2 3 2 3 2 3 4 3 4 5 4 5 6 7 6 7 8 9 8 9 10 11 
3 2 3 2 3 2 3 4 3 4 5 6 5 6 7 8 7 8 9 10 9 10 
4 1 2 1 4 3 2 3 4 5 4 5 6 7 6 7 8 9 8 9 10 11 
1 2 3 2 1 2 3 4 3 4 5 6 5 6 7 8 7 8 9 10 9 10 
2 3 0 3 2 3 2 3 4 5 4 5 6 7 6 7 8 9 8 9 10 11 
1 2 3 2 1 2 3 4 3 4 5 6 5 6 7 8 7 8 9 10 9 10 
4 1 2 1 4 3 2 3 4 5 4 5 6 7 6 7 8 9 8 9 10 11 
3 2 3 2 3 2 3 4 3 4 5 6 5 6 7 8 7 8 9 10 9 10 
2 3 2 3 2 3 4 3 4 5 4 5 6 7 6 7 8 9 8 9 10 11 
3 4 3 4 3 4 3 4 5 4 5 6 5 6 7 8 7 8 9 10 9 10 
4 3 4 3 4 3 4 5 4 5 6 5 6 7 6 7 8 9 8 9 10 11 
5 4 5 4 5 4 5 4 5 6 5 6 7 6 7 8 7 8 9 10 9 10 
4 5 4 5 4 5 4 5 6 5 6 7 6 7 8 7 8 9 8 9 10 11 
5 6 5 6 5 6 5 6 5 6 7 6 7 8 7 8 9 8 9 10 9 10 
6 5 6 5 6 5 6 5 6 7 6 7 8 7 8 9 8 9 10 9 10 11 
7 6 7 6 7 6 7 6 7 6 7 8 7 8 9 8 9 10 9 10 11 10 
6 7 6 7 6 7 6 7 6 7 8 7 8 9 8 9 10 9 10 11 10 11 
