14 13 12 13 12 11 10 11 10 9 8 9 8 7 6 7 6 5 4 5 4 3 2 3 2 3 0 3 2 
13 14 13 12 11 12 11 10 9 10 9 8 7 8 7 6 5 6 5 4 3 4 3 2 1 2 3 2 1 
14 13 12 13 12 11 10 11 10 9 8 9 8 7 6 7 6 5 4 5 4 3 2 3 4 1 2 1 4 
13 14 13 12 11 12 11 10 9 10 9 8 7 8 7 6 5 6 5 4 3 4 3 2 3 2 3 2 3 
14 13 12 13 12 11 10 11 10 9 8 9 8 7 6 7 6 5 4 5 4 3 4 3 2 3 2 3 2 
13 14 13 12 11 12 11 10 9 10 9 8 7 8 7 6 5 6 5 4 5 4 3 4 3 4 3 4 3 
14 13 12 13 12 11 10 11 10 9 8 9 8 7 6 7 6 5 6 5 4 5 4 3 4 3 4 3 4 
13 14 13 12 11 12 11 10 9 10 9 8 7 8 7 6 7 6 5 6 5 4 5 4 5 4 5 4 5 
14 13 12 13 12 11 10 11 10 9 8 9 8 7 8 7 6 7 6 5 6 5 4 5 4 5 4 5 4 
13 14 13 12 11 12 11 10 9 10 9 8 9 8 7 8 7 6 7 6 5 6 5 6 5 6 5 6 5 
14 13 12 13 12 11 10 11 10 9 10 9 8 9 8 7 8 7 6 7 6 5 6 5 6 5 6 5 6 
13 14 13 12 11 12 11 10 11 10 9 10 9 8 9 8 7 8 7 6 7 6 7 6 7 6 7 6 7 
14 13 12 13 12 11 12 11 10 11 10 9 10 9 8 9 8 7 8 7 6 7 6 7 6 7 6 7 6 
13 14 13 12 13 12 11 12 11 10 11 10 9 10 9 8 9 8 7 8 7 8 7 8 7 8 7 8 7 
14 13 14 13 12 13 12 11 12 11 10 11 10 9 10 9 8 9 8 7 8 7 8 7 8 7 8 7 8 
15 14 13 14 13 12 13 12 11 12 11 10 11 10 9 10 9 8 9 8 9 8 9 8 9 8 9 8 9 
14 15 14 13 14 13 12 13 12 11 12 11 10 11 10 9 10 9 8 9 8 9 8 9 8 9 8 9 8 
15 14 15 14 13 14 13 12 13 12 11 12 11 10 11 10 9 10 9 10 9 10 9 10 9 10 9 10 9 
16 15 14 15 14 13 14 13 12 13 12 11 12 11 10 11 10 9 10 9 10 9 10 9 10 9 10 9 10 
15 16 15 14 15 14 13 14 13 12 13 12 11 12 11 10 11 10 11 10 11 10 11 10 11 10 11 10 11 
16 15 16 15 14 15 14 13 14 13 12 13 12 11 12 11 10 11 10 11 10 11 10 11 10 11 10 11 10 
17 16 15 16 15 14 15 14 13 14 13 12 13 12 11 12 11 12 11 12 11 12 11 12 11 12 11 12 11 
16 17 16 15 16 15 14 15 14 13 14 13 12 13 12 11 12 11 12 11 12 11 12 11 12 11 12 11 12 
