abnpwx
abnpxw
abnwpx
abnwxp
abnxpw
abnxwp
abpnwx
abpnxw
abpwnx
abpwxn
abpxnw
abpxwn
abwnpx
abwnxp
abwpnx
abwpxn
abwxnp
abwxpn
abxnpw
abxnwp
abxpnw
abxpwn
abxwnp
abxwpn
anbpwx
anbpxw
anbwpx
anbwxp
anbxpw
anbxwp
anpbwx
anpbxw
anpwbx
anpwxb
anpxbw
anpxwb
anwbpx
anwbxp
anwpbx
anwpxb
anwxbp
anwxpb
anxbpw
anxbwp
anxpbw
anxpwb
anxwbp
anxwpb
apbnwx
apbnxw
apbwnx
apbwxn
apbxnw
apbxwn
apnbwx
apnbxw
apnwbx
apnwxb
apnxbw
apnxwb
apwbnx
apwbxn
apwnbx
apwnxb
apwxbn
apwxnb
apxbnw
apxbwn
apxnbw
apxnwb
apxwbn
apxwnb
awbnpx
awbnxp
awbpnx
awbpxn
awbxnp
awbxpn
awnbpx
awnbxp
awnpbx
awnpxb
awnxbp
awnxpb
awpbnx
awpbxn
awpnbx
awpnxb
awpxbn
awpxnb
awxbnp
awxbpn
awxnbp
awxnpb
awxpbn
awxpnb
axbnpw
axbnwp
axbpnw
axbpwn
axbwnp
axbwpn
axnbpw
axnbwp
axnpbw
axnpwb
axnwbp
axnwpb
axpbnw
axpbwn
axpnbw
axpnwb
axpwbn
axpwnb
axwbnp
axwbpn
axwnbp
axwnpb
axwpbn
axwpnb
banpwx
banpxw
banwpx
banwxp
banxpw
banxwp
bapnwx
bapnxw
bapwnx
bapwxn
bapxnw
bapxwn
bawnpx
bawnxp
bawpnx
bawpxn
bawxnp
bawxpn
baxnpw
baxnwp
baxpnw
baxpwn
baxwnp
baxwpn
bnapwx
bnapxw
bnawpx
bnawxp
bnaxpw
bnaxwp
bnpawx
bnpaxw
bnpwax
bnpwxa
bnpxaw
bnpxwa
bnwapx
bnwaxp
bnwpax
bnwpxa
bnwxap
bnwxpa
bnxapw
bnxawp
bnxpaw
bnxpwa
bnxwap
bnxwpa
bpanwx
bpanxw
bpawnx
bpawxn
bpaxnw
bpaxwn
bpnawx
bpnaxw
bpnwax
bpnwxa
bpnxaw
bpnxwa
bpwanx
bpwaxn
bpwnax
bpwnxa
bpwxan
bpwxna
bpxanw
bpxawn
bpxnaw
bpxnwa
bpxwan
bpxwna
bwanpx
bwanxp
bwapnx
bwapxn
bwaxnp
bwaxpn
bwnapx
bwnaxp
bwnpax
bwnpxa
bwnxap
bwnxpa
bwpanx
bwpaxn
bwpnax
bwpnxa
bwpxan
bwpxna
bwxanp
bwxapn
bwxnap
bwxnpa
bwxpan
bwxpna
bxanpw
bxanwp
bxapnw
bxapwn
bxawnp
bxawpn
bxnapw
bxnawp
bxnpaw
bxnpwa
bxnwap
bxnwpa
bxpanw
bxpawn
bxpnaw
bxpnwa
bxpwan
bxpwna
bxwanp
bxwapn
bxwnap
bxwnpa
bxwpan
bxwpna
nabpwx
nabpxw
nabwpx
nabwxp
nabxpw
nabxwp
napbwx
napbxw
napwbx
napwxb
napxbw
napxwb
nawbpx
nawbxp
nawpbx
nawpxb
nawxbp
nawxpb
naxbpw
naxbwp
naxpbw
naxpwb
naxwbp
naxwpb
nbapwx
nbapxw
nbawpx
nbawxp
nbaxpw
nbaxwp
nbpawx
nbpaxw
nbpwax
nbpwxa
nbpxaw
nbpxwa
nbwapx
nbwaxp
nbwpax
nbwpxa
nbwxap
nbwxpa
nbxapw
nbxawp
nbxpaw
nbxpwa
nbxwap
nbxwpa
npabwx
npabxw
npawbx
npawxb
npaxbw
npaxwb
npbawx
npbaxw
npbwax
npbwxa
npbxaw
npbxwa
npwabx
npwaxb
npwbax
npwbxa
npwxab
npwxba
npxabw
npxawb
npxbaw
npxbwa
npxwab
npxwba
nwabpx
nwabxp
nwapbx
nwapxb
nwaxbp
nwaxpb
nwbapx
nwbaxp
nwbpax
nwbpxa
nwbxap
nwbxpa
nwpabx
nwpaxb
nwpbax
nwpbxa
nwpxab
nwpxba
nwxabp
nwxapb
nwxbap
nwxbpa
nwxpab
nwxpba
nxabpw
nxabwp
nxapbw
nxapwb
nxawbp
nxawpb
nxbapw
nxbawp
nxbpaw
nxbpwa
nxbwap
nxbwpa
nxpabw
nxpawb
nxpbaw
nxpbwa
nxpwab
nxpwba
nxwabp
nxwapb
nxwbap
nxwbpa
nxwpab
nxwpba
pabnwx
pabnxw
pabwnx
pabwxn
pabxnw
pabxwn
panbwx
panbxw
panwbx
panwxb
panxbw
panxwb
pawbnx
pawbxn
pawnbx
pawnxb
pawxbn
pawxnb
paxbnw
paxbwn
paxnbw
paxnwb
paxwbn
paxwnb
pbanwx
pbanxw
pbawnx
pbawxn
pbaxnw
pbaxwn
pbnawx
pbnaxw
pbnwax
pbnwxa
pbnxaw
pbnxwa
pbwanx
pbwaxn
pbwnax
pbwnxa
pbwxan
pbwxna
pbxanw
pbxawn
pbxnaw
pbxnwa
pbxwan
pbxwna
pnabwx
pnabxw
pnawbx
pnawxb
pnaxbw
pnaxwb
pnbawx
pnbaxw
pnbwax
pnbwxa
pnbxaw
pnbxwa
pnwabx
pnwaxb
pnwbax
pnwbxa
pnwxab
pnwxba
pnxabw
pnxawb
pnxbaw
pnxbwa
pnxwab
pnxwba
pwabnx
pwabxn
pwanbx
pwanxb
pwaxbn
pwaxnb
pwbanx
pwbaxn
pwbnax
pwbnxa
pwbxan
pwbxna
pwnabx
pwnaxb
pwnbax
pwnbxa
pwnxab
pwnxba
pwxabn
pwxanb
pwxban
pwxbna
pwxnab
pwxnba
pxabnw
pxabwn
pxanbw
pxanwb
pxawbn
pxawnb
pxbanw
pxbawn
pxbnaw
pxbnwa
pxbwan
pxbwna
pxnabw
pxnawb
pxnbaw
pxnbwa
pxnwab
pxnwba
pxwabn
pxwanb
pxwban
pxwbna
pxwnab
pxwnba
wabnpx
wabnxp
wabpnx
wabpxn
wabxnp
wabxpn
wanbpx
wanbxp
wanpbx
wanpxb
wanxbp
wanxpb
wapbnx
wapbxn
wapnbx
wapnxb
wapxbn
wapxnb
waxbnp
waxbpn
waxnbp
waxnpb
waxpbn
waxpnb
wbanpx
wbanxp
wbapnx
wbapxn
wbaxnp
wbaxpn
wbnapx
wbnaxp
wbnpax
wbnpxa
wbnxap
wbnxpa
wbpanx
wbpaxn
wbpnax
wbpnxa
wbpxan
wbpxna
wbxanp
wbxapn
wbxnap
wbxnpa
wbxpan
wbxpna
wnabpx
wnabxp
wnapbx
wnapxb
wnaxbp
wnaxpb
wnbapx
wnbaxp
wnbpax
wnbpxa
wnbxap
wnbxpa
wnpabx
wnpaxb
wnpbax
wnpbxa
wnpxab
wnpxba
wnxabp
wnxapb
wnxbap
wnxbpa
wnxpab
wnxpba
wpabnx
wpabxn
wpanbx
wpanxb
wpaxbn
wpaxnb
wpbanx
wpbaxn
wpbnax
wpbnxa
wpbxan
wpbxna
wpnabx
wpnaxb
wpnbax
wpnbxa
wpnxab
wpnxba
wpxabn
wpxanb
wpxban
wpxbna
wpxnab
wpxnba
wxabnp
wxabpn
wxanbp
wxanpb
wxapbn
wxapnb
wxbanp
wxbapn
wxbnap
wxbnpa
wxbpan
wxbpna
wxnabp
wxnapb
wxnbap
wxnbpa
wxnpab
wxnpba
wxpabn
wxpanb
wxpban
wxpbna
wxpnab
wxpnba
xabnpw
xabnwp
xabpnw
xabpwn
xabwnp
xabwpn
xanbpw
xanbwp
xanpbw
xanpwb
xanwbp
xanwpb
xapbnw
xapbwn
xapnbw
xapnwb
xapwbn
xapwnb
xawbnp
xawbpn
xawnbp
xawnpb
xawpbn
xawpnb
xbanpw
xbanwp
xbapnw
xbapwn
xbawnp
xbawpn
xbnapw
xbnawp
xbnpaw
xbnpwa
xbnwap
xbnwpa
xbpanw
xbpawn
xbpnaw
xbpnwa
xbpwan
xbpwna
xbwanp
xbwapn
xbwnap
xbwnpa
xbwpan
xbwpna
xnabpw
xnabwp
xnapbw
xnapwb
xnawbp
xnawpb
xnbapw
xnbawp
xnbpaw
xnbpwa
xnbwap
xnbwpa
xnpabw
xnpawb
xnpbaw
xnpbwa
xnpwab
xnpwba
xnwabp
xnwapb
xnwbap
xnwbpa
xnwpab
xnwpba
xpabnw
xpabwn
xpanbw
xpanwb
xpawbn
xpawnb
xpbanw
xpbawn
xpbnaw
xpbnwa
xpbwan
xpbwna
xpnabw
xpnawb
xpnbaw
xpnbwa
xpnwab
xpnwba
xpwabn
xpwanb
xpwban
xpwbna
xpwnab
xpwnba
xwabnp
xwabpn
xwanbp
xwanpb
xwapbn
xwapnb
xwbanp
xwbapn
xwbnap
xwbnpa
xwbpan
xwbpna
xwnabp
xwnapb
xwnbap
xwnbpa
xwnpab
xwnpba
xwpabn
xwpanb
xwpban
xwpbna
xwpnab
xwpnba
