ggosuxy
ggosuyx
ggosxuy
ggosxyu
ggosyux
ggosyxu
ggousxy
ggousyx
ggouxsy
ggouxys
ggouysx
ggouyxs
ggoxsuy
ggoxsyu
ggoxusy
ggoxuys
ggoxysu
ggoxyus
ggoysux
ggoysxu
ggoyusx
ggoyuxs
ggoyxsu
ggoyxus
ggsouxy
ggsouyx
ggsoxuy
ggsoxyu
ggsoyux
ggsoyxu
ggsuoxy
ggsuoyx
ggsuxoy
ggsuxyo
ggsuyox
ggsuyxo
ggsxouy
ggsxoyu
ggsxuoy
ggsxuyo
ggsxyou
ggsxyuo
ggsyoux
ggsyoxu
ggsyuox
ggsyuxo
ggsyxou
ggsyxuo
gguosxy
gguosyx
gguoxsy
gguoxys
gguoysx
gguoyxs
ggusoxy
ggusoyx
ggusxoy
ggusxyo
ggusyox
ggusyxo
gguxosy
gguxoys
gguxsoy
gguxsyo
gguxyos
gguxyso
gguyosx
gguyoxs
gguysox
gguysxo
gguyxos
gguyxso
ggxosuy
ggxosyu
ggxousy
ggxouys
ggxoysu
ggxoyus
ggxsouy
ggxsoyu
ggxsuoy
ggxsuyo
ggxsyou
ggxsyuo
ggxuosy
ggxuoys
ggxusoy
ggxusyo
ggxuyos
ggxuyso
ggxyosu
ggxyous
ggxysou
ggxysuo
ggxyuos
ggxyuso
ggyosux
ggyosxu
ggyousx
ggyouxs
ggyoxsu
ggyoxus
ggysoux
ggysoxu
ggysuox
ggysuxo
ggysxou
ggysxuo
ggyuosx
ggyuoxs
ggyusox
ggyusxo
ggyuxos
ggyuxso
ggyxosu
ggyxous
ggyxsou
ggyxsuo
ggyxuos
ggyxuso
gogsuxy
gogsuyx
gogsxuy
gogsxyu
gogsyux
gogsyxu
gogusxy
gogusyx
goguxsy
goguxys
goguysx
goguyxs
gogxsuy
gogxsyu
gogxusy
gogxuys
gogxysu
gogxyus
gogysux
gogysxu
gogyusx
gogyuxs
gogyxsu
gogyxus
gosguxy
gosguyx
gosgxuy
gosgxyu
gosgyux
gosgyxu
gosugxy
gosugyx
gosuxgy
gosuxyg
gosuygx
gosuyxg
gosxguy
gosxgyu
gosxugy
gosxuyg
gosxygu
gosxyug
gosygux
gosygxu
gosyugx
gosyuxg
gosyxgu
gosyxug
gougsxy
gougsyx
gougxsy
gougxys
gougysx
gougyxs
gousgxy
gousgyx
gousxgy
gousxyg
gousygx
gousyxg
gouxgsy
gouxgys
gouxsgy
gouxsyg
gouxygs
gouxysg
gouygsx
gouygxs
gouysgx
gouysxg
gouyxgs
gouyxsg
goxgsuy
goxgsyu
goxgusy
goxguys
goxgysu
goxgyus
goxsguy
goxsgyu
goxsugy
goxsuyg
goxsygu
goxsyug
goxugsy
goxugys
goxusgy
goxusyg
goxuygs
goxuysg
goxygsu
goxygus
goxysgu
goxysug
goxyugs
goxyusg
goygsux
goygsxu
goygusx
goyguxs
goygxsu
goygxus
goysgux
goysgxu
goysugx
goysuxg
goysxgu
goysxug
goyugsx
goyugxs
goyusgx
goyusxg
goyuxgs
goyuxsg
goyxgsu
goyxgus
goyxsgu
goyxsug
goyxugs
goyxusg
gsgouxy
gsgouyx
gsgoxuy
gsgoxyu
gsgoyux
gsgoyxu
gsguoxy
gsguoyx
gsguxoy
gsguxyo
gsguyox
gsguyxo
gsgxouy
gsgxoyu
gsgxuoy
gsgxuyo
gsgxyou
gsgxyuo
gsgyoux
gsgyoxu
gsgyuox
gsgyuxo
gsgyxou
gsgyxuo
gsoguxy
gsoguyx
gsogxuy
gsogxyu
gsogyux
gsogyxu
gsougxy
gsougyx
gsouxgy
gsouxyg
gsouygx
gsouyxg
gsoxguy
gsoxgyu
gsoxugy
gsoxuyg
gsoxygu
gsoxyug
gsoygux
gsoygxu
gsoyugx
gsoyuxg
gsoyxgu
gsoyxug
gsugoxy
gsugoyx
gsugxoy
gsugxyo
gsugyox
gsugyxo
gsuogxy
gsuogyx
gsuoxgy
gsuoxyg
gsuoygx
gsuoyxg
gsuxgoy
gsuxgyo
gsuxogy
gsuxoyg
gsuxygo
gsuxyog
gsuygox
gsuygxo
gsuyogx
gsuyoxg
gsuyxgo
gsuyxog
gsxgouy
gsxgoyu
gsxguoy
gsxguyo
gsxgyou
gsxgyuo
gsxoguy
gsxogyu
gsxougy
gsxouyg
gsxoygu
gsxoyug
gsxugoy
gsxugyo
gsxuogy
gsxuoyg
gsxuygo
gsxuyog
gsxygou
gsxyguo
gsxyogu
gsxyoug
gsxyugo
gsxyuog
gsygoux
gsygoxu
gsyguox
gsyguxo
gsygxou
gsygxuo
gsyogux
gsyogxu
gsyougx
gsyouxg
gsyoxgu
gsyoxug
gsyugox
gsyugxo
gsyuogx
gsyuoxg
gsyuxgo
gsyuxog
gsyxgou
gsyxguo
gsyxogu
gsyxoug
gsyxugo
gsyxuog
gugosxy
gugosyx
gugoxsy
gugoxys
gugoysx
gugoyxs
gugsoxy
gugsoyx
gugsxoy
gugsxyo
gugsyox
gugsyxo
gugxosy
gugxoys
gugxsoy
gugxsyo
gugxyos
gugxyso
gugyosx
gugyoxs
gugysox
gugysxo
gugyxos
gugyxso
guogsxy
guogsyx
guogxsy
guogxys
guogysx
guogyxs
guosgxy
guosgyx
guosxgy
guosxyg
guosygx
guosyxg
guoxgsy
guoxgys
guoxsgy
guoxsyg
guoxygs
guoxysg
guoygsx
guoygxs
guoysgx
guoysxg
guoyxgs
guoyxsg
gusgoxy
gusgoyx
gusgxoy
gusgxyo
gusgyox
gusgyxo
gusogxy
gusogyx
gusoxgy
gusoxyg
gusoygx
gusoyxg
gusxgoy
gusxgyo
gusxogy
gusxoyg
gusxygo
gusxyog
gusygox
gusygxo
gusyogx
gusyoxg
gusyxgo
gusyxog
guxgosy
guxgoys
guxgsoy
guxgsyo
guxgyos
guxgyso
guxogsy
guxogys
guxosgy
guxosyg
guxoygs
guxoysg
guxsgoy
guxsgyo
guxsogy
guxsoyg
guxsygo
guxsyog
guxygos
guxygso
guxyogs
guxyosg
guxysgo
guxysog
guygosx
guygoxs
guygsox
guygsxo
guygxos
guygxso
guyogsx
guyogxs
guyosgx
guyosxg
guyoxgs
guyoxsg
guysgox
guysgxo
guysogx
guysoxg
guysxgo
guysxog
guyxgos
guyxgso
guyxogs
guyxosg
guyxsgo
guyxsog
gxgosuy
gxgosyu
gxgousy
gxgouys
gxgoysu
gxgoyus
gxgsouy
gxgsoyu
gxgsuoy
gxgsuyo
gxgsyou
gxgsyuo
gxguosy
gxguoys
gxgusoy
gxgusyo
gxguyos
gxguyso
gxgyosu
gxgyous
gxgysou
gxgysuo
gxgyuos
gxgyuso
gxogsuy
gxogsyu
gxogusy
gxoguys
gxogysu
gxogyus
gxosguy
gxosgyu
gxosugy
gxosuyg
gxosygu
gxosyug
gxougsy
gxougys
gxousgy
gxousyg
gxouygs
gxouysg
gxoygsu
gxoygus
gxoysgu
gxoysug
gxoyugs
gxoyusg
gxsgouy
gxsgoyu
gxsguoy
gxsguyo
gxsgyou
gxsgyuo
gxsoguy
gxsogyu
gxsougy
gxsouyg
gxsoygu
gxsoyug
gxsugoy
gxsugyo
gxsuogy
gxsuoyg
gxsuygo
gxsuyog
gxsygou
gxsyguo
gxsyogu
gxsyoug
gxsyugo
gxsyuog
gxugosy
gxugoys
gxugsoy
gxugsyo
gxugyos
gxugyso
gxuogsy
gxuogys
gxuosgy
gxuosyg
gxuoygs
gxuoysg
gxusgoy
gxusgyo
gxusogy
gxusoyg
gxusygo
gxusyog
gxuygos
gxuygso
gxuyogs
gxuyosg
gxuysgo
gxuysog
gxygosu
gxygous
gxygsou
gxygsuo
gxyguos
gxyguso
gxyogsu
gxyogus
gxyosgu
gxyosug
gxyougs
gxyousg
gxysgou
gxysguo
gxysogu
gxysoug
gxysugo
gxysuog
gxyugos
gxyugso
gxyuogs
gxyuosg
gxyusgo
gxyusog
gygosux
gygosxu
gygousx
gygouxs
gygoxsu
gygoxus
gygsoux
gygsoxu
gygsuox
gygsuxo
gygsxou
gygsxuo
gyguosx
gyguoxs
gygusox
gygusxo
gyguxos
gyguxso
gygxosu
gygxous
gygxsou
gygxsuo
gygxuos
gygxuso
gyogsux
gyogsxu
gyogusx
gyoguxs
gyogxsu
gyogxus
gyosgux
gyosgxu
gyosugx
gyosuxg
gyosxgu
gyosxug
gyougsx
gyougxs
gyousgx
gyousxg
gyouxgs
gyouxsg
gyoxgsu
gyoxgus
gyoxsgu
gyoxsug
gyoxugs
gyoxusg
gysgoux
gysgoxu
gysguox
gysguxo
gysgxou
gysgxuo
gysogux
gysogxu
gysougx
gysouxg
gysoxgu
gysoxug
gysugox
gysugxo
gysuogx
gysuoxg
gysuxgo
gysuxog
gysxgou
gysxguo
gysxogu
gysxoug
gysxugo
gysxuog
gyugosx
gyugoxs
gyugsox
gyugsxo
gyugxos
gyugxso
gyuogsx
gyuogxs
gyuosgx
gyuosxg
gyuoxgs
gyuoxsg
gyusgox
gyusgxo
gyusogx
gyusoxg
gyusxgo
gyusxog
gyuxgos
gyuxgso
gyuxogs
gyuxosg
gyuxsgo
gyuxsog
gyxgosu
gyxgous
gyxgsou
gyxgsuo
gyxguos
gyxguso
gyxogsu
gyxogus
gyxosgu
gyxosug
gyxougs
gyxousg
gyxsgou
gyxsguo
gyxsogu
gyxsoug
gyxsugo
gyxsuog
gyxugos
gyxugso
gyxuogs
gyxuosg
gyxusgo
gyxusog
oggsuxy
oggsuyx
oggsxuy
oggsxyu
oggsyux
oggsyxu
oggusxy
oggusyx
ogguxsy
ogguxys
ogguysx
ogguyxs
oggxsuy
oggxsyu
oggxusy
oggxuys
oggxysu
oggxyus
oggysux
oggysxu
oggyusx
oggyuxs
oggyxsu
oggyxus
ogsguxy
ogsguyx
ogsgxuy
ogsgxyu
ogsgyux
ogsgyxu
ogsugxy
ogsugyx
ogsuxgy
ogsuxyg
ogsuygx
ogsuyxg
ogsxguy
ogsxgyu
ogsxugy
ogsxuyg
ogsxygu
ogsxyug
ogsygux
ogsygxu
ogsyugx
ogsyuxg
ogsyxgu
ogsyxug
ogugsxy
ogugsyx
ogugxsy
ogugxys
ogugysx
ogugyxs
ogusgxy
ogusgyx
ogusxgy
ogusxyg
ogusygx
ogusyxg
oguxgsy
oguxgys
oguxsgy
oguxsyg
oguxygs
oguxysg
oguygsx
oguygxs
oguysgx
oguysxg
oguyxgs
oguyxsg
ogxgsuy
ogxgsyu
ogxgusy
ogxguys
ogxgysu
ogxgyus
ogxsguy
ogxsgyu
ogxsugy
ogxsuyg
ogxsygu
ogxsyug
ogxugsy
ogxugys
ogxusgy
ogxusyg
ogxuygs
ogxuysg
ogxygsu
ogxygus
ogxysgu
ogxysug
ogxyugs
ogxyusg
ogygsux
ogygsxu
ogygusx
ogyguxs
ogygxsu
ogygxus
ogysgux
ogysgxu
ogysugx
ogysuxg
ogysxgu
ogysxug
ogyugsx
ogyugxs
ogyusgx
ogyusxg
ogyuxgs
ogyuxsg
ogyxgsu
ogyxgus
ogyxsgu
ogyxsug
ogyxugs
ogyxusg
osgguxy
osgguyx
osggxuy
osggxyu
osggyux
osggyxu
osgugxy
osgugyx
osguxgy
osguxyg
osguygx
osguyxg
osgxguy
osgxgyu
osgxugy
osgxuyg
osgxygu
osgxyug
osgygux
osgygxu
osgyugx
osgyuxg
osgyxgu
osgyxug
osuggxy
osuggyx
osugxgy
osugxyg
osugygx
osugyxg
osuxggy
osuxgyg
osuxygg
osuyggx
osuygxg
osuyxgg
osxgguy
osxggyu
osxgugy
osxguyg
osxgygu
osxgyug
osxuggy
osxugyg
osxuygg
osxyggu
osxygug
osxyugg
osyggux
osyggxu
osygugx
osyguxg
osygxgu
osygxug
osyuggx
osyugxg
osyuxgg
osyxggu
osyxgug
osyxugg
ouggsxy
ouggsyx
ouggxsy
ouggxys
ouggysx
ouggyxs
ougsgxy
ougsgyx
ougsxgy
ougsxyg
ougsygx
ougsyxg
ougxgsy
ougxgys
ougxsgy
ougxsyg
ougxygs
ougxysg
ougygsx
ougygxs
ougysgx
ougysxg
ougyxgs
ougyxsg
ousggxy
ousggyx
ousgxgy
ousgxyg
ousgygx
ousgyxg
ousxggy
ousxgyg
ousxygg
ousyggx
ousygxg
ousyxgg
ouxggsy
ouxggys
ouxgsgy
ouxgsyg
ouxgygs
ouxgysg
ouxsggy
ouxsgyg
ouxsygg
ouxyggs
ouxygsg
ouxysgg
ouyggsx
ouyggxs
ouygsgx
ouygsxg
ouygxgs
ouygxsg
ouysggx
ouysgxg
ouysxgg
ouyxggs
ouyxgsg
ouyxsgg
oxggsuy
oxggsyu
oxggusy
oxgguys
oxggysu
oxggyus
oxgsguy
oxgsgyu
oxgsugy
oxgsuyg
oxgsygu
oxgsyug
oxgugsy
oxgugys
oxgusgy
oxgusyg
oxguygs
oxguysg
oxgygsu
oxgygus
oxgysgu
oxgysug
oxgyugs
oxgyusg
oxsgguy
oxsggyu
oxsgugy
oxsguyg
oxsgygu
oxsgyug
oxsuggy
oxsugyg
oxsuygg
oxsyggu
oxsygug
oxsyugg
oxuggsy
oxuggys
oxugsgy
oxugsyg
oxugygs
oxugysg
oxusggy
oxusgyg
oxusygg
oxuyggs
oxuygsg
oxuysgg
oxyggsu
oxyggus
oxygsgu
oxygsug
oxygugs
oxygusg
oxysggu
oxysgug
oxysugg
oxyuggs
oxyugsg
oxyusgg
oyggsux
oyggsxu
oyggusx
oygguxs
oyggxsu
oyggxus
oygsgux
oygsgxu
oygsugx
oygsuxg
oygsxgu
oygsxug
oygugsx
oygugxs
oygusgx
oygusxg
oyguxgs
oyguxsg
oygxgsu
oygxgus
oygxsgu
oygxsug
oygxugs
oygxusg
oysggux
oysggxu
oysgugx
oysguxg
oysgxgu
oysgxug
oysuggx
oysugxg
oysuxgg
oysxggu
oysxgug
oysxugg
oyuggsx
oyuggxs
oyugsgx
oyugsxg
oyugxgs
oyugxsg
oyusggx
oyusgxg
oyusxgg
oyuxggs
oyuxgsg
oyuxsgg
oyxggsu
oyxggus
oyxgsgu
oyxgsug
oyxgugs
oyxgusg
oyxsggu
oyxsgug
oyxsugg
oyxuggs
oyxugsg
oyxusgg
sggouxy
sggouyx
sggoxuy
sggoxyu
sggoyux
sggoyxu
sgguoxy
sgguoyx
sgguxoy
sgguxyo
sgguyox
sgguyxo
sggxouy
sggxoyu
sggxuoy
sggxuyo
sggxyou
sggxyuo
sggyoux
sggyoxu
sggyuox
sggyuxo
sggyxou
sggyxuo
sgoguxy
sgoguyx
sgogxuy
sgogxyu
sgogyux
sgogyxu
sgougxy
sgougyx
sgouxgy
sgouxyg
sgouygx
sgouyxg
sgoxguy
sgoxgyu
sgoxugy
sgoxuyg
sgoxygu
sgoxyug
sgoygux
sgoygxu
sgoyugx
sgoyuxg
sgoyxgu
sgoyxug
sgugoxy
sgugoyx
sgugxoy
sgugxyo
sgugyox
sgugyxo
sguogxy
sguogyx
sguoxgy
sguoxyg
sguoygx
sguoyxg
sguxgoy
sguxgyo
sguxogy
sguxoyg
sguxygo
sguxyog
sguygox
sguygxo
sguyogx
sguyoxg
sguyxgo
sguyxog
sgxgouy
sgxgoyu
sgxguoy
sgxguyo
sgxgyou
sgxgyuo
sgxoguy
sgxogyu
sgxougy
sgxouyg
sgxoygu
sgxoyug
sgxugoy
sgxugyo
sgxuogy
sgxuoyg
sgxuygo
sgxuyog
sgxygou
sgxyguo
sgxyogu
sgxyoug
sgxyugo
sgxyuog
sgygoux
sgygoxu
sgyguox
sgyguxo
sgygxou
sgygxuo
sgyogux
sgyogxu
sgyougx
sgyouxg
sgyoxgu
sgyoxug
sgyugox
sgyugxo
sgyuogx
sgyuoxg
sgyuxgo
sgyuxog
sgyxgou
sgyxguo
sgyxogu
sgyxoug
sgyxugo
sgyxuog
sogguxy
sogguyx
soggxuy
soggxyu
soggyux
soggyxu
sogugxy
sogugyx
soguxgy
soguxyg
soguygx
soguyxg
sogxguy
sogxgyu
sogxugy
sogxuyg
sogxygu
sogxyug
sogygux
sogygxu
sogyugx
sogyuxg
sogyxgu
sogyxug
souggxy
souggyx
sougxgy
sougxyg
sougygx
sougyxg
souxggy
souxgyg
souxygg
souyggx
souygxg
souyxgg
soxgguy
soxggyu
soxgugy
soxguyg
soxgygu
soxgyug
soxuggy
soxugyg
soxuygg
soxyggu
soxygug
soxyugg
soyggux
soyggxu
soygugx
soyguxg
soygxgu
soygxug
soyuggx
soyugxg
soyuxgg
soyxggu
soyxgug
soyxugg
suggoxy
suggoyx
suggxoy
suggxyo
suggyox
suggyxo
sugogxy
sugogyx
sugoxgy
sugoxyg
sugoygx
sugoyxg
sugxgoy
sugxgyo
sugxogy
sugxoyg
sugxygo
sugxyog
sugygox
sugygxo
sugyogx
sugyoxg
sugyxgo
sugyxog
suoggxy
suoggyx
suogxgy
suogxyg
suogygx
suogyxg
suoxggy
suoxgyg
suoxygg
suoyggx
suoygxg
suoyxgg
suxggoy
suxggyo
suxgogy
suxgoyg
suxgygo
suxgyog
suxoggy
suxogyg
suxoygg
suxyggo
suxygog
suxyogg
suyggox
suyggxo
suygogx
suygoxg
suygxgo
suygxog
suyoggx
suyogxg
suyoxgg
suyxggo
suyxgog
suyxogg
sxggouy
sxggoyu
sxgguoy
sxgguyo
sxggyou
sxggyuo
sxgoguy
sxgogyu
sxgougy
sxgouyg
sxgoygu
sxgoyug
sxgugoy
sxgugyo
sxguogy
sxguoyg
sxguygo
sxguyog
sxgygou
sxgyguo
sxgyogu
sxgyoug
sxgyugo
sxgyuog
sxogguy
sxoggyu
sxogugy
sxoguyg
sxogygu
sxogyug
sxouggy
sxougyg
sxouygg
sxoyggu
sxoygug
sxoyugg
sxuggoy
sxuggyo
sxugogy
sxugoyg
sxugygo
sxugyog
sxuoggy
sxuogyg
sxuoygg
sxuyggo
sxuygog
sxuyogg
sxyggou
sxygguo
sxygogu
sxygoug
sxygugo
sxyguog
sxyoggu
sxyogug
sxyougg
sxyuggo
sxyugog
sxyuogg
syggoux
syggoxu
sygguox
sygguxo
syggxou
syggxuo
sygogux
sygogxu
sygougx
sygouxg
sygoxgu
sygoxug
sygugox
sygugxo
syguogx
syguoxg
syguxgo
syguxog
sygxgou
sygxguo
sygxogu
sygxoug
sygxugo
sygxuog
syoggux
syoggxu
syogugx
syoguxg
syogxgu
syogxug
syouggx
syougxg
syouxgg
syoxggu
syoxgug
syoxugg
syuggox
syuggxo
syugogx
syugoxg
syugxgo
syugxog
syuoggx
syuogxg
syuoxgg
syuxggo
syuxgog
syuxogg
syxggou
syxgguo
syxgogu
syxgoug
syxgugo
syxguog
syxoggu
syxogug
syxougg
syxuggo
syxugog
syxuogg
uggosxy
uggosyx
uggoxsy
uggoxys
uggoysx
uggoyxs
uggsoxy
uggsoyx
uggsxoy
uggsxyo
uggsyox
uggsyxo
uggxosy
uggxoys
uggxsoy
uggxsyo
uggxyos
uggxyso
uggyosx
uggyoxs
uggysox
uggysxo
uggyxos
uggyxso
ugogsxy
ugogsyx
ugogxsy
ugogxys
ugogysx
ugogyxs
ugosgxy
ugosgyx
ugosxgy
ugosxyg
ugosygx
ugosyxg
ugoxgsy
ugoxgys
ugoxsgy
ugoxsyg
ugoxygs
ugoxysg
ugoygsx
ugoygxs
ugoysgx
ugoysxg
ugoyxgs
ugoyxsg
ugsgoxy
ugsgoyx
ugsgxoy
ugsgxyo
ugsgyox
ugsgyxo
ugsogxy
ugsogyx
ugsoxgy
ugsoxyg
ugsoygx
ugsoyxg
ugsxgoy
ugsxgyo
ugsxogy
ugsxoyg
ugsxygo
ugsxyog
ugsygox
ugsygxo
ugsyogx
ugsyoxg
ugsyxgo
ugsyxog
ugxgosy
ugxgoys
ugxgsoy
ugxgsyo
ugxgyos
ugxgyso
ugxogsy
ugxogys
ugxosgy
ugxosyg
ugxoygs
ugxoysg
ugxsgoy
ugxsgyo
ugxsogy
ugxsoyg
ugxsygo
ugxsyog
ugxygos
ugxygso
ugxyogs
ugxyosg
ugxysgo
ugxysog
ugygosx
ugygoxs
ugygsox
ugygsxo
ugygxos
ugygxso
ugyogsx
ugyogxs
ugyosgx
ugyosxg
ugyoxgs
ugyoxsg
ugysgox
ugysgxo
ugysogx
ugysoxg
ugysxgo
ugysxog
ugyxgos
ugyxgso
ugyxogs
ugyxosg
ugyxsgo
ugyxsog
uoggsxy
uoggsyx
uoggxsy
uoggxys
uoggysx
uoggyxs
uogsgxy
uogsgyx
uogsxgy
uogsxyg
uogsygx
uogsyxg
uogxgsy
uogxgys
uogxsgy
uogxsyg
uogxygs
uogxysg
uogygsx
uogygxs
uogysgx
uogysxg
uogyxgs
uogyxsg
uosggxy
uosggyx
uosgxgy
uosgxyg
uosgygx
uosgyxg
uosxggy
uosxgyg
uosxygg
uosyggx
uosygxg
uosyxgg
uoxggsy
uoxggys
uoxgsgy
uoxgsyg
uoxgygs
uoxgysg
uoxsggy
uoxsgyg
uoxsygg
uoxyggs
uoxygsg
uoxysgg
uoyggsx
uoyggxs
uoygsgx
uoygsxg
uoygxgs
uoygxsg
uoysggx
uoysgxg
uoysxgg
uoyxggs
uoyxgsg
uoyxsgg
usggoxy
usggoyx
usggxoy
usggxyo
usggyox
usggyxo
usgogxy
usgogyx
usgoxgy
usgoxyg
usgoygx
usgoyxg
usgxgoy
usgxgyo
usgxogy
usgxoyg
usgxygo
usgxyog
usgygox
usgygxo
usgyogx
usgyoxg
usgyxgo
usgyxog
usoggxy
usoggyx
usogxgy
usogxyg
usogygx
usogyxg
usoxggy
usoxgyg
usoxygg
usoyggx
usoygxg
usoyxgg
usxggoy
usxggyo
usxgogy
usxgoyg
usxgygo
usxgyog
usxoggy
usxogyg
usxoygg
usxyggo
usxygog
usxyogg
usyggox
usyggxo
usygogx
usygoxg
usygxgo
usygxog
usyoggx
usyogxg
usyoxgg
usyxggo
usyxgog
usyxogg
uxggosy
uxggoys
uxggsoy
uxggsyo
uxggyos
uxggyso
uxgogsy
uxgogys
uxgosgy
uxgosyg
uxgoygs
uxgoysg
uxgsgoy
uxgsgyo
uxgsogy
uxgsoyg
uxgsygo
uxgsyog
uxgygos
uxgygso
uxgyogs
uxgyosg
uxgysgo
uxgysog
uxoggsy
uxoggys
uxogsgy
uxogsyg
uxogygs
uxogysg
uxosggy
uxosgyg
uxosygg
uxoyggs
uxoygsg
uxoysgg
uxsggoy
uxsggyo
uxsgogy
uxsgoyg
uxsgygo
uxsgyog
uxsoggy
uxsogyg
uxsoygg
uxsyggo
uxsygog
uxsyogg
uxyggos
uxyggso
uxygogs
uxygosg
uxygsgo
uxygsog
uxyoggs
uxyogsg
uxyosgg
uxysggo
uxysgog
uxysogg
uyggosx
uyggoxs
uyggsox
uyggsxo
uyggxos
uyggxso
uygogsx
uygogxs
uygosgx
uygosxg
uygoxgs
uygoxsg
uygsgox
uygsgxo
uygsogx
uygsoxg
uygsxgo
uygsxog
uygxgos
uygxgso
uygxogs
uygxosg
uygxsgo
uygxsog
uyoggsx
uyoggxs
uyogsgx
uyogsxg
uyogxgs
uyogxsg
uyosggx
uyosgxg
uyosxgg
uyoxggs
uyoxgsg
uyoxsgg
uysggox
uysggxo
uysgogx
uysgoxg
uysgxgo
uysgxog
uysoggx
uysogxg
uysoxgg
uysxggo
uysxgog
uysxogg
uyxggos
uyxggso
uyxgogs
uyxgosg
uyxgsgo
uyxgsog
uyxoggs
uyxogsg
uyxosgg
uyxsggo
uyxsgog
uyxsogg
xggosuy
xggosyu
xggousy
xggouys
xggoysu
xggoyus
xggsouy
xggsoyu
xggsuoy
xggsuyo
xggsyou
xggsyuo
xgguosy
xgguoys
xggusoy
xggusyo
xgguyos
xgguyso
xggyosu
xggyous
xggysou
xggysuo
xggyuos
xggyuso
xgogsuy
xgogsyu
xgogusy
xgoguys
xgogysu
xgogyus
xgosguy
xgosgyu
xgosugy
xgosuyg
xgosygu
xgosyug
xgougsy
xgougys
xgousgy
xgousyg
xgouygs
xgouysg
xgoygsu
xgoygus
xgoysgu
xgoysug
xgoyugs
xgoyusg
xgsgouy
xgsgoyu
xgsguoy
xgsguyo
xgsgyou
xgsgyuo
xgsoguy
xgsogyu
xgsougy
xgsouyg
xgsoygu
xgsoyug
xgsugoy
xgsugyo
xgsuogy
xgsuoyg
xgsuygo
xgsuyog
xgsygou
xgsyguo
xgsyogu
xgsyoug
xgsyugo
xgsyuog
xgugosy
xgugoys
xgugsoy
xgugsyo
xgugyos
xgugyso
xguogsy
xguogys
xguosgy
xguosyg
xguoygs
xguoysg
xgusgoy
xgusgyo
xgusogy
xgusoyg
xgusygo
xgusyog
xguygos
xguygso
xguyogs
xguyosg
xguysgo
xguysog
xgygosu
xgygous
xgygsou
xgygsuo
xgyguos
xgyguso
xgyogsu
xgyogus
xgyosgu
xgyosug
xgyougs
xgyousg
xgysgou
xgysguo
xgysogu
xgysoug
xgysugo
xgysuog
xgyugos
xgyugso
xgyuogs
xgyuosg
xgyusgo
xgyusog
xoggsuy
xoggsyu
xoggusy
xogguys
xoggysu
xoggyus
xogsguy
xogsgyu
xogsugy
xogsuyg
xogsygu
xogsyug
xogugsy
xogugys
xogusgy
xogusyg
xoguygs
xoguysg
xogygsu
xogygus
xogysgu
xogysug
xogyugs
xogyusg
xosgguy
xosggyu
xosgugy
xosguyg
xosgygu
xosgyug
xosuggy
xosugyg
xosuygg
xosyggu
xosygug
xosyugg
xouggsy
xouggys
xougsgy
xougsyg
xougygs
xougysg
xousggy
xousgyg
xousygg
xouyggs
xouygsg
xouysgg
xoyggsu
xoyggus
xoygsgu
xoygsug
xoygugs
xoygusg
xoysggu
xoysgug
xoysugg
xoyuggs
xoyugsg
xoyusgg
xsggouy
xsggoyu
xsgguoy
xsgguyo
xsggyou
xsggyuo
xsgoguy
xsgogyu
xsgougy
xsgouyg
xsgoygu
xsgoyug
xsgugoy
xsgugyo
xsguogy
xsguoyg
xsguygo
xsguyog
xsgygou
xsgyguo
xsgyogu
xsgyoug
xsgyugo
xsgyuog
xsogguy
xsoggyu
xsogugy
xsoguyg
xsogygu
xsogyug
xsouggy
xsougyg
xsouygg
xsoyggu
xsoygug
xsoyugg
xsuggoy
xsuggyo
xsugogy
xsugoyg
xsugygo
xsugyog
xsuoggy
xsuogyg
xsuoygg
xsuyggo
xsuygog
xsuyogg
xsyggou
xsygguo
xsygogu
xsygoug
xsygugo
xsyguog
xsyoggu
xsyogug
xsyougg
xsyuggo
xsyugog
xsyuogg
xuggosy
xuggoys
xuggsoy
xuggsyo
xuggyos
xuggyso
xugogsy
xugogys
xugosgy
xugosyg
xugoygs
xugoysg
xugsgoy
xugsgyo
xugsogy
xugsoyg
xugsygo
xugsyog
xugygos
xugygso
xugyogs
xugyosg
xugysgo
xugysog
xuoggsy
xuoggys
xuogsgy
xuogsyg
xuogygs
xuogysg
xuosggy
xuosgyg
xuosygg
xuoyggs
xuoygsg
xuoysgg
xusggoy
xusggyo
xusgogy
xusgoyg
xusgygo
xusgyog
xusoggy
xusogyg
xusoygg
xusyggo
xusygog
xusyogg
xuyggos
xuyggso
xuygogs
xuygosg
xuygsgo
xuygsog
xuyoggs
xuyogsg
xuyosgg
xuysggo
xuysgog
xuysogg
xyggosu
xyggous
xyggsou
xyggsuo
xygguos
xygguso
xygogsu
xygogus
xygosgu
xygosug
xygougs
xygousg
xygsgou
xygsguo
xygsogu
xygsoug
xygsugo
xygsuog
xygugos
xygugso
xyguogs
xyguosg
xygusgo
xygusog
xyoggsu
xyoggus
xyogsgu
xyogsug
xyogugs
xyogusg
xyosggu
xyosgug
xyosugg
xyouggs
xyougsg
xyousgg
xysggou
xysgguo
xysgogu
xysgoug
xysgugo
xysguog
xysoggu
xysogug
xysougg
xysuggo
xysugog
xysuogg
xyuggos
xyuggso
xyugogs
xyugosg
xyugsgo
xyugsog
xyuoggs
xyuogsg
xyuosgg
xyusggo
xyusgog
xyusogg
yggosux
yggosxu
yggousx
yggouxs
yggoxsu
yggoxus
yggsoux
yggsoxu
yggsuox
yggsuxo
yggsxou
yggsxuo
ygguosx
ygguoxs
yggusox
yggusxo
ygguxos
ygguxso
yggxosu
yggxous
yggxsou
yggxsuo
yggxuos
yggxuso
ygogsux
ygogsxu
ygogusx
ygoguxs
ygogxsu
ygogxus
ygosgux
ygosgxu
ygosugx
ygosuxg
ygosxgu
ygosxug
ygougsx
ygougxs
ygousgx
ygousxg
ygouxgs
ygouxsg
ygoxgsu
ygoxgus
ygoxsgu
ygoxsug
ygoxugs
ygoxusg
ygsgoux
ygsgoxu
ygsguox
ygsguxo
ygsgxou
ygsgxuo
ygsogux
ygsogxu
ygsougx
ygsouxg
ygsoxgu
ygsoxug
ygsugox
ygsugxo
ygsuogx
ygsuoxg
ygsuxgo
ygsuxog
ygsxgou
ygsxguo
ygsxogu
ygsxoug
ygsxugo
ygsxuog
ygugosx
ygugoxs
ygugsox
ygugsxo
ygugxos
ygugxso
yguogsx
yguogxs
yguosgx
yguosxg
yguoxgs
yguoxsg
ygusgox
ygusgxo
ygusogx
ygusoxg
ygusxgo
ygusxog
yguxgos
yguxgso
yguxogs
yguxosg
yguxsgo
yguxsog
ygxgosu
ygxgous
ygxgsou
ygxgsuo
ygxguos
ygxguso
ygxogsu
ygxogus
ygxosgu
ygxosug
ygxougs
ygxousg
ygxsgou
ygxsguo
ygxsogu
ygxsoug
ygxsugo
ygxsuog
ygxugos
ygxugso
ygxuogs
ygxuosg
ygxusgo
ygxusog
yoggsux
yoggsxu
yoggusx
yogguxs
yoggxsu
yoggxus
yogsgux
yogsgxu
yogsugx
yogsuxg
yogsxgu
yogsxug
yogugsx
yogugxs
yogusgx
yogusxg
yoguxgs
yoguxsg
yogxgsu
yogxgus
yogxsgu
yogxsug
yogxugs
yogxusg
yosggux
yosggxu
yosgugx
yosguxg
yosgxgu
yosgxug
yosuggx
yosugxg
yosuxgg
yosxggu
yosxgug
yosxugg
youggsx
youggxs
yougsgx
yougsxg
yougxgs
yougxsg
yousggx
yousgxg
yousxgg
youxggs
youxgsg
youxsgg
yoxggsu
yoxggus
yoxgsgu
yoxgsug
yoxgugs
yoxgusg
yoxsggu
yoxsgug
yoxsugg
yoxuggs
yoxugsg
yoxusgg
ysggoux
ysggoxu
ysgguox
ysgguxo
ysggxou
ysggxuo
ysgogux
ysgogxu
ysgougx
ysgouxg
ysgoxgu
ysgoxug
ysgugox
ysgugxo
ysguogx
ysguoxg
ysguxgo
ysguxog
ysgxgou
ysgxguo
ysgxogu
ysgxoug
ysgxugo
ysgxuog
ysoggux
ysoggxu
ysogugx
ysoguxg
ysogxgu
ysogxug
ysouggx
ysougxg
ysouxgg
ysoxggu
ysoxgug
ysoxugg
ysuggox
ysuggxo
ysugogx
ysugoxg
ysugxgo
ysugxog
ysuoggx
ysuogxg
ysuoxgg
ysuxggo
ysuxgog
ysuxogg
ysxggou
ysxgguo
ysxgogu
ysxgoug
ysxgugo
ysxguog
ysxoggu
ysxogug
ysxougg
ysxuggo
ysxugog
ysxuogg
yuggosx
yuggoxs
yuggsox
yuggsxo
yuggxos
yuggxso
yugogsx
yugogxs
yugosgx
yugosxg
yugoxgs
yugoxsg
yugsgox
yugsgxo
yugsogx
yugsoxg
yugsxgo
yugsxog
yugxgos
yugxgso
yugxogs
yugxosg
yugxsgo
yugxsog
yuoggsx
yuoggxs
yuogsgx
yuogsxg
yuogxgs
yuogxsg
yuosggx
yuosgxg
yuosxgg
yuoxggs
yuoxgsg
yuoxsgg
yusggox
yusggxo
yusgogx
yusgoxg
yusgxgo
yusgxog
yusoggx
yusogxg
yusoxgg
yusxggo
yusxgog
yusxogg
yuxggos
yuxggso
yuxgogs
yuxgosg
yuxgsgo
yuxgsog
yuxoggs
yuxogsg
yuxosgg
yuxsggo
yuxsgog
yuxsogg
yxggosu
yxggous
yxggsou
yxggsuo
yxgguos
yxgguso
yxgogsu
yxgogus
yxgosgu
yxgosug
yxgougs
yxgousg
yxgsgou
yxgsguo
yxgsogu
yxgsoug
yxgsugo
yxgsuog
yxgugos
yxgugso
yxguogs
yxguosg
yxgusgo
yxgusog
yxoggsu
yxoggus
yxogsgu
yxogsug
yxogugs
yxogusg
yxosggu
yxosgug
yxosugg
yxouggs
yxougsg
yxousgg
yxsggou
yxsgguo
yxsgogu
yxsgoug
yxsgugo
yxsguog
yxsoggu
yxsogug
yxsougg
yxsuggo
yxsugog
yxsuogg
yxuggos
yxuggso
yxugogs
yxugosg
yxugsgo
yxugsog
yxuoggs
yxuogsg
yxuosgg
yxusggo
yxusgog
yxusogg
