ddiijjo
ddiijoj
ddiiojj
ddijijo
ddijioj
ddijjio
ddijjoi
ddijoij
ddijoji
ddioijj
ddiojij
ddiojji
ddjiijo
ddjiioj
ddjijio
ddjijoi
ddjioij
ddjioji
ddjjiio
ddjjioi
ddjjoii
ddjoiij
ddjoiji
ddjojii
ddoiijj
ddoijij
ddoijji
ddojiij
ddojiji
ddojjii
didijjo
didijoj
didiojj
didjijo
didjioj
didjjio
didjjoi
didjoij
didjoji
didoijj
didojij
didojji
diidjjo
diidjoj
diidojj
diijdjo
diijdoj
diijjdo
diijjod
diijodj
diijojd
diiodjj
diiojdj
diiojjd
dijdijo
dijdioj
dijdjio
dijdjoi
dijdoij
dijdoji
dijidjo
dijidoj
dijijdo
dijijod
dijiodj
dijiojd
dijjdio
dijjdoi
dijjido
dijjiod
dijjodi
dijjoid
dijodij
dijodji
dijoidj
dijoijd
dijojdi
dijojid
diodijj
diodjij
diodjji
dioidjj
dioijdj
dioijjd
diojdij
diojdji
diojidj
diojijd
diojjdi
diojjid
djdiijo
djdiioj
djdijio
djdijoi
djdioij
djdioji
djdjiio
djdjioi
djdjoii
djdoiij
djdoiji
djdojii
djidijo
djidioj
djidjio
djidjoi
djidoij
djidoji
djiidjo
djiidoj
djiijdo
djiijod
djiiodj
djiiojd
djijdio
djijdoi
djijido
djijiod
djijodi
djijoid
djiodij
djiodji
djioidj
djioijd
djiojdi
djiojid
djjdiio
djjdioi
djjdoii
djjidio
djjidoi
djjiido
djjiiod
djjiodi
djjioid
djjodii
djjoidi
djjoiid
djodiij
djodiji
djodjii
djoidij
djoidji
djoiidj
djoiijd
djoijdi
djoijid
djojdii
djojidi
djojiid
dodiijj
dodijij
dodijji
dodjiij
dodjiji
dodjjii
doidijj
doidjij
doidjji
doiidjj
doiijdj
doiijjd
doijdij
doijdji
doijidj
doijijd
doijjdi
doijjid
dojdiij
dojdiji
dojdjii
dojidij
dojidji
dojiidj
dojiijd
dojijdi
dojijid
dojjdii
dojjidi
dojjiid
iddijjo
iddijoj
iddiojj
iddjijo
iddjioj
iddjjio
iddjjoi
iddjoij
iddjoji
iddoijj
iddojij
iddojji
ididjjo
ididjoj
ididojj
idijdjo
idijdoj
idijjdo
idijjod
idijodj
idijojd
idiodjj
idiojdj
idiojjd
idjdijo
idjdioj
idjdjio
idjdjoi
idjdoij
idjdoji
idjidjo
idjidoj
idjijdo
idjijod
idjiodj
idjiojd
idjjdio
idjjdoi
idjjido
idjjiod
idjjodi
idjjoid
idjodij
idjodji
idjoidj
idjoijd
idjojdi
idjojid
idodijj
idodjij
idodjji
idoidjj
idoijdj
idoijjd
idojdij
idojdji
idojidj
idojijd
idojjdi
idojjid
iiddjjo
iiddjoj
iiddojj
iidjdjo
iidjdoj
iidjjdo
iidjjod
iidjodj
iidjojd
iidodjj
iidojdj
iidojjd
iijddjo
iijddoj
iijdjdo
iijdjod
iijdodj
iijdojd
iijjddo
iijjdod
iijjodd
iijoddj
iijodjd
iijojdd
iioddjj
iiodjdj
iiodjjd
iiojddj
iiojdjd
iiojjdd
ijddijo
ijddioj
ijddjio
ijddjoi
ijddoij
ijddoji
ijdidjo
ijdidoj
ijdijdo
ijdijod
ijdiodj
ijdiojd
ijdjdio
ijdjdoi
ijdjido
ijdjiod
ijdjodi
ijdjoid
ijdodij
ijdodji
ijdoidj
ijdoijd
ijdojdi
ijdojid
ijiddjo
ijiddoj
ijidjdo
ijidjod
ijidodj
ijidojd
ijijddo
ijijdod
ijijodd
ijioddj
ijiodjd
ijiojdd
ijjddio
ijjddoi
ijjdido
ijjdiod
ijjdodi
ijjdoid
ijjiddo
ijjidod
ijjiodd
ijjoddi
ijjodid
ijjoidd
ijoddij
ijoddji
ijodidj
ijodijd
ijodjdi
ijodjid
ijoiddj
ijoidjd
ijoijdd
ijojddi
ijojdid
ijojidd
ioddijj
ioddjij
ioddjji
iodidjj
iodijdj
iodijjd
iodjdij
iodjdji
iodjidj
iodjijd
iodjjdi
iodjjid
ioiddjj
ioidjdj
ioidjjd
ioijddj
ioijdjd
ioijjdd
iojddij
iojddji
iojdidj
iojdijd
iojdjdi
iojdjid
iojiddj
iojidjd
iojijdd
iojjddi
iojjdid
iojjidd
jddiijo
jddiioj
jddijio
jddijoi
jddioij
jddioji
jddjiio
jddjioi
jddjoii
jddoiij
jddoiji
jddojii
jdidijo
jdidioj
jdidjio
jdidjoi
jdidoij
jdidoji
jdiidjo
jdiidoj
jdiijdo
jdiijod
jdiiodj
jdiiojd
jdijdio
jdijdoi
jdijido
jdijiod
jdijodi
jdijoid
jdiodij
jdiodji
jdioidj
jdioijd
jdiojdi
jdiojid
jdjdiio
jdjdioi
jdjdoii
jdjidio
jdjidoi
jdjiido
jdjiiod
jdjiodi
jdjioid
jdjodii
jdjoidi
jdjoiid
jdodiij
jdodiji
jdodjii
jdoidij
jdoidji
jdoiidj
jdoiijd
jdoijdi
jdoijid
jdojdii
jdojidi
jdojiid
jiddijo
jiddioj
jiddjio
jiddjoi
jiddoij
jiddoji
jididjo
jididoj
jidijdo
jidijod
jidiodj
jidiojd
jidjdio
jidjdoi
jidjido
jidjiod
jidjodi
jidjoid
jidodij
jidodji
jidoidj
jidoijd
jidojdi
jidojid
jiiddjo
jiiddoj
jiidjdo
jiidjod
jiidodj
jiidojd
jiijddo
jiijdod
jiijodd
jiioddj
jiiodjd
jiiojdd
jijddio
jijddoi
jijdido
jijdiod
jijdodi
jijdoid
jijiddo
jijidod
jijiodd
jijoddi
jijodid
jijoidd
jioddij
jioddji
jiodidj
jiodijd
jiodjdi
jiodjid
jioiddj
jioidjd
jioijdd
jiojddi
jiojdid
jiojidd
jjddiio
jjddioi
jjddoii
jjdidio
jjdidoi
jjdiido
jjdiiod
jjdiodi
jjdioid
jjdodii
jjdoidi
jjdoiid
jjiddio
jjiddoi
jjidido
jjidiod
jjidodi
jjidoid
jjiiddo
jjiidod
jjiiodd
jjioddi
jjiodid
jjioidd
jjoddii
jjodidi
jjodiid
jjoiddi
jjoidid
jjoiidd
joddiij
joddiji
joddjii
jodidij
jodidji
jodiidj
jodiijd
jodijdi
jodijid
jodjdii
jodjidi
jodjiid
joiddij
joiddji
joididj
joidijd
joidjdi
joidjid
joiiddj
joiidjd
joiijdd
joijddi
joijdid
joijidd
jojddii
jojdidi
jojdiid
jojiddi
jojidid
jojiidd
oddiijj
oddijij
oddijji
oddjiij
oddjiji
oddjjii
odidijj
odidjij
odidjji
odiidjj
odiijdj
odiijjd
odijdij
odijdji
odijidj
odijijd
odijjdi
odijjid
odjdiij
odjdiji
odjdjii
odjidij
odjidji
odjiidj
odjiijd
odjijdi
odjijid
odjjdii
odjjidi
odjjiid
oiddijj
oiddjij
oiddjji
oididjj
oidijdj
oidijjd
oidjdij
oidjdji
oidjidj
oidjijd
oidjjdi
oidjjid
oiiddjj
oiidjdj
oiidjjd
oiijddj
oiijdjd
oiijjdd
oijddij
oijddji
oijdidj
oijdijd
oijdjdi
oijdjid
oijiddj
oijidjd
oijijdd
oijjddi
oijjdid
oijjidd
ojddiij
ojddiji
ojddjii
ojdidij
ojdidji
ojdiidj
ojdiijd
ojdijdi
ojdijid
ojdjdii
ojdjidi
ojdjiid
ojiddij
ojiddji
ojididj
ojidijd
ojidjdi
ojidjid
ojiiddj
ojiidjd
ojiijdd
ojijddi
ojijdid
ojijidd
ojjddii
ojjdidi
ojjdiid
ojjiddi
ojjidid
ojjiidd
