XXOOXOOXOOOXXOXOOOOOOXXXXXXOXOXOOXOOOOXOOXOOOXXOOOXXOOXXXOOXOXOXOXXXXXOOXOXXOXXXXXOOXOOOOXXOXXXOOOXXOXXOXOOOXOXXOXOOOOXOXXXOXXOXOOXOOOXOXOOOOXOOOXXOOXOXXOOXXXOOXXOXOOXOXOXOOOOXOOXOXXOOXXXXXOXOXOOOOXXXXOOXOOOOXOOOOOOXXOXXXOOXXOXXOOOOOOXOXOOXOOOXOOOOOOOX
OOXOXXOXXOOXXOOOOOOXXXOXXXOOOOXOOXXXOXOXXXXOOXXOOXXXXXXOXXOXXOOOOXXXXXXOXOXOOOOXOOOXXXXXOOOOOXXXXXXOOXXXXOOXXXXOOXOOOOXOOOOXOOXXXXOXOXXXXXXXOOOXXXXXXXXXXXOOXXOXOOOOXXXXOOOOXXXOXXXXXXXXXXXXXOXXXXOXOOXXXXOXXXXOOXXOXOXXOOXXXXOOOXXXXXOXOXXXXOOXXXOOOOXXOOOO
XOOOOOXXXOXOXXOOXOXXXOOOXXXXXOOXOXXOOOOXXXXXXXOOOOXXXXXOOOOXOOXOXXXXXXXXXOOOOOOXOXOXXXXOOXOXOXXOXXOOOXXXXOXXXXOOOXOOOXXXOOOOOOOXXOOXOOOXXXXXXOXXXXXXXXXXXXXXXXXXOXOXOXXXOXOXXXXOXOXXXXXXXXXXXXXXXOOOXXXXXXOOOOXOOOXOOOOOOOOXXXOOOXXXXXOXXXXXXOXXXXXXOXOOOOXX
OOOXOXXXXXXOOOXOXOOOOOXOXXXXOOXXXOOOXXXXXXXXXXXXOXXXXXXOOOOXXOOOXXXXXXXXXOXOOOOOXOOXXXXXXOOOXXXOXXXOXOXXOXOXXXOXXOOXXXXXXOOXOOOOOOOXOXOXXXXXOOOOXXXXXXXXXXXXXXXOOOXXOOOXOOXXXXOOOOXOXXXXXXXXXXXXOOXOXXXXXXOXXXXXXOXOOXOOXXXXXXXOXXXXXXOOXXXXOOOXXXXXXXOOXOXX
OXOXOOOXXXXXOOOOOXXXOOXOXXXXOOOXXXXOOXXXXXXXXXXOOXXXXXXOXXXOOOOXXXXXXXXXXXXXXOOXXXXXXXXXXXOXXXOOXOOOXOOOOOOOXXXXXXXOXOXXOOOXOXOOOOXOOOOOXOXXOXOOOOOXXXXXXXXXXXXXOOXOOXXXXXOXXOOOXXOOXXXXXXXXXXXOOXOOXXXXXOOXXXXXXXXXOOOXXXXXXXXXXXXXXXXOXXXXOXXXXXXOXXXXOOOO
OOXOOXXXXXXXOXOXXOOOOXOOOXXXXOOOXOXOXXXXXXXXXXXXXXXXXXXOXXOOXXXXXXXXXXXXXXXXXXOOXXXXXXXXXXOXXXXOOOXOOOXXOOXXXXXXXXXOOOOOOXXXXOOOXXXXOXOOOOOOOXOOXOOOOXXXXXXXXXXXXOXOOXOXXXOXXXOXXXOOOXXXXXXXXXXXXOOOXXXXOXXXXXXXXXXXXOXXXXXXXXXXXXXXXXXXXXXXXXXXXXOOOOXXXOOO
OOXOXXXXXXXXOOXXXOOXOXOOOOOXOOXXOOOXXXXXXXXXXXXXXXXXXXXXXXXOOOOOXXXXXXXXXXXXXXXXXXXXXXXXXOOXXXXXXXXOOOOOOXXXXXXXXXOOOOOXOXOXOOXXXXXOOOXXXXOOOOOOXOOOOXXXXXXXXXXXXXXXOOOXXXOXXOOOOOOXXXXXXXXXXXXOOOOXXXXOOXXXXXXXXXXXXOXXXXXXXXXXXXXXXXXXXXXXXXXXXXXOXXXXXXOX
OXXXXXXXXXXXOXOXOOXOOXXOXOOOOOXXOXXXXXXXXXXXXXXXXXXXXXXXXXXXXXXOXXXXXXXXXXXXXXXXXXXXXXXXXXXXXXXXXXOOOOOOXXXXXXXXXXOXOXXXXOOOOOXXXXOOOXOOXXXOXXXOOOOOOXXXXXXXXXXXXXOOOXOOXOOOXOOOOOXXOXXXXXXXXXXXXXOOOOOOXXXXXXXXXXXXXXXXXXXXXXXXXXXXXXXXXXXXXXXXXXXOOXXXXXXX
XOXXXXXXXXXXXOOOOOXXOOXOXOXOOOOOOXXXXXXXXXXXXXXXXXXXXXXXXXXXXXXOXXXXXXXXXXXXXXXXXXXXXXXXXXXXXXXXXXXXXOXOOXXXXXXXXXXXXXXXOOOXXOXXXXOXOOOXXXXXXXXXXXOOOOOXXXXXXXXXXXOOOOOOOXOXXOOXOXOOOXXXXXXXXXXXXXXXOOXOOXXXXXXXXXXXXXXXXXXXXXXXXXXXXXXXXXXXXXXXXXXOOXXXXXXO
OOXXXXXXXXXXXXOXOXOXOOXXOOXOOOOOXXXXXXXXXXXXXXXXXXXXXXXXXXXXXXXXXXXXXXXXXXXXXXXXXXXXXXXXXXXXXXXXXXXXXXOOXOOXXXXXXXXXXXXXOOXXXOXXXXXXXOXXXXXXXXXXXXXXXXOOOXXXXXXXXXOOXXOXOXOOXXOOOOOXOOOXXXXXXXXXXXXXXXXXOOXXXXXXXXXXXXXXXXXXXXXXXXXXXXXXXXXXXXXXXXXOOOOXOOOX
OOOXXXXXXXXXXXXOOOOOOXXXOOOXOOXXXXXXXXXXXXXXXXXXXXXXXXXXXXXXXXXXXXXXXXXXXXXXXXXXXXXXXXXXXXXXXXXXXXXXXOOOOOXXXXXXXXXXXXXXXOXXXXXXXXXXXOOXXXXXXXXXXXXXXOOOXXXXXXXXXXOXXXOOXOXOXOOXOXXXXOXXXXXXXXXXXXXXXXXXXXXXXXXXXXXXXXXXXXXXXXXXXXXXXXXXXXXXXXXXXXXXXXOOOOXX
XOXXXXXXXXXXXXOOXOXXOOXXXOOOOOXXXXXXXXXXXXXXXXXXXXXXXXXXXXXXXXXXXXXXXXXXXXXXXXXXXXXXXXXXXXXXXXXXXXXXXOXOOXXXXXXXXXXXXXXXXXXXXXXXXXXXXXXXXXXXXXXXXXXXXXXOOXOXXXXXXXXXXXXOOOOOOOXOXXXXXXXXXXXXXXXXXXXXXXXXXXXXXXXXXXXXXXXXXXXXXXXXXXXXXXXXXXXXXXXXXXXXOOOXOOOO
XXXOXXXXXXXXXXXOOOXXXXXXXOOXOXXXXXXXXXXXXXXXXXXXXXXXXXXXXXXXXXXXXXXXXXXXXXXXXXXXXXXXXXXXXXXXXXXXXXXXXXXXXXXXXXXXXXXXXXXXXXXXXXXXXXXXXXXXXXXXXXXXXXXXXXXXOXOOXXXXXXXXXXXOXXXOXXOOOXXXXXXXXXXXXXXXXXXXXXXXXXXXXXXXXXXXXXXXXXXXXXXXXXXXXXXXXXXXXXXXXXXXOOXXXXOX
OXXOOXOOOXXXXXXOXOXXXXXXXOOXOXXXXXXXXXXXXXXXXXXXXXXXXXXXXXXXXXXXXXXXXXXXXXXXXXXXXXXXXXXXXXXXXXXXXXXXXXXXXXXXXXXXXXXXXXXXXXXXXXXXXXXXXXXXXXXXXXXXXXXXXXXXOOOOXXXXXXXXXXXOOXXOOOOXOXXXXXXXXXXXXXXXXXXXXXXXXXXXXXXXXXXXXXXXXXXXXXXXXXXXXXXXXXXXXXXXXXOOXOOXOXOO
XXXXOOOOOXXXOOOOOXXXXXXXXOXXXXXXXXXXXXXXXXXXXXXXXXXXXXXXXXXXXXXXXXXXXXXXXXXXXXXXXXXXXXXXXXXXXXXXXXXXXXXXXXXXXXXXXXXXXXXXXXXXXXXXXXXXXXXXXXXXXXXXXXXXXXXXOXOXXXXXXXXXXXXXXXOOOXXXXXXXXXXXXXXXXXXXXXXXXXXXXXXXXXXXXXXXXXXXXXXXXXXXXXXXXXXXXXXXXXXXXXXOOXXXOOXX
XXXXXXOXXXXXXXOXXXXXXXXXXXXXXXXXXXXXXXXXXXXXXXXXXXXXXXXXXXXXXXXXXXXXXXXXXXXXXXXXXXXXXXXXXXXXXXXXXXXXXXXXXXXXXXXXXXXXXXXXXXXXXXXXXXXXXXXXXXXXXXXXXXXXXXXXOXOOXXXXXXXXXXXXXXXOXXOOOXXXXXXXXXXXXXXXXXXXXXXXXXXXXXXXXXXXXXXXXXXXXXXXXXXXXXXXXXXXXXXXXXOOOOOOXOOO
XXXXXXOXXXXXXXXXXXXXXXXXXXXXXXXXXXXXXXXXXXXXXXXXXXXXXXXXXXXXXXXXXXXXXXXXXXXXXXXXXXXXXXXXXXXXXXXXXXXXXXXXXXXXXXXXXXXXXXXXXXXXXXXXXXXXXXXXXXXXXXXXXXXXXXXXXOOOOXXXXXXXXXXXXXXOOOXOXXXXXXXXXXXXXXXXXXXXXXXXXXXXXXXXXXXXXXXXXXXXXXXXXXXXXXXXXXXXXXXXXOOOXOOOOOOX
XOXXXXOOXXXXXXXXXXXXXXXXXXXXXXXXXXXXXXXXXXXXXXXXXXXXXXXXXXXXXXXXXXXXXXXXXXXXXXXXXXXXXXXXXXXXXXXXXXXXXXXXXXXXXXXXXXXXXXXXXXXXXXXXXXXXXXXXXXXXXXXXXXXXXXXXOOOXXXXXXXXXXXXOXXXOOXOOXXXXXXXXXXXXXXXXXXXXXXXXXXXXXXXXXXXXXXXXXXXXXXXXXXXXXXXXXXXXOOXXXXXOOXOXOXXX
OOOXXOOOXXXXXXXXXXXXXXXXXXXXXXXXXXXXXXXXXXXXXXXXXXXXXXXXXXXXXXXXXXXXXXXXXXXXXXXXXXXXXXXXXXXXXXXXXXXXXXXXXXXXXXXXXXXXXXXXXXXXXXXXXXXXXXXXXXXXXXXXXXXXXXXXXOXXXXXXXXXXXXXOOXXOXXOXXXXXXXXXXXXXXXXXXXXXXXXXXXXXXXXXXXXXXXXXXXXXXXXXXXXXXXXXXXXXXOXXOXXXXOOOXOXO
XOOOOOXOXXXXXXXXXXXXXXXXXXXXXXXXXXXXXXXXXXXXXXXXXXXXXXXXXXXXXXXXXXXXXXXXXXXXXXXXXXXXXXXXXXXXXXXXXXXXXXXXXXXXXXXXXXXXXXXXXXXXXXXXXXXXXXXXXXXXXXXXXXXXXXXXXOXXXXXXXXXXXXXXOOOOOOOXXXXXXXXXXXXXXXXXXXXXXXXXXXXXXXXXXXXXXXXXXXXXXXXXXXXXXXXXXXXXXOOOOOOXOOXXXOXO
OXXXOXXXXXXXXXXXXXXXXXXXXXXXXXXXXXXXXXXXXXXXXXXXXXXXXXXXXXXXXXXXXXXXXXXXXXXXXXXXXXXXXXXXXXXXXXXXXXXXXXXXXXXXXXXXXXOXXXXXXXXXXXXXXXXXXXXXXXXXXXXXXXXXXXXXOOXXXXXXXXXXXXXXXOOOXOOXXXXXXXOOXXXXXXXXXXXXXXXXXXXXXXXXXXXXXXXXXXXXXXXXXXXXXXXXXXXXXOOXOOOOOOOXXOXO
XXXXXXXXXXXXXXXXXXXXXXXXXXXXXXXXXXXXXXXOOXXXXXXXXXXXXXXXXXXXXXXXXXXXXXXXXXXXXXXXXXXXXXXXXXXXXXXXXXXXXXXXXXXXXXXXOOOXOXOOXXXXXXXXXXXXXXXXXXXXXXXXXXXXXXXXXXXXXXXXXXXXXXXXOOOXXOXXXOXXXOOXXXXXXXXXXXXXXXXXXXXXXXXXXXXXXXXXXXXXXXXXXXXXXXXXXOOOOOXXXXXXXOOOXOXX
XXXXXXXXXXXXXXXXXXXXXXXXXXXXXXXXXXXXXXOOXXOXXXXXXXXXXXXXXXXXXXXXXXXXXXXXXXXXXXXXXXXXXXXXXXXXXXXXXXXXXXXXXXXXXXOXXOOXOXOOXXXXXXXXXXXXXXXXXXXXXXXXXXXXXXXXXXXXXXXXXXXXXXXXXXXXOOXOOOOXOOXXXXXXXXXXXXXXXXXXXXXXXXXXXXXXXXXXXXXXXXXXXXXXXXXXXXOXXOOXXXXXXXXOXOOO
OXOXXXXXXXXXXXXXXXXXOXXXXXXXXOXXXXOXOOXOOOOOXXXXXXXXXXXXXXXXXXXXXXXXXXXXXXXXXXXXXXXXXXXXXXXXXXXXXXXXXXXXXXXXXXOOXXOOOOOXXXXXXXXXXXXXXXXOXXXXXXXXXXXXXXXXXXXXXXXXXXXXXXXOOOOOOXOOXXOOOXXXXXXXXXXXXXXXXXXXXXXXXXXXXXXXXXXXXXXXXXXXXXXXXXXXXXOXOOXXXXXXXXXOOOOO
OOOXXXXXXXXXXXXXXXXXOXXXXXXXXOOXOOOOOOOOOXOOOXXXXXXXXXXXXXXXXXXXXXXXXXXXXXXXXXXXXXXXXXXXXXXXXXXXXXXXXXXXXXXXXOOOXOOOXOXXXXXXXOXXXXXXXXOOXXXXXXXXXXXXXXXXXXXXXXXXXXXXXXXXXXOOXXXOXOOOXXXXXXXXXXXXXXXXXXXXXXXXXXXXXXXXXXXXXXXXXXXXXXXXXXXXXXXXXXXXXXXXXXXXOOXO
OXOOXXXXXXXXXXXXXXXOOXXOXXXXXXOOOXXOXXOOXXXOOOXXXXXXXXXXXXXXXXXXXXXXXXXXXXXXXXXXXXXXXXXXXXXXXXXOXXXXXXXXXXXXXOXXXOOOXOOXXXXXOOOXXXXXXXOXXXXXXXXXXXXXXXXXXXXXXXXXXXXXXXXXXXXOXXXOXOOOXXXXOOXOOXXXXXXXXXXXXXXXXXXXXXXXXXXXXXXXXXXXXXXXXXXXXXXXXXXXXXXXXXXXXOOX
OOXOXXXXXXXXXXXXXXOXOOOOXXXXXXXXOXOOOXOXXXXOOOOXXXXXXXXXXXXXXXXXXXXXXOOXXXXXXXXXXXXXXXXXXXXXOXXOOXXXXXXXXXXXXOOOOOOOOOOXXXXXOXXXXXXXOOOOXXXXXXXXXXXXXXXXXXXXXXOOOOOXXXXXXXOOOXOOXXXOOXOOOOOXOOXXXXXXXXXXXXXXXXXXXXXXXXXXXXXXXXXXXXXXXXXXXXXXXXXXXXXXXXXXXOXX
XXOOXXXXXXXXXXXXXXOXOOOOOXXXXXXXXXXXOXXXOXXOOOOOOOXXXXXXXXXXXXXXXXXXXXOOXXXXXXXXXXXXXXXXXXXXOOXXOXXXXXXXXXXXXXXOXXOOXOOXXXXOOOXXXXXXXXOOOXXOOXXXXXXXXXXXXXXXXXOOXOXXXXXXXXXOOOOOXXXXOOOOOOXOOOXXXXXXXXXXXXXXXXXXXXXXXXXXXXXXXXXXXXXXXXXXXXXXXXXXXXXXXXXXXOXO
OXXOOXXXXXXXXXXXXOOOOOXXOOXXXXXXXXOXOXOOOOXOOOOXXOOXXXXXXXXXXXXXXXXXXXXOXXXXXXXXXXXXXXXXXXXXOOOOOOOXOXXXXXXXXXXXOXOXXOOXOXOOXOXXXXXOXOOOOOOOOOOOXXXXXXXXXXXXOOXXOOOXXXXXXXXXXOOXXXXOOXOOOXXOOOOXXXXXXXXXXXXXXXXXXXXXXXXXXXXXXXXXXXXXXXXXXXXXXXXXXXXXXXXXXXXX
OOOXOXXXXXXXXXXXXXOOOOOOOOXXXXXXOOOXOOOOXOXXOOXOOOXXXXXXXXXXXXXXXXXXXXOOOXXXXXXXXXXXXXXOXOOOXXOXXXOOOOXXXXXXXXXOOOOXOOOOOOOXOXXXXXXOXXXXOOXXOOOOXOOXXXXXXXXOOOOOOOOXXXXXXXXOOOXXOXXOOXOXXXXOOOXXXXXXXXXXXXXXXXXXXXXXXXXXXXXXOOXXXXXXXXXXXXXXXXXXXXXXXXXXXXXX
XXOOXXXXXXXXXXXXXXXOOXXXOOOOXOOOOOXOOOXXXOOXOXXXXOOXXXXXXXXXXXXXXXOXOOOXXOOXXXXXXOXXXXXOOOOOOXOXOOOXOXXXXXXXXXXXOOXXXXOOOOOXOXXXXXXOOOXXXOXXOXXOXXOOXXXXXXXOOXOOOOXXXXXXXXXXOXXXOOOOOXOXXXXXXOOXXXOXXXXXXXXXXXXXXXXXXXXXXXXXOXOOXXXXXXXXXXXXXXXXXXXXXXXXXXXO
XXXXXXXXXXXXXXOXXXOXOOXOXOXXXOOOOOXOXOXXXXXOOXXXXOXXXXXXXXXXXXXXXOOOOOXXXXOOOOXXXOXXXXXXOXOOOXOXOOXOOOXXXXXXXXXXOXXXXXOXOXOOOXXXOOOOOXXXXOOXOXXOXXXOXXOOXOXOXXXOXXXXXXXXXXXXXOXOXOXOOXOOOXXXXOXXOOOXXXXXXXOXXXXXXXXXXXXXXXXXOOXOXXXXXXXXXXXXXXXXXXXXXXXXOXXX
XXXXXXXXXXXXOOOXXOOOOXOOXOXXXXOOOOOXXOXXXXXXXXXXXOXXOXXXXOXXXXXXOOXOOOXOOOOXXOXOOOOOOOXXOXXOOXOXXOXOOXXXXXXXXXXOOXXXXXXOOOOXXXXXXXXOOOXXXXXXOOOOOXOOXOOXOOOOOXOOXXXXXXXXXXXOOOOOOXXXOXOXOXXXOOOXOOXXXXXOXOOXXXXXXXXOXXXXXXXOOOOOOXXXXOXXXXXXXXXXXXXXXXXOOOOO
XXXXXXXXXXXXXOXXXOXOOOOOOOOXXXXXOOOOOOXXXXXXXXXXXXXOOXXXXOXXXXXXOXXOXXXOXOOXXXXXXXOOXOXOOXOXOOOXXOXXXXXXXXXXXXXXOXXXXXXXOXXXXXXXOXOOXOOXXXXXXXOOOXOXOOOXOOOOOXOOOOOXXXXXXXOOXOXOOOXXXOOOXOXXOXXOOOXOXOOOOXOOXXXXOXOOOOOXOXOOOOOXXXXOXOXXXXXXXXXOXOXXXXOOOXXX
XXXOOXXXXOOXOOXXOOXXXOXXOXOXXOXOOOOXOXXOXOXXOXXOXOOOXOOXXOOXOXOOXXOOXOOXOXOOOOXXXOXXOOOOOXOXXXOXXOXOOOXOXOXXXOOXXXXXXXOOOXOXOXXOOOOOXXOOXXOOXOXXOXOXXXOOXXOXOXXXOXOOXXXXXXXXXOOOXXXXXOOOXOOXOOOOOXXOOOOXOXOOOXXXOOXXOOOOOOXXOOOOXXXOXOXXXXOOXOXOOOXXOOXXXXXO
