OOOXXXXXOXX
XOXXXXXXXXX
XOOXXXXXXXX
OOXXXXXXXXX
XOOXOOXXOXO
OXOOOOOOOOO
XXOOXXOOOXX
XXOXOOOOXXO
OOOXXOXXOXO
OXOXXOXXOOO
XXXXOOXXOOO
OXOOOOOOXXX
XXXOXOOOOXO
XXOOOOOXXXX
OXOOXOXXXXX
OXOXXOXXXXO
OXOXXXXXXXX
OOXXXXXXXOO
XOXXXXXXXOO
XOXXXXXXXXX
OXXXXXXXXXX
OOXXXXXXXXX
OOXOOOXXXXX
XOXOOXXOXXO
XOOOOXOOXXO
OOOOXXOOXXO
XXXXXXOXOXX
XXXXXXOOOOX
XXXXXXXXXOX
OXXXXXXXXOO
OXXXXXXXOOO
XXXXXXXXOOO
XXXXXXXXXXO
XXXXXXXXXXX
OXXXXXXXXXO
OOOOXXXXXXX
OXOOOXXXXXX
XXXXOXXXXXO
OOOOOOXXXXX
OOXXXOXXXXX
XXXXXOOXXXO
OOXXXXXXXXO
OOXXXXXXXOX
OOOXXOOXXOX
OXXXXOOOOOO
OOOXXOXOOXX
OXOXOOOOOXX
OOXXXXOOXXX
XXXXOOOXXXX
OXXOXOOXXXO
XXXOOOOXXXX
OOOXXOOOXXO
OOOXOXOXXXX
XOOXOXOOXXX
OOOOOXXXXXO
OOXOXXXXXOO
XOOOXXXXOXO
XXXOXXXOOOX
OOOOXXXOXOX
OOXOXXOOXOO
XXOOXOOXXOX
OXXOOOOOXOX
XXXXXOOXXOO
XOOXOOOOOXX
OXOOOXOOXXX
XOXXXOOOXXX
OOXXOOOXXXX
XXXXXXXXXXX
OXXXXXXXOXO
OOXXXOOOOOX
XOOXOOXOOXO
XOXXOOOXXXX
OOOOOOXXXXO
XXOXOOOXXXX
XXXOOXXXXXO
OXXXXXXXOOX
OOXXOOXOOXO
XOOOOOOOOXO
OOXOOOOXXOO
OOXOOXXOOOX
OOOXXXOXOXX
OOOXXXOOOOX
OXOXXOOXXXO
XXXOOXOOOXX
XXXOOOXOXXX
XOOOOOXOXOO
XOOOXOOXXXX
OOOXXXXXXXO
XXXXXXXXXXO
XXXXXXXXXOX
XXXXXXXXXOO
XXXXXXXXOOO
XXXXXXXXOXO
XXXXXXOOXXX
XXXXXXXOXXO
XXXXOXXOXXO
OOXOOOOOOXX
OOOOXOOXXXX
OXOXOOOXXXX
XOOXXOXXXXO
XOXXXXXXXXX
XXXXXXXXXXX
OXXXXXXXXXO
OOXXXXXXXXX
XXOOXXXXXXO
XXOOOXOOXOX
OOOOOOXOXOX
OOOOOOOOXOO
OXOOXOOOOXX
OXOOXOXOXOO
OOXXXOXOXOO
XOOXXXOOXOX
XXOXXXXOOOO
XXOXXXXXOXX
OOOOXXXOOXX
XOOOXXXOOOX
OXOOOOOOOXX
OXOOOOOXXXO
OOXOOOOXOOO
OOOXXOOOXXX
XXOOOOXOXOX
OOOXOXOOXOO
OOOXOXXXXXO
OXXOXXXXXOO
XXXOXXXXOOX
XOXOOXOOOXX
XOXXOXXXXXX
XOOOOOOXXXX
XXXXOOOXXXX
XOXOOOOXXOX
OOOOXOOXXOO
OXOOXXOXXXO
XOOXOOOXXXX
OOXXXOXXXXX
XXOXOOXXXXX
OOOOOOXXXXX
OXOXOOXXXXX
OXXXXXOXXXX
OXXXXXOXXXO
OOXXXXOOOXX
OXXXXXXXOOO
XXXXXOOOOOX
XXXXXOXOOOX
XXXXOXXXOOX
XXOOOOOXXOO
OXOXOXOXXXX
XXOOXXXXXXO
OOOXXXXXXXX
XOXXXXXXXOO
OXXXXXXXXXO
OOXXXXXXXXX
OXXXXXXXXXO
XXXXXXXXOOO
OXXXXXXXXOO
XXXXXXXXXXO
XXXXXXXXXXO
XXXXXXXXXOO
XXXXXXXXOXO
OXXXXXXXOXO
XXXXXXXXOOO
OOOXXXXXXXX
OOXXXXXXXXX
XXXXXXXXXXX
OOXXOXOXOOO
OOOOOXOOOXX
OXXXXXOXOXX
XXXXXOOOXXX
XXXXXOXXXXO
XXXXOOOXXXX
OXXXXOOXXXX
OXXXOOXXXXO
XXXXOXXXXOX
OXXXOOOOOOO
XXXXXOXOOXO
OXXXXXXOXXX
OXXXXXXOOXO
OXXXXXXXXXO
XXXOXXOOXXO
XXOOOOOOOOX
